# Server version 0.08 running on 192.168.2.221:8123
# Game ID: 275
# Board class: Saboteur.SaboteurBoard
# Timeout: 2000
# First Move Timeout: 30000
# Date: Sat Apr 11 20:15:53 EDT 2020
# Player 1: Player-0, '260729564', running on 127.0.0.1
# Player 2: Player-1, 'RandomPlayer', running on 127.0.0.1
START Player-0 260729564
START Player-1 RandomPlayer
BoardInit:Tile:6,Malus,Tile:10,Tile:11,Tile:4,Destroy,Tile:5,Tile:1,Tile:8,Tile:12,Bonus,Tile:0,Tile:6,Destroy,Tile:10,Tile:7,Bonus,Tile:8,Tile:8,Tile:9,Malus,Tile:9,Tile:10,Tile:9,Destroy,Tile:7,Tile:3,Tile:8,Tile:2,Tile:0,Tile:5,Tile:0,Map,Tile:14,Map,Tile:9,Tile:13,Map,Tile:0,Tile:9,Map-Bonus,Tile:5,Tile:5,Tile:6,Tile:7,Tile:7,Tile:15-Map,Tile:7,Tile:6,Map,Tile:6,Tile:8,Bonus-Tile:nugget,Tile:hidden2,Tile:hidden1
Tile:7_flip 5 6 1
Map 12 3 0
Tile:7_flip 4 5 1
Malus 0 0 0
Drop 4 0 1
Tile:8 5 4 0
Drop 3 0 1
Tile:6 6 4 0
Drop 5 0 1
Tile:6 7 4 0
Bonus 0 0 1
Tile:7 8 4 0
Tile:8 4 4 1
Tile:0 6 5 0
Tile:5 5 3 1
Drop 0 0 0
Tile:5 3 4 1
Tile:7_flip 8 5 0
Drop 3 0 1
Tile:8 9 5 0
Tile:5 9 4 1
Tile:9_flip 10 4 0
Tile:8 7 3 1
Tile:9 10 3 0
Drop 5 0 1
Tile:9 10 2 0
Tile:6_flip 11 3 1
GAMEOVER WINNER 1
# Game ended: Sat Apr 11 20:15:53 EDT 2020
