# Server version 0.08 running on 192.168.2.221:8123
# Game ID: 688
# Board class: Saboteur.SaboteurBoard
# Timeout: 2000
# First Move Timeout: 30000
# Date: Sat Apr 11 21:06:20 EDT 2020
# Player 1: Player-0, 'RandomPlayer', running on 127.0.0.1
# Player 2: Player-1, '260729564', running on 127.0.0.1
START Player-0 RandomPlayer
START Player-1 260729564
BoardInit:Tile:3,Tile:6,Tile:10,Tile:0,Tile:9,Tile:8,Tile:8,Tile:5,Tile:7,Tile:8,Tile:6,Tile:7,Tile:14,Tile:10,Tile:15,Tile:5,Bonus,Map,Tile:6,Tile:7,Tile:5,Tile:10,Tile:8,Map,Map,Destroy,Tile:6,Bonus,Bonus,Destroy,Tile:7,Malus,Tile:0,Tile:1,Map,Tile:5,Tile:9,Tile:0,Tile:9,Tile:4,Map-Map,Bonus,Tile:2,Tile:13,Malus,Tile:12,Tile:9-Tile:8,Tile:9,Tile:6,Destroy,Tile:0,Tile:7,Tile:11-Tile:nugget,Tile:hidden1,Tile:hidden2
Map 12 3 1
Tile:6 5 6 0
Malus 0 0 1
Drop 1 0 0
Tile:9_flip 6 5 1
Drop 0 0 0
Tile:10 6 4 1
Destroy 6 4 0
Tile:8 6 4 1
Drop 1 0 0
Tile:9_flip 7 4 1
Drop 4 0 0
Tile:6_flip 7 3 1
Drop 0 0 0
Tile:7 8 3 1
Drop 0 0 0
Drop 1 0 1
Drop 5 0 0
Drop 1 0 1
Drop 3 0 0
Tile:6_flip 6 3 1
Map 12 7 0
Tile:5 5 4 1
Drop 0 0 0
Tile:8 6 6 1
Drop 4 0 0
Drop 1 0 1
Destroy 7 4 0
Tile:6 8 4 1
Drop 6 0 0
Drop 1 0 1
Drop 0 0 0
Tile:7 9 4 1
Drop 6 0 0
Tile:0 7 6 1
Destroy 5 4 0
Drop 1 0 1
Drop 2 0 0
Tile:9 9 5 1
Map 12 5 0
Tile:9_flip 10 5 1
Drop 2 0 0
Drop 1 0 1
Drop 1 0 0
Drop 1 0 1
Drop 3 0 0
Drop 1 0 1
Drop 0 0 0
Drop 1 0 1
Drop 2 0 0
Drop 1 0 1
Drop 0 0 0
Drop 1 0 1
Drop 0 0 0
Drop 0 0 1
GAMEOVER DRAW
# Game ended: Sat Apr 11 21:06:20 EDT 2020
