# Server version 0.08 running on 192.168.2.221:8123
# Game ID: 598
# Board class: Saboteur.SaboteurBoard
# Timeout: 2000
# First Move Timeout: 30000
# Date: Sat Apr 11 20:57:50 EDT 2020
# Player 1: Player-0, 'RandomPlayer', running on 127.0.0.1
# Player 2: Player-1, '260729564', running on 127.0.0.1
START Player-0 RandomPlayer
START Player-1 260729564
BoardInit:Tile:9,Tile:13,Tile:1,Tile:9,Map,Tile:5,Destroy,Tile:7,Tile:8,Malus,Tile:6,Malus,Destroy,Tile:6,Destroy,Tile:11,Tile:9,Tile:10,Bonus,Tile:7,Tile:8,Tile:12,Tile:2,Tile:5,Tile:6,Tile:10,Tile:0,Tile:7,Tile:7,Tile:6,Bonus,Tile:14,Tile:6,Tile:0,Map,Tile:4,Tile:9,Tile:8,Tile:7,Map,Tile:5-Map,Bonus,Bonus,Tile:15,Tile:5,Map,Tile:8-Tile:3,Tile:9,Tile:0,Tile:10,Tile:8,Map,Tile:0-Tile:hidden1,Tile:hidden2,Tile:nugget
Map 12 3 1
Tile:0 6 5 0
Map 12 5 1
Tile:10 5 4 0
Tile:8 7 5 1
Tile:9_flip 8 5 0
Tile:9 8 6 1
Tile:3_flip 4 5 0
Tile:5_flip 9 6 1
Map 12 7 0
Tile:8 8 7 1
Tile:9_flip 5 3 0
Tile:6_flip 9 7 1
Tile:8 8 8 0
Drop 1 0 1
Tile:6 9 8 0
Drop 1 0 1
Tile:11 9 5 0
Tile:9_flip 10 8 1
Malus 0 0 0
Bonus 0 0 1
Tile:13 5 6 0
Tile:8 10 7 1
Tile:7 7 4 0
Drop 0 0 1
Tile:5 7 8 0
Tile:6 11 7 1
GAMEOVER WINNER 1
# Game ended: Sat Apr 11 20:57:50 EDT 2020
