# Server version 0.08 running on 192.168.2.221:8123
# Game ID: 1400
# Board class: Saboteur.SaboteurBoard
# Timeout: 2000
# First Move Timeout: 30000
# Date: Sat Apr 11 22:04:47 EDT 2020
# Player 1: Player-0, 'RandomPlayer', running on 127.0.0.1
# Player 2: Player-1, '260729564', running on 127.0.0.1
START Player-0 RandomPlayer
START Player-1 260729564
BoardInit:Tile:9,Tile:12,Tile:7,Map,Tile:4,Bonus,Tile:10,Tile:5,Tile:6,Tile:13,Destroy,Tile:7,Destroy,Tile:5,Tile:5,Tile:8,Tile:15,Bonus,Tile:6,Map,Tile:0,Tile:3,Tile:10,Tile:10,Bonus,Tile:8,Map,Tile:6,Malus,Tile:9,Tile:0,Tile:1,Tile:7,Tile:9,Tile:5,Tile:7,Tile:6,Tile:9,Tile:0,Destroy,Tile:6-Tile:14,Tile:11,Tile:8,Map,Bonus,Map,Tile:0-Tile:8,Tile:7,Malus,Map,Tile:9,Tile:2,Tile:8-Tile:hidden2,Tile:nugget,Tile:hidden1
Map 12 3 1
Map 12 5 0
Map 12 5 1
Tile:2_flip 5 6 0
Tile:8 6 5 1
Tile:7_flip 4 6 0
Tile:9_flip 7 5 1
Tile:8 7 6 0
Tile:0 8 6 1
Tile:9_flip 9 6 0
Tile:6_flip 9 5 1
Tile:5_flip 7 7 0
Tile:7 10 5 1
Tile:7_flip 6 7 0
Tile:10 10 6 1
Tile:5 4 5 0
Tile:5 7 4 1
Drop 0 0 0
Drop 0 0 1
Tile:13 6 6 0
Tile:6_flip 8 4 1
Tile:8 9 7 0
Tile:0 9 4 1
Tile:3_flip 9 8 0
Tile:10 6 4 1
Map 12 7 0
Drop 0 0 1
Tile:8 6 3 0
Drop 1 0 1
Tile:12 7 3 0
Malus 0 0 1
Bonus 0 0 0
Tile:0 10 4 1
Map 12 3 0
Tile:7 11 4 1
Tile:9_flip 6 2 0
Tile:5 8 7 1
Tile:10 11 5 0
Tile:6_flip 5 3 1
Tile:8 6 1 0
Tile:0 7 1 1
Tile:6 10 8 0
Tile:6_flip 8 1 1
Destroy 6 6 0
Destroy 11 5 1
Tile:9_flip 5 4 0
Drop 2 0 1
Tile:7_flip 11 5 0
GAMEOVER WINNER 0
# Game ended: Sat Apr 11 22:04:48 EDT 2020
