# Server version 0.08 running on 192.168.2.221:8123
# Game ID: 1342
# Board class: Saboteur.SaboteurBoard
# Timeout: 2000
# First Move Timeout: 30000
# Date: Sat Apr 11 22:00:47 EDT 2020
# Player 1: Player-0, 'RandomPlayer', running on 127.0.0.1
# Player 2: Player-1, '260729564', running on 127.0.0.1
START Player-0 RandomPlayer
START Player-1 260729564
BoardInit:Tile:0,Tile:8,Tile:10,Tile:9,Tile:0,Map,Malus,Tile:6,Map,Tile:3,Bonus,Tile:7,Destroy,Tile:7,Tile:6,Tile:13,Tile:15,Destroy,Map,Tile:14,Tile:0,Map,Tile:8,Tile:6,Tile:7,Bonus,Tile:4,Tile:9,Tile:5,Tile:7,Tile:10,Tile:8,Tile:9,Map,Tile:9,Tile:8,Tile:1,Bonus,Tile:9,Malus,Tile:5-Tile:6,Tile:5,Tile:5,Tile:7,Tile:2,Tile:11,Tile:8-Destroy,Bonus,Tile:12,Tile:10,Tile:6,Tile:0,Map-Tile:hidden2,Tile:nugget,Tile:hidden1
Tile:8 6 5 1
Tile:6 5 6 0
Tile:6 7 5 1
Destroy 5 6 0
Tile:0 8 5 1
Tile:8 6 4 0
Tile:0 9 5 1
Tile:9_flip 7 4 0
Malus 0 0 1
Map 12 3 0
Map 12 3 1
Drop 1 0 0
Tile:5_flip 10 5 1
Drop 6 0 0
Tile:10 10 4 1
Map 12 5 0
Tile:6_flip 10 3 1
Drop 1 0 0
Tile:7_flip 6 6 1
Destroy 7 4 0
Map 12 5 1
Drop 2 0 0
Tile:0 11 3 1
Map 12 7 0
Tile:8 12 4 1
GAMEOVER WINNER 1
# Game ended: Sat Apr 11 22:00:48 EDT 2020
