# Server version 0.08 running on 192.168.2.221:8123
# Game ID: 1220
# Board class: Saboteur.SaboteurBoard
# Timeout: 2000
# First Move Timeout: 30000
# Date: Sat Apr 11 21:39:41 EDT 2020
# Player 1: Player-0, 'RandomPlayer', running on 127.0.0.1
# Player 2: Player-1, '260729564', running on 127.0.0.1
START Player-0 RandomPlayer
START Player-1 260729564
BoardInit:Tile:12,Destroy,Map,Tile:3,Malus,Bonus,Tile:8,Tile:9,Tile:13,Tile:7,Tile:8,Tile:4,Tile:5,Tile:10,Bonus,Tile:1,Map,Tile:14,Tile:10,Tile:5,Destroy,Tile:2,Tile:9,Tile:7,Tile:7,Tile:11,Tile:5,Tile:6,Tile:9,Malus,Tile:0,Map,Map,Tile:5,Tile:7,Tile:10,Tile:6,Tile:9,Tile:6,Destroy,Map-Tile:0,Tile:8,Bonus,Tile:6,Tile:7,Tile:0,Tile:15-Tile:8,Tile:0,Tile:9,Bonus,Tile:6,Map,Tile:8-Tile:hidden2,Tile:nugget,Tile:hidden1
Tile:8 6 5 1
Tile:9 4 5 0
Tile:0 7 5 1
Map 12 7 0
Map 12 3 1
Drop 2 0 0
Malus 0 0 1
Drop 2 0 0
Tile:8 8 5 1
Drop 6 0 0
Tile:6 9 5 1
Drop 3 0 0
Tile:8 10 5 1
Bonus 0 0 0
Tile:0 11 5 1
GAMEOVER WINNER 1
# Game ended: Sat Apr 11 21:39:41 EDT 2020
