# Server version 0.08 running on 192.168.2.221:8123
# Game ID: 667
# Board class: Saboteur.SaboteurBoard
# Timeout: 2000
# First Move Timeout: 30000
# Date: Sat Apr 11 21:04:59 EDT 2020
# Player 1: Player-0, '260729564', running on 127.0.0.1
# Player 2: Player-1, 'RandomPlayer', running on 127.0.0.1
START Player-0 260729564
START Player-1 RandomPlayer
BoardInit:Bonus,Tile:7,Tile:7,Tile:6,Tile:9,Tile:5,Tile:4,Tile:8,Destroy,Tile:5,Tile:6,Tile:14,Destroy,Map,Tile:12,Tile:5,Bonus,Tile:10,Map,Tile:0,Tile:10,Tile:5,Tile:15,Destroy,Tile:8,Map,Tile:2,Map,Tile:0,Malus,Tile:7,Bonus,Tile:8,Tile:13,Tile:6,Malus,Tile:9,Tile:0,Tile:9,Tile:7,Tile:10-Tile:3,Tile:1,Tile:0,Tile:9,Tile:6,Tile:7,Tile:8-Map,Bonus,Tile:9,Tile:8,Tile:6,Map,Tile:11-Tile:hidden1,Tile:nugget,Tile:hidden2
Tile:9 4 5 1
Map 12 3 0
Tile:3 4 4 1
Map 12 5 0
Tile:6_flip 3 4 1
Tile:8 6 5 0
Tile:9 5 4 1
Tile:6 7 5 0
Tile:7_flip 5 6 1
Tile:8 8 5 0
Tile:4 8 4 1
Tile:6 9 5 0
Tile:6_flip 5 3 1
Tile:9_flip 10 5 0
Tile:7_flip 2 4 1
Tile:7_flip 10 6 0
Destroy 8 4 1
Tile:5_flip 11 6 0
Drop 1 0 1
Tile:10 10 4 0
Destroy 4 5 1
Tile:5 11 5 0
GAMEOVER WINNER 0
# Game ended: Sat Apr 11 21:05:00 EDT 2020
