# Server version 0.08 running on 192.168.2.221:8123
# Game ID: 31
# Board class: Saboteur.SaboteurBoard
# Timeout: 2000
# First Move Timeout: 30000
# Date: Sat Apr 11 15:56:51 EDT 2020
# Player 1: Player-0, 'RandomPlayer', running on 127.0.0.1
# Player 2: Player-1, '260729564', running on 127.0.0.1
START Player-0 RandomPlayer
START Player-1 260729564
BoardInit:Tile:0,Tile:6,Tile:5,Tile:6,Tile:8,Tile:7,Bonus,Bonus,Tile:9,Bonus,Malus,Tile:7,Tile:5,Tile:5,Tile:1,Tile:10,Tile:4,Tile:8,Tile:10,Malus,Destroy,Tile:10,Tile:11,Tile:6,Tile:0,Tile:7,Tile:9,Tile:14,Tile:7,Tile:8,Map,Tile:9,Map,Tile:12,Tile:9,Tile:15,Tile:8,Tile:7,Tile:13,Tile:6,Tile:6-Map,Tile:9,Tile:5,Destroy,Map,Bonus,Tile:8-Map,Tile:0,Destroy,Tile:0,Map,Tile:3,Tile:2-Tile:hidden1,Tile:hidden2,Tile:nugget
Map 12 3 1
Map 12 3 0
Map 12 5 1
Tile:0 6 5 0
Tile:0 7 5 1
Tile:2 5 4 0
Tile:9_flip 8 5 1
Drop 6 0 0
Tile:8 5 6 1
Tile:6_flip 4 4 0
Tile:8 4 5 1
Tile:3_flip 8 6 0
Drop 6 0 1
Destroy 7 5 0
Tile:5_flip 6 4 1
Tile:6 3 5 0
Tile:9 5 7 1
Drop 1 0 0
Tile:5_flip 6 7 1
Tile:7_flip 2 5 0
Tile:10 5 8 1
Tile:8 7 5 0
Tile:5 8 4 1
Tile:5_flip 7 6 0
Drop 3 0 1
Tile:6 4 6 0
Tile:0 9 4 1
Drop 3 0 0
Tile:9_flip 10 4 1
Tile:7 2 4 0
Tile:7_flip 10 5 1
Tile:14 11 5 0
Drop 3 0 1
Tile:9 3 4 0
Drop 4 0 1
Drop 2 0 0
Tile:9 5 9 1
Drop 3 0 0
Tile:8 1 4 1
Tile:7 6 9 0
Drop 4 0 1
Tile:0 9 6 0
Tile:6_flip 10 6 1
Tile:12 11 6 0
Drop 4 0 1
Tile:8 0 4 0
Drop 4 0 1
Tile:6_flip 1 3 0
Destroy 5 8 1
Tile:15 6 3 0
Destroy 0 4 1
Malus 0 0 0
Bonus 0 0 1
Drop 0 0 0
Drop 0 0 1
GAMEOVER DRAW
# Game ended: Sat Apr 11 15:56:52 EDT 2020
