# Server version 0.08 running on 192.168.2.221:8123
# Game ID: 936
# Board class: Saboteur.SaboteurBoard
# Timeout: 2000
# First Move Timeout: 30000
# Date: Sat Apr 11 21:21:21 EDT 2020
# Player 1: Player-0, 'RandomPlayer', running on 127.0.0.1
# Player 2: Player-1, '260729564', running on 127.0.0.1
START Player-0 RandomPlayer
START Player-1 260729564
BoardInit:Tile:14,Bonus,Malus,Tile:7,Tile:9,Bonus,Tile:7,Tile:13,Tile:0,Bonus,Map,Tile:6,Tile:9,Tile:5,Tile:0,Tile:5,Tile:0,Tile:5,Tile:12,Tile:11,Destroy,Tile:8,Tile:1,Bonus,Malus,Tile:7,Tile:6,Tile:9,Tile:6,Tile:9,Tile:4,Tile:10,Tile:8,Tile:5,Tile:8,Map,Tile:7,Map,Tile:0,Tile:6,Tile:2-Tile:9,Destroy,Tile:8,Map,Destroy,Map,Tile:15-Tile:10,Tile:8,Tile:3,Tile:6,Tile:10,Map,Tile:7-Tile:nugget,Tile:hidden2,Tile:hidden1
Map 12 3 1
Map 12 5 0
Tile:8 5 4 1
Tile:6_flip 4 4 0
Malus 0 0 1
Drop 4 0 0
Tile:9_flip 6 4 1
Drop 5 0 0
Tile:9 6 3 1
Drop 0 0 0
Tile:0 7 3 1
Drop 1 0 0
Tile:7 8 3 1
Drop 4 0 0
Tile:9 8 4 1
Bonus 0 0 0
Tile:0 9 4 1
Tile:5_flip 5 6 0
Tile:0 10 4 1
Tile:8 4 5 0
Drop 2 0 1
Tile:10 5 3 0
Drop 2 0 1
Tile:5 3 4 0
Drop 2 0 1
Tile:5_flip 8 5 0
Malus 0 0 1
Drop 3 0 0
Tile:6_flip 11 4 1
Drop 4 0 0
Tile:6_flip 12 4 1
Drop 4 0 0
Destroy 12 4 1
Drop 6 0 0
Tile:8 12 4 1
GAMEOVER WINNER 1
# Game ended: Sat Apr 11 21:21:22 EDT 2020
