# Server version 0.08 running on 192.168.2.221:8123
# Game ID: 134
# Board class: Saboteur.SaboteurBoard
# Timeout: 2000
# First Move Timeout: 30000
# Date: Sat Apr 11 16:21:07 EDT 2020
# Player 1: Player-0, 'RandomPlayer', running on 127.0.0.1
# Player 2: Player-1, '260729564', running on 127.0.0.1
START Player-0 RandomPlayer
START Player-1 260729564
BoardInit:Bonus,Tile:9,Tile:8,Tile:10,Tile:9,Tile:8,Bonus,Tile:15,Map,Tile:8,Tile:12,Tile:6,Map,Tile:7,Map,Tile:1,Tile:7,Tile:8,Tile:10,Tile:9,Tile:5,Tile:0,Tile:0,Tile:6,Bonus,Tile:13,Tile:7,Tile:0,Tile:6,Tile:9,Tile:4,Malus,Tile:14,Tile:9,Tile:8,Tile:5,Tile:11,Tile:3,Tile:5,Destroy,Tile:2-Tile:5,Map,Tile:7,Destroy,Tile:6,Map,Tile:10-Tile:7,Malus,Destroy,Tile:6,Bonus,Tile:0,Map-Tile:hidden1,Tile:nugget,Tile:hidden2
Map 12 3 1
Tile:0 6 5 0
Map 12 5 1
Drop 1 0 0
Tile:8 7 5 1
Drop 2 0 0
Tile:9_flip 8 5 1
Drop 6 0 0
Tile:10 8 4 1
Tile:9_flip 5 6 0
Tile:6 8 6 1
Map 12 3 0
Tile:5_flip 9 6 1
Tile:10 5 7 0
Tile:7_flip 7 6 1
Tile:7 5 4 0
Drop 2 0 1
Tile:7_flip 4 6 0
Tile:7_flip 5 8 1
Tile:8 4 4 0
Tile:10 9 5 1
Tile:8 4 5 0
Tile:5 9 4 1
Destroy 8 6 0
Tile:0 6 8 1
Tile:6_flip 4 3 0
Drop 2 0 1
Drop 3 0 0
Tile:7 7 8 1
Tile:0 5 3 0
Tile:6 8 6 1
Tile:13 6 3 0
Drop 2 0 1
Tile:6_flip 7 3 0
Drop 2 0 1
Tile:9 3 3 0
Tile:8 10 4 1
Tile:9_flip 10 3 0
Drop 2 0 1
Tile:3 8 3 0
Tile:5_flip 11 4 1
Destroy 6 3 0
Drop 2 0 1
Tile:1 3 5 0
Drop 2 0 1
Tile:15 7 4 0
Drop 2 0 1
Tile:5 11 3 0
Destroy 11 3 1
Tile:0 2 5 0
Drop 1 0 1
Malus 0 0 0
Bonus 0 0 1
Drop 0 0 0
Drop 0 0 1
GAMEOVER DRAW
# Game ended: Sat Apr 11 16:21:08 EDT 2020
