# Server version 0.08 running on 192.168.2.221:8123
# Game ID: 409
# Board class: Saboteur.SaboteurBoard
# Timeout: 2000
# First Move Timeout: 30000
# Date: Sat Apr 11 20:34:36 EDT 2020
# Player 1: Player-0, '260729564', running on 127.0.0.1
# Player 2: Player-1, 'RandomPlayer', running on 127.0.0.1
START Player-0 260729564
START Player-1 RandomPlayer
BoardInit:Tile:5,Destroy,Tile:9,Tile:8,Tile:0,Tile:12,Bonus,Tile:2,Tile:8,Tile:1,Tile:6,Tile:9,Tile:4,Tile:14,Tile:5,Tile:6,Map,Tile:9,Bonus,Tile:10,Destroy,Tile:6,Bonus,Tile:8,Tile:3,Tile:9,Bonus,Malus,Tile:15,Tile:11,Tile:0,Map,Tile:7,Map,Tile:10,Tile:9,Map,Malus,Tile:6,Tile:7,Destroy-Map,Tile:0,Tile:10,Tile:7,Tile:6,Tile:5,Tile:7-Map,Tile:13,Tile:0,Tile:8,Tile:8,Tile:5,Tile:7-Tile:nugget,Tile:hidden2,Tile:hidden1
Tile:5_flip 5 6 1
Map 12 3 0
Tile:7_flip 4 5 1
Tile:8 5 4 0
Drop 2 0 1
Tile:8 6 4 0
Tile:9_flip 6 5 1
Tile:8 7 4 0
Tile:5 6 3 1
Tile:0 8 4 0
Map 12 3 1
Tile:5_flip 9 4 0
Tile:7 5 3 1
Tile:9 9 3 0
Tile:6_flip 9 2 1
Tile:7 10 2 0
Tile:0 4 3 1
Tile:6 10 3 0
Tile:6_flip 11 3 1
GAMEOVER WINNER 1
# Game ended: Sat Apr 11 20:34:36 EDT 2020
