# Server version 0.08 running on 192.168.2.221:8123
# Game ID: 225
# Board class: Saboteur.SaboteurBoard
# Timeout: 2000
# First Move Timeout: 30000
# Date: Sat Apr 11 20:10:14 EDT 2020
# Player 1: Player-0, '260729564', running on 127.0.0.1
# Player 2: Player-1, 'RandomPlayer', running on 127.0.0.1
START Player-0 260729564
START Player-1 RandomPlayer
BoardInit:Tile:13,Tile:0,Tile:8,Tile:10,Bonus,Tile:15,Tile:9,Tile:9,Tile:10,Tile:6,Destroy,Bonus,Tile:0,Tile:9,Tile:8,Tile:7,Map,Tile:7,Tile:12,Tile:14,Bonus,Tile:9,Tile:8,Tile:10,Tile:11,Tile:6,Tile:3,Map,Tile:4,Tile:5,Tile:6,Tile:7,Destroy,Map,Tile:5,Map,Tile:8,Tile:0,Tile:2,Malus,Tile:1-Tile:0,Tile:6,Malus,Tile:7,Tile:7,Tile:8,Bonus-Destroy,Tile:6,Map,Tile:5,Map,Tile:5,Tile:9-Tile:hidden1,Tile:nugget,Tile:hidden2
Drop 3 0 1
Map 12 3 0
Drop 1 0 1
Map 12 5 0
Tile:8 5 4 1
Tile:9_flip 6 4 0
Tile:8 4 4 1
Tile:10 6 3 0
Tile:9 4 5 1
Tile:9_flip 6 5 0
Drop 1 0 1
Tile:6 6 6 0
Tile:7_flip 5 6 1
Tile:0 7 6 0
Tile:0 8 6 1
Tile:9_flip 9 6 0
Destroy 9 6 1
Tile:6 9 6 0
Tile:8 3 4 1
Tile:5_flip 10 6 0
Tile:10 6 2 1
Tile:5 10 5 0
Tile:12 11 5 1
Tile:9_flip 9 5 0
Drop 2 0 1
Tile:10 9 4 0
Map 12 7 1
Tile:6_flip 9 3 0
Tile:13 8 3 1
Tile:7 10 3 0
Tile:4 4 3 1
Tile:7_flip 10 4 0
Tile:11_flip 4 6 1
Tile:5_flip 11 4 0
Destroy 4 3 1
Tile:7_flip 8 5 0
Tile:3_flip 2 4 1
Destroy 11 5 0
Tile:6_flip 11 5 1
GAMEOVER WINNER 1
# Game ended: Sat Apr 11 20:10:14 EDT 2020
