# Server version 0.08 running on 192.168.2.221:8123
# Game ID: 921
# Board class: Saboteur.SaboteurBoard
# Timeout: 2000
# First Move Timeout: 30000
# Date: Sat Apr 11 21:20:14 EDT 2020
# Player 1: Player-0, '260729564', running on 127.0.0.1
# Player 2: Player-1, 'RandomPlayer', running on 127.0.0.1
START Player-0 260729564
START Player-1 RandomPlayer
BoardInit:Tile:5,Bonus,Tile:8,Tile:8,Map,Tile:9,Tile:2,Tile:10,Tile:0,Map,Tile:7,Destroy,Tile:5,Destroy,Tile:6,Tile:9,Tile:8,Tile:15,Tile:5,Map,Tile:6,Bonus,Tile:12,Tile:14,Tile:7,Map,Tile:6,Tile:0,Tile:3,Map,Malus,Tile:9,Destroy,Tile:8,Tile:0,Map,Tile:6,Tile:9,Tile:0,Tile:6,Bonus-Tile:5,Tile:7,Malus,Tile:10,Tile:1,Tile:13,Tile:11-Tile:9,Bonus,Tile:7,Tile:10,Tile:7,Tile:4,Tile:8-Tile:hidden1,Tile:nugget,Tile:hidden2
Tile:10 5 6 1
Tile:8 6 5 0
Drop 1 0 1
Tile:9_flip 7 5 0
Tile:1 4 5 1
Tile:8 7 4 0
Tile:13 7 6 1
Tile:7 8 4 0
Tile:2 3 5 1
Tile:10 8 5 0
Tile:11_flip 5 7 1
Map 12 3 0
Tile:5_flip 8 6 1
Tile:9 6 6 0
Tile:5 4 7 1
Tile:10 7 3 0
Drop 5 0 1
Tile:9 6 4 0
Tile:7_flip 4 8 1
Tile:7_flip 6 7 0
Tile:6 7 7 1
Map 12 5 0
Tile:0 8 7 1
Drop 1 0 0
Tile:8 2 5 1
Drop 1 0 0
Tile:5 7 2 1
Drop 3 0 0
Drop 2 0 1
Tile:0 9 7 0
Malus 0 0 1
Bonus 0 0 0
Malus 0 0 1
Bonus 0 0 0
Destroy 4 8 1
Tile:8 10 7 0
Tile:6 11 7 1
Tile:9 12 6 0
GAMEOVER WINNER 0
# Game ended: Sat Apr 11 21:20:16 EDT 2020
