# Server version 0.08 running on 192.168.2.221:8123
# Game ID: 131
# Board class: Saboteur.SaboteurBoard
# Timeout: 2000
# First Move Timeout: 30000
# Date: Sat Apr 11 16:20:57 EDT 2020
# Player 1: Player-0, '260729564', running on 127.0.0.1
# Player 2: Player-1, 'RandomPlayer', running on 127.0.0.1
START Player-0 260729564
START Player-1 RandomPlayer
BoardInit:Tile:13,Tile:8,Tile:6,Tile:7,Tile:5,Tile:10,Map,Tile:9,Tile:8,Tile:5,Bonus,Tile:5,Tile:8,Tile:9,Tile:4,Map,Tile:5,Destroy,Map,Tile:7,Tile:15,Tile:10,Tile:6,Tile:8,Tile:14,Tile:9,Tile:6,Tile:6,Destroy,Tile:0,Tile:7,Destroy,Bonus,Tile:3,Tile:10,Map,Map,Tile:12,Bonus,Tile:9,Tile:0-Bonus,Tile:2,Tile:8,Map,Tile:11,Tile:0,Malus-Malus,Tile:1,Tile:9,Tile:6,Tile:7,Tile:0,Tile:7-Tile:nugget,Tile:hidden2,Tile:hidden1
Tile:2 6 5 1
Malus 0 0 0
Drop 1 0 1
Tile:8 5 4 0
Drop 6 0 1
Tile:6 6 4 0
Map 12 3 1
Tile:0 7 4 0
Drop 6 0 1
Tile:9_flip 8 4 0
Drop 4 0 1
Tile:10 8 5 0
Drop 4 0 1
Tile:9 8 6 0
Bonus 0 0 1
Tile:9_flip 9 6 0
Tile:8 8 7 1
Map 12 3 0
Tile:4_flip 6 6 1
Tile:5 9 5 0
Tile:0 10 5 1
Tile:7 11 5 0
Tile:11_flip 6 3 1
Tile:10 8 3 0
Tile:6_flip 4 4 1
Tile:8 11 6 0
Tile:8 11 7 1
GAMEOVER TIMEOUT WINNER 1
# Game ended: Sat Apr 11 16:21:01 EDT 2020
