# Server version 0.08 running on 192.168.2.221:8123
# Game ID: 1213
# Board class: Saboteur.SaboteurBoard
# Timeout: 2000
# First Move Timeout: 30000
# Date: Sat Apr 11 21:39:03 EDT 2020
# Player 1: Player-0, '260729564', running on 127.0.0.1
# Player 2: Player-1, 'RandomPlayer', running on 127.0.0.1
START Player-0 260729564
START Player-1 RandomPlayer
BoardInit:Bonus,Tile:7,Malus,Tile:9,Bonus,Tile:0,Tile:0,Tile:2,Tile:0,Tile:8,Map,Tile:7,Tile:6,Tile:1,Tile:7,Destroy,Tile:8,Tile:9,Tile:8,Tile:5,Map,Tile:8,Tile:6,Tile:14,Tile:6,Tile:4,Tile:9,Destroy,Tile:10,Tile:10,Tile:9,Tile:7,Destroy,Tile:13,Tile:6,Tile:9,Malus,Map,Tile:15,Map,Tile:7-Tile:11,Bonus,Map,Tile:0,Tile:3,Tile:12,Tile:6-Map,Tile:5,Bonus,Tile:10,Tile:5,Tile:8,Tile:5-Tile:nugget,Tile:hidden2,Tile:hidden1
Tile:0 4 5 1
Map 12 3 0
Drop 1 0 1
Tile:8 5 4 0
Drop 2 0 1
Tile:5_flip 6 4 0
Tile:6 5 6 1
Tile:0 6 5 0
Tile:11 6 3 1
Tile:5_flip 7 5 0
Tile:12 7 3 1
Tile:5 7 4 0
Tile:0 4 6 1
Tile:8 8 4 0
Drop 1 0 1
Tile:7 9 4 0
Tile:7 5 3 1
Tile:10 9 5 0
Tile:6_flip 3 5 1
Tile:9 9 6 0
Map 12 7 1
Tile:7 10 6 0
Tile:8 3 6 1
Tile:8 10 7 0
Tile:6_flip 6 2 1
Tile:5_flip 11 7 0
Tile:8 3 7 1
Tile:9 11 6 0
Tile:0 5 2 1
Destroy 11 7 0
Tile:6 11 7 1
Tile:10 8 3 0
Tile:9 10 8 1
GAMEOVER TIMEOUT WINNER 1
# Game ended: Sat Apr 11 21:39:08 EDT 2020
