# Server version 0.08 running on 192.168.2.221:8123
# Game ID: 400
# Board class: Saboteur.SaboteurBoard
# Timeout: 2000
# First Move Timeout: 30000
# Date: Sat Apr 11 20:33:08 EDT 2020
# Player 1: Player-0, 'RandomPlayer', running on 127.0.0.1
# Player 2: Player-1, '260729564', running on 127.0.0.1
START Player-0 RandomPlayer
START Player-1 260729564
BoardInit:Malus,Tile:10,Tile:7,Tile:9,Tile:9,Tile:14,Tile:8,Tile:4,Tile:7,Tile:0,Tile:5,Tile:8,Tile:7,Bonus,Tile:13,Tile:5,Map,Tile:8,Tile:10,Tile:6,Tile:5,Tile:9,Tile:6,Tile:12,Tile:2,Tile:8,Malus,Tile:11,Destroy,Tile:0,Bonus,Tile:9,Bonus,Destroy,Map,Tile:15,Bonus,Tile:5,Tile:1,Tile:8,Tile:10-Map,Tile:0,Map,Tile:9,Tile:7,Tile:7,Tile:6-Tile:6,Tile:6,Map,Map,Destroy,Tile:0,Tile:3-Tile:hidden2,Tile:hidden1,Tile:nugget
Map 12 3 1
Tile:3 5 4 0
Map 12 5 1
Tile:6 4 5 0
Malus 0 0 1
Map 12 7 0
Tile:7 6 5 1
Drop 1 0 0
Tile:8 6 6 1
Destroy 6 5 0
Tile:6_flip 6 5 1
Drop 4 0 0
Tile:9_flip 7 6 1
Drop 0 0 0
Tile:9 7 7 1
Drop 5 0 0
Tile:0 8 7 1
Drop 1 0 0
Tile:7 9 7 1
Drop 3 0 0
Tile:10 9 8 1
Drop 2 0 0
Tile:7_flip 9 9 1
Drop 3 0 0
Tile:6 10 9 1
Drop 5 0 0
Tile:7 11 9 1
Drop 0 0 0
Malus 0 0 1
Drop 6 0 0
Tile:5 10 8 1
Drop 1 0 0
Tile:5_flip 11 8 1
Drop 6 0 0
Tile:7_flip 11 10 1
Destroy 9 8 0
Drop 0 0 1
Drop 3 0 0
Drop 0 0 1
Drop 6 0 0
Drop 0 0 1
Drop 2 0 0
Tile:10 9 8 1
Drop 1 0 0
Drop 2 0 1
Drop 3 0 0
Drop 2 0 1
Drop 0 0 0
Drop 2 0 1
Drop 2 0 0
Drop 2 0 1
Drop 0 0 0
Destroy 7 7 1
Drop 0 0 0
Drop 0 0 1
GAMEOVER DRAW
# Game ended: Sat Apr 11 20:33:09 EDT 2020
