# Server version 0.08 running on 192.168.2.221:8123
# Game ID: 5
# Board class: Saboteur.SaboteurBoard
# Timeout: 20000
# First Move Timeout: 30000
# Date: Fri Apr 10 12:30:08 EDT 2020
# Player 1: Player-0, '260729564', running on 192.168.2.221
# Player 2: Player-1, 'RandomPlayer', running on 192.168.2.221
START Player-0 260729564
START Player-1 RandomPlayer
BoardInit:Tile:3,Tile:7,Tile:7,Tile:9,Tile:9,Tile:6,Tile:8,Tile:6,Map,Destroy,Tile:7,Map,Destroy,Bonus,Tile:0,Tile:5,Tile:6,Tile:11,Malus,Tile:5,Tile:7,Tile:9,Tile:6,Tile:12,Map,Tile:10,Tile:8,Tile:0,Tile:5,Tile:8,Tile:8,Destroy,Tile:15,Bonus,Tile:10,Tile:4,Malus,Tile:5,Tile:8,Tile:14,Tile:0-Tile:7,Tile:9,Tile:2,Tile:1,Tile:6,Map,Bonus-Tile:9,Map,Tile:10,Bonus,Tile:0,Map,Tile:13-Tile:hidden2,Tile:nugget,Tile:hidden1
Tile:6_flip 6 5 1
Map 12 3 0
Tile:9_flip 5 6 1
Map 12 5 0
Tile:2_flip 4 5 1
Tile:0 7 5 0
Tile:3 8 5 1
Tile:6_flip 5 4 0
Tile:9 4 4 1
Tile:6 6 4 0
Map 12 7 1
Tile:9 6 6 0
Tile:7_flip 3 5 1
Tile:7 7 6 0
Tile:8 6 7 1
Tile:10 8 6 0
Tile:7 4 3 1
Tile:5_flip 7 4 0
Drop 1 0 1
Tile:9 7 3 0
Tile:1 4 6 1
Tile:5_flip 8 3 0
Tile:0 3 6 1
Tile:9_flip 7 7 0
Tile:6 5 7 1
Drop 1 0 0
Tile:7_flip 7 8 1
Tile:10 8 7 0
Tile:8 3 3 1
Tile:0 4 7 0
Destroy 8 3 1
Tile:8 3 2 0
Tile:6_flip 3 1 1
Drop 2 0 0
Tile:15 3 4 1
Drop 3 0 0
Tile:8 8 3 1
Drop 3 0 0
Tile:5 2 2 1
Tile:5_flip 9 3 0
Tile:10 6 3 1
Drop 4 0 0
Tile:8 6 2 1
Drop 4 0 0
Malus 0 0 1
Bonus 0 0 0
Tile:0 2 1 1
Drop 3 0 0
Tile:7_flip 5 2 1
Destroy 4 3 0
Map 12 7 1
Destroy 7 4 0
Malus 0 0 1
Bonus 0 0 0
Map 12 5 1
GAMEOVER DRAW
# Game ended: Fri Apr 10 12:30:12 EDT 2020
