# Server version 0.08 running on 192.168.2.221:8123
# Game ID: 1283
# Board class: Saboteur.SaboteurBoard
# Timeout: 2000
# First Move Timeout: 30000
# Date: Sat Apr 11 21:43:17 EDT 2020
# Player 1: Player-0, '260729564', running on 127.0.0.1
# Player 2: Player-1, 'RandomPlayer', running on 127.0.0.1
START Player-0 260729564
START Player-1 RandomPlayer
BoardInit:Tile:7,Tile:6,Destroy,Map,Tile:1,Tile:7,Tile:11,Destroy,Tile:8,Tile:4,Tile:12,Bonus,Tile:15,Tile:7,Tile:5,Map,Map,Destroy,Tile:14,Tile:0,Tile:8,Tile:8,Tile:7,Tile:6,Bonus,Tile:5,Malus,Tile:3,Tile:6,Tile:6,Tile:9,Tile:5,Tile:9,Tile:0,Tile:10,Map,Tile:9,Tile:6,Tile:8,Tile:10,Tile:9-Tile:13,Tile:10,Bonus,Tile:9,Tile:2,Tile:7,Map-Tile:0,Map,Malus,Tile:0,Tile:5,Tile:8,Bonus-Tile:hidden2,Tile:hidden1,Tile:nugget
Tile:7 6 5 1
Map 12 3 0
Tile:9 4 5 1
Malus 0 0 0
Drop 1 0 1
Map 12 5 0
Drop 1 0 1
Tile:8 6 6 0
Drop 1 0 1
Tile:0 7 6 0
Destroy 6 5 1
Tile:6_flip 6 5 0
Drop 4 0 1
Tile:0 8 6 0
Map 12 7 1
Tile:5_flip 9 6 0
Drop 5 0 1
Tile:7_flip 6 7 0
Drop 3 0 1
Tile:7 7 7 0
Map 12 7 1
Tile:0 7 5 0
Drop 0 0 1
Tile:8 9 5 0
Drop 2 0 1
Tile:6_flip 10 5 0
Drop 0 0 1
Tile:5_flip 11 5 0
Drop 2 0 1
Destroy 11 5 0
Drop 4 0 1
Tile:6_flip 11 5 0
Drop 4 0 1
Tile:5_flip 12 6 0
Drop 3 0 1
Tile:0 13 5 0
Drop 3 0 1
Destroy 12 6 0
Drop 6 0 1
Tile:6_flip 12 4 0
Drop 2 0 1
Tile:10 12 6 0
GAMEOVER WINNER 0
# Game ended: Sat Apr 11 21:43:17 EDT 2020
