# Server version 0.08 running on 192.168.2.221:8123
# Game ID: 711
# Board class: Saboteur.SaboteurBoard
# Timeout: 2000
# First Move Timeout: 30000
# Date: Sat Apr 11 21:07:16 EDT 2020
# Player 1: Player-0, '260729564', running on 127.0.0.1
# Player 2: Player-1, 'RandomPlayer', running on 127.0.0.1
START Player-0 260729564
START Player-1 RandomPlayer
BoardInit:Tile:7,Bonus,Map,Tile:6,Tile:8,Destroy,Tile:2,Tile:6,Tile:6,Tile:1,Tile:9,Tile:9,Tile:8,Tile:12,Tile:6,Map,Tile:3,Tile:9,Bonus,Map,Tile:6,Tile:8,Bonus,Tile:7,Tile:9,Map,Tile:0,Map,Tile:10,Tile:7,Tile:5,Tile:7,Tile:11,Destroy,Bonus,Tile:0,Map,Tile:4,Tile:5,Tile:0,Tile:8-Tile:13,Tile:5,Malus,Destroy,Tile:5,Tile:14,Tile:10-Tile:9,Tile:7,Tile:8,Tile:15,Tile:0,Malus,Tile:10-Tile:hidden1,Tile:nugget,Tile:hidden2
Tile:13 6 5 1
Malus 0 0 0
Malus 0 0 1
Bonus 0 0 0
Map 12 5 1
Tile:8 5 4 0
Drop 5 0 1
Tile:6_flip 6 4 0
Destroy 6 4 1
Tile:6_flip 6 4 0
Drop 4 0 1
Tile:0 7 4 0
Drop 0 0 1
Tile:9_flip 8 4 0
Drop 0 0 1
Tile:10 8 5 0
Drop 5 0 1
Map 12 3 0
Drop 3 0 1
Tile:9 8 6 0
Drop 2 0 1
Map 12 5 0
Drop 3 0 1
Tile:8 9 6 0
Drop 0 0 1
Tile:9_flip 10 6 0
Drop 5 0 1
Tile:7_flip 10 7 0
Drop 6 0 1
Tile:7 11 7 0
Drop 1 0 1
Tile:7_flip 11 8 0
Drop 4 0 1
Tile:7 12 8 0
Drop 0 0 1
Destroy 11 7 0
Drop 3 0 1
Destroy 12 8 0
Map 12 5 1
Drop 0 0 0
Drop 4 0 1
Drop 0 0 0
Bonus 0 0 1
Drop 0 0 0
Tile:5_flip 9 7 1
Drop 0 0 0
Tile:6 4 4 1
Drop 0 0 0
Tile:8 5 3 1
Tile:0 6 3 0
Tile:3_flip 5 6 1
Tile:0 7 3 0
Tile:5 4 3 1
Drop 0 0 0
Drop 0 0 1
GAMEOVER DRAW
# Game ended: Sat Apr 11 21:07:16 EDT 2020
