# Server version 0.08 running on 192.168.2.221:8123
# Game ID: 719
# Board class: Saboteur.SaboteurBoard
# Timeout: 2000
# First Move Timeout: 30000
# Date: Sat Apr 11 21:07:36 EDT 2020
# Player 1: Player-0, '260729564', running on 127.0.0.1
# Player 2: Player-1, 'RandomPlayer', running on 127.0.0.1
START Player-0 260729564
START Player-1 RandomPlayer
BoardInit:Destroy,Tile:9,Tile:8,Bonus,Map,Map,Tile:7,Map,Tile:5,Tile:5,Tile:10,Tile:7,Tile:6,Tile:0,Tile:8,Bonus,Destroy,Tile:13,Tile:5,Tile:2,Tile:9,Tile:10,Tile:6,Tile:11,Tile:5,Map,Malus,Destroy,Map,Tile:4,Tile:10,Tile:12,Bonus,Tile:8,Tile:6,Tile:0,Map,Malus,Tile:8,Tile:7,Tile:8-Tile:9,Tile:3,Tile:14,Tile:9,Tile:0,Tile:6,Tile:15-Tile:6,Tile:1,Bonus,Tile:7,Tile:0,Tile:7,Tile:9-Tile:nugget,Tile:hidden2,Tile:hidden1
Tile:3_flip 4 5 1
Tile:9_flip 6 5 0
Drop 5 0 1
Tile:9 6 4 0
Tile:9_flip 5 4 1
Tile:6 7 4 0
Tile:8 8 4 1
Map 12 3 0
Tile:6 6 6 1
Tile:0 9 4 0
Drop 4 0 1
Tile:7 10 4 0
Tile:14 7 6 1
Tile:7_flip 10 5 0
Tile:7_flip 8 5 1
Tile:0 11 5 0
Tile:10 7 3 1
Tile:5_flip 13 5 0
Tile:5_flip 12 6 1
Tile:7 12 4 0
Destroy 8 4 1
Drop 0 0 0
Tile:5 11 6 1
Tile:10 7 2 0
Destroy 8 5 1
Drop 1 0 0
Tile:9_flip 7 1 1
Drop 1 0 0
Tile:9 5 6 1
Destroy 12 4 0
Tile:8 6 1 1
Drop 1 0 0
Tile:10 13 4 1
Drop 1 0 0
Tile:6_flip 7 0 1
Tile:8 8 4 0
Tile:6 8 5 1
Tile:0 8 0 0
Tile:6 9 0 1
Malus 0 0 0
Drop 0 0 1
Tile:7 12 4 0
Drop 6 0 1
Drop 1 0 0
Drop 4 0 1
Drop 1 0 0
Drop 0 0 1
Drop 1 0 0
Malus 0 0 1
Bonus 0 0 0
Map 12 3 1
Drop 0 0 0
Bonus 0 0 1
Drop 0 0 0
Tile:8 5 7 1
GAMEOVER DRAW
# Game ended: Sat Apr 11 21:07:37 EDT 2020
