# Server version 0.08 running on 192.168.2.221:8123
# Game ID: 1270
# Board class: Saboteur.SaboteurBoard
# Timeout: 2000
# First Move Timeout: 30000
# Date: Sat Apr 11 21:42:32 EDT 2020
# Player 1: Player-0, 'RandomPlayer', running on 127.0.0.1
# Player 2: Player-1, '260729564', running on 127.0.0.1
START Player-0 RandomPlayer
START Player-1 260729564
BoardInit:Map,Tile:2,Destroy,Tile:10,Tile:7,Tile:6,Tile:6,Tile:6,Tile:5,Tile:13,Bonus,Tile:7,Tile:8,Destroy,Tile:9,Tile:5,Map,Tile:5,Malus,Tile:6,Tile:8,Tile:3,Tile:9,Map,Tile:14,Tile:9,Tile:0,Map,Bonus,Tile:0,Tile:12,Tile:7,Tile:7,Map,Tile:10,Tile:4,Tile:8,Bonus,Tile:8,Tile:8,Tile:15-Tile:10,Bonus,Malus,Tile:5,Map,Tile:0,Tile:0-Tile:6,Tile:11,Tile:9,Tile:1,Tile:9,Destroy,Tile:7-Tile:nugget,Tile:hidden1,Tile:hidden2
Map 12 3 1
Tile:11_flip 5 4 0
Malus 0 0 1
Drop 1 0 0
Tile:0 6 5 1
Drop 0 0 0
Tile:0 7 5 1
Destroy 6 5 0
Tile:6 6 5 1
Drop 1 0 0
Tile:5 6 4 1
Drop 4 0 0
Tile:5_flip 7 4 1
Drop 0 0 0
Tile:8 8 5 1
Drop 2 0 0
Tile:7 9 5 1
Drop 5 0 0
Tile:10 9 6 1
Drop 3 0 0
Malus 0 0 1
Drop 2 0 0
Tile:8 7 3 1
Drop 0 0 0
Tile:9 8 4 1
Drop 4 0 0
Tile:9 9 7 1
Drop 3 0 0
Tile:0 10 7 1
Drop 5 0 0
Drop 1 0 1
Map 12 7 0
Drop 2 0 1
Map 12 3 0
Tile:7 11 7 1
Drop 3 0 0
Tile:10 7 2 1
Drop 2 0 0
Tile:8 8 3 1
Map 12 7 0
Tile:8 9 3 1
Drop 4 0 0
Destroy 11 7 1
Bonus 0 0 0
Drop 1 0 1
Drop 3 0 0
Drop 1 0 1
Drop 0 0 0
Drop 1 0 1
Drop 2 0 0
Drop 1 0 1
Drop 0 0 0
Drop 1 0 1
Drop 0 0 0
Drop 0 0 1
GAMEOVER DRAW
# Game ended: Sat Apr 11 21:42:32 EDT 2020
