# Server version 0.08 running on 192.168.2.221:8123
# Game ID: 119
# Board class: Saboteur.SaboteurBoard
# Timeout: 2000
# First Move Timeout: 30000
# Date: Sat Apr 11 16:20:00 EDT 2020
# Player 1: Player-0, '260729564', running on 127.0.0.1
# Player 2: Player-1, 'RandomPlayer', running on 127.0.0.1
START Player-0 260729564
START Player-1 RandomPlayer
BoardInit:Tile:9,Tile:9,Tile:9,Tile:0,Tile:4,Tile:8,Tile:15,Tile:10,Malus,Destroy,Map,Destroy,Tile:0,Tile:0,Map,Tile:6,Tile:6,Tile:7,Tile:6,Tile:10,Tile:9,Malus,Tile:5,Tile:8,Tile:7,Tile:6,Tile:3,Tile:12,Tile:5,Map,Tile:9,Tile:14,Map,Tile:8,Tile:8,Bonus,Map,Tile:0,Tile:2,Tile:6,Tile:1-Tile:11,Tile:8,Destroy,Tile:7,Tile:13,Bonus,Bonus-Tile:7,Map,Tile:5,Tile:5,Tile:7,Bonus,Tile:10-Tile:nugget,Tile:hidden1,Tile:hidden2
Drop 2 0 1
Map 12 3 0
Tile:13 4 5 1
Tile:10 5 4 0
Tile:9 5 6 1
Tile:0 6 5 0
Tile:7 4 4 1
Tile:8 7 5 0
Tile:11_flip 5 3 1
Tile:9 7 4 0
Tile:9_flip 7 3 1
Tile:7 8 4 0
Tile:15 7 2 1
Tile:7_flip 7 6 0
Malus 0 0 1
Bonus 0 0 0
Tile:8 3 4 1
Tile:6 8 5 0
Map 12 5 1
Tile:0 9 5 0
Tile:4 7 1 1
Tile:7 10 5 0
Tile:9 2 4 1
Malus 0 0 0
Drop 0 0 1
Tile:8 10 6 0
Map 12 5 1
Tile:6 11 6 0
Drop 6 0 1
Tile:5 11 5 0
Drop 1 0 1
Tile:10 12 4 0
GAMEOVER WINNER 0
# Game ended: Sat Apr 11 16:20:00 EDT 2020
