# Server version 0.08 running on 192.168.2.221:8123
# Game ID: 767
# Board class: Saboteur.SaboteurBoard
# Timeout: 2000
# First Move Timeout: 30000
# Date: Sat Apr 11 21:09:47 EDT 2020
# Player 1: Player-0, '260729564', running on 127.0.0.1
# Player 2: Player-1, 'RandomPlayer', running on 127.0.0.1
START Player-0 260729564
START Player-1 RandomPlayer
BoardInit:Map,Map,Tile:8,Tile:10,Tile:7,Tile:9,Tile:9,Destroy,Tile:5,Tile:8,Tile:5,Tile:8,Tile:7,Bonus,Tile:9,Tile:0,Tile:6,Destroy,Bonus,Tile:12,Tile:7,Tile:6,Tile:9,Tile:0,Tile:8,Tile:7,Tile:5,Bonus,Tile:1,Tile:14,Tile:3,Map,Tile:0,Destroy,Tile:5,Tile:15,Tile:6,Map,Tile:10,Tile:11,Tile:7-Tile:13,Tile:10,Malus,Malus,Tile:2,Map,Tile:0-Bonus,Tile:4,Tile:8,Tile:6,Tile:6,Tile:9,Map-Tile:hidden2,Tile:nugget,Tile:hidden1
Tile:13 6 5 1
Map 12 3 0
Tile:10 5 6 1
Map 12 5 0
Tile:2_flip 7 5 1
Tile:8 5 4 0
Tile:7_flip 4 5 1
Tile:9 6 6 0
Tile:8 4 4 1
Tile:9_flip 6 4 0
Tile:9 6 7 1
Tile:8 6 3 0
Tile:5_flip 6 8 1
Tile:8 7 3 0
Tile:5_flip 5 7 1
Tile:10 7 4 0
Tile:0 3 4 1
Tile:6_flip 8 3 0
Tile:6_flip 5 8 1
Tile:6_flip 9 3 0
Map 12 3 1
Tile:0 10 3 0
Tile:7 7 6 1
Tile:6_flip 11 3 0
Drop 4 0 1
Tile:0 13 3 0
Tile:8 5 9 1
Tile:7_flip 12 4 0
Tile:5 6 2 1
Destroy 12 4 0
Tile:9 11 4 1
Drop 1 0 0
Malus 0 0 1
Bonus 0 0 0
Tile:1 2 4 1
Drop 2 0 0
Tile:3_flip 5 10 1
Drop 2 0 0
Tile:9 8 4 1
Drop 2 0 0
Tile:5_flip 11 5 1
Destroy 11 5 0
Tile:0 4 7 1
Drop 1 0 0
Drop 4 0 1
Drop 2 0 0
Tile:6_flip 4 9 1
Drop 2 0 0
Map 12 5 1
Drop 2 0 0
Drop 1 0 1
Destroy 7 3 0
Drop 1 0 1
Drop 0 0 0
Malus 0 0 1
GAMEOVER DRAW
# Game ended: Sat Apr 11 21:09:48 EDT 2020
