# Server version 0.08 running on 192.168.2.221:8123
# Game ID: 1247
# Board class: Saboteur.SaboteurBoard
# Timeout: 2000
# First Move Timeout: 30000
# Date: Sat Apr 11 21:41:21 EDT 2020
# Player 1: Player-0, '260729564', running on 127.0.0.1
# Player 2: Player-1, 'RandomPlayer', running on 127.0.0.1
START Player-0 260729564
START Player-1 RandomPlayer
BoardInit:Map,Destroy,Tile:5,Map,Tile:11,Tile:0,Tile:5,Tile:13,Tile:7,Map,Tile:2,Destroy,Tile:6,Bonus,Tile:9,Tile:6,Map,Tile:8,Destroy,Tile:3,Tile:5,Tile:1,Tile:6,Tile:9,Bonus,Tile:8,Malus,Tile:0,Tile:15,Tile:14,Tile:6,Tile:9,Bonus,Tile:0,Tile:8,Tile:10,Tile:10,Tile:7,Tile:8,Tile:8,Malus-Map,Tile:6,Tile:7,Bonus,Tile:7,Map,Tile:9-Tile:5,Tile:9,Tile:12,Tile:7,Tile:4,Tile:10,Tile:0-Tile:hidden1,Tile:hidden2,Tile:nugget
Map 12 7 1
Tile:0 6 5 0
Tile:7_flip 4 5 1
Tile:9_flip 7 5 0
Tile:9 5 6 1
Map 12 3 0
Map 12 7 1
Tile:0 6 6 0
Tile:5 4 4 1
Tile:10 7 4 0
Tile:5_flip 7 6 1
Map 12 5 0
Tile:6_flip 5 4 1
Tile:5 7 3 0
Drop 5 0 1
Tile:7 8 3 0
Tile:7_flip 8 4 1
Tile:6 9 4 0
Tile:6 5 7 1
Tile:8 10 4 0
Map 12 7 1
Drop 0 0 0
Tile:9 4 7 1
Drop 0 0 0
Tile:7_flip 10 5 1
Tile:9_flip 11 4 0
Destroy 7 3 1
Tile:8 7 3 0
Tile:6_flip 7 2 1
Tile:0 8 2 0
Tile:11 4 8 1
Drop 1 0 0
Tile:15 9 3 1
Tile:9 11 3 0
Tile:6 6 2 1
Tile:0 13 3 0
Tile:5_flip 11 5 1
Tile:10 12 4 0
Drop 6 0 1
Tile:7 13 5 0
Map 12 7 1
GAMEOVER TIMEOUT WINNER 1
# Game ended: Sat Apr 11 21:41:27 EDT 2020
