# Server version 0.08 running on 192.168.2.221:8123
# Game ID: 874
# Board class: Saboteur.SaboteurBoard
# Timeout: 2000
# First Move Timeout: 30000
# Date: Sat Apr 11 21:18:25 EDT 2020
# Player 1: Player-0, 'RandomPlayer', running on 127.0.0.1
# Player 2: Player-1, '260729564', running on 127.0.0.1
START Player-0 RandomPlayer
START Player-1 260729564
BoardInit:Map,Tile:2,Bonus,Tile:7,Tile:4,Tile:8,Destroy,Tile:0,Bonus,Destroy,Map,Tile:7,Tile:7,Tile:9,Tile:14,Tile:8,Tile:13,Tile:5,Tile:10,Tile:8,Tile:0,Tile:6,Tile:6,Tile:0,Tile:0,Tile:8,Tile:9,Malus,Tile:5,Tile:1,Tile:6,Map,Tile:9,Tile:8,Tile:6,Bonus,Tile:9,Destroy,Tile:7,Tile:3,Tile:5-Tile:12,Tile:7,Map,Tile:6,Malus,Bonus,Tile:11-Tile:5,Tile:15,Tile:9,Tile:10,Map,Map,Tile:10-Tile:nugget,Tile:hidden1,Tile:hidden2
Map 12 3 1
Tile:5 4 5 0
Malus 0 0 1
Drop 2 0 0
Tile:6 6 5 1
Drop 1 0 0
Tile:7 7 5 1
Drop 1 0 0
Drop 0 0 1
Map 12 5 0
Drop 1 0 1
Drop 1 0 0
Drop 1 0 1
Drop 4 0 0
Tile:7_flip 7 6 1
Destroy 7 5 0
Drop 1 0 1
Drop 5 0 0
Drop 1 0 1
Drop 3 0 0
Tile:10 6 4 1
Drop 2 0 0
Drop 2 0 1
Drop 0 0 0
Tile:6_flip 7 5 1
Drop 2 0 0
Tile:0 8 5 1
Drop 0 0 0
Tile:9_flip 9 5 1
Drop 6 0 0
Tile:5 9 4 1
Drop 0 0 0
Tile:0 10 4 1
Map 12 3 0
Tile:9_flip 11 4 1
Drop 3 0 0
Tile:6_flip 11 3 1
GAMEOVER WINNER 1
# Game ended: Sat Apr 11 21:18:25 EDT 2020
