# Server version 0.08 running on 192.168.2.221:8123
# Game ID: 1260
# Board class: Saboteur.SaboteurBoard
# Timeout: 2000
# First Move Timeout: 30000
# Date: Sat Apr 11 21:42:10 EDT 2020
# Player 1: Player-0, 'RandomPlayer', running on 127.0.0.1
# Player 2: Player-1, '260729564', running on 127.0.0.1
START Player-0 RandomPlayer
START Player-1 260729564
BoardInit:Map,Destroy,Tile:0,Tile:10,Tile:12,Tile:9,Bonus,Tile:3,Bonus,Tile:6,Tile:8,Tile:9,Malus,Map,Map,Tile:0,Tile:9,Tile:6,Tile:9,Tile:5,Tile:7,Tile:11,Tile:10,Destroy,Map,Tile:5,Tile:4,Tile:6,Tile:9,Bonus,Tile:15,Tile:8,Tile:1,Map,Tile:2,Tile:5,Tile:6,Malus,Tile:7,Tile:0,Tile:8-Tile:13,Tile:14,Tile:8,Tile:5,Tile:8,Bonus,Tile:10-Tile:0,Tile:7,Map,Tile:6,Tile:7,Destroy,Tile:7-Tile:hidden1,Tile:nugget,Tile:hidden2
Tile:8 6 5 1
Tile:7 7 5 0
Map 12 3 1
Destroy 7 5 0
Tile:8 7 5 1
Tile:6 6 6 0
Tile:0 8 5 1
Tile:7_flip 5 6 0
Tile:5_flip 9 5 1
Tile:9_flip 9 4 0
Tile:10 9 3 1
Tile:3 5 4 0
Tile:8 7 6 1
Destroy 7 5 0
Malus 0 0 1
Drop 2 0 0
Map 12 5 1
Drop 0 0 0
Tile:9 7 7 1
Drop 1 0 0
Tile:9_flip 8 7 1
Map 12 3 0
Tile:7_flip 8 8 1
Map 12 7 0
Tile:10 7 8 1
Drop 4 0 0
Drop 0 0 1
Drop 3 0 0
Drop 0 0 1
Destroy 8 5 0
Tile:9_flip 9 8 1
Drop 1 0 0
Drop 1 0 1
Drop 4 0 0
Drop 1 0 1
Drop 4 0 0
Drop 1 0 1
Drop 2 0 0
Tile:6 9 9 1
Map 12 7 0
Tile:7 10 9 1
Drop 4 0 0
Tile:8 8 6 1
Malus 0 0 0
Bonus 0 0 1
Drop 3 0 0
Drop 0 0 1
Drop 0 0 0
Drop 0 0 1
Drop 2 0 0
Drop 0 0 1
Drop 0 0 0
Drop 0 0 1
Drop 0 0 0
Drop 0 0 1
GAMEOVER DRAW
# Game ended: Sat Apr 11 21:42:10 EDT 2020
