# Server version 0.08 running on 192.168.2.221:8123
# Game ID: 578
# Board class: Saboteur.SaboteurBoard
# Timeout: 2000
# First Move Timeout: 30000
# Date: Sat Apr 11 20:56:12 EDT 2020
# Player 1: Player-0, 'RandomPlayer', running on 127.0.0.1
# Player 2: Player-1, '260729564', running on 127.0.0.1
START Player-0 RandomPlayer
START Player-1 260729564
BoardInit:Map,Tile:9,Tile:2,Malus,Tile:8,Destroy,Tile:7,Bonus,Bonus,Map,Tile:9,Tile:8,Tile:5,Tile:13,Tile:0,Destroy,Tile:9,Tile:3,Tile:1,Destroy,Tile:9,Tile:7,Tile:12,Bonus,Tile:6,Tile:7,Tile:7,Map,Tile:10,Malus,Tile:15,Tile:5,Bonus,Tile:4,Tile:5,Tile:8,Map,Tile:6,Tile:9,Tile:8,Map-Tile:0,Tile:6,Tile:5,Tile:6,Tile:14,Map,Tile:7-Tile:6,Tile:0,Tile:10,Tile:8,Tile:0,Tile:11,Tile:10-Tile:hidden2,Tile:hidden1,Tile:nugget
Map 12 3 1
Tile:11_flip 5 6 0
Map 12 5 1
Tile:0 4 6 0
Tile:6_flip 6 5 1
Drop 2 0 0
Tile:8 7 5 1
Tile:10 5 7 0
Tile:5_flip 8 5 1
Tile:9 3 6 0
Tile:6_flip 8 4 1
Destroy 5 6 0
Tile:9 7 6 1
Tile:8 7 4 0
Tile:0 9 4 1
Tile:6_flip 8 6 0
Tile:0 10 4 1
Tile:10 7 7 0
Tile:9_flip 9 6 1
Tile:3 7 3 0
Tile:7 11 4 1
Destroy 7 4 0
Tile:9 7 8 1
Destroy 10 4 0
Tile:7_flip 9 7 1
Tile:0 10 7 0
Tile:6 11 7 1
GAMEOVER WINNER 1
# Game ended: Sat Apr 11 20:56:12 EDT 2020
