# Server version 0.08 running on 192.168.2.221:8123
# Game ID: 658
# Board class: Saboteur.SaboteurBoard
# Timeout: 2000
# First Move Timeout: 30000
# Date: Sat Apr 11 21:03:23 EDT 2020
# Player 1: Player-0, 'RandomPlayer', running on 127.0.0.1
# Player 2: Player-1, '260729564', running on 127.0.0.1
START Player-0 RandomPlayer
START Player-1 260729564
BoardInit:Tile:8,Map,Tile:5,Malus,Destroy,Tile:5,Malus,Tile:0,Tile:9,Tile:9,Tile:0,Tile:15,Tile:1,Tile:11,Tile:12,Map,Map,Tile:8,Tile:8,Map,Bonus,Tile:5,Tile:5,Tile:7,Tile:10,Tile:6,Bonus,Tile:6,Tile:4,Tile:7,Tile:7,Tile:14,Tile:0,Bonus,Tile:0,Tile:6,Destroy,Bonus,Tile:9,Map,Tile:9-Tile:9,Tile:8,Tile:7,Map,Tile:13,Tile:6,Destroy-Tile:2,Tile:10,Tile:10,Tile:3,Tile:7,Tile:8,Tile:6-Tile:nugget,Tile:hidden2,Tile:hidden1
Map 12 3 1
Tile:3 5 4 0
Tile:8 6 5 1
Drop 5 0 0
Tile:8 7 5 1
Tile:2_flip 4 5 0
Tile:6_flip 7 4 1
Tile:8 8 5 0
Malus 0 0 1
Map 12 7 0
Tile:9_flip 8 4 1
Malus 0 0 0
Drop 1 0 1
Drop 0 0 0
Drop 6 0 1
Drop 0 0 0
Drop 6 0 1
Map 12 7 0
Drop 6 0 1
Drop 3 0 0
Drop 0 0 1
Map 12 7 0
Bonus 0 0 1
Drop 0 0 0
Tile:8 9 5 1
Drop 2 0 0
Tile:0 10 5 1
Drop 0 0 0
Tile:5_flip 11 5 1
Drop 5 0 0
Tile:9 11 4 1
Drop 0 0 0
Tile:7 12 4 1
Drop 6 0 0
Tile:0 13 5 1
Drop 0 0 0
Tile:10 9 4 1
Drop 4 0 0
Tile:5 11 3 1
GAMEOVER WINNER 1
# Game ended: Sat Apr 11 21:03:23 EDT 2020
