# Server version 0.08 running on 192.168.2.221:8123
# Game ID: 504
# Board class: Saboteur.SaboteurBoard
# Timeout: 2000
# First Move Timeout: 30000
# Date: Sat Apr 11 20:41:06 EDT 2020
# Player 1: Player-0, 'RandomPlayer', running on 127.0.0.1
# Player 2: Player-1, '260729564', running on 127.0.0.1
START Player-0 RandomPlayer
START Player-1 260729564
BoardInit:Tile:3,Tile:7,Tile:0,Tile:12,Map,Bonus,Map,Tile:2,Tile:0,Tile:10,Tile:6,Map,Tile:7,Destroy,Tile:9,Tile:7,Malus,Tile:13,Tile:9,Tile:14,Tile:8,Tile:9,Map,Tile:7,Map,Tile:6,Tile:11,Tile:10,Tile:10,Bonus,Tile:8,Tile:8,Tile:1,Tile:5,Destroy,Tile:6,Tile:8,Map,Tile:5,Tile:15,Tile:5-Tile:8,Destroy,Tile:9,Tile:4,Malus,Tile:6,Tile:5-Tile:7,Tile:0,Tile:6,Bonus,Bonus,Tile:9,Tile:0-Tile:hidden2,Tile:hidden1,Tile:nugget
Malus 0 0 1
Drop 5 0 0
Tile:8 6 5 1
Bonus 0 0 0
Tile:6 7 5 1
Tile:6 6 6 0
Map 12 3 1
Tile:12_flip 4 5 0
Map 12 5 1
Tile:7 8 5 0
Tile:0 7 6 1
Drop 1 0 0
Tile:6 8 6 1
Drop 0 0 0
Tile:0 9 6 1
Tile:2 5 4 0
Tile:5_flip 10 6 1
Tile:7_flip 5 6 0
Malus 0 0 1
Destroy 10 6 0
Tile:7 10 6 1
Drop 6 0 0
Tile:8 10 7 1
Map 12 3 0
Tile:9 10 8 1
Drop 5 0 0
Tile:9_flip 11 8 1
Drop 0 0 0
Tile:9 11 9 1
Drop 6 0 0
Tile:10 10 9 1
Drop 4 0 0
Tile:8 12 9 1
Drop 6 0 0
Drop 1 0 1
Drop 4 0 0
Drop 1 0 1
Drop 3 0 0
Tile:8 13 9 1
Map 12 5 0
GAMEOVER TIMEOUT WINNER 0
# Game ended: Sat Apr 11 20:41:12 EDT 2020
