# Server version 0.08 running on 192.168.2.221:8123
# Game ID: 335
# Board class: Saboteur.SaboteurBoard
# Timeout: 2000
# First Move Timeout: 30000
# Date: Sat Apr 11 20:19:32 EDT 2020
# Player 1: Player-0, '260729564', running on 127.0.0.1
# Player 2: Player-1, 'RandomPlayer', running on 127.0.0.1
START Player-0 260729564
START Player-1 RandomPlayer
BoardInit:Tile:8,Tile:3,Tile:0,Tile:10,Tile:10,Tile:5,Map,Map,Malus,Tile:14,Tile:15,Tile:0,Bonus,Tile:7,Tile:1,Tile:6,Tile:8,Tile:9,Tile:7,Tile:9,Tile:9,Bonus,Tile:5,Destroy,Tile:10,Tile:6,Tile:0,Tile:2,Tile:6,Tile:7,Tile:8,Malus,Map,Map,Bonus,Tile:9,Tile:5,Tile:12,Destroy,Tile:5,Tile:11-Tile:9,Tile:7,Map,Tile:0,Destroy,Tile:6,Tile:13-Map,Tile:8,Tile:6,Tile:4,Bonus,Tile:7,Tile:8-Tile:nugget,Tile:hidden1,Tile:hidden2
Tile:6_flip 6 5 1
Map 12 3 0
Destroy 6 5 1
Tile:8 5 4 0
Tile:0 6 5 1
Tile:8 7 5 0
Drop 2 0 1
Tile:5_flip 8 5 0
Tile:9_flip 5 3 1
Tile:10 8 4 0
Tile:0 6 4 1
Tile:6_flip 8 3 0
Tile:8 4 4 1
Tile:0 9 3 0
Drop 3 0 1
Tile:7 10 3 0
Drop 0 0 1
Tile:6 10 4 0
Tile:15 7 6 1
Tile:9_flip 11 4 0
Tile:7_flip 7 3 1
Tile:9 7 2 0
Drop 5 0 1
Tile:7_flip 11 5 0
Tile:13 12 6 1
Destroy 11 5 0
Tile:9_flip 5 2 1
Tile:6 11 5 0
Tile:10 11 3 1
Drop 0 0 0
Drop 3 0 1
Tile:7 13 5 0
Tile:10 12 4 1
GAMEOVER WINNER 1
# Game ended: Sat Apr 11 20:19:33 EDT 2020
