# Server version 0.08 running on 192.168.2.221:8123
# Game ID: 804
# Board class: Saboteur.SaboteurBoard
# Timeout: 2000
# First Move Timeout: 30000
# Date: Sat Apr 11 21:13:01 EDT 2020
# Player 1: Player-0, 'RandomPlayer', running on 127.0.0.1
# Player 2: Player-1, '260729564', running on 127.0.0.1
START Player-0 RandomPlayer
START Player-1 260729564
BoardInit:Tile:5,Tile:9,Tile:10,Malus,Tile:6,Tile:3,Tile:5,Map,Tile:5,Tile:0,Tile:7,Malus,Destroy,Map,Tile:7,Tile:6,Tile:0,Tile:6,Tile:8,Tile:5,Map,Tile:0,Destroy,Tile:9,Tile:2,Tile:8,Tile:13,Tile:11,Tile:9,Bonus,Tile:12,Map,Tile:6,Bonus,Tile:6,Tile:4,Tile:14,Tile:7,Map,Bonus,Tile:9-Tile:1,Bonus,Destroy,Map,Tile:8,Tile:0,Tile:7-Tile:15,Tile:10,Tile:10,Tile:8,Tile:7,Tile:9,Tile:8-Tile:hidden1,Tile:hidden2,Tile:nugget
Map 12 3 1
Tile:8 5 4 0
Tile:8 6 4 1
Tile:9 5 3 0
Tile:0 7 4 1
Drop 1 0 0
Tile:6 8 4 1
Tile:7_flip 4 4 0
Tile:5_flip 9 4 1
Tile:3 8 3 0
Tile:10 9 3 1
Tile:8 9 2 0
Tile:7 10 2 1
Map 12 3 0
Tile:7_flip 10 3 1
Malus 0 0 0
Bonus 0 0 1
Malus 0 0 0
Drop 0 0 1
Tile:6 8 2 0
Drop 0 0 1
Tile:9_flip 11 3 0
Destroy 11 3 1
Tile:10 5 2 0
Drop 5 0 1
Tile:6_flip 8 1 0
Drop 6 0 1
Tile:8 7 1 0
Drop 6 0 1
Tile:11 7 2 0
Drop 0 0 1
Tile:9 5 1 0
Drop 6 0 1
Tile:15 4 3 0
Drop 0 0 1
Map 12 3 0
Drop 0 0 1
Tile:0 11 3 0
Drop 6 0 1
Tile:7_flip 12 4 0
Destroy 12 4 1
Tile:5_flip 6 5 0
Drop 5 0 1
Tile:4 4 2 0
Drop 0 0 1
Drop 3 0 0
Drop 0 0 1
Tile:0 6 1 0
Drop 0 0 1
Drop 1 0 0
Drop 0 0 1
Drop 0 0 0
Drop 0 0 1
Drop 0 0 0
Drop 0 0 1
GAMEOVER DRAW
# Game ended: Sat Apr 11 21:13:01 EDT 2020
