# Server version 0.08 running on 192.168.2.221:8123
# Game ID: 1155
# Board class: Saboteur.SaboteurBoard
# Timeout: 2000
# First Move Timeout: 30000
# Date: Sat Apr 11 21:35:58 EDT 2020
# Player 1: Player-0, '260729564', running on 127.0.0.1
# Player 2: Player-1, 'RandomPlayer', running on 127.0.0.1
START Player-0 260729564
START Player-1 RandomPlayer
BoardInit:Tile:8,Tile:6,Tile:0,Tile:2,Tile:10,Tile:9,Tile:13,Tile:5,Tile:7,Map,Tile:7,Tile:7,Tile:12,Bonus,Bonus,Map,Tile:9,Tile:8,Tile:8,Map,Map,Tile:15,Map,Tile:8,Tile:4,Bonus,Tile:3,Tile:10,Malus,Tile:8,Tile:0,Tile:6,Destroy,Tile:6,Tile:0,Bonus,Tile:6,Tile:1,Tile:11,Tile:9,Malus-Destroy,Tile:5,Tile:6,Tile:10,Tile:5,Tile:7,Destroy-Tile:0,Tile:9,Tile:9,Tile:5,Tile:7,Tile:14,Map-Tile:hidden2,Tile:nugget,Tile:hidden1
Tile:6_flip 5 4 1
Map 12 3 0
Destroy 5 4 1
Tile:9_flip 6 5 0
Tile:5 6 4 1
Tile:7 7 4 0
Tile:10 5 4 1
Tile:9 7 5 0
Tile:13 5 3 1
Tile:9_flip 8 5 0
Tile:5 5 2 1
Map 12 5 0
Tile:7_flip 7 6 1
Tile:5 8 4 0
Tile:7_flip 4 5 1
Tile:6_flip 9 4 0
Tile:8 6 2 1
Tile:0 10 4 0
Drop 1 0 1
Tile:8 11 4 0
Tile:9 11 3 1
Tile:5_flip 12 4 0
Destroy 7 4 1
Tile:7_flip 5 6 0
Tile:10 11 2 1
Drop 0 0 0
Tile:7 7 4 1
Tile:8 13 3 0
Tile:8 11 1 1
Tile:10 13 4 0
Drop 3 0 1
Tile:8 13 5 0
GAMEOVER WINNER 0
# Game ended: Sat Apr 11 21:36:02 EDT 2020
