# Server version 0.08 running on 192.168.2.221:8123
# Game ID: 1176
# Board class: Saboteur.SaboteurBoard
# Timeout: 2000
# First Move Timeout: 30000
# Date: Sat Apr 11 21:37:11 EDT 2020
# Player 1: Player-0, 'RandomPlayer', running on 127.0.0.1
# Player 2: Player-1, '260729564', running on 127.0.0.1
START Player-0 RandomPlayer
START Player-1 260729564
BoardInit:Tile:2,Bonus,Tile:1,Tile:8,Tile:6,Tile:10,Tile:8,Tile:0,Tile:6,Tile:5,Tile:0,Map,Tile:5,Bonus,Map,Map,Destroy,Map,Tile:9,Map,Tile:9,Tile:11,Tile:7,Tile:8,Tile:13,Destroy,Tile:9,Tile:3,Malus,Malus,Tile:6,Tile:9,Tile:6,Map,Tile:8,Tile:7,Tile:7,Tile:5,Tile:10,Tile:12,Tile:14-Destroy,Tile:15,Tile:7,Tile:0,Tile:7,Tile:10,Tile:0-Tile:9,Bonus,Tile:6,Tile:5,Bonus,Tile:4,Tile:8-Tile:hidden1,Tile:hidden2,Tile:nugget
Tile:0 6 5 1
Tile:9 5 6 0
Tile:0 7 5 1
Tile:6_flip 6 6 0
Tile:7 8 5 1
Tile:4_flip 6 7 0
Tile:6 8 6 1
Drop 5 0 0
Tile:8 9 6 1
Tile:8 10 6 0
Tile:6 11 6 1
Drop 3 0 0
Tile:0 12 6 1
Tile:5_flip 5 7 0
Tile:5_flip 13 6 1
Tile:5 13 5 0
Map 12 3 1
Tile:10 11 5 0
Tile:10 11 4 1
Map 12 7 0
Tile:9_flip 10 5 1
Map 12 5 0
Tile:9_flip 10 4 1
Map 12 5 0
Tile:7_flip 9 4 1
Drop 4 0 0
Tile:7_flip 10 7 1
Tile:0 4 5 0
Tile:9_flip 5 4 1
Tile:8 5 3 0
Malus 0 0 1
Destroy 13 5 0
Tile:6_flip 13 5 1
Malus 0 0 0
Destroy 11 5 1
Bonus 0 0 0
Destroy 12 6 1
Tile:3_flip 3 5 0
Drop 0 0 1
Drop 4 0 0
Drop 0 0 1
Tile:11 11 5 0
Drop 0 0 1
Tile:7 11 7 0
Drop 0 0 1
Tile:12_flip 4 3 0
Drop 4 0 1
Tile:5_flip 9 7 0
Drop 0 0 1
Tile:9 3 4 0
Drop 0 0 1
Drop 0 0 0
Drop 0 0 1
Drop 0 0 0
Drop 0 0 1
GAMEOVER DRAW
# Game ended: Sat Apr 11 21:37:12 EDT 2020
