# Server version 0.08 running on 192.168.2.221:8123
# Game ID: 286
# Board class: Saboteur.SaboteurBoard
# Timeout: 2000
# First Move Timeout: 30000
# Date: Sat Apr 11 20:16:17 EDT 2020
# Player 1: Player-0, 'RandomPlayer', running on 127.0.0.1
# Player 2: Player-1, '260729564', running on 127.0.0.1
START Player-0 RandomPlayer
START Player-1 260729564
BoardInit:Tile:6,Tile:8,Tile:0,Tile:13,Tile:14,Tile:0,Tile:7,Destroy,Tile:9,Map,Destroy,Tile:12,Bonus,Map,Map,Tile:8,Tile:5,Tile:6,Tile:9,Tile:0,Tile:10,Map,Tile:4,Tile:7,Tile:8,Tile:10,Tile:6,Map,Tile:10,Tile:2,Tile:7,Map,Tile:3,Tile:11,Tile:7,Tile:1,Tile:6,Tile:9,Tile:5,Tile:8,Destroy-Bonus,Tile:9,Malus,Tile:8,Bonus,Malus,Tile:6-Tile:5,Tile:5,Tile:9,Bonus,Tile:7,Tile:15,Tile:0-Tile:nugget,Tile:hidden1,Tile:hidden2
Malus 0 0 1
Drop 3 0 0
Malus 0 0 1
Drop 1 0 0
Tile:8 6 5 1
Drop 4 0 0
Tile:6 7 5 1
Drop 5 0 0
Tile:6 8 5 1
Destroy 7 5 0
Tile:0 7 5 1
Drop 1 0 0
Tile:9_flip 9 5 1
Drop 4 0 0
Tile:9 9 4 1
Drop 2 0 0
Map 12 3 1
Drop 0 0 0
Tile:7 10 4 1
Drop 1 0 0
Tile:9 10 5 1
Map 12 3 0
Tile:5_flip 11 5 1
Drop 1 0 0
Tile:10 11 4 1
Map 12 7 0
Tile:8 11 3 1
GAMEOVER WINNER 1
# Game ended: Sat Apr 11 20:16:18 EDT 2020
