# Server version 0.08 running on 192.168.2.221:8123
# Game ID: 834
# Board class: Saboteur.SaboteurBoard
# Timeout: 2000
# First Move Timeout: 30000
# Date: Sat Apr 11 21:14:00 EDT 2020
# Player 1: Player-0, 'RandomPlayer', running on 127.0.0.1
# Player 2: Player-1, '260729564', running on 127.0.0.1
START Player-0 RandomPlayer
START Player-1 260729564
BoardInit:Tile:0,Tile:6,Tile:4,Tile:0,Tile:5,Tile:1,Map,Tile:5,Malus,Destroy,Tile:7,Tile:5,Malus,Tile:8,Tile:15,Tile:8,Tile:0,Map,Tile:11,Bonus,Tile:6,Bonus,Map,Tile:9,Bonus,Tile:7,Tile:7,Tile:2,Tile:13,Tile:7,Tile:7,Tile:6,Tile:3,Tile:9,Tile:14,Tile:10,Tile:5,Tile:8,Destroy,Tile:9,Map-Bonus,Tile:10,Tile:0,Destroy,Map,Map,Tile:12-Tile:8,Tile:9,Tile:10,Tile:9,Tile:6,Tile:8,Tile:6-Tile:nugget,Tile:hidden1,Tile:hidden2
Map 12 3 1
Tile:9 5 4 0
Tile:0 6 4 1
Tile:9_flip 7 4 0
Tile:0 6 5 1
Tile:6_flip 7 3 0
Tile:5_flip 8 3 1
Drop 6 0 0
Tile:10 8 2 1
Tile:6_flip 4 5 0
Malus 0 0 1
Drop 1 0 0
Tile:7_flip 6 3 1
Destroy 4 5 0
Malus 0 0 1
Drop 0 0 0
Drop 2 0 1
Drop 5 0 0
Drop 2 0 1
Drop 3 0 0
Drop 2 0 1
Drop 6 0 0
Tile:6_flip 8 1 1
Map 12 5 0
Tile:0 9 1 1
Drop 5 0 0
Drop 2 0 1
Drop 0 0 0
Tile:7 10 1 1
Drop 5 0 0
Drop 2 0 1
Drop 0 0 0
Tile:7_flip 10 2 1
Drop 6 0 0
Drop 2 0 1
Drop 3 0 0
Drop 2 0 1
Drop 3 0 0
Tile:5_flip 11 2 1
Drop 6 0 0
Drop 2 0 1
Drop 2 0 0
Drop 2 0 1
Drop 1 0 0
Drop 2 0 1
Drop 3 0 0
Drop 2 0 1
Drop 0 0 0
Drop 3 0 1
Drop 2 0 0
Destroy 6 3 1
Drop 0 0 0
Destroy 9 1 1
Drop 0 0 0
Drop 0 0 1
GAMEOVER DRAW
# Game ended: Sat Apr 11 21:14:00 EDT 2020
