# Server version 0.08 running on 192.168.2.221:8123
# Game ID: 1099
# Board class: Saboteur.SaboteurBoard
# Timeout: 2000
# First Move Timeout: 30000
# Date: Sat Apr 11 21:33:13 EDT 2020
# Player 1: Player-0, '260729564', running on 127.0.0.1
# Player 2: Player-1, 'RandomPlayer', running on 127.0.0.1
START Player-0 260729564
START Player-1 RandomPlayer
BoardInit:Bonus,Tile:9,Bonus,Tile:5,Tile:4,Tile:7,Tile:12,Tile:13,Tile:10,Tile:6,Destroy,Tile:8,Tile:5,Tile:9,Tile:6,Tile:7,Tile:1,Destroy,Map,Tile:11,Bonus,Map,Tile:8,Tile:9,Tile:15,Tile:6,Tile:8,Tile:6,Map,Tile:0,Tile:10,Tile:0,Map,Tile:8,Tile:0,Tile:7,Malus,Tile:3,Tile:5,Destroy,Tile:8-Bonus,Tile:9,Tile:2,Tile:0,Malus,Tile:9,Map-Tile:6,Tile:14,Tile:7,Tile:10,Tile:5,Map,Tile:7-Tile:hidden2,Tile:hidden1,Tile:nugget
Tile:9_flip 6 5 1
Map 12 3 0
Map 12 5 1
Tile:10 6 4 0
Tile:9 5 6 1
Tile:9_flip 6 6 0
Drop 4 0 1
Tile:6_flip 6 3 0
Tile:2_flip 6 7 1
Tile:7 7 3 0
Drop 1 0 1
Tile:6 5 7 0
Drop 0 0 1
Tile:8 5 3 0
Tile:12_flip 4 7 1
Tile:9 7 4 0
Tile:6 4 3 1
Tile:5_flip 8 4 0
Malus 0 0 1
Drop 0 0 0
Tile:5 5 2 1
Drop 3 0 0
Map 12 3 1
Drop 5 0 0
Tile:10 5 4 1
Drop 5 0 0
Tile:8 7 7 1
Drop 0 0 0
Tile:15 7 8 1
Drop 0 0 0
Destroy 5 7 1
Drop 0 0 0
Tile:4 4 2 1
Drop 0 0 0
Tile:8 5 7 1
Drop 0 0 0
Tile:10 7 5 1
Drop 0 0 0
Tile:1 6 2 1
Drop 6 0 0
Drop 2 0 1
Drop 0 0 0
Tile:0 8 7 1
Drop 0 0 0
Tile:5_flip 7 2 1
Drop 0 0 0
Tile:8 7 1 1
Drop 0 0 0
Map 12 3 1
Drop 0 0 0
Drop 0 0 1
Drop 0 0 0
Malus 0 0 1
Drop 0 0 0
Drop 0 0 1
GAMEOVER DRAW
# Game ended: Sat Apr 11 21:33:13 EDT 2020
