# Server version 0.08 running on 192.168.2.221:8123
# Game ID: 4
# Board class: Saboteur.SaboteurBoard
# Timeout: 20000
# First Move Timeout: 30000
# Date: Fri Apr 10 12:29:59 EDT 2020
# Player 1: Player-0, '260729564', running on 192.168.2.221
# Player 2: Player-1, 'RandomPlayer', running on 192.168.2.221
START Player-0 260729564
START Player-1 RandomPlayer
BoardInit:Tile:6,Map,Tile:9,Bonus,Tile:9,Tile:7,Tile:12,Tile:10,Tile:8,Tile:9,Tile:9,Tile:6,Tile:9,Tile:8,Tile:2,Tile:10,Tile:0,Tile:5,Tile:8,Tile:0,Tile:10,Tile:5,Tile:11,Destroy,Tile:8,Tile:8,Tile:5,Malus,Tile:0,Destroy,Tile:6,Malus,Tile:7,Map,Bonus,Tile:3,Tile:7,Tile:6,Map,Bonus,Tile:13-Map,Tile:7,Map,Tile:7,Tile:0,Tile:14,Map-Tile:4,Tile:15,Tile:6,Bonus,Tile:1,Tile:5,Destroy-Tile:nugget,Tile:hidden1,Tile:hidden2
Tile:7 5 4 1
Tile:6 6 5 0
Tile:14_flip 6 4 1
Map 12 3 0
Drop 2 0 1
Tile:5_flip 7 5 0
Tile:9_flip 7 4 1
Tile:7_flip 5 6 0
Map 12 5 1
Tile:10 7 3 0
Tile:0 4 5 1
Tile:9 7 2 0
Tile:6_flip 6 6 1
Tile:6 8 2 0
Tile:12 9 2 1
Tile:8 3 5 0
Tile:9 6 7 1
Tile:10 8 1 0
Tile:0 4 4 1
Tile:5 8 0 0
Tile:8 3 6 1
Tile:0 9 0 0
Tile:9 2 5 1
Drop 0 0 0
Drop 4 0 1
Drop 0 0 0
Tile:8 2 6 1
Tile:8 2 4 0
Tile:2_flip 2 7 1
Drop 1 0 0
Tile:9_flip 7 1 1
Drop 5 0 0
Tile:11_flip 7 7 1
Drop 6 0 0
Drop 3 0 1
Drop 6 0 0
Map 12 7 1
Drop 6 0 0
Tile:6 1 7 1
Tile:6 10 0 0
Tile:7 7 6 1
Drop 6 0 0
Map 12 5 1
Destroy 7 2 0
Tile:7_flip 1 4 1
Destroy 7 5 0
Tile:10 6 8 1
Destroy 4 5 0
Tile:0 0 7 1
Drop 0 0 0
Tile:13 6 9 1
Tile:5 1 3 0
Map 12 3 1
Drop 0 0 0
Drop 0 0 1
GAMEOVER DRAW
# Game ended: Fri Apr 10 12:30:00 EDT 2020
