# Server version 0.08 running on 192.168.2.221:8123
# Game ID: 395
# Board class: Saboteur.SaboteurBoard
# Timeout: 2000
# First Move Timeout: 30000
# Date: Sat Apr 11 20:32:56 EDT 2020
# Player 1: Player-0, '260729564', running on 127.0.0.1
# Player 2: Player-1, 'RandomPlayer', running on 127.0.0.1
START Player-0 260729564
START Player-1 RandomPlayer
BoardInit:Tile:13,Tile:1,Tile:7,Map,Tile:6,Map,Tile:9,Tile:7,Tile:7,Map,Tile:10,Tile:6,Destroy,Tile:8,Tile:9,Tile:8,Malus,Tile:5,Tile:6,Tile:9,Destroy,Tile:15,Tile:12,Tile:9,Tile:0,Tile:14,Map,Destroy,Tile:10,Tile:8,Tile:3,Tile:7,Tile:10,Tile:0,Map,Tile:8,Bonus,Tile:6,Malus,Bonus,Tile:11-Map,Tile:2,Bonus,Tile:0,Tile:4,Tile:6,Tile:5-Tile:0,Bonus,Tile:7,Tile:5,Tile:5,Tile:9,Tile:8-Tile:hidden1,Tile:nugget,Tile:hidden2
Tile:0 4 5 1
Tile:8 6 5 0
Drop 1 0 1
Tile:9_flip 7 5 0
Tile:5 7 4 1
Map 12 3 0
Drop 6 0 1
Map 12 5 0
Tile:9 3 5 1
Tile:7 8 4 0
Drop 3 0 1
Tile:7_flip 8 5 0
Tile:13 9 5 1
Tile:6 7 6 0
Tile:7 6 4 1
Tile:8 6 6 0
Destroy 8 4 1
Tile:8 8 4 0
Tile:9 3 6 1
Tile:5 8 3 0
Tile:7_flip 6 7 1
Tile:9_flip 9 4 0
Destroy 3 6 1
Tile:0 8 6 0
Drop 0 0 1
Tile:9_flip 9 6 0
Tile:6_flip 5 4 1
Drop 2 0 0
Drop 2 0 1
Drop 2 0 0
Map 12 5 1
Tile:8 9 3 0
Tile:4 3 4 1
Tile:5_flip 10 3 0
Tile:3_flip 9 7 1
Tile:0 7 7 0
Drop 3 0 1
Tile:8 10 2 0
Tile:12 10 5 1
Tile:6_flip 11 2 0
Drop 2 0 1
Tile:7_flip 11 3 0
Tile:11 9 2 1
Tile:5_flip 12 4 0
Malus 0 0 1
Bonus 0 0 0
Map 12 5 1
Destroy 11 3 0
Tile:10 3 6 1
Drop 0 0 0
Drop 0 0 1
Drop 0 0 0
Malus 0 0 1
Bonus 0 0 0
Drop 0 0 1
GAMEOVER DRAW
# Game ended: Sat Apr 11 20:33:00 EDT 2020
