# Server version 0.08 running on 192.168.2.221:8123
# Game ID: 140
# Board class: Saboteur.SaboteurBoard
# Timeout: 2000
# First Move Timeout: 30000
# Date: Sat Apr 11 16:21:22 EDT 2020
# Player 1: Player-0, 'RandomPlayer', running on 127.0.0.1
# Player 2: Player-1, '260729564', running on 127.0.0.1
START Player-0 RandomPlayer
START Player-1 260729564
BoardInit:Tile:7,Tile:8,Tile:9,Tile:7,Tile:6,Tile:8,Destroy,Map,Map,Bonus,Tile:10,Tile:5,Tile:10,Map,Bonus,Tile:3,Tile:0,Tile:7,Tile:9,Tile:10,Map,Bonus,Bonus,Tile:6,Tile:4,Destroy,Tile:7,Tile:8,Tile:12,Map,Tile:7,Tile:11,Tile:0,Tile:5,Tile:5,Destroy,Tile:6,Tile:9,Tile:2,Tile:9,Tile:0-Tile:6,Tile:9,Tile:0,Tile:6,Tile:15,Tile:8,Tile:8-Malus,Tile:1,Tile:5,Tile:14,Tile:13,Malus,Map-Tile:hidden1,Tile:nugget,Tile:hidden2
Tile:8 6 5 1
Tile:13 6 6 0
Tile:8 7 5 1
Tile:5_flip 8 5 0
Tile:9 8 4 1
Malus 0 0 0
Drop 3 0 1
Drop 2 0 0
Drop 0 0 1
Tile:8 7 6 0
Drop 6 0 1
Map 12 7 0
Drop 0 0 1
Tile:8 6 4 0
Drop 0 0 1
Drop 5 0 0
Bonus 0 0 1
Map 12 5 0
Tile:6 9 4 1
Tile:7 7 4 0
Tile:0 10 4 1
Tile:1 8 6 0
Map 12 3 1
Tile:14_flip 5 4 0
Tile:9_flip 11 4 1
Tile:7 8 3 0
Tile:9 11 5 1
GAMEOVER WINNER 1
# Game ended: Sat Apr 11 16:21:23 EDT 2020
