# Server version 0.08 running on 192.168.2.221:8123
# Game ID: 122
# Board class: Saboteur.SaboteurBoard
# Timeout: 2000
# First Move Timeout: 30000
# Date: Sat Apr 11 16:20:07 EDT 2020
# Player 1: Player-0, 'RandomPlayer', running on 127.0.0.1
# Player 2: Player-1, '260729564', running on 127.0.0.1
START Player-0 RandomPlayer
START Player-1 260729564
BoardInit:Malus,Tile:0,Tile:6,Tile:13,Destroy,Malus,Tile:8,Tile:5,Map,Map,Bonus,Tile:10,Tile:9,Tile:11,Tile:4,Tile:2,Bonus,Tile:7,Tile:10,Tile:8,Tile:0,Tile:9,Tile:5,Tile:6,Tile:9,Map,Map,Tile:9,Tile:1,Tile:0,Tile:8,Tile:10,Destroy,Destroy,Map,Tile:14,Tile:15,Tile:7,Tile:5,Tile:6,Tile:5-Tile:8,Tile:7,Tile:6,Map,Tile:0,Tile:8,Tile:3-Tile:7,Tile:6,Bonus,Tile:9,Bonus,Tile:7,Tile:12-Tile:nugget,Tile:hidden1,Tile:hidden2
Map 12 3 1
Tile:7 6 5 0
Malus 0 0 1
Bonus 0 0 0
Tile:8 5 4 1
Tile:9 5 6 0
Tile:8 5 3 1
Tile:6_flip 4 5 0
Tile:8 6 3 1
Tile:13 5 7 0
Tile:6 7 3 1
Drop 3 0 0
Tile:0 8 3 1
Tile:12_flip 4 7 0
Tile:9_flip 9 3 1
Tile:10 9 2 0
Tile:6 9 4 1
Tile:5 8 4 0
Tile:7 10 4 1
Tile:11 3 5 0
Tile:10 10 5 1
Tile:7 6 7 0
Drop 0 0 1
Tile:2_flip 3 6 0
Tile:5 7 2 1
Tile:9_flip 5 8 0
Tile:9 9 1 1
Tile:7_flip 6 8 0
Tile:0 10 1 1
Tile:9 5 2 0
Drop 1 0 1
Malus 0 0 0
Bonus 0 0 1
Tile:8 7 8 0
Tile:8 11 1 1
Tile:10 9 0 0
Drop 1 0 1
Tile:0 4 8 0
Drop 2 0 1
Destroy 3 6 0
Tile:5_flip 8 2 1
Tile:6_flip 3 8 0
Tile:5_flip 12 1 1
Tile:7_flip 4 4 0
Drop 2 0 1
Tile:6 10 6 0
Drop 3 0 1
Tile:14 11 2 0
Drop 3 0 1
Drop 2 0 0
Destroy 5 6 1
Map 12 7 0
Destroy 7 2 1
Drop 0 0 0
Drop 0 0 1
GAMEOVER DRAW
# Game ended: Sat Apr 11 16:20:08 EDT 2020
