# Server version 0.08 running on 192.168.2.221:8123
# Game ID: 710
# Board class: Saboteur.SaboteurBoard
# Timeout: 2000
# First Move Timeout: 30000
# Date: Sat Apr 11 21:07:14 EDT 2020
# Player 1: Player-0, 'RandomPlayer', running on 127.0.0.1
# Player 2: Player-1, '260729564', running on 127.0.0.1
START Player-0 RandomPlayer
START Player-1 260729564
BoardInit:Map,Tile:6,Tile:13,Tile:0,Tile:9,Map,Tile:6,Tile:9,Tile:6,Bonus,Tile:1,Tile:10,Tile:0,Tile:5,Tile:11,Tile:9,Tile:6,Malus,Tile:7,Tile:8,Tile:9,Map,Tile:7,Tile:4,Tile:10,Tile:2,Tile:12,Bonus,Map,Map,Tile:7,Bonus,Destroy,Tile:0,Destroy,Tile:5,Tile:7,Tile:5,Tile:8,Tile:0,Tile:8-Map,Tile:3,Tile:7,Tile:6,Bonus,Tile:5,Tile:8-Malus,Tile:14,Tile:9,Tile:15,Tile:8,Tile:10,Destroy-Tile:hidden2,Tile:hidden1,Tile:nugget
Map 12 3 1
Tile:14 6 5 0
Map 12 5 1
Tile:10 6 4 0
Tile:8 5 6 1
Tile:6 4 5 0
Tile:6_flip 6 6 1
Tile:15 5 4 0
Tile:6 7 6 1
Tile:9_flip 5 3 0
Tile:6 8 6 1
Tile:9 3 5 0
Tile:9_flip 9 6 1
Tile:8 5 7 0
Tile:7_flip 9 7 1
Tile:5 7 5 0
Tile:0 10 7 1
Tile:10 3 6 0
Tile:6 11 7 1
GAMEOVER WINNER 1
# Game ended: Sat Apr 11 21:07:14 EDT 2020
