# Server version 0.08 running on 192.168.2.221:8123
# Game ID: 184
# Board class: Saboteur.SaboteurBoard
# Timeout: 2000
# First Move Timeout: 30000
# Date: Sat Apr 11 20:06:48 EDT 2020
# Player 1: Player-0, 'RandomPlayer', running on 127.0.0.1
# Player 2: Player-1, '260729564', running on 127.0.0.1
START Player-0 RandomPlayer
START Player-1 260729564
BoardInit:Destroy,Destroy,Destroy,Map,Tile:9,Tile:6,Tile:12,Malus,Malus,Tile:8,Tile:8,Tile:8,Tile:1,Tile:9,Tile:7,Bonus,Tile:6,Tile:5,Bonus,Map,Tile:0,Tile:7,Tile:7,Tile:8,Map,Map,Tile:13,Tile:4,Tile:14,Tile:6,Tile:11,Tile:0,Tile:10,Tile:5,Tile:7,Tile:6,Tile:5,Tile:0,Tile:9,Tile:0,Tile:3-Tile:10,Tile:7,Map,Bonus,Tile:5,Tile:15,Bonus-Tile:9,Tile:6,Tile:9,Map,Tile:8,Tile:10,Tile:2-Tile:hidden2,Tile:hidden1,Tile:nugget
Map 12 3 1
Map 12 7 0
Tile:7 6 5 1
Tile:8 4 5 0
Tile:5 5 4 1
Tile:6_flip 3 5 0
Tile:10 6 6 1
Tile:6 2 5 0
Tile:9 6 7 1
Destroy 6 6 0
Malus 0 0 1
Drop 1 0 0
Tile:8 6 6 1
Drop 6 0 0
Drop 1 0 1
Map 12 7 0
Tile:7 7 6 1
Drop 6 0 0
Tile:6 7 7 1
Drop 3 0 0
Drop 1 0 1
Map 12 7 0
Tile:0 8 7 1
Drop 0 0 0
Tile:7 9 7 1
Drop 2 0 0
Map 12 5 1
Drop 3 0 0
Drop 3 0 1
Drop 4 0 0
Drop 3 0 1
Map 12 3 0
Drop 3 0 1
Drop 6 0 0
Tile:10 9 8 1
Drop 3 0 0
Tile:7_flip 9 9 1
Drop 3 0 0
Tile:5_flip 10 9 1
Drop 6 0 0
Tile:9 10 8 1
Drop 2 0 0
Drop 3 0 1
Drop 1 0 0
Drop 3 0 1
Drop 3 0 0
Drop 3 0 1
Drop 0 0 0
Drop 3 0 1
Drop 2 0 0
Destroy 6 5 1
Drop 0 0 0
Destroy 6 7 1
Drop 0 0 0
Drop 0 0 1
GAMEOVER DRAW
# Game ended: Sat Apr 11 20:06:48 EDT 2020
