# Server version 0.08 running on 192.168.2.221:8123
# Game ID: 865
# Board class: Saboteur.SaboteurBoard
# Timeout: 2000
# First Move Timeout: 30000
# Date: Sat Apr 11 21:17:56 EDT 2020
# Player 1: Player-0, '260729564', running on 127.0.0.1
# Player 2: Player-1, 'RandomPlayer', running on 127.0.0.1
START Player-0 260729564
START Player-1 RandomPlayer
BoardInit:Tile:8,Tile:10,Bonus,Map,Tile:0,Map,Malus,Tile:9,Destroy,Bonus,Tile:5,Destroy,Tile:9,Tile:15,Tile:13,Tile:10,Bonus,Tile:9,Tile:7,Tile:14,Tile:9,Malus,Tile:7,Tile:10,Tile:6,Tile:6,Tile:5,Tile:7,Tile:6,Tile:12,Tile:11,Tile:6,Tile:7,Tile:0,Map,Tile:1,Map,Tile:7,Destroy,Tile:5,Tile:4-Tile:8,Tile:9,Bonus,Map,Tile:8,Tile:8,Tile:6-Tile:2,Map,Tile:8,Tile:5,Tile:0,Tile:0,Tile:3-Tile:nugget,Tile:hidden2,Tile:hidden1
Tile:6 6 5 1
Map 12 3 0
Tile:8 4 5 1
Tile:8 6 4 0
Map 12 7 1
Tile:0 7 4 0
Tile:8 6 3 1
Tile:0 8 4 0
Tile:8 5 3 1
Tile:9_flip 9 4 0
Destroy 9 4 1
Tile:5_flip 9 4 0
Tile:5 5 2 1
Tile:10 9 3 0
Tile:9 3 5 1
Drop 0 0 0
Tile:13 3 6 1
Tile:10 9 2 0
Tile:9_flip 6 2 1
Tile:9 9 1 0
Tile:7 3 4 1
Drop 0 0 0
Tile:9 4 4 1
Malus 0 0 0
Drop 5 0 1
Tile:10 9 0 0
Drop 3 0 1
Tile:6 10 1 0
Drop 4 0 1
Tile:7 11 1 0
Bonus 0 0 1
Drop 0 0 0
Tile:6 5 6 1
Tile:6 11 2 0
Tile:7 12 2 1
GAMEOVER WINNER 1
# Game ended: Sat Apr 11 21:17:56 EDT 2020
