# Server version 0.08 running on 192.168.2.221:8123
# Game ID: 1191
# Board class: Saboteur.SaboteurBoard
# Timeout: 2000
# First Move Timeout: 30000
# Date: Sat Apr 11 21:37:54 EDT 2020
# Player 1: Player-0, '260729564', running on 127.0.0.1
# Player 2: Player-1, 'RandomPlayer', running on 127.0.0.1
START Player-0 260729564
START Player-1 RandomPlayer
BoardInit:Tile:8,Tile:9,Tile:9,Tile:5,Tile:0,Tile:1,Tile:8,Tile:14,Tile:7,Tile:6,Tile:15,Map,Tile:8,Map,Tile:7,Tile:0,Destroy,Malus,Tile:4,Malus,Tile:7,Bonus,Bonus,Tile:2,Tile:5,Destroy,Tile:9,Destroy,Tile:7,Tile:9,Tile:6,Tile:6,Tile:6,Tile:0,Tile:0,Tile:10,Tile:8,Tile:11,Tile:10,Tile:9,Tile:7-Map,Tile:5,Map,Bonus,Tile:10,Tile:13,Tile:3-Tile:12,Map,Tile:8,Tile:5,Map,Bonus,Tile:6-Tile:nugget,Tile:hidden1,Tile:hidden2
Map 12 3 1
Map 12 3 0
Drop 1 0 1
Tile:8 5 4 0
Drop 1 0 1
Tile:9_flip 6 4 0
Tile:13 6 5 1
Tile:6_flip 6 3 0
Tile:8 5 6 1
Tile:5_flip 7 3 0
Tile:5 5 3 1
Tile:6_flip 7 2 0
Tile:7_flip 4 4 1
Tile:5_flip 8 2 0
Tile:9 4 6 1
Drop 0 0 0
Tile:3 8 1 1
Tile:0 7 1 0
Drop 1 0 1
Malus 0 0 0
Destroy 5 3 1
Malus 0 0 0
Drop 0 0 1
Drop 0 0 0
Drop 5 0 1
Drop 1 0 0
Drop 0 0 1
Drop 1 0 0
Drop 6 0 1
Drop 1 0 0
Drop 1 0 1
Tile:9_flip 6 6 0
Drop 4 0 1
Tile:6 6 2 0
Drop 0 0 1
Tile:0 5 2 0
Drop 4 0 1
Tile:10 6 7 0
Drop 0 0 1
Drop 1 0 0
Drop 4 0 1
Tile:9 6 1 0
Drop 5 0 1
Drop 1 0 0
Drop 4 0 1
Drop 1 0 0
Drop 3 0 1
Drop 3 0 0
Drop 2 0 1
Destroy 6 5 0
Drop 0 0 1
Destroy 4 4 0
Bonus 0 0 1
Drop 0 0 0
Drop 0 0 1
GAMEOVER DRAW
# Game ended: Sat Apr 11 21:37:55 EDT 2020
