# Server version 0.08 running on 192.168.2.221:8123
# Game ID: 777
# Board class: Saboteur.SaboteurBoard
# Timeout: 2000
# First Move Timeout: 30000
# Date: Sat Apr 11 21:10:15 EDT 2020
# Player 1: Player-0, '260729564', running on 127.0.0.1
# Player 2: Player-1, 'RandomPlayer', running on 127.0.0.1
START Player-0 260729564
START Player-1 RandomPlayer
BoardInit:Tile:14,Tile:6,Tile:9,Tile:8,Tile:10,Tile:7,Tile:10,Tile:7,Tile:0,Tile:6,Tile:0,Tile:7,Bonus,Map,Tile:6,Tile:8,Tile:5,Tile:10,Tile:15,Destroy,Bonus,Bonus,Malus,Bonus,Tile:12,Map,Tile:9,Map,Tile:6,Tile:8,Tile:5,Tile:8,Tile:9,Tile:7,Tile:13,Malus,Map,Destroy,Map,Destroy,Tile:11-Tile:0,Tile:9,Tile:8,Tile:2,Tile:5,Tile:9,Tile:1-Tile:5,Tile:3,Tile:4,Tile:0,Tile:7,Tile:6,Map-Tile:hidden2,Tile:hidden1,Tile:nugget
Tile:8 5 6 1
Map 12 3 0
Tile:1 6 5 1
Tile:0 6 6 0
Drop 3 0 1
Tile:8 7 6 0
Drop 5 0 1
Tile:6 8 6 0
Tile:9 4 5 1
Tile:6 9 6 0
Tile:0 10 6 1
Tile:6 11 6 0
Tile:9_flip 7 5 1
Tile:5_flip 12 6 0
Tile:2 4 4 1
Tile:7 13 5 0
Tile:10 9 5 1
Tile:8 11 5 0
Tile:6 7 7 1
Tile:10 13 6 0
Tile:14_flip 9 4 1
Tile:7_flip 13 7 0
Tile:15 11 4 1
Tile:7_flip 10 5 0
Tile:5_flip 5 7 1
Tile:7 8 7 0
Tile:12_flip 6 7 1
Destroy 12 6 0
Tile:10 8 8 1
Drop 0 0 0
Tile:0 3 4 1
Tile:8 8 9 0
Tile:9_flip 12 6 1
GAMEOVER WINNER 1
# Game ended: Sat Apr 11 21:10:17 EDT 2020
