# Server version 0.08 running on 192.168.2.221:8123
# Game ID: 819
# Board class: Saboteur.SaboteurBoard
# Timeout: 2000
# First Move Timeout: 30000
# Date: Sat Apr 11 21:13:27 EDT 2020
# Player 1: Player-0, '260729564', running on 127.0.0.1
# Player 2: Player-1, 'RandomPlayer', running on 127.0.0.1
START Player-0 260729564
START Player-1 RandomPlayer
BoardInit:Destroy,Tile:7,Tile:6,Tile:11,Tile:9,Tile:6,Tile:10,Tile:7,Tile:7,Tile:5,Tile:2,Tile:0,Tile:15,Map,Map,Tile:0,Tile:8,Bonus,Map,Bonus,Tile:0,Tile:9,Tile:8,Tile:0,Tile:8,Malus,Malus,Tile:5,Tile:9,Tile:12,Destroy,Tile:10,Tile:6,Tile:9,Tile:5,Destroy,Tile:10,Tile:6,Tile:8,Tile:5,Tile:13-Tile:7,Tile:8,Bonus,Tile:3,Map,Tile:6,Tile:1-Tile:9,Map,Tile:4,Tile:14,Map,Bonus,Tile:7-Tile:nugget,Tile:hidden1,Tile:hidden2
Tile:3_flip 5 6 1
Map 12 3 0
Tile:7 6 5 1
Tile:9 5 4 0
Destroy 6 5 1
Tile:7 6 4 0
Tile:9_flip 6 5 1
Tile:6 6 6 0
Tile:6 7 6 1
Tile:7 8 6 0
Tile:6_flip 5 3 1
Tile:7_flip 8 7 0
Tile:2 9 7 1
Tile:0 6 3 0
Tile:15 9 8 1
Tile:5_flip 7 3 0
Tile:8 7 2 1
Tile:0 8 2 0
Tile:7_flip 4 3 1
Drop 0 0 0
Map 12 5 1
Drop 0 0 0
Map 12 3 1
Tile:9_flip 9 2 0
Tile:1 6 2 1
Tile:0 5 2 0
Tile:8 4 2 1
Malus 0 0 0
Drop 2 0 1
Tile:5 9 1 0
Drop 4 0 1
Drop 0 0 0
Destroy 9 2 1
Tile:10 7 5 0
Drop 4 0 1
Tile:9_flip 9 2 0
Drop 4 0 1
Drop 1 0 0
Drop 0 0 1
Tile:6 10 1 0
Drop 2 0 1
Tile:5_flip 11 1 0
Drop 0 0 1
Drop 1 0 0
Drop 4 0 1
Drop 1 0 0
Drop 2 0 1
Drop 1 0 0
Drop 0 0 1
Drop 1 0 0
Drop 0 0 1
Destroy 5 2 0
Drop 1 0 1
Drop 0 0 0
Drop 0 0 1
GAMEOVER DRAW
# Game ended: Sat Apr 11 21:13:27 EDT 2020
