# Server version 0.08 running on 192.168.2.221:8123
# Game ID: 1193
# Board class: Saboteur.SaboteurBoard
# Timeout: 2000
# First Move Timeout: 30000
# Date: Sat Apr 11 21:37:58 EDT 2020
# Player 1: Player-0, '260729564', running on 127.0.0.1
# Player 2: Player-1, 'RandomPlayer', running on 127.0.0.1
START Player-0 260729564
START Player-1 RandomPlayer
BoardInit:Tile:6,Map,Tile:6,Tile:7,Tile:8,Tile:5,Tile:0,Tile:8,Tile:10,Destroy,Tile:10,Bonus,Tile:8,Tile:2,Tile:7,Tile:7,Tile:0,Tile:7,Tile:9,Bonus,Bonus,Destroy,Tile:1,Destroy,Tile:9,Tile:5,Tile:8,Tile:0,Tile:14,Tile:7,Tile:5,Bonus,Tile:8,Tile:0,Tile:5,Malus,Tile:6,Tile:3,Tile:9,Malus,Map-Map,Tile:6,Tile:6,Tile:9,Map,Tile:10,Tile:12-Map,Tile:9,Tile:4,Tile:15,Tile:11,Tile:13,Map-Tile:hidden1,Tile:hidden2,Tile:nugget
Tile:6 6 5 1
Map 12 3 0
Tile:9 5 4 1
Map 12 5 0
Drop 1 0 1
Tile:7 7 5 0
Tile:8 7 6 1
Tile:9_flip 8 6 0
Tile:10 8 7 1
Tile:8 8 8 0
Tile:6_flip 6 4 1
Tile:5_flip 9 8 0
Map 12 7 1
Drop 0 0 0
Map 12 3 1
Drop 0 0 0
Tile:10 8 5 1
Tile:7_flip 8 9 0
Tile:10 7 7 1
Tile:7 9 9 0
Tile:6 7 4 1
Drop 0 0 0
Tile:9 5 6 1
Drop 0 0 0
Tile:1 6 6 1
Drop 0 0 0
Tile:7 7 3 1
Tile:5 9 7 0
Tile:0 6 3 1
Tile:0 10 7 0
Tile:8 11 7 1
GAMEOVER WINNER 1
# Game ended: Sat Apr 11 21:37:58 EDT 2020
