# Server version 0.08 running on 192.168.2.221:8123
# Game ID: 1196
# Board class: Saboteur.SaboteurBoard
# Timeout: 2000
# First Move Timeout: 30000
# Date: Sat Apr 11 21:38:03 EDT 2020
# Player 1: Player-0, 'RandomPlayer', running on 127.0.0.1
# Player 2: Player-1, '260729564', running on 127.0.0.1
START Player-0 RandomPlayer
START Player-1 260729564
BoardInit:Tile:5,Tile:9,Malus,Bonus,Bonus,Tile:5,Tile:5,Tile:9,Tile:10,Tile:10,Tile:0,Tile:6,Tile:6,Tile:8,Tile:3,Tile:13,Tile:0,Tile:6,Destroy,Malus,Tile:2,Bonus,Tile:11,Tile:5,Map,Tile:1,Tile:0,Map,Tile:15,Tile:9,Tile:9,Tile:12,Tile:7,Map,Tile:9,Map,Bonus,Tile:7,Tile:8,Destroy,Tile:7-Tile:4,Tile:6,Map,Tile:8,Tile:8,Tile:6,Tile:7-Tile:7,Tile:0,Tile:10,Tile:8,Tile:14,Destroy,Map-Tile:nugget,Tile:hidden1,Tile:hidden2
Map 12 3 1
Tile:7_flip 5 6 0
Tile:8 5 4 1
Tile:8 4 5 0
Malus 0 0 1
Drop 4 0 0
Tile:8 6 4 1
Destroy 5 4 0
Tile:6 6 5 1
Drop 5 0 0
Tile:6 7 4 1
Bonus 0 0 0
Tile:0 8 4 1
Tile:9_flip 6 3 0
Tile:6 9 4 1
Tile:9 9 3 0
Tile:7 10 4 1
Tile:14_flip 5 3 0
Tile:0 10 3 1
Tile:8 11 3 0
GAMEOVER WINNER 0
# Game ended: Sat Apr 11 21:38:03 EDT 2020
