# Server version 0.08 running on 192.168.2.221:8123
# Game ID: 884
# Board class: Saboteur.SaboteurBoard
# Timeout: 2000
# First Move Timeout: 30000
# Date: Sat Apr 11 21:18:44 EDT 2020
# Player 1: Player-0, 'RandomPlayer', running on 127.0.0.1
# Player 2: Player-1, '260729564', running on 127.0.0.1
START Player-0 RandomPlayer
START Player-1 260729564
BoardInit:Tile:14,Tile:2,Destroy,Tile:6,Map,Map,Tile:1,Tile:0,Tile:10,Tile:6,Tile:4,Tile:9,Map,Bonus,Tile:10,Tile:6,Tile:8,Tile:7,Tile:9,Bonus,Tile:5,Tile:5,Tile:8,Tile:11,Tile:13,Destroy,Tile:15,Tile:0,Tile:0,Tile:9,Tile:6,Tile:9,Tile:12,Tile:8,Destroy,Malus,Tile:10,Tile:7,Map,Tile:7,Tile:5-Tile:5,Tile:7,Tile:3,Bonus,Malus,Tile:8,Tile:7-Tile:8,Tile:0,Tile:9,Map,Tile:6,Map,Bonus-Tile:hidden2,Tile:hidden1,Tile:nugget
Malus 0 0 1
Drop 3 0 0
Tile:8 6 5 1
Drop 5 0 0
Tile:5_flip 7 5 1
Drop 2 0 0
Map 12 3 1
Drop 1 0 0
Tile:7_flip 6 6 1
Drop 1 0 0
Tile:10 7 4 1
Drop 3 0 0
Tile:7 7 6 1
Drop 5 0 0
Map 12 5 1
Map 12 3 0
Tile:10 7 7 1
Drop 0 0 0
Tile:8 7 8 1
Bonus 0 0 0
Tile:9_flip 8 8 1
Tile:7_flip 7 9 0
Tile:5 8 7 1
Map 12 7 0
Tile:8 9 7 1
Tile:9_flip 9 6 0
Drop 0 0 1
Tile:11_flip 5 6 0
Drop 1 0 1
Destroy 6 5 0
Drop 2 0 1
Tile:2 5 4 0
Tile:6_flip 6 5 1
Tile:6 4 4 0
Tile:0 10 7 1
Tile:9 7 3 0
Drop 2 0 1
Tile:5 9 5 0
Tile:10 9 8 1
Tile:8 6 8 0
Drop 2 0 1
Tile:7 6 7 0
Tile:5_flip 11 7 1
Tile:9 5 8 0
Destroy 11 7 1
Drop 3 0 0
Drop 1 0 1
Tile:7_flip 8 6 0
Drop 1 0 1
Drop 2 0 0
Drop 2 0 1
Tile:0 4 5 0
Destroy 5 4 1
Drop 0 0 0
Drop 0 0 1
GAMEOVER DRAW
# Game ended: Sat Apr 11 21:18:45 EDT 2020
