# Server version 0.08 running on 192.168.2.221:8123
# Game ID: 254
# Board class: Saboteur.SaboteurBoard
# Timeout: 2000
# First Move Timeout: 30000
# Date: Sat Apr 11 20:12:54 EDT 2020
# Player 1: Player-0, 'RandomPlayer', running on 127.0.0.1
# Player 2: Player-1, '260729564', running on 127.0.0.1
START Player-0 RandomPlayer
START Player-1 260729564
BoardInit:Tile:11,Tile:6,Map,Tile:0,Tile:7,Destroy,Tile:7,Bonus,Map,Tile:7,Tile:9,Tile:14,Tile:8,Tile:6,Tile:13,Tile:8,Tile:4,Tile:1,Tile:8,Tile:15,Tile:9,Bonus,Malus,Destroy,Tile:8,Tile:7,Tile:7,Tile:5,Malus,Tile:8,Tile:6,Map,Tile:10,Bonus,Bonus,Tile:10,Tile:9,Tile:10,Tile:0,Destroy,Map-Tile:9,Tile:6,Tile:2,Tile:5,Tile:5,Tile:0,Map-Map,Tile:5,Tile:6,Tile:0,Tile:12,Tile:3,Tile:9-Tile:hidden1,Tile:nugget,Tile:hidden2
Map 12 3 1
Tile:9 5 6 0
Tile:6 6 6 1
Tile:6_flip 5 4 0
Map 12 5 1
Tile:3_flip 4 4 0
Tile:0 7 6 1
Tile:6_flip 6 5 0
Tile:9_flip 8 6 1
Tile:5_flip 7 5 0
Tile:5 8 5 1
Tile:12 6 4 0
Tile:9_flip 9 5 1
Destroy 6 5 0
Tile:8 9 4 1
Tile:0 4 5 0
Tile:5_flip 10 4 1
Tile:7_flip 8 7 0
Tile:7_flip 9 6 1
Drop 1 0 0
Tile:8 10 6 1
Map 12 7 0
Tile:9_flip 11 6 1
Tile:14 11 7 0
Malus 0 0 1
Destroy 8 6 0
Tile:8 5 7 1
Drop 5 0 0
Tile:7 6 7 1
Drop 6 0 0
Malus 0 0 1
Drop 1 0 0
Tile:6_flip 6 5 1
Map 12 7 0
Tile:10 7 4 1
Drop 4 0 0
Tile:7_flip 8 4 1
Drop 3 0 0
Tile:9_flip 8 6 1
Bonus 0 0 0
Tile:0 9 7 1
Destroy 10 4 0
Drop 0 0 1
Bonus 0 0 0
Drop 0 0 1
Tile:8 10 7 0
Drop 0 0 1
Tile:10 6 8 0
Drop 0 0 1
Tile:1 3 5 0
Drop 0 0 1
Tile:10 5 8 0
Drop 1 0 1
Tile:8 5 9 0
Drop 0 0 1
GAMEOVER DRAW
# Game ended: Sat Apr 11 20:12:54 EDT 2020
