# Server version 0.08 running on 192.168.2.221:8123
# Game ID: 430
# Board class: Saboteur.SaboteurBoard
# Timeout: 2000
# First Move Timeout: 30000
# Date: Sat Apr 11 20:35:27 EDT 2020
# Player 1: Player-0, 'RandomPlayer', running on 127.0.0.1
# Player 2: Player-1, '260729564', running on 127.0.0.1
START Player-0 RandomPlayer
START Player-1 260729564
BoardInit:Destroy,Tile:9,Tile:10,Tile:5,Tile:0,Tile:9,Tile:5,Tile:2,Tile:13,Tile:9,Tile:3,Tile:7,Tile:10,Tile:15,Bonus,Tile:6,Tile:6,Tile:5,Tile:6,Tile:7,Destroy,Tile:7,Tile:4,Map,Tile:0,Bonus,Tile:6,Tile:8,Tile:8,Tile:7,Malus,Tile:12,Map,Tile:0,Map,Tile:8,Tile:9,Tile:8,Tile:5,Tile:11,Tile:10-Map,Tile:1,Tile:14,Malus,Bonus,Tile:6,Tile:7-Map,Destroy,Bonus,Map,Tile:8,Tile:9,Tile:0-Tile:nugget,Tile:hidden1,Tile:hidden2
Map 12 3 1
Drop 2 0 0
Malus 0 0 1
Drop 2 0 0
Tile:10 5 4 1
Map 12 7 0
Tile:6 6 5 1
Drop 5 0 0
Tile:0 7 5 1
Destroy 6 5 0
Tile:5 5 3 1
Drop 4 0 0
Tile:7 6 3 1
Drop 0 0 0
Tile:10 6 4 1
Drop 0 0 0
Drop 0 0 1
Drop 5 0 0
Tile:6 6 5 1
Drop 3 0 0
Tile:6 8 5 1
Drop 2 0 0
Drop 0 0 1
Drop 0 0 0
Drop 2 0 1
Drop 4 0 0
Tile:0 9 5 1
Map 12 7 0
Tile:6 10 5 1
Drop 6 0 0
Tile:8 10 4 1
Drop 1 0 0
Malus 0 0 1
Drop 4 0 0
Drop 2 0 1
Drop 3 0 0
Drop 2 0 1
Drop 3 0 0
Tile:9_flip 11 4 1
Drop 6 0 0
Tile:5 11 3 1
GAMEOVER WINNER 1
# Game ended: Sat Apr 11 20:35:27 EDT 2020
