# Server version 0.08 running on 192.168.2.221:8123
# Game ID: 883
# Board class: Saboteur.SaboteurBoard
# Timeout: 2000
# First Move Timeout: 30000
# Date: Sat Apr 11 21:18:41 EDT 2020
# Player 1: Player-0, '260729564', running on 127.0.0.1
# Player 2: Player-1, 'RandomPlayer', running on 127.0.0.1
START Player-0 260729564
START Player-1 RandomPlayer
BoardInit:Tile:0,Tile:0,Bonus,Tile:6,Tile:6,Tile:9,Tile:9,Tile:9,Malus,Tile:5,Tile:1,Tile:5,Map,Tile:7,Tile:9,Tile:14,Tile:7,Tile:10,Bonus,Tile:6,Tile:2,Tile:0,Destroy,Tile:12,Tile:0,Map,Tile:8,Tile:7,Map,Tile:10,Bonus,Tile:9,Tile:6,Tile:3,Tile:4,Bonus,Tile:7,Malus,Tile:5,Tile:13,Tile:6-Destroy,Tile:8,Map,Tile:8,Tile:5,Tile:8,Tile:11-Tile:8,Tile:7,Map,Destroy,Tile:15,Map,Tile:10-Tile:hidden1,Tile:nugget,Tile:hidden2
Tile:11 5 4 1
Map 12 3 0
Tile:5_flip 6 5 1
Map 12 5 0
Tile:8 6 4 1
Tile:8 7 4 0
Tile:6_flip 4 5 1
Tile:0 8 4 0
Tile:8 5 6 1
Tile:6 9 4 0
Tile:9 4 6 1
Tile:9_flip 10 4 0
Destroy 6 5 1
Tile:9_flip 6 6 0
Map 12 7 1
Tile:7_flip 6 7 0
Tile:9 7 5 1
Tile:7_flip 7 6 0
Tile:7 8 6 1
Tile:10 5 7 0
Tile:0 8 5 1
Tile:6_flip 7 7 0
Tile:8 8 7 1
Tile:0 9 5 0
Drop 2 0 1
Tile:10 10 3 0
Malus 0 0 1
Drop 1 0 0
Tile:8 10 2 1
Drop 3 0 0
Destroy 10 4 1
Drop 3 0 0
Tile:0 3 5 1
Drop 3 0 0
Map 12 7 1
Drop 6 0 0
Tile:2 10 5 1
Bonus 0 0 0
Tile:4 9 3 1
Malus 0 0 0
Drop 0 0 1
Tile:9_flip 9 7 0
Map 12 3 1
Tile:10 7 3 0
Drop 3 0 1
Tile:5 9 6 0
Drop 4 0 1
Tile:7_flip 9 8 0
Drop 0 0 1
Tile:5_flip 10 8 0
Drop 0 0 1
Drop 1 0 0
Drop 1 0 1
Destroy 4 5 0
Drop 0 0 1
GAMEOVER DRAW
# Game ended: Sat Apr 11 21:18:43 EDT 2020
