# Server version 0.08 running on 192.168.2.221:8123
# Game ID: 1204
# Board class: Saboteur.SaboteurBoard
# Timeout: 2000
# First Move Timeout: 30000
# Date: Sat Apr 11 21:38:29 EDT 2020
# Player 1: Player-0, 'RandomPlayer', running on 127.0.0.1
# Player 2: Player-1, '260729564', running on 127.0.0.1
START Player-0 RandomPlayer
START Player-1 260729564
BoardInit:Tile:11,Tile:6,Destroy,Tile:3,Tile:10,Tile:8,Tile:2,Tile:13,Bonus,Tile:7,Tile:5,Tile:8,Map,Tile:8,Bonus,Tile:9,Tile:0,Tile:9,Destroy,Tile:6,Tile:1,Map,Tile:5,Malus,Destroy,Tile:0,Tile:0,Tile:14,Map,Map,Map,Map,Bonus,Tile:8,Tile:12,Tile:7,Tile:7,Tile:9,Tile:8,Tile:6,Tile:4-Tile:6,Tile:5,Bonus,Tile:7,Tile:10,Tile:5,Tile:0-Tile:15,Tile:9,Tile:10,Malus,Tile:6,Tile:7,Tile:9-Tile:nugget,Tile:hidden1,Tile:hidden2
Tile:5_flip 6 5 1
Tile:9_flip 6 4 0
Tile:10 6 3 1
Tile:9 5 4 0
Tile:6_flip 6 2 1
Drop 2 0 0
Tile:10 5 6 1
Tile:6_flip 5 2 0
Tile:0 7 2 1
Tile:3 8 2 0
Tile:7_flip 5 7 1
Tile:15 5 3 0
Tile:5_flip 6 7 1
Drop 0 0 0
Map 12 3 1
Tile:8 8 3 0
Tile:5 7 3 1
Tile:7 9 3 0
Drop 1 0 1
Tile:9 8 4 0
Drop 2 0 1
Drop 4 0 0
Drop 2 0 1
Tile:13 8 5 0
Tile:5 7 5 1
Map 12 3 0
Drop 2 0 1
Tile:6 4 5 0
Drop 4 0 1
Tile:14_flip 6 6 0
Drop 6 0 1
Tile:7 4 4 0
Drop 6 0 1
Tile:6_flip 4 2 0
Drop 6 0 1
Map 12 3 0
Drop 6 0 1
Tile:8 3 5 0
Destroy 4 2 1
Tile:8 9 4 0
Destroy 5 3 1
Tile:0 10 4 0
Drop 6 0 1
Tile:9_flip 7 6 0
Tile:7_flip 7 7 1
Drop 3 0 0
Destroy 4 5 1
Tile:6 4 5 0
Drop 2 0 1
Map 12 5 0
Tile:8 11 4 1
Tile:7_flip 3 6 0
Tile:0 2 5 1
Drop 0 0 0
Drop 0 0 1
GAMEOVER DRAW
# Game ended: Sat Apr 11 21:38:30 EDT 2020
