# Server version 0.08 running on 192.168.2.221:8123
# Game ID: 679
# Board class: Saboteur.SaboteurBoard
# Timeout: 2000
# First Move Timeout: 30000
# Date: Sat Apr 11 21:05:39 EDT 2020
# Player 1: Player-0, '260729564', running on 127.0.0.1
# Player 2: Player-1, 'RandomPlayer', running on 127.0.0.1
START Player-0 260729564
START Player-1 RandomPlayer
BoardInit:Destroy,Tile:9,Malus,Tile:14,Tile:7,Map,Map,Tile:5,Tile:0,Tile:7,Bonus,Tile:11,Tile:9,Destroy,Tile:6,Tile:9,Tile:0,Tile:13,Tile:7,Tile:10,Tile:8,Tile:6,Destroy,Tile:5,Tile:6,Map,Bonus,Tile:8,Tile:7,Tile:0,Bonus,Tile:8,Tile:12,Map,Tile:8,Map,Malus,Tile:10,Tile:8,Tile:9,Tile:4-Tile:6,Tile:5,Bonus,Tile:7,Tile:1,Map,Tile:6-Tile:10,Tile:9,Tile:0,Tile:3,Tile:15,Tile:5,Tile:2-Tile:hidden2,Tile:nugget,Tile:hidden1
Tile:6 5 6 1
Tile:0 6 6 0
Tile:6 6 5 1
Tile:9_flip 7 6 0
Tile:7 7 5 1
Tile:5 6 4 0
Tile:5 4 6 1
Map 12 3 0
Malus 0 0 1
Drop 1 0 0
Drop 1 0 1
Drop 1 0 0
Map 12 5 1
Drop 1 0 0
Map 12 3 1
Drop 2 0 0
Tile:7 5 4 1
Drop 4 0 0
Tile:6 4 4 1
Drop 6 0 0
Destroy 5 6 1
Drop 0 0 0
Tile:9_flip 4 3 1
Drop 0 0 0
Tile:0 3 3 1
Drop 0 0 0
Tile:8 5 6 1
Drop 6 0 0
Tile:6 5 7 1
Drop 0 0 0
Tile:7 6 7 1
Drop 0 0 0
Destroy 7 6 1
Drop 0 0 0
Drop 3 0 1
Drop 6 0 0
Tile:7_flip 4 7 1
Drop 6 0 0
Tile:0 4 5 1
Drop 0 0 0
Drop 0 0 1
Drop 0 0 0
Drop 0 0 1
Drop 0 0 0
Tile:12_flip 3 4 1
Drop 0 0 0
Tile:8 7 6 1
Drop 0 0 0
Tile:8 2 3 1
Drop 0 0 0
Tile:4 2 2 1
Drop 0 0 0
Malus 0 0 1
Drop 0 0 0
Drop 0 0 1
GAMEOVER DRAW
# Game ended: Sat Apr 11 21:05:39 EDT 2020
