# Server version 0.08 running on 192.168.2.221:8123
# Game ID: 684
# Board class: Saboteur.SaboteurBoard
# Timeout: 2000
# First Move Timeout: 30000
# Date: Sat Apr 11 21:06:02 EDT 2020
# Player 1: Player-0, 'RandomPlayer', running on 127.0.0.1
# Player 2: Player-1, '260729564', running on 127.0.0.1
START Player-0 RandomPlayer
START Player-1 260729564
BoardInit:Tile:15,Bonus,Tile:13,Map,Destroy,Tile:11,Tile:9,Tile:7,Tile:6,Tile:3,Tile:10,Bonus,Tile:9,Tile:7,Tile:1,Tile:0,Tile:8,Tile:6,Malus,Map,Map,Tile:10,Tile:4,Map,Tile:5,Tile:8,Tile:0,Tile:8,Tile:8,Tile:7,Malus,Tile:7,Tile:2,Tile:14,Bonus,Tile:7,Tile:9,Tile:6,Tile:0,Tile:9,Tile:12-Destroy,Tile:10,Tile:0,Tile:6,Tile:8,Destroy,Tile:5-Bonus,Tile:5,Map,Tile:9,Tile:5,Map,Tile:6-Tile:hidden1,Tile:nugget,Tile:hidden2
Tile:8 6 5 1
Drop 5 0 0
Tile:0 7 5 1
Tile:9 5 6 0
Tile:6 8 5 1
Tile:6 5 7 0
Tile:5_flip 9 5 1
Tile:5 9 4 0
Tile:9_flip 10 4 1
Tile:11 10 3 0
Tile:6 6 6 1
Tile:3 8 4 0
Tile:10 10 5 1
Tile:5 10 2 0
Tile:10 10 6 1
Tile:7 11 3 0
Tile:9 11 4 1
Map 12 3 0
Tile:8 10 7 1
Tile:6 12 4 0
Malus 0 0 1
Map 12 5 0
Map 12 3 1
Drop 1 0 0
Destroy 11 3 1
Map 12 3 0
Tile:5_flip 11 7 1
Map 12 7 0
Tile:0 9 7 1
Drop 2 0 0
Tile:8 10 8 1
Drop 4 0 0
Malus 0 0 1
Drop 6 0 0
Destroy 11 7 1
Drop 4 0 0
Destroy 12 4 1
Drop 3 0 0
Tile:9 11 5 1
Bonus 0 0 0
Tile:0 11 7 1
Drop 4 0 0
Drop 0 0 1
Bonus 0 0 0
Drop 0 0 1
Tile:7 5 4 0
Drop 0 0 1
Tile:0 11 8 0
Drop 0 0 1
Tile:6_flip 11 3 0
Drop 0 0 1
Tile:14 11 2 0
Drop 1 0 1
Tile:9 10 9 0
Drop 0 0 1
GAMEOVER DRAW
# Game ended: Sat Apr 11 21:06:03 EDT 2020
