# Server version 0.08 running on 192.168.2.221:8123
# Game ID: 445
# Board class: Saboteur.SaboteurBoard
# Timeout: 2000
# First Move Timeout: 30000
# Date: Sat Apr 11 20:36:00 EDT 2020
# Player 1: Player-0, '260729564', running on 127.0.0.1
# Player 2: Player-1, 'RandomPlayer', running on 127.0.0.1
START Player-0 260729564
START Player-1 RandomPlayer
BoardInit:Destroy,Tile:0,Tile:7,Map,Tile:9,Tile:5,Tile:0,Tile:6,Tile:7,Bonus,Tile:13,Bonus,Tile:8,Tile:8,Tile:6,Tile:11,Tile:9,Tile:14,Tile:7,Malus,Bonus,Tile:10,Tile:15,Destroy,Tile:8,Tile:9,Malus,Tile:7,Tile:3,Tile:2,Map,Tile:8,Tile:6,Tile:6,Tile:10,Map,Destroy,Tile:7,Map,Tile:0,Tile:6-Tile:9,Tile:5,Tile:5,Tile:4,Tile:5,Map,Tile:9-Tile:12,Bonus,Map,Tile:1,Tile:10,Tile:0,Tile:8-Tile:nugget,Tile:hidden2,Tile:hidden1
Tile:5 5 4 1
Map 12 3 0
Tile:9 5 6 1
Tile:8 6 4 0
Tile:9 5 7 1
Tile:0 7 4 0
Tile:5_flip 6 7 1
Tile:0 8 4 0
Tile:7 6 3 1
Tile:6 9 4 0
Tile:9_flip 5 8 1
Tile:5_flip 10 4 0
Destroy 6 3 1
Tile:10 10 3 0
Map 12 5 1
Tile:8 10 2 0
Tile:5 4 5 1
Drop 0 0 0
Tile:4 9 3 1
Drop 1 0 0
Tile:13 6 6 1
Malus 0 0 0
Drop 3 0 1
Tile:10 10 1 0
Drop 5 0 1
Drop 1 0 0
Drop 0 0 1
Tile:9_flip 11 2 0
Drop 6 0 1
Tile:7_flip 11 3 0
GAMEOVER WINNER 0
# Game ended: Sat Apr 11 20:36:00 EDT 2020
