# Server version 0.08 running on 192.168.2.221:8123
# Game ID: 272
# Board class: Saboteur.SaboteurBoard
# Timeout: 2000
# First Move Timeout: 30000
# Date: Sat Apr 11 20:15:42 EDT 2020
# Player 1: Player-0, 'RandomPlayer', running on 127.0.0.1
# Player 2: Player-1, '260729564', running on 127.0.0.1
START Player-0 RandomPlayer
START Player-1 260729564
BoardInit:Tile:8,Tile:6,Map,Tile:6,Tile:4,Tile:13,Tile:0,Bonus,Tile:5,Tile:5,Map,Tile:7,Bonus,Tile:5,Tile:9,Destroy,Tile:10,Tile:14,Tile:7,Map,Tile:7,Tile:7,Tile:2,Tile:9,Malus,Tile:6,Tile:0,Bonus,Tile:9,Destroy,Bonus,Tile:6,Tile:10,Tile:3,Tile:5,Tile:9,Tile:9,Tile:8,Map,Tile:10,Tile:8-Tile:7,Tile:8,Map,Tile:15,Map,Tile:1,Tile:0-Tile:8,Malus,Destroy,Tile:0,Tile:12,Tile:11,Tile:6-Tile:hidden2,Tile:hidden1,Tile:nugget
Map 12 3 1
Drop 3 0 0
Map 12 5 1
Tile:11_flip 5 4 0
Tile:8 5 6 1
Tile:6_flip 6 6 0
Tile:8 7 6 1
Drop 2 0 0
Tile:0 8 6 1
Tile:6_flip 9 6 0
Tile:0 10 6 1
Tile:6 11 6 0
Tile:5_flip 12 6 1
Tile:8 7 7 0
Tile:7 13 5 1
Tile:5 4 5 0
Tile:9 13 6 1
Tile:13 5 3 0
Tile:10 13 7 1
Tile:12 6 5 0
Tile:7_flip 13 8 1
Drop 3 0 0
Tile:7 12 4 1
Tile:14 6 3 0
Drop 0 0 1
Tile:9 11 5 0
Malus 0 0 1
Drop 0 0 0
Tile:0 8 7 1
Drop 3 0 0
Tile:9_flip 7 8 1
Drop 2 0 0
Drop 0 0 1
Destroy 13 6 0
Tile:10 13 6 1
Drop 4 0 0
Tile:5 11 4 1
Drop 4 0 0
Tile:9_flip 9 7 1
Drop 0 0 0
Drop 0 0 1
Drop 2 0 0
Tile:8 9 8 1
Drop 1 0 0
Drop 0 0 1
Drop 3 0 0
Drop 0 0 1
Drop 0 0 0
Drop 1 0 1
Drop 2 0 0
Drop 1 0 1
Drop 0 0 0
Drop 1 0 1
Drop 0 0 0
Drop 0 0 1
GAMEOVER DRAW
# Game ended: Sat Apr 11 20:15:44 EDT 2020
