# Server version 0.08 running on 192.168.2.221:8123
# Game ID: 1413
# Board class: Saboteur.SaboteurBoard
# Timeout: 2000
# First Move Timeout: 30000
# Date: Sat Apr 11 22:05:28 EDT 2020
# Player 1: Player-0, '260729564', running on 127.0.0.1
# Player 2: Player-1, 'RandomPlayer', running on 127.0.0.1
START Player-0 260729564
START Player-1 RandomPlayer
BoardInit:Malus,Tile:6,Destroy,Tile:0,Tile:0,Tile:8,Tile:7,Map,Malus,Tile:9,Tile:8,Bonus,Tile:10,Tile:5,Tile:8,Map,Tile:9,Map,Tile:1,Tile:6,Tile:6,Tile:9,Bonus,Bonus,Tile:5,Destroy,Tile:7,Map,Tile:2,Bonus,Tile:10,Map,Tile:8,Tile:9,Tile:8,Tile:0,Tile:6,Map,Tile:7,Tile:6,Tile:7-Tile:5,Tile:15,Tile:7,Tile:9,Tile:13,Tile:14,Tile:5-Destroy,Tile:3,Tile:4,Tile:0,Tile:10,Tile:12,Tile:11-Tile:hidden1,Tile:hidden2,Tile:nugget
Tile:9 5 4 1
Tile:0 6 4 0
Tile:7_flip 5 6 1
Tile:6 7 4 0
Tile:5 7 3 1
Tile:0 8 4 0
Drop 4 0 1
Tile:8 9 4 0
Drop 0 0 1
Map 12 3 0
Drop 3 0 1
Tile:9_flip 10 4 0
Tile:7 6 5 1
Tile:10 10 5 0
Tile:8 4 5 1
Tile:5 10 3 0
Tile:5_flip 8 3 1
Map 12 5 0
Tile:13 6 6 1
Drop 1 0 0
Drop 3 0 1
Tile:6_flip 11 3 0
Tile:14_flip 3 5 1
Tile:9_flip 10 6 0
Tile:6_flip 5 3 1
Drop 1 0 0
Tile:1 13 3 1
Drop 1 0 0
Tile:5_flip 12 4 1
Destroy 12 4 0
Drop 6 0 1
Drop 0 0 0
Tile:0 9 6 1
Drop 1 0 0
Tile:8 8 6 1
Tile:9_flip 10 7 0
Malus 0 0 1
Bonus 0 0 0
Tile:9 12 4 1
Tile:0 13 5 0
Tile:7_flip 12 6 1
Tile:6_flip 13 6 0
Tile:10 13 7 1
Destroy 12 4 0
Tile:7_flip 11 4 1
Drop 1 0 0
Tile:8 12 2 1
Drop 1 0 0
Tile:7_flip 3 6 1
Drop 1 0 0
Tile:6 4 3 1
Drop 1 0 0
Tile:8 4 2 1
Drop 0 0 0
Drop 0 0 1
GAMEOVER DRAW
# Game ended: Sat Apr 11 22:05:31 EDT 2020
