# Server version 0.08 running on 192.168.2.221:8123
# Game ID: 474
# Board class: Saboteur.SaboteurBoard
# Timeout: 2000
# First Move Timeout: 30000
# Date: Sat Apr 11 20:39:54 EDT 2020
# Player 1: Player-0, 'RandomPlayer', running on 127.0.0.1
# Player 2: Player-1, '260729564', running on 127.0.0.1
START Player-0 RandomPlayer
START Player-1 260729564
BoardInit:Tile:6,Map,Tile:9,Tile:13,Tile:5,Tile:8,Tile:9,Tile:10,Malus,Bonus,Tile:8,Tile:11,Tile:1,Tile:7,Tile:9,Tile:6,Tile:15,Tile:9,Tile:8,Tile:2,Tile:7,Bonus,Map,Tile:0,Map,Tile:12,Tile:5,Tile:0,Tile:7,Tile:8,Tile:10,Bonus,Tile:7,Tile:9,Map,Destroy,Tile:0,Tile:5,Tile:3,Tile:6,Tile:14-Tile:0,Map,Destroy,Tile:6,Tile:5,Tile:6,Destroy-Malus,Tile:4,Bonus,Tile:8,Tile:7,Tile:10,Map-Tile:hidden2,Tile:hidden1,Tile:nugget
Map 12 3 1
Tile:10 5 4 0
Tile:0 6 5 1
Drop 1 0 0
Tile:9_flip 7 5 1
Tile:7_flip 5 6 0
Tile:6 7 6 1
Map 12 7 0
Tile:9_flip 8 6 1
Tile:8 8 7 0
Malus 0 0 1
Drop 3 0 0
Tile:8 9 7 1
Drop 5 0 0
Tile:6 10 7 1
Map 12 7 0
Tile:6 11 7 1
GAMEOVER WINNER 1
# Game ended: Sat Apr 11 20:39:54 EDT 2020
