# Server version 0.08 running on 192.168.2.221:8123
# Game ID: 1166
# Board class: Saboteur.SaboteurBoard
# Timeout: 2000
# First Move Timeout: 30000
# Date: Sat Apr 11 21:36:45 EDT 2020
# Player 1: Player-0, 'RandomPlayer', running on 127.0.0.1
# Player 2: Player-1, '260729564', running on 127.0.0.1
START Player-0 RandomPlayer
START Player-1 260729564
BoardInit:Tile:10,Bonus,Tile:9,Tile:9,Malus,Map,Tile:8,Tile:7,Malus,Map,Tile:12,Tile:7,Tile:6,Tile:0,Tile:7,Map,Map,Destroy,Tile:6,Tile:11,Tile:2,Tile:8,Tile:0,Tile:6,Tile:9,Tile:6,Tile:6,Tile:3,Tile:10,Tile:0,Bonus,Destroy,Tile:5,Tile:7,Bonus,Tile:5,Map,Tile:8,Tile:13,Tile:15,Map-Tile:9,Tile:5,Bonus,Tile:7,Tile:10,Tile:14,Tile:5-Tile:8,Tile:4,Tile:8,Tile:0,Tile:1,Tile:9,Destroy-Tile:nugget,Tile:hidden2,Tile:hidden1
Tile:9_flip 6 5 1
Tile:9 6 4 0
Tile:5_flip 7 4 1
Drop 1 0 0
Tile:10 6 6 1
Tile:9_flip 5 4 0
Malus 0 0 1
Drop 0 0 0
Tile:8 7 3 1
Drop 1 0 0
Malus 0 0 1
Destroy 7 3 0
Tile:10 7 3 1
Drop 0 0 0
Tile:6_flip 7 2 1
Bonus 0 0 0
Tile:9_flip 5 6 1
Map 12 5 0
Map 12 3 1
Destroy 6 6 0
Tile:6 8 2 1
Map 12 3 0
Tile:7 9 2 1
Map 12 7 0
Tile:0 6 2 1
Drop 2 0 0
Tile:9 9 3 1
Drop 0 0 0
Tile:6 10 3 1
Drop 5 0 0
Tile:10 10 2 1
Drop 0 0 0
Tile:5_flip 11 3 1
Drop 6 0 0
Tile:5 11 2 1
Drop 3 0 0
Tile:7 12 2 1
GAMEOVER WINNER 1
# Game ended: Sat Apr 11 21:36:47 EDT 2020
