# Server version 0.08 running on 192.168.2.221:8123
# Game ID: 1189
# Board class: Saboteur.SaboteurBoard
# Timeout: 2000
# First Move Timeout: 30000
# Date: Sat Apr 11 21:37:49 EDT 2020
# Player 1: Player-0, '260729564', running on 127.0.0.1
# Player 2: Player-1, 'RandomPlayer', running on 127.0.0.1
START Player-0 260729564
START Player-1 RandomPlayer
BoardInit:Tile:10,Tile:9,Bonus,Tile:6,Tile:14,Tile:8,Malus,Tile:8,Tile:15,Bonus,Tile:7,Map,Tile:6,Map,Tile:8,Bonus,Tile:7,Tile:8,Map,Tile:5,Tile:10,Tile:6,Tile:9,Tile:7,Tile:0,Tile:6,Tile:0,Tile:1,Tile:13,Tile:5,Destroy,Map,Tile:7,Bonus,Tile:9,Tile:5,Map,Tile:9,Tile:5,Tile:2,Tile:4-Tile:0,Tile:11,Tile:8,Tile:10,Tile:6,Tile:9,Tile:3-Tile:12,Tile:7,Destroy,Tile:0,Destroy,Map,Malus-Tile:hidden1,Tile:hidden2,Tile:nugget
Tile:8 5 6 1
Map 12 3 0
Tile:11_flip 6 6 1
Malus 0 0 0
Drop 4 0 1
Tile:6_flip 6 5 0
Drop 3 0 1
Tile:8 7 5 0
Drop 0 0 1
Tile:8 8 5 0
Drop 4 0 1
Tile:9_flip 9 5 0
Drop 3 0 1
Map 12 5 0
Drop 5 0 1
Tile:7_flip 9 6 0
Drop 1 0 1
Tile:0 10 6 0
Drop 3 0 1
Tile:8 11 6 0
Drop 6 0 1
Tile:5_flip 12 6 0
Drop 3 0 1
Tile:6 13 5 0
Drop 5 0 1
Tile:7_flip 11 7 0
GAMEOVER WINNER 0
# Game ended: Sat Apr 11 21:37:49 EDT 2020
