# Server version 0.08 running on 192.168.2.221:8123
# Game ID: 990
# Board class: Saboteur.SaboteurBoard
# Timeout: 2000
# First Move Timeout: 30000
# Date: Sat Apr 11 21:23:40 EDT 2020
# Player 1: Player-0, 'RandomPlayer', running on 127.0.0.1
# Player 2: Player-1, '260729564', running on 127.0.0.1
START Player-0 RandomPlayer
START Player-1 260729564
BoardInit:Tile:5,Tile:0,Map,Tile:7,Tile:6,Tile:1,Tile:7,Tile:11,Tile:7,Tile:9,Tile:3,Bonus,Tile:14,Destroy,Tile:9,Map,Tile:9,Tile:9,Tile:7,Map,Destroy,Tile:10,Tile:5,Tile:2,Tile:8,Tile:12,Tile:8,Bonus,Bonus,Tile:10,Tile:10,Tile:6,Tile:5,Malus,Tile:4,Tile:9,Tile:0,Map,Tile:13,Destroy,Tile:8-Map,Tile:6,Tile:7,Tile:8,Malus,Map,Tile:5-Tile:6,Tile:0,Tile:0,Tile:6,Tile:15,Tile:8,Bonus-Tile:hidden1,Tile:nugget,Tile:hidden2
Map 12 3 1
Tile:6 6 5 0
Map 12 5 1
Drop 1 0 0
Malus 0 0 1
Drop 4 0 0
Tile:8 7 5 1
Drop 5 0 0
Tile:6 8 5 1
Drop 1 0 0
Tile:6 9 5 1
Drop 4 0 0
Tile:7 10 5 1
Bonus 0 0 0
Tile:7_flip 10 6 1
Tile:9_flip 7 4 0
Tile:9_flip 11 6 1
Tile:8 6 4 0
Tile:9 9 4 1
Tile:9 6 3 0
Tile:5_flip 10 4 1
Destroy 10 5 0
Tile:5 10 3 1
Tile:11_flip 11 3 0
Tile:7_flip 11 4 1
Tile:2 10 5 0
Tile:8 7 6 1
Tile:12 12 4 0
Tile:8 7 3 1
Tile:0 8 6 0
Tile:5_flip 8 3 1
Tile:10 11 2 0
Tile:10 9 3 1
Tile:10 11 1 0
GAMEOVER TIMEOUT WINNER 0
# Game ended: Sat Apr 11 21:23:45 EDT 2020
