# Server version 0.08 running on 192.168.2.221:8123
# Game ID: 1002
# Board class: Saboteur.SaboteurBoard
# Timeout: 2000
# First Move Timeout: 30000
# Date: Sat Apr 11 21:24:28 EDT 2020
# Player 1: Player-0, 'RandomPlayer', running on 127.0.0.1
# Player 2: Player-1, '260729564', running on 127.0.0.1
START Player-0 RandomPlayer
START Player-1 260729564
BoardInit:Tile:13,Tile:10,Tile:0,Map,Tile:6,Bonus,Tile:11,Destroy,Bonus,Tile:7,Malus,Tile:6,Tile:5,Tile:5,Tile:1,Tile:0,Tile:7,Tile:9,Destroy,Malus,Map,Tile:7,Tile:9,Map,Tile:5,Tile:6,Tile:0,Tile:5,Map,Tile:8,Tile:2,Tile:9,Tile:4,Tile:7,Tile:8,Destroy,Map,Tile:3,Tile:10,Tile:8,Bonus-Tile:12,Tile:7,Tile:0,Bonus,Tile:8,Tile:9,Tile:9-Tile:15,Tile:10,Tile:14,Tile:6,Tile:8,Tile:6,Map-Tile:hidden1,Tile:nugget,Tile:hidden2
Tile:8 6 5 1
Tile:6_flip 6 4 0
Tile:9_flip 7 4 1
Drop 5 0 0
Tile:9_flip 7 5 1
Map 12 5 0
Tile:6 7 6 1
Tile:10 7 3 0
Tile:0 8 6 1
Destroy 6 5 0
Tile:7_flip 5 6 1
Drop 0 0 0
Malus 0 0 1
Bonus 0 0 0
Tile:5 5 4 1
Tile:6_flip 6 6 0
Tile:0 9 6 1
Tile:6_flip 10 6 0
Tile:7 11 6 1
Drop 5 0 0
Drop 0 0 1
Tile:9 6 7 0
Map 12 3 1
Tile:7 7 7 0
Tile:9 11 7 1
Tile:10 7 8 0
Tile:5 12 6 1
Tile:8 12 8 0
Tile:0 13 6 1
Tile:5_flip 6 8 0
Map 12 5 1
Tile:8 11 8 0
Destroy 11 7 1
Tile:14_flip 4 5 0
Drop 1 0 1
Tile:7_flip 10 8 0
Tile:2_flip 11 9 1
Tile:6 12 9 0
Tile:11 10 7 1
Destroy 10 8 0
Tile:10 7 2 1
Tile:5_flip 13 8 0
Tile:8 11 7 1
Tile:7 13 9 0
Drop 1 0 1
Map 12 5 0
Drop 1 0 1
Tile:9 7 1 0
Drop 1 0 1
Tile:8 7 0 0
Drop 1 0 1
Tile:3_flip 13 10 0
Drop 1 0 1
Drop 0 0 0
Drop 0 0 1
GAMEOVER DRAW
# Game ended: Sat Apr 11 21:24:38 EDT 2020
