# Server version 0.08 running on 192.168.2.221:8123
# Game ID: 47
# Board class: Saboteur.SaboteurBoard
# Timeout: 2000
# First Move Timeout: 30000
# Date: Sat Apr 11 16:09:36 EDT 2020
# Player 1: Player-0, '260729564', running on 127.0.0.1
# Player 2: Player-1, 'RandomPlayer', running on 127.0.0.1
START Player-0 260729564
START Player-1 RandomPlayer
BoardInit:Map,Malus,Tile:7,Bonus,Bonus,Tile:8,Tile:8,Destroy,Tile:9,Tile:1,Tile:2,Tile:6,Tile:0,Tile:5,Tile:0,Tile:4,Tile:6,Tile:3,Tile:7,Tile:8,Tile:13,Tile:12,Tile:5,Tile:7,Tile:5,Tile:7,Tile:9,Map,Tile:10,Tile:10,Bonus,Tile:6,Tile:7,Tile:8,Tile:14,Tile:11,Tile:10,Tile:8,Tile:6,Tile:6,Tile:9-Malus,Tile:9,Map,Tile:9,Tile:0,Map,Bonus-Tile:0,Destroy,Map,Destroy,Tile:5,Tile:15,Map-Tile:nugget,Tile:hidden1,Tile:hidden2
Drop 3 0 1
Map 12 3 0
Tile:9_flip 5 6 1
Malus 0 0 0
Drop 0 0 1
Tile:5_flip 6 5 0
Map 12 3 1
Tile:8 6 4 0
Drop 3 0 1
Tile:0 7 4 0
Map 12 3 1
Drop 2 0 0
Drop 3 0 1
Tile:6 8 4 0
Drop 5 0 1
Tile:5_flip 9 4 0
Drop 1 0 1
Drop 2 0 0
Drop 3 0 1
Drop 4 0 0
Drop 2 0 1
Tile:8 9 3 0
Drop 0 0 1
Drop 4 0 0
Drop 2 0 1
Tile:7 10 3 0
Drop 0 0 1
Tile:7_flip 10 4 0
Drop 5 0 1
Drop 4 0 0
Drop 0 0 1
Tile:10 9 2 0
Drop 4 0 1
Tile:6 11 4 0
Drop 0 0 1
Tile:8 12 4 0
GAMEOVER WINNER 0
# Game ended: Sat Apr 11 16:09:36 EDT 2020
