# Server version 0.08 running on 192.168.2.221:8123
# Game ID: 92
# Board class: Saboteur.SaboteurBoard
# Timeout: 2000
# First Move Timeout: 30000
# Date: Sat Apr 11 16:18:24 EDT 2020
# Player 1: Player-0, 'RandomPlayer', running on 127.0.0.1
# Player 2: Player-1, '260729564', running on 127.0.0.1
START Player-0 RandomPlayer
START Player-1 260729564
BoardInit:Tile:0,Tile:6,Tile:7,Tile:6,Tile:5,Map,Tile:0,Bonus,Tile:13,Tile:10,Tile:7,Tile:12,Tile:8,Tile:5,Tile:15,Tile:2,Tile:6,Tile:7,Tile:1,Map,Bonus,Tile:10,Tile:8,Tile:5,Destroy,Tile:3,Map,Tile:9,Tile:11,Tile:0,Tile:14,Malus,Tile:9,Tile:5,Tile:7,Tile:9,Tile:8,Destroy,Tile:0,Tile:9,Destroy-Tile:6,Bonus,Bonus,Tile:8,Tile:8,Tile:6,Map-Tile:7,Malus,Tile:10,Map,Map,Tile:4,Tile:9-Tile:hidden1,Tile:nugget,Tile:hidden2
Map 12 3 1
Drop 3 0 0
Tile:8 6 5 1
Tile:7 6 4 0
Tile:8 7 5 1
Tile:10 7 4 0
Tile:6 8 5 1
Tile:6_flip 9 5 0
Tile:6 10 5 1
Map 12 5 0
Tile:0 11 5 1
GAMEOVER WINNER 1
# Game ended: Sat Apr 11 16:18:24 EDT 2020
