# Server version 0.08 running on 192.168.2.221:8123
# Game ID: 697
# Board class: Saboteur.SaboteurBoard
# Timeout: 2000
# First Move Timeout: 30000
# Date: Sat Apr 11 21:06:43 EDT 2020
# Player 1: Player-0, '260729564', running on 127.0.0.1
# Player 2: Player-1, 'RandomPlayer', running on 127.0.0.1
START Player-0 260729564
START Player-1 RandomPlayer
BoardInit:Tile:5,Tile:6,Tile:6,Map,Tile:6,Tile:8,Bonus,Tile:7,Bonus,Malus,Bonus,Tile:8,Tile:3,Tile:9,Tile:15,Map,Tile:10,Malus,Tile:9,Tile:7,Tile:7,Tile:0,Tile:14,Tile:8,Tile:12,Tile:2,Bonus,Tile:0,Map,Tile:11,Tile:5,Destroy,Tile:7,Tile:13,Tile:10,Tile:5,Map,Tile:9,Tile:4,Tile:6,Tile:5-Tile:9,Destroy,Tile:7,Tile:8,Tile:8,Map,Tile:10-Tile:1,Tile:9,Destroy,Map,Tile:6,Tile:0,Tile:0-Tile:hidden1,Tile:nugget,Tile:hidden2
Tile:8 5 4 1
Map 12 3 0
Map 12 3 1
Tile:6 6 4 0
Tile:9_flip 6 3 1
Map 12 5 0
Tile:8 7 4 1
Tile:8 8 4 0
Tile:10 8 3 1
Tile:0 9 4 0
Destroy 9 4 1
Malus 0 0 0
Drop 4 0 1
Tile:8 9 4 0
Drop 2 0 1
Tile:0 10 4 0
Drop 6 0 1
Tile:6 11 4 0
Drop 2 0 1
Malus 0 0 0
Drop 4 0 1
Tile:9_flip 12 4 0
GAMEOVER WINNER 0
# Game ended: Sat Apr 11 21:06:43 EDT 2020
