# Server version 0.08 running on 192.168.2.221:8123
# Game ID: 118
# Board class: Saboteur.SaboteurBoard
# Timeout: 2000
# First Move Timeout: 30000
# Date: Sat Apr 11 16:19:58 EDT 2020
# Player 1: Player-0, 'RandomPlayer', running on 127.0.0.1
# Player 2: Player-1, '260729564', running on 127.0.0.1
START Player-0 RandomPlayer
START Player-1 260729564
BoardInit:Tile:7,Map,Bonus,Tile:5,Tile:7,Tile:9,Tile:0,Tile:14,Tile:8,Tile:4,Bonus,Tile:6,Tile:5,Tile:6,Malus,Tile:10,Tile:9,Tile:5,Destroy,Tile:7,Tile:10,Map,Tile:5,Tile:6,Bonus,Tile:8,Tile:3,Tile:2,Tile:8,Tile:9,Tile:6,Tile:10,Tile:1,Map,Tile:12,Tile:0,Map,Map,Tile:0,Tile:15,Tile:7-Destroy,Tile:0,Bonus,Tile:11,Destroy,Map,Tile:8-Tile:7,Tile:9,Malus,Tile:9,Tile:13,Tile:8,Tile:6-Tile:nugget,Tile:hidden2,Tile:hidden1
Map 12 3 1
Tile:6 6 5 0
Tile:8 6 4 1
Tile:9 6 3 0
Tile:0 7 4 1
Tile:13 8 4 0
Tile:7 7 5 1
Tile:9 4 5 0
Tile:0 7 3 1
Tile:14 7 6 0
Tile:8 8 3 1
Drop 4 0 0
Tile:7 9 3 1
Tile:9 5 4 0
Tile:5 8 2 1
Tile:7_flip 8 5 0
Malus 0 0 1
Drop 0 0 0
Tile:9_flip 9 4 1
Drop 3 0 0
Drop 2 0 1
Map 12 7 0
Tile:10 6 2 1
Map 12 7 0
Tile:5_flip 9 2 1
Drop 2 0 0
Drop 3 0 1
Drop 0 0 0
Drop 3 0 1
Drop 5 0 0
Tile:8 9 5 1
Drop 0 0 0
Tile:6 10 5 1
Drop 6 0 0
Drop 4 0 1
Drop 3 0 0
Drop 4 0 1
Drop 2 0 0
Drop 4 0 1
Map 12 7 0
Tile:0 11 5 1
Drop 4 0 0
Tile:7 13 5 1
Drop 4 0 0
Drop 4 0 1
Drop 3 0 0
Drop 4 0 1
Drop 0 0 0
Destroy 7 4 1
Drop 2 0 0
Destroy 5 4 1
Drop 0 0 0
Destroy 8 5 1
Drop 0 0 0
Drop 0 0 1
GAMEOVER DRAW
# Game ended: Sat Apr 11 16:19:59 EDT 2020
