# Server version 0.08 running on 192.168.2.221:8123
# Game ID: 283
# Board class: Saboteur.SaboteurBoard
# Timeout: 2000
# First Move Timeout: 30000
# Date: Sat Apr 11 20:16:12 EDT 2020
# Player 1: Player-0, '260729564', running on 127.0.0.1
# Player 2: Player-1, 'RandomPlayer', running on 127.0.0.1
START Player-0 260729564
START Player-1 RandomPlayer
BoardInit:Tile:0,Tile:8,Tile:9,Tile:6,Tile:9,Tile:5,Tile:4,Tile:1,Tile:3,Tile:12,Tile:9,Malus,Tile:9,Tile:7,Tile:0,Bonus,Tile:6,Tile:10,Destroy,Map,Bonus,Tile:8,Tile:13,Tile:7,Tile:5,Tile:6,Tile:10,Tile:6,Map,Map,Tile:6,Map,Tile:8,Tile:7,Tile:10,Tile:11,Tile:7,Tile:14,Tile:8,Tile:15,Tile:9-Tile:0,Malus,Tile:8,Map,Bonus,Tile:5,Bonus-Tile:5,Tile:2,Destroy,Tile:7,Destroy,Tile:0,Map-Tile:nugget,Tile:hidden1,Tile:hidden2
Tile:5 5 4 1
Map 12 3 0
Drop 1 0 1
Tile:8 6 4 0
Tile:0 4 5 1
Tile:0 7 4 0
Drop 2 0 1
Tile:6 8 4 0
Tile:9_flip 6 5 1
Tile:5_flip 9 4 0
Tile:0 3 5 1
Tile:5 9 3 0
Tile:9_flip 6 6 1
Malus 0 0 0
Map 12 7 1
Tile:7 10 3 0
Drop 1 0 1
Tile:7_flip 10 4 0
Drop 3 0 1
Tile:10 8 3 0
Destroy 5 4 1
Drop 0 0 0
Drop 3 0 1
Tile:8 11 4 0
Drop 5 0 1
Tile:7_flip 11 5 0
Drop 0 0 1
Tile:6 13 5 0
Drop 5 0 1
Tile:6_flip 13 4 0
Drop 4 0 1
Destroy 11 5 0
Drop 6 0 1
Drop 1 0 0
Drop 4 0 1
Tile:7_flip 11 5 0
Drop 3 0 1
Destroy 11 5 0
Map 12 3 1
Drop 0 0 0
Drop 2 0 1
Drop 1 0 0
Drop 0 0 1
Drop 1 0 0
Drop 4 0 1
Drop 1 0 0
Drop 2 0 1
Drop 1 0 0
Drop 0 0 1
Drop 1 0 0
Drop 0 0 1
Drop 1 0 0
Drop 1 0 1
Drop 0 0 0
Drop 0 0 1
GAMEOVER DRAW
# Game ended: Sat Apr 11 20:16:13 EDT 2020
