# Server version 0.08 running on 192.168.2.221:8123
# Game ID: 97
# Board class: Saboteur.SaboteurBoard
# Timeout: 2000
# First Move Timeout: 30000
# Date: Sat Apr 11 16:18:33 EDT 2020
# Player 1: Player-0, '260729564', running on 127.0.0.1
# Player 2: Player-1, 'RandomPlayer', running on 127.0.0.1
START Player-0 260729564
START Player-1 RandomPlayer
BoardInit:Map,Tile:1,Tile:14,Map,Tile:0,Tile:8,Destroy,Tile:6,Tile:15,Map,Tile:7,Tile:0,Tile:8,Tile:7,Tile:7,Map,Map,Tile:5,Tile:13,Destroy,Tile:6,Bonus,Tile:0,Tile:5,Malus,Tile:4,Tile:6,Bonus,Bonus,Tile:9,Tile:9,Bonus,Tile:11,Tile:0,Tile:9,Map,Malus,Tile:10,Tile:7,Tile:6,Tile:7-Tile:9,Tile:5,Tile:9,Tile:12,Tile:2,Tile:8,Tile:8-Tile:10,Tile:10,Tile:8,Tile:3,Destroy,Tile:6,Tile:5-Tile:nugget,Tile:hidden1,Tile:hidden2
Tile:8 5 4 1
Tile:8 6 4 0
Tile:8 4 5 1
Tile:6 7 4 0
Drop 6 0 1
Map 12 3 0
Tile:0 3 5 1
Tile:8 8 4 0
Tile:9_flip 9 4 1
Tile:6_flip 9 3 0
Tile:9 8 5 1
Tile:5_flip 10 3 0
Tile:2_flip 6 5 1
Tile:10 10 2 0
Tile:7 5 3 1
Tile:10 10 1 0
Tile:7 7 5 1
Tile:7_flip 8 6 0
Drop 3 0 1
Tile:5 10 0 0
Drop 3 0 1
Tile:0 11 0 0
Tile:6 5 6 1
Drop 0 0 0
Tile:0 2 5 1
Destroy 9 4 0
Tile:5 7 3 1
Tile:5_flip 9 5 0
Drop 0 0 1
Drop 0 0 0
Tile:8 9 4 1
Tile:9_flip 12 0 0
Tile:6_flip 8 3 1
Drop 0 0 0
Drop 0 0 1
Tile:0 10 4 0
Tile:9 4 3 1
Drop 0 0 0
Tile:9 4 4 1
GAMEOVER TIMEOUT WINNER 1
# Game ended: Sat Apr 11 16:18:37 EDT 2020
