# Server version 0.08 running on 192.168.2.221:8123
# Game ID: 204
# Board class: Saboteur.SaboteurBoard
# Timeout: 2000
# First Move Timeout: 30000
# Date: Sat Apr 11 20:08:48 EDT 2020
# Player 1: Player-0, 'RandomPlayer', running on 127.0.0.1
# Player 2: Player-1, '260729564', running on 127.0.0.1
START Player-0 RandomPlayer
START Player-1 260729564
BoardInit:Map,Bonus,Tile:6,Tile:8,Tile:15,Tile:6,Tile:8,Bonus,Tile:10,Tile:6,Malus,Tile:9,Tile:0,Tile:8,Tile:0,Tile:7,Tile:7,Tile:4,Tile:10,Bonus,Destroy,Tile:3,Tile:14,Tile:5,Map,Malus,Tile:8,Destroy,Map,Tile:6,Map,Tile:5,Tile:7,Tile:11,Tile:6,Tile:9,Bonus,Tile:9,Tile:0,Tile:9,Destroy-Tile:1,Tile:2,Map,Tile:13,Map,Tile:5,Tile:10-Tile:5,Tile:9,Tile:7,Tile:0,Tile:8,Tile:12,Tile:7-Tile:hidden2,Tile:nugget,Tile:hidden1
Map 12 3 1
Tile:8 4 5 0
Map 12 5 1
Tile:7_flip 5 6 0
Tile:6 6 6 1
Tile:7 4 4 0
Tile:10 5 4 1
Tile:8 6 5 0
Tile:8 7 6 1
Tile:9 5 3 0
Tile:10 6 4 1
Tile:6 8 6 0
Malus 0 0 1
Drop 3 0 0
Tile:0 9 6 1
Drop 5 0 0
Tile:0 10 6 1
Drop 1 0 0
Tile:5_flip 11 6 1
Drop 3 0 0
Tile:10 8 5 1
Drop 4 0 0
Tile:7_flip 7 7 1
Drop 5 0 0
Drop 0 0 1
Drop 5 0 0
Drop 0 0 1
Drop 5 0 0
Tile:8 11 5 1
GAMEOVER WINNER 1
# Game ended: Sat Apr 11 20:08:48 EDT 2020
