# Server version 0.08 running on 192.168.2.221:8123
# Game ID: 1142
# Board class: Saboteur.SaboteurBoard
# Timeout: 2000
# First Move Timeout: 30000
# Date: Sat Apr 11 21:35:24 EDT 2020
# Player 1: Player-0, 'RandomPlayer', running on 127.0.0.1
# Player 2: Player-1, '260729564', running on 127.0.0.1
START Player-0 RandomPlayer
START Player-1 260729564
BoardInit:Tile:8,Tile:11,Tile:10,Tile:14,Destroy,Tile:6,Tile:0,Tile:9,Tile:7,Map,Tile:0,Tile:15,Tile:7,Bonus,Tile:5,Tile:10,Tile:6,Tile:7,Tile:9,Tile:6,Tile:8,Tile:9,Tile:13,Tile:7,Tile:8,Tile:1,Tile:5,Malus,Map,Map,Malus,Tile:10,Tile:7,Bonus,Tile:3,Tile:6,Tile:0,Bonus,Destroy,Tile:9,Tile:4-Tile:5,Map,Map,Bonus,Tile:12,Tile:8,Tile:6-Map,Tile:0,Tile:5,Tile:2,Tile:9,Destroy,Tile:8-Tile:hidden2,Tile:hidden1,Tile:nugget
Map 12 3 1
Tile:9_flip 5 6 0
Map 12 5 1
Tile:8 6 5 0
Tile:8 7 5 1
Tile:11_flip 5 4 0
Tile:8 7 6 1
Tile:6_flip 8 5 0
Tile:0 9 5 1
Tile:9 6 4 0
Tile:7 10 5 1
Tile:2_flip 4 5 0
Tile:10 10 6 1
Destroy 6 4 0
Tile:6 10 7 1
Tile:14_flip 5 3 0
Tile:0 11 7 1
GAMEOVER WINNER 1
# Game ended: Sat Apr 11 21:35:24 EDT 2020
