# Server version 0.08 running on 192.168.2.221:8123
# Game ID: 1349
# Board class: Saboteur.SaboteurBoard
# Timeout: 2000
# First Move Timeout: 30000
# Date: Sat Apr 11 22:01:14 EDT 2020
# Player 1: Player-0, '260729564', running on 127.0.0.1
# Player 2: Player-1, 'RandomPlayer', running on 127.0.0.1
START Player-0 260729564
START Player-1 RandomPlayer
BoardInit:Malus,Tile:9,Tile:12,Tile:9,Bonus,Tile:8,Tile:6,Tile:14,Tile:6,Destroy,Tile:5,Tile:6,Tile:7,Tile:8,Tile:5,Tile:5,Tile:2,Tile:8,Destroy,Tile:1,Tile:10,Tile:0,Tile:9,Bonus,Tile:6,Tile:3,Tile:11,Bonus,Map,Tile:10,Tile:10,Malus,Destroy,Map,Map,Tile:9,Tile:6,Tile:7,Map,Map,Tile:8-Tile:15,Tile:7,Tile:0,Tile:13,Tile:7,Bonus,Tile:5-Tile:0,Tile:0,Tile:8,Map,Tile:9,Tile:7,Tile:4-Tile:hidden1,Tile:hidden2,Tile:nugget
Tile:0 4 5 1
Map 12 3 0
Tile:13 5 6 1
Tile:8 6 5 0
Tile:5_flip 6 6 1
Tile:9_flip 7 5 0
Tile:15 5 7 1
Tile:8 7 4 0
Drop 2 0 1
Tile:9_flip 8 4 0
Tile:6_flip 3 5 1
Tile:9 8 5 0
Tile:7_flip 2 5 1
Tile:0 9 5 0
Tile:7 2 4 1
Tile:8 10 5 0
Tile:5 10 4 1
Tile:6 11 4 0
Tile:6_flip 11 5 1
Tile:5_flip 13 5 0
Tile:2 13 4 1
Tile:8 12 6 0
GAMEOVER WINNER 0
# Game ended: Sat Apr 11 22:01:14 EDT 2020
