# Server version 0.08 running on 192.168.2.221:8123
# Game ID: 620
# Board class: Saboteur.SaboteurBoard
# Timeout: 2000
# First Move Timeout: 30000
# Date: Sat Apr 11 20:59:38 EDT 2020
# Player 1: Player-0, 'RandomPlayer', running on 127.0.0.1
# Player 2: Player-1, '260729564', running on 127.0.0.1
START Player-0 RandomPlayer
START Player-1 260729564
BoardInit:Tile:7,Tile:1,Tile:6,Tile:8,Malus,Tile:10,Tile:9,Destroy,Tile:7,Tile:8,Tile:9,Bonus,Tile:9,Tile:5,Destroy,Tile:7,Map,Tile:2,Tile:5,Tile:11,Tile:0,Tile:6,Tile:7,Tile:10,Bonus,Map,Tile:5,Tile:8,Tile:12,Tile:14,Tile:3,Tile:8,Tile:6,Tile:5,Destroy,Map,Tile:9,Map,Tile:7,Tile:15,Tile:0-Tile:0,Tile:6,Tile:6,Tile:10,Map,Malus,Tile:0-Tile:8,Tile:4,Map,Bonus,Tile:13,Tile:9,Bonus-Tile:hidden1,Tile:hidden2,Tile:nugget
Map 12 3 1
Tile:8 6 5 0
Malus 0 0 1
Drop 1 0 0
Tile:0 7 5 1
Drop 0 0 0
Malus 0 0 1
Drop 5 0 0
Tile:0 8 5 1
Drop 6 0 0
Tile:7 9 5 1
Drop 4 0 0
Tile:10 9 6 1
Drop 4 0 0
Tile:9 9 7 1
Bonus 0 0 0
Tile:9_flip 10 7 1
Drop 6 0 0
Map 12 5 1
Drop 2 0 0
Tile:9 10 6 1
Drop 2 0 0
Tile:6_flip 11 6 1
Drop 3 0 0
Tile:5_flip 12 6 1
Drop 5 0 0
Tile:6 13 5 1
Drop 3 0 0
Tile:6_flip 13 4 1
Drop 4 0 0
Tile:5 12 4 1
Bonus 0 0 0
Tile:7_flip 11 7 1
GAMEOVER WINNER 1
# Game ended: Sat Apr 11 20:59:39 EDT 2020
