# Server version 0.08 running on 192.168.2.221:8123
# Game ID: 56
# Board class: Saboteur.SaboteurBoard
# Timeout: 2000
# First Move Timeout: 30000
# Date: Sat Apr 11 16:13:09 EDT 2020
# Player 1: Player-0, 'RandomPlayer', running on 127.0.0.1
# Player 2: Player-1, '260729564', running on 127.0.0.1
START Player-0 RandomPlayer
START Player-1 260729564
BoardInit:Destroy,Tile:0,Map,Destroy,Tile:10,Tile:8,Tile:0,Tile:10,Tile:7,Map,Tile:6,Map,Malus,Bonus,Tile:8,Tile:9,Malus,Tile:8,Tile:12,Tile:5,Tile:2,Tile:10,Bonus,Tile:8,Tile:15,Tile:9,Tile:9,Bonus,Map,Tile:1,Tile:6,Tile:6,Destroy,Tile:0,Tile:5,Tile:11,Tile:4,Tile:5,Tile:0,Bonus,Tile:14-Tile:5,Map,Tile:6,Tile:7,Tile:6,Tile:9,Tile:7-Tile:3,Tile:8,Tile:7,Tile:9,Tile:13,Map,Tile:7-Tile:hidden1,Tile:nugget,Tile:hidden2
Map 12 3 1
Tile:9_flip 5 6 0
Tile:9_flip 6 5 1
Tile:3 6 4 0
Map 12 5 1
Destroy 5 6 0
Tile:10 6 6 1
Tile:8 5 4 0
Tile:6 6 7 1
Drop 2 0 0
Tile:6 7 7 1
Tile:13 8 7 0
Tile:0 5 7 1
Tile:8 5 3 0
Malus 0 0 1
Map 12 3 0
Tile:8 5 2 1
Drop 0 0 0
Malus 0 0 1
Bonus 0 0 0
Tile:6 6 3 1
Map 12 7 0
Tile:5 7 6 1
Drop 0 0 0
Tile:7 7 3 1
Drop 2 0 0
Tile:7_flip 7 4 1
Drop 0 0 0
Tile:9_flip 8 4 1
Drop 6 0 0
Tile:7_flip 8 5 1
Drop 0 0 0
Tile:6 9 5 1
Drop 6 0 0
Drop 1 0 1
Drop 3 0 0
Tile:5_flip 10 5 1
Drop 3 0 0
Drop 1 0 1
Drop 6 0 0
Drop 2 0 1
Drop 4 0 0
Drop 2 0 1
Bonus 0 0 0
Drop 3 0 1
Tile:11 5 1 0
Drop 4 0 1
Tile:10 10 4 0
Destroy 5 3 1
Tile:5 5 0 0
Destroy 5 0 1
Tile:8 9 7 0
Tile:0 10 7 1
Tile:1 11 7 0
Drop 0 0 1
GAMEOVER DRAW
# Game ended: Sat Apr 11 16:13:09 EDT 2020
