# Server version 0.08 running on 192.168.2.221:8123
# Game ID: 383
# Board class: Saboteur.SaboteurBoard
# Timeout: 2000
# First Move Timeout: 30000
# Date: Sat Apr 11 20:32:20 EDT 2020
# Player 1: Player-0, '260729564', running on 127.0.0.1
# Player 2: Player-1, 'RandomPlayer', running on 127.0.0.1
START Player-0 260729564
START Player-1 RandomPlayer
BoardInit:Tile:10,Tile:6,Malus,Tile:7,Tile:5,Tile:14,Map,Tile:10,Map,Tile:1,Map,Map,Map,Tile:0,Malus,Tile:0,Bonus,Tile:13,Tile:5,Tile:4,Tile:8,Bonus,Tile:8,Destroy,Tile:5,Tile:0,Tile:8,Tile:12,Tile:7,Tile:9,Tile:9,Tile:6,Bonus,Tile:8,Tile:7,Bonus,Tile:10,Tile:8,Map,Tile:2,Tile:6-Tile:9,Tile:0,Tile:3,Destroy,Tile:6,Tile:9,Tile:15-Tile:7,Tile:6,Tile:11,Tile:5,Tile:7,Destroy,Tile:9-Tile:hidden2,Tile:hidden1,Tile:nugget
Tile:9 5 6 1
Tile:9_flip 6 6 0
Tile:9 5 7 1
Tile:6_flip 6 5 0
Tile:3_flip 5 8 1
Tile:6 7 5 0
Drop 4 0 1
Tile:7 8 5 0
Tile:15 8 6 1
Tile:10 7 4 0
Drop 0 0 1
Tile:5 7 3 0
Tile:5 5 4 1
Map 12 3 0
Map 12 7 1
Tile:0 8 3 0
Drop 0 0 1
Tile:0 9 3 0
Map 12 3 1
Tile:7 10 3 0
Map 12 7 1
Tile:7_flip 10 4 0
Drop 5 0 1
Drop 0 0 0
Tile:8 4 5 1
Drop 1 0 0
Map 12 3 1
Tile:0 11 4 0
Tile:8 12 4 1
Drop 1 0 0
Tile:6 3 5 1
Tile:9 12 6 0
GAMEOVER WINNER 0
# Game ended: Sat Apr 11 20:32:21 EDT 2020
