# Server version 0.08 running on 192.168.2.221:8123
# Game ID: 584
# Board class: Saboteur.SaboteurBoard
# Timeout: 2000
# First Move Timeout: 30000
# Date: Sat Apr 11 20:56:23 EDT 2020
# Player 1: Player-0, 'RandomPlayer', running on 127.0.0.1
# Player 2: Player-1, '260729564', running on 127.0.0.1
START Player-0 RandomPlayer
START Player-1 260729564
BoardInit:Tile:9,Tile:5,Map,Map,Map,Tile:6,Tile:7,Tile:10,Tile:8,Tile:5,Destroy,Tile:0,Tile:11,Tile:7,Tile:8,Map,Tile:0,Tile:1,Tile:7,Destroy,Tile:6,Tile:12,Tile:6,Bonus,Tile:9,Tile:0,Tile:5,Tile:7,Malus,Tile:10,Tile:7,Bonus,Tile:0,Tile:15,Tile:5,Tile:8,Tile:2,Tile:9,Tile:9,Tile:13,Tile:9-Tile:8,Tile:10,Bonus,Tile:8,Map,Tile:3,Tile:6-Destroy,Tile:4,Tile:6,Tile:14,Bonus,Malus,Map-Tile:hidden1,Tile:hidden2,Tile:nugget
Map 12 3 1
Tile:14_flip 4 5 0
Tile:8 6 5 1
Map 12 7 0
Map 12 5 1
Drop 4 0 0
Tile:8 6 6 1
Map 12 7 0
Tile:6 7 6 1
Tile:10 6 4 0
Tile:8 8 6 1
Tile:5 6 3 0
Tile:9_flip 9 6 1
Tile:6 5 6 0
Tile:10 9 7 1
Tile:6 9 8 0
Tile:8 10 8 1
Tile:7_flip 4 6 0
Tile:0 11 8 1
Map 12 3 0
Tile:7 12 8 1
Destroy 9 7 0
Tile:6_flip 9 5 1
Tile:1 8 8 0
Tile:6 10 5 1
Tile:5 8 5 0
Tile:9 9 7 1
Tile:4_flip 8 7 0
Tile:7_flip 12 9 1
Tile:7 10 7 0
Malus 0 0 1
Drop 2 0 0
GAMEOVER TIMEOUT WINNER 0
# Game ended: Sat Apr 11 20:56:27 EDT 2020
