# Server version 0.08 running on 192.168.2.221:8123
# Game ID: 1181
# Board class: Saboteur.SaboteurBoard
# Timeout: 2000
# First Move Timeout: 30000
# Date: Sat Apr 11 21:37:35 EDT 2020
# Player 1: Player-0, '260729564', running on 127.0.0.1
# Player 2: Player-1, 'RandomPlayer', running on 127.0.0.1
START Player-0 260729564
START Player-1 RandomPlayer
BoardInit:Tile:8,Tile:8,Destroy,Tile:6,Tile:13,Tile:8,Bonus,Tile:9,Tile:8,Tile:8,Tile:14,Tile:6,Map,Tile:6,Tile:10,Tile:3,Tile:0,Bonus,Tile:4,Tile:9,Tile:12,Malus,Tile:7,Tile:7,Tile:9,Tile:6,Tile:7,Malus,Tile:15,Tile:5,Tile:10,Tile:5,Map,Map,Tile:9,Tile:1,Destroy,Tile:7,Tile:5,Map,Bonus-Tile:7,Tile:0,Tile:5,Tile:0,Tile:6,Tile:0,Destroy-Map,Map,Tile:10,Tile:9,Tile:11,Bonus,Tile:2-Tile:nugget,Tile:hidden1,Tile:hidden2
Tile:5 4 5 1
Map 12 3 0
Drop 1 0 1
Tile:8 5 4 0
Drop 2 0 1
Tile:6 6 4 0
Destroy 4 5 1
Tile:8 7 4 0
Tile:0 8 4 1
Tile:9_flip 9 4 0
Destroy 5 4 1
Tile:8 5 4 0
Tile:8 5 3 1
Tile:6_flip 9 3 0
Tile:14_flip 4 5 1
Tile:6 10 3 0
Tile:10 10 2 1
Tile:10 10 1 0
Drop 3 0 1
Tile:9 9 5 0
Tile:7_flip 8 3 1
Tile:9_flip 10 5 0
Tile:0 11 3 1
GAMEOVER WINNER 1
# Game ended: Sat Apr 11 21:37:35 EDT 2020
