# Server version 0.08 running on 192.168.2.221:8123
# Game ID: 573
# Board class: Saboteur.SaboteurBoard
# Timeout: 2000
# First Move Timeout: 30000
# Date: Sat Apr 11 20:44:47 EDT 2020
# Player 1: Player-0, '260729564', running on 127.0.0.1
# Player 2: Player-1, 'RandomPlayer', running on 127.0.0.1
START Player-0 260729564
START Player-1 RandomPlayer
BoardInit:Tile:8,Tile:6,Tile:6,Tile:7,Map,Bonus,Tile:7,Destroy,Tile:7,Tile:11,Tile:0,Map,Tile:6,Tile:13,Tile:9,Tile:15,Tile:6,Tile:10,Tile:7,Tile:8,Tile:9,Tile:3,Tile:8,Map,Tile:10,Tile:8,Map,Tile:7,Tile:14,Tile:8,Map,Tile:9,Tile:9,Tile:12,Tile:10,Destroy,Tile:5,Tile:9,Tile:0,Tile:0,Tile:1-Malus,Tile:6,Bonus,Tile:2,Tile:5,Tile:5,Map-Bonus,Tile:5,Tile:0,Bonus,Malus,Tile:4,Destroy-Tile:nugget,Tile:hidden1,Tile:hidden2
Tile:5_flip 6 5 1
Malus 0 0 0
Drop 1 0 1
Tile:6_flip 6 4 0
Drop 6 0 1
Tile:0 7 4 0
Bonus 0 0 1
Tile:5_flip 8 4 0
Tile:2 4 5 1
Tile:7_flip 5 6 0
Tile:5 5 4 1
Drop 1 0 0
Tile:8 8 3 1
Map 12 3 0
Tile:6_flip 3 5 1
Drop 1 0 0
Map 12 3 1
Drop 2 0 0
Tile:7_flip 7 3 1
Tile:10 8 2 0
Tile:9_flip 8 1 1
Tile:8 9 3 0
Tile:7 8 0 1
Drop 3 0 0
Tile:7 6 6 1
Drop 3 0 0
Tile:6 6 7 1
Tile:8 10 3 0
Tile:9 7 1 1
Tile:7 11 3 0
Drop 2 0 1
Tile:8 11 4 0
Tile:10 7 2 1
Tile:9_flip 12 4 0
GAMEOVER WINNER 0
# Game ended: Sat Apr 11 20:44:48 EDT 2020
