# Server version 0.08 running on 192.168.2.221:8123
# Game ID: 1328
# Board class: Saboteur.SaboteurBoard
# Timeout: 2000
# First Move Timeout: 30000
# Date: Sat Apr 11 21:57:45 EDT 2020
# Player 1: Player-0, 'RandomPlayer', running on 127.0.0.1
# Player 2: Player-1, '260729564', running on 127.0.0.1
START Player-0 RandomPlayer
START Player-1 260729564
BoardInit:Tile:2,Tile:5,Map,Tile:7,Map,Tile:1,Tile:8,Tile:11,Tile:0,Bonus,Malus,Tile:6,Tile:8,Tile:9,Tile:8,Malus,Tile:10,Tile:13,Bonus,Tile:7,Destroy,Tile:3,Tile:8,Map,Tile:7,Destroy,Tile:5,Tile:6,Tile:8,Tile:5,Tile:6,Tile:9,Map,Tile:9,Tile:9,Tile:0,Tile:6,Tile:7,Tile:5,Bonus,Destroy-Tile:7,Tile:6,Tile:9,Map,Tile:10,Tile:15,Tile:12-Map,Tile:10,Tile:14,Tile:4,Bonus,Tile:0,Tile:0-Tile:hidden1,Tile:nugget,Tile:hidden2
Map 12 3 1
Tile:14_flip 4 5 0
Tile:9_flip 6 5 1
Tile:10 5 6 0
Map 12 5 1
Map 12 7 0
Tile:10 6 6 1
Drop 6 0 0
Tile:8 6 4 1
Drop 2 0 0
Tile:6 7 4 1
Drop 0 0 0
Malus 0 0 1
Drop 3 0 0
Tile:8 8 4 1
Drop 2 0 0
Tile:8 9 4 1
Malus 0 0 0
Drop 1 0 1
Drop 2 0 0
Bonus 0 0 1
Drop 4 0 0
Tile:0 10 4 1
Drop 5 0 0
Tile:8 11 4 1
Drop 0 0 0
Tile:7 12 4 1
GAMEOVER WINNER 1
# Game ended: Sat Apr 11 21:57:46 EDT 2020
