# Server version 0.08 running on 192.168.2.221:8123
# Game ID: 1350
# Board class: Saboteur.SaboteurBoard
# Timeout: 2000
# First Move Timeout: 30000
# Date: Sat Apr 11 22:01:16 EDT 2020
# Player 1: Player-0, 'RandomPlayer', running on 127.0.0.1
# Player 2: Player-1, '260729564', running on 127.0.0.1
START Player-0 RandomPlayer
START Player-1 260729564
BoardInit:Tile:4,Tile:0,Malus,Tile:10,Tile:6,Tile:0,Bonus,Tile:12,Tile:14,Tile:11,Tile:0,Tile:8,Tile:6,Tile:5,Tile:2,Bonus,Tile:9,Bonus,Tile:3,Tile:6,Tile:8,Tile:6,Malus,Tile:5,Tile:7,Destroy,Tile:9,Map,Map,Tile:7,Tile:8,Map,Tile:8,Map,Tile:7,Bonus,Tile:0,Tile:9,Tile:10,Map,Tile:7-Map,Destroy,Destroy,Tile:6,Tile:1,Tile:10,Tile:9-Tile:5,Tile:9,Tile:5,Tile:13,Tile:8,Tile:7,Tile:15-Tile:nugget,Tile:hidden2,Tile:hidden1
Map 12 3 1
Tile:5 5 4 0
Tile:9_flip 6 4 1
Tile:13 6 3 0
Malus 0 0 1
Drop 4 0 0
Tile:6 6 5 1
Drop 5 0 0
Tile:6 7 5 1
Drop 1 0 0
Tile:10 7 4 1
Drop 4 0 0
Tile:0 8 5 1
Drop 0 0 0
Tile:6 9 5 1
Drop 0 0 0
Drop 2 0 1
Drop 1 0 0
Tile:9_flip 10 5 1
Drop 2 0 0
Drop 2 0 1
Drop 4 0 0
Tile:8 10 4 1
Drop 3 0 0
Malus 0 0 1
Drop 5 0 0
Tile:7 11 4 1
Destroy 10 5 0
Tile:9_flip 10 5 1
Drop 6 0 0
Drop 3 0 1
Drop 1 0 0
Tile:8 10 3 1
Map 12 7 0
Tile:8 10 2 1
Drop 4 0 0
Tile:7_flip 11 5 1
Bonus 0 0 0
Tile:0 13 5 1
Map 12 7 0
Tile:10 12 4 1
GAMEOVER WINNER 1
# Game ended: Sat Apr 11 22:01:16 EDT 2020
