# Server version 0.08 running on 192.168.2.221:8123
# Game ID: 851
# Board class: Saboteur.SaboteurBoard
# Timeout: 2000
# First Move Timeout: 30000
# Date: Sat Apr 11 21:15:34 EDT 2020
# Player 1: Player-0, '260729564', running on 127.0.0.1
# Player 2: Player-1, 'RandomPlayer', running on 127.0.0.1
START Player-0 260729564
START Player-1 RandomPlayer
BoardInit:Tile:5,Tile:6,Tile:8,Tile:13,Tile:5,Tile:5,Map,Malus,Tile:6,Tile:6,Tile:7,Tile:0,Bonus,Tile:10,Tile:9,Tile:0,Bonus,Tile:15,Destroy,Tile:14,Tile:6,Map,Destroy,Tile:9,Tile:0,Destroy,Bonus,Tile:8,Map,Tile:9,Tile:7,Tile:5,Tile:9,Tile:9,Tile:8,Tile:12,Map,Tile:2,Malus,Tile:0,Bonus-Tile:11,Tile:10,Tile:8,Tile:7,Tile:6,Map,Tile:10-Tile:8,Tile:7,Tile:7,Map,Tile:4,Tile:1,Tile:3-Tile:hidden2,Tile:nugget,Tile:hidden1
Map 12 3 1
Map 12 3 0
Tile:7_flip 4 5 1
Tile:8 6 5 0
Tile:11_flip 5 6 1
Tile:6 7 5 0
Tile:5 5 4 1
Tile:7 8 5 0
Tile:10 4 4 1
Malus 0 0 0
Drop 1 0 1
Tile:6 8 6 0
Drop 4 0 1
Tile:0 9 6 0
Drop 5 0 1
Tile:10 7 4 0
Drop 1 0 1
Tile:0 10 6 0
Drop 2 0 1
Tile:7 11 6 0
Destroy 8 5 1
Tile:5 7 6 0
Drop 5 0 1
Map 12 5 0
Drop 4 0 1
Tile:9_flip 8 5 0
Destroy 7 5 1
Drop 0 0 0
Drop 2 0 1
Drop 0 0 0
Bonus 0 0 1
Tile:9_flip 6 4 0
Tile:6_flip 7 3 1
Tile:8 6 3 0
Drop 5 0 1
Tile:9 8 4 0
Drop 6 0 1
Tile:5 6 2 0
Map 12 7 1
Drop 0 0 0
Tile:8 4 3 1
Tile:0 7 2 0
Tile:9_flip 5 7 1
Drop 0 0 0
Drop 4 0 1
Drop 0 0 0
Tile:8 7 7 1
Drop 0 0 0
Tile:0 8 7 1
Drop 1 0 0
Map 12 3 1
Drop 1 0 0
Drop 1 0 1
Destroy 7 3 0
Drop 0 0 1
GAMEOVER DRAW
# Game ended: Sat Apr 11 21:15:34 EDT 2020
