# Server version 0.08 running on 192.168.2.221:8123
# Game ID: 723
# Board class: Saboteur.SaboteurBoard
# Timeout: 2000
# First Move Timeout: 30000
# Date: Sat Apr 11 21:07:43 EDT 2020
# Player 1: Player-0, '260729564', running on 127.0.0.1
# Player 2: Player-1, 'RandomPlayer', running on 127.0.0.1
START Player-0 260729564
START Player-1 RandomPlayer
BoardInit:Tile:5,Tile:8,Tile:11,Tile:8,Tile:6,Tile:0,Tile:8,Tile:12,Tile:7,Tile:5,Destroy,Tile:10,Tile:8,Tile:7,Tile:0,Bonus,Bonus,Tile:14,Tile:9,Tile:7,Tile:6,Tile:7,Tile:6,Tile:5,Malus,Tile:10,Map,Tile:7,Map,Tile:9,Map,Destroy,Tile:8,Destroy,Tile:6,Tile:0,Tile:15,Malus,Tile:6,Tile:2,Map-Tile:9,Bonus,Map,Tile:3,Map,Tile:13,Tile:10-Tile:4,Tile:0,Tile:5,Tile:1,Bonus,Tile:9,Tile:9-Tile:hidden1,Tile:nugget,Tile:hidden2
Tile:9 5 6 1
Tile:9_flip 6 6 0
Map 12 5 1
Tile:8 6 5 0
Tile:13 5 7 1
Tile:8 7 5 0
Tile:3_flip 4 5 1
Tile:9_flip 8 5 0
Drop 3 0 1
Tile:5 8 4 0
Tile:11_flip 7 4 1
Tile:5_flip 9 4 0
Tile:6_flip 5 4 1
Tile:10 9 3 0
Tile:7_flip 5 8 1
Tile:7_flip 8 6 0
Tile:8 6 4 1
Tile:0 9 6 0
Tile:8 6 7 1
Tile:0 10 6 0
Map 12 7 1
Tile:7 11 6 0
Tile:10 11 7 1
Tile:7_flip 11 8 0
Tile:9 7 3 1
Tile:5_flip 8 3 0
Destroy 6 5 1
Tile:10 7 6 0
Drop 6 0 1
Drop 0 0 0
Drop 3 0 1
Tile:9_flip 7 7 0
Map 12 3 1
Tile:7 12 8 0
Tile:8 6 5 1
Destroy 11 7 0
Tile:6 6 8 1
Destroy 12 8 0
Map 12 7 1
Malus 0 0 0
Drop 6 0 1
Drop 0 0 0
Drop 6 0 1
Drop 1 0 0
Drop 1 0 1
Drop 1 0 0
Bonus 0 0 1
Drop 1 0 0
Tile:15 6 3 1
Drop 2 0 0
Malus 0 0 1
Bonus 0 0 0
Tile:6_flip 8 2 1
Tile:0 12 8 0
Drop 0 0 1
GAMEOVER DRAW
# Game ended: Sat Apr 11 21:07:44 EDT 2020
