# Server version 0.08 running on 192.168.2.221:8123
# Game ID: 479
# Board class: Saboteur.SaboteurBoard
# Timeout: 2000
# First Move Timeout: 30000
# Date: Sat Apr 11 20:40:02 EDT 2020
# Player 1: Player-0, '260729564', running on 127.0.0.1
# Player 2: Player-1, 'RandomPlayer', running on 127.0.0.1
START Player-0 260729564
START Player-1 RandomPlayer
BoardInit:Tile:2,Map,Malus,Bonus,Malus,Tile:9,Destroy,Tile:15,Tile:8,Tile:6,Tile:7,Map,Tile:8,Tile:5,Tile:5,Tile:9,Tile:6,Bonus,Map,Tile:5,Tile:5,Tile:9,Tile:6,Tile:10,Tile:14,Tile:8,Tile:6,Tile:0,Map,Tile:7,Tile:9,Tile:10,Tile:10,Tile:0,Tile:8,Map,Tile:9,Tile:13,Destroy,Tile:8,Tile:1-Destroy,Tile:11,Tile:12,Bonus,Tile:4,Map,Tile:7-Tile:7,Tile:3,Bonus,Tile:0,Tile:6,Tile:0,Tile:7-Tile:hidden2,Tile:nugget,Tile:hidden1
Tile:11_flip 5 6 1
Tile:0 6 5 0
Destroy 5 6 1
Map 12 3 0
Tile:2_flip 4 5 1
Tile:6 7 5 0
Tile:7_flip 3 5 1
Tile:9_flip 8 5 0
Malus 0 0 1
Bonus 0 0 0
Drop 1 0 1
Tile:6 8 6 0
Drop 4 0 1
Map 12 5 0
Tile:8 3 4 1
Tile:0 9 6 0
Tile:4 5 4 1
Tile:9_flip 10 6 0
Tile:5 7 4 1
Tile:5 10 5 0
Tile:7_flip 5 6 1
Tile:7 11 5 0
Map 12 7 1
Tile:9 11 6 0
Tile:8 12 6 1
GAMEOVER WINNER 1
# Game ended: Sat Apr 11 20:40:03 EDT 2020
