# Server version 0.08 running on 192.168.2.221:8123
# Game ID: 1369
# Board class: Saboteur.SaboteurBoard
# Timeout: 2000
# First Move Timeout: 30000
# Date: Sat Apr 11 22:03:23 EDT 2020
# Player 1: Player-0, '260729564', running on 127.0.0.1
# Player 2: Player-1, 'RandomPlayer', running on 127.0.0.1
START Player-0 260729564
START Player-1 RandomPlayer
BoardInit:Map,Bonus,Map,Tile:6,Tile:11,Map,Tile:6,Tile:6,Tile:6,Destroy,Tile:5,Tile:7,Tile:8,Tile:6,Bonus,Tile:8,Tile:5,Tile:8,Bonus,Tile:9,Tile:10,Map,Tile:14,Tile:5,Malus,Tile:9,Tile:7,Tile:3,Tile:8,Tile:13,Tile:0,Destroy,Tile:9,Tile:8,Tile:9,Tile:0,Destroy,Tile:15,Tile:4,Tile:5,Tile:0-Tile:10,Tile:7,Map,Map,Tile:0,Tile:2,Tile:1-Malus,Tile:12,Tile:7,Bonus,Tile:9,Tile:10,Tile:7-Tile:hidden1,Tile:hidden2,Tile:nugget
Tile:10 5 6 1
Malus 0 0 0
Map 12 7 1
Tile:9_flip 6 5 0
Drop 1 0 1
Tile:6_flip 6 4 0
Drop 1 0 1
Map 12 3 0
Drop 1 0 1
Tile:6 7 4 0
Drop 3 0 1
Tile:7 8 4 0
Drop 4 0 1
Tile:10 8 5 0
Map 12 7 1
Tile:6 8 6 0
Drop 1 0 1
Tile:8 9 6 0
Drop 3 0 1
Tile:8 10 6 0
Drop 4 0 1
Tile:9_flip 11 6 0
Drop 3 0 1
Map 12 5 0
Drop 5 0 1
Tile:7_flip 11 7 0
GAMEOVER WINNER 0
# Game ended: Sat Apr 11 22:03:23 EDT 2020
