# Server version 0.08 running on 192.168.2.221:8123
# Game ID: 1084
# Board class: Saboteur.SaboteurBoard
# Timeout: 2000
# First Move Timeout: 30000
# Date: Sat Apr 11 21:32:41 EDT 2020
# Player 1: Player-0, 'RandomPlayer', running on 127.0.0.1
# Player 2: Player-1, '260729564', running on 127.0.0.1
START Player-0 RandomPlayer
START Player-1 260729564
BoardInit:Tile:4,Tile:7,Tile:6,Map,Tile:0,Tile:9,Tile:8,Destroy,Tile:6,Tile:0,Tile:5,Tile:10,Tile:10,Tile:9,Map,Tile:12,Malus,Tile:5,Tile:2,Tile:13,Tile:5,Tile:8,Tile:11,Bonus,Tile:3,Tile:0,Tile:5,Map,Bonus,Tile:1,Map,Tile:8,Tile:6,Bonus,Destroy,Malus,Map,Tile:8,Tile:9,Tile:8,Tile:0-Tile:15,Tile:7,Tile:7,Map,Tile:6,Tile:9,Tile:10-Tile:9,Bonus,Tile:14,Destroy,Tile:6,Tile:7,Tile:7-Tile:hidden2,Tile:hidden1,Tile:nugget
Map 12 3 1
Tile:7 5 4 0
Tile:9_flip 6 5 1
Tile:14_flip 6 4 0
Tile:10 6 6 1
Tile:6 4 4 0
Tile:6 6 7 1
Tile:7 4 3 0
Tile:8 7 7 1
Drop 0 0 0
Tile:6 8 7 1
Drop 1 0 0
Tile:6 9 7 1
Destroy 6 7 0
Tile:10 7 6 1
Tile:9_flip 7 4 0
Map 12 5 1
Tile:9_flip 7 3 0
Malus 0 0 1
Map 12 7 0
Tile:7_flip 6 7 1
Drop 2 0 0
Tile:0 10 7 1
Drop 3 0 0
Tile:7 11 7 1
Drop 0 0 0
Tile:5 9 6 1
Drop 0 0 0
Tile:5_flip 10 6 1
Drop 6 0 0
Tile:5 10 5 1
Drop 1 0 0
Drop 0 0 1
Drop 4 0 0
Tile:6_flip 11 5 1
Drop 4 0 0
Destroy 11 7 1
Drop 2 0 0
Drop 0 0 1
Bonus 0 0 0
GAMEOVER TIMEOUT WINNER 0
# Game ended: Sat Apr 11 21:32:45 EDT 2020
