# Server version 0.08 running on 192.168.2.221:8123
# Game ID: 1218
# Board class: Saboteur.SaboteurBoard
# Timeout: 2000
# First Move Timeout: 30000
# Date: Sat Apr 11 21:39:23 EDT 2020
# Player 1: Player-0, 'RandomPlayer', running on 127.0.0.1
# Player 2: Player-1, '260729564', running on 127.0.0.1
START Player-0 RandomPlayer
START Player-1 260729564
BoardInit:Tile:9,Tile:8,Tile:13,Tile:6,Tile:7,Bonus,Tile:0,Tile:10,Tile:7,Tile:7,Tile:7,Map,Tile:8,Tile:12,Tile:9,Map,Tile:6,Tile:10,Tile:2,Tile:6,Bonus,Tile:5,Map,Tile:8,Tile:0,Tile:0,Tile:9,Tile:8,Tile:7,Tile:15,Tile:0,Tile:14,Map,Destroy,Tile:10,Malus,Tile:4,Tile:9,Bonus,Tile:5,Tile:11-Tile:3,Malus,Tile:6,Map,Tile:8,Tile:6,Map-Tile:1,Destroy,Bonus,Tile:9,Tile:5,Destroy,Tile:5-Tile:nugget,Tile:hidden2,Tile:hidden1
Map 12 3 1
Tile:5_flip 6 5 0
Malus 0 0 1
Destroy 6 5 0
Tile:8 5 4 1
Drop 0 0 0
Tile:9_flip 6 4 1
Drop 2 0 0
Tile:6_flip 6 3 1
Drop 0 0 0
Tile:6 7 3 1
Bonus 0 0 0
Tile:0 8 3 1
Tile:5 7 2 0
Tile:8 9 3 1
Tile:6_flip 9 2 0
Tile:9_flip 10 2 1
Tile:9_flip 6 5 0
Tile:6 10 3 1
Tile:7_flip 5 6 0
Tile:7 11 3 1
Tile:10 10 1 0
Tile:7_flip 11 4 1
Tile:6_flip 5 3 0
Tile:7 12 4 1
Tile:8 13 5 0
Tile:0 11 5 1
Tile:5_flip 13 6 0
GAMEOVER TIMEOUT WINNER 0
# Game ended: Sat Apr 11 21:39:26 EDT 2020
