# Server version 0.08 running on 192.168.2.221:8123
# Game ID: 143
# Board class: Saboteur.SaboteurBoard
# Timeout: 2000
# First Move Timeout: 30000
# Date: Sat Apr 11 16:21:27 EDT 2020
# Player 1: Player-0, '260729564', running on 127.0.0.1
# Player 2: Player-1, 'RandomPlayer', running on 127.0.0.1
START Player-0 260729564
START Player-1 RandomPlayer
BoardInit:Tile:14,Tile:0,Map,Tile:1,Tile:6,Tile:8,Map,Destroy,Bonus,Tile:6,Bonus,Tile:9,Tile:4,Malus,Tile:5,Tile:7,Tile:5,Destroy,Tile:3,Tile:9,Tile:9,Tile:2,Tile:13,Tile:8,Map,Tile:6,Tile:8,Tile:0,Tile:8,Tile:10,Tile:0,Tile:9,Map,Tile:7,Malus,Tile:11,Tile:8,Bonus,Tile:10,Tile:7,Tile:5-Bonus,Map,Tile:5,Tile:7,Tile:12,Destroy,Tile:0-Tile:10,Tile:7,Map,Tile:15,Tile:9,Tile:6,Tile:6-Tile:hidden2,Tile:nugget,Tile:hidden1
Tile:7 6 5 1
Map 12 3 0
Drop 1 0 1
Tile:6 6 6 0
Map 12 5 1
Tile:6 7 6 0
Tile:5 4 5 1
Tile:8 8 6 0
Drop 0 0 1
Tile:0 9 6 0
Drop 1 0 1
Tile:6 10 6 0
Tile:6_flip 5 4 1
Tile:7 11 6 0
Tile:0 4 4 1
Malus 0 0 0
Drop 3 0 1
Tile:9_flip 10 5 0
Bonus 0 0 1
Tile:9_flip 10 4 0
Tile:14 4 6 1
Tile:9 9 4 0
Tile:12 6 4 1
Tile:7_flip 11 7 0
Tile:9 5 6 1
Tile:10 12 6 0
GAMEOVER WINNER 0
# Game ended: Sat Apr 11 16:21:28 EDT 2020
