# Server version 0.08 running on 192.168.2.221:8123
# Game ID: 511
# Board class: Saboteur.SaboteurBoard
# Timeout: 2000
# First Move Timeout: 30000
# Date: Sat Apr 11 20:41:33 EDT 2020
# Player 1: Player-0, '260729564', running on 127.0.0.1
# Player 2: Player-1, 'RandomPlayer', running on 127.0.0.1
START Player-0 260729564
START Player-1 RandomPlayer
BoardInit:Tile:8,Tile:8,Tile:9,Map,Tile:13,Tile:6,Destroy,Tile:7,Tile:0,Malus,Tile:8,Destroy,Tile:6,Tile:11,Tile:3,Map,Tile:9,Tile:9,Tile:7,Tile:5,Tile:7,Tile:1,Bonus,Tile:10,Map,Tile:6,Tile:12,Tile:7,Bonus,Tile:0,Tile:8,Tile:10,Malus,Tile:9,Map,Tile:14,Tile:8,Tile:9,Bonus,Tile:5,Map-Destroy,Tile:6,Tile:0,Tile:10,Tile:7,Bonus,Map-Tile:5,Tile:5,Tile:2,Tile:15,Tile:0,Tile:6,Tile:4-Tile:nugget,Tile:hidden1,Tile:hidden2
Tile:6_flip 6 5 1
Tile:0 7 5 0
Tile:8 6 6 1
Tile:8 8 5 0
Tile:9_flip 8 6 1
Map 12 3 0
Tile:7_flip 8 7 1
Tile:6_flip 8 4 0
Map 12 5 1
Tile:6 9 4 0
Tile:13 6 7 1
Malus 0 0 0
Destroy 6 6 1
Tile:5_flip 10 4 0
Drop 3 0 1
Tile:5 10 3 0
Drop 1 0 1
Tile:7 11 3 0
Drop 3 0 1
Tile:9 11 4 0
Drop 2 0 1
Tile:5_flip 12 4 0
GAMEOVER WINNER 0
# Game ended: Sat Apr 11 20:41:33 EDT 2020
