# Server version 0.08 running on 192.168.2.221:8123
# Game ID: 818
# Board class: Saboteur.SaboteurBoard
# Timeout: 2000
# First Move Timeout: 30000
# Date: Sat Apr 11 21:13:25 EDT 2020
# Player 1: Player-0, 'RandomPlayer', running on 127.0.0.1
# Player 2: Player-1, '260729564', running on 127.0.0.1
START Player-0 RandomPlayer
START Player-1 260729564
BoardInit:Tile:9,Tile:10,Tile:4,Tile:10,Tile:7,Tile:12,Map,Tile:0,Malus,Tile:5,Tile:8,Destroy,Tile:0,Tile:9,Destroy,Tile:5,Tile:8,Tile:8,Tile:8,Map,Tile:0,Tile:9,Tile:7,Map,Tile:5,Tile:14,Tile:9,Tile:11,Bonus,Malus,Tile:15,Tile:8,Tile:7,Tile:6,Map,Map,Tile:9,Tile:6,Bonus,Tile:3,Tile:1-Tile:6,Map,Tile:10,Bonus,Tile:5,Tile:6,Bonus-Tile:0,Tile:7,Tile:2,Tile:13,Destroy,Tile:6,Tile:7-Tile:hidden1,Tile:hidden2,Tile:nugget
Map 12 3 1
Tile:6_flip 5 4 0
Tile:5_flip 6 4 1
Tile:13 6 3 0
Tile:6_flip 6 5 1
Destroy 6 3 0
Tile:6 7 5 1
Tile:2_flip 8 5 0
Map 12 5 1
Tile:12 9 5 0
Malus 0 0 1
Drop 4 0 0
Tile:8 6 6 1
Drop 0 0 0
Tile:0 7 6 1
Destroy 9 5 0
Tile:7 8 6 1
Drop 5 0 0
Tile:8 8 7 1
Drop 3 0 0
Tile:8 9 7 1
Map 12 7 0
Tile:0 10 7 1
Drop 0 0 0
Tile:7 11 7 1
Drop 4 0 0
Tile:9 11 8 1
Drop 3 0 0
Tile:9_flip 12 8 1
GAMEOVER WINNER 1
# Game ended: Sat Apr 11 21:13:25 EDT 2020
