# Server version 0.08 running on 192.168.2.221:8123
# Game ID: 293
# Board class: Saboteur.SaboteurBoard
# Timeout: 2000
# First Move Timeout: 30000
# Date: Sat Apr 11 20:16:41 EDT 2020
# Player 1: Player-0, '260729564', running on 127.0.0.1
# Player 2: Player-1, 'RandomPlayer', running on 127.0.0.1
START Player-0 260729564
START Player-1 RandomPlayer
BoardInit:Tile:7,Tile:11,Tile:9,Destroy,Tile:6,Tile:7,Map,Tile:0,Map,Tile:7,Malus,Tile:0,Tile:6,Tile:3,Bonus,Tile:5,Tile:10,Tile:9,Tile:4,Tile:7,Tile:8,Tile:5,Malus,Destroy,Tile:13,Tile:5,Bonus,Map,Map,Tile:10,Bonus,Tile:1,Tile:8,Tile:9,Tile:6,Tile:8,Tile:10,Tile:0,Tile:0,Tile:8,Tile:15-Tile:8,Tile:5,Tile:2,Tile:9,Tile:14,Map,Tile:12-Tile:9,Bonus,Map,Destroy,Tile:6,Tile:6,Tile:7-Tile:hidden1,Tile:hidden2,Tile:nugget
Tile:9 4 5 1
Map 12 3 0
Tile:2 4 4 1
Tile:6 6 5 0
Tile:5 3 4 1
Tile:6 7 5 0
Tile:14 8 5 1
Tile:9 7 4 0
Tile:9_flip 6 4 1
Tile:7_flip 5 6 0
Tile:6_flip 7 3 1
Tile:0 8 3 0
Tile:8 5 4 1
Tile:0 9 3 0
Tile:6_flip 6 6 1
Tile:7 10 3 0
Drop 6 0 1
Tile:5 6 3 0
Tile:10 4 6 1
Tile:9 10 4 0
Map 12 3 1
Tile:7 11 4 0
Tile:4_flip 11 5 1
Tile:7 7 6 0
Tile:8 4 7 1
Destroy 11 5 0
Map 12 7 1
Drop 1 0 0
Drop 2 0 1
Map 12 5 0
Tile:13 11 5 1
Tile:10 7 7 0
Map 12 7 1
Destroy 11 5 0
Drop 2 0 1
Tile:9_flip 7 8 0
Drop 6 0 1
Tile:8 11 5 0
Tile:8 10 5 1
GAMEOVER TIMEOUT WINNER 1
# Game ended: Sat Apr 11 20:16:46 EDT 2020
