# Server version 0.08 running on 192.168.2.221:8123
# Game ID: 934
# Board class: Saboteur.SaboteurBoard
# Timeout: 2000
# First Move Timeout: 30000
# Date: Sat Apr 11 21:21:17 EDT 2020
# Player 1: Player-0, 'RandomPlayer', running on 127.0.0.1
# Player 2: Player-1, '260729564', running on 127.0.0.1
START Player-0 RandomPlayer
START Player-1 260729564
BoardInit:Tile:9,Tile:4,Tile:9,Tile:0,Map,Tile:8,Malus,Tile:0,Destroy,Tile:7,Tile:7,Destroy,Tile:10,Tile:14,Tile:8,Bonus,Tile:15,Tile:13,Tile:7,Tile:2,Tile:10,Tile:0,Tile:9,Destroy,Tile:12,Tile:11,Bonus,Bonus,Tile:10,Tile:7,Tile:6,Tile:6,Tile:5,Tile:6,Map,Tile:5,Malus,Map,Tile:1,Map,Tile:8-Tile:9,Tile:5,Tile:0,Tile:6,Tile:6,Bonus,Map-Tile:9,Tile:3,Tile:7,Tile:5,Map,Tile:8,Tile:8-Tile:hidden2,Tile:hidden1,Tile:nugget
Map 12 3 1
Tile:5_flip 5 6 0
Tile:0 6 5 1
Tile:7 7 5 0
Tile:6 7 6 1
Drop 4 0 0
Map 12 5 1
Tile:9 4 5 0
Malus 0 0 1
Map 12 5 0
Tile:6 8 6 1
Drop 4 0 0
Tile:5_flip 9 6 1
Drop 0 0 0
Tile:10 9 5 1
Destroy 9 6 0
Tile:8 9 6 1
Drop 1 0 0
Tile:9_flip 10 6 1
Drop 3 0 0
Tile:9 10 7 1
Drop 2 0 0
Tile:7 11 7 1
Drop 3 0 0
Tile:9 11 8 1
Destroy 11 7 0
Tile:10 10 8 1
Drop 0 0 0
Tile:9 10 5 1
Drop 6 0 0
Tile:10 10 9 1
Drop 0 0 0
Tile:6_flip 11 7 1
GAMEOVER WINNER 1
# Game ended: Sat Apr 11 21:21:17 EDT 2020
