# Server version 0.08 running on 192.168.2.221:8123
# Game ID: 604
# Board class: Saboteur.SaboteurBoard
# Timeout: 2000
# First Move Timeout: 30000
# Date: Sat Apr 11 20:58:23 EDT 2020
# Player 1: Player-0, 'RandomPlayer', running on 127.0.0.1
# Player 2: Player-1, '260729564', running on 127.0.0.1
START Player-0 RandomPlayer
START Player-1 260729564
BoardInit:Tile:9,Tile:5,Tile:3,Tile:8,Map,Bonus,Tile:2,Tile:8,Tile:8,Tile:7,Tile:6,Tile:7,Tile:7,Map,Tile:10,Tile:0,Tile:9,Tile:6,Tile:12,Tile:9,Map,Map,Map,Tile:8,Destroy,Tile:5,Tile:9,Tile:4,Malus,Tile:5,Destroy,Bonus,Tile:0,Tile:7,Tile:14,Tile:6,Tile:8,Tile:5,Tile:10,Tile:13,Malus-Tile:10,Tile:1,Bonus,Tile:11,Tile:0,Tile:15,Bonus-Tile:6,Map,Tile:7,Tile:6,Destroy,Tile:9,Tile:0-Tile:nugget,Tile:hidden1,Tile:hidden2
Tile:0 6 5 1
Tile:7 7 5 0
Tile:10 7 6 1
Destroy 7 6 0
Tile:9 7 6 1
Tile:8 7 7 0
Map 12 3 1
Map 12 3 0
Drop 0 0 1
Tile:5 6 7 0
Tile:8 8 6 1
Tile:6 5 6 0
Tile:6 9 6 1
Tile:9 7 8 0
Tile:7 10 6 1
Tile:8 4 5 0
Tile:10 9 5 1
Tile:7 8 8 0
Tile:9 9 4 1
Tile:6 10 4 0
Drop 1 0 1
Tile:7_flip 4 6 0
Drop 1 0 1
Tile:9 10 7 0
Drop 1 0 1
Tile:6 11 4 0
Drop 1 0 1
Map 12 5 0
Tile:9_flip 12 4 1
GAMEOVER WINNER 1
# Game ended: Sat Apr 11 20:58:24 EDT 2020
