# Server version 0.08 running on 192.168.2.221:8123
# Game ID: 1117
# Board class: Saboteur.SaboteurBoard
# Timeout: 2000
# First Move Timeout: 30000
# Date: Sat Apr 11 21:33:51 EDT 2020
# Player 1: Player-0, '260729564', running on 127.0.0.1
# Player 2: Player-1, 'RandomPlayer', running on 127.0.0.1
START Player-0 260729564
START Player-1 RandomPlayer
BoardInit:Tile:8,Tile:9,Tile:6,Tile:7,Tile:4,Tile:7,Malus,Tile:7,Tile:6,Destroy,Tile:8,Tile:12,Tile:7,Map,Tile:8,Bonus,Tile:10,Tile:5,Tile:0,Tile:9,Tile:0,Tile:0,Bonus,Tile:7,Map,Tile:9,Tile:6,Map,Tile:2,Map,Tile:11,Map,Tile:5,Tile:1,Tile:13,Tile:10,Destroy,Tile:5,Destroy,Bonus,Map-Tile:9,Tile:6,Tile:9,Tile:3,Tile:0,Bonus,Tile:15-Tile:8,Tile:5,Tile:6,Malus,Tile:8,Tile:10,Tile:14-Tile:hidden2,Tile:hidden1,Tile:nugget
Tile:3 6 5 1
Malus 0 0 0
Drop 1 0 1
Tile:8 5 4 0
Drop 4 0 1
Tile:8 5 6 0
Drop 3 0 1
Tile:9_flip 6 6 0
Drop 5 0 1
Tile:10 6 7 0
Malus 0 0 1
Drop 2 0 0
Drop 0 0 1
Drop 6 0 0
Drop 0 0 1
Drop 6 0 0
Drop 5 0 1
Bonus 0 0 0
Drop 3 0 1
Tile:6 6 4 0
Drop 2 0 1
Tile:9_flip 7 4 0
Drop 0 0 1
Tile:7_flip 7 5 0
Drop 5 0 1
Tile:0 8 5 0
Map 12 5 1
Tile:9_flip 9 5 0
Drop 6 0 1
Map 12 3 0
Drop 1 0 1
Map 12 5 0
Drop 4 0 1
Tile:7_flip 9 6 0
Drop 3 0 1
Tile:5_flip 10 6 0
Drop 3 0 1
Tile:10 10 5 0
Destroy 10 5 1
Tile:5 10 5 0
Drop 6 0 1
Tile:7 11 5 0
Drop 4 0 1
Tile:7_flip 11 6 0
Drop 1 0 1
Tile:5_flip 12 6 0
Drop 4 0 1
Destroy 11 5 0
Drop 0 0 1
Drop 0 0 0
Drop 0 0 1
Drop 0 0 0
Drop 1 0 1
Drop 0 0 0
Drop 0 0 1
GAMEOVER DRAW
# Game ended: Sat Apr 11 21:33:52 EDT 2020
