# Server version 0.08 running on 192.168.2.221:8123
# Game ID: 1119
# Board class: Saboteur.SaboteurBoard
# Timeout: 2000
# First Move Timeout: 30000
# Date: Sat Apr 11 21:33:55 EDT 2020
# Player 1: Player-0, '260729564', running on 127.0.0.1
# Player 2: Player-1, 'RandomPlayer', running on 127.0.0.1
START Player-0 260729564
START Player-1 RandomPlayer
BoardInit:Tile:10,Tile:12,Tile:7,Tile:6,Map,Tile:4,Tile:8,Tile:5,Bonus,Tile:9,Tile:6,Tile:9,Tile:7,Tile:6,Tile:8,Tile:7,Malus,Tile:5,Map,Tile:11,Map,Tile:6,Tile:0,Tile:15,Tile:9,Tile:7,Tile:10,Bonus,Bonus,Tile:14,Tile:7,Map,Tile:9,Tile:8,Destroy,Destroy,Tile:13,Tile:2,Map,Tile:10,Malus-Tile:0,Map,Tile:8,Tile:5,Bonus,Tile:8,Tile:3-Destroy,Tile:1,Tile:9,Tile:0,Tile:6,Tile:5,Tile:0-Tile:nugget,Tile:hidden2,Tile:hidden1
Drop 3 0 1
Tile:0 6 5 0
Tile:8 7 5 1
Tile:6 8 5 0
Tile:3 9 5 1
Tile:6_flip 8 4 0
Tile:7_flip 5 6 1
Tile:0 9 4 0
Tile:8 7 4 1
Tile:5_flip 10 4 0
Tile:8 10 3 1
Tile:9 7 6 0
Tile:6 6 4 1
Tile:9 5 4 0
Tile:7 11 3 1
Tile:9 11 4 0
Tile:10 11 5 1
Destroy 11 4 0
Tile:8 6 3 1
Tile:6_flip 8 6 0
Tile:0 9 3 1
Tile:7 6 6 0
Map 12 7 1
Tile:6 9 6 0
Map 12 7 1
Tile:5_flip 10 6 0
Tile:9 8 7 1
Tile:7_flip 11 6 0
Tile:10 6 2 1
Tile:5 10 2 0
Malus 0 0 1
Bonus 0 0 0
Tile:0 9 7 1
Map 12 3 0
Tile:7 6 1 1
Tile:8 7 3 0
Map 12 7 1
Destroy 11 3 0
Destroy 7 5 1
Drop 0 0 0
Tile:13 7 5 1
Tile:10 11 4 0
Malus 0 0 1
Drop 0 0 0
Drop 2 0 1
Drop 0 0 0
Tile:9_flip 11 3 1
Drop 0 0 0
Map 12 7 1
Drop 0 0 0
Drop 0 0 1
Drop 0 0 0
Drop 1 0 1
Drop 0 0 0
Drop 0 0 1
GAMEOVER DRAW
# Game ended: Sat Apr 11 21:34:00 EDT 2020
