# Server version 0.08 running on 192.168.2.221:8123
# Game ID: 1011
# Board class: Saboteur.SaboteurBoard
# Timeout: 2000
# First Move Timeout: 30000
# Date: Sat Apr 11 21:24:52 EDT 2020
# Player 1: Player-0, '260729564', running on 127.0.0.1
# Player 2: Player-1, 'RandomPlayer', running on 127.0.0.1
START Player-0 260729564
START Player-1 RandomPlayer
BoardInit:Tile:2,Map,Tile:10,Tile:10,Tile:8,Map,Tile:6,Tile:8,Tile:9,Tile:11,Tile:13,Tile:9,Tile:6,Tile:12,Malus,Tile:8,Destroy,Destroy,Map,Tile:4,Map,Malus,Tile:3,Tile:9,Tile:5,Bonus,Map,Bonus,Tile:7,Tile:0,Tile:6,Tile:0,Tile:9,Tile:5,Tile:7,Tile:14,Tile:8,Tile:6,Bonus,Tile:6,Tile:8-Tile:0,Map,Tile:7,Tile:0,Tile:9,Tile:1,Bonus-Tile:15,Tile:5,Tile:7,Tile:7,Tile:5,Destroy,Tile:10-Tile:nugget,Tile:hidden1,Tile:hidden2
Map 12 3 1
Tile:5_flip 6 5 0
Tile:9 4 5 1
Map 12 3 0
Tile:10 5 6 1
Tile:10 6 4 0
Tile:2_flip 5 7 1
Tile:10 6 3 0
Tile:6_flip 6 2 1
Tile:8 7 2 0
Tile:8 5 2 1
Tile:7 8 2 0
Tile:1 4 2 1
Tile:9 8 3 0
Tile:6_flip 3 2 1
Tile:7 9 3 0
Tile:9_flip 9 4 1
Tile:8 8 4 0
Drop 1 0 1
Tile:5 7 4 0
Tile:0 2 2 1
Drop 0 0 0
Map 12 3 1
Malus 0 0 0
Destroy 8 4 1
Tile:9 9 5 0
Map 12 7 1
Drop 1 0 0
Drop 2 0 1
Drop 1 0 0
Bonus 0 0 1
Tile:0 10 5 0
Tile:5 1 2 1
Tile:0 11 5 0
Tile:9 12 6 1
GAMEOVER TIMEOUT WINNER 1
# Game ended: Sat Apr 11 21:24:56 EDT 2020
