# Server version 0.08 running on 192.168.2.221:8123
# Game ID: 885
# Board class: Saboteur.SaboteurBoard
# Timeout: 2000
# First Move Timeout: 30000
# Date: Sat Apr 11 21:18:46 EDT 2020
# Player 1: Player-0, '260729564', running on 127.0.0.1
# Player 2: Player-1, 'RandomPlayer', running on 127.0.0.1
START Player-0 260729564
START Player-1 RandomPlayer
BoardInit:Tile:13,Tile:8,Tile:0,Tile:6,Tile:9,Bonus,Map,Tile:11,Tile:10,Tile:2,Tile:7,Bonus,Tile:3,Tile:6,Tile:4,Tile:5,Tile:5,Tile:6,Tile:6,Tile:9,Tile:10,Map,Destroy,Tile:1,Tile:8,Malus,Tile:8,Tile:0,Tile:7,Tile:12,Tile:7,Map,Map,Tile:0,Tile:8,Tile:0,Bonus,Malus,Tile:10,Tile:9,Destroy-Tile:7,Tile:5,Destroy,Map,Tile:6,Tile:14,Tile:5-Tile:15,Map,Tile:9,Tile:7,Bonus,Tile:8,Tile:9-Tile:nugget,Tile:hidden2,Tile:hidden1
Tile:14_flip 5 4 1
Map 12 3 0
Tile:6_flip 4 5 1
Tile:8 6 5 0
Tile:5_flip 5 6 1
Tile:8 6 4 0
Tile:5 3 5 1
Tile:6 7 4 0
Tile:9 6 6 1
Tile:9_flip 8 4 0
Drop 1 0 1
Tile:9 8 3 0
Tile:7_flip 6 7 1
Tile:7 9 3 0
Tile:7 6 3 1
Tile:6_flip 8 2 0
Tile:3_flip 9 4 1
Tile:5_flip 9 2 0
Tile:13 9 1 1
Tile:6 8 1 0
Tile:6_flip 7 7 1
Tile:9 8 5 0
Tile:10 7 3 1
Drop 0 0 0
Destroy 5 6 1
Drop 1 0 0
Tile:8 9 0 1
Malus 0 0 0
Drop 5 0 1
Tile:0 9 5 0
Map 12 7 1
Drop 1 0 0
Map 12 3 1
Drop 1 0 0
Drop 3 0 1
Tile:0 10 5 0
Drop 2 0 1
Tile:0 11 5 0
Map 12 7 1
Malus 0 0 0
Drop 4 0 1
Tile:9_flip 12 4 0
GAMEOVER WINNER 0
# Game ended: Sat Apr 11 21:18:50 EDT 2020
