# Server version 0.08 running on 192.168.2.221:8123
# Game ID: 1453
# Board class: Saboteur.SaboteurBoard
# Timeout: 2000
# First Move Timeout: 30000
# Date: Sat Apr 11 22:07:08 EDT 2020
# Player 1: Player-0, '260729564', running on 127.0.0.1
# Player 2: Player-1, 'RandomPlayer', running on 127.0.0.1
START Player-0 260729564
START Player-1 RandomPlayer
BoardInit:Tile:6,Destroy,Tile:10,Tile:13,Tile:3,Tile:6,Tile:10,Bonus,Tile:8,Tile:5,Tile:12,Tile:8,Tile:6,Tile:8,Map,Tile:0,Tile:7,Tile:6,Tile:15,Tile:4,Tile:11,Tile:7,Tile:5,Tile:0,Tile:6,Tile:8,Map,Map,Tile:9,Tile:9,Bonus,Bonus,Tile:0,Map,Tile:2,Tile:7,Tile:0,Tile:8,Map,Tile:9,Tile:9-Tile:9,Tile:10,Tile:1,Tile:7,Destroy,Tile:14,Map-Destroy,Tile:5,Bonus,Tile:7,Tile:5,Malus,Malus-Tile:nugget,Tile:hidden1,Tile:hidden2
Drop 3 0 1
Malus 0 0 0
Map 12 3 1
Malus 0 0 0
Drop 4 0 1
Tile:5_flip 6 5 0
Drop 3 0 1
Tile:6_flip 6 4 0
Drop 1 0 1
Tile:7 7 4 0
Drop 4 0 1
Tile:5 5 4 0
Drop 0 0 1
Tile:8 5 6 0
Drop 0 0 1
Tile:8 5 7 0
Map 12 7 1
Tile:0 6 6 0
Drop 3 0 1
Tile:6 7 6 0
Drop 2 0 1
Tile:5_flip 8 6 0
Drop 0 0 1
Tile:7 6 7 0
Drop 2 0 1
Drop 3 0 0
Drop 0 0 1
Tile:8 8 5 0
Drop 4 0 1
Map 12 3 0
Map 12 3 1
Tile:9_flip 9 5 0
Drop 4 0 1
Drop 3 0 0
Drop 0 0 1
Drop 3 0 0
Drop 4 0 1
Tile:7_flip 9 6 0
Drop 6 0 1
Tile:8 9 4 0
Drop 6 0 1
Tile:9_flip 10 4 0
Drop 0 0 1
Tile:0 10 6 0
Drop 4 0 1
Drop 3 0 0
Drop 2 0 1
Drop 3 0 0
Drop 0 0 1
Destroy 8 6 0
Drop 0 0 1
Destroy 5 6 0
Drop 1 0 1
Drop 0 0 0
Drop 0 0 1
GAMEOVER DRAW
# Game ended: Sat Apr 11 22:07:08 EDT 2020
