# Server version 0.08 running on 192.168.2.221:8123
# Game ID: 1425
# Board class: Saboteur.SaboteurBoard
# Timeout: 2000
# First Move Timeout: 30000
# Date: Sat Apr 11 22:06:05 EDT 2020
# Player 1: Player-0, '260729564', running on 127.0.0.1
# Player 2: Player-1, 'RandomPlayer', running on 127.0.0.1
START Player-0 260729564
START Player-1 RandomPlayer
BoardInit:Tile:7,Tile:13,Bonus,Tile:7,Tile:2,Tile:11,Tile:6,Map,Tile:6,Tile:8,Tile:6,Tile:10,Tile:7,Tile:7,Map,Tile:7,Tile:10,Malus,Tile:9,Tile:5,Tile:9,Bonus,Tile:0,Tile:1,Tile:6,Tile:9,Tile:15,Tile:3,Map,Tile:14,Malus,Tile:4,Tile:5,Map,Tile:8,Bonus,Map,Tile:5,Tile:9,Destroy,Tile:9-Tile:0,Tile:12,Tile:6,Tile:5,Destroy,Destroy,Tile:8-Tile:10,Tile:8,Tile:0,Tile:0,Tile:8,Map,Bonus-Tile:nugget,Tile:hidden2,Tile:hidden1
Drop 2 0 1
Map 12 3 0
Tile:5 5 4 1
Tile:8 6 4 0
Tile:7 7 4 1
Tile:8 7 5 0
Tile:2_flip 6 5 1
Tile:0 8 5 0
Tile:0 9 5 1
Tile:0 10 5 0
Tile:6 5 6 1
Tile:8 11 5 0
Tile:12 13 5 1
Tile:10 12 4 0
GAMEOVER WINNER 0
# Game ended: Sat Apr 11 22:06:05 EDT 2020
