# Server version 0.08 running on 192.168.2.221:8123
# Game ID: 732
# Board class: Saboteur.SaboteurBoard
# Timeout: 2000
# First Move Timeout: 30000
# Date: Sat Apr 11 21:08:03 EDT 2020
# Player 1: Player-0, 'RandomPlayer', running on 127.0.0.1
# Player 2: Player-1, '260729564', running on 127.0.0.1
START Player-0 RandomPlayer
START Player-1 260729564
BoardInit:Tile:0,Bonus,Tile:5,Map,Tile:9,Tile:3,Map,Tile:13,Destroy,Tile:9,Tile:6,Destroy,Tile:7,Malus,Tile:8,Tile:9,Tile:10,Tile:8,Tile:8,Tile:7,Bonus,Tile:0,Tile:6,Tile:5,Tile:8,Tile:12,Tile:4,Tile:15,Tile:11,Tile:2,Map,Tile:8,Tile:1,Map,Destroy,Bonus,Map,Tile:6,Tile:5,Bonus,Tile:7-Tile:10,Tile:9,Tile:14,Malus,Tile:10,Tile:7,Tile:0-Tile:6,Tile:0,Map,Tile:6,Tile:5,Tile:9,Tile:7-Tile:hidden1,Tile:hidden2,Tile:nugget
Malus 0 0 1
Map 12 3 0
Tile:0 6 5 1
Drop 1 0 0
Tile:0 7 5 1
Map 12 5 0
Tile:9_flip 8 5 1
Drop 3 0 0
Map 12 3 1
Drop 5 0 0
Tile:7_flip 8 6 1
Bonus 0 0 0
Tile:6 9 6 1
Tile:5 9 5 0
Tile:5_flip 10 6 1
Tile:6_flip 10 5 0
Tile:8 11 5 1
Tile:7_flip 4 5 0
Tile:7_flip 12 6 1
Destroy 12 6 0
Tile:9 12 6 1
GAMEOVER WINNER 1
# Game ended: Sat Apr 11 21:08:03 EDT 2020
