# Server version 0.08 running on 192.168.2.221:8123
# Game ID: 1446
# Board class: Saboteur.SaboteurBoard
# Timeout: 2000
# First Move Timeout: 30000
# Date: Sat Apr 11 22:06:44 EDT 2020
# Player 1: Player-0, 'RandomPlayer', running on 127.0.0.1
# Player 2: Player-1, '260729564', running on 127.0.0.1
START Player-0 RandomPlayer
START Player-1 260729564
BoardInit:Tile:2,Tile:9,Tile:9,Tile:8,Tile:8,Tile:9,Tile:10,Malus,Tile:6,Tile:3,Tile:0,Tile:0,Tile:7,Bonus,Malus,Map,Tile:5,Tile:1,Destroy,Tile:7,Tile:0,Map,Tile:10,Tile:6,Tile:10,Tile:15,Tile:7,Tile:13,Tile:8,Tile:5,Bonus,Destroy,Tile:7,Map,Tile:11,Tile:8,Bonus,Tile:12,Tile:14,Tile:8,Map-Tile:5,Tile:4,Bonus,Tile:6,Map,Tile:0,Tile:6-Tile:6,Tile:7,Tile:9,Tile:5,Tile:9,Destroy,Map-Tile:hidden2,Tile:nugget,Tile:hidden1
Map 12 3 1
Tile:5 5 4 0
Tile:6 6 4 1
Drop 5 0 0
Tile:9_flip 7 4 1
Drop 3 0 0
Tile:8 7 5 1
Tile:9_flip 5 6 0
Tile:0 8 5 1
Tile:9 6 3 0
Tile:6 9 5 1
Drop 5 0 0
Tile:6 10 5 1
Tile:0 4 5 0
Tile:0 11 5 1
GAMEOVER WINNER 1
# Game ended: Sat Apr 11 22:06:44 EDT 2020
