# Server version 0.08 running on 192.168.2.221:8123
# Game ID: 1101
# Board class: Saboteur.SaboteurBoard
# Timeout: 2000
# First Move Timeout: 30000
# Date: Sat Apr 11 21:33:16 EDT 2020
# Player 1: Player-0, '260729564', running on 127.0.0.1
# Player 2: Player-1, 'RandomPlayer', running on 127.0.0.1
START Player-0 260729564
START Player-1 RandomPlayer
BoardInit:Destroy,Tile:0,Tile:7,Tile:8,Tile:8,Tile:7,Map,Tile:7,Tile:12,Tile:9,Tile:5,Tile:6,Bonus,Map,Tile:0,Tile:11,Bonus,Tile:8,Tile:9,Tile:7,Destroy,Malus,Bonus,Tile:15,Malus,Tile:2,Map,Tile:8,Tile:9,Map,Tile:3,Tile:13,Tile:10,Tile:14,Tile:8,Tile:6,Tile:6,Tile:10,Tile:7,Tile:5,Bonus-Tile:9,Map,Tile:10,Tile:6,Destroy,Tile:0,Tile:1-Tile:5,Map,Tile:4,Tile:5,Tile:0,Tile:6,Tile:9-Tile:hidden1,Tile:hidden2,Tile:nugget
Drop 3 0 1
Map 12 3 0
Drop 5 0 1
Tile:9_flip 6 5 0
Drop 4 0 1
Tile:8 6 4 0
Tile:9_flip 6 3 1
Tile:0 7 4 0
Tile:7_flip 6 6 1
Tile:6 8 4 0
Drop 0 0 1
Tile:9_flip 9 4 0
Destroy 7 4 1
Tile:0 7 4 0
Drop 5 0 1
Map 12 5 0
Drop 1 0 1
Tile:6 9 5 0
Tile:12_flip 8 5 1
Tile:8 10 5 0
Map 12 3 1
Tile:7_flip 10 6 0
Tile:0 11 6 1
Malus 0 0 0
Destroy 9 4 1
Tile:5_flip 7 6 0
Bonus 0 0 1
Tile:5 8 3 0
Tile:8 6 2 1
Tile:8 9 4 0
Tile:10 5 6 1
Tile:7 12 6 0
GAMEOVER WINNER 0
# Game ended: Sat Apr 11 21:33:17 EDT 2020
