# Server version 0.08 running on 192.168.2.221:8123
# Game ID: 262
# Board class: Saboteur.SaboteurBoard
# Timeout: 2000
# First Move Timeout: 30000
# Date: Sat Apr 11 20:15:19 EDT 2020
# Player 1: Player-0, 'RandomPlayer', running on 127.0.0.1
# Player 2: Player-1, '260729564', running on 127.0.0.1
START Player-0 RandomPlayer
START Player-1 260729564
BoardInit:Tile:9,Tile:14,Tile:8,Tile:6,Tile:9,Tile:3,Tile:6,Destroy,Bonus,Malus,Tile:6,Tile:5,Map,Tile:13,Tile:4,Tile:1,Tile:10,Tile:5,Bonus,Tile:2,Tile:9,Map,Tile:0,Tile:9,Tile:10,Tile:7,Map,Tile:7,Map,Tile:6,Tile:7,Tile:8,Malus,Tile:7,Tile:12,Tile:6,Tile:9,Tile:5,Tile:0,Bonus,Tile:5-Tile:7,Tile:0,Tile:15,Tile:10,Tile:8,Map,Bonus-Tile:8,Destroy,Map,Tile:8,Tile:0,Destroy,Tile:11-Tile:hidden1,Tile:nugget,Tile:hidden2
Map 12 3 1
Tile:8 6 5 0
Tile:8 7 5 1
Map 12 7 0
Tile:8 8 5 1
Tile:11 4 5 0
Tile:9_flip 9 5 1
Tile:3 4 4 0
Tile:6 9 6 1
Tile:8 6 6 0
Tile:9_flip 10 6 1
Tile:0 3 4 0
Tile:6 10 7 1
Tile:14_flip 7 4 0
Map 12 5 1
Destroy 9 6 0
Tile:10 10 5 1
Tile:13 8 4 0
Tile:10 8 6 1
Destroy 7 4 0
Tile:7_flip 9 6 1
Tile:5_flip 6 7 0
Tile:0 11 7 1
Tile:2 7 4 0
Tile:9 12 6 1
GAMEOVER WINNER 1
# Game ended: Sat Apr 11 20:15:20 EDT 2020
