# Server version 0.08 running on 192.168.2.221:8123
# Game ID: 940
# Board class: Saboteur.SaboteurBoard
# Timeout: 2000
# First Move Timeout: 30000
# Date: Sat Apr 11 21:21:30 EDT 2020
# Player 1: Player-0, 'RandomPlayer', running on 127.0.0.1
# Player 2: Player-1, '260729564', running on 127.0.0.1
START Player-0 RandomPlayer
START Player-1 260729564
BoardInit:Tile:1,Tile:5,Tile:0,Tile:9,Tile:13,Bonus,Bonus,Destroy,Bonus,Tile:7,Map,Tile:7,Tile:10,Destroy,Tile:4,Tile:9,Map,Tile:0,Tile:8,Bonus,Tile:12,Map,Map,Tile:6,Tile:8,Tile:6,Tile:6,Tile:9,Map,Tile:3,Destroy,Tile:5,Tile:9,Tile:8,Tile:6,Tile:7,Tile:8,Tile:6,Tile:8,Malus,Tile:0-Tile:10,Tile:14,Map,Tile:9,Tile:15,Tile:11,Tile:5-Tile:0,Tile:5,Tile:10,Tile:7,Tile:2,Tile:7,Malus-Tile:nugget,Tile:hidden2,Tile:hidden1
Map 12 3 1
Tile:7_flip 5 6 0
Tile:5 5 4 1
Tile:2 4 5 0
Tile:0 6 4 1
Tile:9_flip 6 6 0
Tile:9_flip 7 4 1
Drop 2 0 0
Tile:10 7 3 1
Tile:5 3 5 0
Drop 0 0 1
Tile:7 6 5 0
Drop 0 0 1
Tile:5 7 2 0
Tile:10 7 5 1
Tile:7 8 2 0
Drop 0 0 1
Destroy 7 2 0
Drop 0 0 1
Destroy 7 5 0
Tile:8 7 2 1
Tile:9 8 3 0
Drop 0 0 1
Drop 5 0 0
Drop 1 0 1
Tile:7_flip 7 5 0
Tile:8 9 3 1
Tile:6_flip 7 1 0
Tile:6 10 3 1
Malus 0 0 0
Bonus 0 0 1
Tile:0 8 1 0
Drop 0 0 1
Tile:0 8 5 0
Tile:9 10 2 1
Tile:9_flip 4 6 0
Tile:6 11 2 1
Drop 6 0 0
Tile:8 12 2 1
GAMEOVER WINNER 1
# Game ended: Sat Apr 11 21:21:30 EDT 2020
