# Server version 0.08 running on 192.168.2.221:8123
# Game ID: 515
# Board class: Saboteur.SaboteurBoard
# Timeout: 2000
# First Move Timeout: 30000
# Date: Sat Apr 11 20:41:40 EDT 2020
# Player 1: Player-0, '260729564', running on 127.0.0.1
# Player 2: Player-1, 'RandomPlayer', running on 127.0.0.1
START Player-0 260729564
START Player-1 RandomPlayer
BoardInit:Tile:0,Map,Tile:7,Tile:9,Map,Map,Tile:6,Tile:6,Tile:5,Tile:6,Tile:10,Tile:12,Tile:7,Malus,Tile:0,Tile:11,Tile:9,Tile:7,Tile:15,Tile:8,Tile:3,Tile:10,Bonus,Tile:0,Map,Destroy,Tile:8,Tile:5,Tile:5,Tile:8,Tile:5,Malus,Map,Destroy,Map,Tile:6,Tile:14,Tile:10,Bonus,Bonus,Tile:9-Tile:4,Tile:9,Tile:7,Bonus,Destroy,Tile:8,Tile:7-Tile:9,Tile:2,Tile:6,Tile:0,Tile:1,Tile:13,Tile:8-Tile:hidden1,Tile:nugget,Tile:hidden2
Tile:9_flip 6 5 1
Tile:8 6 4 0
Tile:7 6 3 1
Map 12 3 0
Tile:7_flip 5 6 1
Tile:6_flip 7 4 0
Tile:7_flip 4 5 1
Map 12 5 0
Drop 2 0 1
Tile:0 8 4 0
Tile:4 4 4 1
Tile:6 9 4 0
Map 12 3 1
Tile:6 10 4 0
Tile:10 10 3 1
Malus 0 0 0
Drop 1 0 1
Tile:9_flip 11 4 0
Drop 3 0 1
Tile:9 11 5 0
GAMEOVER WINNER 0
# Game ended: Sat Apr 11 20:41:40 EDT 2020
