# Server version 0.08 running on 192.168.2.221:8123
# Game ID: 1402
# Board class: Saboteur.SaboteurBoard
# Timeout: 2000
# First Move Timeout: 30000
# Date: Sat Apr 11 22:04:51 EDT 2020
# Player 1: Player-0, 'RandomPlayer', running on 127.0.0.1
# Player 2: Player-1, '260729564', running on 127.0.0.1
START Player-0 RandomPlayer
START Player-1 260729564
BoardInit:Tile:3,Map,Tile:0,Tile:5,Map,Tile:7,Tile:4,Tile:9,Tile:8,Map,Malus,Tile:9,Tile:8,Tile:8,Bonus,Map,Tile:11,Tile:0,Tile:10,Tile:12,Tile:7,Tile:0,Tile:5,Tile:6,Tile:7,Map,Tile:6,Tile:9,Tile:1,Malus,Destroy,Tile:6,Tile:15,Destroy,Bonus,Bonus,Tile:5,Destroy,Tile:8,Tile:7,Tile:0-Bonus,Tile:10,Tile:2,Tile:14,Tile:7,Tile:13,Tile:9-Tile:6,Tile:8,Map,Tile:10,Tile:6,Tile:5,Tile:9-Tile:hidden1,Tile:hidden2,Tile:nugget
Tile:7 6 5 1
Tile:9 4 5 0
Tile:10 6 6 1
Map 12 7 0
Tile:9 6 7 1
Tile:8 4 4 0
Map 12 3 1
Tile:7 7 7 0
Drop 1 0 1
Tile:10 5 6 0
Tile:8 5 4 1
Tile:6_flip 3 4 0
Malus 0 0 1
Drop 5 0 0
Tile:8 7 8 1
Map 12 7 0
Tile:0 8 8 1
Map 12 7 0
Drop 1 0 1
Drop 3 0 0
Tile:10 7 9 1
Drop 2 0 0
Tile:7 9 8 1
Drop 0 0 0
Tile:5_flip 6 4 1
Drop 2 0 0
Tile:7_flip 6 8 1
Drop 3 0 0
Tile:6_flip 6 3 1
Drop 4 0 0
Drop 1 0 1
Drop 3 0 0
Drop 1 0 1
Malus 0 0 0
Bonus 0 0 1
Destroy 6 5 0
Drop 0 0 1
Bonus 0 0 0
Tile:5_flip 7 3 1
Tile:9_flip 5 7 0
Tile:8 7 2 1
Tile:9 5 3 0
Tile:0 8 2 1
Tile:0 9 2 0
Drop 1 0 1
Destroy 6 7 0
Drop 1 0 1
Map 12 3 0
Drop 2 0 1
Tile:5_flip 5 8 0
Drop 2 0 1
Tile:6 2 4 0
Destroy 5 3 1
Tile:7 2 3 0
Drop 0 0 1
GAMEOVER DRAW
# Game ended: Sat Apr 11 22:04:51 EDT 2020
