# Server version 0.08 running on 192.168.2.221:8123
# Game ID: 894
# Board class: Saboteur.SaboteurBoard
# Timeout: 2000
# First Move Timeout: 30000
# Date: Sat Apr 11 21:19:06 EDT 2020
# Player 1: Player-0, 'RandomPlayer', running on 127.0.0.1
# Player 2: Player-1, '260729564', running on 127.0.0.1
START Player-0 RandomPlayer
START Player-1 260729564
BoardInit:Malus,Bonus,Tile:6,Tile:9,Tile:6,Malus,Tile:6,Tile:5,Tile:0,Tile:9,Tile:7,Tile:7,Tile:0,Tile:13,Map,Tile:9,Tile:5,Tile:10,Tile:8,Tile:15,Tile:8,Tile:8,Bonus,Tile:6,Bonus,Tile:12,Tile:4,Tile:3,Tile:8,Destroy,Map,Bonus,Map,Tile:14,Tile:9,Map,Tile:7,Tile:1,Tile:0,Tile:7,Tile:10-Tile:5,Tile:11,Tile:5,Tile:10,Tile:0,Tile:8,Tile:9-Map,Map,Tile:2,Destroy,Destroy,Tile:6,Tile:7-Tile:nugget,Tile:hidden1,Tile:hidden2
Tile:8 6 5 1
Tile:2 7 5 0
Malus 0 0 1
Map 12 3 0
Tile:6 6 6 1
Map 12 7 0
Tile:6 7 6 1
Drop 2 0 0
Tile:0 8 6 1
Destroy 6 5 0
Tile:6_flip 6 5 1
Destroy 8 6 0
Tile:0 8 6 1
Drop 3 0 0
Tile:0 9 6 1
Drop 5 0 0
Map 12 3 1
Drop 1 0 0
Tile:10 5 4 1
Drop 3 0 0
Tile:8 10 6 1
Drop 2 0 0
Tile:8 10 5 1
Drop 0 0 0
Tile:9 10 4 1
Drop 2 0 0
Tile:5_flip 11 4 1
Drop 0 0 0
Tile:5 11 3 1
GAMEOVER WINNER 1
# Game ended: Sat Apr 11 21:19:07 EDT 2020
