# Server version 0.08 running on 192.168.2.221:8123
# Game ID: 1180
# Board class: Saboteur.SaboteurBoard
# Timeout: 2000
# First Move Timeout: 30000
# Date: Sat Apr 11 21:37:33 EDT 2020
# Player 1: Player-0, 'RandomPlayer', running on 127.0.0.1
# Player 2: Player-1, '260729564', running on 127.0.0.1
START Player-0 RandomPlayer
START Player-1 260729564
BoardInit:Tile:6,Map,Tile:4,Bonus,Tile:8,Map,Malus,Map,Destroy,Tile:8,Tile:6,Tile:5,Tile:9,Tile:5,Tile:6,Tile:8,Tile:10,Tile:7,Tile:0,Tile:14,Malus,Tile:5,Tile:0,Tile:1,Tile:7,Tile:9,Tile:2,Tile:5,Tile:7,Tile:11,Tile:9,Tile:0,Tile:15,Map,Tile:10,Tile:7,Bonus,Tile:9,Map,Tile:13,Tile:10-Tile:12,Bonus,Bonus,Tile:3,Tile:7,Tile:8,Destroy-Tile:8,Destroy,Tile:9,Tile:0,Tile:6,Tile:6,Map-Tile:nugget,Tile:hidden2,Tile:hidden1
Tile:8 6 5 1
Tile:6_flip 6 4 0
Tile:6 7 4 1
Tile:9_flip 7 3 0
Tile:7 8 4 1
Destroy 8 4 0
Tile:8 8 4 1
Tile:6 6 6 0
Malus 0 0 1
Map 12 5 0
Drop 0 0 1
Drop 1 0 0
Tile:6 9 4 1
Map 12 3 0
Tile:9_flip 10 4 1
Bonus 0 0 0
Tile:6 10 5 1
Tile:8 9 3 0
Tile:10 9 2 1
Drop 1 0 0
Tile:0 11 5 1
Tile:5_flip 12 6 0
Malus 0 0 1
Drop 5 0 0
Tile:0 13 5 1
Drop 0 0 0
Tile:7 12 4 1
Drop 0 0 0
Destroy 12 4 1
Drop 5 0 0
Tile:7 12 4 1
Drop 0 0 0
Tile:9_flip 10 3 1
Drop 6 0 0
Destroy 12 4 1
Drop 4 0 0
Tile:10 12 4 1
GAMEOVER WINNER 1
# Game ended: Sat Apr 11 21:37:33 EDT 2020
