# Server version 0.08 running on 192.168.2.221:8123
# Game ID: 135
# Board class: Saboteur.SaboteurBoard
# Timeout: 2000
# First Move Timeout: 30000
# Date: Sat Apr 11 16:21:09 EDT 2020
# Player 1: Player-0, '260729564', running on 127.0.0.1
# Player 2: Player-1, 'RandomPlayer', running on 127.0.0.1
START Player-0 260729564
START Player-1 RandomPlayer
BoardInit:Destroy,Tile:2,Tile:5,Tile:3,Map,Tile:6,Bonus,Tile:0,Tile:7,Map,Tile:5,Tile:8,Tile:14,Destroy,Tile:0,Tile:9,Tile:6,Tile:9,Tile:10,Map,Bonus,Tile:6,Tile:13,Tile:5,Map,Tile:0,Malus,Tile:8,Tile:4,Destroy,Map,Tile:1,Tile:12,Tile:9,Tile:6,Tile:9,Tile:10,Bonus,Tile:8,Map,Tile:6-Tile:7,Tile:7,Malus,Tile:15,Tile:7,Bonus,Tile:0-Tile:8,Tile:9,Tile:11,Tile:7,Tile:5,Tile:8,Tile:10-Tile:nugget,Tile:hidden2,Tile:hidden1
Tile:7 5 4 1
Tile:8 6 5 0
Destroy 5 4 1
Tile:8 7 5 0
Drop 2 0 1
Tile:9_flip 8 5 0
Tile:7_flip 7 6 1
Tile:6 8 6 0
Map 12 7 1
Tile:0 9 6 0
Drop 1 0 1
Map 12 3 0
Tile:5 8 4 1
Tile:8 9 4 0
Tile:7_flip 9 5 1
Tile:7 10 4 0
Tile:5_flip 6 6 1
Tile:9_flip 10 5 0
Tile:0 4 5 1
Tile:9_flip 10 6 0
Tile:14_flip 3 5 1
Tile:10 9 3 0
Tile:10 7 4 1
Tile:6 10 7 0
Drop 0 0 1
Tile:5_flip 11 7 0
Tile:6_flip 7 3 1
Tile:0 6 3 0
Tile:13 5 6 1
Tile:8 9 2 0
Tile:4 9 1 1
Tile:5_flip 10 2 0
Tile:0 4 6 1
Destroy 11 7 0
Map 12 5 1
Tile:9 10 1 0
Drop 6 0 1
Tile:9_flip 11 1 0
Tile:12 8 3 1
Drop 0 0 0
Drop 0 0 1
Drop 0 0 0
Tile:10 11 2 1
Drop 0 0 0
Tile:8 11 3 1
GAMEOVER WINNER 1
# Game ended: Sat Apr 11 16:21:12 EDT 2020
