# Server version 0.08 running on 192.168.2.221:8123
# Game ID: 67
# Board class: Saboteur.SaboteurBoard
# Timeout: 2000
# First Move Timeout: 30000
# Date: Sat Apr 11 16:14:23 EDT 2020
# Player 1: Player-0, '260729564', running on 127.0.0.1
# Player 2: Player-1, 'RandomPlayer', running on 127.0.0.1
START Player-0 260729564
START Player-1 RandomPlayer
BoardInit:Map,Bonus,Tile:9,Tile:9,Tile:6,Destroy,Tile:3,Map,Tile:5,Tile:8,Tile:5,Tile:8,Map,Map,Tile:11,Tile:0,Tile:10,Map,Tile:9,Destroy,Tile:6,Tile:8,Tile:6,Bonus,Tile:10,Tile:6,Tile:13,Tile:2,Malus,Tile:6,Tile:8,Tile:8,Malus,Tile:15,Tile:7,Map,Tile:7,Tile:7,Tile:0,Tile:5,Bonus-Tile:4,Tile:12,Tile:0,Tile:9,Tile:7,Tile:9,Destroy-Bonus,Tile:7,Tile:14,Tile:1,Tile:10,Tile:5,Tile:0-Tile:nugget,Tile:hidden1,Tile:hidden2
Tile:4_flip 5 6 1
Tile:0 6 5 0
Map 12 5 1
Tile:5_flip 7 5 0
Tile:9_flip 5 4 1
Tile:10 7 4 0
Drop 4 0 1
Tile:9 7 3 0
Tile:9 5 3 1
Map 12 3 0
Tile:5_flip 6 3 1
Tile:8 8 3 0
Tile:9 8 4 1
Tile:8 9 4 0
Tile:6_flip 7 2 1
Tile:7 10 4 0
Tile:11_flip 5 2 1
Drop 1 0 0
Map 12 5 1
Drop 1 0 0
Tile:9 10 5 1
Tile:0 11 5 0
Tile:5_flip 12 6 1
Tile:8 12 4 0
GAMEOVER WINNER 0
# Game ended: Sat Apr 11 16:14:24 EDT 2020
