# Server version 0.08 running on 192.168.2.221:8123
# Game ID: 498
# Board class: Saboteur.SaboteurBoard
# Timeout: 2000
# First Move Timeout: 30000
# Date: Sat Apr 11 20:40:53 EDT 2020
# Player 1: Player-0, 'RandomPlayer', running on 127.0.0.1
# Player 2: Player-1, '260729564', running on 127.0.0.1
START Player-0 RandomPlayer
START Player-1 260729564
BoardInit:Tile:6,Tile:11,Tile:8,Tile:0,Bonus,Map,Tile:10,Tile:2,Tile:6,Tile:10,Map,Tile:6,Bonus,Tile:3,Destroy,Tile:6,Bonus,Bonus,Tile:5,Destroy,Destroy,Tile:7,Tile:9,Tile:7,Tile:5,Tile:6,Tile:9,Tile:12,Tile:8,Tile:15,Tile:7,Tile:8,Tile:10,Map,Tile:5,Tile:5,Map,Malus,Tile:0,Tile:8,Tile:7-Malus,Tile:1,Tile:0,Tile:8,Tile:9,Tile:9,Tile:9-Map,Tile:4,Tile:7,Tile:0,Map,Tile:13,Tile:14-Tile:hidden1,Tile:nugget,Tile:hidden2
Malus 0 0 1
Map 12 7 0
Tile:8 6 5 1
Map 12 3 0
Tile:8 7 5 1
Drop 4 0 0
Tile:9_flip 8 5 1
Map 12 5 0
Tile:6_flip 8 4 1
Drop 1 0 0
Tile:6_flip 9 4 1
Drop 4 0 0
Map 12 3 1
Drop 0 0 0
Tile:9_flip 10 4 1
Drop 0 0 0
Tile:9 10 5 1
Drop 5 0 0
Tile:0 11 5 1
GAMEOVER WINNER 1
# Game ended: Sat Apr 11 20:40:53 EDT 2020
