# Server version 0.08 running on 192.168.2.221:8123
# Game ID: 589
# Board class: Saboteur.SaboteurBoard
# Timeout: 2000
# First Move Timeout: 30000
# Date: Sat Apr 11 20:56:37 EDT 2020
# Player 1: Player-0, '260729564', running on 127.0.0.1
# Player 2: Player-1, 'RandomPlayer', running on 127.0.0.1
START Player-0 260729564
START Player-1 RandomPlayer
BoardInit:Tile:9,Tile:5,Tile:0,Tile:13,Tile:5,Tile:7,Tile:10,Tile:7,Tile:2,Tile:6,Tile:9,Map,Bonus,Tile:0,Tile:9,Tile:8,Map,Tile:12,Tile:5,Tile:7,Map,Tile:8,Tile:6,Tile:5,Bonus,Tile:7,Map,Map,Tile:15,Malus,Tile:0,Bonus,Destroy,Tile:0,Tile:6,Tile:7,Tile:11,Tile:8,Tile:3,Tile:4,Tile:6-Tile:8,Tile:1,Tile:9,Tile:10,Bonus,Destroy,Destroy-Map,Tile:10,Malus,Tile:6,Tile:9,Tile:14,Tile:8-Tile:hidden2,Tile:nugget,Tile:hidden1
Tile:9_flip 5 6 1
Map 12 3 0
Tile:10 5 4 1
Malus 0 0 0
Drop 6 0 1
Tile:8 6 5 0
Destroy 5 6 1
Tile:6 7 5 0
Destroy 6 5 1
Tile:7_flip 5 6 0
Bonus 0 0 1
Tile:6 6 6 0
Tile:9 7 4 1
Map 12 5 0
Tile:1 4 5 1
Tile:0 7 6 0
Tile:9_flip 8 6 1
Tile:8 8 5 0
Tile:2 9 5 1
Tile:7_flip 9 6 0
Tile:9_flip 8 4 1
Tile:5 8 3 0
Tile:5 5 3 1
Tile:8 9 3 0
Drop 2 0 1
Tile:7_flip 9 4 0
Map 12 5 1
Tile:5_flip 10 4 0
Drop 6 0 1
Tile:7 10 5 0
Tile:8 3 5 1
Malus 0 0 0
Bonus 0 0 1
Tile:9_flip 10 3 0
Tile:6 10 6 1
Tile:0 6 3 0
Drop 3 0 1
Tile:10 8 7 0
Tile:5_flip 3 6 1
Tile:8 10 2 0
Tile:6 11 2 1
GAMEOVER TIMEOUT WINNER 1
# Game ended: Sat Apr 11 20:56:45 EDT 2020
