# Server version 0.08 running on 192.168.2.221:8123
# Game ID: 396
# Board class: Saboteur.SaboteurBoard
# Timeout: 2000
# First Move Timeout: 30000
# Date: Sat Apr 11 20:33:02 EDT 2020
# Player 1: Player-0, 'RandomPlayer', running on 127.0.0.1
# Player 2: Player-1, '260729564', running on 127.0.0.1
START Player-0 RandomPlayer
START Player-1 260729564
BoardInit:Tile:10,Destroy,Tile:7,Map,Tile:0,Bonus,Tile:12,Tile:9,Tile:5,Tile:6,Tile:9,Tile:6,Malus,Map,Map,Map,Tile:10,Malus,Tile:10,Tile:8,Tile:9,Tile:8,Tile:13,Tile:11,Tile:3,Tile:1,Tile:7,Tile:5,Tile:9,Tile:6,Tile:8,Tile:8,Tile:0,Destroy,Map,Bonus,Tile:4,Tile:8,Tile:0,Tile:9,Destroy-Tile:7,Tile:6,Map,Bonus,Bonus,Tile:14,Tile:7-Tile:15,Tile:5,Tile:5,Tile:6,Tile:2,Tile:0,Tile:7-Tile:hidden1,Tile:nugget,Tile:hidden2
Map 12 3 1
Tile:6 5 6 0
Tile:6 6 6 1
Tile:0 4 5 0
Tile:7 7 6 1
Tile:7 5 4 0
Tile:10 7 7 1
Drop 2 0 0
Tile:7_flip 7 8 1
Tile:5 3 5 0
Tile:0 8 8 1
Destroy 6 6 0
Tile:9_flip 6 5 1
Tile:2 9 8 0
Malus 0 0 1
Map 12 3 0
Map 12 5 1
Drop 5 0 0
Tile:10 6 4 1
Drop 5 0 0
Tile:10 6 3 1
Drop 4 0 0
Tile:9 6 2 1
Drop 5 0 0
Tile:7 7 2 1
Drop 0 0 0
Tile:5 6 1 1
Drop 5 0 0
Tile:7_flip 7 3 1
Drop 2 0 0
Tile:9_flip 8 3 1
Drop 4 0 0
Tile:8 8 4 1
Drop 6 0 0
Tile:0 9 4 1
Drop 3 0 0
Drop 1 0 1
Destroy 9 4 0
Drop 1 0 1
Malus 0 0 0
Bonus 0 0 1
Drop 4 0 0
Tile:0 9 4 1
Bonus 0 0 0
Drop 0 0 1
Tile:8 3 6 0
Drop 0 0 1
Tile:9 9 9 0
Drop 0 0 1
Tile:9 8 2 0
Drop 0 0 1
Tile:6 6 6 0
Drop 0 0 1
Tile:5 2 6 0
Destroy 8 8 1
GAMEOVER DRAW
# Game ended: Sat Apr 11 20:33:02 EDT 2020
