# Server version 0.08 running on 192.168.2.221:8123
# Game ID: 1024
# Board class: Saboteur.SaboteurBoard
# Timeout: 2000
# First Move Timeout: 30000
# Date: Sat Apr 11 21:28:56 EDT 2020
# Player 1: Player-0, 'RandomPlayer', running on 127.0.0.1
# Player 2: Player-1, '260729564', running on 127.0.0.1
START Player-0 RandomPlayer
START Player-1 260729564
BoardInit:Tile:14,Tile:10,Tile:11,Tile:10,Tile:13,Tile:8,Tile:3,Destroy,Destroy,Bonus,Bonus,Malus,Tile:9,Map,Tile:8,Tile:5,Bonus,Tile:12,Malus,Tile:7,Tile:6,Tile:2,Destroy,Tile:0,Tile:7,Tile:8,Tile:5,Tile:5,Tile:7,Map,Tile:9,Map,Tile:7,Tile:6,Tile:6,Tile:0,Bonus,Tile:6,Tile:6,Map,Tile:5-Tile:1,Tile:10,Tile:0,Tile:9,Map,Tile:4,Map-Tile:8,Tile:15,Tile:8,Tile:9,Tile:9,Tile:0,Tile:7-Tile:hidden1,Tile:nugget,Tile:hidden2
Map 12 3 1
Tile:9 5 4 0
Map 12 5 1
Tile:9_flip 6 5 0
Tile:10 6 6 1
Tile:10 5 6 0
Tile:9_flip 6 4 1
Tile:8 4 5 0
Drop 0 0 1
Tile:10 4 4 0
Drop 1 0 1
Tile:8 6 3 0
Tile:0 7 3 1
Tile:7_flip 3 5 0
Tile:9_flip 8 3 1
Map 12 7 0
Tile:8 8 4 1
Destroy 6 4 0
Drop 0 0 1
Tile:0 7 4 0
Malus 0 0 1
Drop 4 0 0
Tile:6 6 7 1
Drop 5 0 0
Drop 0 0 1
Drop 0 0 0
Tile:7 7 7 1
Drop 5 0 0
Tile:5 5 3 1
Drop 2 0 0
Tile:7 9 4 1
Drop 3 0 0
Tile:9 9 5 1
Map 12 7 0
Tile:7 10 5 1
Drop 4 0 0
Tile:6 10 6 1
Map 12 7 0
Drop 0 0 1
Drop 0 0 0
Tile:6 11 6 1
Drop 2 0 0
Tile:5_flip 12 6 1
GAMEOVER WINNER 1
# Game ended: Sat Apr 11 21:28:57 EDT 2020
