# Server version 0.08 running on 192.168.2.221:8123
# Game ID: 660
# Board class: Saboteur.SaboteurBoard
# Timeout: 2000
# First Move Timeout: 30000
# Date: Sat Apr 11 21:03:26 EDT 2020
# Player 1: Player-0, 'RandomPlayer', running on 127.0.0.1
# Player 2: Player-1, '260729564', running on 127.0.0.1
START Player-0 RandomPlayer
START Player-1 260729564
BoardInit:Destroy,Map,Bonus,Tile:8,Tile:0,Tile:6,Tile:14,Tile:7,Tile:4,Tile:9,Map,Map,Tile:3,Tile:6,Malus,Tile:0,Map,Tile:5,Tile:10,Tile:9,Bonus,Tile:8,Tile:0,Tile:7,Tile:6,Destroy,Tile:9,Tile:15,Tile:6,Tile:12,Tile:7,Tile:2,Tile:5,Map,Tile:8,Tile:0,Tile:9,Tile:8,Map,Bonus,Tile:10-Tile:9,Tile:1,Tile:5,Tile:13,Tile:5,Tile:7,Tile:8-Destroy,Bonus,Tile:11,Tile:10,Tile:7,Tile:6,Malus-Tile:hidden1,Tile:hidden2,Tile:nugget
Tile:8 6 5 1
Tile:11_flip 6 6 0
Tile:9_flip 7 5 1
Tile:7 6 4 0
Tile:5 7 4 1
Tile:8 6 7 0
Tile:0 8 4 1
Tile:6 9 4 0
Tile:5_flip 10 4 1
Tile:7_flip 4 5 0
Tile:7_flip 7 6 1
Tile:6_flip 4 4 0
Map 12 3 1
Drop 4 0 0
Drop 0 0 1
Tile:6 5 7 0
Malus 0 0 1
Destroy 10 4 0
Map 12 5 1
Drop 5 0 0
Tile:10 9 3 1
Drop 1 0 0
Drop 0 0 1
Drop 5 0 0
Tile:0 10 4 1
Drop 0 0 0
Tile:6 11 4 1
Destroy 5 7 0
Tile:9_flip 12 4 1
Drop 2 0 0
Tile:6_flip 13 5 1
Drop 1 0 0
Tile:7_flip 13 6 1
Drop 4 0 0
Tile:5_flip 12 6 1
Drop 4 0 0
Tile:8 11 6 1
Drop 3 0 0
Tile:9_flip 8 6 1
Malus 0 0 0
Bonus 0 0 1
Drop 4 0 0
Tile:10 12 2 1
Drop 4 0 0
Destroy 12 2 1
Drop 3 0 0
Drop 0 0 1
Drop 1 0 0
Drop 0 0 1
Bonus 0 0 0
Drop 0 0 1
Drop 0 0 0
Drop 1 0 1
Tile:2 7 7 0
Drop 0 0 1
GAMEOVER DRAW
# Game ended: Sat Apr 11 21:03:28 EDT 2020
