# Server version 0.08 running on 192.168.2.221:8123
# Game ID: 1334
# Board class: Saboteur.SaboteurBoard
# Timeout: 2000
# First Move Timeout: 30000
# Date: Sat Apr 11 22:00:16 EDT 2020
# Player 1: Player-0, 'RandomPlayer', running on 127.0.0.1
# Player 2: Player-1, '260729564', running on 127.0.0.1
START Player-0 RandomPlayer
START Player-1 260729564
BoardInit:Map,Tile:8,Bonus,Tile:8,Tile:6,Tile:7,Tile:8,Tile:7,Map,Tile:2,Tile:7,Tile:9,Map,Tile:9,Destroy,Tile:12,Tile:7,Tile:0,Tile:5,Bonus,Tile:9,Tile:6,Bonus,Tile:5,Tile:10,Malus,Tile:1,Tile:9,Tile:5,Tile:8,Malus,Destroy,Bonus,Tile:6,Tile:11,Tile:8,Tile:9,Tile:14,Tile:0,Tile:10,Tile:6-Tile:7,Tile:10,Tile:0,Tile:6,Map,Tile:15,Tile:0-Map,Map,Tile:13,Tile:4,Tile:5,Tile:3,Destroy-Tile:hidden2,Tile:hidden1,Tile:nugget
Map 12 3 1
Tile:13 5 6 0
Map 12 5 1
Tile:3_flip 5 7 0
Tile:0 6 5 1
Tile:8 4 5 0
Tile:6 7 5 1
Destroy 5 6 0
Tile:8 8 5 1
Tile:7_flip 4 6 0
Tile:6 8 6 1
Tile:8 5 6 0
Tile:0 9 6 1
Map 12 3 0
Tile:7 10 6 1
Tile:7 6 7 0
Tile:10 10 7 1
Tile:4 7 4 0
Tile:7_flip 10 8 1
Drop 3 0 0
Tile:5_flip 11 8 1
Tile:12_flip 3 5 0
Tile:9 11 7 1
GAMEOVER WINNER 1
# Game ended: Sat Apr 11 22:00:16 EDT 2020
