# Server version 0.08 running on 192.168.2.221:8123
# Game ID: 932
# Board class: Saboteur.SaboteurBoard
# Timeout: 2000
# First Move Timeout: 30000
# Date: Sat Apr 11 21:20:51 EDT 2020
# Player 1: Player-0, 'RandomPlayer', running on 127.0.0.1
# Player 2: Player-1, '260729564', running on 127.0.0.1
START Player-0 RandomPlayer
START Player-1 260729564
BoardInit:Tile:0,Tile:9,Tile:7,Tile:15,Malus,Tile:7,Tile:7,Tile:1,Bonus,Tile:9,Tile:12,Tile:11,Destroy,Tile:13,Tile:5,Tile:3,Map,Tile:6,Bonus,Tile:6,Map,Tile:6,Tile:6,Tile:8,Tile:0,Malus,Tile:5,Tile:0,Tile:9,Tile:7,Tile:8,Bonus,Tile:0,Tile:6,Tile:10,Map,Tile:9,Tile:5,Tile:4,Tile:2,Destroy-Tile:7,Tile:10,Tile:9,Map,Tile:8,Tile:10,Map-Destroy,Map,Tile:5,Tile:8,Tile:8,Bonus,Tile:14-Tile:hidden2,Tile:hidden1,Tile:nugget
Map 12 3 1
Map 12 7 0
Map 12 5 1
Tile:5 4 5 0
Tile:8 5 6 1
Tile:9_flip 6 6 0
Malus 0 0 1
Drop 2 0 0
Tile:10 6 7 1
Drop 6 0 0
Tile:9 6 8 1
Drop 3 0 0
Tile:0 7 8 1
Drop 0 0 0
Tile:7 8 8 1
Drop 5 0 0
Tile:10 8 9 1
Drop 1 0 0
Tile:7_flip 8 10 1
Drop 3 0 0
Tile:7 9 10 1
Drop 2 0 0
Tile:5 5 4 1
Drop 0 0 0
Tile:6 9 11 1
Drop 2 0 0
Tile:0 10 11 1
Drop 0 0 0
Tile:5_flip 11 11 1
Drop 6 0 0
Tile:9_flip 5 7 1
Drop 1 0 0
Tile:8 11 10 1
Drop 6 0 0
Tile:0 12 10 1
Drop 0 0 0
Tile:10 11 9 1
Map 12 7 0
GAMEOVER TIMEOUT WINNER 0
# Game ended: Sat Apr 11 21:20:58 EDT 2020
