# Server version 0.08 running on 192.168.2.221:8123
# Game ID: 1393
# Board class: Saboteur.SaboteurBoard
# Timeout: 2000
# First Move Timeout: 30000
# Date: Sat Apr 11 22:04:31 EDT 2020
# Player 1: Player-0, '260729564', running on 127.0.0.1
# Player 2: Player-1, 'RandomPlayer', running on 127.0.0.1
START Player-0 260729564
START Player-1 RandomPlayer
BoardInit:Map,Tile:7,Tile:2,Destroy,Tile:0,Tile:10,Tile:8,Tile:0,Tile:8,Tile:5,Tile:3,Malus,Tile:9,Tile:8,Tile:9,Tile:10,Tile:11,Bonus,Tile:7,Map,Bonus,Destroy,Bonus,Tile:6,Tile:13,Malus,Tile:6,Map,Tile:8,Tile:15,Tile:7,Tile:7,Tile:0,Map,Tile:6,Tile:5,Map,Tile:9,Tile:5,Tile:9,Bonus-Tile:7,Tile:1,Tile:14,Tile:9,Tile:8,Tile:6,Tile:4-Tile:5,Destroy,Tile:0,Tile:12,Tile:6,Tile:10,Map-Tile:hidden1,Tile:hidden2,Tile:nugget
Tile:9 5 4 1
Map 12 3 0
Tile:6 6 4 1
Tile:7 7 4 0
Tile:14 7 5 1
Tile:10 6 3 0
Tile:0 6 5 1
Tile:10 5 6 0
Tile:4 5 3 1
Tile:6_flip 6 2 0
Tile:7_flip 5 2 1
Tile:0 7 2 0
Tile:8 5 7 1
Malus 0 0 0
Map 12 7 1
Tile:8 8 2 0
Drop 5 0 1
Tile:10 8 3 0
Drop 3 0 1
Tile:0 9 2 0
Drop 2 0 1
Map 12 5 0
Drop 3 0 1
Tile:5_flip 10 2 0
Drop 0 0 1
Tile:6_flip 10 1 0
Drop 5 0 1
Malus 0 0 0
Drop 6 0 1
Tile:5_flip 11 1 0
Drop 1 0 1
Drop 1 0 0
Drop 4 0 1
Tile:7_flip 8 4 0
Drop 0 0 1
Drop 4 0 0
Drop 4 0 1
Tile:5_flip 6 7 0
Map 12 5 1
Tile:9_flip 5 8 0
Drop 4 0 1
Tile:9_flip 5 9 0
Bonus 0 0 1
Drop 4 0 0
Drop 4 0 1
Drop 4 0 0
Drop 3 0 1
Destroy 6 5 0
Drop 2 0 1
Destroy 5 2 0
Drop 0 0 1
Destroy 8 2 0
Bonus 0 0 1
Drop 0 0 0
Tile:7_flip 5 2 1
GAMEOVER DRAW
# Game ended: Sat Apr 11 22:04:32 EDT 2020
