# Server version 0.08 running on 192.168.2.221:8123
# Game ID: 356
# Board class: Saboteur.SaboteurBoard
# Timeout: 2000
# First Move Timeout: 30000
# Date: Sat Apr 11 20:30:51 EDT 2020
# Player 1: Player-0, 'RandomPlayer', running on 127.0.0.1
# Player 2: Player-1, '260729564', running on 127.0.0.1
START Player-0 RandomPlayer
START Player-1 260729564
BoardInit:Tile:10,Bonus,Destroy,Tile:1,Tile:9,Map,Tile:0,Tile:15,Malus,Tile:7,Tile:5,Tile:5,Tile:13,Tile:0,Tile:8,Malus,Bonus,Tile:6,Tile:7,Tile:9,Tile:9,Bonus,Tile:9,Tile:0,Map,Tile:7,Tile:5,Tile:0,Tile:3,Bonus,Destroy,Map,Map,Tile:6,Tile:11,Tile:8,Destroy,Tile:2,Tile:10,Tile:10,Tile:12-Tile:5,Tile:8,Tile:9,Map,Tile:4,Tile:6,Tile:14-Tile:8,Tile:7,Tile:8,Map,Tile:6,Tile:6,Tile:7-Tile:nugget,Tile:hidden1,Tile:hidden2
Map 12 3 1
Tile:6_flip 4 5 0
Tile:8 5 4 1
Tile:8 3 5 0
Tile:6 6 4 1
Drop 4 0 0
Tile:9_flip 7 4 1
Tile:1 6 5 0
Tile:10 7 3 1
Tile:15 4 6 0
Malus 0 0 1
Map 12 3 0
Tile:9 7 2 1
Drop 6 0 0
Tile:0 8 2 1
Map 12 5 0
Tile:8 9 2 1
Drop 6 0 0
Tile:5_flip 10 2 1
Drop 3 0 0
Tile:5 10 1 1
Drop 2 0 0
Tile:9_flip 11 1 1
Drop 3 0 0
Tile:9 11 2 1
Drop 5 0 0
Tile:7_flip 11 3 1
GAMEOVER WINNER 1
# Game ended: Sat Apr 11 20:30:51 EDT 2020
