# Server version 0.08 running on 192.168.2.221:8123
# Game ID: 176
# Board class: Saboteur.SaboteurBoard
# Timeout: 2000
# First Move Timeout: 30000
# Date: Sat Apr 11 20:06:01 EDT 2020
# Player 1: Player-0, 'RandomPlayer', running on 127.0.0.1
# Player 2: Player-1, '260729564', running on 127.0.0.1
START Player-0 RandomPlayer
START Player-1 260729564
BoardInit:Tile:7,Tile:8,Tile:6,Tile:11,Tile:7,Tile:0,Bonus,Map,Tile:10,Map,Tile:8,Tile:8,Tile:8,Malus,Tile:0,Tile:7,Tile:0,Tile:5,Tile:7,Tile:14,Map,Tile:6,Tile:6,Tile:6,Destroy,Bonus,Map,Tile:10,Tile:5,Tile:15,Tile:10,Destroy,Tile:9,Map,Tile:9,Tile:13,Tile:6,Tile:0,Tile:5,Tile:5,Tile:8-Tile:1,Tile:12,Tile:3,Tile:9,Tile:2,Tile:7,Map-Malus,Tile:9,Tile:9,Bonus,Destroy,Bonus,Tile:4-Tile:hidden2,Tile:hidden1,Tile:nugget
Map 12 3 1
Tile:9 5 6 0
Tile:9_flip 6 6 1
Drop 1 0 0
Tile:6_flip 6 5 1
Destroy 6 5 0
Tile:7_flip 6 7 1
Tile:8 6 5 0
Tile:7 7 5 1
Map 12 7 0
Tile:10 7 6 1
Tile:11_flip 5 7 0
Tile:8 6 4 1
Tile:4_flip 5 8 0
Tile:8 7 7 1
Malus 0 0 0
Bonus 0 0 1
Tile:8 5 4 0
Tile:0 8 7 1
Tile:5_flip 9 7 0
Tile:0 7 4 1
Tile:7_flip 7 8 0
Map 12 5 1
Tile:14 8 4 0
Tile:6_flip 9 6 1
Map 12 5 0
Tile:7 10 6 1
Tile:6_flip 4 4 0
Tile:7_flip 10 7 1
Drop 3 0 0
Tile:5_flip 11 7 1
Tile:6_flip 4 7 0
Tile:10 11 6 1
Destroy 7 8 0
Tile:9_flip 7 8 1
Drop 3 0 0
Tile:9 11 5 1
Tile:13 4 5 0
GAMEOVER TIMEOUT WINNER 0
# Game ended: Sat Apr 11 20:06:07 EDT 2020
