# Server version 0.08 running on 192.168.2.221:8123
# Game ID: 637
# Board class: Saboteur.SaboteurBoard
# Timeout: 2000
# First Move Timeout: 30000
# Date: Sat Apr 11 21:00:41 EDT 2020
# Player 1: Player-0, '260729564', running on 127.0.0.1
# Player 2: Player-1, 'RandomPlayer', running on 127.0.0.1
START Player-0 260729564
START Player-1 RandomPlayer
BoardInit:Tile:6,Tile:2,Tile:3,Tile:7,Tile:10,Tile:8,Tile:0,Map,Tile:0,Tile:7,Tile:7,Tile:5,Tile:9,Tile:13,Tile:6,Tile:7,Destroy,Tile:0,Tile:10,Tile:5,Bonus,Map,Bonus,Tile:7,Tile:6,Tile:9,Malus,Map,Tile:6,Tile:9,Tile:10,Tile:4,Tile:12,Map,Map,Tile:14,Tile:0,Tile:8,Destroy,Malus,Map-Tile:5,Tile:8,Tile:8,Tile:11,Tile:6,Bonus,Tile:5-Tile:9,Destroy,Tile:8,Tile:9,Tile:15,Tile:1,Bonus-Tile:hidden2,Tile:hidden1,Tile:nugget
Tile:8 6 5 1
Tile:8 7 5 0
Drop 2 0 1
Tile:9_flip 8 5 0
Tile:8 4 5 1
Tile:7_flip 8 6 0
Tile:6_flip 8 4 1
Tile:8 9 4 0
Tile:5 7 4 1
Map 12 3 0
Drop 5 0 1
Tile:9_flip 10 4 0
Tile:5 5 4 1
Tile:7_flip 10 5 0
Tile:7 6 4 1
Tile:5_flip 11 5 0
Tile:6_flip 10 3 1
Tile:7 11 3 0
Drop 3 0 1
Tile:0 9 6 0
Tile:6_flip 3 5 1
Tile:5 9 3 0
Drop 5 0 1
Map 12 5 0
Drop 5 0 1
Tile:7 10 6 0
Destroy 8 4 1
Tile:9 10 7 0
Drop 0 0 1
Destroy 11 3 0
Tile:9_flip 10 8 1
Tile:9 9 8 0
Drop 1 0 1
Drop 0 0 0
Tile:12_flip 2 5 1
Drop 0 0 0
Tile:3 11 7 1
Drop 1 0 0
Tile:10 11 8 1
Tile:8 10 9 0
Destroy 7 5 1
Malus 0 0 0
Map 12 7 1
Drop 1 0 0
Drop 4 0 1
Drop 1 0 0
Map 12 3 1
Drop 1 0 0
Drop 0 0 1
Drop 1 0 0
Drop 0 0 1
Drop 1 0 0
Malus 0 0 1
Bonus 0 0 0
Drop 0 0 1
GAMEOVER DRAW
# Game ended: Sat Apr 11 21:00:42 EDT 2020
