# Server version 0.08 running on 192.168.2.221:8123
# Game ID: 151
# Board class: Saboteur.SaboteurBoard
# Timeout: 2000
# First Move Timeout: 30000
# Date: Sat Apr 11 16:21:42 EDT 2020
# Player 1: Player-0, '260729564', running on 127.0.0.1
# Player 2: Player-1, 'RandomPlayer', running on 127.0.0.1
START Player-0 260729564
START Player-1 RandomPlayer
BoardInit:Tile:11,Destroy,Map,Tile:6,Tile:1,Bonus,Tile:15,Tile:3,Map,Tile:7,Bonus,Tile:6,Tile:8,Tile:9,Tile:6,Tile:10,Tile:9,Tile:14,Bonus,Tile:7,Map,Malus,Tile:0,Tile:6,Tile:2,Tile:12,Bonus,Tile:13,Tile:4,Tile:0,Map,Tile:9,Tile:9,Tile:10,Destroy,Map,Tile:7,Tile:0,Tile:6,Destroy,Tile:8-Malus,Tile:9,Tile:7,Tile:0,Tile:8,Map,Tile:5-Tile:5,Tile:5,Tile:10,Tile:7,Tile:5,Tile:8,Tile:8-Tile:nugget,Tile:hidden2,Tile:hidden1
Tile:5 5 4 1
Tile:8 6 4 0
Map 12 3 1
Tile:8 7 4 0
Tile:9 4 5 1
Tile:6 8 4 0
Tile:8 6 5 1
Tile:7 9 4 0
Tile:11_flip 6 3 1
Tile:10 9 5 0
Malus 0 0 1
Bonus 0 0 0
Tile:7_flip 9 6 1
Tile:6 10 6 0
Drop 3 0 1
Tile:9_flip 11 6 0
Tile:8 11 5 1
Tile:5 7 3 0
Tile:9_flip 6 2 1
Tile:14_flip 5 2 0
Tile:6 13 5 1
GAMEOVER TIMEOUT WINNER 1
# Game ended: Sat Apr 11 16:21:50 EDT 2020
