# Server version 0.08 running on 192.168.2.221:8123
# Game ID: 867
# Board class: Saboteur.SaboteurBoard
# Timeout: 2000
# First Move Timeout: 30000
# Date: Sat Apr 11 21:17:59 EDT 2020
# Player 1: Player-0, '260729564', running on 127.0.0.1
# Player 2: Player-1, 'RandomPlayer', running on 127.0.0.1
START Player-0 260729564
START Player-1 RandomPlayer
BoardInit:Destroy,Tile:0,Tile:9,Tile:8,Tile:12,Tile:9,Tile:7,Destroy,Tile:0,Map,Malus,Tile:5,Tile:13,Tile:15,Tile:5,Tile:8,Destroy,Tile:3,Tile:10,Tile:9,Tile:7,Tile:8,Tile:5,Tile:2,Map,Tile:0,Map,Tile:11,Bonus,Tile:8,Bonus,Tile:8,Malus,Tile:9,Tile:0,Tile:7,Tile:10,Tile:9,Tile:7,Bonus,Map-Tile:14,Map,Tile:6,Tile:6,Tile:4,Tile:7,Tile:10-Bonus,Map,Tile:6,Tile:5,Tile:6,Tile:1,Tile:6-Tile:hidden2,Tile:nugget,Tile:hidden1
Tile:7 6 5 1
Map 12 3 0
Tile:4 5 4 1
Tile:6 6 6 0
Drop 4 0 1
Tile:8 7 6 0
Destroy 7 6 1
Tile:9_flip 7 6 0
Tile:6_flip 4 5 1
Tile:6 7 7 0
Tile:12_flip 6 7 1
Map 12 5 0
Tile:6_flip 3 5 1
Tile:6 8 7 0
Tile:9_flip 9 7 1
Tile:5 9 6 0
Tile:0 2 5 1
Tile:8 10 6 0
Destroy 6 7 1
Tile:0 11 6 0
Tile:7 12 6 1
Tile:9_flip 10 5 0
Tile:10 8 6 1
Tile:8 13 7 0
Tile:14_flip 6 7 1
Tile:5 13 6 0
Tile:13 8 5 1
Tile:0 11 7 0
Tile:5_flip 6 8 1
Destroy 12 6 0
Drop 3 0 1
Tile:8 10 4 0
Map 12 5 1
Tile:8 11 4 0
Drop 0 0 1
Tile:2_flip 9 8 0
Tile:0 9 5 1
GAMEOVER TIMEOUT WINNER 1
# Game ended: Sat Apr 11 21:18:05 EDT 2020
