# Server version 0.08 running on 192.168.2.221:8123
# Game ID: 290
# Board class: Saboteur.SaboteurBoard
# Timeout: 2000
# First Move Timeout: 30000
# Date: Sat Apr 11 20:16:35 EDT 2020
# Player 1: Player-0, 'RandomPlayer', running on 127.0.0.1
# Player 2: Player-1, '260729564', running on 127.0.0.1
START Player-0 RandomPlayer
START Player-1 260729564
BoardInit:Tile:4,Tile:8,Bonus,Tile:7,Map,Bonus,Tile:7,Tile:6,Tile:6,Tile:0,Tile:12,Tile:7,Tile:9,Tile:1,Tile:9,Malus,Tile:0,Tile:10,Tile:15,Map,Malus,Tile:2,Tile:5,Tile:8,Map,Tile:5,Tile:14,Tile:11,Tile:7,Tile:5,Destroy,Tile:7,Tile:6,Tile:0,Destroy,Tile:5,Bonus,Tile:6,Destroy,Tile:10,Map-Map,Tile:3,Tile:8,Tile:9,Bonus,Tile:9,Tile:0-Tile:6,Tile:9,Map,Tile:10,Tile:13,Tile:8,Tile:8-Tile:nugget,Tile:hidden2,Tile:hidden1
Map 12 3 1
Tile:10 5 6 0
Tile:8 5 4 1
Tile:8 6 4 0
Tile:0 7 4 1
Drop 4 0 0
Tile:9_flip 8 4 1
Tile:6 6 5 0
Tile:9 8 3 1
Tile:6 9 3 0
Tile:6 10 3 1
Tile:9_flip 10 2 0
Tile:7 11 3 1
Tile:8 4 4 0
Tile:9 11 4 1
Tile:7 7 5 0
Tile:9_flip 12 4 1
GAMEOVER WINNER 1
# Game ended: Sat Apr 11 20:16:36 EDT 2020
