# Server version 0.08 running on 192.168.2.221:8123
# Game ID: 111
# Board class: Saboteur.SaboteurBoard
# Timeout: 2000
# First Move Timeout: 30000
# Date: Sat Apr 11 16:19:46 EDT 2020
# Player 1: Player-0, '260729564', running on 127.0.0.1
# Player 2: Player-1, 'RandomPlayer', running on 127.0.0.1
START Player-0 260729564
START Player-1 RandomPlayer
BoardInit:Destroy,Tile:9,Tile:2,Tile:0,Tile:15,Bonus,Tile:8,Malus,Tile:8,Tile:10,Tile:7,Tile:7,Tile:0,Destroy,Bonus,Tile:12,Tile:11,Tile:6,Tile:5,Tile:8,Map,Destroy,Tile:0,Tile:6,Tile:4,Tile:3,Bonus,Malus,Tile:1,Map,Tile:10,Map,Tile:5,Map,Tile:5,Tile:5,Map,Tile:8,Tile:9,Map,Tile:6-Tile:0,Tile:10,Tile:8,Tile:9,Tile:9,Bonus,Tile:7-Tile:7,Tile:9,Tile:7,Tile:6,Tile:14,Tile:6,Tile:13-Tile:nugget,Tile:hidden1,Tile:hidden2
Tile:7 5 4 1
Tile:6 6 5 0
Tile:8 7 5 1
Tile:6 8 5 0
Tile:9 5 6 1
Tile:0 9 5 0
Tile:10 5 7 1
Tile:9_flip 10 5 0
Tile:2 4 5 1
Malus 0 0 0
Drop 1 0 1
Tile:9 10 4 0
Destroy 6 5 1
Tile:7 6 6 0
Drop 5 0 1
Tile:10 7 6 0
Drop 6 0 1
Tile:7_flip 6 7 0
Drop 3 0 1
Tile:6 7 7 0
Drop 2 0 1
Tile:8 11 4 0
Map 12 3 1
Tile:7_flip 11 5 0
Drop 5 0 1
Tile:6_flip 13 5 0
Drop 0 0 1
Destroy 11 5 0
Drop 2 0 1
Malus 0 0 0
Drop 4 0 1
Map 12 3 0
Drop 6 0 1
Drop 0 0 0
Drop 4 0 1
Drop 0 0 0
Drop 4 0 1
Tile:5 11 3 0
GAMEOVER WINNER 0
# Game ended: Sat Apr 11 16:19:47 EDT 2020
