# Server version 0.08 running on 192.168.2.221:8123
# Game ID: 438
# Board class: Saboteur.SaboteurBoard
# Timeout: 2000
# First Move Timeout: 30000
# Date: Sat Apr 11 20:35:43 EDT 2020
# Player 1: Player-0, 'RandomPlayer', running on 127.0.0.1
# Player 2: Player-1, '260729564', running on 127.0.0.1
START Player-0 RandomPlayer
START Player-1 260729564
BoardInit:Tile:10,Destroy,Tile:9,Malus,Tile:0,Tile:6,Tile:8,Tile:8,Bonus,Bonus,Tile:13,Tile:1,Tile:0,Map,Tile:12,Tile:8,Tile:5,Destroy,Map,Tile:7,Tile:5,Tile:8,Tile:7,Tile:2,Tile:0,Tile:9,Tile:7,Tile:14,Tile:9,Map,Tile:6,Destroy,Tile:3,Tile:7,Map,Tile:0,Bonus,Tile:6,Bonus,Tile:7,Tile:8-Tile:5,Tile:6,Tile:4,Tile:11,Tile:15,Tile:6,Tile:10-Tile:9,Tile:10,Map,Tile:9,Malus,Map,Tile:5-Tile:nugget,Tile:hidden1,Tile:hidden2
Tile:6 6 5 1
Tile:5 5 4 0
Tile:6 7 5 1
Tile:9 7 4 0
Tile:9_flip 8 4 1
Destroy 7 5 0
Tile:10 5 6 1
Tile:9_flip 6 4 0
Tile:8 7 5 1
Drop 2 0 0
Tile:10 8 3 1
Tile:10 8 2 0
Tile:5 8 1 1
Map 12 5 0
Tile:0 9 1 1
Drop 1 0 0
Tile:0 10 1 1
Drop 1 0 0
Tile:5_flip 11 1 1
Drop 1 0 0
Map 12 3 1
Destroy 6 4 0
Tile:5 11 0 1
Drop 5 0 0
Tile:7 12 0 1
Tile:2 4 5 0
Drop 0 0 1
Tile:8 8 5 0
Tile:7_flip 12 1 1
Tile:1 3 5 0
Tile:9_flip 13 1 1
Tile:9_flip 7 3 0
Tile:6 13 2 1
Destroy 13 2 0
Tile:0 9 5 1
Map 12 3 0
Drop 0 0 1
Tile:7_flip 5 7 0
Drop 0 0 1
Tile:6 10 5 0
Drop 1 0 1
Tile:14 7 6 0
Tile:8 10 4 1
Tile:7 7 2 0
Drop 1 0 1
Tile:8 6 7 0
Drop 1 0 1
Map 12 5 0
Drop 1 0 1
Map 12 7 0
Drop 1 0 1
Tile:0 6 2 0
Drop 1 0 1
Drop 0 0 0
Drop 0 0 1
GAMEOVER DRAW
# Game ended: Sat Apr 11 20:35:48 EDT 2020
