# Server version 0.08 running on 192.168.2.221:8123
# Game ID: 251
# Board class: Saboteur.SaboteurBoard
# Timeout: 2000
# First Move Timeout: 30000
# Date: Sat Apr 11 20:12:48 EDT 2020
# Player 1: Player-0, '260729564', running on 127.0.0.1
# Player 2: Player-1, 'RandomPlayer', running on 127.0.0.1
START Player-0 260729564
START Player-1 RandomPlayer
BoardInit:Map,Tile:6,Tile:12,Tile:10,Tile:5,Tile:8,Tile:14,Tile:9,Tile:5,Map,Tile:1,Tile:8,Malus,Tile:7,Bonus,Tile:9,Destroy,Tile:6,Tile:0,Tile:8,Tile:7,Tile:9,Malus,Tile:6,Tile:15,Tile:0,Destroy,Tile:7,Tile:6,Bonus,Tile:5,Map,Tile:0,Tile:0,Destroy,Bonus,Tile:4,Tile:7,Tile:2,Tile:13,Tile:3-Tile:8,Tile:11,Tile:10,Tile:5,Map,Tile:10,Tile:9-Bonus,Tile:7,Tile:8,Tile:6,Tile:9,Map,Map-Tile:hidden2,Tile:nugget,Tile:hidden1
Tile:9 5 6 1
Map 12 3 0
Tile:5_flip 6 6 1
Map 12 5 0
Tile:11 5 4 1
Tile:8 6 5 0
Tile:12 7 5 1
Tile:8 6 4 0
Tile:8 4 5 1
Tile:6 7 4 0
Tile:5_flip 8 4 1
Tile:6_flip 8 3 0
Tile:5_flip 4 6 1
Tile:8 9 3 0
Tile:14_flip 7 3 1
Tile:9 9 4 0
Malus 0 0 1
Bonus 0 0 0
Destroy 8 3 1
Tile:6_flip 8 3 0
Tile:10 5 7 1
Tile:8 10 4 0
Tile:7 10 3 1
Tile:9_flip 11 4 0
Drop 0 0 1
Tile:6 11 5 0
GAMEOVER WINNER 0
# Game ended: Sat Apr 11 20:12:49 EDT 2020
