# Server version 0.08 running on 192.168.2.221:8123
# Game ID: 1098
# Board class: Saboteur.SaboteurBoard
# Timeout: 2000
# First Move Timeout: 30000
# Date: Sat Apr 11 21:33:11 EDT 2020
# Player 1: Player-0, 'RandomPlayer', running on 127.0.0.1
# Player 2: Player-1, '260729564', running on 127.0.0.1
START Player-0 RandomPlayer
START Player-1 260729564
BoardInit:Bonus,Tile:12,Tile:5,Tile:13,Tile:6,Tile:0,Map,Tile:9,Tile:1,Tile:8,Tile:5,Tile:6,Tile:9,Tile:6,Tile:15,Tile:14,Map,Destroy,Tile:10,Tile:7,Tile:2,Bonus,Tile:7,Malus,Destroy,Map,Map,Tile:6,Bonus,Tile:0,Tile:7,Tile:7,Tile:8,Tile:11,Tile:8,Tile:7,Malus,Bonus,Tile:3,Map,Tile:10-Destroy,Tile:5,Tile:10,Tile:5,Map,Tile:0,Tile:9-Tile:0,Tile:6,Tile:9,Tile:8,Tile:8,Tile:9,Tile:4-Tile:hidden1,Tile:hidden2,Tile:nugget
Map 12 3 1
Tile:9 5 6 0
Tile:0 6 6 1
Tile:9 4 5 0
Tile:5_flip 7 6 1
Tile:13 5 4 0
Tile:6_flip 7 5 1
Drop 6 0 0
Map 12 5 1
Tile:6_flip 4 4 0
Tile:5_flip 8 5 1
Tile:4 8 4 0
Tile:10 5 7 1
Tile:9_flip 4 6 0
Tile:9 5 8 1
Tile:6 6 5 0
Tile:9_flip 6 8 1
Tile:6 3 6 0
Tile:5 6 7 1
Drop 1 0 0
Tile:10 6 9 1
Tile:7 3 5 0
Drop 2 0 1
Tile:8 6 4 0
Tile:7 7 7 1
Destroy 6 4 0
Drop 3 0 1
Tile:8 6 10 0
Tile:5_flip 7 10 1
Drop 6 0 0
Drop 2 0 1
Tile:0 3 4 0
Tile:7_flip 7 8 1
Tile:7_flip 5 10 0
Tile:8 8 8 1
Tile:11_flip 6 4 0
Tile:8 9 8 1
Tile:7 9 7 0
Malus 0 0 1
Bonus 0 0 0
Drop 2 0 1
Tile:14 6 11 0
Tile:10 9 9 1
Map 12 3 0
Drop 3 0 1
Drop 3 0 0
Drop 3 0 1
Tile:12_flip 2 5 0
Drop 3 0 1
Tile:0 2 6 0
Destroy 6 8 1
Malus 0 0 0
Bonus 0 0 1
Map 12 7 0
Destroy 5 7 1
GAMEOVER DRAW
# Game ended: Sat Apr 11 21:33:12 EDT 2020
