# Server version 0.08 running on 192.168.2.221:8123
# Game ID: 452
# Board class: Saboteur.SaboteurBoard
# Timeout: 2000
# First Move Timeout: 30000
# Date: Sat Apr 11 20:36:16 EDT 2020
# Player 1: Player-0, 'RandomPlayer', running on 127.0.0.1
# Player 2: Player-1, '260729564', running on 127.0.0.1
START Player-0 RandomPlayer
START Player-1 260729564
BoardInit:Tile:7,Tile:7,Tile:0,Tile:0,Map,Tile:7,Tile:0,Tile:11,Tile:7,Tile:3,Tile:13,Tile:9,Tile:12,Tile:6,Tile:6,Tile:8,Map,Malus,Tile:6,Destroy,Tile:9,Map,Tile:4,Bonus,Tile:5,Tile:0,Tile:7,Tile:6,Destroy,Malus,Tile:5,Tile:2,Tile:5,Tile:9,Map,Tile:6,Bonus,Destroy,Tile:10,Tile:5,Tile:8-Tile:1,Bonus,Tile:9,Tile:8,Map,Tile:8,Tile:15-Tile:10,Tile:9,Tile:10,Bonus,Tile:14,Tile:8,Map-Tile:hidden2,Tile:hidden1,Tile:nugget
Map 12 3 1
Drop 3 0 0
Tile:8 6 5 1
Tile:9 5 4 0
Tile:8 7 5 1
Tile:10 5 6 0
Map 12 5 1
Tile:0 4 5 0
Tile:0 8 5 1
Tile:11_flip 6 4 0
Tile:0 9 5 1
Tile:7_flip 7 6 0
Tile:9_flip 10 5 1
Tile:14_flip 6 3 0
Tile:7_flip 10 6 1
Tile:6 11 6 0
Tile:6 12 6 1
Map 12 3 0
Tile:7 13 6 1
Drop 1 0 0
Tile:6 13 7 1
GAMEOVER WINNER 1
# Game ended: Sat Apr 11 20:36:16 EDT 2020
