# Server version 0.08 running on 192.168.2.221:8123
# Game ID: 608
# Board class: Saboteur.SaboteurBoard
# Timeout: 2000
# First Move Timeout: 30000
# Date: Sat Apr 11 20:58:40 EDT 2020
# Player 1: Player-0, 'RandomPlayer', running on 127.0.0.1
# Player 2: Player-1, '260729564', running on 127.0.0.1
START Player-0 RandomPlayer
START Player-1 260729564
BoardInit:Tile:7,Tile:0,Tile:8,Bonus,Tile:1,Destroy,Tile:6,Tile:7,Tile:15,Tile:12,Tile:7,Tile:11,Map,Tile:5,Tile:9,Tile:6,Tile:13,Tile:7,Map,Tile:9,Tile:5,Tile:8,Bonus,Malus,Tile:0,Tile:3,Bonus,Tile:6,Tile:5,Tile:8,Tile:14,Tile:7,Tile:6,Tile:6,Tile:5,Map,Malus,Tile:0,Tile:10,Tile:9,Map-Map,Tile:8,Tile:0,Tile:10,Destroy,Tile:8,Destroy-Tile:2,Tile:4,Map,Tile:10,Tile:9,Tile:9,Bonus-Tile:hidden1,Tile:nugget,Tile:hidden2
Map 12 3 1
Tile:9 5 4 0
Tile:8 6 4 1
Tile:4 6 3 0
Tile:8 7 4 1
Tile:10 7 3 0
Tile:8 8 4 1
Tile:9 7 5 0
Tile:7 9 4 1
Tile:0 4 5 0
Tile:6 9 5 1
Tile:2_flip 8 5 0
Tile:7 10 5 1
Tile:11 10 6 0
Map 12 5 1
Tile:12 11 6 0
Tile:10 8 3 1
Drop 5 0 0
Tile:9 8 2 1
Tile:7 8 1 0
Tile:0 9 2 1
Tile:9_flip 7 6 0
Tile:5_flip 10 2 1
Tile:7 5 3 0
Drop 2 0 1
Tile:8 7 1 0
Tile:0 6 6 1
Tile:3_flip 7 7 0
Drop 2 0 1
Tile:6_flip 4 3 0
Tile:5 10 1 1
Map 12 3 0
Drop 2 0 1
Destroy 8 2 0
Tile:6 5 6 1
Tile:6_flip 4 6 0
Drop 2 0 1
Drop 3 0 0
Malus 0 0 1
Map 12 7 0
Tile:10 7 2 1
Drop 6 0 0
Tile:5 7 0 1
Bonus 0 0 0
Drop 3 0 1
Tile:6_flip 6 1 0
Drop 3 0 1
Tile:0 8 0 0
Drop 3 0 1
Tile:7 8 7 0
Destroy 7 7 1
Malus 0 0 0
Bonus 0 0 1
Drop 0 0 0
Destroy 7 0 1
GAMEOVER DRAW
# Game ended: Sat Apr 11 20:58:41 EDT 2020
