# Server version 0.08 running on 192.168.2.221:8123
# Game ID: 282
# Board class: Saboteur.SaboteurBoard
# Timeout: 2000
# First Move Timeout: 30000
# Date: Sat Apr 11 20:16:04 EDT 2020
# Player 1: Player-0, 'RandomPlayer', running on 127.0.0.1
# Player 2: Player-1, '260729564', running on 127.0.0.1
START Player-0 RandomPlayer
START Player-1 260729564
BoardInit:Tile:13,Tile:9,Tile:7,Tile:1,Tile:6,Tile:7,Tile:0,Tile:6,Tile:10,Tile:10,Tile:8,Tile:8,Tile:9,Bonus,Tile:4,Map,Tile:0,Map,Destroy,Tile:5,Map,Bonus,Map,Malus,Bonus,Tile:0,Tile:8,Tile:5,Tile:6,Tile:7,Destroy,Tile:8,Tile:14,Tile:10,Tile:6,Malus,Tile:9,Tile:5,Tile:8,Tile:12,Tile:5-Tile:7,Map,Tile:0,Destroy,Tile:9,Bonus,Tile:6-Tile:11,Tile:15,Tile:7,Tile:9,Tile:2,Tile:3,Map-Tile:nugget,Tile:hidden1,Tile:hidden2
Map 12 3 1
Tile:3_flip 5 6 0
Tile:6_flip 5 4 1
Tile:9 4 4 0
Tile:9_flip 6 4 1
Tile:9_flip 6 5 0
Tile:6_flip 6 3 1
Tile:2_flip 6 6 0
Tile:0 7 3 1
Tile:6_flip 7 6 0
Tile:0 8 3 1
Map 12 3 0
Tile:8 9 3 1
Tile:11_flip 10 3 0
Tile:10 9 2 1
Tile:7 8 6 0
Tile:9 10 2 1
Drop 5 0 0
Tile:0 5 3 1
Tile:15 7 7 0
Tile:7_flip 9 4 1
Drop 4 0 0
Drop 2 0 1
Tile:5 4 3 0
Drop 3 0 1
Tile:8 11 2 0
Drop 4 0 1
Tile:10 8 7 0
Tile:8 10 4 1
Tile:7 12 2 0
Tile:7_flip 4 5 1
Tile:1 11 4 0
GAMEOVER TIMEOUT WINNER 0
# Game ended: Sat Apr 11 20:16:10 EDT 2020
