# Server version 0.08 running on 192.168.2.221:8123
# Game ID: 136
# Board class: Saboteur.SaboteurBoard
# Timeout: 2000
# First Move Timeout: 30000
# Date: Sat Apr 11 16:21:13 EDT 2020
# Player 1: Player-0, 'RandomPlayer', running on 127.0.0.1
# Player 2: Player-1, '260729564', running on 127.0.0.1
START Player-0 RandomPlayer
START Player-1 260729564
BoardInit:Tile:5,Tile:2,Tile:9,Map,Tile:1,Tile:4,Tile:6,Tile:7,Bonus,Tile:11,Tile:9,Tile:5,Malus,Tile:7,Tile:0,Map,Tile:8,Tile:10,Tile:0,Destroy,Bonus,Bonus,Tile:5,Map,Tile:9,Tile:7,Tile:7,Tile:8,Tile:3,Map,Map,Tile:8,Tile:10,Tile:12,Tile:9,Bonus,Destroy,Tile:7,Tile:9,Tile:5,Tile:0-Tile:8,Tile:13,Tile:14,Tile:6,Tile:10,Map,Tile:6-Tile:8,Tile:0,Malus,Tile:6,Destroy,Tile:6,Tile:15-Tile:hidden1,Tile:nugget,Tile:hidden2
Map 12 3 1
Drop 3 0 0
Tile:8 6 5 1
Tile:6 5 6 0
Tile:6 7 5 1
Tile:2 4 6 0
Tile:6 8 5 1
Tile:8 8 4 0
Tile:6 9 4 1
Destroy 8 4 0
Tile:5 8 4 1
Drop 1 0 0
Tile:9_flip 10 4 1
Tile:15 6 4 0
Malus 0 0 1
Map 12 7 0
Tile:0 9 5 1
Map 12 7 0
Tile:8 10 5 1
Drop 3 0 0
Tile:0 11 5 1
GAMEOVER WINNER 1
# Game ended: Sat Apr 11 16:21:13 EDT 2020
