# Server version 0.08 running on 192.168.2.221:8123
# Game ID: 34
# Board class: Saboteur.SaboteurBoard
# Timeout: 2000
# First Move Timeout: 30000
# Date: Sat Apr 11 16:04:23 EDT 2020
# Player 1: Player-0, 'RandomPlayer', running on 127.0.0.1
# Player 2: Player-1, '260729564', running on 127.0.0.1
START Player-0 RandomPlayer
START Player-1 260729564
BoardInit:Tile:12,Tile:14,Tile:5,Tile:1,Tile:15,Tile:9,Bonus,Tile:7,Tile:0,Tile:6,Tile:2,Tile:9,Map,Destroy,Tile:8,Tile:9,Tile:6,Tile:9,Tile:6,Tile:8,Tile:4,Bonus,Tile:8,Tile:0,Map,Tile:7,Tile:5,Tile:10,Destroy,Malus,Tile:6,Tile:9,Tile:5,Map,Map,Tile:7,Tile:5,Tile:13,Tile:7,Tile:0,Malus-Tile:10,Tile:0,Tile:3,Tile:8,Tile:7,Destroy,Tile:8-Bonus,Tile:11,Tile:6,Map,Tile:10,Map,Bonus-Tile:hidden2,Tile:nugget,Tile:hidden1
Tile:3_flip 4 5 1
Drop 3 0 0
Tile:8 5 4 1
Map 12 3 0
Tile:0 6 4 1
Tile:14_flip 4 4 0
Tile:8 5 3 1
Tile:9 5 6 0
Drop 3 0 1
Tile:10 5 7 0
Tile:0 7 4 1
Tile:6_flip 8 4 0
Drop 4 0 1
Tile:7 6 5 0
Map 12 3 1
Tile:1 9 4 0
Tile:8 5 2 1
Tile:9_flip 5 8 0
Tile:6 8 5 1
Tile:9_flip 5 1 0
Tile:6_flip 9 5 1
Destroy 5 7 0
Drop 5 0 1
Tile:9_flip 10 5 0
Tile:8 5 0 1
Tile:11_flip 9 6 0
Map 12 5 1
Tile:0 4 3 0
Tile:10 10 6 1
Tile:8 9 7 0
Drop 4 0 1
Drop 2 0 0
Tile:6 10 7 1
Tile:9_flip 6 6 0
Destroy 5 6 1
Map 12 3 0
Drop 6 0 1
Tile:7_flip 6 7 0
Tile:5 7 5 1
Tile:13 4 0 0
Tile:5 8 6 1
Tile:0 3 0 0
Tile:7_flip 5 6 1
Tile:7_flip 9 8 0
Tile:7 11 7 1
Drop 3 0 0
Drop 4 0 1
Drop 1 0 0
Tile:5_flip 6 2 1
Malus 0 0 0
Bonus 0 0 1
Drop 0 0 0
Destroy 6 2 1
Drop 0 0 0
Tile:5 4 8 1
GAMEOVER DRAW
# Game ended: Sat Apr 11 16:04:29 EDT 2020
