# Server version 0.08 running on 192.168.2.221:8123
# Game ID: 923
# Board class: Saboteur.SaboteurBoard
# Timeout: 2000
# First Move Timeout: 30000
# Date: Sat Apr 11 21:20:25 EDT 2020
# Player 1: Player-0, '260729564', running on 127.0.0.1
# Player 2: Player-1, 'RandomPlayer', running on 127.0.0.1
START Player-0 260729564
START Player-1 RandomPlayer
BoardInit:Tile:8,Tile:5,Tile:6,Destroy,Tile:10,Tile:15,Tile:0,Malus,Map,Tile:0,Bonus,Tile:8,Tile:8,Tile:7,Tile:9,Map,Tile:5,Map,Destroy,Tile:7,Tile:7,Tile:14,Tile:3,Tile:0,Tile:6,Tile:9,Bonus,Tile:9,Tile:7,Tile:12,Tile:8,Tile:2,Tile:5,Tile:6,Tile:13,Bonus,Malus,Tile:10,Tile:5,Bonus,Map-Tile:10,Tile:6,Tile:1,Tile:4,Tile:9,Tile:0,Tile:11-Tile:7,Map,Map,Tile:6,Tile:9,Destroy,Tile:8-Tile:hidden2,Tile:hidden1,Tile:nugget
Tile:0 4 5 1
Map 12 3 0
Tile:9_flip 5 4 1
Map 12 5 0
Drop 1 0 1
Tile:8 5 6 0
Tile:11_flip 6 6 1
Tile:9_flip 6 5 0
Tile:4 6 4 1
Malus 0 0 0
Drop 1 0 1
Tile:6 5 7 0
Drop 6 0 1
Tile:8 6 7 0
Map 12 7 1
Tile:0 7 7 0
Drop 5 0 1
Tile:7 8 7 0
Drop 3 0 1
Tile:7_flip 8 8 0
Destroy 6 6 1
Tile:5_flip 9 8 0
Drop 0 0 1
Tile:7_flip 6 8 0
Drop 2 0 1
Drop 2 0 0
Drop 0 0 1
Tile:9 9 7 0
Drop 6 0 1
Tile:9_flip 10 7 0
Drop 0 0 1
Drop 2 0 0
Drop 6 0 1
Drop 2 0 0
Drop 3 0 1
Tile:6_flip 10 6 0
Drop 3 0 1
Tile:0 11 6 0
Drop 0 0 1
Tile:10 10 8 0
Drop 4 0 1
Drop 2 0 0
Map 12 7 1
Drop 2 0 0
Drop 4 0 1
Drop 2 0 0
Drop 2 0 1
Drop 3 0 0
Drop 0 0 1
Destroy 8 7 0
Drop 0 0 1
Destroy 4 5 0
Drop 1 0 1
Drop 0 0 0
Drop 0 0 1
GAMEOVER DRAW
# Game ended: Sat Apr 11 21:20:25 EDT 2020
