# Server version 0.08 running on 192.168.2.221:8123
# Game ID: 168
# Board class: Saboteur.SaboteurBoard
# Timeout: 2000
# First Move Timeout: 30000
# Date: Sat Apr 11 20:05:39 EDT 2020
# Player 1: Player-0, 'RandomPlayer', running on 127.0.0.1
# Player 2: Player-1, '260729564', running on 127.0.0.1
START Player-0 RandomPlayer
START Player-1 260729564
BoardInit:Tile:1,Tile:8,Tile:13,Tile:2,Tile:9,Map,Tile:4,Bonus,Tile:5,Map,Map,Tile:8,Bonus,Tile:9,Tile:7,Tile:8,Tile:0,Tile:11,Tile:6,Tile:14,Map,Tile:0,Malus,Destroy,Tile:7,Tile:3,Tile:12,Tile:7,Bonus,Tile:5,Map,Tile:7,Tile:6,Tile:6,Tile:10,Destroy,Destroy,Tile:9,Tile:9,Tile:10,Tile:8-Tile:10,Tile:15,Tile:6,Tile:5,Tile:0,Tile:7,Bonus-Tile:0,Map,Tile:5,Tile:6,Tile:9,Malus,Tile:8-Tile:hidden1,Tile:nugget,Tile:hidden2
Tile:6 6 5 1
Tile:8 5 4 0
Tile:0 7 5 1
Tile:0 4 4 0
Tile:5_flip 8 5 1
Tile:6_flip 4 5 0
Tile:10 8 4 1
Malus 0 0 0
Bonus 0 0 1
Tile:8 4 6 0
Tile:9_flip 6 4 1
Tile:2_flip 5 6 0
Map 12 3 1
Drop 2 0 0
Tile:5 8 3 1
Tile:9_flip 9 3 0
Tile:7_flip 9 4 1
Tile:8 10 4 0
Tile:0 11 4 1
Tile:11_flip 5 3 0
Tile:6 12 4 1
Map 12 5 0
Map 12 5 1
Tile:8 5 2 0
Malus 0 0 1
Destroy 8 5 0
Tile:7 6 6 1
Map 12 7 0
Drop 0 0 1
Drop 4 0 0
Drop 0 0 1
Bonus 0 0 0
Drop 0 0 1
Tile:5 6 3 0
Tile:6 8 5 1
Drop 1 0 0
Tile:10 12 2 1
Tile:6 4 7 0
Tile:7_flip 11 3 1
Tile:7_flip 4 3 0
Tile:9_flip 13 4 1
Destroy 6 3 0
Tile:8 13 5 1
GAMEOVER WINNER 1
# Game ended: Sat Apr 11 20:05:40 EDT 2020
