# Server version 0.08 running on 192.168.2.221:8123
# Game ID: 1346
# Board class: Saboteur.SaboteurBoard
# Timeout: 2000
# First Move Timeout: 30000
# Date: Sat Apr 11 22:00:59 EDT 2020
# Player 1: Player-0, 'RandomPlayer', running on 127.0.0.1
# Player 2: Player-1, '260729564', running on 127.0.0.1
START Player-0 RandomPlayer
START Player-1 260729564
BoardInit:Tile:7,Tile:5,Bonus,Tile:8,Tile:7,Tile:2,Tile:9,Tile:10,Tile:4,Bonus,Tile:3,Destroy,Tile:15,Tile:7,Tile:9,Tile:5,Tile:7,Map,Tile:8,Map,Tile:9,Map,Tile:13,Tile:6,Tile:10,Tile:8,Map,Map,Tile:10,Bonus,Tile:5,Tile:5,Tile:0,Tile:0,Tile:11,Bonus,Map,Tile:6,Tile:0,Tile:6,Malus-Destroy,Tile:1,Malus,Tile:8,Tile:9,Tile:9,Tile:0-Tile:6,Tile:6,Tile:12,Tile:7,Tile:8,Destroy,Tile:14-Tile:nugget,Tile:hidden2,Tile:hidden1
Malus 0 0 1
Drop 3 0 0
Tile:8 6 5 1
Drop 1 0 0
Tile:0 7 5 1
Drop 0 0 0
Tile:9_flip 8 5 1
Destroy 7 5 0
Tile:7_flip 6 6 1
Drop 1 0 0
Tile:7 7 6 1
Bonus 0 0 0
Tile:9 8 6 1
Tile:5_flip 5 6 0
Tile:9 7 7 1
Tile:2 9 6 0
Tile:9_flip 8 7 1
Destroy 8 6 0
Tile:7_flip 9 7 1
Tile:5 5 4 0
Tile:8 6 4 1
Tile:10 6 3 0
Tile:9 8 6 1
Tile:8 10 7 0
Drop 1 0 1
Tile:12 11 7 0
Tile:10 8 4 1
Tile:8 8 8 0
Map 12 3 1
Tile:6_flip 10 6 0
Tile:10 8 3 1
Drop 3 0 0
Tile:5 8 2 1
Tile:5 4 6 0
Tile:0 9 2 1
Map 12 7 0
Destroy 11 7 1
Tile:7 9 8 0
Drop 1 0 1
Tile:14_flip 6 2 0
Tile:0 10 2 1
Tile:6_flip 11 2 0
Malus 0 0 1
Bonus 0 0 0
Drop 1 0 1
Map 12 7 0
Drop 1 0 1
Tile:0 4 5 0
Drop 1 0 1
Tile:6 12 2 0
Drop 1 0 1
Map 12 7 0
Drop 1 0 1
Drop 0 0 0
Drop 0 0 1
GAMEOVER DRAW
# Game ended: Sat Apr 11 22:00:59 EDT 2020
