# Server version 0.08 running on 192.168.2.221:8123
# Game ID: 770
# Board class: Saboteur.SaboteurBoard
# Timeout: 2000
# First Move Timeout: 30000
# Date: Sat Apr 11 21:09:52 EDT 2020
# Player 1: Player-0, 'RandomPlayer', running on 127.0.0.1
# Player 2: Player-1, '260729564', running on 127.0.0.1
START Player-0 RandomPlayer
START Player-1 260729564
BoardInit:Tile:0,Tile:0,Bonus,Bonus,Tile:4,Tile:9,Tile:7,Tile:6,Tile:9,Tile:12,Tile:8,Tile:14,Tile:8,Tile:10,Map,Tile:7,Tile:10,Malus,Tile:8,Bonus,Tile:7,Tile:5,Tile:5,Tile:13,Map,Tile:6,Tile:0,Destroy,Tile:5,Destroy,Tile:6,Bonus,Tile:9,Map,Destroy,Map,Map,Tile:3,Tile:5,Tile:6,Tile:0-Tile:10,Tile:6,Tile:8,Tile:7,Tile:1,Tile:11,Tile:7-Tile:9,Tile:2,Map,Malus,Tile:9,Tile:8,Tile:15-Tile:nugget,Tile:hidden2,Tile:hidden1
Tile:8 6 5 1
Tile:9 4 5 0
Tile:6 7 5 1
Tile:9 6 6 0
Tile:0 8 5 1
Tile:8 9 5 0
Tile:7 10 5 1
Tile:2 9 4 0
Tile:7_flip 10 6 1
Tile:15 5 6 0
Tile:7 11 6 1
Map 12 3 0
Tile:8 11 7 1
Tile:9_flip 4 4 0
Tile:9 12 6 1
Tile:10 7 4 0
Map 12 3 1
Tile:6 5 7 0
Tile:10 12 4 1
GAMEOVER WINNER 1
# Game ended: Sat Apr 11 21:09:52 EDT 2020
