# Server version 0.08 running on 192.168.2.221:8123
# Game ID: 1012
# Board class: Saboteur.SaboteurBoard
# Timeout: 2000
# First Move Timeout: 30000
# Date: Sat Apr 11 21:28:03 EDT 2020
# Player 1: Player-0, 'RandomPlayer', running on 127.0.0.1
# Player 2: Player-1, '260729564', running on 127.0.0.1
START Player-0 RandomPlayer
START Player-1 260729564
BoardInit:Tile:7,Tile:0,Tile:2,Tile:9,Tile:4,Tile:12,Tile:6,Destroy,Malus,Tile:0,Bonus,Tile:9,Tile:6,Bonus,Tile:5,Map,Tile:0,Map,Map,Tile:7,Destroy,Tile:9,Tile:15,Bonus,Tile:7,Tile:1,Tile:6,Tile:11,Tile:5,Tile:6,Tile:8,Tile:7,Tile:13,Tile:7,Tile:3,Tile:9,Tile:6,Tile:14,Tile:10,Destroy,Tile:0-Tile:10,Malus,Tile:8,Tile:8,Tile:5,Tile:8,Map-Tile:5,Map,Map,Bonus,Tile:10,Tile:8,Tile:9-Tile:hidden2,Tile:hidden1,Tile:nugget
Map 12 3 1
Tile:5 4 5 0
Malus 0 0 1
Drop 1 0 0
Tile:8 6 5 1
Map 12 7 0
Tile:8 7 5 1
Drop 3 0 0
Tile:8 8 5 1
Drop 6 0 0
Malus 0 0 1
Bonus 0 0 0
Tile:6 9 5 1
Drop 0 0 0
Tile:6 10 5 1
Drop 5 0 0
Tile:5_flip 11 5 1
Drop 0 0 0
Tile:5 11 4 1
Drop 3 0 0
Map 12 5 1
Map 12 5 0
Tile:7_flip 8 6 1
Map 12 3 0
Tile:0 12 4 1
Drop 0 0 0
Tile:7 9 6 1
Drop 5 0 0
Tile:6 13 4 1
Drop 6 0 0
Tile:10 13 3 1
Drop 1 0 0
Tile:8 13 2 1
Drop 4 0 0
Tile:15 8 4 1
Drop 0 0 0
GAMEOVER TIMEOUT WINNER 0
# Game ended: Sat Apr 11 21:28:09 EDT 2020
