# Server version 0.08 running on 192.168.2.221:8123
# Game ID: 319
# Board class: Saboteur.SaboteurBoard
# Timeout: 2000
# First Move Timeout: 30000
# Date: Sat Apr 11 20:18:31 EDT 2020
# Player 1: Player-0, '260729564', running on 127.0.0.1
# Player 2: Player-1, 'RandomPlayer', running on 127.0.0.1
START Player-0 260729564
START Player-1 RandomPlayer
BoardInit:Tile:3,Tile:8,Map,Tile:10,Malus,Tile:6,Tile:2,Tile:10,Map,Tile:1,Tile:5,Malus,Tile:6,Destroy,Tile:6,Bonus,Tile:8,Tile:7,Tile:8,Tile:0,Tile:7,Tile:11,Map,Destroy,Tile:6,Tile:9,Map,Map,Map,Tile:0,Tile:9,Tile:4,Tile:0,Bonus,Tile:7,Tile:7,Tile:6,Tile:7,Tile:5,Tile:8,Tile:13-Tile:9,Tile:12,Tile:15,Bonus,Tile:9,Tile:8,Tile:14-Tile:5,Tile:9,Tile:10,Bonus,Tile:0,Destroy,Tile:5-Tile:hidden2,Tile:nugget,Tile:hidden1
Tile:14 5 6 1
Tile:0 6 5 0
Tile:9 4 5 1
Tile:8 7 5 0
Drop 2 0 1
Tile:9_flip 8 5 0
Tile:3_flip 4 6 1
Tile:6 8 6 0
Tile:2 7 4 1
Tile:5_flip 9 6 0
Map 12 7 1
Tile:10 9 5 0
Tile:9 4 4 1
Malus 0 0 0
Map 12 5 1
Tile:10 9 4 0
Drop 1 0 1
Tile:10 9 3 0
Drop 3 0 1
Tile:7_flip 7 6 0
Drop 2 0 1
Tile:0 6 4 0
Drop 0 0 1
Tile:5 9 2 0
Drop 4 0 1
Drop 2 0 0
Drop 3 0 1
Tile:9_flip 8 4 0
Drop 5 0 1
Map 12 3 0
Map 12 7 1
Tile:0 10 2 0
Map 12 7 1
Drop 3 0 0
Drop 3 0 1
Drop 3 0 0
Drop 2 0 1
Tile:7 11 2 0
Map 12 5 1
Tile:7_flip 11 3 0
Drop 2 0 1
GAMEOVER TIMEOUT WINNER 1
# Game ended: Sat Apr 11 20:18:35 EDT 2020
