# Server version 0.08 running on 192.168.2.221:8123
# Game ID: 760
# Board class: Saboteur.SaboteurBoard
# Timeout: 2000
# First Move Timeout: 30000
# Date: Sat Apr 11 21:09:34 EDT 2020
# Player 1: Player-0, 'RandomPlayer', running on 127.0.0.1
# Player 2: Player-1, '260729564', running on 127.0.0.1
START Player-0 RandomPlayer
START Player-1 260729564
BoardInit:Tile:7,Tile:0,Malus,Tile:13,Tile:10,Destroy,Tile:5,Map,Tile:6,Tile:8,Malus,Tile:0,Tile:10,Tile:8,Tile:0,Map,Tile:9,Tile:7,Tile:7,Tile:9,Tile:0,Map,Tile:8,Tile:5,Bonus,Tile:7,Map,Map,Tile:12,Tile:9,Bonus,Tile:8,Tile:1,Bonus,Tile:6,Tile:7,Map,Tile:15,Tile:9,Tile:14,Destroy-Tile:5,Tile:11,Tile:8,Bonus,Tile:6,Destroy,Tile:3-Tile:10,Tile:6,Tile:9,Tile:5,Tile:2,Tile:6,Tile:4-Tile:hidden1,Tile:nugget,Tile:hidden2
Tile:8 6 5 1
Tile:2 6 4 0
Tile:6 7 5 1
Tile:9 5 4 0
Malus 0 0 1
Drop 4 0 0
Tile:5_flip 8 5 1
Destroy 6 4 0
Tile:10 8 4 1
Map 12 5 0
Tile:6_flip 8 3 1
Drop 4 0 0
Malus 0 0 1
Drop 0 0 0
Tile:10 7 4 1
Drop 0 0 0
Tile:0 9 3 1
Map 12 7 0
Tile:9 6 6 1
Drop 3 0 0
Tile:7 10 3 1
Drop 2 0 0
Tile:0 7 6 1
Map 12 7 0
Tile:8 10 4 1
Drop 2 0 0
Tile:5_flip 11 4 1
Drop 0 0 0
Map 12 3 1
Drop 4 0 0
Tile:7_flip 10 5 1
Map 12 3 0
Drop 0 0 1
Drop 6 0 0
Drop 2 0 1
Drop 0 0 0
Tile:6_flip 11 5 1
GAMEOVER WINNER 1
# Game ended: Sat Apr 11 21:09:34 EDT 2020
