# Server version 0.08 running on 192.168.2.221:8123
# Game ID: 326
# Board class: Saboteur.SaboteurBoard
# Timeout: 2000
# First Move Timeout: 30000
# Date: Sat Apr 11 20:19:01 EDT 2020
# Player 1: Player-0, 'RandomPlayer', running on 127.0.0.1
# Player 2: Player-1, '260729564', running on 127.0.0.1
START Player-0 RandomPlayer
START Player-1 260729564
BoardInit:Tile:5,Tile:8,Map,Tile:12,Map,Tile:7,Bonus,Destroy,Map,Tile:7,Tile:9,Tile:10,Tile:9,Tile:9,Tile:15,Destroy,Tile:10,Tile:7,Map,Tile:5,Tile:4,Tile:7,Tile:6,Map,Tile:8,Destroy,Malus,Tile:2,Tile:10,Tile:0,Tile:13,Tile:0,Map,Tile:0,Tile:9,Tile:3,Tile:0,Tile:6,Malus,Tile:6,Tile:6-Tile:6,Tile:5,Bonus,Tile:11,Tile:5,Tile:8,Tile:8-Tile:8,Tile:9,Tile:14,Bonus,Bonus,Tile:1,Tile:7-Tile:hidden2,Tile:nugget,Tile:hidden1
Tile:8 6 5 1
Tile:9 6 4 0
Tile:8 7 4 1
Tile:8 6 6 0
Map 12 3 1
Drop 1 0 0
Map 12 5 1
Drop 2 0 0
Tile:6 8 4 1
Tile:7 7 3 0
Tile:5_flip 9 4 1
Drop 3 0 0
Tile:9 9 3 1
Tile:8 7 5 0
Tile:9_flip 7 6 1
Drop 3 0 0
Tile:5_flip 10 3 1
Tile:9_flip 5 4 0
Tile:10 8 3 1
Tile:7 5 3 0
Tile:5 6 3 1
Drop 3 0 0
Drop 1 0 1
Tile:7 8 5 0
Tile:6_flip 10 2 1
Tile:5 9 2 0
Tile:8 11 2 1
Destroy 7 5 0
Malus 0 0 1
Destroy 9 2 0
Tile:10 8 6 1
Drop 3 0 0
Drop 1 0 1
Map 12 7 0
Drop 1 0 1
Drop 0 0 0
Tile:9_flip 12 2 1
Drop 4 0 0
Tile:0 13 3 1
Drop 0 0 0
Malus 0 0 1
Drop 2 0 0
GAMEOVER TIMEOUT WINNER 0
# Game ended: Sat Apr 11 20:19:07 EDT 2020
