# Server version 0.08 running on 192.168.2.221:8123
# Game ID: 1322
# Board class: Saboteur.SaboteurBoard
# Timeout: 2000
# First Move Timeout: 30000
# Date: Sat Apr 11 21:57:29 EDT 2020
# Player 1: Player-0, 'RandomPlayer', running on 127.0.0.1
# Player 2: Player-1, '260729564', running on 127.0.0.1
START Player-0 RandomPlayer
START Player-1 260729564
BoardInit:Tile:8,Destroy,Tile:13,Tile:10,Tile:1,Tile:0,Map,Bonus,Tile:9,Tile:6,Tile:5,Tile:9,Malus,Tile:12,Tile:9,Tile:6,Tile:10,Tile:2,Tile:8,Tile:11,Tile:7,Destroy,Map,Bonus,Tile:8,Tile:8,Map,Tile:7,Tile:7,Tile:9,Bonus,Tile:0,Map,Tile:6,Tile:7,Map,Tile:8,Tile:0,Tile:0,Tile:6,Tile:7-Tile:15,Malus,Tile:3,Tile:5,Tile:10,Tile:9,Tile:5-Tile:14,Bonus,Destroy,Tile:6,Tile:4,Map,Tile:5-Tile:hidden1,Tile:hidden2,Tile:nugget
Malus 0 0 1
Drop 4 0 0
Tile:8 6 5 1
Drop 2 0 0
Tile:9_flip 7 5 1
Drop 1 0 0
Tile:10 7 4 1
Drop 1 0 0
Map 12 3 1
Map 12 5 0
Tile:9 7 6 1
Destroy 6 5 0
Tile:5 5 4 1
Bonus 0 0 0
Malus 0 0 1
Drop 0 0 0
Tile:9_flip 6 4 1
Drop 5 0 0
Tile:10 5 6 1
Drop 3 0 0
Tile:8 6 5 1
Drop 2 0 0
Tile:5_flip 8 6 1
Destroy 8 6 0
Map 12 5 1
Drop 5 0 0
Tile:8 8 6 1
Drop 0 0 0
Tile:5_flip 9 6 1
Drop 6 0 0
Tile:7_flip 8 7 1
Drop 1 0 0
Tile:7 9 7 1
Drop 4 0 0
Drop 0 0 1
Drop 0 0 0
Tile:7_flip 9 8 1
Map 12 7 0
Tile:8 10 8 1
Drop 0 0 0
Tile:0 11 8 1
Drop 4 0 0
Tile:7 12 8 1
Bonus 0 0 0
Drop 0 0 1
Drop 3 0 0
Drop 0 0 1
Tile:9_flip 7 7 0
Drop 0 0 1
Tile:6 10 9 0
Drop 0 0 1
Tile:2_flip 6 7 0
Drop 1 0 1
Tile:0 9 9 0
Drop 0 0 1
GAMEOVER DRAW
# Game ended: Sat Apr 11 21:57:29 EDT 2020
