# Server version 0.08 running on 192.168.2.221:8123
# Game ID: 905
# Board class: Saboteur.SaboteurBoard
# Timeout: 2000
# First Move Timeout: 30000
# Date: Sat Apr 11 21:19:38 EDT 2020
# Player 1: Player-0, '260729564', running on 127.0.0.1
# Player 2: Player-1, 'RandomPlayer', running on 127.0.0.1
START Player-0 260729564
START Player-1 RandomPlayer
BoardInit:Tile:15,Tile:2,Tile:5,Tile:0,Tile:6,Map,Tile:0,Tile:10,Tile:8,Tile:8,Bonus,Tile:1,Tile:5,Tile:7,Destroy,Tile:7,Bonus,Bonus,Map,Tile:3,Tile:6,Tile:8,Tile:7,Destroy,Tile:0,Bonus,Map,Malus,Tile:7,Tile:12,Tile:7,Tile:10,Tile:8,Tile:4,Map,Tile:5,Tile:6,Tile:9,Tile:11,Tile:10,Tile:5-Map,Malus,Tile:9,Tile:0,Tile:13,Destroy,Map-Tile:6,Tile:9,Tile:8,Tile:9,Tile:6,Tile:14,Tile:9-Tile:nugget,Tile:hidden2,Tile:hidden1
Map 12 7 1
Tile:8 6 5 0
Tile:13 7 5 1
Tile:9 6 4 0
Tile:9_flip 6 6 1
Tile:9 7 6 0
Tile:6 6 7 1
Map 12 3 0
Tile:0 4 5 1
Tile:9_flip 7 4 0
Tile:0 3 5 1
Tile:8 7 3 0
Tile:8 6 3 1
Tile:6 8 3 0
Destroy 8 3 1
Tile:7 8 3 0
Tile:15 6 2 1
Tile:10 8 4 0
Destroy 7 5 1
Tile:6 8 5 0
Tile:5 6 1 1
Tile:0 9 5 0
Tile:5 5 7 1
Tile:8 10 5 0
Drop 2 0 1
Tile:7 11 5 0
Tile:6 10 6 1
Destroy 11 5 0
Tile:7_flip 5 8 1
Malus 0 0 0
Map 12 5 1
Drop 0 0 0
Map 12 3 1
Tile:10 10 4 0
Malus 0 0 1
Bonus 0 0 0
Map 12 7 1
Tile:5_flip 11 5 0
Map 12 5 1
Tile:9 11 4 0
Drop 4 0 1
Tile:10 10 3 0
Drop 5 0 1
Drop 0 0 0
Drop 4 0 1
Drop 0 0 0
Drop 3 0 1
Drop 0 0 0
Drop 2 0 1
Drop 1 0 0
Drop 0 0 1
Drop 1 0 0
Drop 1 0 1
Drop 0 0 0
Drop 0 0 1
GAMEOVER DRAW
# Game ended: Sat Apr 11 21:19:38 EDT 2020
