# Server version 0.08 running on 192.168.2.221:8123
# Game ID: 145
# Board class: Saboteur.SaboteurBoard
# Timeout: 2000
# First Move Timeout: 30000
# Date: Sat Apr 11 16:21:30 EDT 2020
# Player 1: Player-0, '260729564', running on 127.0.0.1
# Player 2: Player-1, 'RandomPlayer', running on 127.0.0.1
START Player-0 260729564
START Player-1 RandomPlayer
BoardInit:Tile:6,Tile:5,Tile:5,Bonus,Map,Malus,Malus,Tile:12,Map,Destroy,Bonus,Tile:0,Tile:7,Tile:7,Tile:14,Tile:8,Tile:15,Bonus,Tile:10,Tile:9,Destroy,Map,Tile:0,Tile:10,Tile:0,Tile:7,Tile:3,Map,Tile:8,Tile:6,Tile:6,Tile:5,Tile:8,Tile:9,Tile:8,Bonus,Tile:9,Tile:5,Tile:9,Tile:7,Map-Map,Tile:6,Tile:13,Tile:2,Tile:10,Tile:7,Tile:11-Tile:8,Tile:0,Tile:4,Tile:1,Destroy,Tile:9,Tile:6-Tile:hidden1,Tile:nugget,Tile:hidden2
Tile:11 5 6 1
Tile:8 6 5 0
Tile:7_flip 4 5 1
Tile:9_flip 7 5 0
Tile:13 4 4 1
Tile:6 7 6 0
Map 12 5 1
Malus 0 0 0
Map 12 7 1
Tile:5_flip 8 6 0
Drop 1 0 1
Drop 1 0 0
Drop 0 0 1
Drop 1 0 0
Bonus 0 0 1
Drop 3 0 0
Drop 5 0 1
Tile:8 7 4 0
Tile:10 7 3 1
Tile:7 8 4 0
Tile:14_flip 6 4 1
Tile:9 8 5 0
Destroy 8 4 1
Map 12 3 0
Drop 0 0 1
Tile:0 9 5 0
Map 12 3 1
Tile:7 10 5 0
Tile:10 4 3 1
Map 12 5 0
Tile:3 5 4 1
Tile:6 10 6 0
Tile:6_flip 8 4 1
Tile:5_flip 11 6 0
Tile:0 9 4 1
Tile:9 11 5 0
GAMEOVER WINNER 0
# Game ended: Sat Apr 11 16:21:31 EDT 2020
