# Server version 0.08 running on 192.168.2.221:8123
# Game ID: 712
# Board class: Saboteur.SaboteurBoard
# Timeout: 2000
# First Move Timeout: 30000
# Date: Sat Apr 11 21:07:17 EDT 2020
# Player 1: Player-0, 'RandomPlayer', running on 127.0.0.1
# Player 2: Player-1, '260729564', running on 127.0.0.1
START Player-0 RandomPlayer
START Player-1 260729564
BoardInit:Bonus,Tile:9,Tile:13,Tile:9,Tile:8,Tile:10,Malus,Destroy,Bonus,Tile:12,Map,Tile:8,Tile:7,Tile:4,Tile:9,Tile:1,Tile:15,Tile:5,Map,Tile:14,Tile:7,Tile:2,Tile:5,Map,Tile:0,Tile:10,Tile:6,Tile:11,Bonus,Tile:6,Destroy,Tile:6,Tile:6,Tile:0,Destroy,Map,Tile:5,Tile:7,Tile:5,Map,Tile:9-Map,Tile:10,Tile:8,Malus,Tile:0,Tile:7,Bonus-Tile:7,Tile:8,Tile:6,Tile:0,Tile:9,Tile:8,Tile:3-Tile:hidden2,Tile:hidden1,Tile:nugget
Map 12 3 1
Tile:6 6 5 0
Malus 0 0 1
Drop 1 0 0
Tile:8 7 5 1
Drop 4 0 0
Tile:8 8 5 1
Drop 5 0 0
Malus 0 0 1
Destroy 7 5 0
Tile:0 7 5 1
Drop 4 0 0
Map 12 5 1
Drop 0 0 0
Tile:7_flip 8 6 1
Drop 0 0 0
Tile:7 9 6 1
Drop 5 0 0
Tile:10 9 7 1
Drop 3 0 0
Tile:9 9 8 1
Drop 2 0 0
Tile:7 10 8 1
Drop 0 0 0
Tile:5_flip 9 5 1
Drop 4 0 0
Drop 1 0 1
Drop 3 0 0
Tile:6_flip 9 4 1
Drop 4 0 0
Tile:0 10 4 1
Drop 0 0 0
Drop 1 0 1
Drop 6 0 0
Tile:6_flip 11 4 1
Drop 3 0 0
Drop 1 0 1
Drop 2 0 0
Tile:5_flip 12 4 1
Map 12 5 0
Tile:5_flip 13 3 1
Drop 4 0 0
Tile:9_flip 5 6 1
Drop 4 0 0
Destroy 12 4 1
Drop 3 0 0
Drop 1 0 1
Drop 2 0 0
Drop 1 0 1
Drop 1 0 0
Drop 1 0 1
Map 12 7 0
Destroy 9 8 1
Drop 0 0 0
Drop 0 0 1
GAMEOVER DRAW
# Game ended: Sat Apr 11 21:07:18 EDT 2020
