# Server version 0.08 running on 192.168.2.221:8123
# Game ID: 997
# Board class: Saboteur.SaboteurBoard
# Timeout: 2000
# First Move Timeout: 30000
# Date: Sat Apr 11 21:24:00 EDT 2020
# Player 1: Player-0, '260729564', running on 127.0.0.1
# Player 2: Player-1, 'RandomPlayer', running on 127.0.0.1
START Player-0 260729564
START Player-1 RandomPlayer
BoardInit:Tile:0,Tile:7,Tile:0,Destroy,Tile:9,Tile:6,Bonus,Tile:3,Tile:11,Tile:0,Map,Tile:6,Tile:13,Tile:6,Tile:9,Tile:6,Tile:0,Tile:10,Tile:7,Destroy,Tile:8,Map,Tile:9,Tile:9,Tile:10,Tile:4,Tile:7,Tile:5,Tile:9,Tile:12,Tile:7,Tile:8,Map,Destroy,Tile:2,Malus,Map,Tile:8,Tile:8,Tile:7,Tile:5-Tile:10,Malus,Tile:1,Tile:14,Tile:8,Tile:15,Map-Bonus,Map,Tile:6,Tile:5,Bonus,Bonus,Tile:5-Tile:hidden2,Tile:hidden1,Tile:nugget
Drop 2 0 1
Map 12 3 0
Tile:14_flip 5 4 1
Tile:6 6 5 0
Tile:0 4 5 1
Tile:5_flip 7 5 0
Tile:8 5 6 1
Tile:6_flip 7 4 0
Drop 3 0 1
Tile:7 8 4 0
Tile:11_flip 5 7 1
Tile:0 6 6 0
Tile:9 4 7 1
Tile:6_flip 7 6 0
Malus 0 0 1
Bonus 0 0 0
Tile:9_flip 8 6 1
Tile:6 8 7 0
Tile:0 9 7 1
Tile:6 10 7 0
Tile:15 8 5 1
Tile:10 10 6 0
Tile:8 7 7 1
Map 12 5 0
Tile:10 7 8 1
Tile:9 10 5 0
Tile:7_flip 5 8 1
Tile:5_flip 11 7 0
Drop 6 0 1
Tile:5 11 6 0
Tile:9_flip 6 8 1
Destroy 11 7 0
Tile:0 12 6 1
GAMEOVER TIMEOUT WINNER 1
# Game ended: Sat Apr 11 21:24:04 EDT 2020
