# Server version 0.08 running on 192.168.2.221:8123
# Game ID: 129
# Board class: Saboteur.SaboteurBoard
# Timeout: 2000
# First Move Timeout: 30000
# Date: Sat Apr 11 16:20:54 EDT 2020
# Player 1: Player-0, '260729564', running on 127.0.0.1
# Player 2: Player-1, 'RandomPlayer', running on 127.0.0.1
START Player-0 260729564
START Player-1 RandomPlayer
BoardInit:Tile:8,Tile:6,Tile:7,Tile:8,Tile:5,Tile:7,Tile:12,Tile:9,Tile:7,Bonus,Tile:9,Tile:1,Bonus,Tile:0,Tile:11,Map,Tile:8,Tile:8,Map,Bonus,Tile:10,Tile:2,Bonus,Tile:7,Map,Map,Map,Tile:3,Tile:5,Tile:9,Tile:5,Tile:5,Destroy,Tile:10,Malus,Destroy,Tile:8,Tile:6,Tile:0,Tile:6,Malus-Tile:7,Tile:4,Tile:9,Tile:14,Tile:0,Destroy,Tile:10-Tile:15,Tile:6,Map,Tile:9,Tile:13,Tile:6,Tile:0-Tile:hidden2,Tile:hidden1,Tile:nugget
Tile:9 5 6 1
Map 12 3 0
Tile:7 5 4 1
Tile:9_flip 6 6 0
Tile:7_flip 4 4 1
Tile:8 6 5 0
Destroy 4 4 1
Tile:6 7 5 0
Tile:14_flip 6 4 1
Tile:9_flip 8 5 0
Drop 0 0 1
Tile:6 8 6 0
Tile:7 9 6 1
Tile:7_flip 9 7 0
Tile:8 5 7 1
Tile:6_flip 10 7 0
Tile:12_flip 7 6 1
Map 12 5 0
Drop 0 0 1
Tile:0 11 7 0
GAMEOVER WINNER 0
# Game ended: Sat Apr 11 16:20:54 EDT 2020
