# Server version 0.08 running on 192.168.2.221:8123
# Game ID: 866
# Board class: Saboteur.SaboteurBoard
# Timeout: 2000
# First Move Timeout: 30000
# Date: Sat Apr 11 21:17:57 EDT 2020
# Player 1: Player-0, 'RandomPlayer', running on 127.0.0.1
# Player 2: Player-1, '260729564', running on 127.0.0.1
START Player-0 RandomPlayer
START Player-1 260729564
BoardInit:Destroy,Map,Tile:7,Map,Tile:6,Tile:8,Tile:7,Tile:13,Tile:9,Bonus,Tile:7,Map,Tile:5,Bonus,Bonus,Tile:6,Tile:6,Malus,Tile:8,Tile:11,Tile:0,Tile:5,Tile:2,Tile:10,Tile:6,Tile:9,Tile:5,Tile:7,Bonus,Tile:8,Tile:8,Tile:12,Tile:14,Map,Destroy,Tile:0,Tile:10,Tile:10,Tile:1,Destroy,Malus-Map,Map,Tile:5,Tile:9,Tile:6,Tile:9,Tile:9-Tile:15,Tile:4,Tile:3,Tile:0,Tile:0,Tile:7,Tile:8-Tile:hidden1,Tile:nugget,Tile:hidden2
Map 12 3 1
Tile:3_flip 4 5 0
Map 12 5 1
Tile:7 4 4 0
Tile:6 6 5 1
Tile:0 3 4 0
Tile:6 7 5 1
Tile:8 7 4 0
Tile:9_flip 8 4 1
Map 12 3 0
Tile:9_flip 8 5 1
Map 12 5 0
Tile:9 8 6 1
Drop 4 0 0
Tile:9_flip 9 6 1
Tile:8 7 3 0
Tile:5 9 5 1
Drop 0 0 0
Tile:6 10 5 1
Tile:0 2 4 0
Tile:8 11 5 1
GAMEOVER WINNER 1
# Game ended: Sat Apr 11 21:17:58 EDT 2020
