# Server version 0.08 running on 192.168.2.221:8123
# Game ID: 1089
# Board class: Saboteur.SaboteurBoard
# Timeout: 2000
# First Move Timeout: 30000
# Date: Sat Apr 11 21:32:54 EDT 2020
# Player 1: Player-0, '260729564', running on 127.0.0.1
# Player 2: Player-1, 'RandomPlayer', running on 127.0.0.1
START Player-0 260729564
START Player-1 RandomPlayer
BoardInit:Malus,Tile:8,Tile:9,Tile:10,Tile:10,Tile:9,Tile:12,Bonus,Tile:8,Tile:8,Destroy,Tile:6,Tile:9,Tile:10,Tile:6,Tile:14,Destroy,Destroy,Tile:5,Tile:6,Tile:1,Tile:7,Tile:7,Bonus,Tile:8,Map,Map,Bonus,Tile:4,Tile:2,Tile:11,Tile:0,Tile:7,Tile:13,Malus,Tile:9,Tile:7,Tile:7,Tile:6,Map,Tile:5-Tile:5,Tile:15,Map,Tile:0,Tile:0,Tile:0,Tile:3-Tile:8,Tile:6,Map,Tile:5,Map,Bonus,Tile:9-Tile:hidden2,Tile:nugget,Tile:hidden1
Tile:5_flip 5 6 1
Map 12 3 0
Tile:0 4 5 1
Map 12 5 0
Map 12 5 1
Tile:8 6 5 0
Drop 4 0 1
Tile:8 7 5 0
Tile:0 3 5 1
Tile:9_flip 8 5 0
Tile:9 6 6 1
Tile:8 8 4 0
Tile:10 6 4 1
Tile:9_flip 9 4 0
Destroy 9 4 1
Tile:6 9 4 0
Tile:0 4 6 1
Tile:6 10 4 0
Tile:12 11 4 1
Tile:10 8 6 0
Tile:3_flip 8 7 1
Tile:6_flip 10 3 0
Tile:6 11 3 1
Tile:10 12 4 0
GAMEOVER WINNER 0
# Game ended: Sat Apr 11 21:32:54 EDT 2020
