# Server version 0.08 running on 192.168.2.221:8123
# Game ID: 476
# Board class: Saboteur.SaboteurBoard
# Timeout: 2000
# First Move Timeout: 30000
# Date: Sat Apr 11 20:39:57 EDT 2020
# Player 1: Player-0, 'RandomPlayer', running on 127.0.0.1
# Player 2: Player-1, '260729564', running on 127.0.0.1
START Player-0 RandomPlayer
START Player-1 260729564
BoardInit:Tile:5,Tile:6,Tile:8,Tile:6,Tile:8,Tile:10,Tile:4,Tile:5,Map,Tile:6,Destroy,Malus,Tile:7,Tile:7,Tile:10,Tile:14,Tile:8,Map,Tile:3,Tile:5,Map,Map,Destroy,Tile:15,Tile:9,Tile:9,Tile:6,Tile:8,Tile:9,Tile:0,Tile:0,Tile:1,Tile:7,Tile:13,Tile:9,Tile:9,Tile:10,Tile:8,Bonus,Tile:2,Tile:6-Bonus,Tile:12,Tile:7,Bonus,Bonus,Tile:11,Tile:5-Map,Destroy,Tile:7,Map,Tile:0,Tile:0,Malus-Tile:nugget,Tile:hidden2,Tile:hidden1
Tile:7 6 5 1
Map 12 7 0
Tile:5 5 4 1
Drop 1 0 0
Tile:8 6 6 1
Drop 2 0 0
Tile:8 7 6 1
Tile:6 6 4 0
Tile:5_flip 8 6 1
Tile:6_flip 6 3 0
Map 12 3 1
Tile:5_flip 7 3 0
Drop 1 0 1
Tile:10 6 7 0
Tile:7 7 4 1
Tile:6_flip 7 2 0
Tile:10 8 5 1
Tile:14 6 8 0
Tile:8 8 2 1
Tile:7 8 1 0
Drop 1 0 1
Destroy 7 6 0
Drop 1 0 1
Tile:0 6 2 0
Drop 1 0 1
Tile:5 5 2 0
Tile:9_flip 9 2 1
Tile:15 8 3 0
Tile:6 7 1 1
Map 12 5 0
Tile:9 9 3 1
Tile:9 8 4 0
Tile:0 10 3 1
Tile:0 6 1 0
Tile:7 11 3 1
Drop 0 0 0
Tile:9 11 4 1
Tile:8 12 4 0
GAMEOVER WINNER 0
# Game ended: Sat Apr 11 20:39:58 EDT 2020
