# Server version 0.08 running on 192.168.2.221:8123
# Game ID: 399
# Board class: Saboteur.SaboteurBoard
# Timeout: 2000
# First Move Timeout: 30000
# Date: Sat Apr 11 20:33:07 EDT 2020
# Player 1: Player-0, '260729564', running on 127.0.0.1
# Player 2: Player-1, 'RandomPlayer', running on 127.0.0.1
START Player-0 260729564
START Player-1 RandomPlayer
BoardInit:Destroy,Map,Tile:15,Tile:0,Tile:12,Tile:7,Bonus,Tile:7,Tile:7,Tile:1,Tile:8,Destroy,Bonus,Tile:9,Map,Bonus,Tile:8,Tile:6,Tile:5,Tile:6,Tile:6,Destroy,Tile:0,Map,Tile:11,Bonus,Map,Tile:9,Tile:3,Tile:0,Tile:7,Tile:13,Tile:14,Tile:4,Tile:9,Tile:2,Tile:7,Tile:5,Tile:6,Tile:9,Tile:5-Tile:8,Tile:6,Tile:8,Tile:0,Malus,Tile:8,Map-Tile:10,Map,Malus,Tile:5,Tile:9,Tile:10,Tile:10-Tile:hidden1,Tile:hidden2,Tile:nugget
Tile:8 4 5 1
Map 12 3 0
Tile:8 4 6 1
Map 12 5 0
Tile:8 4 4 1
Malus 0 0 0
Destroy 4 5 1
Tile:7 6 5 0
Drop 6 0 1
Tile:7_flip 6 6 0
Drop 1 0 1
Tile:0 7 6 0
Drop 6 0 1
Tile:9_flip 8 6 0
Bonus 0 0 1
Tile:10 8 7 0
Drop 1 0 1
Tile:10 8 8 0
Drop 5 0 1
Tile:6 8 9 0
Tile:6_flip 3 4 1
Tile:6 9 9 0
Tile:5 9 8 1
Tile:9_flip 10 8 0
Drop 5 0 1
Tile:10 10 7 0
Tile:11 4 5 1
Tile:5 10 6 0
Tile:15 3 5 1
Tile:9_flip 11 6 0
Tile:8 5 4 1
Tile:0 7 9 0
Tile:0 2 4 1
Drop 0 0 0
Tile:7_flip 11 7 1
GAMEOVER WINNER 1
# Game ended: Sat Apr 11 20:33:07 EDT 2020
