# Server version 0.08 running on 192.168.2.221:8123
# Game ID: 345
# Board class: Saboteur.SaboteurBoard
# Timeout: 2000
# First Move Timeout: 30000
# Date: Sat Apr 11 20:20:08 EDT 2020
# Player 1: Player-0, '260729564', running on 127.0.0.1
# Player 2: Player-1, 'RandomPlayer', running on 127.0.0.1
START Player-0 260729564
START Player-1 RandomPlayer
BoardInit:Tile:9,Tile:7,Tile:9,Tile:8,Destroy,Tile:8,Destroy,Tile:3,Tile:6,Tile:14,Tile:12,Tile:10,Tile:0,Destroy,Bonus,Tile:10,Tile:8,Tile:0,Tile:9,Map,Tile:6,Tile:6,Tile:4,Map,Tile:5,Tile:9,Map,Tile:0,Tile:15,Tile:6,Tile:10,Tile:8,Bonus,Map,Malus,Tile:5,Tile:6,Tile:7,Tile:1,Bonus,Tile:2-Tile:9,Bonus,Malus,Tile:7,Tile:5,Tile:11,Tile:13-Tile:8,Tile:0,Tile:7,Tile:5,Map,Map,Tile:7-Tile:hidden1,Tile:nugget,Tile:hidden2
Tile:11_flip 5 6 1
Map 12 3 0
Tile:7_flip 4 5 1
Map 12 5 0
Tile:9 5 7 1
Tile:8 6 5 0
Tile:9_flip 4 4 1
Tile:8 7 5 0
Destroy 4 4 1
Tile:8 8 5 0
Tile:5 4 6 1
Tile:0 9 5 0
Tile:6_flip 6 4 1
Tile:7 10 5 0
Tile:13 7 6 1
Tile:10 10 6 0
Tile:9 5 8 1
Tile:10 8 4 0
Tile:12 6 8 1
Tile:7_flip 10 7 0
Tile:9_flip 4 7 1
Tile:0 11 7 0
Tile:0 13 7 1
Tile:6_flip 12 6 0
Destroy 10 7 1
Tile:7_flip 11 6 0
Tile:5 11 5 1
Tile:9_flip 8 6 0
Tile:6 13 6 1
Tile:5 8 3 0
Drop 3 0 1
Tile:6_flip 9 3 0
Malus 0 0 1
Destroy 11 5 0
Tile:15 11 5 1
Drop 0 0 0
Map 12 5 1
Drop 0 0 0
Tile:6_flip 13 5 1
Drop 0 0 0
Tile:4_flip 9 4 1
Bonus 0 0 0
Tile:10 4 8 1
Tile:8 3 7 0
Drop 4 0 1
GAMEOVER TIMEOUT WINNER 1
# Game ended: Sat Apr 11 20:20:16 EDT 2020
