# Server version 0.08 running on 192.168.2.221:8123
# Game ID: 532
# Board class: Saboteur.SaboteurBoard
# Timeout: 2000
# First Move Timeout: 30000
# Date: Sat Apr 11 20:42:29 EDT 2020
# Player 1: Player-0, 'RandomPlayer', running on 127.0.0.1
# Player 2: Player-1, '260729564', running on 127.0.0.1
START Player-0 RandomPlayer
START Player-1 260729564
BoardInit:Malus,Tile:9,Tile:9,Tile:8,Tile:5,Bonus,Tile:12,Tile:7,Tile:10,Bonus,Tile:1,Tile:7,Tile:5,Tile:11,Map,Tile:10,Destroy,Tile:8,Tile:5,Bonus,Tile:6,Map,Tile:7,Tile:3,Tile:8,Tile:6,Destroy,Tile:0,Tile:9,Tile:8,Map,Tile:7,Tile:14,Tile:13,Map,Tile:6,Tile:7,Tile:8,Tile:6,Map,Tile:4-Tile:2,Tile:9,Map,Tile:15,Tile:10,Malus,Destroy-Bonus,Tile:5,Tile:6,Tile:0,Tile:9,Tile:0,Tile:0-Tile:hidden2,Tile:nugget,Tile:hidden1
Map 12 3 1
Tile:5 4 5 0
Malus 0 0 1
Drop 1 0 0
Malus 0 0 1
Drop 4 0 0
Tile:9_flip 6 5 1
Drop 5 0 0
Tile:5 6 4 1
Drop 0 0 0
Tile:9_flip 7 4 1
Drop 4 0 0
Tile:10 7 5 1
Bonus 0 0 0
Tile:5 7 3 1
Drop 0 0 0
Map 12 5 1
Drop 5 0 0
Tile:10 7 6 1
Drop 3 0 0
Tile:5_flip 8 3 1
Drop 2 0 0
Tile:6_flip 8 2 1
Map 12 3 0
Tile:7 9 2 1
Drop 5 0 0
Tile:8 7 7 1
Drop 0 0 0
Drop 0 0 1
Drop 5 0 0
Tile:9 9 3 1
Drop 0 0 0
Drop 0 0 1
Drop 6 0 0
Drop 1 0 1
Drop 3 0 0
Drop 1 0 1
Drop 3 0 0
Tile:7_flip 9 4 1
Drop 6 0 0
Tile:6 10 4 1
Drop 6 0 0
Drop 3 0 1
Drop 1 0 0
Drop 3 0 1
Drop 3 0 0
Drop 3 0 1
Drop 0 0 0
Drop 3 0 1
Drop 2 0 0
Destroy 9 3 1
Drop 0 0 0
Destroy 8 3 1
Drop 0 0 0
Destroy 7 7 1
GAMEOVER DRAW
# Game ended: Sat Apr 11 20:42:29 EDT 2020
