# Server version 0.08 running on 192.168.2.221:8123
# Game ID: 1379
# Board class: Saboteur.SaboteurBoard
# Timeout: 2000
# First Move Timeout: 30000
# Date: Sat Apr 11 22:04:00 EDT 2020
# Player 1: Player-0, '260729564', running on 127.0.0.1
# Player 2: Player-1, 'RandomPlayer', running on 127.0.0.1
START Player-0 260729564
START Player-1 RandomPlayer
BoardInit:Tile:7,Tile:10,Tile:11,Tile:7,Tile:7,Bonus,Tile:8,Map,Tile:5,Tile:0,Tile:6,Tile:8,Map,Tile:5,Tile:8,Tile:7,Tile:6,Tile:13,Tile:1,Map,Tile:0,Malus,Map,Bonus,Tile:6,Tile:14,Tile:6,Destroy,Tile:0,Tile:6,Bonus,Tile:7,Tile:12,Tile:2,Tile:10,Tile:15,Tile:5,Map,Tile:9,Tile:0,Tile:3-Tile:10,Tile:9,Tile:8,Tile:9,Map,Destroy,Malus-Tile:4,Tile:9,Bonus,Destroy,Tile:8,Tile:5,Tile:9-Tile:hidden2,Tile:nugget,Tile:hidden1
Tile:10 5 6 1
Tile:8 6 5 0
Tile:9 5 4 1
Tile:9_flip 7 5 0
Drop 3 0 1
Tile:9 7 4 0
Map 12 5 1
Tile:7 8 4 0
Drop 2 0 1
Map 12 3 0
Tile:11_flip 7 6 1
Tile:10 8 5 0
Tile:7_flip 6 6 1
Tile:8 7 3 0
Tile:6 4 5 1
Tile:0 8 3 0
Tile:9 7 7 1
Tile:7_flip 8 6 0
Tile:5_flip 5 7 1
Tile:5_flip 9 6 0
Map 12 3 1
Map 12 5 0
Tile:8 7 2 1
Malus 0 0 0
Drop 4 0 1
Tile:5 9 5 0
Drop 3 0 1
Drop 0 0 0
Drop 4 0 1
Drop 2 0 0
Drop 0 0 1
Tile:6 10 5 0
Drop 4 0 1
Tile:7 11 5 0
Drop 0 0 1
Destroy 11 5 0
Drop 4 0 1
Drop 1 0 0
Drop 6 0 1
Drop 1 0 0
Drop 2 0 1
Tile:0 11 5 0
GAMEOVER WINNER 0
# Game ended: Sat Apr 11 22:04:00 EDT 2020
