# Server version 0.08 running on 192.168.2.221:8123
# Game ID: 702
# Board class: Saboteur.SaboteurBoard
# Timeout: 2000
# First Move Timeout: 30000
# Date: Sat Apr 11 21:07:01 EDT 2020
# Player 1: Player-0, 'RandomPlayer', running on 127.0.0.1
# Player 2: Player-1, '260729564', running on 127.0.0.1
START Player-0 RandomPlayer
START Player-1 260729564
BoardInit:Tile:6,Tile:13,Tile:7,Tile:8,Tile:9,Malus,Map,Tile:8,Tile:11,Tile:5,Tile:0,Tile:6,Map,Tile:0,Tile:5,Tile:7,Tile:9,Tile:12,Tile:8,Map,Tile:8,Tile:2,Destroy,Tile:3,Tile:10,Tile:10,Tile:7,Tile:9,Bonus,Tile:15,Map,Map,Tile:14,Tile:4,Tile:9,Malus,Tile:0,Bonus,Destroy,Tile:5,Tile:1-Tile:6,Destroy,Tile:6,Tile:9,Map,Tile:7,Bonus-Tile:10,Bonus,Tile:0,Tile:7,Tile:8,Tile:6,Tile:5-Tile:hidden1,Tile:hidden2,Tile:nugget
Map 12 3 1
Tile:10 5 6 0
Tile:9_flip 6 5 1
Tile:5 4 5 0
Tile:6_flip 6 4 1
Tile:8 5 4 0
Tile:9_flip 7 4 1
Tile:0 4 4 0
Map 12 5 1
Tile:7_flip 3 4 0
Tile:7_flip 7 5 1
Tile:5 7 3 0
Tile:6 8 5 1
Tile:13 5 7 0
Tile:6_flip 9 5 1
Tile:6_flip 6 7 0
Tile:0 10 5 1
Tile:6_flip 8 3 0
Tile:9 9 6 1
Tile:8 5 3 0
Tile:8 11 5 1
Tile:12_flip 4 3 0
Tile:8 12 6 1
GAMEOVER WINNER 1
# Game ended: Sat Apr 11 21:07:01 EDT 2020
