# Server version 0.08 running on 192.168.2.221:8123
# Game ID: 780
# Board class: Saboteur.SaboteurBoard
# Timeout: 2000
# First Move Timeout: 30000
# Date: Sat Apr 11 21:10:39 EDT 2020
# Player 1: Player-0, 'RandomPlayer', running on 127.0.0.1
# Player 2: Player-1, '260729564', running on 127.0.0.1
START Player-0 RandomPlayer
START Player-1 260729564
BoardInit:Tile:6,Tile:9,Destroy,Map,Tile:8,Bonus,Tile:13,Map,Bonus,Tile:8,Tile:10,Tile:7,Malus,Tile:0,Tile:14,Tile:7,Destroy,Tile:12,Tile:0,Tile:9,Tile:8,Tile:7,Tile:10,Tile:9,Tile:8,Tile:1,Tile:6,Tile:5,Tile:8,Malus,Map,Tile:5,Tile:4,Tile:9,Map,Tile:6,Destroy,Tile:0,Tile:15,Tile:6,Tile:10-Tile:2,Tile:11,Bonus,Tile:7,Map,Map,Tile:5-Tile:5,Tile:7,Bonus,Tile:9,Tile:0,Tile:3,Tile:6-Tile:hidden2,Tile:hidden1,Tile:nugget
Map 12 3 1
Tile:3_flip 4 5 0
Map 12 5 1
Tile:0 6 5 0
Tile:6 7 5 1
Map 12 5 0
Tile:8 8 5 1
Tile:5_flip 9 5 0
Tile:7_flip 8 6 1
Tile:9 7 4 0
Tile:5 9 4 1
Tile:9_flip 5 6 0
Tile:10 7 3 1
Tile:7 8 4 0
Malus 0 0 1
Map 12 7 0
Drop 0 0 1
Drop 6 0 0
Drop 0 0 1
Drop 2 0 0
Tile:0 10 4 1
Drop 2 0 0
Tile:8 11 4 1
Drop 3 0 0
Tile:10 5 7 1
Drop 5 0 0
Tile:8 11 5 1
Drop 0 0 0
Tile:6_flip 13 5 1
Drop 5 0 0
Tile:8 13 6 1
Drop 1 0 0
Drop 2 0 1
Drop 4 0 0
Drop 2 0 1
Drop 0 0 0
Drop 2 0 1
Drop 4 0 0
Drop 3 0 1
Drop 0 0 0
Drop 3 0 1
Drop 4 0 0
Tile:10 13 7 1
Malus 0 0 0
Bonus 0 0 1
Drop 3 0 0
Drop 2 0 1
Drop 0 0 0
Drop 3 0 1
Drop 2 0 0
Destroy 8 4 1
Drop 0 0 0
Destroy 5 6 1
Drop 0 0 0
Destroy 6 5 1
GAMEOVER DRAW
# Game ended: Sat Apr 11 21:10:40 EDT 2020
