# Server version 0.08 running on 192.168.2.221:8123
# Game ID: 609
# Board class: Saboteur.SaboteurBoard
# Timeout: 2000
# First Move Timeout: 30000
# Date: Sat Apr 11 20:58:42 EDT 2020
# Player 1: Player-0, '260729564', running on 127.0.0.1
# Player 2: Player-1, 'RandomPlayer', running on 127.0.0.1
START Player-0 260729564
START Player-1 RandomPlayer
BoardInit:Tile:9,Tile:10,Map,Bonus,Tile:5,Tile:1,Tile:6,Tile:5,Tile:5,Bonus,Map,Tile:7,Bonus,Tile:8,Map,Tile:7,Malus,Map,Tile:8,Tile:6,Tile:7,Bonus,Tile:4,Tile:9,Tile:10,Tile:5,Tile:6,Tile:14,Tile:6,Tile:8,Tile:12,Tile:9,Tile:0,Tile:2,Tile:9,Destroy,Malus,Tile:3,Tile:0,Tile:7,Tile:0-Tile:8,Tile:8,Tile:15,Map,Destroy,Tile:10,Tile:6-Tile:0,Tile:7,Destroy,Map,Tile:11,Tile:13,Tile:9-Tile:hidden2,Tile:hidden1,Tile:nugget
Drop 3 0 1
Map 12 3 0
Tile:6_flip 4 5 1
Tile:9_flip 6 5 0
Tile:10 5 4 1
Tile:10 6 4 0
Tile:15 5 3 1
Tile:7_flip 6 6 0
Tile:6 4 6 1
Tile:5_flip 7 6 0
Drop 1 0 1
Drop 2 0 0
Tile:5_flip 5 6 1
Drop 2 0 0
Map 12 7 1
Drop 3 0 0
Map 12 7 1
Drop 3 0 0
Tile:5 3 5 1
Map 12 5 0
Tile:8 5 2 1
Destroy 6 5 0
Tile:8 3 6 1
Tile:8 6 5 0
Destroy 4 5 1
Tile:9_flip 7 5 0
Tile:7_flip 4 2 1
Tile:5 7 4 0
Drop 6 0 1
Tile:7 8 4 0
Tile:4 5 1 1
Tile:7_flip 8 5 0
Tile:6 6 2 1
Tile:8 9 5 0
Tile:10 9 6 1
Tile:9_flip 10 5 0
Drop 6 0 1
Tile:6_flip 10 4 0
Tile:9 10 6 1
Tile:0 11 6 0
Tile:12_flip 2 6 1
Tile:7 12 6 0
GAMEOVER WINNER 0
# Game ended: Sat Apr 11 20:58:43 EDT 2020
