# Server version 0.08 running on 192.168.2.221:8123
# Game ID: 1185
# Board class: Saboteur.SaboteurBoard
# Timeout: 2000
# First Move Timeout: 30000
# Date: Sat Apr 11 21:37:42 EDT 2020
# Player 1: Player-0, '260729564', running on 127.0.0.1
# Player 2: Player-1, 'RandomPlayer', running on 127.0.0.1
START Player-0 260729564
START Player-1 RandomPlayer
BoardInit:Tile:12,Map,Tile:7,Tile:15,Tile:6,Tile:3,Tile:9,Map,Malus,Tile:5,Tile:10,Tile:10,Bonus,Tile:5,Tile:8,Destroy,Tile:0,Tile:7,Tile:0,Tile:1,Map,Destroy,Map,Tile:14,Tile:5,Destroy,Bonus,Malus,Tile:9,Tile:9,Tile:8,Tile:8,Tile:6,Map,Tile:10,Tile:8,Tile:13,Tile:6,Tile:6,Tile:7,Bonus-Tile:9,Tile:7,Tile:6,Tile:9,Tile:0,Tile:8,Map-Tile:11,Tile:4,Tile:2,Tile:7,Tile:5,Bonus,Tile:0-Tile:hidden1,Tile:nugget,Tile:hidden2
Tile:8 6 5 1
Tile:0 7 5 0
Tile:6 6 6 1
Map 12 3 0
Tile:7_flip 5 6 1
Tile:7 8 5 0
Tile:7 7 6 1
Tile:5 6 4 0
Tile:9 7 7 1
Map 12 5 0
Tile:12_flip 4 5 1
Tile:5_flip 8 7 0
Tile:9_flip 5 4 1
Tile:10 8 6 0
Drop 2 0 1
Tile:5_flip 7 4 0
Tile:10 5 3 1
Drop 0 0 0
Drop 5 0 1
Tile:7_flip 7 8 0
Drop 4 0 1
Drop 0 0 0
Map 12 7 1
Drop 0 0 0
Map 12 3 1
Drop 1 0 0
Drop 3 0 1
Drop 1 0 0
Tile:0 8 8 1
Malus 0 0 0
Malus 0 0 1
Bonus 0 0 0
Bonus 0 0 1
Tile:8 9 8 0
Tile:9 9 7 1
Tile:9 9 6 0
Tile:10 7 3 1
Tile:8 10 6 0
Tile:13 10 7 1
Tile:6 11 6 0
Tile:0 12 6 1
Tile:7 13 6 0
Tile:6 13 7 1
Destroy 12 6 0
Tile:9_flip 10 5 1
Drop 0 0 0
Tile:6_flip 11 7 1
Drop 1 0 0
Map 12 3 1
Drop 2 0 0
Drop 1 0 1
Destroy 13 6 0
Tile:5_flip 12 8 1
Destroy 10 7 0
Drop 0 0 1
GAMEOVER DRAW
# Game ended: Sat Apr 11 21:37:42 EDT 2020
