# Server version 0.08 running on 192.168.2.221:8123
# Game ID: 1307
# Board class: Saboteur.SaboteurBoard
# Timeout: 2000
# First Move Timeout: 30000
# Date: Sat Apr 11 21:47:25 EDT 2020
# Player 1: Player-0, '260729564', running on 127.0.0.1
# Player 2: Player-1, 'RandomPlayer', running on 127.0.0.1
START Player-0 260729564
START Player-1 RandomPlayer
BoardInit:Tile:7,Tile:0,Bonus,Tile:4,Destroy,Bonus,Tile:13,Tile:7,Tile:8,Tile:9,Tile:0,Bonus,Tile:1,Tile:15,Tile:7,Tile:6,Map,Tile:3,Tile:2,Malus,Tile:10,Tile:7,Tile:9,Tile:10,Tile:6,Tile:8,Tile:9,Map,Tile:6,Tile:14,Tile:10,Map,Tile:5,Tile:12,Tile:6,Tile:11,Destroy,Map,Tile:8,Tile:7,Map-Tile:0,Tile:8,Tile:5,Tile:9,Malus,Bonus,Tile:8-Tile:9,Tile:0,Destroy,Tile:5,Tile:5,Tile:6,Map-Tile:hidden2,Tile:hidden1,Tile:nugget
Drop 3 0 1
Map 12 3 0
Tile:5_flip 5 6 1
Tile:0 6 5 0
Malus 0 0 1
Drop 6 0 0
Tile:7_flip 4 5 1
Bonus 0 0 0
Tile:13 5 4 1
Tile:6 7 5 0
Tile:0 6 4 1
Tile:0 8 5 0
Tile:8 5 3 1
Tile:9_flip 9 5 0
Tile:0 4 6 1
Tile:9 9 4 0
Tile:8 7 4 1
Tile:6 10 4 0
Destroy 4 5 1
Tile:5_flip 11 4 0
Map 12 5 1
Malus 0 0 0
Drop 5 0 1
Tile:7_flip 9 6 0
Drop 0 0 1
Tile:10 10 3 0
Drop 0 0 1
Tile:8 10 6 0
Drop 5 0 1
Map 12 5 0
Drop 0 0 1
Tile:5_flip 11 6 0
Drop 6 0 1
Tile:7_flip 10 7 0
Drop 3 0 1
Drop 2 0 0
Drop 3 0 1
Drop 2 0 0
Drop 3 0 1
Drop 2 0 0
Drop 1 0 1
Tile:7 11 7 0
Destroy 5 6 1
Destroy 11 7 0
Drop 1 0 1
Drop 1 0 0
Map 12 5 1
Drop 1 0 0
Drop 0 0 1
Drop 1 0 0
Drop 0 0 1
Drop 1 0 0
Drop 1 0 1
Drop 0 0 0
Drop 0 0 1
GAMEOVER DRAW
# Game ended: Sat Apr 11 21:47:26 EDT 2020
