# Server version 0.08 running on 192.168.2.221:8123
# Game ID: 287
# Board class: Saboteur.SaboteurBoard
# Timeout: 2000
# First Move Timeout: 30000
# Date: Sat Apr 11 20:16:19 EDT 2020
# Player 1: Player-0, '260729564', running on 127.0.0.1
# Player 2: Player-1, 'RandomPlayer', running on 127.0.0.1
START Player-0 260729564
START Player-1 RandomPlayer
BoardInit:Tile:8,Bonus,Tile:12,Map,Tile:0,Destroy,Map,Tile:6,Tile:5,Tile:9,Tile:9,Tile:4,Bonus,Tile:10,Tile:1,Tile:9,Tile:7,Tile:0,Tile:9,Tile:14,Map,Destroy,Tile:6,Tile:6,Map,Tile:0,Tile:8,Tile:5,Tile:11,Tile:8,Tile:8,Tile:10,Tile:15,Tile:9,Tile:6,Tile:7,Map,Tile:7,Tile:10,Malus,Tile:7-Tile:13,Map,Destroy,Tile:6,Bonus,Tile:2,Tile:5-Bonus,Tile:3,Malus,Tile:7,Tile:5,Tile:8,Tile:0-Tile:hidden1,Tile:nugget,Tile:hidden2
Tile:6_flip 5 4 1
Malus 0 0 0
Drop 1 0 1
Tile:8 6 4 0
Drop 2 0 1
Map 12 3 0
Drop 5 0 1
Tile:0 7 4 0
Drop 1 0 1
Tile:6 8 4 0
Drop 1 0 1
Tile:9_flip 9 4 0
Drop 4 0 1
Tile:7_flip 9 5 0
Drop 5 0 1
Tile:5_flip 10 5 0
Drop 1 0 1
Tile:10 10 4 0
Drop 3 0 1
Tile:9 10 3 0
Drop 2 0 1
Tile:0 11 3 0
Map 12 7 1
Drop 1 0 0
Drop 5 0 1
Tile:6 13 3 0
Drop 3 0 1
Drop 1 0 0
Drop 4 0 1
Tile:5_flip 12 4 0
Bonus 0 0 1
Tile:8 13 2 0
Tile:13 4 4 1
Tile:10 9 3 0
Tile:8 9 2 1
Tile:9_flip 5 6 0
Tile:11 4 6 1
Tile:7_flip 5 7 0
Tile:6 8 2 1
Tile:0 6 7 0
Tile:15 4 7 1
Malus 0 0 0
Map 12 7 1
Tile:7 7 7 0
Drop 3 0 1
Destroy 12 4 0
Drop 2 0 1
Drop 1 0 0
Drop 0 0 1
Drop 1 0 0
Drop 0 0 1
Destroy 5 6 0
Drop 1 0 1
Drop 0 0 0
Drop 0 0 1
GAMEOVER DRAW
# Game ended: Sat Apr 11 20:16:20 EDT 2020
