# Server version 0.08 running on 192.168.2.221:8123
# Game ID: 893
# Board class: Saboteur.SaboteurBoard
# Timeout: 2000
# First Move Timeout: 30000
# Date: Sat Apr 11 21:19:05 EDT 2020
# Player 1: Player-0, '260729564', running on 127.0.0.1
# Player 2: Player-1, 'RandomPlayer', running on 127.0.0.1
START Player-0 260729564
START Player-1 RandomPlayer
BoardInit:Malus,Tile:6,Tile:7,Tile:12,Tile:14,Tile:15,Tile:5,Tile:9,Map,Tile:7,Tile:10,Bonus,Tile:5,Tile:0,Tile:6,Tile:9,Tile:6,Tile:8,Tile:9,Map,Tile:7,Tile:8,Map,Map,Tile:0,Tile:0,Tile:9,Tile:2,Bonus,Destroy,Tile:5,Tile:5,Tile:8,Tile:6,Destroy,Tile:13,Tile:7,Map,Tile:9,Tile:6,Tile:3-Map,Tile:4,Tile:8,Destroy,Tile:11,Tile:7,Tile:1-Tile:10,Tile:8,Bonus,Tile:0,Bonus,Tile:10,Malus-Tile:hidden2,Tile:hidden1,Tile:nugget
Drop 3 0 1
Malus 0 0 0
Drop 5 0 1
Tile:8 6 5 0
Map 12 7 1
Tile:0 7 5 0
Drop 3 0 1
Tile:6 8 5 0
Drop 5 0 1
Tile:9_flip 9 5 0
Drop 1 0 1
Tile:7_flip 9 6 0
Drop 6 0 1
Tile:10 9 4 0
Map 12 5 1
Tile:0 10 6 0
Drop 1 0 1
Tile:9_flip 11 6 0
Drop 3 0 1
Tile:8 11 5 0
Drop 2 0 1
Map 12 3 0
Drop 3 0 1
Tile:10 12 6 0
GAMEOVER WINNER 0
# Game ended: Sat Apr 11 21:19:05 EDT 2020
