# Server version 0.08 running on 192.168.2.221:8123
# Game ID: 368
# Board class: Saboteur.SaboteurBoard
# Timeout: 2000
# First Move Timeout: 30000
# Date: Sat Apr 11 20:31:32 EDT 2020
# Player 1: Player-0, 'RandomPlayer', running on 127.0.0.1
# Player 2: Player-1, '260729564', running on 127.0.0.1
START Player-0 RandomPlayer
START Player-1 260729564
BoardInit:Malus,Tile:5,Tile:5,Tile:2,Tile:8,Destroy,Tile:5,Malus,Tile:0,Bonus,Tile:6,Tile:10,Tile:10,Tile:9,Tile:13,Tile:0,Tile:8,Tile:12,Bonus,Tile:4,Bonus,Map,Tile:11,Map,Map,Tile:9,Tile:7,Map,Tile:10,Tile:7,Tile:5,Map,Tile:6,Tile:8,Tile:8,Map,Tile:9,Tile:14,Tile:6,Destroy,Tile:0-Tile:6,Destroy,Tile:15,Tile:3,Tile:7,Tile:6,Tile:9-Tile:1,Bonus,Tile:8,Tile:7,Tile:9,Tile:7,Tile:0-Tile:hidden2,Tile:nugget,Tile:hidden1
Tile:9_flip 6 5 1
Tile:9_flip 6 6 0
Malus 0 0 1
Drop 1 0 0
Tile:6_flip 6 4 1
Drop 4 0 0
Tile:8 7 4 1
Drop 2 0 0
Tile:6 8 4 1
Drop 1 0 0
Tile:0 9 4 1
Drop 1 0 0
Tile:6 10 4 1
Destroy 6 4 0
Tile:10 7 5 1
Drop 2 0 0
Tile:7_flip 7 6 1
Drop 6 0 0
Tile:8 6 4 1
Drop 2 0 0
Tile:5_flip 11 4 1
Drop 2 0 0
Tile:5_flip 8 6 1
Map 12 7 0
Drop 1 0 1
Drop 4 0 0
Map 12 3 1
Drop 3 0 0
Tile:7_flip 5 6 1
Drop 5 0 0
Tile:10 10 3 1
Map 12 7 0
Tile:5 11 3 1
Map 12 7 0
Tile:6_flip 13 3 1
Drop 4 0 0
Tile:8 13 4 1
Map 12 7 0
Tile:9 12 4 1
GAMEOVER WINNER 1
# Game ended: Sat Apr 11 20:31:35 EDT 2020
