# Server version 0.08 running on 192.168.2.221:8123
# Game ID: 827
# Board class: Saboteur.SaboteurBoard
# Timeout: 2000
# First Move Timeout: 30000
# Date: Sat Apr 11 21:13:46 EDT 2020
# Player 1: Player-0, '260729564', running on 127.0.0.1
# Player 2: Player-1, 'RandomPlayer', running on 127.0.0.1
START Player-0 260729564
START Player-1 RandomPlayer
BoardInit:Map,Map,Tile:3,Tile:8,Tile:11,Tile:6,Malus,Tile:9,Tile:1,Tile:8,Tile:7,Map,Tile:0,Tile:8,Destroy,Tile:7,Bonus,Tile:8,Tile:5,Tile:5,Tile:2,Tile:6,Map,Tile:7,Tile:13,Map,Map,Bonus,Bonus,Tile:15,Destroy,Bonus,Tile:6,Tile:14,Tile:10,Tile:7,Tile:9,Tile:9,Tile:7,Tile:9,Tile:12-Malus,Tile:6,Tile:5,Tile:10,Tile:9,Destroy,Tile:10-Tile:0,Tile:6,Tile:0,Tile:5,Tile:0,Tile:4,Tile:8-Tile:nugget,Tile:hidden2,Tile:hidden1
Drop 3 0 1
Tile:8 6 5 0
Tile:5 4 5 1
Map 12 3 0
Tile:9 6 4 1
Tile:8 7 4 0
Tile:11_flip 7 5 1
Tile:0 8 4 0
Tile:10 5 4 1
Tile:9_flip 9 4 0
Malus 0 0 1
Drop 4 0 0
Malus 0 0 1
Drop 6 0 0
Tile:3 7 3 1
Drop 0 0 0
Tile:6 9 5 1
Drop 0 0 0
Destroy 8 4 1
Drop 0 0 0
Drop 4 0 1
Drop 0 0 0
Tile:2 8 4 1
Drop 0 0 0
Drop 4 0 1
Drop 0 0 0
Tile:7_flip 8 5 1
Drop 6 0 0
Drop 2 0 1
Bonus 0 0 0
Map 12 3 1
Drop 6 0 0
Drop 1 0 1
Bonus 0 0 0
Tile:13 6 6 1
Tile:8 6 3 0
Drop 3 0 1
Tile:8 6 2 0
Tile:9 5 3 1
Tile:6 7 2 0
Tile:10 4 6 1
Tile:9_flip 8 2 0
Map 12 7 1
Tile:9 8 1 0
Drop 4 0 1
Tile:7 9 1 0
Tile:6 10 5 1
Tile:7_flip 9 2 0
Destroy 9 1 1
Tile:7_flip 8 3 0
Tile:12 10 2 1
Tile:5 5 2 0
Drop 1 0 1
Drop 0 0 0
Drop 0 0 1
GAMEOVER DRAW
# Game ended: Sat Apr 11 21:13:47 EDT 2020
