# Server version 0.08 running on 192.168.2.221:8123
# Game ID: 459
# Board class: Saboteur.SaboteurBoard
# Timeout: 2000
# First Move Timeout: 30000
# Date: Sat Apr 11 20:39:10 EDT 2020
# Player 1: Player-0, '260729564', running on 127.0.0.1
# Player 2: Player-1, 'RandomPlayer', running on 127.0.0.1
START Player-0 260729564
START Player-1 RandomPlayer
BoardInit:Map,Tile:7,Tile:6,Map,Tile:12,Destroy,Tile:5,Tile:5,Malus,Tile:11,Tile:6,Bonus,Destroy,Tile:7,Malus,Tile:8,Tile:5,Tile:9,Tile:0,Tile:7,Tile:0,Tile:4,Tile:8,Bonus,Tile:9,Map,Tile:8,Map,Tile:10,Tile:0,Tile:14,Tile:6,Tile:10,Tile:2,Tile:9,Map,Tile:9,Tile:8,Map,Tile:9,Tile:7-Destroy,Tile:0,Bonus,Tile:8,Tile:1,Tile:6,Tile:15-Tile:5,Tile:13,Tile:7,Tile:6,Tile:3,Bonus,Tile:10-Tile:hidden2,Tile:hidden1,Tile:nugget
Tile:6_flip 5 4 1
Tile:6 6 4 0
Destroy 6 4 1
Tile:7 6 4 0
Tile:8 4 4 1
Map 12 3 0
Drop 6 0 1
Tile:10 5 6 0
Drop 0 0 1
Tile:7_flip 5 7 0
Map 12 5 1
Tile:5_flip 6 7 0
Tile:15 4 3 1
Tile:5 6 6 0
Tile:6 6 5 1
Tile:7 7 6 0
Drop 0 0 1
Drop 0 0 0
Destroy 4 4 1
Tile:9 7 7 0
Tile:1 8 7 1
Tile:8 7 8 0
Tile:6 7 5 1
Tile:7 8 5 0
Tile:5_flip 9 7 1
Drop 0 0 0
Tile:8 7 9 1
Map 12 5 0
Drop 2 0 1
Drop 2 0 0
Tile:9_flip 9 6 1
Tile:0 8 8 0
Tile:8 4 2 1
Tile:6_flip 9 8 0
Tile:10 4 1 1
Drop 2 0 0
Tile:9 9 5 1
Drop 2 0 0
Tile:9 4 4 1
Tile:8 10 8 0
Tile:10 7 10 1
Tile:9_flip 11 8 0
Tile:14_flip 3 2 1
Drop 2 0 0
Drop 4 0 1
Drop 2 0 0
Tile:7 11 7 1
Destroy 11 7 0
Tile:0 10 5 1
Drop 1 0 0
Malus 0 0 1
Bonus 0 0 0
Tile:0 6 8 1
Drop 0 0 0
Malus 0 0 1
GAMEOVER DRAW
# Game ended: Sat Apr 11 20:39:11 EDT 2020
