# Server version 0.08 running on 192.168.2.221:8123
# Game ID: 839
# Board class: Saboteur.SaboteurBoard
# Timeout: 2000
# First Move Timeout: 30000
# Date: Sat Apr 11 21:14:25 EDT 2020
# Player 1: Player-0, '260729564', running on 127.0.0.1
# Player 2: Player-1, 'RandomPlayer', running on 127.0.0.1
START Player-0 260729564
START Player-1 RandomPlayer
BoardInit:Tile:9,Destroy,Bonus,Tile:10,Map,Map,Tile:5,Tile:11,Tile:12,Map,Tile:10,Tile:5,Bonus,Destroy,Tile:14,Tile:9,Tile:8,Tile:10,Malus,Tile:0,Tile:13,Tile:6,Tile:7,Tile:7,Tile:8,Tile:9,Tile:3,Tile:5,Tile:15,Map,Malus,Tile:6,Tile:0,Tile:6,Map,Tile:2,Destroy,Tile:6,Bonus,Tile:7,Tile:8-Tile:9,Tile:8,Tile:9,Tile:6,Tile:0,Tile:8,Tile:4-Map,Tile:1,Tile:0,Bonus,Tile:5,Tile:7,Tile:7-Tile:nugget,Tile:hidden2,Tile:hidden1
Tile:8 4 5 1
Map 12 3 0
Tile:9_flip 5 6 1
Tile:5_flip 6 5 0
Tile:8 4 6 1
Tile:10 6 4 0
Tile:0 3 6 1
Tile:7_flip 5 7 0
Tile:9_flip 4 7 1
Tile:0 6 7 0
Tile:9_flip 7 7 1
Tile:7_flip 7 8 0
Tile:6_flip 3 7 1
Tile:5_flip 8 8 0
Tile:5 2 7 1
Drop 0 0 0
Tile:10 8 7 1
Tile:9 8 6 0
Tile:4_flip 2 8 1
Tile:10 8 5 0
Tile:8 8 4 1
Tile:0 9 4 0
Map 12 5 1
Tile:6 10 4 0
Tile:14_flip 8 3 1
Tile:7 11 4 0
Tile:13 11 5 1
Tile:9 10 3 0
Tile:8 9 6 1
Tile:5_flip 11 3 0
Malus 0 0 1
Bonus 0 0 0
Tile:7 11 2 1
Tile:6_flip 10 2 0
Tile:3_flip 9 7 1
Tile:6_flip 10 5 0
Drop 6 0 1
Destroy 11 3 0
Destroy 3 7 1
Tile:6 11 3 0
GAMEOVER WINNER 0
# Game ended: Sat Apr 11 21:14:28 EDT 2020
