# Server version 0.08 running on 192.168.2.221:8123
# Game ID: 1454
# Board class: Saboteur.SaboteurBoard
# Timeout: 2000
# First Move Timeout: 30000
# Date: Sat Apr 11 22:07:09 EDT 2020
# Player 1: Player-0, 'RandomPlayer', running on 127.0.0.1
# Player 2: Player-1, '260729564', running on 127.0.0.1
START Player-0 RandomPlayer
START Player-1 260729564
BoardInit:Tile:9,Map,Tile:0,Tile:0,Map,Map,Tile:9,Tile:3,Tile:6,Malus,Tile:6,Map,Tile:10,Bonus,Tile:9,Tile:2,Tile:8,Tile:6,Tile:8,Destroy,Tile:15,Tile:0,Tile:13,Tile:5,Tile:7,Tile:8,Tile:1,Tile:8,Map,Tile:0,Tile:10,Tile:9,Tile:5,Tile:7,Destroy,Tile:7,Map,Tile:6,Bonus,Tile:7,Tile:5-Tile:14,Tile:6,Bonus,Tile:11,Tile:7,Malus,Tile:10-Tile:12,Destroy,Tile:5,Tile:4,Bonus,Tile:8,Tile:9-Tile:hidden1,Tile:nugget,Tile:hidden2
Malus 0 0 1
Drop 3 0 0
Tile:9_flip 6 5 1
Drop 1 0 0
Tile:10 6 4 1
Map 12 5 0
Map 12 3 1
Drop 2 0 0
Tile:9 6 6 1
Map 12 5 0
Tile:6 7 6 1
Malus 0 0 0
Bonus 0 0 1
Drop 4 0 0
Tile:0 8 6 1
Map 12 7 0
Tile:9_flip 9 6 1
Drop 1 0 0
Tile:8 9 5 1
Drop 3 0 0
Tile:8 10 5 1
Destroy 9 6 0
Tile:6 9 6 1
Drop 3 0 0
Tile:6 11 5 1
GAMEOVER WINNER 1
# Game ended: Sat Apr 11 22:07:10 EDT 2020
