# Server version 0.08 running on 192.168.2.221:8123
# Game ID: 582
# Board class: Saboteur.SaboteurBoard
# Timeout: 2000
# First Move Timeout: 30000
# Date: Sat Apr 11 20:56:19 EDT 2020
# Player 1: Player-0, 'RandomPlayer', running on 127.0.0.1
# Player 2: Player-1, '260729564', running on 127.0.0.1
START Player-0 RandomPlayer
START Player-1 260729564
BoardInit:Tile:8,Tile:6,Map,Tile:13,Bonus,Bonus,Map,Destroy,Tile:0,Tile:10,Tile:7,Tile:14,Tile:8,Tile:12,Tile:6,Tile:7,Map,Tile:9,Tile:6,Tile:5,Tile:7,Tile:8,Tile:7,Bonus,Tile:5,Destroy,Tile:15,Malus,Tile:1,Bonus,Tile:4,Malus,Tile:9,Map,Map,Tile:10,Tile:7,Tile:0,Tile:9,Tile:5,Tile:11-Tile:8,Tile:10,Tile:6,Tile:5,Tile:9,Tile:8,Map-Tile:3,Tile:0,Tile:9,Tile:6,Destroy,Tile:2,Tile:0-Tile:hidden1,Tile:hidden2,Tile:nugget
Map 12 3 1
Tile:2 6 5 0
Tile:8 5 4 1
Drop 1 0 0
Map 12 5 1
Drop 3 0 0
Tile:8 5 6 1
Tile:6_flip 4 4 0
Tile:8 6 6 1
Tile:6 6 4 0
Tile:6 7 6 1
Tile:9_flip 7 5 0
Tile:0 8 6 1
Tile:10 6 7 0
Tile:8 9 6 1
Tile:14 10 6 0
Tile:6 9 7 1
Tile:3_flip 4 6 0
Tile:7 10 7 1
Tile:9 4 5 0
Tile:6 10 8 1
Drop 3 0 0
Tile:5_flip 11 8 1
Tile:12_flip 8 7 0
Tile:9 11 7 1
GAMEOVER WINNER 1
# Game ended: Sat Apr 11 20:56:19 EDT 2020
