# Server version 0.08 running on 192.168.2.221:8123
# Game ID: 202
# Board class: Saboteur.SaboteurBoard
# Timeout: 2000
# First Move Timeout: 30000
# Date: Sat Apr 11 20:08:45 EDT 2020
# Player 1: Player-0, 'RandomPlayer', running on 127.0.0.1
# Player 2: Player-1, '260729564', running on 127.0.0.1
START Player-0 RandomPlayer
START Player-1 260729564
BoardInit:Tile:13,Tile:5,Bonus,Destroy,Tile:7,Tile:1,Tile:7,Map,Tile:8,Tile:6,Malus,Tile:6,Tile:15,Tile:5,Tile:0,Bonus,Malus,Tile:12,Tile:10,Bonus,Bonus,Map,Tile:3,Tile:10,Tile:6,Tile:6,Tile:8,Map,Tile:8,Tile:2,Map,Tile:9,Tile:9,Tile:8,Tile:8,Tile:6,Tile:5,Destroy,Tile:7,Tile:0,Map-Tile:9,Tile:9,Tile:14,Tile:0,Destroy,Tile:5,Tile:11-Tile:10,Tile:7,Tile:7,Tile:9,Tile:0,Tile:4,Map-Tile:hidden1,Tile:nugget,Tile:hidden2
Tile:0 6 5 1
Tile:9 5 4 0
Tile:9_flip 7 5 1
Tile:4 7 4 0
Tile:5_flip 6 4 1
Destroy 6 5 0
Tile:9 6 3 1
Tile:7_flip 7 6 0
Tile:7_flip 5 6 1
Map 12 5 0
Tile:8 6 2 1
Drop 4 0 0
Malus 0 0 1
Drop 4 0 0
Tile:7 7 2 1
Drop 0 0 0
Tile:0 6 5 1
Drop 1 0 0
Malus 0 0 1
Drop 3 0 0
Tile:10 5 3 1
Drop 4 0 0
Drop 0 0 1
Map 12 3 0
Drop 1 0 1
Drop 5 0 0
Tile:6 8 6 1
Drop 0 0 0
Tile:8 9 6 1
Drop 4 0 0
Tile:8 10 6 1
Map 12 3 0
Map 12 3 1
Drop 6 0 0
Tile:9_flip 11 6 1
Drop 3 0 0
Tile:8 11 5 1
GAMEOVER WINNER 1
# Game ended: Sat Apr 11 20:08:45 EDT 2020
