# Server version 0.08 running on 192.168.2.221:8123
# Game ID: 808
# Board class: Saboteur.SaboteurBoard
# Timeout: 2000
# First Move Timeout: 30000
# Date: Sat Apr 11 21:13:08 EDT 2020
# Player 1: Player-0, 'RandomPlayer', running on 127.0.0.1
# Player 2: Player-1, '260729564', running on 127.0.0.1
START Player-0 RandomPlayer
START Player-1 260729564
BoardInit:Map,Destroy,Tile:5,Tile:6,Tile:7,Tile:5,Bonus,Tile:2,Tile:1,Tile:10,Map,Tile:14,Map,Tile:5,Tile:0,Tile:8,Destroy,Bonus,Tile:7,Tile:6,Tile:8,Map,Tile:6,Tile:6,Tile:10,Tile:8,Tile:0,Tile:9,Map,Tile:10,Tile:8,Tile:7,Bonus,Tile:9,Destroy,Malus,Tile:15,Malus,Map,Tile:5,Tile:9-Tile:0,Tile:8,Tile:11,Bonus,Tile:7,Tile:13,Tile:3-Tile:9,Tile:6,Tile:9,Tile:12,Tile:0,Tile:4,Tile:7-Tile:nugget,Tile:hidden1,Tile:hidden2
Tile:8 6 5 1
Tile:9_flip 5 6 0
Map 12 3 1
Tile:9_flip 6 4 0
Tile:0 7 5 1
Tile:6_flip 5 4 0
Tile:7 8 5 1
Tile:6_flip 6 3 0
Tile:7_flip 8 6 1
Tile:0 4 4 0
Tile:5_flip 9 6 1
Drop 5 0 0
Drop 0 0 1
Tile:7_flip 5 7 0
Drop 1 0 1
Tile:14_flip 9 5 0
Tile:0 7 3 1
Tile:10 6 6 0
Drop 1 0 1
Destroy 8 6 0
Tile:7 8 3 1
Tile:12 10 5 0
Tile:8 8 6 1
Tile:5_flip 8 4 0
Tile:6 8 7 1
Tile:6_flip 7 7 0
Drop 1 0 1
Tile:6_flip 9 7 0
Tile:0 10 7 1
Tile:5 3 4 0
Drop 1 0 1
Tile:9_flip 9 8 0
Tile:8 11 7 1
Drop 6 0 0
Tile:10 12 6 1
Drop 0 0 0
Destroy 12 6 1
Tile:10 11 8 0
Drop 1 0 1
Tile:9 3 5 0
Drop 1 0 1
Map 12 3 0
Tile:9 12 6 1
Tile:8 4 6 0
Destroy 12 6 1
Tile:5 12 4 0
Drop 1 0 1
Tile:8 6 7 0
Drop 1 0 1
Drop 1 0 0
Drop 1 0 1
Malus 0 0 0
Bonus 0 0 1
Drop 0 0 0
Drop 0 0 1
GAMEOVER DRAW
# Game ended: Sat Apr 11 21:13:09 EDT 2020
