# Server version 0.08 running on 192.168.2.221:8123
# Game ID: 57
# Board class: Saboteur.SaboteurBoard
# Timeout: 2000
# First Move Timeout: 30000
# Date: Sat Apr 11 16:13:10 EDT 2020
# Player 1: Player-0, '260729564', running on 127.0.0.1
# Player 2: Player-1, 'RandomPlayer', running on 127.0.0.1
START Player-0 260729564
START Player-1 RandomPlayer
BoardInit:Tile:7,Tile:12,Tile:6,Map,Bonus,Tile:7,Map,Tile:10,Tile:2,Tile:9,Tile:13,Tile:6,Tile:9,Map,Tile:6,Tile:0,Bonus,Bonus,Tile:6,Tile:8,Tile:7,Tile:5,Tile:4,Tile:8,Tile:7,Tile:14,Tile:10,Destroy,Map,Tile:6,Destroy,Malus,Tile:5,Malus,Tile:8,Tile:5,Tile:11,Tile:15,Tile:0,Map,Tile:9-Tile:3,Tile:10,Tile:9,Destroy,Tile:1,Map,Tile:5-Tile:0,Tile:9,Tile:8,Tile:8,Tile:7,Tile:0,Bonus-Tile:hidden1,Tile:nugget,Tile:hidden2
Drop 3 0 1
Tile:8 6 5 0
Drop 5 0 1
Tile:8 7 5 0
Tile:7_flip 5 6 1
Map 12 3 0
Tile:9_flip 6 4 1
Tile:9_flip 8 5 0
Tile:3 8 4 1
Tile:10 8 6 0
Drop 1 0 1
Tile:9 7 4 0
Tile:2 4 5 1
Tile:6 8 7 0
Tile:10 6 3 1
Map 12 5 0
Tile:9_flip 6 6 1
Tile:0 9 7 0
Tile:6 10 7 1
Tile:0 11 7 0
Map 12 3 1
Tile:8 12 6 0
GAMEOVER WINNER 0
# Game ended: Sat Apr 11 16:13:11 EDT 2020
