# Server version 0.08 running on 192.168.2.221:8123
# Game ID: 165
# Board class: Saboteur.SaboteurBoard
# Timeout: 2000
# First Move Timeout: 30000
# Date: Sat Apr 11 20:05:34 EDT 2020
# Player 1: Player-0, '260729564', running on 127.0.0.1
# Player 2: Player-1, 'RandomPlayer', running on 127.0.0.1
START Player-0 260729564
START Player-1 RandomPlayer
BoardInit:Tile:7,Tile:5,Malus,Tile:5,Tile:6,Map,Tile:8,Tile:7,Tile:0,Tile:7,Tile:8,Tile:10,Tile:6,Bonus,Map,Tile:9,Tile:8,Tile:6,Tile:5,Tile:1,Destroy,Tile:9,Tile:9,Tile:14,Destroy,Tile:3,Tile:15,Bonus,Tile:10,Tile:11,Tile:6,Map,Tile:4,Map,Map,Tile:7,Tile:5,Map,Tile:0,Tile:12,Tile:8-Bonus,Tile:2,Tile:10,Tile:13,Tile:0,Tile:6,Tile:9-Tile:8,Tile:0,Malus,Bonus,Destroy,Tile:7,Tile:9-Tile:nugget,Tile:hidden2,Tile:hidden1
Tile:6_flip 4 5 1
Malus 0 0 0
Drop 1 0 1
Tile:8 6 5 0
Drop 0 0 1
Tile:9_flip 7 5 0
Drop 3 0 1
Map 12 3 0
Drop 5 0 1
Tile:5 7 4 0
Malus 0 0 1
Bonus 0 0 0
Drop 0 0 1
Tile:5_flip 8 4 0
Drop 0 0 1
Tile:10 8 3 0
Map 12 7 1
Tile:9 8 2 0
Drop 3 0 1
Tile:7 9 2 0
Drop 2 0 1
Tile:6_flip 8 1 0
Destroy 9 2 1
Tile:9_flip 9 2 0
Drop 2 0 1
Tile:7_flip 9 3 0
Destroy 8 2 1
Tile:7_flip 7 6 0
Drop 5 0 1
Tile:0 8 6 0
Drop 0 0 1
Drop 2 0 0
Drop 6 0 1
Drop 2 0 0
Drop 3 0 1
Drop 2 0 0
Drop 2 0 1
Tile:7 9 6 0
Map 12 5 1
Drop 2 0 0
Drop 2 0 1
Drop 2 0 0
Drop 0 0 1
Drop 2 0 0
Drop 4 0 1
Drop 2 0 0
Drop 2 0 1
Drop 2 0 0
Drop 0 0 1
Drop 2 0 0
Drop 0 0 1
Destroy 9 3 0
Drop 1 0 1
Drop 0 0 0
Drop 0 0 1
GAMEOVER DRAW
# Game ended: Sat Apr 11 20:05:35 EDT 2020
