# Server version 0.08 running on 192.168.2.221:8123
# Game ID: 1039
# Board class: Saboteur.SaboteurBoard
# Timeout: 2000
# First Move Timeout: 30000
# Date: Sat Apr 11 21:30:05 EDT 2020
# Player 1: Player-0, '260729564', running on 127.0.0.1
# Player 2: Player-1, 'RandomPlayer', running on 127.0.0.1
START Player-0 260729564
START Player-1 RandomPlayer
BoardInit:Bonus,Tile:7,Bonus,Tile:8,Tile:0,Tile:4,Tile:13,Tile:2,Tile:10,Tile:0,Tile:0,Tile:5,Tile:7,Tile:11,Destroy,Tile:12,Tile:14,Map,Tile:0,Tile:6,Map,Tile:1,Map,Malus,Tile:9,Destroy,Tile:10,Map,Bonus,Tile:6,Tile:10,Tile:5,Malus,Tile:5,Tile:9,Bonus,Tile:15,Tile:9,Tile:8,Tile:8,Tile:8-Tile:6,Tile:7,Tile:7,Tile:6,Tile:9,Tile:3,Tile:6-Tile:9,Destroy,Map,Tile:8,Map,Tile:7,Tile:5-Tile:hidden1,Tile:hidden2,Tile:nugget
Drop 5 0 1
Map 12 3 0
Tile:9 5 6 1
Map 12 5 0
Drop 1 0 1
Tile:8 6 6 0
Tile:6 4 5 1
Tile:8 7 6 0
Tile:13 5 7 1
Tile:9_flip 8 6 0
Tile:7 4 4 1
Tile:7_flip 8 7 0
Tile:10 7 5 1
Tile:0 9 7 0
Tile:6 4 7 1
Tile:5_flip 10 7 0
Tile:6_flip 3 7 1
Tile:5 10 6 0
Tile:0 3 4 1
Tile:7 11 6 0
Tile:14_flip 2 7 1
Tile:6_flip 7 4 0
Destroy 8 7 1
Drop 1 0 0
Tile:7 6 5 1
Malus 0 0 0
Bonus 0 0 1
Drop 1 0 0
Tile:0 2 4 1
Drop 1 0 0
Tile:9 11 7 1
Tile:6 8 7 0
GAMEOVER WINNER 0
# Game ended: Sat Apr 11 21:30:05 EDT 2020
