# Server version 0.08 running on 192.168.2.221:8123
# Game ID: 789
# Board class: Saboteur.SaboteurBoard
# Timeout: 2000
# First Move Timeout: 30000
# Date: Sat Apr 11 21:11:04 EDT 2020
# Player 1: Player-0, '260729564', running on 127.0.0.1
# Player 2: Player-1, 'RandomPlayer', running on 127.0.0.1
START Player-0 260729564
START Player-1 RandomPlayer
BoardInit:Tile:7,Tile:8,Tile:6,Tile:6,Tile:9,Tile:5,Tile:3,Tile:0,Map,Tile:9,Map,Destroy,Tile:5,Bonus,Tile:8,Map,Map,Tile:6,Map,Tile:7,Tile:9,Destroy,Tile:7,Tile:0,Tile:1,Tile:11,Tile:0,Tile:6,Tile:15,Tile:7,Tile:13,Tile:8,Tile:2,Tile:5,Tile:7,Tile:10,Destroy,Tile:9,Tile:4,Malus,Tile:10-Bonus,Tile:0,Tile:6,Tile:12,Tile:8,Tile:9,Tile:5-Bonus,Malus,Bonus,Tile:10,Tile:8,Map,Tile:14-Tile:nugget,Tile:hidden2,Tile:hidden1
Tile:5 5 4 1
Map 12 3 0
Tile:6_flip 4 5 1
Malus 0 0 0
Drop 4 0 1
Tile:8 6 4 0
Drop 3 0 1
Tile:8 7 4 0
Drop 5 0 1
Tile:6 8 4 0
Drop 1 0 1
Tile:0 9 4 0
Drop 0 0 1
Tile:5_flip 10 4 0
Drop 2 0 1
Tile:10 10 3 0
Drop 0 0 1
Tile:9 10 2 0
Map 12 7 1
Tile:6 11 2 0
Map 12 5 1
Drop 1 0 0
Drop 1 0 1
Tile:7 12 2 0
GAMEOVER WINNER 0
# Game ended: Sat Apr 11 21:11:04 EDT 2020
