# Server version 0.08 running on 192.168.2.221:8123
# Game ID: 481
# Board class: Saboteur.SaboteurBoard
# Timeout: 2000
# First Move Timeout: 30000
# Date: Sat Apr 11 20:40:05 EDT 2020
# Player 1: Player-0, '260729564', running on 127.0.0.1
# Player 2: Player-1, 'RandomPlayer', running on 127.0.0.1
START Player-0 260729564
START Player-1 RandomPlayer
BoardInit:Tile:7,Tile:11,Tile:3,Tile:9,Tile:6,Bonus,Tile:8,Tile:9,Bonus,Tile:7,Tile:13,Tile:7,Malus,Tile:10,Tile:7,Tile:6,Tile:0,Map,Bonus,Tile:14,Tile:5,Tile:5,Tile:6,Map,Destroy,Tile:6,Tile:9,Tile:8,Tile:0,Tile:6,Tile:2,Tile:15,Tile:4,Bonus,Map,Tile:5,Tile:0,Tile:10,Destroy,Tile:0,Tile:7-Tile:10,Destroy,Tile:9,Tile:5,Map,Tile:8,Tile:8-Tile:9,Tile:1,Tile:12,Malus,Map,Tile:8,Map-Tile:hidden2,Tile:nugget,Tile:hidden1
Tile:5_flip 5 6 1
Map 12 3 0
Destroy 5 6 1
Map 12 5 0
Tile:7 5 4 1
Malus 0 0 0
Map 12 5 1
Tile:8 6 5 0
Drop 1 0 1
Tile:9_flip 7 5 0
Bonus 0 0 1
Tile:7_flip 7 6 0
Tile:8 4 4 1
Tile:7 8 6 0
Tile:8 4 3 1
Tile:9 8 7 0
Tile:6_flip 4 2 1
Tile:6_flip 9 7 0
Drop 0 0 1
Tile:9_flip 10 7 0
Tile:7_flip 8 8 1
Tile:10 10 6 0
Tile:13 10 5 1
Tile:5 7 4 0
Tile:5_flip 11 5 1
Drop 0 0 0
Tile:8 3 4 1
Tile:6 8 4 0
Tile:9_flip 5 2 1
Tile:8 9 4 0
Drop 1 0 1
Tile:6_flip 10 4 0
Tile:2_flip 2 4 1
Drop 0 0 0
Tile:6 5 6 1
Drop 0 0 0
Drop 3 0 1
Tile:5 9 3 0
Tile:0 10 3 1
Tile:10 10 8 0
Destroy 8 4 1
Tile:0 8 4 0
Drop 5 0 1
Drop 1 0 0
Tile:7_flip 9 5 1
Drop 1 0 0
Map 12 3 1
Drop 1 0 0
Tile:3 2 3 1
Drop 1 0 0
Drop 0 0 1
Drop 1 0 0
Drop 1 0 1
Drop 0 0 0
Drop 0 0 1
GAMEOVER DRAW
# Game ended: Sat Apr 11 20:40:12 EDT 2020
