# Server version 0.08 running on 192.168.2.221:8123
# Game ID: 152
# Board class: Saboteur.SaboteurBoard
# Timeout: 2000
# First Move Timeout: 30000
# Date: Sat Apr 11 16:21:54 EDT 2020
# Player 1: Player-0, 'RandomPlayer', running on 127.0.0.1
# Player 2: Player-1, '260729564', running on 127.0.0.1
START Player-0 RandomPlayer
START Player-1 260729564
BoardInit:Malus,Tile:15,Tile:0,Map,Tile:9,Bonus,Map,Tile:9,Tile:8,Tile:8,Tile:5,Bonus,Tile:5,Map,Tile:3,Tile:5,Destroy,Bonus,Tile:0,Tile:0,Tile:7,Tile:6,Tile:9,Map,Tile:12,Tile:13,Tile:4,Tile:6,Tile:7,Tile:10,Tile:8,Tile:7,Tile:6,Tile:10,Tile:5,Tile:8,Map,Tile:11,Bonus,Tile:6,Malus-Destroy,Tile:7,Tile:8,Tile:9,Tile:6,Tile:2,Tile:1-Tile:14,Tile:0,Tile:10,Destroy,Tile:9,Map,Tile:7-Tile:nugget,Tile:hidden2,Tile:hidden1
Tile:8 6 5 1
Tile:7 7 5 0
Malus 0 0 1
Drop 1 0 0
Tile:6 7 6 1
Drop 1 0 0
Tile:0 8 6 1
Map 12 3 0
Map 12 3 1
Drop 3 0 0
Tile:8 9 6 1
Destroy 7 5 0
Tile:5 6 4 1
Drop 0 0 0
Tile:5_flip 7 4 1
Map 12 7 0
Tile:9 7 3 1
Drop 3 0 0
Tile:9_flip 8 3 1
Drop 1 0 0
Tile:7_flip 8 4 1
Drop 1 0 0
Tile:0 9 4 1
Drop 5 0 0
Tile:9_flip 10 4 1
Map 12 5 0
Tile:7_flip 10 5 1
Map 12 7 0
Drop 1 0 1
Drop 2 0 0
Tile:7 11 5 1
Drop 4 0 0
Tile:8 10 3 1
Drop 6 0 0
Tile:6 11 3 1
GAMEOVER WINNER 1
# Game ended: Sat Apr 11 16:21:55 EDT 2020
