# Server version 0.08 running on 192.168.2.221:8123
# Game ID: 926
# Board class: Saboteur.SaboteurBoard
# Timeout: 2000
# First Move Timeout: 30000
# Date: Sat Apr 11 21:20:30 EDT 2020
# Player 1: Player-0, 'RandomPlayer', running on 127.0.0.1
# Player 2: Player-1, '260729564', running on 127.0.0.1
START Player-0 RandomPlayer
START Player-1 260729564
BoardInit:Tile:0,Tile:9,Map,Tile:7,Bonus,Tile:11,Tile:3,Tile:14,Tile:8,Malus,Map,Map,Map,Tile:6,Tile:7,Tile:6,Tile:10,Tile:13,Tile:7,Tile:9,Tile:5,Tile:7,Map,Tile:7,Tile:5,Bonus,Tile:5,Tile:6,Tile:10,Tile:8,Tile:2,Malus,Tile:0,Tile:9,Map,Tile:8,Bonus,Tile:15,Tile:5,Tile:8,Destroy-Bonus,Tile:8,Tile:0,Tile:0,Tile:4,Destroy,Tile:10-Tile:9,Tile:12,Destroy,Tile:9,Tile:6,Tile:1,Tile:6-Tile:hidden2,Tile:nugget,Tile:hidden1
Tile:8 6 5 1
Tile:9 6 6 0
Tile:0 7 6 1
Drop 1 0 0
Map 12 3 1
Tile:9 4 5 0
Tile:0 8 6 1
Drop 5 0 0
Tile:0 9 6 1
Tile:6 10 6 0
Tile:8 11 6 1
Malus 0 0 0
Bonus 0 0 1
Tile:11_flip 11 7 0
Map 12 5 1
Tile:14_flip 10 5 0
Tile:7 12 6 1
Tile:6 7 5 0
Tile:10 7 4 1
Tile:9 4 4 0
Tile:7 13 7 1
Tile:6 11 8 0
Tile:5_flip 12 8 1
Tile:9_flip 4 6 0
Tile:10 13 8 1
Tile:7 11 5 0
Tile:5_flip 6 7 1
Tile:7_flip 3 6 0
GAMEOVER TIMEOUT WINNER 0
# Game ended: Sat Apr 11 21:20:37 EDT 2020
