# Server version 0.08 running on 192.168.2.221:8123
# Game ID: 269
# Board class: Saboteur.SaboteurBoard
# Timeout: 2000
# First Move Timeout: 30000
# Date: Sat Apr 11 20:15:31 EDT 2020
# Player 1: Player-0, '260729564', running on 127.0.0.1
# Player 2: Player-1, 'RandomPlayer', running on 127.0.0.1
START Player-0 260729564
START Player-1 RandomPlayer
BoardInit:Tile:3,Tile:5,Tile:1,Map,Tile:9,Tile:6,Tile:6,Tile:12,Malus,Tile:4,Tile:9,Map,Malus,Map,Tile:7,Tile:6,Tile:5,Tile:7,Tile:9,Tile:14,Tile:9,Map,Tile:0,Tile:10,Tile:7,Bonus,Tile:11,Bonus,Tile:8,Map,Bonus,Tile:2,Tile:9,Destroy,Tile:7,Tile:5,Tile:8,Tile:7,Destroy,Tile:10,Destroy-Tile:8,Tile:6,Tile:8,Tile:5,Tile:0,Map,Tile:15-Tile:6,Tile:0,Tile:13,Tile:10,Tile:8,Tile:0,Bonus-Tile:hidden2,Tile:hidden1,Tile:nugget
Tile:0 4 5 1
Tile:8 6 5 0
Tile:8 6 6 1
Tile:0 7 6 0
Map 12 3 1
Map 12 3 0
Tile:6 7 5 1
Tile:0 8 6 0
Tile:1 8 5 1
Tile:5_flip 9 6 0
Malus 0 0 1
Bonus 0 0 0
Tile:8 9 5 1
Map 12 5 0
Drop 3 0 1
Tile:6 10 5 0
Tile:6_flip 3 5 1
Tile:6 11 5 0
Tile:5 12 4 1
Tile:7 13 5 0
Tile:3_flip 6 7 1
Tile:6 13 6 0
Tile:9 5 6 1
Tile:10 11 4 0
Tile:9 11 3 1
Tile:10 12 2 0
Tile:7_flip 12 6 1
Drop 0 0 0
Tile:15 6 4 1
Drop 0 0 0
Tile:9_flip 12 1 1
Drop 0 0 0
Malus 0 0 1
Bonus 0 0 0
Tile:5_flip 13 3 1
Destroy 11 3 0
Tile:0 13 4 1
GAMEOVER TIMEOUT WINNER 1
# Game ended: Sat Apr 11 20:15:35 EDT 2020
