# Server version 0.08 running on 192.168.2.221:8123
# Game ID: 1045
# Board class: Saboteur.SaboteurBoard
# Timeout: 2000
# First Move Timeout: 30000
# Date: Sat Apr 11 21:30:15 EDT 2020
# Player 1: Player-0, '260729564', running on 127.0.0.1
# Player 2: Player-1, 'RandomPlayer', running on 127.0.0.1
START Player-0 260729564
START Player-1 RandomPlayer
BoardInit:Map,Map,Destroy,Destroy,Map,Tile:10,Tile:9,Tile:0,Tile:7,Tile:6,Bonus,Tile:5,Tile:6,Tile:9,Tile:7,Tile:8,Tile:8,Tile:8,Tile:5,Destroy,Tile:8,Tile:11,Bonus,Tile:9,Tile:5,Tile:5,Malus,Tile:0,Bonus,Tile:6,Tile:9,Tile:6,Tile:1,Map,Tile:13,Tile:14,Tile:10,Tile:2,Bonus,Tile:7,Tile:7-Map,Malus,Tile:3,Tile:9,Tile:0,Map,Tile:6-Tile:12,Tile:8,Tile:7,Tile:10,Tile:15,Tile:4,Tile:0-Tile:hidden1,Tile:nugget,Tile:hidden2
Tile:6 5 6 1
Tile:8 6 6 0
Tile:9_flip 6 7 1
Map 12 3 0
Map 12 7 1
Tile:0 7 6 0
Drop 2 0 1
Tile:7 8 6 0
Map 12 5 1
Tile:0 5 7 0
Tile:9_flip 6 5 1
Tile:6_flip 6 4 0
Destroy 8 6 1
Tile:5_flip 8 6 0
Drop 3 0 1
Tile:10 8 5 0
Tile:6 4 6 1
Tile:8 8 4 0
Tile:8 7 4 1
Tile:8 9 4 0
Tile:7_flip 9 5 1
Tile:9_flip 10 4 0
Tile:5_flip 10 5 1
Tile:10 10 3 0
Drop 4 0 1
Tile:9_flip 9 3 0
Tile:8 8 3 1
Tile:5 10 2 0
Map 12 3 1
Tile:0 11 2 0
Drop 0 0 1
Tile:6_flip 5 4 0
Malus 0 0 1
Drop 0 0 0
Tile:9 7 3 1
Drop 0 0 0
Tile:5_flip 6 8 1
Drop 0 0 0
Tile:3_flip 3 6 1
Drop 2 0 0
Tile:10 3 5 1
Drop 3 0 0
Drop 0 0 1
Drop 3 0 0
Tile:1 5 8 1
Drop 3 0 0
Tile:7 12 2 1
Drop 0 0 0
Drop 0 0 1
Drop 0 0 0
Tile:13 4 4 1
Drop 0 0 0
Drop 1 0 1
Drop 0 0 0
Drop 0 0 1
GAMEOVER DRAW
# Game ended: Sat Apr 11 21:30:16 EDT 2020
