# Server version 0.08 running on 192.168.2.221:8123
# Game ID: 495
# Board class: Saboteur.SaboteurBoard
# Timeout: 2000
# First Move Timeout: 30000
# Date: Sat Apr 11 20:40:48 EDT 2020
# Player 1: Player-0, '260729564', running on 127.0.0.1
# Player 2: Player-1, 'RandomPlayer', running on 127.0.0.1
START Player-0 260729564
START Player-1 RandomPlayer
BoardInit:Tile:7,Tile:0,Tile:9,Bonus,Malus,Tile:6,Tile:0,Tile:11,Tile:2,Map,Tile:5,Bonus,Tile:6,Tile:8,Tile:0,Bonus,Tile:6,Map,Destroy,Tile:9,Tile:14,Tile:7,Tile:13,Map,Tile:5,Tile:6,Tile:3,Tile:9,Tile:10,Map,Destroy,Tile:10,Tile:5,Tile:15,Tile:8,Tile:8,Tile:9,Tile:7,Map,Tile:10,Tile:8-Tile:7,Tile:12,Tile:6,Tile:7,Map,Tile:5,Destroy-Bonus,Tile:0,Tile:1,Tile:9,Tile:4,Tile:8,Malus-Tile:nugget,Tile:hidden2,Tile:hidden1
Tile:6_flip 6 5 1
Malus 0 0 0
Drop 5 0 1
Tile:8 7 5 0
Drop 2 0 1
Tile:9_flip 8 5 0
Drop 2 0 1
Tile:6 8 6 0
Drop 5 0 1
Tile:0 9 6 0
Drop 4 0 1
Map 12 3 0
Drop 0 0 1
Tile:0 10 6 0
Drop 0 0 1
Tile:8 11 6 0
Drop 5 0 1
Drop 1 0 0
Drop 3 0 1
Drop 1 0 0
Destroy 8 5 1
Tile:9 7 4 0
Drop 0 0 1
Tile:7 8 4 0
Drop 2 0 1
Drop 1 0 0
Drop 0 0 1
Tile:6_flip 7 3 0
Drop 5 0 1
Tile:9_flip 8 5 0
Drop 0 0 1
Drop 1 0 0
Destroy 11 6 1
Tile:10 5 4 0
Drop 3 0 1
Drop 1 0 0
Drop 3 0 1
Tile:8 11 6 0
Drop 6 0 1
Tile:7 12 6 0
Drop 4 0 1
Tile:10 5 3 0
Map 12 5 1
Drop 1 0 0
Drop 4 0 1
Drop 1 0 0
Drop 2 0 1
Drop 1 0 0
Drop 0 0 1
Drop 1 0 0
Drop 0 0 1
Drop 1 0 0
Drop 1 0 1
Drop 0 0 0
Drop 0 0 1
GAMEOVER DRAW
# Game ended: Sat Apr 11 20:40:49 EDT 2020
