# Server version 0.08 running on 192.168.2.221:8123
# Game ID: 456
# Board class: Saboteur.SaboteurBoard
# Timeout: 2000
# First Move Timeout: 30000
# Date: Sat Apr 11 20:39:04 EDT 2020
# Player 1: Player-0, 'RandomPlayer', running on 127.0.0.1
# Player 2: Player-1, '260729564', running on 127.0.0.1
START Player-0 RandomPlayer
START Player-1 260729564
BoardInit:Tile:7,Bonus,Destroy,Tile:10,Tile:0,Tile:2,Tile:7,Map,Tile:12,Tile:3,Tile:5,Tile:8,Map,Tile:15,Tile:6,Bonus,Bonus,Tile:9,Tile:5,Tile:0,Tile:8,Map,Tile:6,Tile:9,Map,Tile:6,Destroy,Tile:8,Malus,Tile:5,Bonus,Tile:4,Tile:11,Tile:7,Tile:1,Tile:7,Tile:6,Tile:14,Map,Tile:0,Tile:10-Tile:7,Tile:5,Tile:9,Tile:9,Tile:6,Map,Tile:8-Tile:13,Tile:9,Tile:8,Malus,Destroy,Tile:0,Tile:10-Tile:nugget,Tile:hidden2,Tile:hidden1
Map 12 3 1
Tile:13 6 5 0
Tile:8 5 4 1
Tile:8 4 5 0
Tile:6_flip 6 4 1
Tile:9_flip 6 6 0
Tile:0 7 4 1
Tile:2_flip 8 4 0
Tile:7 7 5 1
Destroy 5 4 0
Tile:9 5 4 1
Drop 0 0 0
Tile:9 5 3 1
Tile:3 9 4 0
Tile:5_flip 6 3 1
Tile:10 4 6 0
Tile:6_flip 6 2 1
Tile:10 8 3 0
Tile:7 7 2 1
Tile:15 7 6 0
Tile:5 8 2 1
Map 12 5 0
Tile:8 5 2 1
Tile:9_flip 9 5 0
Tile:6_flip 5 1 1
Tile:0 6 1 0
Tile:5_flip 7 1 1
Tile:6_flip 7 0 0
Tile:7 8 0 1
Tile:8 7 7 0
Malus 0 0 1
Bonus 0 0 0
Drop 1 0 1
Tile:4_flip 9 6 0
Drop 1 0 1
Tile:9 5 6 0
Drop 2 0 1
Tile:0 8 7 0
Tile:6 6 0 1
Tile:5_flip 9 2 0
Drop 3 0 1
Tile:14_flip 3 5 0
Tile:10 5 7 1
Tile:7_flip 6 7 0
Drop 3 0 1
Drop 3 0 0
Drop 3 0 1
Tile:8 4 2 0
Drop 3 0 1
Map 12 3 0
Destroy 5 7 1
Drop 0 0 0
Destroy 6 6 1
Tile:0 9 7 0
Drop 0 0 1
GAMEOVER DRAW
# Game ended: Sat Apr 11 20:39:05 EDT 2020
