# Server version 0.08 running on 192.168.2.221:8123
# Game ID: 1085
# Board class: Saboteur.SaboteurBoard
# Timeout: 2000
# First Move Timeout: 30000
# Date: Sat Apr 11 21:32:46 EDT 2020
# Player 1: Player-0, '260729564', running on 127.0.0.1
# Player 2: Player-1, 'RandomPlayer', running on 127.0.0.1
START Player-0 260729564
START Player-1 RandomPlayer
BoardInit:Map,Destroy,Tile:5,Tile:9,Tile:3,Tile:1,Tile:7,Tile:8,Tile:7,Bonus,Tile:7,Tile:5,Tile:9,Bonus,Tile:9,Tile:6,Tile:15,Map,Tile:6,Tile:4,Tile:6,Tile:0,Tile:5,Tile:10,Tile:14,Tile:5,Tile:7,Tile:13,Tile:0,Tile:12,Tile:6,Map,Map,Tile:8,Tile:8,Tile:9,Malus,Tile:8,Tile:9,Tile:7,Tile:10-Destroy,Tile:0,Tile:10,Map,Tile:2,Map,Destroy-Tile:8,Tile:11,Tile:6,Bonus,Bonus,Malus,Tile:0-Tile:hidden1,Tile:hidden2,Tile:nugget
Tile:2_flip 6 5 1
Malus 0 0 0
Destroy 6 5 1
Tile:8 6 5 0
Map 12 7 1
Tile:9_flip 7 5 0
Map 12 5 1
Tile:6 7 6 0
Drop 1 0 1
Tile:8 8 6 0
Map 12 3 1
Tile:0 9 6 0
Drop 0 0 1
Tile:5_flip 10 6 0
Drop 2 0 1
Drop 0 0 0
Drop 0 0 1
Tile:6_flip 10 5 0
Drop 3 0 1
Map 12 3 0
Drop 2 0 1
Drop 1 0 0
Drop 0 0 1
Tile:0 11 5 0
Drop 2 0 1
Tile:10 12 6 0
GAMEOVER WINNER 0
# Game ended: Sat Apr 11 21:32:47 EDT 2020
