# Server version 0.08 running on 192.168.2.221:8123
# Game ID: 633
# Board class: Saboteur.SaboteurBoard
# Timeout: 2000
# First Move Timeout: 30000
# Date: Sat Apr 11 21:00:27 EDT 2020
# Player 1: Player-0, '260729564', running on 127.0.0.1
# Player 2: Player-1, 'RandomPlayer', running on 127.0.0.1
START Player-0 260729564
START Player-1 RandomPlayer
BoardInit:Tile:10,Tile:6,Tile:8,Tile:15,Bonus,Tile:7,Tile:5,Malus,Map,Tile:14,Tile:5,Tile:7,Destroy,Tile:8,Malus,Tile:5,Tile:12,Bonus,Tile:1,Tile:11,Tile:9,Tile:7,Tile:6,Tile:9,Bonus,Tile:8,Tile:10,Tile:0,Tile:6,Tile:8,Tile:10,Tile:0,Map,Tile:9,Tile:2,Tile:5,Tile:0,Destroy,Map,Tile:8,Tile:9-Tile:6,Tile:13,Bonus,Map,Map,Tile:0,Tile:9-Tile:6,Tile:7,Destroy,Map,Tile:4,Tile:3,Tile:7-Tile:hidden1,Tile:hidden2,Tile:nugget
Tile:9 4 5 1
Map 12 3 0
Tile:6 5 6 1
Tile:6 6 6 0
Tile:13 6 5 1
Tile:6 7 6 0
Drop 3 0 1
Tile:7 8 6 0
Tile:5_flip 8 7 1
Malus 0 0 0
Map 12 7 1
Drop 1 0 0
Map 12 5 1
Drop 1 0 0
Drop 3 0 1
Tile:8 7 5 0
Malus 0 0 1
Drop 2 0 0
Map 12 3 1
Bonus 0 0 0
Destroy 8 6 1
Tile:7 8 5 0
Drop 3 0 1
Tile:5 7 4 0
Drop 5 0 1
Tile:9_flip 8 6 0
Drop 5 0 1
Tile:8 5 4 0
Drop 2 0 1
Tile:0 8 4 0
Drop 4 0 1
Tile:8 9 4 0
Drop 4 0 1
Tile:0 10 4 0
Drop 4 0 1
Tile:9_flip 11 4 0
Map 12 7 1
Tile:7_flip 11 5 0
Drop 0 0 1
Tile:5_flip 12 6 0
Drop 4 0 1
Tile:8 13 5 0
Map 12 7 1
Tile:7_flip 13 6 0
Drop 4 0 1
Tile:7_flip 9 5 0
Drop 2 0 1
Destroy 11 5 0
Drop 0 0 1
Destroy 12 6 0
Drop 0 0 1
Drop 0 0 0
Drop 1 0 1
Drop 0 0 0
Drop 0 0 1
GAMEOVER DRAW
# Game ended: Sat Apr 11 21:00:29 EDT 2020
