# Server version 0.08 running on 192.168.2.221:8123
# Game ID: 1297
# Board class: Saboteur.SaboteurBoard
# Timeout: 2000
# First Move Timeout: 30000
# Date: Sat Apr 11 21:45:22 EDT 2020
# Player 1: Player-0, '260729564', running on 127.0.0.1
# Player 2: Player-1, 'RandomPlayer', running on 127.0.0.1
START Player-0 260729564
START Player-1 RandomPlayer
BoardInit:Tile:14,Tile:15,Tile:6,Tile:1,Tile:12,Tile:9,Tile:5,Tile:13,Tile:5,Tile:5,Tile:9,Map,Tile:2,Tile:0,Tile:7,Tile:8,Bonus,Tile:10,Malus,Tile:6,Tile:10,Map,Tile:6,Tile:9,Tile:3,Map,Map,Bonus,Map,Malus,Tile:7,Tile:7,Tile:4,Tile:8,Bonus,Destroy,Tile:0,Tile:9,Destroy,Tile:8,Tile:0-Tile:6,Tile:5,Tile:9,Tile:11,Map,Destroy,Tile:8-Tile:8,Tile:7,Tile:6,Tile:0,Tile:10,Tile:7,Bonus-Tile:hidden2,Tile:nugget,Tile:hidden1
Tile:11 5 4 1
Tile:8 6 5 0
Tile:9_flip 5 3 1
Tile:7 7 5 0
Tile:8 6 6 1
Tile:6 7 6 0
Tile:6_flip 8 6 1
Tile:7 9 6 0
Tile:6_flip 4 3 1
Tile:10 9 7 0
Tile:5_flip 8 7 1
Tile:5 7 7 0
Map 12 3 1
Map 12 3 0
Tile:5_flip 6 7 1
Tile:9 9 8 0
Tile:7_flip 9 9 1
Tile:8 10 8 0
Tile:5 10 7 1
Tile:0 11 7 0
Tile:9_flip 10 9 1
Tile:6_flip 12 6 0
Destroy 8 7 1
Map 12 5 0
Tile:14_flip 5 2 1
Tile:9_flip 13 6 0
Tile:2 6 4 1
Tile:10 13 5 0
Tile:10 12 8 1
Tile:0 11 6 0
Tile:6 10 10 1
Malus 0 0 0
Map 12 3 1
GAMEOVER TIMEOUT WINNER 1
# Game ended: Sat Apr 11 21:45:29 EDT 2020
