# Server version 0.08 running on 192.168.2.221:8123
# Game ID: 1110
# Board class: Saboteur.SaboteurBoard
# Timeout: 2000
# First Move Timeout: 30000
# Date: Sat Apr 11 21:33:32 EDT 2020
# Player 1: Player-0, 'RandomPlayer', running on 127.0.0.1
# Player 2: Player-1, '260729564', running on 127.0.0.1
START Player-0 RandomPlayer
START Player-1 260729564
BoardInit:Tile:15,Tile:9,Malus,Tile:6,Tile:11,Tile:5,Tile:7,Tile:8,Tile:6,Tile:0,Tile:0,Tile:8,Destroy,Tile:7,Map,Map,Tile:6,Tile:10,Tile:5,Tile:7,Tile:2,Tile:9,Tile:4,Map,Tile:0,Tile:7,Tile:1,Tile:10,Malus,Tile:8,Tile:5,Tile:9,Tile:8,Map,Tile:13,Tile:6,Bonus,Destroy,Tile:12,Tile:9,Tile:8-Bonus,Tile:7,Tile:5,Map,Destroy,Bonus,Tile:14-Tile:9,Tile:3,Tile:10,Tile:6,Bonus,Tile:0,Map-Tile:hidden2,Tile:nugget,Tile:hidden1
Map 12 3 1
Tile:10 5 4 0
Tile:7 6 5 1
Map 12 5 0
Malus 0 0 1
Drop 4 0 0
Tile:5 5 3 1
Drop 3 0 0
Tile:7_flip 6 6 1
Drop 1 0 0
Tile:6 7 6 1
Drop 4 0 0
Tile:0 8 6 1
Drop 0 0 0
Drop 2 0 1
Drop 0 0 0
Map 12 5 1
Map 12 7 0
Tile:6 9 6 1
Drop 3 0 0
Tile:5_flip 10 6 1
Drop 2 0 0
Drop 2 0 1
Drop 0 0 0
Drop 2 0 1
Drop 4 0 0
Tile:0 6 3 1
Drop 3 0 0
Drop 2 0 1
Drop 4 0 0
Malus 0 0 1
Drop 0 0 0
Tile:5 10 5 1
Drop 6 0 0
Tile:8 11 5 1
GAMEOVER WINNER 1
# Game ended: Sat Apr 11 21:33:32 EDT 2020
