# Server version 0.08 running on 192.168.2.221:8123
# Game ID: 988
# Board class: Saboteur.SaboteurBoard
# Timeout: 2000
# First Move Timeout: 30000
# Date: Sat Apr 11 21:23:37 EDT 2020
# Player 1: Player-0, 'RandomPlayer', running on 127.0.0.1
# Player 2: Player-1, '260729564', running on 127.0.0.1
START Player-0 RandomPlayer
START Player-1 260729564
BoardInit:Tile:13,Tile:4,Tile:7,Tile:0,Tile:7,Tile:8,Tile:2,Tile:6,Bonus,Tile:7,Tile:1,Tile:6,Tile:0,Tile:8,Tile:6,Map,Map,Tile:10,Tile:9,Tile:12,Tile:14,Tile:9,Bonus,Map,Bonus,Tile:8,Tile:7,Tile:10,Destroy,Tile:5,Tile:15,Tile:3,Tile:6,Tile:0,Tile:5,Malus,Destroy,Tile:10,Bonus,Tile:9,Tile:8-Tile:9,Destroy,Tile:5,Map,Tile:8,Malus,Tile:9-Tile:0,Tile:7,Tile:5,Tile:6,Tile:11,Map,Map-Tile:hidden2,Tile:nugget,Tile:hidden1
Map 12 3 1
Tile:6 5 6 0
Malus 0 0 1
Drop 2 0 0
Tile:8 6 6 1
Drop 1 0 0
Tile:9_flip 7 6 1
Drop 1 0 0
Tile:9 7 5 1
Drop 1 0 0
Tile:5_flip 8 5 1
Drop 1 0 0
Tile:7_flip 7 7 1
Drop 0 0 0
Tile:0 8 7 1
Drop 0 0 0
Tile:6 9 7 1
Map 12 7 0
Map 12 5 1
Drop 3 0 0
Tile:9_flip 10 7 1
Drop 2 0 0
Tile:7_flip 10 8 1
Drop 0 0 0
Drop 1 0 1
Drop 4 0 0
Drop 1 0 1
Drop 3 0 0
Tile:7 11 8 1
Drop 4 0 0
Drop 2 0 1
Drop 0 0 0
Drop 2 0 1
Drop 6 0 0
Tile:6_flip 10 6 1
Drop 3 0 0
Tile:5_flip 11 6 1
Drop 4 0 0
Drop 2 0 1
Drop 0 0 0
Drop 2 0 1
Drop 4 0 0
Tile:8 11 5 1
GAMEOVER WINNER 1
# Game ended: Sat Apr 11 21:23:37 EDT 2020
