# Server version 0.08 running on 192.168.2.221:8123
# Game ID: 607
# Board class: Saboteur.SaboteurBoard
# Timeout: 2000
# First Move Timeout: 30000
# Date: Sat Apr 11 20:58:31 EDT 2020
# Player 1: Player-0, '260729564', running on 127.0.0.1
# Player 2: Player-1, 'RandomPlayer', running on 127.0.0.1
START Player-0 260729564
START Player-1 RandomPlayer
BoardInit:Tile:9,Tile:15,Tile:10,Malus,Bonus,Map,Tile:8,Map,Bonus,Tile:7,Tile:7,Destroy,Tile:10,Tile:9,Tile:0,Tile:8,Bonus,Tile:5,Tile:8,Tile:12,Tile:2,Map,Tile:5,Tile:9,Tile:10,Tile:5,Map,Tile:8,Tile:7,Tile:5,Tile:13,Tile:8,Map,Tile:9,Tile:0,Destroy,Tile:0,Tile:6,Tile:7,Tile:14,Tile:0-Bonus,Tile:7,Tile:9,Malus,Tile:6,Tile:4,Tile:1-Tile:11,Destroy,Tile:3,Tile:6,Tile:6,Tile:6,Map-Tile:hidden2,Tile:hidden1,Tile:nugget
Drop 3 0 1
Map 12 3 0
Tile:9_flip 6 5 1
Tile:6 6 6 0
Tile:9_flip 7 6 1
Malus 0 0 0
Drop 5 0 1
Map 12 5 0
Drop 0 0 1
Tile:6 7 7 0
Drop 4 0 1
Tile:6 8 7 0
Bonus 0 0 1
Tile:7 9 7 0
Tile:6_flip 6 7 1
Tile:9 9 8 0
Tile:10 7 5 1
Tile:8 10 8 0
Tile:7 11 8 1
Tile:5 10 7 0
Tile:4 7 4 1
Drop 0 0 0
Tile:7_flip 9 9 1
Drop 1 0 0
Drop 5 0 1
Tile:9_flip 6 8 0
Tile:10 6 4 1
Tile:5_flip 11 7 0
Tile:8 6 3 1
Tile:8 11 6 0
Tile:1 4 5 1
Tile:5_flip 12 6 0
Tile:8 11 9 1
GAMEOVER TIMEOUT WINNER 1
# Game ended: Sat Apr 11 20:58:36 EDT 2020
