# Server version 0.08 running on 192.168.2.221:8123
# Game ID: 329
# Board class: Saboteur.SaboteurBoard
# Timeout: 2000
# First Move Timeout: 30000
# Date: Sat Apr 11 20:19:15 EDT 2020
# Player 1: Player-0, '260729564', running on 127.0.0.1
# Player 2: Player-1, 'RandomPlayer', running on 127.0.0.1
START Player-0 260729564
START Player-1 RandomPlayer
BoardInit:Map,Tile:11,Tile:7,Tile:7,Map,Tile:6,Tile:7,Tile:9,Tile:8,Tile:15,Map,Map,Tile:6,Tile:7,Tile:7,Tile:10,Tile:6,Tile:8,Map,Tile:2,Tile:12,Tile:10,Destroy,Tile:4,Destroy,Malus,Tile:3,Tile:0,Tile:10,Tile:9,Tile:5,Tile:8,Tile:0,Tile:9,Tile:6,Destroy,Tile:9,Tile:8,Tile:13,Tile:0,Tile:14-Tile:0,Map,Bonus,Bonus,Tile:5,Tile:5,Tile:9-Bonus,Tile:6,Bonus,Tile:8,Tile:5,Tile:1,Malus-Tile:hidden2,Tile:nugget,Tile:hidden1
Map 12 3 1
Malus 0 0 0
Drop 1 0 1
Tile:8 6 5 0
Map 12 5 1
Tile:6 7 5 0
Drop 2 0 1
Tile:6 8 5 0
Map 12 5 1
Tile:9_flip 9 5 0
Bonus 0 0 1
Tile:5 9 4 0
Tile:5 4 5 1
Map 12 3 0
Map 12 5 1
Tile:7 10 4 0
Tile:9 10 5 1
Tile:10 10 6 0
Tile:7 11 5 1
Tile:7_flip 11 6 0
Tile:8 7 4 1
Tile:8 12 6 0
GAMEOVER WINNER 0
# Game ended: Sat Apr 11 20:19:16 EDT 2020
