# Server version 0.08 running on 192.168.2.221:8123
# Game ID: 1385
# Board class: Saboteur.SaboteurBoard
# Timeout: 2000
# First Move Timeout: 30000
# Date: Sat Apr 11 22:04:10 EDT 2020
# Player 1: Player-0, '260729564', running on 127.0.0.1
# Player 2: Player-1, 'RandomPlayer', running on 127.0.0.1
START Player-0 260729564
START Player-1 RandomPlayer
BoardInit:Tile:0,Tile:5,Malus,Bonus,Tile:6,Tile:1,Tile:9,Tile:3,Tile:10,Map,Destroy,Bonus,Tile:10,Map,Map,Tile:0,Tile:6,Tile:13,Tile:15,Tile:5,Tile:9,Tile:12,Map,Bonus,Bonus,Tile:9,Tile:2,Tile:0,Tile:6,Tile:5,Tile:8,Tile:7,Map,Malus,Destroy,Tile:8,Tile:9,Tile:7,Tile:6,Tile:7,Tile:0-Destroy,Tile:9,Tile:7,Tile:8,Tile:6,Tile:5,Tile:10-Tile:11,Tile:8,Tile:14,Map,Tile:8,Tile:4,Tile:7-Tile:hidden2,Tile:nugget,Tile:hidden1
Tile:6_flip 4 5 1
Map 12 3 0
Tile:8 6 5 1
Tile:8 7 5 0
Tile:5 5 4 1
Tile:8 8 5 0
Tile:10 6 6 1
Tile:7 9 5 0
Tile:9 8 6 1
Tile:5 8 4 0
Destroy 8 5 1
Map 12 5 0
Tile:6 6 7 1
Drop 0 0 0
Tile:10 7 4 1
Drop 0 0 0
Tile:10 7 3 1
Tile:0 7 7 0
Tile:6 9 4 1
Drop 0 0 0
Tile:7 7 2 1
Tile:5 5 7 0
Destroy 8 6 1
Drop 1 0 0
Tile:9_flip 9 6 1
Drop 1 0 0
Tile:9 8 6 1
Tile:9_flip 8 7 0
Tile:15 9 7 1
Tile:0 6 2 0
Tile:2_flip 3 5 1
Tile:5 5 2 0
Tile:0 2 5 1
Tile:7_flip 8 8 0
Drop 0 0 1
Malus 0 0 0
Map 12 7 1
Tile:8 8 5 0
Drop 2 0 1
Tile:7 10 4 0
Map 12 7 1
Tile:7_flip 10 5 0
Destroy 4 5 1
Drop 1 0 0
Drop 4 0 1
Drop 1 0 0
Drop 0 0 1
Drop 1 0 0
Map 12 7 1
Drop 1 0 0
Drop 0 0 1
Drop 1 0 0
Drop 1 0 1
Drop 0 0 0
Drop 0 0 1
GAMEOVER DRAW
# Game ended: Sat Apr 11 22:04:10 EDT 2020
