# Server version 0.08 running on 192.168.2.221:8123
# Game ID: 648
# Board class: Saboteur.SaboteurBoard
# Timeout: 2000
# First Move Timeout: 30000
# Date: Sat Apr 11 21:01:07 EDT 2020
# Player 1: Player-0, 'RandomPlayer', running on 127.0.0.1
# Player 2: Player-1, '260729564', running on 127.0.0.1
START Player-0 RandomPlayer
START Player-1 260729564
BoardInit:Map,Tile:6,Tile:5,Tile:9,Tile:8,Tile:13,Tile:0,Tile:12,Map,Bonus,Tile:8,Map,Tile:0,Map,Malus,Tile:3,Bonus,Tile:1,Tile:0,Tile:7,Tile:15,Tile:0,Tile:10,Tile:7,Tile:7,Tile:9,Tile:6,Tile:4,Tile:6,Tile:8,Tile:9,Tile:9,Tile:14,Tile:7,Tile:10,Map,Tile:5,Destroy,Tile:10,Map,Tile:9-Tile:6,Tile:2,Destroy,Bonus,Tile:5,Tile:5,Tile:8-Destroy,Tile:8,Tile:6,Tile:11,Bonus,Malus,Tile:7-Tile:hidden1,Tile:hidden2,Tile:nugget
Tile:8 6 5 1
Tile:7 7 5 0
Map 12 3 1
Tile:6 6 6 0
Tile:6 7 6 1
Tile:11 5 6 0
Tile:8 8 6 1
Drop 6 0 0
Tile:0 9 6 1
Tile:6_flip 4 5 0
Map 12 5 1
Destroy 4 5 0
Tile:8 10 6 1
Tile:9 5 4 0
Tile:0 11 6 1
Tile:12 12 6 0
Malus 0 0 1
Map 12 5 0
Tile:5 10 5 1
Drop 1 0 0
Tile:0 11 5 1
Drop 6 0 0
Tile:5_flip 13 5 1
Bonus 0 0 0
Tile:10 13 4 1
Tile:8 4 5 0
GAMEOVER TIMEOUT WINNER 0
# Game ended: Sat Apr 11 21:01:12 EDT 2020
