# Server version 0.08 running on 192.168.2.221:8123
# Game ID: 1096
# Board class: Saboteur.SaboteurBoard
# Timeout: 2000
# First Move Timeout: 30000
# Date: Sat Apr 11 21:33:07 EDT 2020
# Player 1: Player-0, 'RandomPlayer', running on 127.0.0.1
# Player 2: Player-1, '260729564', running on 127.0.0.1
START Player-0 RandomPlayer
START Player-1 260729564
BoardInit:Malus,Destroy,Tile:5,Bonus,Tile:3,Tile:7,Tile:0,Tile:13,Tile:5,Map,Tile:15,Tile:4,Tile:8,Tile:8,Tile:6,Bonus,Tile:10,Tile:8,Tile:9,Map,Tile:7,Bonus,Tile:14,Map,Tile:6,Bonus,Tile:1,Tile:6,Map,Tile:0,Tile:10,Tile:10,Tile:0,Tile:11,Tile:0,Tile:9,Tile:7,Tile:7,Tile:5,Tile:7,Tile:6-Tile:9,Destroy,Tile:8,Tile:5,Destroy,Tile:8,Tile:6-Tile:9,Malus,Map,Map,Tile:2,Tile:12,Tile:9-Tile:hidden2,Tile:hidden1,Tile:nugget
Tile:8 6 5 1
Tile:9_flip 6 6 0
Malus 0 0 1
Map 12 5 0
Tile:8 7 5 1
Destroy 6 6 0
Tile:6 8 5 1
Map 12 3 0
Tile:0 9 5 1
Drop 0 0 0
Tile:9_flip 10 5 1
Drop 1 0 0
Tile:5 10 4 1
Drop 6 0 0
Tile:8 11 4 1
Map 12 5 0
Tile:6 12 4 1
Drop 6 0 0
Tile:10 12 2 1
Drop 3 0 0
Tile:9_flip 13 4 1
Map 12 7 0
Tile:7_flip 13 5 1
Drop 5 0 0
Tile:5 11 3 1
Drop 5 0 0
Tile:6_flip 13 3 1
Map 12 7 0
Tile:5 8 4 1
Drop 2 0 0
Map 12 5 1
Drop 1 0 0
Tile:10 12 1 1
Drop 4 0 0
Destroy 11 3 1
Drop 0 0 0
Destroy 12 2 1
Drop 4 0 0
Tile:7_flip 11 5 1
Drop 0 0 0
Tile:5_flip 12 6 1
Drop 4 0 0
Tile:6_flip 11 6 1
Bonus 0 0 0
Drop 0 0 1
Tile:8 4 5 0
Drop 0 0 1
Tile:7_flip 10 6 0
Drop 0 0 1
Tile:7_flip 4 6 0
Drop 0 0 1
Tile:11 11 3 0
Drop 0 0 1
Drop 0 0 0
Tile:0 3 5 1
GAMEOVER DRAW
# Game ended: Sat Apr 11 21:33:08 EDT 2020
