# Server version 0.08 running on 192.168.2.221:8123
# Game ID: 1316
# Board class: Saboteur.SaboteurBoard
# Timeout: 2000
# First Move Timeout: 30000
# Date: Sat Apr 11 21:57:06 EDT 2020
# Player 1: Player-0, 'RandomPlayer', running on 127.0.0.1
# Player 2: Player-1, '260729564', running on 127.0.0.1
START Player-0 RandomPlayer
START Player-1 260729564
BoardInit:Tile:9,Bonus,Tile:8,Tile:7,Malus,Tile:8,Tile:0,Malus,Tile:8,Tile:10,Bonus,Tile:9,Tile:8,Tile:4,Tile:8,Tile:7,Tile:9,Map,Tile:5,Tile:11,Tile:6,Tile:10,Map,Tile:5,Tile:5,Map,Tile:2,Tile:0,Tile:7,Destroy,Bonus,Bonus,Tile:7,Tile:0,Tile:9,Tile:15,Destroy,Tile:7,Tile:1,Tile:6,Tile:3-Tile:6,Tile:12,Tile:6,Tile:14,Map,Tile:9,Tile:5-Map,Tile:10,Tile:6,Destroy,Tile:13,Map,Tile:0-Tile:nugget,Tile:hidden2,Tile:hidden1
Map 12 3 1
Tile:6 4 5 0
Tile:9 5 4 1
Tile:0 6 4 0
Tile:8 7 4 1
Map 12 5 0
Malus 0 0 1
Destroy 5 4 0
Tile:9 5 4 1
Drop 6 0 0
Tile:8 8 4 1
Drop 1 0 0
Tile:6 9 4 1
Drop 6 0 0
Tile:8 10 4 1
Map 12 7 0
Tile:6 11 4 1
Drop 1 0 0
Tile:9_flip 12 4 1
GAMEOVER WINNER 1
# Game ended: Sat Apr 11 21:57:07 EDT 2020
