# Server version 0.08 running on 192.168.2.221:8123
# Game ID: 381
# Board class: Saboteur.SaboteurBoard
# Timeout: 2000
# First Move Timeout: 30000
# Date: Sat Apr 11 20:32:13 EDT 2020
# Player 1: Player-0, '260729564', running on 127.0.0.1
# Player 2: Player-1, 'RandomPlayer', running on 127.0.0.1
START Player-0 260729564
START Player-1 RandomPlayer
BoardInit:Tile:0,Tile:0,Destroy,Tile:8,Destroy,Bonus,Map,Tile:5,Tile:5,Tile:2,Tile:6,Bonus,Tile:14,Tile:15,Bonus,Tile:6,Tile:8,Tile:5,Map,Tile:10,Bonus,Tile:6,Tile:6,Map,Map,Tile:8,Tile:8,Tile:10,Tile:7,Tile:3,Tile:0,Tile:1,Tile:11,Tile:7,Map,Tile:9,Tile:4,Tile:9,Tile:9,Tile:6,Tile:5-Tile:7,Tile:9,Destroy,Tile:7,Malus,Tile:8,Tile:12-Tile:9,Tile:7,Tile:13,Malus,Tile:0,Tile:10,Map-Tile:hidden2,Tile:nugget,Tile:hidden1
Drop 3 0 1
Map 12 3 0
Tile:9_flip 5 6 1
Malus 0 0 0
Drop 2 0 1
Tile:8 6 5 0
Drop 1 0 1
Tile:0 7 5 0
Drop 3 0 1
Tile:0 8 5 0
Destroy 7 5 1
Tile:7_flip 6 6 0
Drop 0 0 1
Tile:5_flip 7 6 0
Map 12 7 1
Tile:9 6 4 0
Drop 5 0 1
Tile:6 7 4 0
Destroy 6 4 1
Tile:5 6 4 0
Drop 6 0 1
Tile:10 7 3 0
Drop 5 0 1
Tile:6 8 4 0
Drop 0 0 1
Map 12 5 0
Map 12 7 1
Tile:8 9 4 0
Drop 2 0 1
Tile:10 9 3 0
Drop 4 0 1
Tile:10 9 2 0
Drop 6 0 1
Drop 0 0 0
Drop 4 0 1
Tile:7 10 4 0
Drop 0 0 1
Tile:9 10 5 0
Map 12 5 1
Tile:9 10 6 0
Drop 4 0 1
Tile:6 11 6 0
Bonus 0 0 1
Drop 1 0 0
Tile:5 7 2 1
Drop 1 0 0
Tile:7_flip 10 7 1
Drop 1 0 0
Tile:4 8 3 1
Drop 1 0 0
Tile:9_flip 11 5 1
Drop 1 0 0
Tile:5_flip 12 6 1
GAMEOVER WINNER 1
# Game ended: Sat Apr 11 20:32:14 EDT 2020
