# Server version 0.08 running on 192.168.2.221:8123
# Game ID: 90
# Board class: Saboteur.SaboteurBoard
# Timeout: 2000
# First Move Timeout: 30000
# Date: Sat Apr 11 16:17:12 EDT 2020
# Player 1: Player-0, 'RandomPlayer', running on 127.0.0.1
# Player 2: Player-1, '260729564', running on 127.0.0.1
START Player-0 RandomPlayer
START Player-1 260729564
BoardInit:Tile:6,Tile:10,Tile:7,Tile:0,Tile:10,Bonus,Tile:9,Tile:2,Map,Map,Tile:1,Tile:7,Destroy,Tile:5,Bonus,Map,Tile:8,Tile:15,Bonus,Tile:7,Bonus,Tile:11,Tile:3,Tile:12,Map,Malus,Tile:7,Tile:8,Tile:8,Tile:6,Tile:8,Malus,Tile:10,Tile:0,Tile:6,Map,Destroy,Map,Tile:6,Tile:5,Tile:5-Tile:0,Tile:9,Tile:8,Tile:14,Tile:9,Tile:4,Tile:9-Tile:0,Tile:5,Tile:7,Destroy,Tile:6,Tile:13,Tile:9-Tile:hidden1,Tile:nugget,Tile:hidden2
Tile:8 6 5 1
Tile:9_flip 5 4 0
Tile:9_flip 7 5 1
Destroy 5 4 0
Tile:6_flip 7 4 1
Tile:5_flip 5 6 0
Tile:7 8 4 1
Tile:7_flip 7 6 0
Tile:9_flip 8 6 1
Tile:2 4 6 0
Map 12 3 1
Tile:10 8 5 0
Tile:9 8 7 1
Tile:13 6 4 0
Tile:9_flip 9 7 1
Tile:5 6 3 0
Tile:10 9 6 1
Map 12 7 0
Tile:8 9 8 1
Tile:6_flip 10 8 0
Tile:0 11 8 1
Tile:7_flip 9 9 0
Drop 0 0 1
Tile:0 7 3 0
Drop 0 0 1
Tile:15 9 5 0
Map 12 5 1
Tile:0 4 5 0
Tile:7 12 8 1
Tile:11_flip 12 9 0
Tile:8 10 9 1
Tile:8 3 6 0
Tile:8 8 8 1
Map 12 7 0
Tile:10 9 4 1
Tile:7_flip 12 10 0
GAMEOVER TIMEOUT WINNER 0
# Game ended: Sat Apr 11 16:17:17 EDT 2020
