# Server version 0.08 running on 192.168.2.221:8123
# Game ID: 38
# Board class: Saboteur.SaboteurBoard
# Timeout: 2000
# First Move Timeout: 30000
# Date: Sat Apr 11 16:04:38 EDT 2020
# Player 1: Player-0, 'RandomPlayer', running on 127.0.0.1
# Player 2: Player-1, '260729564', running on 127.0.0.1
START Player-0 RandomPlayer
START Player-1 260729564
BoardInit:Tile:5,Tile:4,Destroy,Map,Tile:6,Tile:0,Tile:0,Tile:0,Tile:9,Tile:12,Tile:7,Tile:15,Tile:6,Tile:11,Tile:9,Tile:8,Tile:8,Map,Tile:0,Map,Destroy,Tile:3,Tile:6,Bonus,Tile:5,Tile:9,Tile:6,Tile:7,Tile:9,Tile:6,Malus,Bonus,Map,Tile:14,Map,Tile:8,Tile:8,Map,Bonus,Tile:7,Tile:10-Tile:1,Destroy,Malus,Tile:10,Bonus,Tile:2,Tile:13-Tile:5,Tile:5,Tile:7,Tile:9,Tile:8,Tile:10,Tile:7-Tile:hidden1,Tile:hidden2,Tile:nugget
Tile:2_flip 5 6 1
Tile:7 6 5 0
Tile:10 5 4 1
Tile:5_flip 6 6 0
Tile:5 5 3 1
Map 12 5 0
Tile:6 6 3 1
Tile:7_flip 4 5 0
Tile:0 7 3 1
Tile:10 4 4 0
Tile:9_flip 8 3 1
Drop 1 0 0
Tile:7_flip 8 4 1
Tile:5 4 6 0
Tile:6 9 4 1
Drop 2 0 0
Tile:9_flip 10 4 1
Drop 5 0 0
Tile:8 6 2 1
Tile:8 4 7 0
Tile:0 7 2 1
Tile:0 5 7 0
Drop 0 0 1
Tile:3 4 3 0
Tile:6 10 5 1
Tile:8 6 1 0
Drop 1 0 1
Tile:15 10 3 0
Tile:6 11 5 1
Tile:9 12 6 0
GAMEOVER WINNER 0
# Game ended: Sat Apr 11 16:04:38 EDT 2020
