# Server version 0.08 running on 192.168.2.221:8123
# Game ID: 965
# Board class: Saboteur.SaboteurBoard
# Timeout: 2000
# First Move Timeout: 30000
# Date: Sat Apr 11 21:22:31 EDT 2020
# Player 1: Player-0, '260729564', running on 127.0.0.1
# Player 2: Player-1, 'RandomPlayer', running on 127.0.0.1
START Player-0 260729564
START Player-1 RandomPlayer
BoardInit:Tile:8,Destroy,Tile:7,Tile:10,Map,Destroy,Tile:5,Tile:10,Destroy,Tile:9,Tile:8,Tile:0,Tile:8,Tile:6,Malus,Tile:0,Map,Tile:8,Tile:1,Map,Malus,Tile:9,Tile:7,Tile:5,Tile:7,Tile:15,Bonus,Map,Tile:3,Tile:0,Tile:4,Tile:11,Tile:9,Tile:8,Tile:6,Tile:6,Bonus,Tile:6,Tile:9,Tile:7,Bonus-Tile:13,Bonus,Tile:6,Tile:9,Tile:5,Tile:0,Tile:7-Map,Tile:14,Map,Tile:12,Tile:2,Tile:5,Tile:10-Tile:nugget,Tile:hidden2,Tile:hidden1
Tile:5_flip 6 5 1
Map 12 3 0
Tile:9 5 6 1
Tile:10 6 4 0
Tile:0 6 6 1
Tile:5_flip 7 6 0
Tile:13 5 7 1
Tile:10 7 5 0
Tile:5 7 4 1
Tile:10 6 3 0
Drop 3 0 1
Tile:9_flip 8 4 0
Tile:7 6 7 1
Drop 0 0 0
Tile:7_flip 5 8 1
Tile:6_flip 8 3 0
Destroy 6 5 1
Tile:0 9 3 0
Drop 3 0 1
Tile:8 10 3 0
Tile:8 10 4 1
Tile:0 11 4 0
Tile:6 11 3 1
GAMEOVER WINNER 1
# Game ended: Sat Apr 11 21:22:31 EDT 2020
