# Server version 0.08 running on 192.168.2.221:8123
# Game ID: 1235
# Board class: Saboteur.SaboteurBoard
# Timeout: 2000
# First Move Timeout: 30000
# Date: Sat Apr 11 21:40:31 EDT 2020
# Player 1: Player-0, '260729564', running on 127.0.0.1
# Player 2: Player-1, 'RandomPlayer', running on 127.0.0.1
START Player-0 260729564
START Player-1 RandomPlayer
BoardInit:Tile:5,Tile:15,Tile:10,Bonus,Tile:8,Tile:13,Tile:6,Malus,Tile:7,Map,Tile:8,Tile:9,Tile:14,Bonus,Map,Tile:6,Tile:10,Tile:9,Tile:9,Tile:9,Tile:6,Tile:0,Tile:9,Tile:5,Tile:4,Map,Map,Tile:7,Tile:7,Map,Tile:0,Tile:1,Tile:3,Bonus,Tile:8,Tile:10,Map,Tile:7,Tile:0,Tile:12,Tile:11-Tile:8,Destroy,Destroy,Tile:5,Tile:6,Tile:6,Tile:7-Bonus,Tile:5,Tile:8,Malus,Tile:0,Destroy,Tile:2-Tile:hidden2,Tile:hidden1,Tile:nugget
Tile:7 5 4 1
Malus 0 0 0
Destroy 5 4 1
Tile:8 6 5 0
Drop 4 0 1
Tile:0 7 5 0
Drop 5 0 1
Tile:5_flip 8 5 0
Destroy 7 5 1
Malus 0 0 0
Drop 4 0 1
Map 12 3 0
Drop 0 0 1
Tile:9 6 4 0
Drop 0 0 1
Drop 2 0 0
Map 12 7 1
Tile:6 7 4 0
Drop 3 0 1
Tile:9_flip 8 4 0
Drop 2 0 1
Tile:9 8 3 0
Drop 0 0 1
Tile:0 9 3 0
Drop 2 0 1
Tile:5_flip 10 3 0
Drop 0 0 1
Map 12 5 0
Drop 4 0 1
Tile:7_flip 6 6 0
Map 12 3 1
Drop 2 0 0
Drop 6 0 1
Drop 2 0 0
Drop 3 0 1
Drop 2 0 0
Drop 3 0 1
Tile:10 10 2 0
Map 12 5 1
Tile:7 7 6 0
Drop 2 0 1
Drop 2 0 0
Drop 0 0 1
Drop 2 0 0
Drop 4 0 1
Drop 2 0 0
Drop 2 0 1
Drop 2 0 0
Drop 0 0 1
Drop 2 0 0
Drop 0 0 1
Destroy 6 6 0
Drop 1 0 1
Drop 0 0 0
Drop 0 0 1
GAMEOVER DRAW
# Game ended: Sat Apr 11 21:40:31 EDT 2020
