# Server version 0.08 running on 192.168.2.221:8123
# Game ID: 1424
# Board class: Saboteur.SaboteurBoard
# Timeout: 2000
# First Move Timeout: 30000
# Date: Sat Apr 11 22:06:02 EDT 2020
# Player 1: Player-0, 'RandomPlayer', running on 127.0.0.1
# Player 2: Player-1, '260729564', running on 127.0.0.1
START Player-0 RandomPlayer
START Player-1 260729564
BoardInit:Tile:6,Tile:7,Map,Tile:0,Tile:8,Destroy,Tile:1,Tile:0,Tile:7,Tile:6,Tile:0,Tile:6,Map,Bonus,Tile:15,Tile:8,Tile:10,Tile:5,Tile:7,Tile:13,Tile:14,Malus,Tile:8,Tile:9,Tile:9,Tile:6,Tile:4,Tile:10,Map,Map,Tile:0,Tile:8,Tile:7,Tile:9,Tile:11,Tile:8,Tile:7,Map,Tile:2,Bonus,Tile:5-Tile:6,Destroy,Tile:12,Bonus,Tile:3,Tile:10,Tile:5-Map,Bonus,Destroy,Tile:5,Tile:9,Tile:9,Malus-Tile:nugget,Tile:hidden1,Tile:hidden2
Tile:5_flip 6 5 1
Tile:9 4 5 0
Tile:10 6 4 1
Tile:9_flip 6 3 0
Map 12 3 1
Tile:5_flip 5 6 0
Tile:8 6 2 1
Destroy 6 4 0
Tile:6_flip 5 4 1
Drop 0 0 0
Tile:6 5 3 1
Tile:7_flip 4 3 0
Drop 1 0 1
Drop 4 0 0
Drop 2 0 1
Drop 2 0 0
Drop 2 0 1
Destroy 6 5 0
Tile:0 6 5 1
Tile:5 6 1 0
Tile:7 7 5 1
Tile:6_flip 7 1 0
Tile:10 7 6 1
Tile:6 7 7 0
Tile:8 8 7 1
Drop 2 0 0
Tile:9 8 6 1
Tile:6 7 2 0
Tile:7 9 6 1
Tile:9_flip 9 7 0
Drop 2 0 1
Tile:8 5 2 0
Tile:0 6 7 1
Tile:8 9 8 0
Drop 2 0 1
Tile:9 8 5 0
Tile:7 10 8 1
Tile:13 10 9 0
Tile:7_flip 9 9 1
Map 12 5 0
Drop 2 0 1
Tile:8 10 10 0
Tile:5 8 4 1
Map 12 7 0
Drop 2 0 1
Drop 3 0 0
Drop 2 0 1
Drop 2 0 0
Drop 2 0 1
Malus 0 0 0
Bonus 0 0 1
Drop 0 0 0
Drop 1 0 1
Drop 0 0 0
Destroy 10 8 1
GAMEOVER DRAW
# Game ended: Sat Apr 11 22:06:03 EDT 2020
