# Server version 0.08 running on 192.168.2.221:8123
# Game ID: 1126
# Board class: Saboteur.SaboteurBoard
# Timeout: 2000
# First Move Timeout: 30000
# Date: Sat Apr 11 21:34:16 EDT 2020
# Player 1: Player-0, 'RandomPlayer', running on 127.0.0.1
# Player 2: Player-1, '260729564', running on 127.0.0.1
START Player-0 RandomPlayer
START Player-1 260729564
BoardInit:Map,Tile:0,Tile:15,Destroy,Tile:8,Tile:7,Bonus,Tile:6,Malus,Tile:5,Tile:11,Tile:7,Tile:8,Tile:7,Tile:0,Destroy,Tile:6,Map,Bonus,Tile:5,Tile:7,Tile:6,Tile:9,Tile:10,Tile:7,Tile:10,Tile:8,Map,Map,Bonus,Map,Tile:4,Tile:5,Tile:2,Tile:9,Tile:6,Tile:0,Destroy,Tile:12,Tile:9,Map-Bonus,Tile:5,Tile:6,Tile:8,Tile:13,Tile:8,Malus-Tile:3,Tile:9,Tile:10,Tile:9,Tile:0,Tile:14,Tile:1-Tile:hidden1,Tile:nugget,Tile:hidden2
Malus 0 0 1
Drop 3 0 0
Map 12 3 1
Drop 1 0 0
Tile:8 6 5 1
Drop 4 0 0
Tile:8 7 5 1
Drop 5 0 0
Tile:8 8 5 1
Drop 1 0 0
Malus 0 0 1
Drop 4 0 0
Tile:6 9 5 1
Drop 0 0 0
Tile:8 10 5 1
Drop 0 0 0
Tile:0 11 5 1
GAMEOVER WINNER 1
# Game ended: Sat Apr 11 21:34:16 EDT 2020
