# Server version 0.08 running on 192.168.2.221:8123
# Game ID: 1092
# Board class: Saboteur.SaboteurBoard
# Timeout: 2000
# First Move Timeout: 30000
# Date: Sat Apr 11 21:33:00 EDT 2020
# Player 1: Player-0, 'RandomPlayer', running on 127.0.0.1
# Player 2: Player-1, '260729564', running on 127.0.0.1
START Player-0 RandomPlayer
START Player-1 260729564
BoardInit:Tile:7,Destroy,Tile:11,Tile:3,Map,Malus,Tile:5,Tile:6,Tile:6,Tile:5,Tile:10,Tile:0,Tile:7,Tile:7,Tile:0,Map,Tile:12,Bonus,Map,Tile:9,Tile:8,Tile:10,Tile:8,Malus,Tile:15,Tile:0,Tile:6,Bonus,Tile:4,Bonus,Tile:7,Tile:6,Tile:10,Tile:0,Map,Tile:9,Tile:5,Tile:9,Tile:5,Tile:7,Destroy-Tile:9,Tile:2,Tile:13,Tile:8,Tile:14,Tile:9,Tile:6-Tile:1,Destroy,Bonus,Map,Map,Tile:8,Tile:8-Tile:hidden1,Tile:hidden2,Tile:nugget
Tile:8 6 5 1
Drop 3 0 0
Tile:6 7 5 1
Tile:1 4 5 0
Tile:9_flip 8 5 1
Tile:8 6 6 0
Map 12 3 1
Tile:8 7 4 0
Tile:7_flip 8 6 1
Tile:6 5 6 0
Tile:6 9 6 1
Tile:5 5 4 0
Tile:9_flip 10 6 1
Tile:3 8 4 0
Tile:10 10 5 1
Destroy 4 5 0
Tile:5 10 4 1
Drop 0 0 0
Tile:0 11 4 1
Destroy 10 5 0
Map 12 5 1
Tile:9 9 5 0
Tile:8 10 7 1
Map 12 7 0
Tile:8 11 7 1
GAMEOVER WINNER 1
# Game ended: Sat Apr 11 21:33:00 EDT 2020
