# Server version 0.08 running on 192.168.2.221:8123
# Game ID: 296
# Board class: Saboteur.SaboteurBoard
# Timeout: 2000
# First Move Timeout: 30000
# Date: Sat Apr 11 20:17:10 EDT 2020
# Player 1: Player-0, 'RandomPlayer', running on 127.0.0.1
# Player 2: Player-1, '260729564', running on 127.0.0.1
START Player-0 RandomPlayer
START Player-1 260729564
BoardInit:Tile:7,Tile:2,Map,Tile:1,Tile:8,Tile:10,Tile:6,Tile:6,Tile:9,Map,Bonus,Map,Map,Bonus,Tile:8,Destroy,Tile:8,Destroy,Tile:8,Tile:9,Destroy,Tile:0,Tile:7,Tile:6,Tile:14,Tile:7,Tile:10,Tile:5,Tile:9,Tile:12,Map,Tile:3,Tile:8,Map,Tile:9,Tile:5,Bonus,Tile:5,Tile:4,Malus,Tile:5-Tile:15,Tile:11,Tile:7,Tile:0,Bonus,Tile:6,Tile:7-Tile:0,Tile:13,Malus,Tile:6,Tile:9,Tile:0,Tile:10-Tile:nugget,Tile:hidden2,Tile:hidden1
Tile:0 6 5 1
Tile:6_flip 5 4 0
Tile:6 7 5 1
Drop 1 0 0
Map 12 3 1
Tile:9_flip 7 4 0
Tile:8 8 5 1
Tile:10 5 6 0
Tile:6 9 5 1
Tile:2_flip 5 7 0
Tile:9_flip 10 5 1
Drop 1 0 0
Tile:7_flip 10 6 1
Tile:1 4 4 0
Drop 0 0 1
Tile:10 9 4 0
Tile:8 11 6 1
Tile:0 3 4 0
Tile:8 12 6 1
Tile:0 4 5 0
Tile:8 12 4 1
GAMEOVER WINNER 1
# Game ended: Sat Apr 11 20:17:11 EDT 2020
