# Server version 0.08 running on 192.168.2.221:8123
# Game ID: 729
# Board class: Saboteur.SaboteurBoard
# Timeout: 2000
# First Move Timeout: 30000
# Date: Sat Apr 11 21:07:58 EDT 2020
# Player 1: Player-0, '260729564', running on 127.0.0.1
# Player 2: Player-1, 'RandomPlayer', running on 127.0.0.1
START Player-0 260729564
START Player-1 RandomPlayer
BoardInit:Tile:9,Tile:6,Tile:14,Tile:5,Bonus,Tile:1,Tile:8,Malus,Tile:7,Map,Map,Tile:5,Tile:4,Tile:3,Tile:5,Destroy,Bonus,Map,Tile:7,Tile:0,Tile:8,Tile:2,Tile:9,Tile:15,Tile:12,Tile:10,Tile:9,Map,Tile:13,Map,Destroy,Map,Tile:10,Malus,Tile:6,Tile:8,Tile:8,Tile:6,Bonus,Tile:10,Tile:9-Tile:0,Tile:0,Tile:7,Tile:9,Tile:7,Destroy,Tile:0-Tile:11,Tile:7,Tile:5,Bonus,Tile:8,Tile:6,Tile:6-Tile:hidden2,Tile:nugget,Tile:hidden1
Tile:7_flip 4 5 1
Tile:8 6 5 0
Tile:9_flip 6 4 1
Tile:6 7 5 0
Drop 1 0 1
Tile:6 8 5 0
Tile:9 6 3 1
Tile:6 9 5 0
Tile:8 7 3 1
Malus 0 0 0
Destroy 6 3 1
Map 12 3 0
Drop 6 0 1
Tile:7 10 5 0
Drop 5 0 1
Tile:5 9 4 0
Drop 1 0 1
Tile:5_flip 10 4 0
Drop 2 0 1
Map 12 5 0
Drop 4 0 1
Tile:5 10 3 0
Drop 5 0 1
Tile:0 11 3 0
Drop 0 0 1
Drop 0 0 0
Drop 5 0 1
Tile:10 12 4 0
GAMEOVER WINNER 0
# Game ended: Sat Apr 11 21:07:58 EDT 2020
