# Server version 0.08 running on 192.168.2.221:8123
# Game ID: 750
# Board class: Saboteur.SaboteurBoard
# Timeout: 2000
# First Move Timeout: 30000
# Date: Sat Apr 11 21:08:53 EDT 2020
# Player 1: Player-0, 'RandomPlayer', running on 127.0.0.1
# Player 2: Player-1, '260729564', running on 127.0.0.1
START Player-0 RandomPlayer
START Player-1 260729564
BoardInit:Tile:14,Tile:6,Tile:5,Tile:7,Tile:9,Destroy,Map,Tile:3,Bonus,Tile:9,Tile:9,Tile:13,Tile:7,Map,Tile:4,Tile:7,Bonus,Tile:10,Tile:6,Tile:6,Tile:11,Tile:5,Tile:0,Malus,Tile:9,Tile:0,Malus,Tile:6,Map,Tile:2,Tile:8,Tile:12,Tile:8,Tile:5,Bonus,Tile:7,Tile:8,Tile:0,Tile:7,Tile:15,Tile:0-Bonus,Tile:10,Tile:6,Tile:8,Map,Destroy,Map-Destroy,Tile:8,Tile:1,Tile:5,Map,Tile:9,Tile:10-Tile:hidden2,Tile:nugget,Tile:hidden1
Map 12 3 1
Drop 3 0 0
Map 12 5 1
Tile:8 5 4 0
Tile:8 6 4 1
Map 12 7 0
Tile:6 7 4 1
Tile:6_flip 7 3 0
Tile:5_flip 8 4 1
Tile:9 6 3 0
Tile:9_flip 8 3 1
Destroy 7 3 0
Tile:10 8 2 1
Tile:9 8 1 0
Tile:9_flip 9 1 1
Map 12 7 0
Tile:7_flip 9 2 1
Tile:3 9 0 0
Drop 2 0 1
Tile:13 10 2 0
Tile:6_flip 8 0 1
Tile:10 6 2 0
Drop 2 0 1
Tile:6_flip 7 0 0
Tile:0 6 0 1
Tile:7_flip 4 5 0
Tile:9 10 1 1
Destroy 7 0 0
Malus 0 0 1
Drop 6 0 0
Drop 2 0 1
Drop 1 0 0
Tile:8 7 3 1
Drop 4 0 0
Tile:8 6 5 1
Drop 0 0 0
Drop 2 0 1
Drop 4 0 0
Tile:8 6 6 1
Drop 0 0 0
Tile:7 7 6 1
Drop 4 0 0
Tile:0 7 5 1
Malus 0 0 0
Bonus 0 0 1
Drop 3 0 0
Drop 2 0 1
Drop 0 0 0
Drop 2 0 1
Drop 2 0 0
Drop 2 0 1
Drop 0 0 0
Destroy 6 3 1
Drop 0 0 0
Drop 0 0 1
GAMEOVER DRAW
# Game ended: Sat Apr 11 21:08:54 EDT 2020
