# Server version 0.08 running on 192.168.2.221:8123
# Game ID: 685
# Board class: Saboteur.SaboteurBoard
# Timeout: 2000
# First Move Timeout: 30000
# Date: Sat Apr 11 21:06:04 EDT 2020
# Player 1: Player-0, '260729564', running on 127.0.0.1
# Player 2: Player-1, 'RandomPlayer', running on 127.0.0.1
START Player-0 260729564
START Player-1 RandomPlayer
BoardInit:Map,Tile:6,Tile:9,Tile:10,Malus,Bonus,Destroy,Tile:6,Tile:10,Map,Tile:9,Tile:7,Map,Tile:8,Tile:10,Tile:5,Tile:7,Bonus,Tile:7,Tile:9,Tile:15,Tile:0,Bonus,Tile:8,Tile:13,Tile:8,Tile:0,Tile:7,Tile:5,Tile:11,Tile:9,Malus,Tile:14,Tile:2,Tile:5,Destroy,Tile:3,Tile:0,Tile:9,Tile:1,Map-Tile:12,Tile:8,Map,Map,Tile:8,Tile:5,Tile:6-Tile:4,Tile:0,Tile:6,Bonus,Tile:7,Tile:6,Destroy-Tile:hidden2,Tile:hidden1,Tile:nugget
Tile:5_flip 6 5 1
Tile:6_flip 6 4 0
Tile:8 4 5 1
Tile:7 7 4 0
Drop 1 0 1
Tile:10 7 5 0
Tile:6 7 6 1
Tile:6 8 6 0
Destroy 7 6 1
Tile:6 7 6 0
Tile:9 4 6 1
Map 12 3 0
Drop 0 0 1
Tile:6 9 6 0
Tile:9 3 5 1
Tile:8 10 6 0
Tile:8 5 6 1
Tile:0 11 6 0
Tile:10 4 7 1
Tile:7 12 6 0
GAMEOVER WINNER 0
# Game ended: Sat Apr 11 21:06:05 EDT 2020
