# Server version 0.08 running on 192.168.2.221:8123
# Game ID: 126
# Board class: Saboteur.SaboteurBoard
# Timeout: 2000
# First Move Timeout: 30000
# Date: Sat Apr 11 16:20:15 EDT 2020
# Player 1: Player-0, 'RandomPlayer', running on 127.0.0.1
# Player 2: Player-1, '260729564', running on 127.0.0.1
START Player-0 RandomPlayer
START Player-1 260729564
BoardInit:Tile:6,Destroy,Tile:7,Tile:5,Tile:6,Tile:0,Tile:11,Tile:7,Tile:0,Tile:9,Tile:4,Bonus,Bonus,Tile:2,Tile:13,Tile:1,Bonus,Map,Tile:8,Bonus,Tile:9,Malus,Map,Tile:7,Tile:7,Tile:9,Tile:8,Tile:5,Tile:15,Tile:0,Tile:6,Tile:8,Map,Tile:10,Tile:7,Map,Tile:6,Tile:14,Tile:10,Destroy,Tile:12-Tile:10,Map,Malus,Tile:0,Tile:9,Tile:9,Tile:6-Tile:8,Destroy,Map,Tile:5,Tile:5,Tile:3,Tile:8-Tile:nugget,Tile:hidden2,Tile:hidden1
Map 12 3 1
Tile:5_flip 6 5 0
Malus 0 0 1
Drop 1 0 0
Tile:6_flip 6 4 1
Drop 6 0 0
Tile:6 7 4 1
Drop 1 0 0
Tile:0 8 4 1
Destroy 7 4 0
Tile:6 7 4 1
Drop 4 0 0
Tile:0 9 4 1
Bonus 0 0 0
Tile:9_flip 10 4 1
Tile:9 5 4 0
Tile:10 10 3 1
Tile:3_flip 10 5 0
Tile:9 10 2 1
Tile:1 4 5 0
Tile:8 11 2 1
Tile:5_flip 12 2 0
Tile:9 11 3 1
GAMEOVER WINNER 1
# Game ended: Sat Apr 11 16:20:15 EDT 2020
