# Server version 0.08 running on 192.168.2.221:8123
# Game ID: 856
# Board class: Saboteur.SaboteurBoard
# Timeout: 2000
# First Move Timeout: 30000
# Date: Sat Apr 11 21:16:04 EDT 2020
# Player 1: Player-0, 'RandomPlayer', running on 127.0.0.1
# Player 2: Player-1, '260729564', running on 127.0.0.1
START Player-0 RandomPlayer
START Player-1 260729564
BoardInit:Map,Map,Tile:6,Destroy,Tile:2,Map,Tile:10,Tile:1,Tile:7,Bonus,Bonus,Tile:5,Tile:7,Tile:5,Tile:14,Tile:12,Tile:0,Tile:4,Tile:8,Tile:10,Tile:7,Tile:5,Tile:6,Tile:0,Tile:7,Destroy,Tile:13,Tile:11,Tile:9,Tile:8,Tile:0,Tile:8,Tile:10,Tile:7,Tile:3,Tile:9,Tile:0,Bonus,Bonus,Tile:9,Tile:6-Map,Tile:15,Tile:8,Tile:9,Map,Tile:9,Tile:6-Tile:5,Malus,Tile:8,Map,Destroy,Tile:6,Malus-Tile:nugget,Tile:hidden1,Tile:hidden2
Map 12 3 1
Tile:5_flip 5 6 0
Tile:8 5 4 1
Tile:6_flip 6 4 0
Tile:6 7 4 1
Drop 4 0 0
Tile:6 8 4 1
Destroy 8 4 0
Tile:9_flip 8 4 1
Map 12 5 0
Tile:9 8 3 1
Drop 1 0 0
Tile:7 9 3 1
Map 12 3 0
Tile:10 9 4 1
Tile:5_flip 9 5 0
Tile:7_flip 8 5 1
Tile:12_flip 4 6 0
Drop 0 0 1
Destroy 5 4 0
Tile:8 5 4 1
Drop 4 0 0
Drop 0 0 1
Tile:4 5 3 0
Tile:6_flip 8 2 1
Tile:1 9 2 0
Tile:0 7 2 1
Destroy 5 4 0
Drop 0 0 1
Tile:0 10 2 0
Tile:9_flip 6 5 1
Tile:8 5 4 0
Tile:0 6 2 1
Drop 6 0 0
Tile:7_flip 6 6 1
Tile:7_flip 4 5 0
Tile:7 7 6 1
Tile:11 7 7 0
Tile:0 5 2 1
Drop 3 0 0
Drop 0 0 1
Tile:5_flip 11 2 0
Drop 1 0 1
Drop 5 0 0
Drop 1 0 1
Tile:9_flip 7 8 0
Drop 2 0 1
Map 12 3 0
Drop 2 0 1
Malus 0 0 0
Bonus 0 0 1
Drop 0 0 0
Tile:6_flip 6 8 1
Drop 0 0 0
Tile:10 7 9 1
GAMEOVER DRAW
# Game ended: Sat Apr 11 21:16:05 EDT 2020
