# Server version 0.08 running on 192.168.2.221:8123
# Game ID: 861
# Board class: Saboteur.SaboteurBoard
# Timeout: 2000
# First Move Timeout: 30000
# Date: Sat Apr 11 21:17:48 EDT 2020
# Player 1: Player-0, '260729564', running on 127.0.0.1
# Player 2: Player-1, 'RandomPlayer', running on 127.0.0.1
START Player-0 260729564
START Player-1 RandomPlayer
BoardInit:Tile:8,Map,Bonus,Tile:13,Bonus,Tile:15,Bonus,Tile:14,Tile:5,Destroy,Tile:9,Destroy,Tile:6,Tile:6,Tile:10,Tile:5,Tile:0,Tile:12,Tile:8,Tile:6,Tile:8,Tile:4,Malus,Tile:0,Tile:7,Tile:9,Tile:5,Tile:7,Bonus,Tile:1,Tile:10,Map,Tile:6,Map,Tile:0,Tile:10,Tile:8,Tile:9,Tile:8,Tile:2,Tile:3-Tile:9,Tile:11,Tile:6,Map,Tile:0,Map,Tile:5-Map,Tile:7,Tile:7,Tile:9,Tile:7,Destroy,Malus-Tile:nugget,Tile:hidden1,Tile:hidden2
Tile:11_flip 5 4 1
Map 12 3 0
Tile:8 5 3 1
Malus 0 0 0
Drop 4 0 1
Tile:9_flip 6 5 0
Map 12 5 1
Tile:7_flip 6 6 0
Bonus 0 0 1
Tile:7 7 6 0
Tile:5_flip 7 7 1
Drop 2 0 0
Tile:5 6 4 1
Tile:7 7 4 0
Tile:6_flip 5 2 1
Tile:6 6 3 0
Tile:9_flip 5 6 1
Tile:5_flip 7 3 0
Tile:6_flip 4 3 1
Drop 1 0 0
Tile:0 4 5 1
Tile:6_flip 6 7 0
Tile:9_flip 6 2 1
Drop 1 0 0
Tile:8 3 5 1
Drop 1 0 0
Tile:7_flip 2 5 1
Tile:9 5 7 0
Drop 5 0 1
Tile:7_flip 7 5 0
Drop 3 0 1
Tile:0 8 5 0
Drop 1 0 1
Drop 3 0 0
Tile:6 3 6 1
Drop 3 0 0
Tile:10 7 2 1
Drop 3 0 0
Tile:0 4 2 1
Tile:9_flip 9 5 0
Tile:8 3 3 1
Tile:10 9 4 0
Tile:8 6 1 1
Drop 3 0 0
Tile:8 6 0 1
Drop 3 0 0
Tile:5 2 6 1
Drop 3 0 0
Tile:3_flip 4 4 1
Destroy 6 7 0
Tile:10 2 7 1
Destroy 6 5 0
Drop 1 0 1
Destroy 9 4 0
Drop 0 0 1
GAMEOVER DRAW
# Game ended: Sat Apr 11 21:17:48 EDT 2020
