# Server version 0.08 running on 192.168.2.221:8123
# Game ID: 1105
# Board class: Saboteur.SaboteurBoard
# Timeout: 2000
# First Move Timeout: 30000
# Date: Sat Apr 11 21:33:24 EDT 2020
# Player 1: Player-0, '260729564', running on 127.0.0.1
# Player 2: Player-1, 'RandomPlayer', running on 127.0.0.1
START Player-0 260729564
START Player-1 RandomPlayer
BoardInit:Tile:5,Tile:6,Map,Tile:3,Tile:9,Tile:6,Map,Malus,Tile:9,Tile:7,Tile:8,Tile:15,Tile:6,Tile:7,Map,Malus,Tile:8,Tile:10,Tile:0,Tile:7,Destroy,Bonus,Tile:13,Tile:4,Tile:6,Tile:8,Tile:9,Map,Tile:5,Tile:7,Tile:2,Tile:5,Bonus,Tile:7,Tile:0,Tile:6,Tile:0,Tile:9,Tile:14,Bonus,Map-Tile:5,Destroy,Tile:11,Tile:10,Tile:0,Tile:8,Tile:8-Tile:9,Tile:12,Tile:1,Map,Destroy,Tile:10,Bonus-Tile:nugget,Tile:hidden1,Tile:hidden2
Tile:5 4 5 1
Map 12 3 0
Tile:8 5 4 1
Tile:6 6 4 0
Drop 1 0 1
Tile:9_flip 7 4 0
Tile:0 6 5 1
Tile:6_flip 7 3 0
Tile:5_flip 7 5 1
Malus 0 0 0
Destroy 7 3 1
Tile:10 7 3 0
Drop 5 0 1
Tile:7_flip 5 6 0
Drop 2 0 1
Tile:7 6 6 0
Drop 0 0 1
Malus 0 0 0
Drop 1 0 1
Tile:10 7 2 0
Map 12 3 1
Tile:7_flip 6 7 0
Destroy 6 5 1
Drop 0 0 0
Drop 4 0 1
Drop 0 0 0
Drop 3 0 1
Tile:8 7 1 0
Drop 5 0 1
Drop 2 0 0
Drop 0 0 1
Tile:7 8 1 0
Drop 6 0 1
Tile:5 7 0 0
Drop 0 0 1
Tile:7_flip 8 2 0
Drop 4 0 1
Tile:6 9 2 0
Drop 0 0 1
Tile:9_flip 10 2 0
Drop 4 0 1
Drop 2 0 0
Map 12 7 1
Drop 2 0 0
Drop 4 0 1
Drop 2 0 0
Drop 3 0 1
Drop 2 0 0
Drop 0 0 1
Drop 2 0 0
Drop 0 0 1
Drop 0 0 0
Drop 1 0 1
Drop 0 0 0
Drop 0 0 1
GAMEOVER DRAW
# Game ended: Sat Apr 11 21:33:24 EDT 2020
