# Server version 0.08 running on 192.168.2.221:8123
# Game ID: 786
# Board class: Saboteur.SaboteurBoard
# Timeout: 2000
# First Move Timeout: 30000
# Date: Sat Apr 11 21:10:51 EDT 2020
# Player 1: Player-0, 'RandomPlayer', running on 127.0.0.1
# Player 2: Player-1, '260729564', running on 127.0.0.1
START Player-0 RandomPlayer
START Player-1 260729564
BoardInit:Tile:5,Tile:0,Tile:9,Bonus,Tile:5,Tile:5,Tile:0,Tile:9,Tile:6,Tile:8,Map,Tile:11,Destroy,Tile:9,Tile:8,Tile:6,Tile:7,Tile:9,Tile:6,Tile:14,Tile:1,Tile:3,Tile:6,Map,Tile:7,Tile:2,Tile:12,Destroy,Tile:13,Bonus,Tile:7,Map,Map,Tile:6,Tile:5,Tile:10,Tile:10,Malus,Destroy,Tile:0,Map-Bonus,Tile:0,Malus,Tile:10,Tile:9,Tile:15,Tile:8-Bonus,Tile:8,Map,Tile:7,Tile:8,Tile:7,Tile:4-Tile:hidden2,Tile:nugget,Tile:hidden1
Malus 0 0 1
Drop 4 0 0
Tile:8 6 5 1
Drop 5 0 0
Tile:9_flip 7 5 1
Drop 6 0 0
Tile:5 7 4 1
Drop 2 0 0
Tile:5_flip 8 4 1
Drop 5 0 0
Tile:6_flip 8 3 1
Bonus 0 0 0
Map 12 3 1
Tile:8 5 4 0
Tile:9_flip 9 3 1
Tile:7 9 2 0
Tile:8 7 6 1
Tile:9 5 6 0
Tile:10 9 4 1
Tile:8 8 6 0
Tile:0 9 6 1
Tile:6_flip 10 6 0
Tile:6 11 6 1
Tile:11 7 7 0
Tile:6_flip 12 6 1
Tile:9_flip 7 8 0
Tile:0 13 6 1
Tile:14 7 9 0
Tile:7 13 7 1
Destroy 12 6 0
Tile:7_flip 10 7 1
Tile:7 6 4 0
Tile:7_flip 9 5 1
Map 12 5 0
Map 12 5 1
Tile:3_flip 8 2 0
Tile:5 11 5 1
GAMEOVER WINNER 1
# Game ended: Sat Apr 11 21:10:52 EDT 2020
