# Server version 0.08 running on 192.168.2.221:8123
# Game ID: 811
# Board class: Saboteur.SaboteurBoard
# Timeout: 2000
# First Move Timeout: 30000
# Date: Sat Apr 11 21:13:13 EDT 2020
# Player 1: Player-0, '260729564', running on 127.0.0.1
# Player 2: Player-1, 'RandomPlayer', running on 127.0.0.1
START Player-0 260729564
START Player-1 RandomPlayer
BoardInit:Tile:0,Tile:6,Tile:9,Map,Tile:7,Tile:6,Tile:4,Tile:5,Destroy,Tile:11,Tile:10,Tile:6,Tile:5,Tile:6,Tile:8,Map,Tile:1,Tile:10,Tile:13,Map,Bonus,Bonus,Tile:2,Map,Tile:9,Tile:3,Tile:8,Bonus,Tile:7,Tile:9,Tile:5,Tile:9,Tile:12,Tile:8,Tile:8,Tile:10,Tile:7,Tile:6,Destroy,Tile:0,Malus-Malus,Tile:14,Map,Destroy,Tile:15,Tile:8,Map-Tile:5,Bonus,Tile:7,Tile:7,Tile:0,Tile:0,Tile:9-Tile:nugget,Tile:hidden1,Tile:hidden2
Tile:14_flip 4 5 1
Tile:9_flip 6 5 0
Tile:15 5 6 1
Tile:6_flip 6 4 0
Tile:9_flip 4 6 1
Map 12 3 0
Drop 2 0 1
Tile:0 7 4 0
Drop 0 0 1
Tile:0 8 4 0
Map 12 3 1
Tile:6 9 4 0
Tile:4_flip 5 7 1
Tile:6 10 4 0
Tile:7_flip 6 6 1
Tile:6 11 4 0
Tile:8 12 4 1
GAMEOVER WINNER 1
# Game ended: Sat Apr 11 21:13:13 EDT 2020
