# Server version 0.08 running on 192.168.2.221:8123
# Game ID: 342
# Board class: Saboteur.SaboteurBoard
# Timeout: 2000
# First Move Timeout: 30000
# Date: Sat Apr 11 20:20:02 EDT 2020
# Player 1: Player-0, 'RandomPlayer', running on 127.0.0.1
# Player 2: Player-1, '260729564', running on 127.0.0.1
START Player-0 RandomPlayer
START Player-1 260729564
BoardInit:Tile:8,Tile:7,Tile:9,Tile:5,Tile:9,Map,Tile:6,Tile:9,Tile:6,Bonus,Tile:10,Tile:2,Tile:10,Map,Tile:12,Tile:0,Tile:8,Bonus,Destroy,Tile:4,Tile:9,Tile:6,Map,Tile:15,Tile:0,Tile:1,Map,Tile:7,Tile:14,Tile:9,Map,Map,Tile:0,Tile:10,Tile:8,Tile:7,Tile:5,Tile:0,Tile:6,Bonus,Destroy-Tile:7,Tile:5,Destroy,Tile:6,Malus,Tile:3,Tile:8-Tile:11,Tile:13,Malus,Tile:7,Bonus,Tile:8,Tile:5-Tile:nugget,Tile:hidden2,Tile:hidden1
Malus 0 0 1
Drop 5 0 0
Tile:8 6 5 1
Malus 0 0 0
Drop 4 0 1
Drop 4 0 0
Drop 0 0 1
Drop 2 0 0
Drop 0 0 1
Map 12 5 0
Drop 0 0 1
Drop 4 0 0
Drop 0 0 1
Drop 3 0 0
Drop 0 0 1
Map 12 7 0
Drop 6 0 1
Drop 6 0 0
Drop 0 0 1
Drop 3 0 0
Drop 0 0 1
Bonus 0 0 0
Drop 0 0 1
Tile:11_flip 7 5 0
Drop 6 0 1
Tile:6 6 6 0
Drop 0 0 1
Drop 0 0 0
Drop 6 0 1
Tile:7 5 4 0
Drop 6 0 1
Tile:9_flip 7 6 0
Drop 6 0 1
Map 12 7 0
Drop 0 0 1
Tile:2_flip 7 7 0
Drop 0 0 1
Drop 3 0 0
Drop 0 0 1
Tile:4 7 4 0
Drop 0 0 1
Drop 1 0 0
Drop 0 0 1
Tile:1 4 5 0
Drop 0 0 1
Drop 3 0 0
Drop 0 0 1
Tile:7_flip 4 4 0
Drop 0 0 1
Tile:10 6 4 0
Drop 0 0 1
Drop 0 0 0
Drop 0 0 1
Drop 0 0 0
Drop 0 0 1
GAMEOVER DRAW
# Game ended: Sat Apr 11 20:20:02 EDT 2020
