# Server version 0.08 running on 192.168.2.221:8123
# Game ID: 1363
# Board class: Saboteur.SaboteurBoard
# Timeout: 2000
# First Move Timeout: 30000
# Date: Sat Apr 11 22:02:06 EDT 2020
# Player 1: Player-0, '260729564', running on 127.0.0.1
# Player 2: Player-1, 'RandomPlayer', running on 127.0.0.1
START Player-0 260729564
START Player-1 RandomPlayer
BoardInit:Tile:9,Tile:4,Tile:7,Tile:8,Tile:5,Bonus,Malus,Tile:9,Tile:0,Tile:0,Destroy,Tile:5,Tile:9,Tile:1,Tile:7,Map,Tile:8,Tile:3,Map,Tile:6,Malus,Tile:6,Tile:6,Tile:8,Tile:6,Map,Bonus,Tile:7,Tile:10,Tile:6,Tile:13,Tile:10,Bonus,Destroy,Tile:15,Tile:7,Tile:5,Tile:7,Destroy,Map,Tile:2-Tile:5,Tile:10,Map,Tile:9,Tile:8,Tile:8,Tile:0-Tile:14,Bonus,Tile:9,Tile:12,Map,Tile:11,Tile:0-Tile:hidden1,Tile:nugget,Tile:hidden2
Tile:8 5 4 1
Map 12 3 0
Drop 5 0 1
Tile:0 6 4 0
Tile:8 4 5 1
Tile:8 7 4 0
Tile:5_flip 7 5 1
Tile:9_flip 8 4 0
Tile:5 4 4 1
Tile:9 8 5 0
Tile:0 9 5 1
Tile:0 10 5 0
Drop 6 0 1
Tile:5_flip 11 5 0
Tile:9_flip 5 6 1
Drop 0 0 0
Tile:7_flip 8 6 1
Map 12 5 0
Tile:8 3 5 1
Drop 1 0 0
Tile:7_flip 3 6 1
Tile:6_flip 11 4 0
Tile:9 8 3 1
Tile:6 12 4 0
Drop 5 0 1
Tile:8 13 4 0
Tile:9 8 2 1
Drop 1 0 0
Tile:6_flip 13 3 1
Tile:7_flip 13 5 0
Tile:10 3 4 1
Tile:6_flip 12 2 0
Tile:6_flip 8 1 1
Tile:10 7 3 0
Tile:10 5 7 1
Destroy 11 5 0
Tile:15 7 2 1
Tile:7_flip 10 4 0
Tile:5_flip 11 5 1
GAMEOVER TIMEOUT WINNER 1
# Game ended: Sat Apr 11 22:02:13 EDT 2020
