# Server version 0.08 running on 192.168.2.221:8123
# Game ID: 935
# Board class: Saboteur.SaboteurBoard
# Timeout: 2000
# First Move Timeout: 30000
# Date: Sat Apr 11 21:21:19 EDT 2020
# Player 1: Player-0, '260729564', running on 127.0.0.1
# Player 2: Player-1, 'RandomPlayer', running on 127.0.0.1
START Player-0 260729564
START Player-1 RandomPlayer
BoardInit:Tile:13,Tile:10,Tile:4,Tile:10,Destroy,Tile:6,Tile:0,Tile:7,Tile:8,Tile:14,Bonus,Map,Tile:1,Tile:12,Tile:8,Malus,Bonus,Tile:0,Map,Tile:9,Tile:6,Tile:9,Tile:8,Bonus,Tile:7,Map,Map,Map,Tile:7,Destroy,Malus,Tile:6,Tile:3,Tile:7,Tile:9,Tile:2,Tile:0,Bonus,Tile:6,Tile:5,Tile:6-Tile:15,Tile:8,Tile:5,Tile:0,Tile:10,Tile:9,Map-Tile:7,Tile:8,Tile:11,Tile:5,Destroy,Tile:9,Tile:5-Tile:hidden1,Tile:hidden2,Tile:nugget
Tile:0 6 5 1
Tile:8 7 5 0
Tile:8 5 4 1
Tile:9_flip 8 5 0
Tile:9_flip 8 6 1
Tile:10 8 4 0
Map 12 5 1
Tile:6 7 6 0
Drop 0 0 1
Tile:10 7 4 0
Drop 1 0 1
Tile:5 8 3 0
Tile:0 9 3 1
Map 12 3 0
Tile:13 4 4 1
Tile:5_flip 10 3 0
Tile:1 6 6 1
Malus 0 0 0
Bonus 0 0 1
Tile:7_flip 8 7 0
Tile:8 4 5 1
Tile:9 10 2 0
Tile:5 5 3 1
Tile:9_flip 11 2 0
Tile:6 4 6 1
Tile:0 9 7 0
Drop 3 0 1
Map 12 5 0
Map 12 3 1
Tile:7_flip 11 3 0
Tile:7 11 1 1
Destroy 11 3 0
Tile:4 4 3 1
Tile:6 10 7 0
Tile:7 7 3 1
Tile:7_flip 11 3 0
Tile:9 12 4 1
Destroy 11 3 0
Tile:8 11 5 1
Drop 0 0 0
Drop 6 0 1
Tile:5_flip 11 7 0
Destroy 6 6 1
Drop 0 0 0
Tile:6 13 3 1
Drop 0 0 0
Tile:3 10 6 1
Drop 1 0 0
Tile:8 3 5 1
Drop 1 0 0
Drop 0 0 1
Drop 1 0 0
Tile:0 6 6 1
Drop 0 0 0
Malus 0 0 1
GAMEOVER DRAW
# Game ended: Sat Apr 11 21:21:20 EDT 2020
