# Server version 0.08 running on 192.168.2.221:8123
# Game ID: 998
# Board class: Saboteur.SaboteurBoard
# Timeout: 2000
# First Move Timeout: 30000
# Date: Sat Apr 11 21:24:07 EDT 2020
# Player 1: Player-0, 'RandomPlayer', running on 127.0.0.1
# Player 2: Player-1, '260729564', running on 127.0.0.1
START Player-0 RandomPlayer
START Player-1 260729564
BoardInit:Tile:10,Bonus,Tile:9,Destroy,Tile:5,Tile:9,Tile:4,Tile:9,Tile:15,Tile:5,Tile:6,Tile:12,Tile:14,Tile:6,Tile:7,Destroy,Map,Map,Tile:11,Tile:0,Map,Tile:7,Tile:3,Tile:8,Malus,Tile:8,Map,Tile:8,Map,Tile:6,Tile:7,Tile:0,Tile:7,Tile:10,Tile:9,Tile:10,Malus,Tile:1,Tile:5,Bonus,Map-Tile:6,Tile:13,Tile:8,Tile:9,Tile:7,Tile:5,Tile:2-Tile:0,Tile:0,Bonus,Bonus,Destroy,Tile:8,Tile:6-Tile:hidden2,Tile:hidden1,Tile:nugget
Tile:8 6 5 1
Tile:0 4 5 0
Tile:9_flip 7 5 1
Tile:8 6 6 0
Tile:10 7 4 1
Destroy 6 5 0
Tile:6_flip 6 5 1
Drop 2 0 0
Tile:9_flip 7 6 1
Tile:9_flip 7 3 0
Tile:7_flip 7 7 1
Tile:5_flip 6 7 0
Tile:6 8 7 1
Tile:9_flip 5 4 0
Tile:5 8 6 1
Tile:6 5 7 0
Tile:5_flip 9 6 1
Tile:0 4 4 0
Map 12 3 1
Drop 1 0 0
Tile:7 9 7 1
Destroy 9 6 0
Map 12 5 1
Tile:6 9 6 0
Drop 0 0 1
Tile:7 5 3 0
Malus 0 0 1
Bonus 0 0 0
Drop 0 0 1
Tile:0 4 3 0
Drop 0 0 1
Tile:6_flip 3 5 0
Tile:7 10 6 1
Destroy 4 3 0
Tile:7_flip 10 7 1
Tile:8 2 5 0
Tile:9 9 8 1
Tile:0 4 3 0
Malus 0 0 1
Map 12 5 0
Tile:5_flip 11 7 1
Drop 4 0 0
Drop 0 0 1
Bonus 0 0 0
Drop 0 0 1
Tile:1 3 4 0
Drop 0 0 1
Tile:10 11 6 0
Drop 0 0 1
Tile:8 5 6 0
Drop 0 0 1
Drop 0 0 0
Drop 0 0 1
Tile:8 2 4 0
Drop 0 0 1
GAMEOVER DRAW
# Game ended: Sat Apr 11 21:24:08 EDT 2020
