# Server version 0.08 running on 192.168.2.221:8123
# Game ID: 73
# Board class: Saboteur.SaboteurBoard
# Timeout: 2000
# First Move Timeout: 30000
# Date: Sat Apr 11 16:14:45 EDT 2020
# Player 1: Player-0, '260729564', running on 127.0.0.1
# Player 2: Player-1, 'RandomPlayer', running on 127.0.0.1
START Player-0 260729564
START Player-1 RandomPlayer
BoardInit:Tile:9,Map,Tile:4,Tile:12,Bonus,Destroy,Tile:6,Map,Tile:10,Tile:5,Tile:9,Tile:6,Tile:9,Tile:8,Tile:8,Tile:14,Destroy,Tile:15,Destroy,Map,Tile:11,Tile:7,Bonus,Tile:0,Tile:3,Tile:9,Tile:10,Bonus,Tile:6,Tile:8,Tile:0,Tile:5,Tile:8,Tile:13,Tile:7,Malus,Malus,Map,Tile:6,Map,Tile:0-Tile:8,Tile:5,Bonus,Tile:7,Tile:9,Tile:6,Tile:2-Tile:5,Tile:1,Tile:0,Tile:7,Map,Tile:10,Tile:7-Tile:hidden2,Tile:nugget,Tile:hidden1
Tile:7 6 5 1
Map 12 3 0
Tile:2 4 5 1
Map 12 5 0
Tile:6 3 5 1
Tile:10 6 6 0
Tile:9_flip 5 6 1
Tile:7_flip 6 7 0
Tile:6 4 6 1
Tile:0 7 7 0
Tile:5 3 4 1
Tile:5_flip 8 7 0
Tile:8 5 4 1
Tile:6_flip 8 6 0
Tile:9_flip 9 6 1
Tile:8 9 5 0
Tile:4 5 3 1
Tile:7 10 5 0
Tile:8 9 4 1
Tile:5_flip 10 4 0
Tile:9 10 6 1
Drop 0 0 0
Destroy 6 5 1
Tile:7 6 4 0
Tile:10 9 7 1
Drop 0 0 0
Destroy 3 4 1
Tile:9_flip 6 5 0
Tile:10 9 3 1
Tile:0 11 6 0
Tile:9 10 3 1
GAMEOVER TIMEOUT WINNER 1
# Game ended: Sat Apr 11 16:14:49 EDT 2020
