# Server version 0.08 running on 192.168.2.221:8123
# Game ID: 411
# Board class: Saboteur.SaboteurBoard
# Timeout: 2000
# First Move Timeout: 30000
# Date: Sat Apr 11 20:34:40 EDT 2020
# Player 1: Player-0, '260729564', running on 127.0.0.1
# Player 2: Player-1, 'RandomPlayer', running on 127.0.0.1
START Player-0 260729564
START Player-1 RandomPlayer
BoardInit:Tile:10,Tile:6,Tile:9,Tile:0,Tile:6,Tile:5,Tile:11,Tile:8,Malus,Tile:1,Tile:7,Bonus,Tile:5,Bonus,Malus,Tile:2,Tile:9,Tile:9,Tile:6,Tile:0,Tile:14,Tile:10,Tile:6,Tile:15,Destroy,Bonus,Tile:7,Tile:5,Tile:8,Destroy,Tile:8,Tile:0,Tile:7,Tile:13,Destroy,Tile:10,Bonus,Tile:7,Tile:5,Tile:3,Map-Tile:4,Map,Tile:9,Tile:7,Map,Map,Tile:9-Tile:8,Tile:6,Tile:12,Tile:8,Map,Tile:0,Map-Tile:nugget,Tile:hidden1,Tile:hidden2
Tile:9 5 6 1
Map 12 3 0
Map 12 3 1
Tile:8 5 4 0
Map 12 7 1
Tile:8 6 4 0
Tile:4 6 3 1
Tile:6 7 4 0
Drop 3 0 1
Tile:8 8 4 0
Tile:9_flip 6 5 1
Tile:0 9 4 0
Tile:9 8 5 1
Tile:6 10 4 0
Tile:11_flip 5 7 1
Tile:0 11 4 0
Tile:5_flip 5 8 1
Drop 0 0 0
Tile:7 12 4 1
Tile:9_flip 10 3 0
Tile:6 13 5 1
Tile:0 11 5 0
Tile:6_flip 4 4 1
Tile:10 13 4 0
Tile:6 9 3 1
Tile:5 13 3 0
Tile:14_flip 10 5 1
Drop 0 0 0
Tile:7 5 3 1
Tile:5_flip 12 6 0
Tile:8 8 6 1
Destroy 12 4 0
Tile:9_flip 8 7 1
Tile:0 9 6 0
Tile:7_flip 4 7 1
Drop 0 0 0
Destroy 8 7 1
Tile:10 10 2 0
Destroy 13 4 1
Tile:7 12 4 0
Drop 4 0 1
Drop 1 0 0
Tile:8 8 7 1
Drop 1 0 0
Tile:5 11 6 1
Drop 1 0 0
Malus 0 0 1
Bonus 0 0 0
Drop 3 0 1
Drop 1 0 0
Map 12 3 1
Drop 1 0 0
Malus 0 0 1
Bonus 0 0 0
Drop 0 0 1
GAMEOVER DRAW
# Game ended: Sat Apr 11 20:34:43 EDT 2020
