# Server version 0.08 running on 192.168.2.221:8123
# Game ID: 1109
# Board class: Saboteur.SaboteurBoard
# Timeout: 2000
# First Move Timeout: 30000
# Date: Sat Apr 11 21:33:30 EDT 2020
# Player 1: Player-0, '260729564', running on 127.0.0.1
# Player 2: Player-1, 'RandomPlayer', running on 127.0.0.1
START Player-0 260729564
START Player-1 RandomPlayer
BoardInit:Tile:10,Tile:8,Map,Bonus,Tile:7,Tile:8,Map,Map,Destroy,Bonus,Tile:0,Tile:7,Tile:6,Tile:9,Tile:6,Tile:4,Bonus,Tile:5,Tile:10,Tile:7,Tile:11,Tile:0,Bonus,Tile:6,Tile:6,Tile:14,Tile:0,Tile:12,Tile:9,Tile:1,Tile:13,Tile:10,Tile:5,Tile:5,Tile:7,Tile:3,Tile:0,Map,Tile:5,Malus,Tile:7-Map,Tile:2,Tile:9,Tile:8,Tile:8,Tile:9,Destroy-Destroy,Map,Malus,Tile:6,Tile:9,Tile:15,Tile:8-Tile:hidden2,Tile:nugget,Tile:hidden1
Tile:8 5 6 1
Map 12 3 0
Map 12 3 1
Malus 0 0 0
Map 12 5 1
Tile:8 6 6 0
Drop 5 0 1
Tile:8 7 6 0
Drop 1 0 1
Map 12 5 0
Destroy 6 6 1
Tile:8 6 6 0
Drop 5 0 1
Tile:9_flip 8 6 0
Map 12 7 1
Tile:9 8 5 0
Drop 5 0 1
Tile:6 9 5 0
Drop 3 0 1
Tile:7 10 5 0
Drop 2 0 1
Tile:7_flip 10 6 0
Drop 3 0 1
Tile:0 11 6 0
Drop 0 0 1
Tile:6 12 6 0
GAMEOVER WINNER 0
# Game ended: Sat Apr 11 21:33:31 EDT 2020
