# Server version 0.08 running on 192.168.2.221:8123
# Game ID: 360
# Board class: Saboteur.SaboteurBoard
# Timeout: 2000
# First Move Timeout: 30000
# Date: Sat Apr 11 20:30:58 EDT 2020
# Player 1: Player-0, 'RandomPlayer', running on 127.0.0.1
# Player 2: Player-1, '260729564', running on 127.0.0.1
START Player-0 RandomPlayer
START Player-1 260729564
BoardInit:Tile:0,Tile:10,Map,Tile:5,Tile:0,Bonus,Tile:2,Tile:9,Tile:0,Tile:8,Tile:13,Tile:6,Map,Tile:6,Tile:5,Destroy,Tile:7,Malus,Destroy,Tile:3,Tile:8,Malus,Destroy,Tile:14,Bonus,Tile:7,Tile:6,Tile:5,Tile:8,Tile:12,Tile:15,Map,Tile:10,Tile:1,Tile:9,Tile:4,Tile:6,Map,Tile:10,Tile:8,Tile:8-Tile:7,Tile:0,Tile:6,Tile:11,Bonus,Tile:9,Tile:7-Map,Tile:7,Map,Bonus,Tile:5,Tile:9,Tile:9-Tile:nugget,Tile:hidden1,Tile:hidden2
Tile:9_flip 6 5 1
Tile:7 6 4 0
Tile:6 6 6 1
Map 12 5 0
Map 12 3 1
Tile:5 5 4 0
Tile:0 7 6 1
Map 12 5 0
Tile:0 8 6 1
Tile:5 4 5 0
Tile:0 9 6 1
Drop 4 0 0
Tile:0 10 6 1
Tile:9 5 6 0
Drop 1 0 1
Tile:9 5 7 0
Tile:7 11 6 1
Tile:6 11 7 0
Tile:5 12 6 1
Drop 5 0 0
Tile:7 13 6 1
Tile:9_flip 4 6 0
Tile:8 13 7 1
Tile:10 5 8 0
Destroy 12 6 1
Drop 4 0 0
Drop 1 0 1
Tile:14 4 7 0
Drop 1 0 1
Tile:6 3 7 0
Tile:8 13 8 1
Tile:7_flip 12 8 0
Destroy 12 8 1
Map 12 5 0
Drop 1 0 1
Tile:1 2 7 0
Tile:9 12 6 1
Tile:5 12 4 0
Tile:7_flip 12 8 1
Drop 6 0 0
GAMEOVER TIMEOUT WINNER 0
# Game ended: Sat Apr 11 20:31:05 EDT 2020
