# Server version 0.08 running on 192.168.2.221:8123
# Game ID: 346
# Board class: Saboteur.SaboteurBoard
# Timeout: 2000
# First Move Timeout: 30000
# Date: Sat Apr 11 20:20:18 EDT 2020
# Player 1: Player-0, 'RandomPlayer', running on 127.0.0.1
# Player 2: Player-1, '260729564', running on 127.0.0.1
START Player-0 RandomPlayer
START Player-1 260729564
BoardInit:Tile:5,Tile:11,Map,Tile:5,Tile:9,Map,Tile:7,Tile:6,Tile:7,Destroy,Tile:5,Tile:4,Tile:9,Bonus,Bonus,Tile:10,Tile:0,Tile:7,Map,Map,Tile:6,Tile:7,Tile:0,Map,Tile:15,Tile:8,Tile:9,Tile:8,Bonus,Tile:10,Tile:13,Destroy,Malus,Tile:10,Tile:1,Tile:2,Tile:8,Tile:5,Tile:7,Tile:6,Tile:14-Tile:12,Tile:3,Tile:0,Malus,Bonus,Map,Tile:0-Tile:9,Tile:8,Tile:9,Destroy,Tile:8,Tile:6,Tile:6-Tile:hidden1,Tile:nugget,Tile:hidden2
Map 12 3 1
Tile:6 4 5 0
Malus 0 0 1
Drop 1 0 0
Map 12 5 1
Drop 4 0 0
Tile:9_flip 6 5 1
Destroy 6 5 0
Tile:0 6 5 1
Map 12 5 0
Tile:0 7 5 1
Drop 1 0 0
Tile:5_flip 8 5 1
Drop 6 0 0
Tile:9 8 4 1
Drop 2 0 0
Tile:7 9 4 1
Drop 5 0 0
Tile:7_flip 9 5 1
Drop 3 0 0
Tile:0 10 5 1
Destroy 9 5 0
Tile:6_flip 8 3 1
Map 12 7 0
Tile:0 9 3 1
Drop 4 0 0
Tile:5_flip 10 3 1
Drop 3 0 0
Tile:9 10 2 1
Drop 4 0 0
Drop 0 0 1
Drop 0 0 0
Drop 0 0 1
Destroy 10 2 0
Malus 0 0 1
Drop 3 0 0
Drop 1 0 1
Drop 3 0 0
Tile:8 10 2 1
Drop 6 0 0
Tile:7 11 2 1
Drop 2 0 0
Drop 1 0 1
Drop 1 0 0
Drop 1 0 1
Drop 3 0 0
Drop 1 0 1
Drop 0 0 0
Drop 1 0 1
Drop 2 0 0
Drop 1 0 1
Drop 0 0 0
Drop 1 0 1
Drop 0 0 0
Drop 0 0 1
GAMEOVER DRAW
# Game ended: Sat Apr 11 20:20:18 EDT 2020
