# Server version 0.08 running on 192.168.2.221:8123
# Game ID: 1174
# Board class: Saboteur.SaboteurBoard
# Timeout: 2000
# First Move Timeout: 30000
# Date: Sat Apr 11 21:37:07 EDT 2020
# Player 1: Player-0, 'RandomPlayer', running on 127.0.0.1
# Player 2: Player-1, '260729564', running on 127.0.0.1
START Player-0 RandomPlayer
START Player-1 260729564
BoardInit:Destroy,Tile:13,Tile:14,Bonus,Tile:4,Tile:7,Tile:9,Tile:8,Tile:15,Tile:11,Tile:9,Tile:9,Destroy,Map,Map,Map,Tile:5,Tile:5,Tile:10,Tile:7,Tile:12,Tile:6,Tile:9,Tile:7,Tile:5,Tile:8,Bonus,Tile:9,Tile:0,Tile:8,Destroy,Tile:7,Tile:7,Map,Map,Tile:5,Malus,Tile:6,Tile:10,Bonus,Tile:10-Tile:0,Tile:1,Tile:2,Tile:8,Tile:0,Bonus,Map-Tile:8,Tile:0,Tile:3,Tile:6,Tile:6,Malus,Tile:6-Tile:hidden2,Tile:hidden1,Tile:nugget
Map 12 3 1
Tile:6 5 6 0
Tile:8 6 6 1
Tile:6_flip 4 5 0
Tile:0 7 6 1
Tile:13 6 7 0
Tile:0 8 6 1
Tile:8 6 5 0
Tile:9_flip 9 6 1
Tile:6 7 5 0
Drop 0 0 1
Drop 5 0 0
Tile:9 9 5 1
Tile:3 6 4 0
Drop 0 0 1
Tile:11 6 8 0
Map 12 5 1
Map 12 5 0
Tile:5_flip 10 5 1
Tile:5 10 4 0
Tile:10 9 7 1
Tile:9_flip 11 4 0
Drop 2 0 1
Tile:7 7 7 0
Tile:9_flip 9 8 1
Tile:6_flip 3 5 0
Tile:5_flip 8 5 1
Tile:8 9 9 0
Drop 2 0 1
Map 12 3 0
Tile:0 10 9 1
Tile:9 11 3 0
Destroy 11 3 1
Tile:7_flip 12 4 0
Tile:7_flip 11 5 1
Tile:7_flip 9 10 0
Destroy 11 5 1
Tile:7 12 2 0
Malus 0 0 1
Bonus 0 0 0
Tile:10 9 4 1
Tile:6_flip 9 3 0
Tile:10 8 4 1
Tile:5_flip 12 6 0
Destroy 12 4 1
Tile:8 4 6 0
Drop 1 0 1
Tile:0 5 7 0
Drop 1 0 1
Drop 1 0 0
Drop 1 0 1
Malus 0 0 0
Bonus 0 0 1
Drop 0 0 0
Drop 0 0 1
GAMEOVER DRAW
# Game ended: Sat Apr 11 21:37:08 EDT 2020
