# Server version 0.08 running on 192.168.2.221:8123
# Game ID: 1375
# Board class: Saboteur.SaboteurBoard
# Timeout: 2000
# First Move Timeout: 30000
# Date: Sat Apr 11 22:03:33 EDT 2020
# Player 1: Player-0, '260729564', running on 127.0.0.1
# Player 2: Player-1, 'RandomPlayer', running on 127.0.0.1
START Player-0 260729564
START Player-1 RandomPlayer
BoardInit:Tile:7,Tile:8,Tile:3,Tile:8,Tile:5,Bonus,Map,Destroy,Destroy,Tile:0,Tile:7,Tile:9,Tile:9,Tile:10,Tile:7,Malus,Tile:9,Tile:0,Tile:10,Tile:8,Tile:7,Bonus,Tile:9,Bonus,Tile:7,Tile:11,Map,Tile:4,Malus,Bonus,Tile:0,Tile:6,Map,Map,Tile:5,Tile:10,Tile:6,Tile:8,Tile:1,Map,Tile:2-Tile:6,Tile:15,Tile:6,Tile:14,Tile:8,Tile:5,Tile:6-Map,Tile:13,Destroy,Tile:12,Tile:9,Tile:5,Tile:0-Tile:nugget,Tile:hidden2,Tile:hidden1
Tile:6 4 5 1
Map 12 3 0
Drop 5 0 1
Tile:8 5 4 0
Tile:14_flip 4 4 1
Tile:8 6 4 0
Tile:5 6 3 1
Tile:0 7 4 0
Map 12 5 1
Tile:9_flip 8 4 0
Tile:7_flip 5 6 1
Tile:0 7 3 0
Tile:6 6 6 1
Tile:9_flip 8 3 0
Tile:15 5 3 1
Tile:10 8 2 0
Tile:9_flip 8 1 1
Malus 0 0 0
Destroy 8 1 1
Tile:0 7 6 0
Drop 2 0 1
Tile:8 8 1 0
Drop 0 0 1
Tile:5_flip 9 1 0
Drop 2 0 1
Drop 0 0 0
Drop 0 0 1
Drop 1 0 0
Drop 4 0 1
Drop 3 0 0
Drop 3 0 1
Drop 3 0 0
Malus 0 0 1
Bonus 0 0 0
Drop 4 0 1
Tile:6_flip 7 1 0
Drop 2 0 1
Tile:10 8 5 0
Map 12 5 1
Tile:8 9 0 0
Drop 2 0 1
Drop 2 0 0
Drop 0 0 1
Drop 2 0 0
Drop 4 0 1
Drop 3 0 0
Drop 2 0 1
Drop 3 0 0
Drop 0 0 1
Destroy 5 6 0
Drop 0 0 1
Destroy 7 6 0
Drop 1 0 1
Drop 0 0 0
Drop 0 0 1
GAMEOVER DRAW
# Game ended: Sat Apr 11 22:03:33 EDT 2020
