# Server version 0.08 running on 192.168.2.221:8123
# Game ID: 392
# Board class: Saboteur.SaboteurBoard
# Timeout: 2000
# First Move Timeout: 30000
# Date: Sat Apr 11 20:32:45 EDT 2020
# Player 1: Player-0, 'RandomPlayer', running on 127.0.0.1
# Player 2: Player-1, '260729564', running on 127.0.0.1
START Player-0 RandomPlayer
START Player-1 260729564
BoardInit:Malus,Tile:14,Tile:8,Tile:6,Tile:5,Tile:5,Tile:7,Tile:6,Tile:8,Tile:5,Bonus,Malus,Tile:9,Tile:7,Tile:10,Tile:0,Tile:10,Bonus,Tile:8,Tile:3,Map,Tile:15,Map,Tile:12,Tile:9,Tile:7,Tile:9,Tile:0,Tile:11,Tile:9,Tile:0,Tile:6,Tile:9,Tile:10,Tile:2,Map,Destroy,Tile:7,Tile:5,Tile:7,Destroy-Map,Tile:4,Tile:0,Tile:6,Destroy,Tile:8,Map-Tile:8,Bonus,Tile:1,Map,Tile:13,Bonus,Tile:6-Tile:hidden2,Tile:hidden1,Tile:nugget
Map 12 3 1
Tile:8 6 5 0
Map 12 5 1
Tile:13 7 5 0
Malus 0 0 1
Drop 6 0 0
Tile:8 6 6 1
Map 12 3 0
Tile:8 7 6 1
Drop 0 0 0
Tile:8 8 6 1
Bonus 0 0 0
Tile:0 9 6 1
Tile:5 7 4 0
Tile:9_flip 10 6 1
Drop 3 0 0
Tile:10 10 7 1
Tile:7_flip 5 6 0
Tile:10 10 8 1
Tile:6 8 7 0
Tile:8 10 5 1
Tile:3 6 4 0
Tile:6 11 5 1
Drop 1 0 0
Tile:5_flip 12 6 1
Drop 2 0 0
Tile:9_flip 6 7 1
Tile:5 12 4 0
Tile:9_flip 13 5 1
Tile:7 9 7 0
Tile:7_flip 13 6 1
Tile:12_flip 11 6 0
Tile:0 9 5 1
Tile:15 6 8 0
GAMEOVER TIMEOUT WINNER 0
# Game ended: Sat Apr 11 20:32:50 EDT 2020
