# Server version 0.08 running on 192.168.2.221:8123
# Game ID: 241
# Board class: Saboteur.SaboteurBoard
# Timeout: 2000
# First Move Timeout: 30000
# Date: Sat Apr 11 20:12:00 EDT 2020
# Player 1: Player-0, '260729564', running on 127.0.0.1
# Player 2: Player-1, 'RandomPlayer', running on 127.0.0.1
START Player-0 260729564
START Player-1 RandomPlayer
BoardInit:Tile:4,Tile:5,Bonus,Map,Map,Tile:6,Tile:8,Map,Tile:7,Tile:15,Tile:7,Tile:5,Tile:0,Tile:0,Tile:11,Tile:7,Tile:10,Map,Map,Tile:6,Tile:7,Tile:8,Tile:8,Tile:5,Bonus,Tile:12,Tile:2,Tile:7,Tile:9,Tile:14,Tile:6,Tile:9,Tile:9,Tile:5,Destroy,Destroy,Map,Tile:9,Tile:10,Malus,Malus-Destroy,Tile:8,Tile:0,Tile:9,Tile:6,Tile:6,Tile:3-Bonus,Bonus,Tile:13,Tile:8,Tile:1,Tile:10,Tile:0-Tile:hidden1,Tile:nugget,Tile:hidden2
Tile:9_flip 5 6 1
Tile:8 6 5 0
Tile:6_flip 5 4 1
Tile:0 7 5 0
Tile:6_flip 6 4 1
Map 12 3 0
Tile:4_flip 6 6 1
Tile:6 8 5 0
Tile:8 4 4 1
Map 12 5 0
Tile:8 4 6 1
Tile:5_flip 9 5 0
Tile:7 8 4 1
Tile:5 9 4 0
Drop 5 0 1
Tile:0 10 4 0
Tile:11_flip 11 4 1
Tile:10 5 7 0
Tile:0 7 4 1
Tile:7_flip 5 8 0
Tile:0 6 8 1
Tile:6 7 8 0
Tile:10 7 7 1
Tile:8 8 8 0
Tile:8 4 5 1
Tile:5 7 6 0
Destroy 8 4 1
Drop 1 0 0
Drop 4 0 1
Tile:7 8 6 0
Tile:2 3 5 1
Drop 1 0 0
Tile:3_flip 11 5 1
Tile:9_flip 8 4 0
Tile:9 8 7 1
Tile:5_flip 9 7 0
Tile:6 2 5 1
Destroy 11 5 0
Destroy 4 6 1
Tile:9 8 3 0
Drop 6 0 1
Malus 0 0 0
Drop 5 0 1
Drop 1 0 0
Drop 4 0 1
Drop 1 0 0
Map 12 7 1
Drop 1 0 0
Drop 2 0 1
Drop 1 0 0
Map 12 7 1
Drop 1 0 0
Drop 0 0 1
Drop 0 0 0
Malus 0 0 1
GAMEOVER DRAW
# Game ended: Sat Apr 11 20:12:01 EDT 2020
