# Server version 0.08 running on 192.168.2.221:8123
# Game ID: 1428
# Board class: Saboteur.SaboteurBoard
# Timeout: 2000
# First Move Timeout: 30000
# Date: Sat Apr 11 22:06:10 EDT 2020
# Player 1: Player-0, 'RandomPlayer', running on 127.0.0.1
# Player 2: Player-1, '260729564', running on 127.0.0.1
START Player-0 RandomPlayer
START Player-1 260729564
BoardInit:Tile:9,Tile:0,Tile:6,Bonus,Tile:8,Tile:7,Tile:11,Map,Tile:8,Tile:10,Tile:4,Tile:5,Tile:8,Tile:5,Bonus,Map,Malus,Bonus,Tile:0,Tile:6,Tile:9,Tile:3,Bonus,Tile:13,Destroy,Tile:10,Map,Tile:14,Tile:6,Map,Tile:15,Tile:0,Map,Tile:7,Tile:10,Tile:9,Destroy,Tile:9,Tile:8,Tile:6,Tile:7-Tile:12,Tile:7,Map,Tile:8,Tile:0,Tile:5,Tile:1-Malus,Tile:7,Tile:5,Tile:2,Destroy,Tile:6,Tile:9-Tile:hidden1,Tile:nugget,Tile:hidden2
Map 12 3 1
Tile:9 5 6 0
Tile:8 6 6 1
Drop 1 0 0
Tile:9_flip 7 6 1
Tile:2 7 5 0
Tile:8 7 7 1
Tile:6 8 7 0
Tile:0 9 7 1
Drop 2 0 0
Tile:8 10 7 1
Tile:7 5 4 0
Tile:6 11 7 1
Tile:5 12 6 0
Tile:8 13 6 1
Tile:10 7 8 0
Tile:5 13 5 1
Drop 0 0 0
Malus 0 0 1
Drop 1 0 0
Tile:7_flip 12 8 1
Drop 1 0 0
Tile:9_flip 13 7 1
Bonus 0 0 0
Drop 0 0 1
Tile:6 5 7 0
Destroy 12 8 1
Tile:10 8 6 0
Map 12 5 1
Drop 0 0 0
Tile:6 13 8 1
Map 12 3 0
Drop 0 0 1
Tile:5 4 4 0
Drop 0 0 1
Map 12 3 0
Tile:10 11 6 1
Tile:3_flip 4 5 0
Destroy 12 6 1
Tile:9_flip 10 6 0
Tile:8 11 5 1
GAMEOVER WINNER 1
# Game ended: Sat Apr 11 22:06:11 EDT 2020
