# Server version 0.08 running on 192.168.2.221:8123
# Game ID: 955
# Board class: Saboteur.SaboteurBoard
# Timeout: 2000
# First Move Timeout: 30000
# Date: Sat Apr 11 21:22:10 EDT 2020
# Player 1: Player-0, '260729564', running on 127.0.0.1
# Player 2: Player-1, 'RandomPlayer', running on 127.0.0.1
START Player-0 260729564
START Player-1 RandomPlayer
BoardInit:Tile:9,Tile:9,Tile:11,Tile:7,Tile:7,Tile:14,Tile:6,Map,Tile:6,Tile:8,Malus,Bonus,Bonus,Tile:10,Tile:8,Tile:0,Tile:10,Destroy,Tile:8,Tile:15,Tile:7,Tile:6,Tile:3,Tile:7,Destroy,Map,Tile:2,Tile:0,Tile:9,Destroy,Tile:7,Bonus,Map,Tile:13,Tile:5,Tile:12,Map,Tile:10,Malus,Tile:8,Tile:6-Map,Tile:5,Tile:5,Tile:1,Bonus,Tile:9,Tile:0-Tile:9,Map,Tile:5,Tile:4,Tile:8,Tile:0,Tile:6-Tile:hidden1,Tile:hidden2,Tile:nugget
Drop 3 0 1
Map 12 3 0
Tile:5_flip 6 5 1
Tile:8 6 4 0
Tile:9 4 5 1
Tile:0 7 4 0
Tile:9 5 4 1
Tile:6 8 4 0
Tile:11 5 3 1
Map 12 5 0
Drop 0 0 1
Tile:8 9 4 0
Tile:6_flip 8 3 1
Tile:7_flip 9 5 0
Tile:6_flip 9 3 1
Tile:9_flip 10 5 0
Drop 1 0 1
Tile:0 10 3 0
Tile:10 5 2 1
Tile:9 10 6 0
Tile:7_flip 5 6 1
Tile:10 10 7 0
Drop 1 0 1
Tile:6_flip 11 6 0
Malus 0 0 1
Bonus 0 0 0
Tile:5_flip 11 3 1
Tile:5_flip 12 6 0
Tile:2 5 1 1
Tile:0 13 5 0
Tile:3 6 1 1
Tile:7_flip 10 8 0
Destroy 8 3 1
Destroy 11 3 0
Tile:7 6 3 1
Destroy 12 6 0
Tile:9_flip 12 4 1
Drop 0 0 0
Tile:8 12 6 1
GAMEOVER WINNER 1
# Game ended: Sat Apr 11 21:22:12 EDT 2020
