# Server version 0.08 running on 192.168.2.221:8123
# Game ID: 1033
# Board class: Saboteur.SaboteurBoard
# Timeout: 2000
# First Move Timeout: 30000
# Date: Sat Apr 11 21:29:13 EDT 2020
# Player 1: Player-0, '260729564', running on 127.0.0.1
# Player 2: Player-1, 'RandomPlayer', running on 127.0.0.1
START Player-0 260729564
START Player-1 RandomPlayer
BoardInit:Map,Tile:7,Tile:0,Tile:4,Tile:9,Map,Malus,Tile:7,Tile:10,Tile:11,Tile:3,Tile:6,Tile:8,Malus,Tile:7,Tile:13,Tile:10,Tile:6,Tile:5,Tile:6,Map,Map,Tile:0,Tile:9,Tile:5,Tile:14,Tile:6,Bonus,Tile:7,Tile:10,Tile:0,Tile:8,Bonus,Tile:15,Tile:5,Tile:8,Tile:1,Tile:6,Tile:12,Tile:5,Map-Destroy,Destroy,Bonus,Tile:8,Tile:9,Tile:9,Destroy-Tile:2,Map,Tile:8,Tile:9,Tile:0,Bonus,Tile:7-Tile:hidden2,Tile:hidden1,Tile:nugget
Tile:9 5 6 1
Map 12 3 0
Tile:8 5 7 1
Tile:8 6 6 0
Destroy 6 6 1
Tile:0 6 6 0
Tile:9_flip 7 6 1
Map 12 5 0
Destroy 5 7 1
Tile:9 7 7 0
Drop 1 0 1
Tile:7 8 7 0
Tile:0 6 5 1
Tile:6 8 8 0
Drop 2 0 1
Malus 0 0 0
Drop 3 0 1
Tile:7 9 8 0
Drop 5 0 1
Tile:6 9 9 0
Drop 1 0 1
Tile:6 10 9 0
Drop 5 0 1
Tile:7 11 9 0
Drop 0 0 1
Tile:9_flip 5 7 0
Map 12 5 1
Drop 0 0 0
Drop 6 0 1
Drop 1 0 0
Drop 1 0 1
Tile:10 10 8 0
Drop 4 0 1
Tile:8 10 7 0
Drop 4 0 1
Drop 1 0 0
Drop 3 0 1
Tile:8 11 7 0
GAMEOVER WINNER 0
# Game ended: Sat Apr 11 21:29:14 EDT 2020
