# Server version 0.08 running on 192.168.2.221:8123
# Game ID: 507
# Board class: Saboteur.SaboteurBoard
# Timeout: 2000
# First Move Timeout: 30000
# Date: Sat Apr 11 20:41:25 EDT 2020
# Player 1: Player-0, '260729564', running on 127.0.0.1
# Player 2: Player-1, 'RandomPlayer', running on 127.0.0.1
START Player-0 260729564
START Player-1 RandomPlayer
BoardInit:Malus,Tile:10,Tile:13,Map,Tile:7,Tile:1,Tile:8,Destroy,Tile:12,Tile:3,Tile:6,Tile:6,Map,Tile:5,Tile:4,Tile:8,Tile:9,Bonus,Tile:9,Tile:15,Tile:9,Destroy,Tile:11,Tile:0,Tile:7,Bonus,Tile:8,Tile:10,Tile:10,Tile:8,Malus,Tile:6,Tile:0,Map,Tile:7,Tile:0,Bonus,Tile:8,Tile:5,Tile:14,Map-Tile:5,Tile:7,Destroy,Tile:0,Bonus,Tile:2,Tile:9-Tile:6,Tile:6,Tile:9,Tile:7,Map,Map,Tile:5-Tile:hidden1,Tile:nugget,Tile:hidden2
Tile:5 4 5 1
Map 12 3 0
Tile:2_flip 4 6 1
Map 12 5 0
Tile:9 3 6 1
Tile:9_flip 6 5 0
Tile:7 3 5 1
Tile:10 6 4 0
Destroy 4 5 1
Tile:6 6 6 0
Tile:13 2 5 1
Tile:6 7 6 0
Tile:7_flip 3 7 1
Tile:6 8 6 0
Drop 2 0 1
Tile:7 9 6 0
Tile:6 5 6 1
Tile:8 9 7 0
Tile:0 4 7 1
Tile:5_flip 10 7 0
Tile:12 5 7 1
Tile:5 10 6 0
Tile:9 7 5 1
Drop 0 0 0
Tile:9 6 3 1
Tile:0 11 6 0
Tile:11_flip 5 4 1
Drop 0 0 0
Tile:7 12 6 1
Tile:10 12 8 0
Tile:9 4 5 1
Tile:8 13 7 0
Tile:8 2 4 1
Tile:6 12 9 0
Tile:8 9 8 1
Destroy 12 8 0
Tile:7 8 5 1
Tile:0 10 8 0
Tile:0 1 5 1
Tile:8 13 8 0
Tile:5 8 7 1
Destroy 12 6 0
Drop 0 0 1
Drop 0 0 0
Drop 2 0 1
Drop 1 0 0
Tile:4 2 3 1
Drop 1 0 0
Drop 3 0 1
Drop 1 0 0
Map 12 3 1
Drop 1 0 0
Malus 0 0 1
Bonus 0 0 0
Drop 0 0 1
GAMEOVER DRAW
# Game ended: Sat Apr 11 20:41:26 EDT 2020
