# Server version 0.08 running on 192.168.2.221:8123
# Game ID: 1151
# Board class: Saboteur.SaboteurBoard
# Timeout: 2000
# First Move Timeout: 30000
# Date: Sat Apr 11 21:35:49 EDT 2020
# Player 1: Player-0, '260729564', running on 127.0.0.1
# Player 2: Player-1, 'RandomPlayer', running on 127.0.0.1
START Player-0 260729564
START Player-1 RandomPlayer
BoardInit:Map,Destroy,Tile:9,Tile:7,Map,Bonus,Tile:8,Tile:13,Tile:10,Tile:6,Tile:8,Tile:5,Tile:2,Tile:4,Map,Tile:8,Tile:10,Tile:9,Tile:3,Malus,Tile:14,Tile:6,Bonus,Tile:7,Tile:5,Tile:0,Tile:6,Tile:15,Tile:1,Tile:9,Tile:7,Tile:6,Tile:9,Tile:0,Tile:7,Tile:5,Tile:0,Tile:12,Tile:0,Tile:6,Tile:8-Map,Destroy,Tile:10,Tile:5,Map,Tile:8,Malus-Tile:9,Bonus,Tile:11,Map,Bonus,Tile:7,Destroy-Tile:hidden1,Tile:hidden2,Tile:nugget
Tile:10 5 6 1
Map 12 3 0
Map 12 3 1
Tile:9_flip 6 5 0
Tile:5 5 4 1
Tile:7_flip 6 6 0
Tile:9_flip 6 4 1
Tile:7 7 6 0
Map 12 3 1
Drop 1 0 0
Drop 2 0 1
Tile:6 7 7 0
Tile:8 4 5 1
Tile:5_flip 8 7 0
Tile:8 6 3 1
Drop 1 0 0
Destroy 7 7 1
Tile:8 7 3 0
Tile:10 4 4 1
Tile:9 8 6 0
Tile:2_flip 7 7 1
Malus 0 0 0
Map 12 7 1
Tile:6_flip 8 3 0
Drop 2 0 1
Tile:7_flip 8 4 0
Map 12 7 1
Tile:0 9 4 0
Drop 6 0 1
Drop 3 0 0
Drop 1 0 1
Tile:9_flip 10 4 0
Drop 4 0 1
Tile:6 10 5 0
Drop 0 0 1
Tile:0 11 5 0
Drop 4 0 1
Tile:5_flip 13 5 0
Drop 0 0 1
Drop 3 0 0
Drop 4 0 1
Tile:6_flip 13 4 0
Drop 5 0 1
Drop 3 0 0
Drop 4 0 1
Drop 3 0 0
Drop 3 0 1
Drop 3 0 0
Drop 2 0 1
Destroy 6 3 0
Drop 0 0 1
Drop 0 0 0
Bonus 0 0 1
Destroy 8 4 0
Tile:8 7 2 1
GAMEOVER DRAW
# Game ended: Sat Apr 11 21:35:50 EDT 2020
