# Server version 0.08 running on 192.168.2.221:8123
# Game ID: 645
# Board class: Saboteur.SaboteurBoard
# Timeout: 2000
# First Move Timeout: 30000
# Date: Sat Apr 11 21:01:02 EDT 2020
# Player 1: Player-0, '260729564', running on 127.0.0.1
# Player 2: Player-1, 'RandomPlayer', running on 127.0.0.1
START Player-0 260729564
START Player-1 RandomPlayer
BoardInit:Map,Tile:10,Tile:10,Tile:0,Tile:5,Tile:5,Tile:6,Tile:5,Tile:0,Tile:5,Bonus,Tile:0,Tile:1,Tile:7,Tile:10,Tile:8,Tile:6,Destroy,Destroy,Tile:15,Tile:8,Tile:8,Tile:11,Tile:9,Tile:0,Map,Tile:6,Tile:6,Destroy,Tile:4,Tile:8,Map,Tile:6,Bonus,Tile:7,Tile:3,Tile:9,Tile:7,Tile:9,Tile:8,Map-Tile:13,Bonus,Malus,Map,Bonus,Map,Tile:7-Malus,Tile:12,Tile:9,Tile:14,Tile:7,Tile:2,Tile:9-Tile:nugget,Tile:hidden1,Tile:hidden2
Map 12 3 1
Malus 0 0 0
Map 12 7 1
Tile:9_flip 6 5 0
Drop 1 0 1
Tile:9 6 4 0
Bonus 0 0 1
Tile:0 7 4 0
Tile:7_flip 4 5 1
Tile:5_flip 8 4 0
Drop 1 0 1
Tile:10 6 6 0
Tile:13 6 3 1
Tile:0 7 3 0
Drop 1 0 1
Tile:7_flip 6 7 0
Tile:10 5 6 1
Tile:8 8 3 0
Tile:5_flip 9 3 1
Tile:5 9 2 0
Drop 4 0 1
Tile:7 10 2 0
Destroy 9 2 1
Tile:8 9 2 0
Tile:11_flip 5 7 1
Tile:9 10 3 0
Tile:8 5 3 1
Map 12 3 0
Tile:6_flip 8 2 1
Tile:6 11 3 0
GAMEOVER WINNER 0
# Game ended: Sat Apr 11 21:01:02 EDT 2020
