# Server version 0.08 running on 192.168.2.221:8123
# Game ID: 722
# Board class: Saboteur.SaboteurBoard
# Timeout: 2000
# First Move Timeout: 30000
# Date: Sat Apr 11 21:07:41 EDT 2020
# Player 1: Player-0, 'RandomPlayer', running on 127.0.0.1
# Player 2: Player-1, '260729564', running on 127.0.0.1
START Player-0 RandomPlayer
START Player-1 260729564
BoardInit:Tile:7,Map,Destroy,Tile:8,Tile:7,Tile:8,Tile:1,Tile:8,Map,Tile:6,Destroy,Tile:8,Tile:7,Tile:5,Tile:9,Tile:9,Tile:5,Tile:13,Map,Tile:9,Tile:11,Bonus,Tile:2,Tile:6,Tile:0,Tile:9,Tile:10,Tile:6,Tile:15,Tile:6,Tile:3,Tile:10,Bonus,Tile:0,Malus,Tile:6,Tile:0,Tile:14,Map,Tile:5,Tile:12-Map,Destroy,Tile:7,Tile:5,Tile:4,Tile:10,Tile:7-Malus,Tile:9,Map,Tile:8,Bonus,Tile:0,Bonus-Tile:hidden2,Tile:nugget,Tile:hidden1
Map 12 3 1
Tile:8 5 6 0
Tile:7 6 6 1
Tile:9_flip 6 7 0
Tile:10 6 8 1
Tile:8 5 4 0
Tile:5_flip 6 4 1
Tile:0 6 5 0
Tile:7 7 5 1
Tile:8 4 6 0
Map 12 5 1
Tile:6_flip 3 6 0
Tile:7_flip 7 6 1
Tile:8 4 5 0
Tile:7 8 6 1
Drop 3 0 0
Tile:9 8 7 1
Tile:5_flip 6 9 0
Tile:7 9 7 1
Tile:13 2 6 0
Tile:5 6 3 1
Tile:9_flip 2 7 0
Drop 1 0 1
Tile:9 4 4 0
Drop 2 0 1
Tile:8 2 8 0
Tile:0 7 3 1
Tile:6 5 7 0
Tile:10 9 8 1
Tile:6_flip 5 9 0
Drop 3 0 1
Tile:9 4 7 0
Drop 3 0 1
Tile:6 9 9 0
Drop 3 0 1
Tile:0 3 5 0
Malus 0 0 1
Drop 2 0 0
Tile:0 10 9 1
Map 12 7 0
Drop 3 0 1
Map 12 7 0
Drop 3 0 1
Drop 4 0 0
Drop 4 0 1
Drop 3 0 0
Drop 4 0 1
Drop 2 0 0
Destroy 7 6 1
Drop 1 0 0
Destroy 8 6 1
Malus 0 0 0
Bonus 0 0 1
Drop 0 0 0
Destroy 5 7 1
GAMEOVER DRAW
# Game ended: Sat Apr 11 21:07:41 EDT 2020
