# Server version 0.08 running on 192.168.2.221:8123
# Game ID: 763
# Board class: Saboteur.SaboteurBoard
# Timeout: 2000
# First Move Timeout: 30000
# Date: Sat Apr 11 21:09:39 EDT 2020
# Player 1: Player-0, '260729564', running on 127.0.0.1
# Player 2: Player-1, 'RandomPlayer', running on 127.0.0.1
START Player-0 260729564
START Player-1 RandomPlayer
BoardInit:Tile:0,Destroy,Bonus,Tile:10,Tile:0,Tile:2,Map,Tile:13,Tile:14,Tile:5,Tile:0,Malus,Destroy,Tile:6,Tile:11,Tile:7,Tile:6,Tile:9,Tile:9,Tile:1,Tile:0,Tile:15,Tile:5,Tile:8,Tile:8,Tile:8,Tile:7,Destroy,Tile:8,Tile:3,Tile:9,Tile:7,Tile:6,Map,Tile:9,Tile:10,Tile:5,Map,Map,Map,Tile:6-Bonus,Bonus,Map,Tile:5,Tile:8,Malus,Tile:10-Tile:4,Tile:6,Bonus,Tile:7,Tile:7,Tile:12,Tile:9-Tile:hidden2,Tile:nugget,Tile:hidden1
Tile:8 4 5 1
Tile:9_flip 6 5 0
Tile:5 5 4 1
Tile:6 6 6 0
Drop 1 0 1
Tile:7 7 6 0
Drop 2 0 1
Tile:10 7 7 0
Map 12 3 1
Tile:7_flip 7 8 0
Tile:0 8 8 1
Tile:5_flip 9 8 0
Drop 1 0 1
Malus 0 0 0
Destroy 6 5 1
Tile:6 6 4 0
Drop 3 0 1
Tile:7 7 4 0
Drop 2 0 1
Tile:9 6 3 0
Drop 4 0 1
Drop 0 0 0
Drop 5 0 1
Drop 1 0 0
Drop 0 0 1
Tile:8 5 6 0
Drop 0 0 1
Tile:8 9 7 0
Drop 5 0 1
Drop 2 0 0
Drop 0 0 1
Drop 2 0 0
Drop 6 0 1
Tile:7 10 7 0
Drop 3 0 1
Map 12 3 0
Drop 3 0 1
Tile:10 9 6 0
Drop 6 0 1
Map 12 5 0
Drop 6 0 1
Drop 2 0 0
Drop 0 0 1
Drop 2 0 0
Drop 4 0 1
Drop 3 0 0
Drop 2 0 1
Drop 3 0 0
Drop 0 0 1
Destroy 6 4 0
Drop 0 0 1
Destroy 7 4 0
Drop 1 0 1
Drop 0 0 0
Drop 0 0 1
GAMEOVER DRAW
# Game ended: Sat Apr 11 21:09:39 EDT 2020
