# Server version 0.08 running on 192.168.2.221:8123
# Game ID: 390
# Board class: Saboteur.SaboteurBoard
# Timeout: 2000
# First Move Timeout: 30000
# Date: Sat Apr 11 20:32:41 EDT 2020
# Player 1: Player-0, 'RandomPlayer', running on 127.0.0.1
# Player 2: Player-1, '260729564', running on 127.0.0.1
START Player-0 RandomPlayer
START Player-1 260729564
BoardInit:Tile:1,Bonus,Tile:3,Map,Map,Tile:9,Tile:6,Tile:7,Tile:13,Tile:5,Tile:9,Tile:14,Tile:0,Malus,Tile:9,Tile:6,Tile:6,Destroy,Tile:7,Tile:4,Tile:8,Tile:10,Tile:9,Destroy,Tile:8,Tile:5,Map,Tile:9,Tile:8,Map,Tile:5,Bonus,Tile:5,Map,Bonus,Tile:7,Tile:8,Tile:10,Tile:15,Tile:8,Tile:0-Bonus,Tile:0,Map,Tile:6,Tile:0,Tile:2,Tile:11-Tile:7,Tile:6,Malus,Tile:12,Tile:7,Destroy,Tile:10-Tile:hidden2,Tile:hidden1,Tile:nugget
Map 12 3 1
Tile:7_flip 5 6 0
Tile:0 6 6 1
Tile:6_flip 4 5 0
Tile:6 7 6 1
Tile:12 6 5 0
Map 12 5 1
Tile:9 5 4 0
Tile:6_flip 8 6 1
Drop 0 0 0
Tile:0 9 6 1
Map 12 3 0
Tile:9_flip 10 6 1
Tile:10 10 7 0
Tile:0 6 4 1
Destroy 8 6 0
Tile:9 7 5 1
Drop 5 0 0
Tile:6_flip 8 6 1
Destroy 7 6 0
Drop 1 0 1
Tile:6_flip 7 4 0
Tile:8 7 6 1
Tile:7_flip 3 5 0
Tile:9 10 8 1
Tile:4_flip 7 7 0
Tile:8 11 8 1
Drop 0 0 0
Tile:7_flip 11 9 1
Destroy 5 4 0
Tile:8 12 8 1
GAMEOVER WINNER 1
# Game ended: Sat Apr 11 20:32:42 EDT 2020
