# Server version 0.08 running on 192.168.2.221:8123
# Game ID: 447
# Board class: Saboteur.SaboteurBoard
# Timeout: 2000
# First Move Timeout: 30000
# Date: Sat Apr 11 20:36:03 EDT 2020
# Player 1: Player-0, '260729564', running on 127.0.0.1
# Player 2: Player-1, 'RandomPlayer', running on 127.0.0.1
START Player-0 260729564
START Player-1 RandomPlayer
BoardInit:Tile:2,Tile:6,Bonus,Map,Tile:8,Tile:0,Tile:7,Tile:10,Map,Tile:7,Malus,Tile:10,Tile:0,Destroy,Tile:13,Tile:9,Tile:9,Tile:4,Tile:5,Malus,Tile:7,Tile:14,Bonus,Tile:9,Tile:0,Tile:11,Tile:12,Tile:8,Tile:7,Tile:8,Tile:3,Tile:5,Tile:0,Tile:15,Tile:1,Tile:9,Tile:8,Map,Tile:5,Bonus,Map-Bonus,Tile:9,Tile:5,Tile:6,Tile:8,Destroy,Map-Tile:6,Tile:6,Destroy,Tile:7,Tile:6,Tile:10,Map-Tile:hidden2,Tile:nugget,Tile:hidden1
Tile:6 5 6 1
Map 12 3 0
Map 12 5 1
Tile:6 6 6 0
Tile:2_flip 4 5 1
Map 12 5 0
Tile:8 5 4 1
Tile:6 7 6 0
Tile:7 6 4 1
Tile:6 8 6 0
Destroy 6 4 1
Tile:6 9 6 0
Tile:9 8 5 1
Tile:0 10 6 0
Tile:5 4 4 1
Tile:7 11 6 0
Map 12 7 1
Tile:10 8 4 0
Drop 5 0 1
Tile:9_flip 6 4 0
Tile:9_flip 9 5 1
Malus 0 0 0
Malus 0 0 1
Drop 5 0 0
Drop 4 0 1
Drop 5 0 0
Drop 3 0 1
Drop 6 0 0
Drop 4 0 1
Drop 0 0 0
Drop 4 0 1
Drop 0 0 0
Drop 6 0 1
Drop 0 0 0
Drop 4 0 1
Drop 6 0 0
Drop 3 0 1
Drop 0 0 0
Bonus 0 0 1
Drop 6 0 0
Tile:8 11 7 1
Bonus 0 0 0
Drop 0 0 1
Tile:5 12 6 0
Tile:1 13 6 1
Tile:9 9 4 0
Tile:5 3 5 1
Tile:9_flip 10 4 0
Tile:0 10 7 1
Tile:8 12 8 0
Tile:7_flip 10 5 1
Tile:8 13 8 0
Map 12 5 1
Destroy 12 6 0
Tile:8 8 3 1
GAMEOVER DRAW
# Game ended: Sat Apr 11 20:36:05 EDT 2020
