# Server version 0.08 running on 192.168.2.221:8123
# Game ID: 585
# Board class: Saboteur.SaboteurBoard
# Timeout: 2000
# First Move Timeout: 30000
# Date: Sat Apr 11 20:56:29 EDT 2020
# Player 1: Player-0, '260729564', running on 127.0.0.1
# Player 2: Player-1, 'RandomPlayer', running on 127.0.0.1
START Player-0 260729564
START Player-1 RandomPlayer
BoardInit:Tile:5,Bonus,Bonus,Tile:10,Tile:13,Tile:6,Tile:9,Tile:5,Tile:6,Tile:6,Tile:2,Destroy,Map,Tile:6,Tile:0,Tile:15,Tile:7,Tile:0,Tile:3,Tile:5,Tile:0,Map,Tile:8,Tile:7,Tile:7,Tile:5,Tile:12,Map,Malus,Map,Destroy,Malus,Bonus,Bonus,Tile:7,Tile:6,Tile:0,Tile:7,Map,Destroy,Tile:1-Tile:9,Tile:9,Tile:8,Tile:10,Tile:9,Tile:8,Tile:8-Tile:4,Tile:8,Tile:11,Tile:14,Tile:9,Tile:10,Map-Tile:nugget,Tile:hidden1,Tile:hidden2
Tile:8 5 4 1
Map 12 3 0
Tile:9 5 3 1
Tile:8 6 4 0
Tile:10 5 2 1
Tile:9_flip 7 4 0
Tile:9_flip 7 3 1
Tile:6_flip 7 2 0
Tile:8 6 3 1
Tile:5_flip 8 2 0
Tile:9_flip 8 1 1
Tile:6_flip 5 1 0
Drop 2 0 1
Tile:10 7 5 0
Map 12 5 1
Tile:6_flip 6 1 0
Tile:2_flip 7 1 1
Tile:10 8 0 0
Drop 1 0 1
Drop 0 0 0
Tile:7_flip 4 5 1
Drop 0 0 0
Tile:3 7 0 1
Tile:0 6 0 0
Tile:9 6 2 1
Tile:7_flip 7 6 0
Tile:0 4 1 1
Tile:5_flip 8 6 0
Drop 2 0 1
Tile:5 8 5 0
Tile:12 9 5 1
Drop 0 0 0
Destroy 6 0 1
Malus 0 0 0
Drop 4 0 1
Drop 2 0 0
Drop 3 0 1
Tile:6 6 0 0
Malus 0 0 1
Bonus 0 0 0
Drop 2 0 1
Tile:7_flip 5 0 0
Map 12 7 1
Drop 1 0 0
Drop 4 0 1
Drop 1 0 0
Drop 3 0 1
Drop 1 0 0
Drop 2 0 1
Destroy 8 0 0
Drop 0 0 1
Destroy 6 1 0
Drop 1 0 1
Drop 0 0 0
Drop 0 0 1
GAMEOVER DRAW
# Game ended: Sat Apr 11 20:56:29 EDT 2020
