# Server version 0.08 running on 192.168.2.221:8123
# Game ID: 71
# Board class: Saboteur.SaboteurBoard
# Timeout: 2000
# First Move Timeout: 30000
# Date: Sat Apr 11 16:14:37 EDT 2020
# Player 1: Player-0, '260729564', running on 127.0.0.1
# Player 2: Player-1, 'RandomPlayer', running on 127.0.0.1
START Player-0 260729564
START Player-1 RandomPlayer
BoardInit:Map,Tile:6,Tile:13,Tile:8,Bonus,Tile:0,Tile:9,Tile:2,Tile:8,Tile:11,Tile:15,Tile:8,Destroy,Bonus,Tile:7,Tile:6,Bonus,Tile:14,Malus,Tile:10,Tile:9,Tile:7,Map,Tile:9,Tile:12,Tile:7,Tile:7,Tile:6,Tile:7,Tile:0,Tile:10,Tile:5,Tile:6,Map,Tile:6,Tile:9,Tile:5,Tile:5,Tile:8,Tile:3,Destroy-Tile:10,Tile:4,Malus,Tile:5,Tile:0,Tile:0,Bonus-Tile:1,Map,Tile:9,Destroy,Map,Tile:8,Map-Tile:nugget,Tile:hidden1,Tile:hidden2
Tile:10 5 4 1
Map 12 3 0
Drop 1 0 1
Tile:8 6 5 0
Drop 4 0 1
Tile:8 7 5 0
Tile:13 8 5 1
Tile:6_flip 7 4 0
Map 12 3 1
Tile:9_flip 8 4 0
Tile:8 9 5 1
Drop 0 0 0
Tile:4 9 4 1
Tile:8 8 3 0
Drop 3 0 1
Tile:0 9 3 0
Tile:0 7 3 1
Tile:6 10 3 0
Tile:9_flip 6 6 1
Drop 1 0 0
Tile:7_flip 6 3 1
Tile:10 10 2 0
Tile:9 8 6 1
Tile:7 11 3 0
Destroy 10 3 1
Tile:9 8 2 0
Tile:5 6 4 1
Tile:7_flip 6 7 0
Tile:12 9 2 1
Tile:6 10 3 0
Tile:0 4 5 1
Tile:0 7 7 0
Drop 1 0 1
Tile:5 6 2 0
Tile:6 8 7 1
Destroy 11 3 0
Drop 6 0 1
Tile:9 10 1 0
Tile:7 11 3 1
Tile:5_flip 9 7 0
Drop 4 0 1
Drop 0 0 0
Destroy 8 4 1
Drop 0 0 0
Tile:7 10 0 1
Drop 0 0 0
Tile:8 9 0 1
Drop 1 0 0
Tile:5 3 5 1
Drop 1 0 0
Map 12 3 1
Drop 1 0 0
Malus 0 0 1
Bonus 0 0 0
Tile:15 5 3 1
GAMEOVER DRAW
# Game ended: Sat Apr 11 16:14:42 EDT 2020
