# Server version 0.08 running on 192.168.2.221:8123
# Game ID: 84
# Board class: Saboteur.SaboteurBoard
# Timeout: 2000
# First Move Timeout: 30000
# Date: Sat Apr 11 16:16:52 EDT 2020
# Player 1: Player-0, 'RandomPlayer', running on 127.0.0.1
# Player 2: Player-1, '260729564', running on 127.0.0.1
START Player-0 RandomPlayer
START Player-1 260729564
BoardInit:Tile:6,Tile:3,Tile:8,Tile:10,Tile:10,Map,Tile:7,Tile:7,Tile:0,Tile:6,Tile:8,Tile:14,Tile:6,Tile:6,Bonus,Tile:6,Tile:9,Tile:12,Tile:13,Tile:8,Tile:4,Map,Tile:0,Tile:5,Tile:11,Tile:15,Tile:0,Tile:7,Tile:8,Tile:8,Tile:7,Tile:5,Destroy,Bonus,Tile:5,Tile:10,Tile:7,Map,Malus,Map,Tile:1-Destroy,Destroy,Map,Malus,Tile:2,Tile:9,Bonus-Map,Bonus,Tile:5,Tile:0,Tile:9,Tile:9,Tile:9-Tile:nugget,Tile:hidden1,Tile:hidden2
Map 12 3 1
Tile:9 5 6 0
Malus 0 0 1
Drop 5 0 0
Tile:8 5 4 1
Map 12 7 0
Tile:6 6 4 1
Drop 2 0 0
Tile:9_flip 7 4 1
Map 12 5 0
Tile:0 6 5 1
Bonus 0 0 0
Tile:8 7 3 1
Tile:5_flip 7 5 0
Tile:6 8 3 1
Tile:6_flip 8 2 0
Tile:7 9 2 1
Tile:6_flip 6 3 0
Tile:9_flip 9 3 1
Tile:6_flip 5 3 0
Tile:10 9 4 1
Tile:7 6 6 0
Drop 2 0 1
Tile:12_flip 4 3 0
Drop 3 0 1
Tile:9 9 5 0
Tile:0 10 5 1
Tile:14_flip 4 5 0
Tile:0 11 5 1
Tile:5_flip 9 6 0
Tile:13 7 2 1
Drop 3 0 0
GAMEOVER TIMEOUT WINNER 0
# Game ended: Sat Apr 11 16:16:58 EDT 2020
