# Server version 0.08 running on 192.168.2.221:8123
# Game ID: 892
# Board class: Saboteur.SaboteurBoard
# Timeout: 2000
# First Move Timeout: 30000
# Date: Sat Apr 11 21:19:03 EDT 2020
# Player 1: Player-0, 'RandomPlayer', running on 127.0.0.1
# Player 2: Player-1, '260729564', running on 127.0.0.1
START Player-0 RandomPlayer
START Player-1 260729564
BoardInit:Bonus,Tile:10,Tile:4,Tile:3,Malus,Tile:0,Malus,Tile:10,Tile:8,Tile:5,Tile:9,Tile:8,Tile:7,Tile:8,Tile:12,Tile:13,Tile:5,Tile:7,Tile:15,Tile:0,Bonus,Tile:9,Destroy,Tile:9,Map,Tile:5,Tile:6,Tile:11,Tile:6,Destroy,Tile:6,Tile:7,Tile:14,Map,Tile:7,Tile:9,Tile:5,Tile:8,Tile:0,Tile:6,Tile:6-Tile:7,Destroy,Tile:1,Tile:9,Bonus,Bonus,Map-Map,Map,Tile:2,Tile:8,Tile:0,Tile:10,Map-Tile:nugget,Tile:hidden2,Tile:hidden1
Map 12 3 1
Tile:2_flip 6 5 0
Tile:9 5 4 1
Drop 1 0 0
Tile:7_flip 5 6 1
Drop 4 0 0
Malus 0 0 1
Map 12 5 0
Malus 0 0 1
Drop 1 0 0
Tile:8 6 4 1
Drop 4 0 0
Tile:9_flip 7 4 1
Drop 0 0 0
Tile:7 6 6 1
Drop 0 0 0
Drop 1 0 1
Drop 5 0 0
Tile:5 7 3 1
Drop 3 0 0
Drop 2 0 1
Drop 2 0 0
Drop 2 0 1
Drop 0 0 0
Drop 2 0 1
Drop 2 0 0
Drop 2 0 1
Drop 0 0 0
Tile:6 8 3 1
Drop 5 0 0
Tile:6 9 3 1
Destroy 7 3 0
Tile:6_flip 7 3 1
Drop 6 0 0
Drop 2 0 1
Drop 3 0 0
Tile:7 10 3 1
Drop 2 0 0
Tile:5 9 2 1
Map 12 5 0
Tile:0 10 2 1
Drop 2 0 0
Tile:6 11 2 1
Drop 1 0 0
Drop 2 0 1
Drop 3 0 0
Drop 3 0 1
Drop 0 0 0
Drop 3 0 1
Drop 2 0 0
Destroy 5 6 1
Drop 0 0 0
Destroy 9 3 1
Drop 0 0 0
Drop 0 0 1
GAMEOVER DRAW
# Game ended: Sat Apr 11 21:19:03 EDT 2020
