# Server version 0.08 running on 192.168.2.221:8123
# Game ID: 130
# Board class: Saboteur.SaboteurBoard
# Timeout: 2000
# First Move Timeout: 30000
# Date: Sat Apr 11 16:20:56 EDT 2020
# Player 1: Player-0, 'RandomPlayer', running on 127.0.0.1
# Player 2: Player-1, '260729564', running on 127.0.0.1
START Player-0 RandomPlayer
START Player-1 260729564
BoardInit:Tile:8,Tile:0,Tile:0,Bonus,Tile:9,Map,Map,Tile:2,Tile:8,Tile:8,Malus,Tile:10,Bonus,Tile:13,Tile:9,Tile:0,Tile:9,Map,Tile:3,Tile:4,Tile:7,Tile:6,Tile:5,Tile:5,Tile:9,Tile:15,Bonus,Tile:12,Tile:7,Tile:11,Tile:14,Map,Tile:10,Tile:7,Tile:6,Tile:5,Tile:8,Tile:7,Tile:0,Tile:8,Destroy-Destroy,Map,Tile:6,Tile:6,Tile:6,Destroy,Tile:7-Map,Malus,Tile:5,Bonus,Tile:9,Tile:10,Tile:1-Tile:hidden1,Tile:nugget,Tile:hidden2
Map 12 3 1
Drop 2 0 0
Tile:8 6 5 1
Map 12 5 0
Tile:6 7 5 1
Tile:9_flip 5 6 0
Tile:9_flip 8 5 1
Drop 6 0 0
Map 12 5 1
Tile:0 4 5 0
Tile:8 8 4 1
Drop 0 0 0
Malus 0 0 1
Drop 3 0 0
Tile:6_flip 9 4 1
Drop 5 0 0
Tile:9_flip 10 4 1
Drop 1 0 0
Tile:9 10 5 1
Map 12 7 0
Tile:6 11 5 1
GAMEOVER WINNER 1
# Game ended: Sat Apr 11 16:20:56 EDT 2020
