# Server version 0.08 running on 192.168.2.221:8123
# Game ID: 1075
# Board class: Saboteur.SaboteurBoard
# Timeout: 2000
# First Move Timeout: 30000
# Date: Sat Apr 11 21:32:26 EDT 2020
# Player 1: Player-0, '260729564', running on 127.0.0.1
# Player 2: Player-1, 'RandomPlayer', running on 127.0.0.1
START Player-0 260729564
START Player-1 RandomPlayer
BoardInit:Tile:7,Bonus,Tile:4,Tile:12,Bonus,Destroy,Tile:8,Bonus,Tile:5,Tile:11,Tile:0,Tile:9,Tile:0,Tile:7,Tile:3,Map,Map,Malus,Tile:6,Tile:7,Tile:6,Tile:10,Tile:10,Tile:8,Tile:6,Tile:10,Map,Tile:8,Tile:5,Tile:6,Map,Tile:9,Tile:8,Tile:1,Tile:0,Map,Tile:13,Destroy,Tile:0,Tile:9,Tile:7-Tile:8,Tile:9,Tile:14,Bonus,Map,Tile:6,Tile:5-Destroy,Tile:2,Tile:15,Tile:5,Malus,Tile:9,Tile:7-Tile:nugget,Tile:hidden1,Tile:hidden2
Tile:6_flip 4 5 1
Malus 0 0 0
Drop 5 0 1
Tile:9_flip 6 5 0
Map 12 5 1
Tile:5 6 4 0
Drop 5 0 1
Tile:7 7 4 0
Drop 0 0 1
Drop 1 0 0
Drop 4 0 1
Drop 1 0 0
Bonus 0 0 1
Tile:9 7 5 0
Tile:5_flip 6 6 1
Tile:7 8 5 0
Tile:3_flip 5 6 1
Map 12 3 0
Map 12 7 1
Malus 0 0 0
Drop 2 0 1
Tile:7_flip 8 6 0
Drop 0 0 1
Tile:10 7 6 0
Drop 2 0 1
Tile:8 9 6 0
Drop 0 0 1
Tile:10 9 5 0
Drop 4 0 1
Tile:8 9 4 0
Map 12 3 1
Tile:6 10 4 0
Map 12 3 1
Tile:9_flip 11 4 0
Drop 3 0 1
Drop 2 0 0
Drop 3 0 1
Drop 3 0 0
Drop 6 0 1
Drop 3 0 0
Drop 2 0 1
Tile:9 11 3 0
GAMEOVER WINNER 0
# Game ended: Sat Apr 11 21:32:26 EDT 2020
