# Server version 0.08 running on 192.168.2.221:8123
# Game ID: 410
# Board class: Saboteur.SaboteurBoard
# Timeout: 2000
# First Move Timeout: 30000
# Date: Sat Apr 11 20:34:38 EDT 2020
# Player 1: Player-0, 'RandomPlayer', running on 127.0.0.1
# Player 2: Player-1, '260729564', running on 127.0.0.1
START Player-0 RandomPlayer
START Player-1 260729564
BoardInit:Destroy,Tile:11,Tile:12,Tile:8,Map,Tile:13,Tile:0,Bonus,Tile:8,Bonus,Destroy,Tile:5,Tile:10,Tile:6,Tile:14,Tile:0,Tile:10,Bonus,Tile:7,Tile:1,Bonus,Tile:15,Malus,Tile:6,Tile:4,Tile:9,Map,Tile:7,Tile:8,Map,Tile:5,Tile:0,Tile:9,Map,Destroy,Tile:9,Tile:8,Tile:6,Tile:5,Tile:5,Tile:9-Map,Tile:10,Map,Tile:9,Malus,Tile:6,Tile:7-Tile:7,Tile:3,Tile:8,Tile:7,Tile:2,Tile:6,Tile:0-Tile:hidden1,Tile:nugget,Tile:hidden2
Map 12 3 1
Tile:8 5 6 0
Map 12 5 1
Tile:2 5 4 0
Malus 0 0 1
Drop 4 0 0
Tile:6 6 6 1
Drop 5 0 0
Tile:0 7 6 1
Drop 5 0 0
Tile:8 8 6 1
Drop 4 0 0
Tile:9_flip 9 6 1
Drop 3 0 0
Tile:10 9 5 1
Drop 2 0 0
Tile:10 9 4 1
Drop 6 0 0
Tile:10 9 3 1
Drop 3 0 0
Tile:7_flip 9 7 1
Drop 4 0 0
Tile:7 10 7 1
Drop 5 0 0
Malus 0 0 1
Drop 0 0 0
Drop 1 0 1
Drop 5 0 0
Drop 1 0 1
Drop 2 0 0
Tile:8 10 8 1
Bonus 0 0 0
Tile:5_flip 11 8 1
Map 12 7 0
Tile:9_flip 8 5 1
Drop 4 0 0
Drop 2 0 1
Map 12 7 0
Tile:8 9 2 1
Drop 0 0 0
Tile:5 11 7 1
Drop 4 0 0
Tile:9 12 6 1
GAMEOVER WINNER 1
# Game ended: Sat Apr 11 20:34:38 EDT 2020
