# Server version 0.08 running on 192.168.2.221:8123
# Game ID: 927
# Board class: Saboteur.SaboteurBoard
# Timeout: 2000
# First Move Timeout: 30000
# Date: Sat Apr 11 21:20:40 EDT 2020
# Player 1: Player-0, '260729564', running on 127.0.0.1
# Player 2: Player-1, 'RandomPlayer', running on 127.0.0.1
START Player-0 260729564
START Player-1 RandomPlayer
BoardInit:Tile:13,Tile:4,Tile:5,Tile:6,Tile:2,Destroy,Map,Tile:9,Tile:10,Map,Tile:14,Tile:1,Map,Map,Map,Tile:9,Tile:5,Tile:7,Tile:5,Tile:7,Tile:0,Tile:10,Tile:9,Tile:11,Tile:7,Tile:0,Bonus,Tile:8,Malus,Tile:0,Bonus,Map,Destroy,Bonus,Tile:10,Tile:8,Tile:8,Malus,Tile:5,Tile:9,Destroy-Tile:6,Tile:7,Bonus,Tile:9,Tile:7,Tile:6,Tile:15-Tile:6,Tile:0,Tile:3,Tile:8,Tile:8,Tile:6,Tile:12-Tile:nugget,Tile:hidden2,Tile:hidden1
Tile:9 5 4 1
Tile:8 6 4 0
Tile:6 5 6 1
Tile:8 7 4 0
Tile:7_flip 4 5 1
Tile:6 8 4 0
Tile:15 4 4 1
Tile:0 9 4 0
Tile:6 7 5 1
Tile:9_flip 10 4 0
Tile:7 8 3 1
Map 12 3 0
Tile:14_flip 5 3 1
Tile:6_flip 10 3 0
Tile:2_flip 11 3 1
Tile:6 10 5 0
Map 12 7 1
Destroy 11 3 0
Tile:13 11 3 1
Tile:9 11 4 0
Tile:5 9 5 1
Tile:7_flip 9 3 0
Drop 1 0 1
Tile:10 9 2 0
Tile:9_flip 11 2 1
Tile:7_flip 10 2 0
Tile:5 7 3 1
Tile:0 6 6 0
Map 12 7 1
Tile:8 11 5 0
Tile:7 12 4 1
Tile:0 13 5 0
Tile:5 4 6 1
Drop 0 0 0
Drop 4 0 1
Drop 0 0 0
Destroy 12 4 1
Tile:8 12 4 0
GAMEOVER WINNER 0
# Game ended: Sat Apr 11 21:20:43 EDT 2020
