# Server version 0.08 running on 192.168.2.221:8123
# Game ID: 20
# Board class: Saboteur.SaboteurBoard
# Timeout: 20000
# First Move Timeout: 30000
# Date: Sat Apr 11 14:45:27 EDT 2020
# Player 1: Player-0, 'RandomPlayer', running on 127.0.0.1
# Player 2: Player-1, '260729564', running on 127.0.0.1
START Player-0 RandomPlayer
START Player-1 260729564
BoardInit:Tile:8,Tile:7,Map,Map,Tile:3,Tile:7,Tile:9,Tile:11,Tile:10,Malus,Tile:6,Tile:5,Tile:0,Tile:0,Tile:8,Tile:8,Tile:9,Bonus,Tile:15,Map,Tile:13,Bonus,Tile:9,Tile:10,Tile:7,Malus,Tile:7,Tile:9,Tile:10,Tile:14,Tile:4,Bonus,Tile:0,Map,Tile:5,Destroy,Map,Tile:5,Tile:8,Tile:8,Bonus-Tile:0,Tile:9,Tile:1,Tile:2,Tile:6,Tile:7,Tile:5-Tile:6,Destroy,Destroy,Tile:6,Map,Tile:12,Tile:6-Tile:hidden2,Tile:hidden1,Tile:nugget
Tile:1 4 5 1
Tile:6 3 5 0
Tile:9 5 4 1
Destroy 4 5 0
Map 12 3 1
Map 12 3 0
Tile:0 6 4 1
Tile:12 6 5 0
Tile:9_flip 7 4 1
Tile:6_flip 2 5 0
Tile:6_flip 7 3 1
Destroy 7 4 0
Tile:6 7 4 1
Tile:6_flip 8 3 0
Tile:0 9 3 1
Tile:5 5 3 0
Tile:8 4 5 1
Tile:11_flip 4 4 0
Tile:8 2 6 1
Map 12 3 0
Drop 0 0 1
Tile:0 1 6 0
Drop 2 0 1
Tile:8 5 6 0
Drop 4 0 1
Tile:7_flip 1 5 0
Tile:9_flip 8 4 1
Tile:7 4 3 0
Tile:7 10 3 1
Tile:9 1 4 0
Drop 2 0 1
Malus 0 0 0
Drop 6 0 1
Tile:14_flip 3 4 0
Drop 3 0 1
Tile:10 5 7 0
Drop 3 0 1
Map 12 5 0
Map 12 5 1
Tile:5 0 6 0
Drop 2 0 1
Destroy 2 6 0
Bonus 0 0 1
Drop 4 0 0
Tile:8 1 3 1
Tile:8 5 8 0
Tile:0 6 6 1
Drop 1 0 0
Tile:5_flip 7 6 1
Malus 0 0 0
Drop 2 0 1
Drop 0 0 0
Drop 0 0 1
Drop 0 0 0
Drop 0 0 1
GAMEOVER DRAW
# Game ended: Sat Apr 11 14:45:28 EDT 2020
