# Server version 0.08 running on 192.168.2.221:8123
# Game ID: 649
# Board class: Saboteur.SaboteurBoard
# Timeout: 2000
# First Move Timeout: 30000
# Date: Sat Apr 11 21:01:14 EDT 2020
# Player 1: Player-0, '260729564', running on 127.0.0.1
# Player 2: Player-1, 'RandomPlayer', running on 127.0.0.1
START Player-0 260729564
START Player-1 RandomPlayer
BoardInit:Tile:12,Tile:6,Tile:9,Tile:6,Tile:7,Tile:8,Bonus,Tile:7,Tile:9,Map,Tile:5,Destroy,Tile:0,Tile:8,Tile:9,Tile:0,Tile:8,Tile:0,Tile:8,Map,Tile:15,Bonus,Map,Tile:5,Tile:6,Bonus,Tile:7,Tile:7,Malus,Tile:10,Tile:9,Tile:9,Bonus,Tile:13,Tile:6,Tile:3,Tile:6,Destroy,Tile:0,Map,Destroy-Malus,Tile:14,Tile:8,Tile:4,Tile:5,Map,Tile:10-Tile:2,Tile:7,Tile:11,Tile:5,Tile:10,Map,Tile:1-Tile:hidden2,Tile:hidden1,Tile:nugget
Tile:8 6 5 1
Map 12 3 0
Tile:4_flip 5 6 1
Tile:6 7 5 0
Tile:10 6 6 1
Tile:6 8 5 0
Drop 6 0 1
Tile:8 9 5 0
Map 12 7 1
Tile:7 10 5 0
Drop 5 0 1
Map 12 5 0
Tile:14_flip 7 4 1
Tile:10 10 6 0
Tile:9_flip 10 7 1
Tile:8 10 8 0
Tile:5_flip 9 6 1
Tile:0 11 8 0
Tile:9 4 5 1
Tile:0 12 8 0
Tile:8 5 4 1
Tile:5_flip 13 8 0
Tile:5 9 4 1
Tile:7_flip 10 9 0
Drop 5 0 1
Tile:5 13 7 0
Tile:12_flip 8 6 1
Destroy 12 8 0
Tile:0 9 7 1
Tile:7 11 9 0
Map 12 5 1
Tile:10 11 10 0
Tile:9 11 11 1
GAMEOVER TIMEOUT WINNER 1
# Game ended: Sat Apr 11 21:01:20 EDT 2020
