# Server version 0.08 running on 192.168.2.221:8123
# Game ID: 317
# Board class: Saboteur.SaboteurBoard
# Timeout: 2000
# First Move Timeout: 30000
# Date: Sat Apr 11 20:18:25 EDT 2020
# Player 1: Player-0, '260729564', running on 127.0.0.1
# Player 2: Player-1, 'RandomPlayer', running on 127.0.0.1
START Player-0 260729564
START Player-1 RandomPlayer
BoardInit:Tile:5,Tile:9,Tile:10,Tile:0,Tile:0,Tile:8,Malus,Tile:2,Destroy,Tile:5,Tile:3,Tile:6,Tile:10,Tile:0,Tile:9,Bonus,Tile:9,Tile:7,Map,Destroy,Tile:7,Tile:7,Destroy,Map,Bonus,Tile:13,Tile:10,Tile:5,Bonus,Map,Tile:8,Malus,Tile:15,Tile:6,Tile:8,Tile:14,Tile:8,Tile:12,Map,Map,Tile:9-Tile:1,Tile:0,Map,Bonus,Tile:6,Tile:4,Tile:11-Tile:6,Tile:7,Tile:8,Tile:7,Tile:9,Tile:6,Tile:5-Tile:hidden2,Tile:hidden1,Tile:nugget
Drop 3 0 1
Tile:8 6 5 0
Drop 1 0 1
Tile:9_flip 7 5 0
Map 12 5 1
Tile:9 7 4 0
Tile:6 7 6 1
Tile:8 8 4 0
Drop 0 0 1
Tile:6 9 4 0
Tile:11_flip 9 3 1
Tile:6 10 4 0
Tile:5 9 2 1
Tile:6 11 4 0
Tile:0 4 5 1
Tile:5_flip 12 4 0
Tile:10 5 6 1
Tile:5_flip 13 3 0
Destroy 7 5 1
Tile:7_flip 6 6 0
Tile:3 8 6 1
Tile:7_flip 5 7 0
Tile:9 5 4 1
Tile:7 6 7 0
Drop 4 0 1
Map 12 5 0
Tile:9_flip 6 4 1
Tile:7_flip 6 8 0
Destroy 6 7 1
Tile:5 6 3 0
Tile:7_flip 8 5 1
Destroy 12 4 0
Tile:8 13 2 1
Malus 0 0 0
Drop 3 0 1
Tile:6_flip 7 3 0
Drop 3 0 1
Tile:0 9 5 0
Malus 0 0 1
Bonus 0 0 0
Drop 6 0 1
Tile:0 10 5 0
Drop 5 0 1
Drop 0 0 0
Drop 4 0 1
Drop 0 0 0
Drop 3 0 1
Drop 0 0 0
Drop 2 0 1
Drop 0 0 0
Drop 0 0 1
Drop 0 0 0
Drop 1 0 1
Drop 0 0 0
Drop 0 0 1
GAMEOVER DRAW
# Game ended: Sat Apr 11 20:18:27 EDT 2020
