# Server version 0.08 running on 192.168.2.221:8123
# Game ID: 449
# Board class: Saboteur.SaboteurBoard
# Timeout: 2000
# First Move Timeout: 30000
# Date: Sat Apr 11 20:36:09 EDT 2020
# Player 1: Player-0, '260729564', running on 127.0.0.1
# Player 2: Player-1, 'RandomPlayer', running on 127.0.0.1
START Player-0 260729564
START Player-1 RandomPlayer
BoardInit:Map,Tile:7,Tile:11,Tile:0,Tile:9,Malus,Tile:2,Tile:13,Tile:7,Tile:4,Destroy,Map,Map,Tile:15,Destroy,Tile:10,Bonus,Tile:9,Tile:1,Tile:7,Bonus,Tile:6,Tile:7,Tile:7,Tile:3,Tile:9,Tile:12,Tile:6,Tile:8,Tile:5,Bonus,Tile:5,Tile:9,Map,Tile:8,Tile:0,Map,Tile:14,Tile:5,Tile:10,Malus-Tile:10,Destroy,Tile:6,Tile:6,Tile:0,Tile:8,Tile:0-Map,Tile:9,Tile:8,Tile:5,Bonus,Tile:8,Tile:6-Tile:hidden2,Tile:nugget,Tile:hidden1
Tile:10 5 6 1
Map 12 3 0
Tile:8 4 5 1
Tile:8 6 5 0
Tile:6_flip 4 4 1
Tile:8 7 5 0
Tile:9 6 4 1
Malus 0 0 0
Drop 3 0 1
Tile:6 8 5 0
Drop 1 0 1
Tile:0 9 5 0
Destroy 4 4 1
Map 12 5 0
Map 12 7 1
Tile:9_flip 10 5 0
Destroy 9 5 1
Tile:10 8 4 0
Map 12 5 1
Tile:9 7 6 0
Destroy 5 6 1
Tile:7 8 6 0
Drop 5 0 1
Tile:6 9 5 0
Drop 0 0 1
Tile:5 10 4 0
Drop 5 0 1
Tile:9_flip 11 4 0
Drop 2 0 1
Tile:6_flip 11 3 0
Drop 4 0 1
Tile:7_flip 12 4 0
Bonus 0 0 1
Tile:5_flip 13 4 0
Drop 4 0 1
Tile:7_flip 11 5 0
GAMEOVER WINNER 0
# Game ended: Sat Apr 11 20:36:10 EDT 2020
