# Server version 0.08 running on 192.168.2.221:8123
# Game ID: 475
# Board class: Saboteur.SaboteurBoard
# Timeout: 2000
# First Move Timeout: 30000
# Date: Sat Apr 11 20:39:56 EDT 2020
# Player 1: Player-0, '260729564', running on 127.0.0.1
# Player 2: Player-1, 'RandomPlayer', running on 127.0.0.1
START Player-0 260729564
START Player-1 RandomPlayer
BoardInit:Tile:6,Tile:11,Tile:5,Tile:4,Tile:0,Tile:7,Malus,Tile:9,Tile:6,Map,Tile:2,Tile:7,Destroy,Tile:8,Tile:14,Tile:12,Bonus,Map,Tile:5,Bonus,Tile:15,Tile:0,Tile:0,Tile:8,Tile:10,Tile:0,Tile:6,Map,Tile:3,Tile:1,Tile:13,Tile:10,Tile:6,Map,Bonus,Destroy,Tile:8,Tile:8,Tile:5,Tile:7,Tile:8-Tile:5,Tile:7,Tile:6,Map,Tile:10,Tile:9,Tile:7-Destroy,Map,Tile:9,Tile:9,Malus,Bonus,Tile:9-Tile:hidden2,Tile:hidden1,Tile:nugget
Map 12 7 1
Map 12 3 0
Tile:9_flip 6 5 1
Malus 0 0 0
Drop 4 0 1
Tile:9 6 4 0
Drop 5 0 1
Tile:9_flip 7 4 0
Drop 5 0 1
Tile:9 7 5 0
Malus 0 0 1
Bonus 0 0 0
Drop 0 0 1
Map 12 5 0
Destroy 7 4 1
Tile:8 6 6 0
Drop 5 0 1
Tile:9_flip 7 6 0
Drop 3 0 1
Tile:7 8 5 0
Drop 2 0 1
Tile:7_flip 8 6 0
Drop 3 0 1
Tile:0 9 6 0
Drop 5 0 1
Tile:8 10 6 0
Drop 0 0 1
Tile:0 11 6 0
Drop 6 0 1
Drop 1 0 0
Drop 1 0 1
Drop 1 0 0
Drop 4 0 1
Tile:10 10 7 0
Drop 0 0 1
Drop 1 0 0
Drop 3 0 1
Drop 1 0 0
Bonus 0 0 1
Tile:8 12 6 0
GAMEOVER WINNER 0
# Game ended: Sat Apr 11 20:39:56 EDT 2020
