# Server version 0.08 running on 192.168.2.221:8123
# Game ID: 709
# Board class: Saboteur.SaboteurBoard
# Timeout: 2000
# First Move Timeout: 30000
# Date: Sat Apr 11 21:07:12 EDT 2020
# Player 1: Player-0, '260729564', running on 127.0.0.1
# Player 2: Player-1, 'RandomPlayer', running on 127.0.0.1
START Player-0 260729564
START Player-1 RandomPlayer
BoardInit:Tile:9,Tile:5,Bonus,Tile:8,Destroy,Destroy,Tile:0,Tile:6,Tile:6,Tile:0,Tile:10,Malus,Map,Tile:3,Malus,Map,Tile:7,Tile:13,Tile:6,Tile:2,Tile:5,Tile:8,Tile:8,Tile:10,Tile:15,Tile:8,Destroy,Tile:11,Tile:7,Bonus,Bonus,Tile:9,Tile:5,Tile:14,Tile:6,Tile:1,Tile:6,Tile:5,Tile:8,Tile:4,Tile:7-Map,Map,Tile:10,Tile:7,Map,Map,Tile:7-Tile:9,Tile:12,Tile:9,Tile:9,Tile:0,Bonus,Tile:0-Tile:nugget,Tile:hidden2,Tile:hidden1
Map 12 5 1
Tile:0 6 5 0
Map 12 5 1
Tile:0 7 5 0
Map 12 7 1
Tile:8 8 5 0
Tile:7_flip 5 6 1
Tile:9_flip 9 5 0
Destroy 7 5 1
Tile:6 7 5 0
Drop 1 0 1
Tile:0 6 6 0
Tile:10 9 6 1
Malus 0 0 0
Map 12 5 1
Tile:5 9 4 0
Drop 6 0 1
Map 12 3 0
Drop 3 0 1
Tile:9_flip 10 4 0
Drop 2 0 1
Tile:9 10 3 0
Drop 0 0 1
Tile:8 11 3 0
GAMEOVER WINNER 0
# Game ended: Sat Apr 11 21:07:13 EDT 2020
