# Server version 0.08 running on 192.168.2.221:8123
# Game ID: 694
# Board class: Saboteur.SaboteurBoard
# Timeout: 2000
# First Move Timeout: 30000
# Date: Sat Apr 11 21:06:35 EDT 2020
# Player 1: Player-0, 'RandomPlayer', running on 127.0.0.1
# Player 2: Player-1, '260729564', running on 127.0.0.1
START Player-0 RandomPlayer
START Player-1 260729564
BoardInit:Tile:6,Tile:9,Tile:9,Bonus,Tile:6,Bonus,Tile:9,Tile:7,Tile:5,Tile:10,Tile:2,Tile:0,Tile:7,Map,Tile:7,Tile:6,Map,Tile:8,Malus,Tile:8,Tile:7,Tile:8,Tile:10,Tile:10,Tile:0,Map,Tile:9,Map,Tile:5,Map,Destroy,Tile:12,Bonus,Map,Tile:15,Tile:3,Tile:8,Tile:14,Tile:0,Tile:7,Bonus-Tile:8,Tile:1,Tile:0,Tile:5,Tile:5,Tile:4,Destroy-Malus,Tile:11,Tile:13,Tile:6,Tile:6,Tile:9,Destroy-Tile:nugget,Tile:hidden2,Tile:hidden1
Tile:8 6 5 1
Tile:6_flip 4 5 0
Tile:0 7 5 1
Tile:9_flip 5 4 0
Tile:9_flip 8 5 1
Destroy 6 5 0
Tile:6 6 5 1
Tile:11 5 6 0
Tile:9 8 4 1
Tile:9_flip 9 4 0
Tile:6_flip 9 3 1
Tile:7 10 3 0
Tile:5 8 3 1
Tile:6 8 6 0
Tile:7_flip 10 4 1
Tile:10 9 5 0
Tile:5_flip 11 4 1
Tile:0 7 6 0
Map 12 3 1
Tile:6_flip 5 3 0
Malus 0 0 1
Map 12 3 0
Tile:5 11 3 1
GAMEOVER WINNER 1
# Game ended: Sat Apr 11 21:06:35 EDT 2020
