# Server version 0.08 running on 192.168.2.221:8123
# Game ID: 718
# Board class: Saboteur.SaboteurBoard
# Timeout: 2000
# First Move Timeout: 30000
# Date: Sat Apr 11 21:07:34 EDT 2020
# Player 1: Player-0, 'RandomPlayer', running on 127.0.0.1
# Player 2: Player-1, '260729564', running on 127.0.0.1
START Player-0 RandomPlayer
START Player-1 260729564
BoardInit:Tile:8,Tile:10,Tile:8,Tile:6,Map,Tile:10,Tile:1,Tile:10,Malus,Tile:0,Tile:5,Tile:12,Tile:0,Tile:9,Tile:7,Bonus,Malus,Tile:7,Destroy,Tile:8,Map,Tile:3,Tile:11,Tile:9,Tile:5,Tile:0,Tile:7,Tile:7,Tile:8,Tile:15,Bonus,Tile:4,Tile:13,Tile:9,Tile:9,Bonus,Tile:9,Map,Map,Tile:2,Tile:6-Tile:6,Tile:5,Tile:7,Map,Bonus,Map,Tile:0-Tile:6,Tile:14,Tile:5,Tile:6,Destroy,Destroy,Tile:8-Tile:nugget,Tile:hidden2,Tile:hidden1
Map 12 3 1
Tile:8 5 4 0
Tile:8 6 4 1
Tile:6_flip 4 4 0
Tile:8 7 4 1
Tile:10 7 3 0
Tile:6 8 4 1
Tile:6_flip 7 2 0
Tile:0 9 4 1
Drop 2 0 0
Malus 0 0 1
Drop 1 0 0
Tile:5_flip 10 4 1
Destroy 4 4 0
Tile:0 8 2 1
Drop 0 0 0
Tile:5 10 3 1
Drop 1 0 0
Malus 0 0 1
Drop 3 0 0
Tile:7 11 3 1
Drop 2 0 0
Tile:7_flip 11 4 1
Drop 3 0 0
Destroy 11 3 1
Drop 2 0 0
Tile:5_flip 9 2 1
Drop 0 0 0
Tile:7_flip 7 5 1
Drop 5 0 0
Tile:8 11 3 1
GAMEOVER WINNER 1
# Game ended: Sat Apr 11 21:07:34 EDT 2020
