# Server version 0.08 running on 192.168.2.221:8123
# Game ID: 139
# Board class: Saboteur.SaboteurBoard
# Timeout: 2000
# First Move Timeout: 30000
# Date: Sat Apr 11 16:21:20 EDT 2020
# Player 1: Player-0, '260729564', running on 127.0.0.1
# Player 2: Player-1, 'RandomPlayer', running on 127.0.0.1
START Player-0 260729564
START Player-1 RandomPlayer
BoardInit:Tile:6,Bonus,Destroy,Map,Tile:9,Malus,Tile:11,Tile:7,Map,Tile:8,Tile:8,Tile:10,Tile:8,Tile:7,Tile:9,Tile:7,Tile:10,Tile:4,Tile:2,Tile:5,Map,Tile:5,Tile:9,Tile:0,Malus,Tile:1,Tile:3,Bonus,Tile:5,Tile:8,Tile:9,Tile:8,Destroy,Tile:6,Tile:0,Tile:14,Tile:10,Tile:7,Tile:6,Tile:9,Map-Tile:13,Map,Tile:12,Tile:0,Tile:0,Tile:6,Bonus-Destroy,Map,Tile:6,Tile:7,Tile:15,Bonus,Tile:5-Tile:hidden1,Tile:hidden2,Tile:nugget
Tile:13 6 5 1
Map 12 3 0
Tile:6 4 5 1
Tile:6 5 6 0
Tile:0 4 6 1
Map 12 5 0
Tile:6_flip 7 5 1
Malus 0 0 0
Drop 3 0 1
Tile:5 5 4 0
Map 12 3 1
Tile:8 6 6 0
Destroy 4 5 1
Tile:10 6 7 0
Map 12 7 1
Tile:7_flip 6 8 0
Drop 5 0 1
Tile:7 7 8 0
Drop 3 0 1
Tile:7_flip 7 9 0
Drop 2 0 1
Tile:7 8 9 0
Map 12 7 1
Drop 1 0 0
Drop 2 0 1
Drop 2 0 0
Drop 0 0 1
Drop 2 0 0
Drop 6 0 1
Drop 5 0 0
Drop 1 0 1
Tile:8 7 6 0
Drop 4 0 1
Tile:8 8 6 0
Drop 3 0 1
Tile:0 9 6 0
Drop 3 0 1
Tile:6 10 6 0
Destroy 9 6 1
Tile:7_flip 8 7 0
Drop 2 0 1
Tile:9_flip 9 7 0
Drop 4 0 1
Drop 4 0 0
Drop 1 0 1
Drop 4 0 0
Map 12 5 1
Destroy 7 9 0
Drop 0 0 1
Tile:5_flip 9 8 0
Drop 0 0 1
Drop 1 0 0
Drop 1 0 1
Drop 0 0 0
Drop 0 0 1
GAMEOVER DRAW
# Game ended: Sat Apr 11 16:21:21 EDT 2020
