# Server version 0.08 running on 192.168.2.221:8123
# Game ID: 315
# Board class: Saboteur.SaboteurBoard
# Timeout: 2000
# First Move Timeout: 30000
# Date: Sat Apr 11 20:18:17 EDT 2020
# Player 1: Player-0, '260729564', running on 127.0.0.1
# Player 2: Player-1, 'RandomPlayer', running on 127.0.0.1
START Player-0 260729564
START Player-1 RandomPlayer
BoardInit:Tile:7,Tile:10,Tile:14,Tile:2,Tile:6,Tile:7,Bonus,Tile:6,Tile:6,Tile:13,Tile:8,Tile:5,Bonus,Map,Tile:0,Tile:11,Tile:9,Tile:7,Tile:12,Tile:6,Tile:9,Tile:10,Tile:7,Tile:8,Tile:5,Tile:8,Malus,Tile:5,Tile:9,Tile:15,Map,Map,Tile:7,Tile:9,Tile:0,Tile:8,Destroy,Tile:5,Tile:9,Bonus,Malus-Destroy,Tile:8,Destroy,Map,Bonus,Tile:1,Tile:10-Tile:3,Tile:0,Tile:4,Map,Tile:0,Tile:6,Map-Tile:nugget,Tile:hidden2,Tile:hidden1
Drop 5 0 1
Map 12 3 0
Tile:7 6 5 1
Tile:10 5 4 0
Tile:14 6 6 1
Tile:6_flip 5 3 0
Destroy 5 4 1
Tile:7_flip 5 6 0
Drop 0 0 1
Drop 0 0 0
Map 12 3 1
Drop 1 0 0
Tile:6_flip 4 5 1
Drop 2 0 0
Drop 2 0 1
Drop 2 0 0
Tile:6 6 3 1
Drop 3 0 0
Tile:9_flip 7 3 1
Drop 4 0 0
Destroy 5 6 1
Tile:6 5 6 0
Tile:0 4 3 1
Tile:10 5 4 0
Tile:7 7 2 1
Tile:8 7 4 0
Tile:9 7 5 1
Tile:8 8 4 0
Tile:12_flip 3 3 1
Tile:0 9 4 0
Tile:9 7 6 1
Tile:0 10 4 0
Map 12 3 1
Tile:6 11 4 0
Tile:5_flip 8 5 1
Tile:9_flip 12 4 0
GAMEOVER WINNER 0
# Game ended: Sat Apr 11 20:18:18 EDT 2020
