# Server version 0.08 running on 192.168.2.221:8123
# Game ID: 631
# Board class: Saboteur.SaboteurBoard
# Timeout: 2000
# First Move Timeout: 30000
# Date: Sat Apr 11 21:00:15 EDT 2020
# Player 1: Player-0, '260729564', running on 127.0.0.1
# Player 2: Player-1, 'RandomPlayer', running on 127.0.0.1
START Player-0 260729564
START Player-1 RandomPlayer
BoardInit:Tile:5,Tile:3,Map,Tile:10,Tile:8,Tile:9,Bonus,Destroy,Tile:12,Tile:0,Tile:8,Tile:1,Malus,Tile:9,Tile:6,Tile:7,Tile:6,Tile:8,Tile:9,Tile:6,Tile:7,Tile:0,Tile:9,Map,Map,Bonus,Tile:7,Destroy,Tile:8,Tile:0,Tile:14,Tile:6,Tile:7,Tile:2,Bonus,Tile:5,Tile:10,Tile:10,Tile:4,Tile:9,Map-Tile:11,Tile:5,Tile:8,Tile:5,Malus,Map,Tile:0-Tile:15,Map,Tile:6,Bonus,Destroy,Tile:13,Tile:7-Tile:hidden1,Tile:hidden2,Tile:nugget
Map 12 5 1
Map 12 3 0
Tile:8 5 4 1
Tile:6 6 4 0
Tile:5_flip 7 4 1
Tile:10 7 3 0
Tile:5 4 4 1
Tile:9 7 2 0
Tile:11 5 3 1
Tile:7 8 2 0
Tile:12 6 5 1
Drop 0 0 0
Map 12 5 1
Drop 2 0 0
Tile:5 7 1 1
Tile:9 8 3 0
Tile:0 8 1 1
Tile:0 9 3 0
Tile:6 4 5 1
Tile:8 10 3 0
Tile:6_flip 3 5 1
Tile:6_flip 11 3 0
Tile:8 12 4 1
Tile:0 11 5 0
Tile:9 8 4 1
GAMEOVER TIMEOUT WINNER 1
# Game ended: Sat Apr 11 21:00:19 EDT 2020
