# Server version 0.08 running on 192.168.2.221:8123
# Game ID: 141
# Board class: Saboteur.SaboteurBoard
# Timeout: 2000
# First Move Timeout: 30000
# Date: Sat Apr 11 16:21:24 EDT 2020
# Player 1: Player-0, '260729564', running on 127.0.0.1
# Player 2: Player-1, 'RandomPlayer', running on 127.0.0.1
START Player-0 260729564
START Player-1 RandomPlayer
BoardInit:Tile:14,Bonus,Tile:0,Tile:13,Tile:6,Destroy,Malus,Tile:6,Tile:7,Tile:10,Map,Tile:7,Tile:5,Map,Tile:9,Tile:9,Tile:1,Tile:4,Tile:7,Tile:8,Tile:8,Map,Bonus,Destroy,Bonus,Tile:6,Map,Bonus,Map,Tile:10,Tile:7,Tile:3,Tile:9,Tile:8,Tile:5,Tile:6,Tile:10,Tile:5,Tile:9,Tile:7,Malus-Tile:6,Tile:12,Map,Tile:0,Destroy,Tile:9,Tile:0-Tile:8,Tile:8,Tile:11,Tile:5,Tile:2,Tile:15,Tile:0-Tile:nugget,Tile:hidden2,Tile:hidden1
Drop 3 0 1
Tile:8 6 5 0
Tile:9_flip 6 4 1
Tile:8 7 5 0
Tile:14 5 6 1
Tile:0 8 5 0
Destroy 6 4 1
Tile:5_flip 9 5 0
Tile:6 4 6 1
Tile:6_flip 9 4 0
Tile:6_flip 6 4 1
Tile:10 7 6 0
Drop 6 0 1
Tile:7 10 4 0
Drop 3 0 1
Map 12 3 0
Tile:9 5 4 1
Tile:9 10 5 0
Tile:7 5 3 1
Drop 0 0 0
Tile:1 8 4 1
Tile:8 11 5 0
Tile:5 4 5 1
Drop 0 0 0
Tile:12_flip 4 3 1
Drop 0 0 0
Tile:7_flip 12 6 1
Tile:6_flip 12 4 0
Tile:8 10 6 1
Destroy 12 4 0
Drop 0 0 1
Tile:10 12 4 0
GAMEOVER WINNER 0
# Game ended: Sat Apr 11 16:21:24 EDT 2020
