# Server version 0.08 running on 192.168.2.221:8123
# Game ID: 21
# Board class: Saboteur.SaboteurBoard
# Timeout: 20000
# First Move Timeout: 30000
# Date: Sat Apr 11 14:54:15 EDT 2020
# Player 1: Player-0, 'RandomPlayer', running on 127.0.0.1
# Player 2: Player-1, '260729564', running on 127.0.0.1
START Player-0 RandomPlayer
START Player-1 260729564
BoardInit:Tile:8,Tile:2,Tile:6,Malus,Destroy,Tile:15,Map,Tile:14,Map,Tile:9,Tile:6,Tile:10,Tile:0,Tile:0,Tile:11,Tile:9,Tile:7,Tile:8,Destroy,Map,Tile:6,Tile:7,Bonus,Tile:8,Tile:3,Tile:8,Bonus,Map,Tile:6,Destroy,Tile:13,Tile:7,Tile:0,Map,Tile:6,Tile:8,Tile:5,Bonus,Map,Tile:9,Tile:0-Tile:9,Tile:5,Tile:12,Tile:7,Tile:4,Tile:7,Bonus-Tile:1,Tile:9,Tile:5,Tile:10,Tile:5,Malus,Tile:10-Tile:nugget,Tile:hidden1,Tile:hidden2
Tile:9 5 6 1
Tile:5_flip 6 5 0
Drop 1 0 1
Tile:5 6 4 0
Tile:6 7 4 1
Malus 0 0 0
Bonus 0 0 1
Tile:2 6 6 0
Map 12 3 1
Tile:10 5 4 0
Tile:8 5 3 1
Tile:14 8 4 0
Tile:6_flip 7 3 1
Tile:9_flip 7 6 0
Tile:0 6 3 1
Tile:10 6 7 0
Drop 2 0 1
Tile:15 7 7 0
Drop 4 0 1
Drop 5 0 0
Tile:5 7 5 1
Tile:1 8 5 0
Tile:6_flip 8 3 1
Tile:7 9 5 0
Tile:7 9 3 1
Tile:9_flip 5 2 0
Tile:7_flip 9 4 1
Tile:8 7 8 0
Drop 1 0 1
Drop 6 0 0
Tile:6 10 4 1
Map 12 7 0
Drop 4 0 1
Tile:0 4 2 0
Tile:0 11 4 1
Map 12 5 0
Drop 5 0 1
Destroy 5 4 0
Destroy 7 5 1
Tile:10 5 1 0
Drop 6 0 1
Tile:9_flip 5 0 0
Tile:5_flip 8 8 1
Tile:8 12 4 0
GAMEOVER WINNER 0
# Game ended: Sat Apr 11 14:54:16 EDT 2020
