# Server version 0.08 running on 192.168.2.221:8123
# Game ID: 644
# Board class: Saboteur.SaboteurBoard
# Timeout: 2000
# First Move Timeout: 30000
# Date: Sat Apr 11 21:01:00 EDT 2020
# Player 1: Player-0, 'RandomPlayer', running on 127.0.0.1
# Player 2: Player-1, '260729564', running on 127.0.0.1
START Player-0 RandomPlayer
START Player-1 260729564
BoardInit:Map,Tile:9,Tile:0,Tile:9,Tile:10,Tile:9,Tile:5,Bonus,Tile:10,Malus,Tile:8,Tile:6,Tile:4,Tile:10,Tile:5,Tile:2,Tile:8,Tile:8,Tile:7,Map,Tile:7,Tile:5,Tile:11,Tile:12,Tile:0,Tile:15,Tile:7,Tile:9,Tile:3,Tile:6,Destroy,Bonus,Tile:0,Tile:0,Tile:13,Map,Tile:7,Tile:7,Map,Tile:14,Tile:1-Tile:6,Tile:9,Bonus,Tile:8,Tile:6,Bonus,Tile:5-Destroy,Destroy,Map,Tile:6,Malus,Map,Tile:8-Tile:hidden1,Tile:hidden2,Tile:nugget
Tile:8 6 5 1
Tile:6_flip 4 5 0
Map 12 3 1
Map 12 7 0
Tile:9_flip 7 5 1
Tile:9 5 4 0
Tile:10 7 4 1
Destroy 5 4 0
Tile:6 7 6 1
Map 12 5 0
Tile:10 6 4 1
Drop 1 0 0
Tile:8 8 6 1
Tile:9_flip 5 6 0
Tile:6 9 6 1
Destroy 5 6 0
Tile:0 10 6 1
Tile:8 9 5 0
Tile:8 11 6 1
Tile:9_flip 4 6 0
Tile:5_flip 12 6 1
Tile:10 5 4 0
Tile:7_flip 11 7 1
GAMEOVER WINNER 1
# Game ended: Sat Apr 11 21:01:00 EDT 2020
