# Server version 0.08 running on 192.168.2.221:8123
# Game ID: 508
# Board class: Saboteur.SaboteurBoard
# Timeout: 2000
# First Move Timeout: 30000
# Date: Sat Apr 11 20:41:27 EDT 2020
# Player 1: Player-0, 'RandomPlayer', running on 127.0.0.1
# Player 2: Player-1, '260729564', running on 127.0.0.1
START Player-0 RandomPlayer
START Player-1 260729564
BoardInit:Destroy,Malus,Tile:3,Tile:8,Tile:5,Tile:6,Tile:13,Tile:10,Tile:8,Tile:7,Tile:12,Tile:0,Tile:10,Tile:8,Tile:0,Bonus,Tile:7,Tile:0,Bonus,Map,Tile:11,Tile:4,Map,Tile:9,Tile:1,Tile:6,Tile:9,Tile:5,Bonus,Tile:6,Map,Tile:5,Tile:10,Tile:0,Map,Destroy,Map,Tile:14,Tile:15,Map,Tile:8-Tile:5,Tile:8,Tile:7,Destroy,Tile:9,Tile:6,Malus-Bonus,Tile:6,Tile:9,Tile:9,Tile:7,Tile:7,Tile:2-Tile:nugget,Tile:hidden2,Tile:hidden1
Malus 0 0 1
Drop 3 0 0
Tile:8 6 5 1
Bonus 0 0 0
Tile:6 7 5 1
Drop 4 0 0
Tile:9_flip 8 5 1
Tile:8 7 4 0
Tile:7_flip 8 6 1
Tile:7 7 3 0
Tile:8 9 6 1
Tile:10 9 7 0
Tile:5_flip 10 6 1
Tile:6_flip 5 4 0
Tile:10 10 5 1
Drop 5 0 0
Tile:5 10 4 1
Tile:6 6 3 0
Tile:7 11 4 1
Tile:8 9 8 0
Tile:0 10 8 1
Tile:7_flip 8 8 0
Drop 2 0 1
Drop 5 0 0
Map 12 3 1
Tile:7 6 2 0
Drop 2 0 1
Tile:0 5 3 0
Tile:9_flip 8 4 1
Tile:9 9 9 0
Drop 2 0 1
Malus 0 0 0
Bonus 0 0 1
Tile:6_flip 6 4 0
Tile:10 9 5 1
Tile:6_flip 11 8 0
Drop 2 0 1
Destroy 8 6 0
Drop 2 0 1
Tile:9 11 9 0
Drop 3 0 1
Tile:5_flip 5 6 0
Tile:8 8 6 1
Tile:4 9 4 0
Drop 3 0 1
Tile:0 5 2 0
Drop 3 0 1
Tile:14_flip 7 6 0
Drop 3 0 1
Drop 2 0 0
Destroy 6 3 1
Tile:5_flip 12 8 0
Destroy 9 6 1
Drop 0 0 0
Drop 0 0 1
GAMEOVER DRAW
# Game ended: Sat Apr 11 20:41:28 EDT 2020
