# Server version 0.08 running on 192.168.2.221:8123
# Game ID: 422
# Board class: Saboteur.SaboteurBoard
# Timeout: 2000
# First Move Timeout: 30000
# Date: Sat Apr 11 20:35:11 EDT 2020
# Player 1: Player-0, 'RandomPlayer', running on 127.0.0.1
# Player 2: Player-1, '260729564', running on 127.0.0.1
START Player-0 RandomPlayer
START Player-1 260729564
BoardInit:Destroy,Destroy,Tile:10,Tile:10,Map,Tile:5,Tile:3,Tile:7,Map,Tile:9,Tile:15,Tile:6,Tile:8,Tile:8,Tile:7,Tile:1,Tile:6,Tile:8,Tile:9,Tile:9,Tile:7,Tile:14,Bonus,Tile:0,Tile:5,Destroy,Tile:9,Tile:0,Tile:8,Map,Tile:0,Malus,Map,Tile:6,Bonus,Tile:12,Tile:8,Tile:10,Tile:6,Map,Map-Tile:11,Tile:4,Tile:0,Tile:2,Tile:7,Bonus,Tile:5-Tile:6,Tile:13,Bonus,Malus,Tile:9,Tile:7,Tile:5-Tile:hidden1,Tile:nugget,Tile:hidden2
Tile:0 6 5 1
Tile:7_flip 5 6 0
Tile:7 7 5 1
Drop 1 0 0
Tile:10 7 6 1
Tile:9 7 7 0
Map 12 3 1
Tile:10 5 4 0
Tile:5_flip 8 7 1
Tile:6 7 8 0
Map 12 5 1
Tile:7 8 8 0
Drop 0 0 1
Tile:5 8 6 0
Tile:8 9 6 1
Tile:5 4 5 0
Tile:7 10 6 1
Tile:8 6 8 0
Tile:6 10 7 1
Tile:8 5 8 0
Tile:9 9 5 1
Tile:6_flip 11 7 0
Tile:7_flip 12 8 1
Destroy 7 8 0
Destroy 12 8 1
Tile:9_flip 6 9 0
Tile:5_flip 13 7 1
Tile:14 8 9 0
Tile:9 13 6 1
Malus 0 0 0
Bonus 0 0 1
Tile:9_flip 9 4 0
Tile:0 8 4 1
Destroy 13 7 0
Tile:8 13 7 1
Tile:6 7 8 0
Drop 0 0 1
Tile:0 4 8 0
Tile:8 13 5 1
GAMEOVER WINNER 1
# Game ended: Sat Apr 11 20:35:13 EDT 2020
