# Server version 0.08 running on 192.168.2.221:8123
# Game ID: 666
# Board class: Saboteur.SaboteurBoard
# Timeout: 2000
# First Move Timeout: 30000
# Date: Sat Apr 11 21:04:55 EDT 2020
# Player 1: Player-0, 'RandomPlayer', running on 127.0.0.1
# Player 2: Player-1, '260729564', running on 127.0.0.1
START Player-0 RandomPlayer
START Player-1 260729564
BoardInit:Tile:5,Map,Tile:6,Tile:0,Bonus,Destroy,Tile:6,Tile:5,Tile:5,Bonus,Tile:8,Tile:8,Map,Destroy,Tile:0,Bonus,Map,Tile:5,Tile:11,Tile:0,Map,Tile:9,Tile:9,Tile:3,Tile:1,Tile:12,Tile:7,Tile:14,Tile:9,Tile:9,Tile:8,Malus,Tile:7,Malus,Tile:4,Tile:8,Tile:6,Tile:7,Map,Tile:10,Tile:10-Tile:13,Bonus,Tile:6,Tile:10,Tile:9,Tile:8,Tile:7-Tile:2,Destroy,Tile:6,Tile:7,Map,Tile:0,Tile:15-Tile:nugget,Tile:hidden2,Tile:hidden1
Tile:8 6 5 1
Tile:15 5 4 0
Tile:9_flip 7 5 1
Tile:6 5 6 0
Tile:10 7 4 1
Destroy 6 5 0
Tile:6 6 6 1
Destroy 7 5 0
Tile:6 7 6 1
Tile:0 8 6 0
Tile:6 9 6 1
Drop 0 0 0
Tile:8 10 6 1
Tile:8 4 5 0
Map 12 3 1
Tile:5 9 5 0
Tile:0 11 6 1
Tile:7 4 4 0
Drop 0 0 1
Destroy 9 6 0
Drop 3 0 1
Tile:5_flip 10 7 0
Drop 4 0 1
Tile:0 3 5 0
Tile:9 7 5 1
Tile:3_flip 3 4 0
Tile:5_flip 8 5 1
Tile:9 2 5 0
Tile:5 8 4 1
Tile:12 9 4 0
Tile:9 7 3 1
Map 12 3 0
Tile:8 7 2 1
Tile:9_flip 12 6 0
Tile:7 8 2 1
Map 12 5 0
Tile:7_flip 6 2 1
Tile:8 9 6 0
Tile:6 13 5 1
Tile:14_flip 3 3 0
Tile:7_flip 11 5 1
Tile:7_flip 9 7 0
Tile:10 13 4 1
Tile:0 4 3 0
Drop 1 0 1
Tile:10 2 6 0
Drop 1 0 1
Drop 2 0 0
Drop 1 0 1
Malus 0 0 0
Bonus 0 0 1
Drop 0 0 0
Drop 0 0 1
Drop 0 0 0
Drop 0 0 1
GAMEOVER DRAW
# Game ended: Sat Apr 11 21:04:58 EDT 2020
