# Server version 0.08 running on 192.168.2.221:8123
# Game ID: 657
# Board class: Saboteur.SaboteurBoard
# Timeout: 2000
# First Move Timeout: 30000
# Date: Sat Apr 11 21:03:20 EDT 2020
# Player 1: Player-0, '260729564', running on 127.0.0.1
# Player 2: Player-1, 'RandomPlayer', running on 127.0.0.1
START Player-0 260729564
START Player-1 RandomPlayer
BoardInit:Tile:8,Bonus,Tile:2,Tile:13,Tile:6,Map,Map,Bonus,Tile:8,Tile:7,Tile:8,Map,Tile:0,Tile:0,Malus,Tile:9,Tile:8,Tile:10,Destroy,Tile:5,Tile:0,Tile:7,Tile:8,Tile:3,Tile:15,Tile:1,Tile:4,Bonus,Tile:9,Tile:5,Tile:0,Destroy,Tile:5,Map,Tile:9,Map,Tile:10,Tile:14,Tile:10,Tile:6,Tile:9-Tile:9,Bonus,Tile:6,Map,Tile:6,Tile:7,Tile:5-Tile:6,Tile:11,Tile:7,Tile:12,Tile:7,Destroy,Malus-Tile:nugget,Tile:hidden1,Tile:hidden2
Tile:6 6 5 1
Malus 0 0 0
Drop 5 0 1
Tile:6 7 5 0
Map 12 5 1
Tile:7 8 5 0
Drop 3 0 1
Map 12 3 0
Map 12 5 1
Tile:7_flip 8 6 0
Bonus 0 0 1
Tile:7 9 6 0
Tile:6 4 5 1
Drop 0 0 0
Tile:8 9 7 1
Tile:0 10 7 0
Tile:8 11 7 1
Tile:9_flip 7 4 0
Tile:2 5 4 1
Drop 0 0 0
Tile:0 3 5 1
Tile:5 7 3 0
Tile:8 12 6 1
Tile:7_flip 11 5 0
Tile:6_flip 8 7 1
Tile:10 12 4 0
GAMEOVER WINNER 0
# Game ended: Sat Apr 11 21:03:21 EDT 2020
