# Server version 0.08 running on 192.168.2.221:8123
# Game ID: 672
# Board class: Saboteur.SaboteurBoard
# Timeout: 2000
# First Move Timeout: 30000
# Date: Sat Apr 11 21:05:25 EDT 2020
# Player 1: Player-0, 'RandomPlayer', running on 127.0.0.1
# Player 2: Player-1, '260729564', running on 127.0.0.1
START Player-0 RandomPlayer
START Player-1 260729564
BoardInit:Bonus,Bonus,Tile:9,Tile:8,Tile:7,Tile:6,Map,Destroy,Tile:5,Tile:8,Tile:7,Tile:10,Map,Tile:2,Tile:0,Map,Malus,Tile:4,Malus,Tile:6,Tile:10,Map,Tile:9,Tile:0,Tile:9,Tile:11,Map,Tile:0,Tile:6,Map,Tile:8,Tile:12,Tile:9,Tile:5,Tile:8,Tile:7,Tile:10,Tile:1,Tile:8,Tile:5,Bonus-Tile:14,Tile:3,Tile:0,Tile:6,Tile:15,Tile:7,Destroy-Tile:9,Tile:7,Bonus,Tile:6,Tile:5,Destroy,Tile:13-Tile:hidden1,Tile:nugget,Tile:hidden2
Tile:0 6 5 1
Tile:5_flip 7 5 0
Tile:6_flip 7 4 1
Tile:6_flip 4 5 0
Tile:9_flip 8 4 1
Tile:7 5 4 0
Tile:7_flip 8 5 1
Destroy 8 5 0
Map 12 3 1
Drop 2 0 0
Tile:7_flip 8 5 1
Drop 0 0 0
Tile:5_flip 9 5 1
Tile:6 4 4 0
Map 12 5 1
Tile:2 3 4 0
Tile:7_flip 6 4 1
Tile:8 3 5 0
Malus 0 0 1
Drop 5 0 0
Malus 0 0 1
Destroy 7 4 0
Tile:10 5 6 1
Drop 5 0 0
Tile:9 5 7 1
Drop 0 0 0
Tile:9_flip 6 7 1
Map 12 5 0
Drop 0 0 1
Drop 6 0 0
Tile:6_flip 7 4 1
Drop 3 0 0
Tile:8 8 3 1
Map 12 7 0
Tile:9 9 4 1
Drop 0 0 0
Tile:8 10 4 1
Drop 3 0 0
Tile:0 11 4 1
Drop 6 0 0
Tile:8 12 4 1
GAMEOVER WINNER 1
# Game ended: Sat Apr 11 21:05:26 EDT 2020
