# Server version 0.08 running on 192.168.2.221:8123
# Game ID: 1194
# Board class: Saboteur.SaboteurBoard
# Timeout: 2000
# First Move Timeout: 30000
# Date: Sat Apr 11 21:37:59 EDT 2020
# Player 1: Player-0, 'RandomPlayer', running on 127.0.0.1
# Player 2: Player-1, '260729564', running on 127.0.0.1
START Player-0 RandomPlayer
START Player-1 260729564
BoardInit:Tile:8,Tile:0,Tile:9,Tile:9,Tile:5,Tile:4,Tile:8,Tile:7,Tile:10,Tile:0,Tile:5,Tile:5,Tile:5,Destroy,Map,Tile:9,Map,Malus,Map,Map,Tile:7,Map,Tile:7,Tile:8,Tile:6,Tile:2,Tile:7,Tile:12,Destroy,Tile:9,Bonus,Tile:7,Tile:15,Tile:9,Bonus,Tile:8,Tile:10,Tile:1,Bonus,Tile:8,Destroy-Tile:3,Bonus,Tile:10,Tile:14,Tile:11,Map,Tile:6-Tile:6,Malus,Tile:13,Tile:6,Tile:6,Tile:0,Tile:0-Tile:hidden1,Tile:hidden2,Tile:nugget
Map 12 3 1
Tile:6_flip 4 5 0
Tile:8 6 5 1
Tile:6 7 5 0
Tile:6 8 5 1
Tile:6_flip 3 5 0
Tile:9_flip 9 5 1
Tile:13 9 6 0
Tile:8 9 4 1
Tile:0 8 6 0
Tile:5_flip 10 4 1
Drop 1 0 0
Tile:5 8 4 1
Tile:0 7 6 0
Tile:5 6 4 1
Tile:7 10 3 0
Map 12 5 1
Tile:5_flip 4 6 0
Tile:10 5 6 1
Drop 0 0 0
Tile:10 5 7 1
Tile:9 3 6 0
Tile:7_flip 6 6 1
Destroy 5 7 0
Tile:7_flip 5 7 1
Tile:0 10 6 0
Tile:6_flip 9 3 1
Tile:9_flip 7 4 0
Tile:7_flip 8 3 1
Drop 5 0 0
Drop 0 0 1
Tile:4 5 4 0
Drop 1 0 1
Tile:9_flip 3 7 0
Drop 1 0 1
Tile:7_flip 2 5 0
Drop 1 0 1
Tile:9 2 4 0
Tile:10 7 3 1
Tile:8 8 2 0
Drop 1 0 1
Drop 6 0 0
Drop 2 0 1
Map 12 7 0
Drop 2 0 1
Drop 3 0 0
Drop 2 0 1
Drop 2 0 0
Drop 2 0 1
Tile:1 6 7 0
Destroy 8 6 1
Malus 0 0 0
Bonus 0 0 1
Map 12 7 0
Destroy 2 4 1
GAMEOVER DRAW
# Game ended: Sat Apr 11 21:38:00 EDT 2020
