# Server version 0.08 running on 192.168.2.221:8123
# Game ID: 156
# Board class: Saboteur.SaboteurBoard
# Timeout: 2000
# First Move Timeout: 30000
# Date: Sat Apr 11 20:05:16 EDT 2020
# Player 1: Player-0, 'RandomPlayer', running on 127.0.0.1
# Player 2: Player-1, '260729564', running on 127.0.0.1
START Player-0 RandomPlayer
START Player-1 260729564
BoardInit:Tile:0,Tile:7,Tile:8,Tile:6,Bonus,Malus,Map,Tile:11,Map,Tile:9,Tile:6,Tile:8,Bonus,Tile:15,Tile:9,Tile:5,Destroy,Tile:9,Tile:7,Tile:1,Map,Tile:6,Destroy,Tile:7,Tile:2,Tile:0,Tile:0,Malus,Tile:8,Tile:7,Bonus,Tile:5,Map,Tile:5,Tile:6,Tile:10,Tile:14,Map,Tile:6,Tile:4,Tile:5-Tile:8,Tile:9,Destroy,Tile:12,Tile:7,Tile:8,Tile:10-Map,Tile:9,Tile:0,Tile:13,Bonus,Tile:3,Tile:10-Tile:hidden2,Tile:hidden1,Tile:nugget
Tile:8 6 5 1
Tile:3_flip 6 6 0
Tile:8 7 5 1
Tile:7 5 4 0
Tile:8 8 5 1
Tile:10 6 4 0
Tile:0 9 5 1
Tile:9_flip 5 6 0
Map 12 3 1
Tile:11_flip 8 6 0
Map 12 5 1
Drop 1 0 0
Tile:6 10 5 1
Tile:13 5 7 0
Tile:7 11 5 1
Drop 5 0 0
Tile:9 11 6 1
Tile:5_flip 11 7 0
Tile:9_flip 12 6 1
GAMEOVER WINNER 1
# Game ended: Sat Apr 11 20:05:16 EDT 2020
