# Server version 0.08 running on 192.168.2.221:8123
# Game ID: 910
# Board class: Saboteur.SaboteurBoard
# Timeout: 2000
# First Move Timeout: 30000
# Date: Sat Apr 11 21:19:47 EDT 2020
# Player 1: Player-0, 'RandomPlayer', running on 127.0.0.1
# Player 2: Player-1, '260729564', running on 127.0.0.1
START Player-0 RandomPlayer
START Player-1 260729564
BoardInit:Tile:5,Tile:5,Bonus,Tile:9,Tile:4,Tile:5,Map,Tile:0,Tile:0,Tile:7,Destroy,Tile:6,Tile:3,Tile:7,Tile:8,Tile:0,Map,Tile:11,Map,Bonus,Bonus,Tile:8,Tile:12,Map,Tile:7,Tile:7,Tile:10,Tile:9,Tile:2,Tile:5,Tile:10,Destroy,Tile:8,Tile:9,Tile:6,Tile:13,Malus,Map,Destroy,Tile:8,Tile:10-Tile:9,Tile:0,Map,Malus,Tile:8,Tile:6,Tile:6-Tile:9,Tile:1,Tile:6,Bonus,Tile:7,Tile:14,Tile:15-Tile:hidden1,Tile:nugget,Tile:hidden2
Map 12 3 1
Tile:14_flip 5 4 0
Malus 0 0 1
Drop 1 0 0
Tile:8 6 5 1
Drop 4 0 0
Tile:0 7 5 1
Drop 3 0 0
Map 12 5 1
Drop 5 0 0
Tile:6 8 5 1
Bonus 0 0 0
Tile:6 9 5 1
Tile:9 5 6 0
Tile:0 10 5 1
Tile:9 9 4 0
Tile:8 11 5 1
GAMEOVER WINNER 1
# Game ended: Sat Apr 11 21:19:47 EDT 2020
