# Server version 0.08 running on 192.168.2.221:8123
# Game ID: 237
# Board class: Saboteur.SaboteurBoard
# Timeout: 2000
# First Move Timeout: 30000
# Date: Sat Apr 11 20:11:53 EDT 2020
# Player 1: Player-0, '260729564', running on 127.0.0.1
# Player 2: Player-1, 'RandomPlayer', running on 127.0.0.1
START Player-0 260729564
START Player-1 RandomPlayer
BoardInit:Tile:10,Tile:10,Tile:10,Tile:9,Map,Tile:14,Tile:9,Tile:0,Tile:7,Map,Bonus,Tile:8,Map,Tile:3,Tile:9,Tile:13,Tile:5,Bonus,Tile:2,Tile:8,Map,Tile:0,Malus,Destroy,Tile:9,Bonus,Tile:8,Map,Tile:12,Tile:6,Tile:8,Tile:6,Map,Tile:1,Tile:5,Tile:0,Malus,Tile:0,Destroy,Tile:9,Tile:7-Tile:7,Tile:8,Tile:4,Tile:11,Tile:15,Tile:6,Tile:6-Tile:5,Bonus,Tile:6,Tile:5,Destroy,Tile:7,Tile:7-Tile:nugget,Tile:hidden1,Tile:hidden2
Tile:4_flip 5 6 1
Tile:6 6 5 0
Tile:11 6 4 1
Tile:5_flip 7 5 0
Tile:15 6 3 1
Tile:9_flip 7 4 0
Tile:10 6 2 1
Tile:10 7 3 0
Tile:6_flip 6 1 1
Tile:5 7 2 0
Tile:7 5 4 1
Map 12 3 0
Tile:8 4 5 1
Tile:8 8 2 0
Drop 5 0 1
Tile:0 9 2 0
Tile:7_flip 3 5 1
Tile:7 10 2 0
Tile:9_flip 8 1 1
Tile:7_flip 10 3 0
Drop 3 0 1
Tile:8 11 3 0
GAMEOVER WINNER 0
# Game ended: Sat Apr 11 20:11:53 EDT 2020
