# Server version 0.08 running on 192.168.2.221:8123
# Game ID: 266
# Board class: Saboteur.SaboteurBoard
# Timeout: 2000
# First Move Timeout: 30000
# Date: Sat Apr 11 20:15:26 EDT 2020
# Player 1: Player-0, 'RandomPlayer', running on 127.0.0.1
# Player 2: Player-1, '260729564', running on 127.0.0.1
START Player-0 RandomPlayer
START Player-1 260729564
BoardInit:Tile:6,Map,Tile:9,Tile:8,Map,Destroy,Tile:11,Tile:14,Tile:15,Tile:8,Malus,Bonus,Tile:6,Tile:8,Tile:0,Tile:9,Tile:0,Tile:3,Tile:5,Destroy,Tile:10,Tile:6,Tile:8,Tile:4,Tile:9,Malus,Tile:5,Tile:6,Bonus,Tile:10,Tile:12,Map,Tile:7,Tile:7,Destroy,Tile:5,Tile:0,Map,Tile:6,Tile:8,Bonus-Tile:1,Tile:7,Tile:5,Tile:9,Tile:0,Tile:2,Tile:10-Tile:7,Map,Tile:13,Map,Tile:7,Tile:9,Bonus-Tile:hidden2,Tile:hidden1,Tile:nugget
Tile:0 6 5 1
Tile:9 4 5 0
Tile:6 7 5 1
Tile:7 4 4 0
Tile:9_flip 8 5 1
Map 12 5 0
Map 12 3 1
Destroy 4 5 0
Tile:10 8 4 1
Tile:8 4 5 0
Tile:9 8 6 1
Tile:14 8 7 0
Malus 0 0 1
Map 12 7 0
Tile:6 9 6 1
Bonus 0 0 0
Tile:0 10 6 1
Tile:9 9 5 0
Tile:0 11 6 1
Drop 1 0 0
Tile:7 12 6 1
GAMEOVER WINNER 1
# Game ended: Sat Apr 11 20:15:27 EDT 2020
