# Server version 0.08 running on 192.168.2.221:8123
# Game ID: 987
# Board class: Saboteur.SaboteurBoard
# Timeout: 2000
# First Move Timeout: 30000
# Date: Sat Apr 11 21:23:25 EDT 2020
# Player 1: Player-0, '260729564', running on 127.0.0.1
# Player 2: Player-1, 'RandomPlayer', running on 127.0.0.1
START Player-0 260729564
START Player-1 RandomPlayer
BoardInit:Tile:5,Map,Bonus,Tile:0,Destroy,Tile:9,Tile:2,Tile:7,Tile:11,Tile:10,Destroy,Tile:8,Tile:9,Tile:7,Malus,Tile:7,Tile:7,Tile:15,Tile:5,Tile:9,Tile:12,Tile:6,Map,Map,Map,Tile:4,Tile:6,Map,Tile:9,Tile:0,Destroy,Tile:0,Bonus,Tile:0,Tile:8,Tile:6,Tile:5,Tile:8,Tile:13,Tile:6,Bonus-Tile:10,Malus,Tile:14,Tile:3,Tile:5,Tile:8,Tile:10-Map,Tile:7,Tile:9,Tile:8,Bonus,Tile:1,Tile:6-Tile:hidden2,Tile:nugget,Tile:hidden1
Drop 3 0 1
Map 12 3 0
Drop 1 0 1
Map 12 5 0
Tile:14 5 6 1
Tile:8 6 5 0
Tile:5 5 4 1
Tile:6 7 5 0
Tile:10 7 4 1
Tile:0 8 5 0
Drop 0 0 1
Tile:9_flip 9 5 0
Tile:2 4 5 1
Tile:8 9 4 0
Tile:9 6 6 1
Tile:9_flip 10 4 0
Tile:11 10 5 1
Tile:10 9 6 0
Tile:7 6 4 1
Tile:7_flip 10 6 0
Tile:5 9 3 1
Tile:9_flip 10 3 0
Destroy 6 4 1
Tile:6 9 7 0
Destroy 9 6 1
Tile:7_flip 8 4 0
Tile:12 10 7 1
Tile:7 7 6 0
Tile:10 10 2 1
Tile:7_flip 7 7 0
Tile:6 11 5 1
Tile:0 8 7 0
Drop 6 0 1
Drop 1 0 0
Tile:9 4 6 1
Drop 1 0 0
Map 12 7 1
Tile:6_flip 7 3 0
Tile:5 3 5 1
Tile:8 10 1 0
Tile:13 6 3 1
Tile:0 11 6 0
Tile:5_flip 12 6 1
Tile:0 9 1 0
Drop 4 0 1
GAMEOVER TIMEOUT WINNER 1
# Game ended: Sat Apr 11 21:23:34 EDT 2020
