# Server version 0.08 running on 192.168.2.221:8123
# Game ID: 1303
# Board class: Saboteur.SaboteurBoard
# Timeout: 2000
# First Move Timeout: 30000
# Date: Sat Apr 11 21:47:18 EDT 2020
# Player 1: Player-0, '260729564', running on 127.0.0.1
# Player 2: Player-1, 'RandomPlayer', running on 127.0.0.1
START Player-0 260729564
START Player-1 RandomPlayer
BoardInit:Tile:7,Tile:0,Tile:13,Tile:14,Tile:5,Tile:2,Tile:7,Tile:7,Tile:7,Tile:0,Tile:9,Bonus,Tile:9,Tile:1,Tile:10,Tile:6,Tile:9,Tile:6,Tile:10,Tile:0,Tile:9,Tile:3,Malus,Bonus,Tile:8,Tile:6,Tile:5,Tile:8,Map,Malus,Tile:0,Destroy,Tile:6,Tile:11,Map,Bonus,Tile:15,Map,Destroy,Tile:7,Tile:8-Map,Bonus,Tile:8,Tile:4,Tile:6,Tile:5,Tile:10-Destroy,Tile:8,Map,Tile:5,Tile:9,Tile:12,Map-Tile:hidden1,Tile:hidden2,Tile:nugget
Drop 3 0 1
Map 12 3 0
Map 12 3 1
Map 12 5 0
Drop 4 0 1
Tile:8 5 6 0
Tile:13 4 6 1
Tile:0 6 6 0
Tile:5_flip 7 6 1
Tile:9 7 5 0
Tile:5 4 5 1
Tile:0 8 5 0
Tile:9 5 7 1
Tile:5_flip 9 5 0
Tile:6_flip 5 4 1
Tile:7 6 7 0
Tile:9_flip 5 8 1
Tile:6_flip 9 4 0
Drop 0 0 1
Tile:6 10 4 0
Tile:7_flip 4 4 1
Tile:0 11 4 0
Tile:9 6 8 1
Drop 1 0 0
Tile:8 12 4 1
Drop 1 0 0
Tile:9_flip 12 6 1
GAMEOVER WINNER 1
# Game ended: Sat Apr 11 21:47:19 EDT 2020
