# Server version 0.08 running on 192.168.2.221:8123
# Game ID: 1451
# Board class: Saboteur.SaboteurBoard
# Timeout: 2000
# First Move Timeout: 30000
# Date: Sat Apr 11 22:07:02 EDT 2020
# Player 1: Player-0, '260729564', running on 127.0.0.1
# Player 2: Player-1, 'RandomPlayer', running on 127.0.0.1
START Player-0 260729564
START Player-1 RandomPlayer
BoardInit:Tile:12,Map,Tile:7,Tile:5,Map,Tile:8,Destroy,Tile:6,Tile:13,Malus,Tile:0,Tile:7,Bonus,Map,Tile:8,Bonus,Tile:14,Tile:10,Tile:1,Map,Tile:7,Tile:5,Tile:3,Tile:6,Bonus,Tile:2,Tile:8,Destroy,Tile:5,Tile:9,Malus,Tile:0,Tile:0,Tile:0,Tile:9,Bonus,Tile:5,Tile:7,Tile:8,Tile:11,Tile:6-Tile:7,Tile:10,Tile:8,Tile:9,Tile:15,Tile:4,Map-Tile:6,Map,Tile:9,Tile:9,Tile:10,Destroy,Tile:6-Tile:nugget,Tile:hidden1,Tile:hidden2
Tile:9 5 4 1
Map 12 3 0
Tile:7 6 4 1
Tile:9_flip 6 5 0
Tile:4_flip 5 6 1
Tile:9 6 6 0
Tile:7_flip 6 7 1
Tile:8 7 6 0
Tile:10 7 5 1
Tile:6 8 6 0
Tile:15 8 5 1
Malus 0 0 0
Destroy 5 4 1
Tile:5 7 4 0
Map 12 3 1
Tile:6_flip 8 4 0
Drop 0 0 1
Tile:6 9 4 0
Bonus 0 0 1
Tile:7 10 4 0
Tile:8 10 5 1
Tile:10 10 6 0
Tile:14_flip 9 3 1
Tile:5_flip 11 5 0
Tile:3_flip 4 5 1
Tile:6 10 3 0
Tile:13 11 3 1
Tile:10 11 4 0
Tile:8 5 4 1
Destroy 11 3 0
Tile:12 9 6 1
Tile:9 10 7 0
Tile:5_flip 11 7 1
Destroy 11 5 0
Tile:7 11 3 1
Drop 0 0 0
Tile:9_flip 5 3 1
Drop 0 0 0
Map 12 3 1
Tile:7_flip 10 8 0
Malus 0 0 1
Bonus 0 0 0
Tile:5 5 2 1
Tile:0 11 8 0
Tile:8 10 2 1
Tile:0 6 2 0
Tile:1 11 2 1
Drop 0 0 0
Tile:0 9 2 1
Drop 0 0 0
Tile:6 12 8 1
Drop 1 0 0
Tile:0 13 8 1
Drop 0 0 0
Drop 0 0 1
GAMEOVER DRAW
# Game ended: Sat Apr 11 22:07:05 EDT 2020
