# Server version 0.08 running on 192.168.2.221:8123
# Game ID: 1408
# Board class: Saboteur.SaboteurBoard
# Timeout: 2000
# First Move Timeout: 30000
# Date: Sat Apr 11 22:05:11 EDT 2020
# Player 1: Player-0, 'RandomPlayer', running on 127.0.0.1
# Player 2: Player-1, '260729564', running on 127.0.0.1
START Player-0 RandomPlayer
START Player-1 260729564
BoardInit:Tile:9,Tile:12,Tile:6,Malus,Tile:8,Tile:4,Tile:5,Map,Bonus,Tile:8,Tile:0,Tile:1,Tile:10,Tile:10,Tile:7,Tile:6,Tile:6,Tile:5,Tile:8,Tile:14,Tile:7,Tile:5,Destroy,Bonus,Tile:7,Map,Tile:2,Tile:6,Map,Destroy,Destroy,Malus,Tile:10,Bonus,Tile:0,Tile:9,Map,Tile:8,Tile:9,Tile:8,Tile:13-Tile:6,Tile:5,Tile:15,Tile:0,Bonus,Tile:0,Map-Tile:11,Tile:9,Tile:7,Tile:9,Tile:7,Tile:3,Map-Tile:hidden1,Tile:nugget,Tile:hidden2
Map 12 3 1
Tile:9_flip 5 6 0
Tile:9_flip 6 5 1
Tile:3_flip 4 5 0
Tile:6_flip 6 4 1
Tile:7_flip 5 7 0
Tile:8 7 4 1
Tile:11_flip 8 4 0
Tile:6_flip 7 3 1
Tile:7_flip 7 5 0
Tile:0 6 7 1
Map 12 7 0
Tile:0 7 7 1
Drop 0 0 0
Tile:0 8 7 1
Drop 3 0 0
Tile:5_flip 9 7 1
Tile:12_flip 4 6 0
Tile:6_flip 9 6 1
Tile:6_flip 10 6 0
Tile:8 11 6 1
Tile:4 11 5 0
Tile:7 12 6 1
Tile:14 8 5 0
Tile:7_flip 11 7 1
Drop 0 0 0
Tile:7_flip 6 6 1
Tile:10 4 4 0
Destroy 10 6 1
Tile:5_flip 12 8 0
Map 12 5 1
Drop 1 0 0
Tile:5 5 4 1
Tile:6_flip 10 6 0
Tile:10 10 7 1
Destroy 7 5 0
Tile:0 13 7 1
Tile:9_flip 8 3 0
Tile:10 10 8 1
Tile:5 4 3 0
Tile:9 10 9 1
Drop 2 0 0
Destroy 11 5 1
Tile:8 11 5 0
GAMEOVER WINNER 0
# Game ended: Sat Apr 11 22:05:15 EDT 2020
