# Server version 0.08 running on 192.168.2.221:8123
# Game ID: 361
# Board class: Saboteur.SaboteurBoard
# Timeout: 2000
# First Move Timeout: 30000
# Date: Sat Apr 11 20:31:09 EDT 2020
# Player 1: Player-0, '260729564', running on 127.0.0.1
# Player 2: Player-1, 'RandomPlayer', running on 127.0.0.1
START Player-0 260729564
START Player-1 RandomPlayer
BoardInit:Tile:5,Tile:7,Bonus,Tile:2,Tile:9,Tile:11,Tile:12,Map,Tile:14,Destroy,Tile:8,Tile:5,Tile:0,Malus,Bonus,Tile:0,Map,Tile:6,Map,Tile:0,Map,Tile:5,Tile:8,Tile:15,Tile:8,Tile:3,Destroy,Destroy,Bonus,Tile:1,Tile:10,Tile:9,Tile:6,Tile:5,Tile:7,Tile:10,Tile:9,Malus,Tile:9,Tile:8,Map-Bonus,Tile:8,Tile:13,Tile:6,Tile:7,Map,Tile:6-Tile:10,Tile:7,Tile:4,Tile:0,Tile:9,Tile:6,Tile:7-Tile:hidden1,Tile:nugget,Tile:hidden2
Tile:6 6 5 1
Tile:0 7 5 0
Tile:7 5 4 1
Tile:6 8 5 0
Tile:5 8 4 1
Tile:7 9 4 0
Tile:9_flip 9 5 1
Tile:10 9 6 0
Tile:13 9 7 1
Map 12 3 0
Tile:8 4 4 1
Tile:9 6 4 0
Tile:8 6 3 1
Tile:5_flip 7 4 0
Tile:0 3 4 1
Malus 0 0 0
Drop 0 0 1
Tile:0 5 3 0
Map 12 5 1
Tile:6_flip 7 3 0
Drop 4 0 1
Tile:0 8 3 0
Drop 0 0 1
Tile:5_flip 9 3 0
Drop 4 0 1
Tile:7_flip 5 6 0
Bonus 0 0 1
Tile:7 6 6 0
Tile:12 10 7 1
Drop 0 0 0
Tile:8 4 5 1
Drop 0 0 0
Tile:14_flip 4 3 1
Tile:9 9 2 0
Destroy 7 5 1
Tile:5_flip 10 2 0
Tile:6_flip 7 5 1
Tile:10 7 6 0
Tile:9_flip 6 2 1
Malus 0 0 0
Drop 2 0 1
Tile:8 10 1 0
Drop 0 0 1
Drop 0 0 0
Map 12 3 1
Drop 1 0 0
Drop 0 0 1
Drop 1 0 0
Map 12 7 1
Drop 2 0 0
Drop 0 0 1
Destroy 4 4 0
Drop 1 0 1
Destroy 9 6 0
Drop 0 0 1
GAMEOVER DRAW
# Game ended: Sat Apr 11 20:31:10 EDT 2020
