# Server version 0.08 running on 192.168.2.221:8123
# Game ID: 333
# Board class: Saboteur.SaboteurBoard
# Timeout: 2000
# First Move Timeout: 30000
# Date: Sat Apr 11 20:19:28 EDT 2020
# Player 1: Player-0, '260729564', running on 127.0.0.1
# Player 2: Player-1, 'RandomPlayer', running on 127.0.0.1
START Player-0 260729564
START Player-1 RandomPlayer
BoardInit:Tile:7,Bonus,Tile:9,Tile:14,Bonus,Tile:15,Tile:6,Tile:9,Tile:8,Tile:10,Map,Tile:10,Tile:9,Tile:8,Tile:6,Tile:10,Malus,Map,Map,Destroy,Tile:9,Tile:0,Tile:13,Malus,Tile:5,Bonus,Tile:4,Tile:11,Tile:3,Tile:0,Tile:5,Map,Bonus,Tile:6,Tile:5,Tile:7,Destroy,Map,Destroy,Tile:5,Tile:8-Tile:6,Tile:9,Tile:8,Tile:6,Tile:0,Tile:7,Tile:1-Tile:7,Tile:2,Tile:7,Tile:12,Map,Tile:8,Tile:0-Tile:hidden2,Tile:hidden1,Tile:nugget
Tile:9_flip 5 4 1
Map 12 3 0
Drop 5 0 1
Tile:8 6 5 0
Drop 3 0 1
Tile:0 7 5 0
Tile:9_flip 5 3 1
Tile:7 8 5 0
Tile:6 6 6 1
Tile:9 8 6 0
Tile:6_flip 5 2 1
Tile:7 9 6 0
Drop 6 0 1
Tile:10 9 7 0
Tile:7 7 6 1
Tile:8 9 8 0
Tile:9_flip 6 2 1
Tile:10 8 7 0
Tile:8 4 3 1
Map 12 5 0
Tile:6_flip 4 2 1
Tile:10 9 9 0
Tile:9 5 6 1
Tile:0 10 8 0
Drop 5 0 1
Malus 0 0 0
Drop 5 0 1
Drop 0 0 0
Drop 2 0 1
Drop 0 0 0
Drop 4 0 1
Tile:0 11 8 0
Drop 6 0 1
Drop 1 0 0
Drop 3 0 1
Tile:6 12 8 0
GAMEOVER WINNER 0
# Game ended: Sat Apr 11 20:19:29 EDT 2020
