# Server version 0.08 running on 192.168.2.221:8123
# Game ID: 695
# Board class: Saboteur.SaboteurBoard
# Timeout: 2000
# First Move Timeout: 30000
# Date: Sat Apr 11 21:06:36 EDT 2020
# Player 1: Player-0, '260729564', running on 127.0.0.1
# Player 2: Player-1, 'RandomPlayer', running on 127.0.0.1
START Player-0 260729564
START Player-1 RandomPlayer
BoardInit:Tile:0,Tile:14,Tile:7,Tile:9,Tile:0,Tile:9,Tile:3,Tile:7,Tile:1,Tile:0,Tile:6,Tile:10,Tile:7,Tile:9,Bonus,Tile:7,Tile:10,Tile:5,Tile:7,Destroy,Map,Tile:9,Tile:8,Tile:8,Map,Tile:9,Tile:8,Map,Tile:11,Tile:6,Tile:0,Map,Tile:5,Tile:12,Tile:8,Bonus,Malus,Destroy,Map,Bonus,Map-Tile:6,Tile:5,Tile:6,Tile:15,Tile:8,Tile:10,Tile:5-Tile:4,Tile:13,Tile:6,Bonus,Tile:2,Malus,Destroy-Tile:hidden2,Tile:hidden1,Tile:nugget
Tile:6 5 6 1
Malus 0 0 0
Drop 1 0 1
Tile:6 6 6 0
Drop 4 0 1
Tile:9_flip 7 6 0
Drop 5 0 1
Tile:9 7 5 0
Drop 1 0 1
Tile:7 8 5 0
Drop 4 0 1
Drop 0 0 0
Drop 0 0 1
Tile:10 8 6 0
Drop 0 0 1
Tile:9 8 7 0
Drop 1 0 1
Tile:0 9 7 0
Drop 3 0 1
Tile:7 10 7 0
Drop 2 0 1
Tile:5 7 4 0
Map 12 3 1
Tile:9 10 8 0
Drop 5 0 1
Tile:8 11 8 0
Map 12 5 1
Tile:9_flip 12 8 0
GAMEOVER WINNER 0
# Game ended: Sat Apr 11 21:06:37 EDT 2020
