# Server version 0.08 running on 192.168.2.221:8123
# Game ID: 693
# Board class: Saboteur.SaboteurBoard
# Timeout: 2000
# First Move Timeout: 30000
# Date: Sat Apr 11 21:06:33 EDT 2020
# Player 1: Player-0, '260729564', running on 127.0.0.1
# Player 2: Player-1, 'RandomPlayer', running on 127.0.0.1
START Player-0 260729564
START Player-1 RandomPlayer
BoardInit:Map,Tile:6,Tile:0,Map,Tile:2,Tile:9,Tile:1,Tile:10,Tile:8,Tile:7,Tile:6,Tile:8,Tile:9,Malus,Tile:13,Tile:9,Destroy,Tile:14,Tile:0,Map,Tile:4,Tile:5,Tile:11,Map,Tile:8,Bonus,Bonus,Tile:5,Tile:6,Tile:10,Tile:5,Tile:15,Tile:7,Bonus,Tile:3,Tile:6,Tile:9,Tile:6,Tile:7,Tile:7,Tile:8-Tile:10,Tile:9,Tile:7,Destroy,Tile:0,Bonus,Map-Destroy,Tile:5,Map,Tile:12,Malus,Tile:0,Tile:8-Tile:hidden2,Tile:hidden1,Tile:nugget
Tile:9 4 5 1
Map 12 3 0
Drop 1 0 1
Malus 0 0 0
Map 12 3 1
Map 12 5 0
Bonus 0 0 1
Tile:8 5 6 0
Tile:0 6 6 1
Tile:9_flip 7 6 0
Map 12 3 1
Tile:10 7 7 0
Tile:8 7 8 1
Tile:8 8 8 0
Drop 3 0 1
Malus 0 0 0
Drop 5 0 1
Tile:9_flip 9 8 0
Destroy 4 5 1
Tile:6_flip 9 7 0
Drop 4 0 1
Tile:0 10 7 0
Destroy 10 7 1
Tile:5_flip 10 7 0
Drop 2 0 1
Tile:5 10 6 0
Drop 0 0 1
Tile:7 11 6 0
Drop 6 0 1
Tile:5 8 7 0
Drop 0 0 1
Tile:10 9 9 0
Drop 6 0 1
Drop 1 0 0
Drop 3 0 1
Drop 1 0 0
Drop 3 0 1
Tile:6 9 10 0
Drop 6 0 1
Tile:6 10 10 0
Drop 2 0 1
Tile:7_flip 11 7 0
GAMEOVER WINNER 0
# Game ended: Sat Apr 11 21:06:33 EDT 2020
