# Server version 0.08 running on 192.168.2.221:8123
# Game ID: 690
# Board class: Saboteur.SaboteurBoard
# Timeout: 2000
# First Move Timeout: 30000
# Date: Sat Apr 11 21:06:27 EDT 2020
# Player 1: Player-0, 'RandomPlayer', running on 127.0.0.1
# Player 2: Player-1, '260729564', running on 127.0.0.1
START Player-0 RandomPlayer
START Player-1 260729564
BoardInit:Tile:2,Tile:4,Tile:12,Tile:6,Bonus,Tile:8,Tile:5,Map,Malus,Tile:8,Tile:0,Tile:10,Map,Tile:6,Tile:14,Destroy,Tile:9,Tile:10,Map,Bonus,Tile:0,Destroy,Malus,Map,Tile:5,Tile:15,Tile:3,Destroy,Tile:9,Tile:6,Tile:9,Tile:8,Tile:9,Tile:11,Tile:10,Tile:7,Tile:8,Tile:13,Map,Tile:6,Map-Tile:5,Tile:6,Tile:7,Tile:8,Tile:9,Tile:7,Tile:7-Tile:0,Tile:7,Tile:0,Bonus,Bonus,Tile:1,Tile:5-Tile:hidden2,Tile:hidden1,Tile:nugget
Tile:8 6 5 1
Drop 2 0 0
Tile:9_flip 7 5 1
Tile:7 5 4 0
Tile:6 7 6 1
Tile:6 4 5 0
Tile:5_flip 8 6 1
Tile:1 3 5 0
Tile:5 8 5 1
Drop 0 0 0
Malus 0 0 1
Bonus 0 0 0
Tile:0 9 5 1
Drop 0 0 0
Map 12 3 1
Tile:4 6 4 0
Tile:7 10 5 1
Tile:10 7 4 0
Tile:9 10 6 1
Destroy 4 5 0
Map 12 5 1
Tile:8 6 6 0
Tile:0 11 6 1
Tile:6_flip 4 5 0
Malus 0 0 1
Map 12 7 0
Tile:7 12 6 1
GAMEOVER WINNER 1
# Game ended: Sat Apr 11 21:06:28 EDT 2020
