# Server version 0.08 running on 192.168.2.221:8123
# Game ID: 415
# Board class: Saboteur.SaboteurBoard
# Timeout: 2000
# First Move Timeout: 30000
# Date: Sat Apr 11 20:34:52 EDT 2020
# Player 1: Player-0, '260729564', running on 127.0.0.1
# Player 2: Player-1, 'RandomPlayer', running on 127.0.0.1
START Player-0 260729564
START Player-1 RandomPlayer
BoardInit:Tile:8,Map,Tile:6,Destroy,Destroy,Tile:1,Tile:10,Tile:5,Tile:0,Tile:13,Tile:6,Malus,Tile:6,Tile:9,Tile:7,Tile:2,Tile:3,Tile:7,Tile:6,Tile:9,Tile:8,Tile:0,Tile:11,Tile:6,Bonus,Tile:7,Tile:5,Tile:5,Tile:10,Tile:8,Tile:7,Tile:7,Bonus,Tile:9,Map,Tile:14,Tile:15,Tile:0,Tile:10,Bonus,Tile:12-Map,Malus,Tile:8,Map,Map,Tile:5,Tile:0-Tile:9,Bonus,Tile:8,Map,Destroy,Tile:4,Tile:9-Tile:hidden2,Tile:hidden1,Tile:nugget
Tile:8 4 5 1
Map 12 3 0
Tile:0 6 5 1
Map 12 5 0
Tile:6_flip 7 5 1
Tile:8 7 6 0
Map 12 3 1
Tile:9_flip 8 6 0
Tile:8 5 4 1
Tile:9 8 7 0
Tile:10 5 3 1
Tile:5_flip 9 7 0
Tile:0 6 4 1
Malus 0 0 0
Destroy 9 7 1
Tile:9_flip 9 7 0
Drop 5 0 1
Drop 2 0 0
Drop 3 0 1
Tile:7_flip 9 8 0
Map 12 5 1
Tile:9_flip 10 8 0
Map 12 3 1
Tile:0 7 4 0
Drop 5 0 1
Tile:6_flip 8 5 0
Drop 5 0 1
Tile:7_flip 10 9 0
Drop 2 0 1
Tile:5_flip 11 9 0
Drop 4 0 1
Tile:8 9 5 0
Drop 4 0 1
Tile:7 10 5 0
Drop 4 0 1
Tile:9 11 8 0
Drop 0 0 1
Drop 3 0 0
Map 12 5 1
Tile:0 12 8 0
Drop 4 0 1
Destroy 12 8 0
Drop 0 0 1
Drop 2 0 0
Drop 4 0 1
Drop 2 0 0
Drop 2 0 1
Drop 2 0 0
Drop 0 0 1
Drop 2 0 0
Drop 0 0 1
Destroy 8 7 0
Drop 1 0 1
Drop 0 0 0
Drop 0 0 1
GAMEOVER DRAW
# Game ended: Sat Apr 11 20:34:53 EDT 2020
