# Server version 0.08 running on 192.168.2.221:8123
# Game ID: 745
# Board class: Saboteur.SaboteurBoard
# Timeout: 2000
# First Move Timeout: 30000
# Date: Sat Apr 11 21:08:39 EDT 2020
# Player 1: Player-0, '260729564', running on 127.0.0.1
# Player 2: Player-1, 'RandomPlayer', running on 127.0.0.1
START Player-0 260729564
START Player-1 RandomPlayer
BoardInit:Tile:8,Tile:0,Malus,Bonus,Malus,Destroy,Map,Tile:7,Tile:9,Tile:6,Tile:6,Tile:13,Tile:8,Destroy,Map,Tile:0,Tile:6,Tile:12,Tile:10,Tile:4,Tile:9,Tile:15,Tile:5,Tile:1,Tile:3,Tile:8,Map,Tile:9,Tile:11,Tile:5,Destroy,Tile:7,Tile:5,Tile:7,Bonus,Tile:0,Tile:8,Map,Tile:7,Bonus,Tile:6-Tile:2,Tile:10,Tile:8,Tile:0,Map,Map,Tile:6-Tile:10,Tile:9,Tile:5,Tile:7,Tile:9,Bonus,Tile:14-Tile:nugget,Tile:hidden2,Tile:hidden1
Map 12 7 1
Tile:9_flip 6 5 0
Tile:8 5 4 1
Tile:7_flip 6 6 0
Drop 1 0 1
Tile:0 7 6 0
Tile:2_flip 4 5 1
Tile:5_flip 8 6 0
Tile:8 5 3 1
Tile:10 8 5 0
Tile:6_flip 6 4 1
Tile:6_flip 8 4 0
Tile:6 9 4 1
Tile:9_flip 10 4 0
Tile:9_flip 5 2 1
Tile:7_flip 10 5 0
Drop 0 0 1
Tile:0 11 5 0
Malus 0 0 1
Bonus 0 0 0
Tile:8 5 1 1
Drop 0 0 0
Tile:6 4 2 1
Drop 2 0 0
Drop 4 0 1
Drop 3 0 0
Tile:3 12 4 1
Tile:8 13 5 0
Tile:9 4 1 1
Tile:9 13 4 0
Tile:11_flip 13 6 1
GAMEOVER TIMEOUT WINNER 1
# Game ended: Sat Apr 11 21:08:43 EDT 2020
