# Server version 0.08 running on 192.168.2.221:8123
# Game ID: 1135
# Board class: Saboteur.SaboteurBoard
# Timeout: 2000
# First Move Timeout: 30000
# Date: Sat Apr 11 21:35:01 EDT 2020
# Player 1: Player-0, '260729564', running on 127.0.0.1
# Player 2: Player-1, 'RandomPlayer', running on 127.0.0.1
START Player-0 260729564
START Player-1 RandomPlayer
BoardInit:Tile:0,Map,Tile:13,Tile:5,Tile:14,Tile:3,Tile:10,Destroy,Tile:6,Map,Tile:6,Destroy,Tile:2,Tile:7,Tile:8,Tile:6,Bonus,Tile:0,Map,Tile:15,Tile:8,Destroy,Tile:7,Tile:9,Tile:8,Malus,Bonus,Bonus,Tile:7,Tile:5,Tile:1,Tile:6,Tile:11,Malus,Tile:12,Bonus,Tile:0,Tile:8,Tile:9,Tile:6,Tile:5-Tile:4,Tile:8,Tile:7,Tile:9,Tile:9,Tile:10,Tile:0-Tile:7,Map,Tile:9,Map,Tile:5,Tile:10,Map-Tile:hidden2,Tile:hidden1,Tile:nugget
Tile:9_flip 5 4 1
Map 12 3 0
Tile:9_flip 6 5 1
Map 12 5 0
Tile:7_flip 4 4 1
Tile:9 6 6 0
Tile:10 6 7 1
Tile:5_flip 7 6 0
Tile:14 5 6 1
Tile:5 7 5 0
Tile:0 4 6 1
Tile:7 8 5 0
Tile:13 6 8 1
Tile:10 8 6 0
Tile:6 6 9 1
Tile:7_flip 8 7 0
Tile:8 9 7 1
Tile:6 10 7 0
Tile:2 5 3 1
Tile:0 11 7 0
GAMEOVER WINNER 0
# Game ended: Sat Apr 11 21:35:01 EDT 2020
