# Server version 0.08 running on 192.168.2.221:8123
# Game ID: 1321
# Board class: Saboteur.SaboteurBoard
# Timeout: 2000
# First Move Timeout: 30000
# Date: Sat Apr 11 21:57:27 EDT 2020
# Player 1: Player-0, '260729564', running on 127.0.0.1
# Player 2: Player-1, 'RandomPlayer', running on 127.0.0.1
START Player-0 260729564
START Player-1 RandomPlayer
BoardInit:Tile:8,Tile:6,Bonus,Tile:5,Map,Map,Bonus,Tile:4,Tile:12,Tile:1,Destroy,Tile:6,Tile:10,Tile:15,Tile:7,Tile:7,Map,Tile:3,Tile:0,Tile:8,Map,Tile:10,Tile:14,Tile:5,Tile:5,Bonus,Tile:7,Tile:9,Tile:8,Destroy,Tile:8,Tile:0,Tile:9,Tile:7,Tile:10,Tile:9,Tile:0,Malus,Tile:2,Tile:0,Tile:5-Malus,Tile:6,Tile:9,Tile:11,Bonus,Destroy,Tile:13-Map,Tile:6,Map,Tile:8,Tile:9,Tile:6,Tile:7-Tile:hidden1,Tile:nugget,Tile:hidden2
Tile:9_flip 5 4 1
Map 12 3 0
Tile:13 4 4 1
Map 12 5 0
Tile:11 4 5 1
Tile:8 6 5 0
Tile:6 3 4 1
Tile:9_flip 7 5 0
Tile:8 3 3 1
Tile:6 7 6 0
Drop 1 0 1
Tile:6 8 6 0
Destroy 3 3 1
Tile:6 9 6 0
Destroy 8 6 1
Tile:6 8 6 0
Tile:10 6 4 1
Tile:7 10 6 0
Drop 1 0 1
Tile:7_flip 10 7 0
Tile:7_flip 2 4 1
Tile:8 11 7 0
Map 12 5 1
Tile:10 12 6 0
GAMEOVER WINNER 0
# Game ended: Sat Apr 11 21:57:28 EDT 2020
