# Server version 0.08 running on 192.168.2.221:8123
# Game ID: 44
# Board class: Saboteur.SaboteurBoard
# Timeout: 2000
# First Move Timeout: 30000
# Date: Sat Apr 11 16:09:31 EDT 2020
# Player 1: Player-0, 'RandomPlayer', running on 127.0.0.1
# Player 2: Player-1, '260729564', running on 127.0.0.1
START Player-0 RandomPlayer
START Player-1 260729564
BoardInit:Tile:6,Map,Tile:10,Bonus,Tile:0,Map,Tile:0,Tile:0,Tile:2,Tile:0,Tile:11,Tile:12,Tile:8,Tile:13,Tile:5,Malus,Tile:5,Malus,Tile:5,Map,Tile:10,Bonus,Tile:6,Tile:10,Tile:6,Tile:9,Tile:5,Tile:7,Tile:8,Tile:7,Tile:3,Tile:7,Map,Map,Tile:7,Tile:9,Destroy,Tile:8,Tile:1,Tile:9,Tile:6-Tile:8,Tile:8,Destroy,Tile:9,Tile:6,Tile:9,Map-Tile:14,Tile:7,Bonus,Destroy,Bonus,Tile:4,Tile:15-Tile:hidden1,Tile:nugget,Tile:hidden2
Map 12 3 1
Tile:7_flip 4 5 0
Tile:8 6 5 1
Drop 1 0 0
Tile:8 7 5 1
Map 12 3 0
Tile:6 8 5 1
Tile:14_flip 7 4 0
Tile:6 9 5 1
Destroy 7 4 0
Tile:0 10 5 1
Tile:4 7 4 0
Tile:0 11 5 1
GAMEOVER WINNER 1
# Game ended: Sat Apr 11 16:09:31 EDT 2020
