# Server version 0.08 running on 192.168.2.221:8123
# Game ID: 1216
# Board class: Saboteur.SaboteurBoard
# Timeout: 2000
# First Move Timeout: 30000
# Date: Sat Apr 11 21:39:19 EDT 2020
# Player 1: Player-0, 'RandomPlayer', running on 127.0.0.1
# Player 2: Player-1, '260729564', running on 127.0.0.1
START Player-0 RandomPlayer
START Player-1 260729564
BoardInit:Bonus,Tile:5,Tile:10,Map,Map,Bonus,Tile:9,Tile:14,Tile:8,Tile:10,Destroy,Bonus,Tile:8,Tile:0,Tile:1,Destroy,Tile:8,Tile:5,Tile:13,Tile:15,Tile:9,Tile:7,Tile:3,Tile:7,Tile:6,Tile:0,Tile:5,Tile:12,Tile:0,Tile:4,Tile:6,Malus,Map,Tile:9,Tile:9,Bonus,Tile:9,Malus,Tile:6,Map,Map-Tile:7,Tile:0,Tile:7,Tile:8,Map,Tile:5,Tile:8-Tile:6,Tile:10,Tile:2,Tile:7,Tile:6,Destroy,Tile:11-Tile:nugget,Tile:hidden1,Tile:hidden2
Map 12 3 1
Tile:2 6 5 0
Tile:8 5 4 1
Tile:7_flip 4 5 0
Tile:8 5 3 1
Tile:11_flip 6 6 0
Tile:0 6 4 1
Tile:6 6 7 0
Tile:9_flip 7 4 1
Destroy 6 4 0
Tile:8 6 3 1
Drop 3 0 0
Tile:10 6 2 1
Tile:6 5 6 0
Tile:8 7 3 1
Tile:5 4 4 0
Tile:7 8 3 1
Tile:0 4 3 0
Tile:8 7 5 1
Tile:5 4 6 0
Tile:7_flip 8 4 1
Tile:10 4 7 0
Tile:9_flip 9 4 1
Destroy 9 4 0
Tile:5_flip 9 4 1
Tile:15 4 8 0
Tile:6_flip 8 5 1
Tile:14 4 9 0
Tile:5 9 3 1
Drop 2 0 0
Tile:0 10 3 1
Tile:7_flip 7 6 0
Tile:6 11 3 1
GAMEOVER WINNER 1
# Game ended: Sat Apr 11 21:39:19 EDT 2020
