# Server version 0.08 running on 192.168.2.221:8123
# Game ID: 343
# Board class: Saboteur.SaboteurBoard
# Timeout: 2000
# First Move Timeout: 30000
# Date: Sat Apr 11 20:20:03 EDT 2020
# Player 1: Player-0, '260729564', running on 127.0.0.1
# Player 2: Player-1, 'RandomPlayer', running on 127.0.0.1
START Player-0 260729564
START Player-1 RandomPlayer
BoardInit:Tile:7,Tile:0,Map,Map,Tile:15,Tile:13,Tile:10,Tile:10,Tile:4,Destroy,Tile:7,Tile:9,Tile:6,Map,Tile:6,Destroy,Tile:2,Map,Bonus,Bonus,Destroy,Tile:9,Tile:0,Tile:7,Tile:7,Tile:14,Malus,Tile:5,Tile:0,Tile:5,Tile:0,Tile:8,Bonus,Tile:6,Tile:1,Bonus,Tile:9,Tile:11,Tile:6,Tile:9,Tile:9-Map,Map,Tile:5,Tile:8,Tile:8,Tile:6,Tile:7-Tile:12,Malus,Tile:8,Tile:3,Tile:8,Tile:5,Tile:10-Tile:hidden2,Tile:hidden1,Tile:nugget
Tile:8 5 4 1
Malus 0 0 0
Drop 2 0 1
Tile:8 6 4 0
Drop 1 0 1
Map 12 3 0
Drop 1 0 1
Tile:8 7 4 0
Drop 1 0 1
Tile:0 8 4 0
Drop 3 0 1
Tile:5_flip 9 4 0
Drop 4 0 1
Tile:10 9 3 0
Map 12 7 1
Map 12 5 0
Drop 5 0 1
Tile:10 9 2 0
Drop 3 0 1
Tile:9 7 5 0
Drop 2 0 1
Drop 0 0 0
Destroy 9 4 1
Tile:9_flip 9 4 0
Drop 5 0 1
Tile:7_flip 9 5 0
Drop 0 0 1
Drop 0 0 0
Drop 6 0 1
Tile:5_flip 10 5 0
Drop 0 0 1
Tile:5 10 4 0
Drop 6 0 1
Tile:8 11 4 0
Drop 0 0 1
Tile:6_flip 11 3 0
Drop 4 0 1
Drop 0 0 0
Drop 0 0 1
Drop 2 0 0
Drop 4 0 1
Tile:9_flip 7 6 0
Drop 5 0 1
Drop 3 0 0
Drop 4 0 1
Drop 3 0 0
Drop 3 0 1
Drop 3 0 0
Drop 0 0 1
Destroy 9 2 0
Drop 0 0 1
Destroy 5 4 0
Drop 1 0 1
Drop 0 0 0
Drop 0 0 1
GAMEOVER DRAW
# Game ended: Sat Apr 11 20:20:04 EDT 2020
