# Server version 0.08 running on 192.168.2.221:8123
# Game ID: 1250
# Board class: Saboteur.SaboteurBoard
# Timeout: 2000
# First Move Timeout: 30000
# Date: Sat Apr 11 21:41:32 EDT 2020
# Player 1: Player-0, 'RandomPlayer', running on 127.0.0.1
# Player 2: Player-1, '260729564', running on 127.0.0.1
START Player-0 RandomPlayer
START Player-1 260729564
BoardInit:Tile:8,Tile:8,Tile:5,Destroy,Map,Tile:5,Destroy,Tile:9,Bonus,Tile:0,Tile:7,Tile:9,Map,Tile:10,Tile:14,Tile:4,Tile:11,Tile:7,Tile:0,Malus,Tile:6,Tile:13,Tile:7,Tile:7,Map,Tile:3,Tile:10,Destroy,Tile:8,Tile:9,Tile:6,Tile:9,Tile:10,Tile:12,Tile:1,Tile:0,Malus,Tile:8,Tile:6,Tile:7,Map-Map,Tile:5,Tile:9,Tile:15,Bonus,Tile:6,Tile:5-Map,Bonus,Tile:0,Bonus,Tile:2,Tile:8,Tile:6-Tile:hidden2,Tile:nugget,Tile:hidden1
Map 12 3 1
Drop 3 0 0
Tile:8 6 5 1
Tile:2_flip 4 5 0
Tile:6 7 5 1
Drop 1 0 0
Map 12 5 1
Tile:8 4 4 0
Tile:9_flip 8 5 1
Tile:6_flip 5 4 0
Tile:5 8 4 1
Tile:5 3 5 0
Tile:5_flip 9 4 1
Destroy 4 4 0
Tile:7_flip 8 6 1
Tile:9 9 3 0
Tile:5_flip 9 6 1
Tile:9_flip 7 4 0
Drop 0 0 1
Tile:8 6 6 0
Tile:0 10 3 1
Tile:4 9 5 0
Tile:6_flip 11 3 1
Tile:13 6 4 0
Tile:7_flip 12 4 1
Tile:0 13 4 0
Destroy 12 4 1
Tile:10 11 4 0
Tile:10 12 2 1
Destroy 13 4 0
Tile:8 13 3 1
Tile:3 7 6 0
Tile:6 13 4 1
Tile:7_flip 12 4 0
Tile:10 13 2 1
Drop 3 0 0
Drop 1 0 1
Tile:9_flip 6 7 0
Malus 0 0 1
Map 12 7 0
GAMEOVER TIMEOUT WINNER 0
# Game ended: Sat Apr 11 21:41:38 EDT 2020
