# Server version 0.08 running on 192.168.2.221:8123
# Game ID: 673
# Board class: Saboteur.SaboteurBoard
# Timeout: 2000
# First Move Timeout: 30000
# Date: Sat Apr 11 21:05:27 EDT 2020
# Player 1: Player-0, '260729564', running on 127.0.0.1
# Player 2: Player-1, 'RandomPlayer', running on 127.0.0.1
START Player-0 260729564
START Player-1 RandomPlayer
BoardInit:Tile:6,Bonus,Tile:8,Tile:5,Tile:10,Tile:13,Tile:0,Tile:10,Tile:15,Tile:0,Tile:8,Tile:0,Tile:6,Tile:8,Tile:11,Tile:9,Tile:4,Tile:6,Tile:7,Tile:3,Tile:10,Tile:0,Map,Map,Tile:5,Tile:7,Map,Tile:9,Map,Map,Tile:12,Tile:9,Tile:9,Tile:8,Tile:5,Tile:2,Malus,Tile:9,Tile:5,Map,Destroy-Destroy,Bonus,Tile:6,Bonus,Tile:7,Tile:14,Malus-Tile:6,Tile:8,Tile:7,Destroy,Tile:1,Tile:7,Bonus-Tile:hidden2,Tile:hidden1,Tile:nugget
Tile:7_flip 5 6 1
Tile:8 6 6 0
Destroy 5 6 1
Tile:6_flip 6 5 0
Drop 2 0 1
Tile:7 7 6 0
Tile:14_flip 4 5 1
Tile:5_flip 7 5 0
Tile:6 5 6 1
Tile:10 7 4 0
Tile:6 7 7 1
Tile:0 8 7 0
Tile:8 7 3 1
Tile:0 9 7 0
Tile:0 6 3 1
Tile:8 10 7 0
Tile:6_flip 7 2 1
Tile:9 10 6 0
Malus 0 0 1
Bonus 0 0 0
Tile:7 11 6 1
Tile:6 11 7 0
GAMEOVER WINNER 0
# Game ended: Sat Apr 11 21:05:28 EDT 2020
