# Server version 0.08 running on 192.168.2.221:8123
# Game ID: 529
# Board class: Saboteur.SaboteurBoard
# Timeout: 2000
# First Move Timeout: 30000
# Date: Sat Apr 11 20:42:18 EDT 2020
# Player 1: Player-0, '260729564', running on 127.0.0.1
# Player 2: Player-1, 'RandomPlayer', running on 127.0.0.1
START Player-0 260729564
START Player-1 RandomPlayer
BoardInit:Map,Tile:12,Tile:13,Tile:6,Map,Tile:5,Tile:10,Tile:4,Map,Tile:14,Tile:6,Bonus,Tile:10,Tile:6,Tile:7,Bonus,Bonus,Tile:6,Tile:0,Tile:10,Tile:0,Destroy,Tile:3,Tile:15,Tile:9,Tile:7,Malus,Tile:7,Tile:8,Malus,Tile:11,Tile:9,Tile:2,Tile:7,Map,Tile:5,Tile:0,Tile:8,Tile:9,Map,Tile:8-Tile:9,Tile:5,Tile:7,Tile:9,Tile:5,Tile:8,Map-Tile:8,Destroy,Bonus,Tile:0,Tile:1,Tile:6,Destroy-Tile:hidden2,Tile:nugget,Tile:hidden1
Tile:8 6 5 1
Tile:8 7 5 0
Drop 2 0 1
Tile:0 8 5 0
Tile:5_flip 7 6 1
Tile:6 9 5 0
Tile:9 5 6 1
Tile:6 10 5 0
Tile:5_flip 5 7 1
Drop 2 0 0
Map 12 7 1
Tile:5_flip 11 5 0
Tile:13 5 4 1
Destroy 11 5 0
Tile:6_flip 7 4 1
Tile:6 11 5 0
GAMEOVER WINNER 0
# Game ended: Sat Apr 11 20:42:19 EDT 2020
