# Server version 0.08 running on 192.168.2.221:8123
# Game ID: 906
# Board class: Saboteur.SaboteurBoard
# Timeout: 2000
# First Move Timeout: 30000
# Date: Sat Apr 11 21:19:40 EDT 2020
# Player 1: Player-0, 'RandomPlayer', running on 127.0.0.1
# Player 2: Player-1, '260729564', running on 127.0.0.1
START Player-0 RandomPlayer
START Player-1 260729564
BoardInit:Map,Tile:9,Tile:8,Bonus,Tile:14,Destroy,Tile:5,Tile:6,Tile:13,Tile:0,Destroy,Tile:8,Tile:8,Tile:6,Tile:5,Tile:7,Tile:7,Tile:9,Tile:12,Tile:8,Map,Tile:10,Map,Destroy,Bonus,Map,Tile:3,Tile:6,Tile:0,Tile:0,Tile:9,Tile:6,Map,Map,Tile:0,Bonus,Tile:15,Bonus,Tile:1,Tile:9,Malus-Tile:10,Tile:11,Tile:6,Tile:4,Tile:5,Tile:2,Tile:10-Tile:7,Tile:8,Tile:5,Tile:7,Tile:9,Malus,Tile:7-Tile:hidden2,Tile:hidden1,Tile:nugget
Tile:6 6 5 1
Tile:7_flip 4 5 0
Map 12 3 1
Tile:8 7 5 0
Tile:8 8 5 1
Tile:9_flip 4 4 0
Tile:5_flip 9 5 1
Tile:5 5 4 0
Tile:5 9 4 1
Destroy 9 5 0
Tile:10 8 4 1
Drop 4 0 0
Tile:10 8 6 1
Tile:7_flip 3 4 0
Tile:8 9 5 1
Tile:9_flip 4 3 0
Tile:5_flip 10 4 1
Tile:7_flip 5 6 0
Tile:7 10 5 1
Tile:8 3 3 0
Drop 0 0 1
Tile:9_flip 10 3 0
Map 12 5 1
Tile:6 2 3 0
Drop 0 0 1
Tile:10 3 2 0
Drop 0 0 1
Tile:6_flip 6 6 0
Drop 0 0 1
Destroy 3 2 0
Tile:0 9 3 1
Map 12 3 0
Tile:9 10 6 1
Tile:6_flip 11 6 0
Drop 0 0 1
Tile:6_flip 12 6 0
GAMEOVER WINNER 0
# Game ended: Sat Apr 11 21:19:40 EDT 2020
