# Server version 0.08 running on 192.168.2.221:8123
# Game ID: 765
# Board class: Saboteur.SaboteurBoard
# Timeout: 2000
# First Move Timeout: 30000
# Date: Sat Apr 11 21:09:43 EDT 2020
# Player 1: Player-0, '260729564', running on 127.0.0.1
# Player 2: Player-1, 'RandomPlayer', running on 127.0.0.1
START Player-0 260729564
START Player-1 RandomPlayer
BoardInit:Tile:6,Tile:12,Tile:10,Tile:10,Tile:2,Tile:0,Tile:8,Tile:8,Tile:7,Tile:7,Map,Tile:6,Destroy,Destroy,Tile:0,Map,Tile:15,Tile:5,Tile:9,Tile:3,Bonus,Tile:9,Map,Map,Tile:6,Tile:6,Tile:5,Map,Tile:0,Tile:10,Tile:9,Malus,Tile:4,Tile:14,Tile:0,Map,Bonus,Malus,Tile:8,Bonus,Tile:9-Tile:1,Tile:11,Tile:7,Tile:5,Tile:8,Tile:7,Tile:13-Tile:7,Tile:5,Bonus,Destroy,Tile:9,Tile:6,Tile:8-Tile:hidden1,Tile:nugget,Tile:hidden2
Tile:7_flip 5 6 1
Tile:8 6 6 0
Tile:5 4 5 1
Tile:6 7 6 0
Tile:13 6 5 1
Tile:9_flip 8 6 0
Tile:11_flip 4 6 1
Tile:10 8 5 0
Drop 0 0 1
Tile:8 8 4 0
Tile:8 7 4 1
Tile:0 9 4 0
Drop 6 0 1
Tile:6 10 4 0
Tile:10 4 7 1
Tile:7 11 4 0
Tile:0 3 6 1
Map 12 3 0
Tile:6_flip 5 4 1
Tile:7_flip 11 5 0
GAMEOVER WINNER 0
# Game ended: Sat Apr 11 21:09:43 EDT 2020
