# Server version 0.08 running on 192.168.2.221:8123
# Game ID: 181
# Board class: Saboteur.SaboteurBoard
# Timeout: 2000
# First Move Timeout: 30000
# Date: Sat Apr 11 20:06:42 EDT 2020
# Player 1: Player-0, '260729564', running on 127.0.0.1
# Player 2: Player-1, 'RandomPlayer', running on 127.0.0.1
START Player-0 260729564
START Player-1 RandomPlayer
BoardInit:Tile:14,Tile:10,Destroy,Map,Tile:2,Malus,Tile:9,Tile:8,Tile:5,Tile:5,Tile:6,Map,Tile:4,Map,Tile:7,Map,Tile:11,Tile:10,Tile:12,Destroy,Tile:13,Map,Tile:8,Tile:6,Tile:3,Malus,Tile:8,Map,Tile:15,Tile:0,Tile:0,Bonus,Bonus,Tile:9,Tile:8,Tile:7,Tile:7,Tile:6,Tile:6,Tile:5,Tile:5-Destroy,Tile:0,Tile:7,Bonus,Tile:8,Tile:7,Tile:10-Tile:9,Bonus,Tile:1,Tile:6,Tile:9,Tile:0,Tile:9-Tile:hidden2,Tile:hidden1,Tile:nugget
Tile:7 6 5 1
Tile:9 6 6 0
Destroy 6 6 1
Tile:9 6 6 0
Tile:7_flip 4 5 1
Map 12 3 0
Tile:8 4 4 1
Malus 0 0 0
Drop 6 0 1
Tile:8 7 6 0
Drop 3 0 1
Tile:9_flip 8 6 0
Drop 0 0 1
Map 12 5 0
Bonus 0 0 1
Tile:10 8 7 0
Tile:7_flip 8 8 1
Tile:6 9 8 0
Tile:11_flip 5 6 1
Tile:0 10 8 0
Tile:4 8 5 1
Tile:10 9 7 0
Destroy 4 4 1
Tile:5_flip 11 8 0
Tile:10 7 7 1
Tile:6_flip 11 7 0
GAMEOVER WINNER 0
# Game ended: Sat Apr 11 20:06:42 EDT 2020
