# Server version 0.08 running on 192.168.2.221:8123
# Game ID: 744
# Board class: Saboteur.SaboteurBoard
# Timeout: 2000
# First Move Timeout: 30000
# Date: Sat Apr 11 21:08:37 EDT 2020
# Player 1: Player-0, 'RandomPlayer', running on 127.0.0.1
# Player 2: Player-1, '260729564', running on 127.0.0.1
START Player-0 RandomPlayer
START Player-1 260729564
BoardInit:Bonus,Tile:7,Map,Tile:5,Tile:0,Tile:1,Tile:15,Tile:10,Tile:6,Tile:7,Tile:6,Tile:7,Malus,Tile:10,Tile:8,Bonus,Tile:6,Map,Malus,Tile:3,Tile:4,Tile:0,Destroy,Tile:8,Tile:9,Bonus,Tile:11,Destroy,Destroy,Tile:9,Tile:2,Map,Map,Tile:10,Tile:12,Tile:5,Map,Tile:13,Tile:7,Tile:5,Tile:0-Tile:8,Tile:5,Tile:8,Tile:7,Map,Tile:9,Tile:0-Tile:8,Tile:9,Tile:6,Tile:6,Bonus,Tile:14,Tile:9-Tile:nugget,Tile:hidden1,Tile:hidden2
Map 12 3 1
Tile:9 4 5 0
Tile:8 5 4 1
Tile:6 5 6 0
Tile:8 6 4 1
Tile:6 6 5 0
Tile:0 7 4 1
Tile:5 6 3 0
Tile:0 8 4 1
Tile:1 7 5 0
Tile:6 9 4 1
Drop 1 0 0
Tile:6 10 4 1
Tile:7 8 5 0
Malus 0 0 1
Drop 0 0 0
Tile:8 11 4 1
Drop 1 0 0
Tile:6 12 4 1
GAMEOVER WINNER 1
# Game ended: Sat Apr 11 21:08:37 EDT 2020
