# Server version 0.08 running on 192.168.2.221:8123
# Game ID: 29
# Board class: Saboteur.SaboteurBoard
# Timeout: 2000
# First Move Timeout: 30000
# Date: Sat Apr 11 15:56:31 EDT 2020
# Player 1: Player-0, 'RandomPlayer', running on 127.0.0.1
# Player 2: Player-1, '260729564', running on 127.0.0.1
START Player-0 RandomPlayer
START Player-1 260729564
BoardInit:Tile:7,Bonus,Tile:8,Tile:10,Tile:6,Tile:0,Tile:7,Tile:8,Tile:12,Tile:7,Tile:2,Map,Tile:3,Destroy,Tile:9,Tile:0,Tile:8,Bonus,Tile:9,Tile:10,Tile:10,Malus,Tile:4,Tile:7,Bonus,Tile:6,Tile:0,Destroy,Tile:11,Tile:0,Map,Tile:5,Tile:13,Bonus,Tile:6,Tile:15,Tile:8,Tile:14,Tile:9,Tile:5,Map-Tile:5,Map,Map,Tile:5,Tile:6,Tile:7,Tile:9-Malus,Map,Destroy,Tile:9,Tile:1,Tile:6,Tile:8-Tile:nugget,Tile:hidden1,Tile:hidden2
Map 12 3 1
Map 12 3 0
Tile:7 6 5 1
Tile:9_flip 6 6 0
Tile:9 5 4 1
Tile:6 5 6 0
Tile:6 6 4 1
Destroy 6 6 0
Tile:6 7 4 1
Tile:1 4 6 0
Tile:8 5 3 1
Tile:8 5 2 0
Drop 1 0 1
Drop 0 0 0
Drop 4 0 1
Destroy 5 2 0
Tile:5_flip 8 4 1
Drop 0 0 0
Tile:8 5 2 1
Tile:0 6 2 0
Tile:5 8 3 1
Tile:8 9 3 0
Drop 2 0 1
Tile:10 7 3 0
Drop 2 0 1
Tile:7_flip 9 4 0
Tile:7 10 3 1
Tile:0 4 3 0
Drop 4 0 1
Drop 4 0 0
Drop 6 0 1
Destroy 5 2 0
Drop 6 0 1
Map 12 3 0
Drop 6 0 1
Tile:5 9 2 0
Tile:0 10 2 1
Tile:0 3 6 0
Tile:6 11 2 1
Tile:6 12 2 0
GAMEOVER TIMEOUT WINNER 0
# Game ended: Sat Apr 11 15:56:35 EDT 2020
