# Server version 0.08 running on 192.168.2.221:8123
# Game ID: 1329
# Board class: Saboteur.SaboteurBoard
# Timeout: 2000
# First Move Timeout: 30000
# Date: Sat Apr 11 21:57:47 EDT 2020
# Player 1: Player-0, '260729564', running on 127.0.0.1
# Player 2: Player-1, 'RandomPlayer', running on 127.0.0.1
START Player-0 260729564
START Player-1 RandomPlayer
BoardInit:Tile:14,Tile:13,Tile:9,Bonus,Tile:7,Tile:4,Tile:6,Tile:10,Map,Tile:5,Tile:10,Tile:0,Tile:6,Destroy,Map,Bonus,Bonus,Tile:0,Tile:8,Tile:6,Tile:5,Map,Tile:11,Malus,Tile:8,Tile:10,Destroy,Tile:0,Tile:8,Tile:7,Tile:9,Tile:6,Map,Tile:7,Malus,Tile:1,Tile:6,Tile:7,Map,Map,Tile:15-Bonus,Tile:7,Tile:12,Tile:9,Tile:5,Tile:3,Tile:8-Tile:9,Tile:2,Tile:9,Tile:0,Destroy,Tile:8,Tile:5-Tile:hidden1,Tile:nugget,Tile:hidden2
Tile:8 5 4 1
Tile:8 6 4 0
Tile:9_flip 5 6 1
Tile:0 7 4 0
Tile:14_flip 6 3 1
Tile:9_flip 8 4 0
Tile:9_flip 5 3 1
Tile:9 8 5 0
Tile:12 9 5 1
Tile:10 8 6 0
Tile:3_flip 4 6 1
Tile:5 8 3 0
Tile:5_flip 7 3 1
Tile:0 9 3 0
Tile:7 5 2 1
Tile:5_flip 10 3 0
Tile:6 5 7 1
Drop 0 0 0
Tile:7_flip 8 7 1
Tile:0 9 7 0
Tile:6 6 5 1
Tile:6 10 7 0
Tile:5 4 2 1
Map 12 3 0
Map 12 5 1
Malus 0 0 0
Bonus 0 0 1
Tile:10 10 6 0
Tile:11_flip 10 2 1
Tile:0 11 7 0
Map 12 3 1
Tile:7 13 7 0
Destroy 10 3 1
Tile:6_flip 12 6 0
Tile:8 7 2 1
Destroy 11 7 0
Tile:9_flip 6 7 1
Tile:7_flip 11 6 0
Tile:8 10 3 1
GAMEOVER TIMEOUT WINNER 1
# Game ended: Sat Apr 11 21:57:57 EDT 2020
