# Server version 0.08 running on 192.168.2.221:8123
# Game ID: 1157
# Board class: Saboteur.SaboteurBoard
# Timeout: 2000
# First Move Timeout: 30000
# Date: Sat Apr 11 21:36:05 EDT 2020
# Player 1: Player-0, '260729564', running on 127.0.0.1
# Player 2: Player-1, 'RandomPlayer', running on 127.0.0.1
START Player-0 260729564
START Player-1 RandomPlayer
BoardInit:Tile:7,Tile:6,Map,Malus,Tile:7,Map,Tile:8,Tile:5,Bonus,Tile:9,Tile:5,Tile:6,Tile:11,Tile:8,Tile:7,Tile:6,Tile:9,Tile:0,Tile:15,Tile:1,Tile:0,Tile:10,Tile:10,Tile:8,Tile:12,Destroy,Map,Destroy,Tile:5,Destroy,Bonus,Tile:14,Tile:4,Tile:8,Map,Map,Map,Tile:3,Tile:9,Tile:10,Tile:6-Tile:7,Tile:0,Tile:13,Tile:7,Tile:0,Bonus,Malus-Tile:5,Tile:6,Tile:2,Bonus,Tile:9,Tile:8,Tile:9-Tile:hidden1,Tile:hidden2,Tile:nugget
Tile:0 6 5 1
Tile:8 7 5 0
Tile:0 4 5 1
Tile:9_flip 8 5 0
Tile:7_flip 8 6 1
Malus 0 0 0
Malus 0 0 1
Bonus 0 0 0
Map 12 5 1
Map 12 3 0
Drop 4 0 1
Tile:9_flip 9 6 0
Drop 3 0 1
Tile:9 9 5 0
Drop 2 0 1
Tile:8 10 5 0
Drop 1 0 1
Tile:6 11 5 0
Drop 3 0 1
Tile:6_flip 13 5 0
Drop 2 0 1
Tile:6 13 6 0
Drop 0 0 1
Tile:10 12 4 0
Drop 2 0 1
Tile:6_flip 13 3 0
Drop 0 0 1
Tile:0 11 3 0
Drop 6 0 1
Tile:8 12 6 0
GAMEOVER WINNER 0
# Game ended: Sat Apr 11 21:36:06 EDT 2020
