# Server version 0.08 running on 192.168.2.221:8123
# Game ID: 605
# Board class: Saboteur.SaboteurBoard
# Timeout: 2000
# First Move Timeout: 30000
# Date: Sat Apr 11 20:58:25 EDT 2020
# Player 1: Player-0, '260729564', running on 127.0.0.1
# Player 2: Player-1, 'RandomPlayer', running on 127.0.0.1
START Player-0 260729564
START Player-1 RandomPlayer
BoardInit:Tile:8,Bonus,Tile:10,Tile:6,Tile:3,Tile:6,Tile:0,Tile:13,Tile:9,Tile:6,Malus,Tile:4,Tile:7,Tile:0,Bonus,Tile:8,Tile:7,Tile:7,Tile:0,Tile:5,Tile:0,Tile:6,Destroy,Tile:5,Map,Tile:9,Bonus,Map,Map,Map,Tile:8,Tile:12,Tile:8,Tile:7,Tile:9,Bonus,Tile:2,Map,Tile:10,Tile:9,Map-Tile:10,Tile:6,Tile:8,Tile:7,Destroy,Destroy,Tile:14-Tile:5,Tile:1,Tile:9,Tile:15,Tile:5,Tile:11,Malus-Tile:nugget,Tile:hidden2,Tile:hidden1
Tile:6_flip 4 5 1
Malus 0 0 0
Destroy 4 5 1
Tile:9_flip 6 5 0
Drop 4 0 1
Tile:6 6 6 0
Drop 5 0 1
Tile:6 7 6 0
Destroy 6 6 1
Tile:5 7 5 0
Drop 4 0 1
Tile:6 6 6 0
Malus 0 0 1
Bonus 0 0 0
Drop 0 0 1
Tile:0 8 6 0
Drop 1 0 1
Tile:8 9 6 0
Drop 3 0 1
Tile:5_flip 10 6 0
Drop 2 0 1
Tile:5 10 5 0
Drop 3 0 1
Tile:6 11 5 0
Drop 3 0 1
Tile:5 12 4 0
Map 12 3 1
Tile:9_flip 13 4 0
Destroy 6 6 1
Map 12 3 0
Bonus 0 0 1
Tile:7_flip 6 6 0
Tile:7 5 4 1
Drop 0 0 0
Drop 5 0 1
Tile:7_flip 12 6 0
Tile:9_flip 5 6 1
Drop 0 0 0
Tile:2 4 5 1
Drop 0 0 0
Tile:8 13 6 1
Tile:9 13 3 0
Tile:0 8 5 1
Drop 0 0 0
Drop 4 0 1
Drop 0 0 0
Tile:8 5 7 1
Drop 0 0 0
Tile:8 13 5 1
Drop 0 0 0
Tile:0 4 4 1
Drop 1 0 0
Map 12 7 1
Drop 0 0 0
Drop 0 0 1
GAMEOVER DRAW
# Game ended: Sat Apr 11 20:58:28 EDT 2020
