# Server version 0.08 running on 192.168.2.221:8123
# Game ID: 577
# Board class: Saboteur.SaboteurBoard
# Timeout: 2000
# First Move Timeout: 30000
# Date: Sat Apr 11 20:56:10 EDT 2020
# Player 1: Player-0, '260729564', running on 127.0.0.1
# Player 2: Player-1, 'RandomPlayer', running on 127.0.0.1
START Player-0 260729564
START Player-1 RandomPlayer
BoardInit:Tile:0,Tile:5,Map,Tile:10,Tile:8,Tile:5,Map,Destroy,Tile:9,Tile:8,Tile:9,Tile:1,Tile:7,Tile:8,Tile:6,Tile:7,Tile:11,Destroy,Bonus,Tile:0,Tile:14,Map,Malus,Bonus,Tile:0,Bonus,Tile:12,Tile:13,Tile:5,Map,Tile:8,Tile:3,Tile:6,Tile:9,Tile:15,Tile:4,Tile:7,Tile:10,Malus,Tile:5,Tile:7-Tile:9,Tile:8,Tile:0,Tile:6,Tile:10,Bonus,Tile:7-Tile:6,Tile:9,Destroy,Tile:6,Map,Tile:2,Map-Tile:hidden1,Tile:hidden2,Tile:nugget
Tile:7 5 4 1
Map 12 3 0
Tile:9 4 4 1
Map 12 5 0
Map 12 3 1
Tile:9_flip 6 5 0
Tile:8 4 5 1
Tile:10 6 6 0
Tile:8 4 6 1
Tile:6 6 7 0
Map 12 7 1
Tile:8 7 7 0
Tile:0 3 5 1
Tile:6 8 7 0
Tile:9_flip 5 6 1
Tile:8 9 7 0
Tile:10 7 6 1
Tile:5_flip 10 7 0
Tile:7 4 3 1
Tile:5 10 6 0
Tile:6 3 3 1
Tile:0 11 6 0
Tile:11_flip 9 6 1
Tile:7 12 6 0
GAMEOVER WINNER 0
# Game ended: Sat Apr 11 20:56:11 EDT 2020
