# Server version 0.08 running on 192.168.2.221:8123
# Game ID: 1208
# Board class: Saboteur.SaboteurBoard
# Timeout: 2000
# First Move Timeout: 30000
# Date: Sat Apr 11 21:38:42 EDT 2020
# Player 1: Player-0, 'RandomPlayer', running on 127.0.0.1
# Player 2: Player-1, '260729564', running on 127.0.0.1
START Player-0 RandomPlayer
START Player-1 260729564
BoardInit:Tile:4,Tile:6,Tile:8,Map,Tile:15,Tile:6,Destroy,Tile:0,Tile:0,Map,Tile:9,Tile:7,Tile:12,Tile:13,Map,Tile:7,Tile:11,Tile:9,Malus,Tile:14,Tile:6,Tile:8,Tile:5,Bonus,Tile:9,Tile:3,Tile:10,Malus,Tile:7,Bonus,Map,Bonus,Tile:5,Map,Tile:9,Tile:6,Destroy,Tile:6,Map,Tile:7,Destroy-Tile:10,Tile:5,Tile:8,Tile:0,Tile:0,Bonus,Tile:9-Tile:7,Tile:8,Tile:1,Tile:5,Tile:2,Tile:8,Tile:10-Tile:hidden1,Tile:nugget,Tile:hidden2
Tile:8 6 5 1
Tile:2_flip 4 5 0
Tile:0 7 5 1
Tile:5 5 4 0
Tile:8 8 5 1
Tile:10 4 4 0
Tile:0 9 5 1
Tile:7 10 5 0
Tile:9 10 6 1
Tile:8 11 6 0
Tile:0 12 6 1
Tile:1 3 5 0
Tile:5_flip 13 6 1
Tile:6 10 7 0
Tile:9 13 5 1
Tile:13 2 5 0
Map 12 3 1
Tile:7_flip 5 6 0
Tile:10 13 4 1
Map 12 7 0
Malus 0 0 1
Map 12 7 0
Tile:6_flip 8 4 1
Drop 0 0 0
Tile:5_flip 9 4 1
Drop 5 0 0
Tile:9_flip 8 6 1
Drop 0 0 0
Tile:10 13 3 1
Drop 2 0 0
Tile:7_flip 7 4 1
Bonus 0 0 0
Map 12 5 1
Tile:14_flip 4 3 0
GAMEOVER TIMEOUT WINNER 0
# Game ended: Sat Apr 11 21:38:49 EDT 2020
