# Server version 0.08 running on 192.168.2.221:8123
# Game ID: 714
# Board class: Saboteur.SaboteurBoard
# Timeout: 2000
# First Move Timeout: 30000
# Date: Sat Apr 11 21:07:21 EDT 2020
# Player 1: Player-0, 'RandomPlayer', running on 127.0.0.1
# Player 2: Player-1, '260729564', running on 127.0.0.1
START Player-0 RandomPlayer
START Player-1 260729564
BoardInit:Bonus,Tile:1,Tile:10,Tile:5,Map,Tile:6,Tile:5,Tile:8,Map,Malus,Map,Tile:4,Tile:6,Bonus,Tile:0,Bonus,Tile:3,Tile:7,Tile:0,Tile:14,Tile:13,Tile:7,Tile:7,Tile:7,Bonus,Tile:6,Map,Tile:10,Tile:9,Tile:8,Malus,Tile:12,Tile:9,Tile:7,Tile:0,Tile:8,Tile:10,Tile:8,Destroy,Tile:9,Tile:11-Map,Tile:6,Tile:8,Tile:0,Destroy,Tile:6,Tile:5-Tile:9,Tile:5,Tile:2,Tile:9,Destroy,Tile:15,Map-Tile:nugget,Tile:hidden2,Tile:hidden1
Map 12 3 1
Tile:15 5 4 0
Tile:8 6 5 1
Tile:2 4 5 0
Tile:10 6 4 1
Tile:9_flip 6 6 0
Tile:6 7 5 1
Tile:6 5 6 0
Tile:0 8 5 1
Tile:8 3 5 0
Tile:6 9 5 1
Drop 5 0 0
Tile:5_flip 10 5 1
Tile:9_flip 3 4 0
Tile:6_flip 10 4 1
Drop 5 0 0
Tile:0 11 4 1
Tile:5 6 3 0
Drop 2 0 1
Tile:7 12 4 0
Tile:0 13 5 1
Drop 4 0 0
Tile:5_flip 7 3 1
Tile:14_flip 9 4 0
Tile:7_flip 12 6 1
Map 12 7 0
Destroy 12 4 1
Tile:7_flip 2 4 0
Drop 1 0 1
Destroy 2 4 0
Tile:9_flip 12 4 1
GAMEOVER WINNER 1
# Game ended: Sat Apr 11 21:07:21 EDT 2020
