# Server version 0.08 running on 192.168.2.221:8123
# Game ID: 1141
# Board class: Saboteur.SaboteurBoard
# Timeout: 2000
# First Move Timeout: 30000
# Date: Sat Apr 11 21:35:22 EDT 2020
# Player 1: Player-0, '260729564', running on 127.0.0.1
# Player 2: Player-1, 'RandomPlayer', running on 127.0.0.1
START Player-0 260729564
START Player-1 RandomPlayer
BoardInit:Destroy,Bonus,Tile:0,Bonus,Bonus,Tile:10,Tile:0,Map,Tile:6,Tile:11,Tile:0,Tile:8,Map,Tile:2,Bonus,Tile:6,Tile:10,Tile:0,Tile:8,Tile:8,Map,Tile:6,Destroy,Tile:6,Tile:1,Tile:10,Tile:5,Map,Tile:4,Tile:12,Tile:7,Tile:5,Map,Tile:7,Tile:14,Tile:8,Tile:13,Tile:9,Tile:7,Map,Tile:5-Tile:7,Tile:3,Tile:9,Tile:9,Malus,Malus,Tile:15-Tile:7,Tile:6,Destroy,Tile:9,Tile:5,Tile:8,Tile:9-Tile:nugget,Tile:hidden1,Tile:hidden2
Malus 0 0 1
Drop 0 0 0
Tile:7 5 4 1
Bonus 0 0 0
Tile:3_flip 5 6 1
Tile:8 6 5 0
Tile:9 4 4 1
Tile:9_flip 7 5 0
Tile:9_flip 7 6 1
Map 12 3 0
Drop 4 0 1
Tile:9 7 4 0
Tile:6 4 5 1
Tile:8 8 4 0
Tile:15 7 7 1
Tile:6 9 4 0
Tile:0 3 5 1
Tile:6 10 4 0
Destroy 7 4 1
Tile:10 6 4 0
Tile:8 6 6 1
Tile:8 6 3 0
Tile:0 11 4 1
Tile:0 7 3 0
Drop 2 0 1
Tile:6_flip 8 3 0
Tile:10 10 3 1
Tile:6 12 4 0
GAMEOVER WINNER 0
# Game ended: Sat Apr 11 21:35:22 EDT 2020
