# Server version 0.08 running on 192.168.2.221:8123
# Game ID: 199
# Board class: Saboteur.SaboteurBoard
# Timeout: 2000
# First Move Timeout: 30000
# Date: Sat Apr 11 20:08:35 EDT 2020
# Player 1: Player-0, '260729564', running on 127.0.0.1
# Player 2: Player-1, 'RandomPlayer', running on 127.0.0.1
START Player-0 260729564
START Player-1 RandomPlayer
BoardInit:Bonus,Map,Bonus,Tile:7,Tile:6,Tile:0,Bonus,Map,Tile:6,Tile:10,Destroy,Tile:4,Tile:11,Tile:9,Tile:0,Tile:0,Tile:7,Tile:6,Destroy,Tile:7,Tile:9,Tile:7,Tile:8,Tile:8,Tile:9,Tile:8,Tile:10,Tile:9,Tile:6,Bonus,Tile:8,Tile:5,Tile:1,Map,Map,Malus,Tile:6,Malus,Tile:13,Tile:14,Tile:5-Tile:10,Tile:9,Tile:5,Map,Tile:8,Tile:7,Destroy-Tile:0,Tile:3,Map,Tile:2,Tile:5,Tile:15,Tile:12-Tile:hidden1,Tile:nugget,Tile:hidden2
Tile:5_flip 5 6 1
Map 12 3 0
Tile:9_flip 6 5 1
Map 12 5 0
Tile:8 5 4 1
Tile:7_flip 6 6 0
Drop 2 0 1
Tile:5_flip 7 6 0
Drop 0 0 1
Drop 1 0 0
Drop 1 0 1
Tile:10 7 5 0
Tile:6 4 6 1
Drop 1 0 0
Tile:11 5 3 1
Tile:9 7 4 0
Tile:6_flip 4 5 1
Tile:0 8 4 0
Tile:7 5 2 1
Tile:6_flip 9 4 0
Destroy 4 5 1
Tile:0 10 4 0
Tile:9_flip 6 3 1
Tile:0 11 4 0
Drop 4 0 1
Tile:8 12 4 0
GAMEOVER WINNER 0
# Game ended: Sat Apr 11 20:08:35 EDT 2020
