# Server version 0.08 running on 192.168.2.221:8123
# Game ID: 919
# Board class: Saboteur.SaboteurBoard
# Timeout: 2000
# First Move Timeout: 30000
# Date: Sat Apr 11 21:20:08 EDT 2020
# Player 1: Player-0, '260729564', running on 127.0.0.1
# Player 2: Player-1, 'RandomPlayer', running on 127.0.0.1
START Player-0 260729564
START Player-1 RandomPlayer
BoardInit:Map,Tile:8,Tile:9,Tile:7,Tile:10,Bonus,Tile:9,Tile:6,Tile:9,Tile:0,Bonus,Tile:1,Tile:6,Tile:0,Tile:6,Tile:9,Tile:0,Malus,Tile:2,Tile:6,Map,Tile:14,Map,Bonus,Tile:3,Tile:5,Tile:15,Destroy,Tile:8,Destroy,Tile:12,Map,Tile:7,Map,Tile:6,Tile:10,Tile:7,Tile:8,Tile:4,Tile:5,Bonus-Tile:5,Tile:10,Tile:13,Tile:8,Malus,Tile:8,Destroy-Map,Tile:7,Tile:11,Tile:7,Tile:9,Tile:0,Tile:5-Tile:hidden1,Tile:hidden2,Tile:nugget
Tile:5_flip 5 6 1
Map 12 3 0
Tile:8 5 4 1
Tile:8 6 4 0
Tile:8 5 3 1
Tile:0 7 4 0
Tile:13 4 6 1
Tile:9_flip 8 4 0
Destroy 8 4 1
Tile:6 8 4 0
Tile:9 3 6 1
Tile:0 9 4 0
Tile:10 4 7 1
Tile:7 10 4 0
Tile:9_flip 5 2 1
Tile:7_flip 10 5 0
Tile:6 4 2 1
Tile:0 11 5 0
Tile:6 6 5 1
Malus 0 0 0
Drop 6 0 1
Tile:6 12 6 0
Drop 1 0 1
Tile:9_flip 13 6 0
Map 12 3 1
Tile:5 11 6 0
Map 12 3 1
Tile:7_flip 13 7 0
Drop 2 0 1
Tile:5 12 4 0
Drop 4 0 1
Destroy 12 4 0
Drop 6 0 1
Destroy 12 6 0
Drop 4 0 1
Drop 0 0 0
Drop 3 0 1
Tile:10 12 4 0
Malus 0 0 1
Bonus 0 0 0
Drop 4 0 1
Tile:5_flip 13 3 0
Bonus 0 0 1
Tile:8 12 6 0
GAMEOVER WINNER 0
# Game ended: Sat Apr 11 21:20:11 EDT 2020
