# Server version 0.08 running on 192.168.2.221:8123
# Game ID: 1312
# Board class: Saboteur.SaboteurBoard
# Timeout: 2000
# First Move Timeout: 30000
# Date: Sat Apr 11 21:47:37 EDT 2020
# Player 1: Player-0, 'RandomPlayer', running on 127.0.0.1
# Player 2: Player-1, '260729564', running on 127.0.0.1
START Player-0 RandomPlayer
START Player-1 260729564
BoardInit:Tile:6,Tile:13,Malus,Map,Tile:7,Tile:0,Tile:5,Bonus,Tile:9,Tile:5,Tile:9,Tile:9,Map,Tile:0,Tile:8,Destroy,Tile:0,Tile:4,Tile:10,Tile:12,Tile:7,Tile:0,Map,Tile:6,Tile:14,Tile:6,Tile:7,Tile:10,Tile:11,Tile:8,Tile:5,Map,Bonus,Tile:1,Map,Tile:8,Tile:5,Tile:8,Bonus,Tile:7,Map-Tile:7,Tile:15,Tile:3,Tile:9,Tile:2,Tile:6,Malus-Tile:6,Destroy,Destroy,Tile:8,Bonus,Tile:9,Tile:10-Tile:hidden2,Tile:hidden1,Tile:nugget
Malus 0 0 1
Drop 3 0 0
Tile:6 6 5 1
Destroy 6 5 0
Malus 0 0 1
Map 12 5 0
Tile:6 6 5 1
Drop 5 0 0
Tile:9_flip 7 5 1
Bonus 0 0 0
Tile:9 7 4 1
Drop 1 0 0
Tile:9_flip 8 4 1
Bonus 0 0 0
Map 12 3 1
Tile:10 6 4 0
Tile:8 7 6 1
Tile:6_flip 6 3 0
Tile:0 8 6 1
Drop 0 0 0
Tile:7 9 6 1
Tile:0 6 6 0
Tile:10 9 7 1
Tile:9 8 3 0
Map 12 5 1
Tile:6_flip 8 2 0
Tile:7_flip 9 8 1
Tile:6_flip 7 2 0
Tile:5_flip 10 8 1
Tile:10 5 4 0
Tile:7 9 3 1
Destroy 9 3 0
Tile:5 10 7 1
Tile:12_flip 6 2 0
Tile:7 11 7 1
Drop 4 0 0
Drop 0 0 1
Tile:4_flip 8 5 0
Tile:5_flip 9 3 1
Tile:8 9 2 0
Drop 0 0 1
Drop 2 0 0
Drop 0 0 1
Tile:0 10 2 0
Drop 0 0 1
Tile:7_flip 5 6 0
Drop 0 0 1
Tile:8 5 3 0
Drop 1 0 1
Tile:5 9 1 0
Drop 1 0 1
Map 12 7 0
Drop 1 0 1
Tile:1 10 1 0
Drop 0 0 1
GAMEOVER DRAW
# Game ended: Sat Apr 11 21:47:38 EDT 2020
