# Server version 0.08 running on 192.168.2.221:8123
# Game ID: 1175
# Board class: Saboteur.SaboteurBoard
# Timeout: 2000
# First Move Timeout: 30000
# Date: Sat Apr 11 21:37:09 EDT 2020
# Player 1: Player-0, '260729564', running on 127.0.0.1
# Player 2: Player-1, 'RandomPlayer', running on 127.0.0.1
START Player-0 260729564
START Player-1 RandomPlayer
BoardInit:Tile:8,Tile:5,Destroy,Tile:0,Map,Map,Bonus,Tile:12,Tile:6,Bonus,Tile:7,Tile:9,Tile:6,Tile:8,Tile:0,Tile:11,Map,Tile:3,Tile:5,Tile:14,Tile:10,Bonus,Tile:0,Tile:4,Map,Malus,Tile:9,Tile:15,Map,Tile:6,Tile:10,Tile:7,Tile:8,Tile:10,Tile:7,Tile:7,Map,Tile:1,Tile:5,Tile:2,Malus-Tile:13,Tile:8,Bonus,Tile:6,Tile:9,Tile:9,Tile:8-Tile:0,Tile:6,Tile:9,Tile:5,Tile:7,Destroy,Destroy-Tile:nugget,Tile:hidden2,Tile:hidden1
Tile:6 6 5 1
Tile:9_flip 7 5 0
Tile:8 4 5 1
Tile:6 7 6 0
Tile:9 5 4 1
Tile:5_flip 8 6 0
Tile:8 5 6 1
Map 12 3 0
Destroy 7 5 1
Tile:0 6 6 0
Tile:8 7 5 1
Tile:5 7 4 0
Tile:9_flip 8 5 1
Tile:9_flip 8 4 0
Tile:6_flip 3 5 1
Tile:8 8 3 0
Drop 5 0 1
Tile:0 9 3 0
Tile:13 8 2 1
Tile:7 10 3 0
Tile:7_flip 3 6 1
Drop 2 0 0
Map 12 5 1
Drop 3 0 0
Drop 0 0 1
Drop 3 0 0
Tile:10 4 4 1
Malus 0 0 0
Map 12 5 1
Drop 3 0 0
Bonus 0 0 1
Tile:6 10 4 0
Tile:0 7 3 1
Tile:7 11 4 0
Tile:9_flip 4 3 1
Tile:10 5 3 0
Tile:7 6 4 1
Tile:7_flip 11 5 0
Tile:10 8 1 1
Destroy 11 5 0
Tile:8 3 3 1
Drop 2 0 0
Map 12 3 1
Drop 2 0 0
Drop 4 0 1
Drop 2 0 0
Tile:5_flip 3 4 1
Drop 2 0 0
Drop 1 0 1
Drop 2 0 0
Drop 1 0 1
Destroy 3 4 0
Tile:0 9 2 1
Drop 0 0 0
Malus 0 0 1
GAMEOVER DRAW
# Game ended: Sat Apr 11 21:37:10 EDT 2020
