# Server version 0.08 running on 192.168.2.221:8123
# Game ID: 312
# Board class: Saboteur.SaboteurBoard
# Timeout: 2000
# First Move Timeout: 30000
# Date: Sat Apr 11 20:18:11 EDT 2020
# Player 1: Player-0, 'RandomPlayer', running on 127.0.0.1
# Player 2: Player-1, '260729564', running on 127.0.0.1
START Player-0 RandomPlayer
START Player-1 260729564
BoardInit:Malus,Tile:0,Map,Tile:0,Tile:14,Tile:6,Destroy,Tile:1,Tile:9,Destroy,Tile:8,Tile:4,Tile:3,Tile:6,Destroy,Tile:9,Tile:6,Tile:7,Tile:10,Tile:7,Tile:0,Bonus,Tile:8,Tile:13,Map,Tile:7,Tile:7,Tile:5,Tile:15,Tile:9,Tile:6,Tile:8,Tile:5,Tile:10,Tile:11,Map,Tile:12,Tile:9,Tile:8,Map,Bonus-Tile:6,Map,Bonus,Map,Tile:7,Tile:5,Malus-Tile:2,Tile:9,Tile:10,Bonus,Tile:0,Tile:5,Tile:8-Tile:nugget,Tile:hidden1,Tile:hidden2
Map 12 3 1
Tile:8 5 4 0
Malus 0 0 1
Drop 1 0 0
Malus 0 0 1
Drop 4 0 0
Tile:6 6 4 1
Drop 3 0 0
Tile:7 7 4 1
Drop 5 0 0
Tile:9 7 5 1
Bonus 0 0 0
Tile:8 8 5 1
Drop 0 0 0
Tile:5_flip 9 5 1
Drop 2 0 0
Drop 1 0 1
Drop 0 0 0
Tile:6_flip 9 4 1
Drop 3 0 0
Tile:10 8 6 1
Drop 4 0 0
Tile:0 10 4 1
Drop 0 0 0
Tile:8 11 4 1
Drop 0 0 0
Drop 1 0 1
Drop 5 0 0
Tile:7_flip 11 5 1
Destroy 6 4 0
Destroy 11 5 1
Drop 1 0 0
Tile:6 6 4 1
Drop 4 0 0
Tile:5 11 3 1
GAMEOVER WINNER 1
# Game ended: Sat Apr 11 20:18:11 EDT 2020
