# Server version 0.08 running on 192.168.2.221:8123
# Game ID: 1351
# Board class: Saboteur.SaboteurBoard
# Timeout: 2000
# First Move Timeout: 30000
# Date: Sat Apr 11 22:01:17 EDT 2020
# Player 1: Player-0, '260729564', running on 127.0.0.1
# Player 2: Player-1, 'RandomPlayer', running on 127.0.0.1
START Player-0 260729564
START Player-1 RandomPlayer
BoardInit:Malus,Tile:9,Tile:7,Tile:0,Tile:9,Tile:6,Map,Tile:1,Tile:5,Tile:13,Tile:5,Map,Tile:8,Tile:10,Tile:6,Tile:8,Tile:15,Tile:0,Tile:8,Tile:8,Map,Tile:9,Tile:8,Tile:10,Tile:6,Tile:6,Tile:4,Tile:10,Tile:2,Tile:5,Tile:7,Bonus,Tile:7,Tile:14,Tile:9,Map,Bonus,Map,Malus,Destroy,Tile:9-Tile:12,Tile:7,Tile:0,Tile:7,Tile:6,Tile:0,Tile:3-Map,Tile:5,Destroy,Bonus,Destroy,Tile:11,Bonus-Tile:hidden2,Tile:nugget,Tile:hidden1
Tile:3 5 4 1
Map 12 3 0
Tile:7 6 5 1
Tile:9 6 6 0
Tile:7 7 6 1
Drop 4 0 0
Tile:9 4 5 1
Tile:6 7 7 0
Tile:6_flip 4 4 1
Tile:0 8 7 0
Drop 4 0 1
Tile:5_flip 9 7 0
Map 12 5 1
Map 12 5 0
Tile:5_flip 5 6 1
Tile:10 9 6 0
Tile:8 3 4 1
Tile:8 9 5 0
Tile:0 2 4 1
Tile:0 10 5 0
Tile:8 8 5 1
Tile:8 11 5 0
GAMEOVER WINNER 0
# Game ended: Sat Apr 11 22:01:17 EDT 2020
