# Server version 0.08 running on 192.168.2.221:8123
# Game ID: 1160
# Board class: Saboteur.SaboteurBoard
# Timeout: 2000
# First Move Timeout: 30000
# Date: Sat Apr 11 21:36:10 EDT 2020
# Player 1: Player-0, 'RandomPlayer', running on 127.0.0.1
# Player 2: Player-1, '260729564', running on 127.0.0.1
START Player-0 RandomPlayer
START Player-1 260729564
BoardInit:Map,Tile:7,Tile:8,Tile:10,Bonus,Map,Tile:6,Tile:0,Map,Tile:10,Tile:14,Map,Tile:15,Tile:9,Tile:5,Tile:9,Map,Bonus,Tile:0,Tile:13,Tile:6,Destroy,Tile:10,Tile:6,Tile:11,Destroy,Tile:5,Tile:3,Tile:5,Tile:8,Bonus,Tile:9,Tile:1,Tile:7,Tile:8,Tile:6,Tile:0,Tile:7,Destroy,Malus,Tile:8-Tile:8,Tile:4,Tile:7,Tile:6,Tile:5,Malus,Tile:9-Tile:9,Bonus,Tile:0,Tile:7,Tile:2,Tile:12,Map-Tile:hidden2,Tile:hidden1,Tile:nugget
Malus 0 0 1
Drop 4 0 0
Map 12 3 1
Drop 5 0 0
Tile:8 6 5 1
Drop 4 0 0
Tile:8 7 5 1
Drop 2 0 0
Tile:9_flip 8 5 1
Map 12 5 0
Map 12 5 1
Bonus 0 0 0
Tile:6 8 6 1
Tile:7 6 4 0
Tile:6 9 6 1
Tile:9 6 6 0
Tile:7 10 6 1
Tile:9 5 4 0
Tile:5 9 5 1
Tile:9_flip 6 7 0
Tile:0 10 5 1
Tile:10 5 6 0
Tile:6 11 5 1
Tile:7_flip 5 7 0
Tile:10 12 6 1
GAMEOVER WINNER 1
# Game ended: Sat Apr 11 21:36:10 EDT 2020
