# Server version 0.08 running on 192.168.2.221:8123
# Game ID: 500
# Board class: Saboteur.SaboteurBoard
# Timeout: 2000
# First Move Timeout: 30000
# Date: Sat Apr 11 20:40:56 EDT 2020
# Player 1: Player-0, 'RandomPlayer', running on 127.0.0.1
# Player 2: Player-1, '260729564', running on 127.0.0.1
START Player-0 RandomPlayer
START Player-1 260729564
BoardInit:Tile:5,Tile:9,Map,Tile:9,Tile:3,Tile:6,Tile:8,Map,Tile:4,Tile:5,Bonus,Tile:9,Tile:8,Tile:9,Map,Tile:9,Tile:6,Tile:7,Tile:7,Tile:0,Tile:8,Tile:8,Tile:14,Tile:10,Tile:10,Tile:11,Destroy,Tile:6,Bonus,Malus,Map,Destroy,Map,Tile:5,Tile:1,Tile:6,Tile:0,Tile:13,Tile:5,Tile:0,Tile:10-Bonus,Tile:12,Tile:2,Bonus,Tile:6,Tile:8,Malus-Tile:0,Tile:7,Tile:7,Destroy,Tile:15,Map,Tile:7-Tile:hidden2,Tile:nugget,Tile:hidden1
Malus 0 0 1
Map 12 3 0
Tile:8 6 5 1
Drop 1 0 0
Map 12 3 1
Drop 4 0 0
Tile:6 7 5 1
Drop 5 0 0
Tile:8 8 5 1
Drop 1 0 0
Tile:5_flip 9 5 1
Map 12 3 0
Drop 1 0 1
Drop 6 0 0
Tile:8 9 4 1
Destroy 9 5 0
Map 12 5 1
Drop 5 0 0
Tile:6 9 5 1
Drop 3 0 0
Tile:7 10 4 1
Drop 2 0 0
Tile:8 10 5 1
Drop 0 0 0
Drop 1 0 1
Drop 2 0 0
Tile:10 10 6 1
Drop 0 0 0
Drop 1 0 1
Drop 5 0 0
Drop 1 0 1
Drop 1 0 0
Drop 1 0 1
Drop 2 0 0
Drop 1 0 1
Destroy 8 5 0
Drop 1 0 1
Drop 4 0 0
Tile:0 8 5 1
Drop 6 0 0
Tile:5_flip 11 5 1
Drop 2 0 0
Tile:10 11 4 1
Drop 1 0 0
Destroy 11 5 1
Drop 3 0 0
Drop 1 0 1
Drop 0 0 0
Drop 1 0 1
Drop 2 0 0
Drop 1 0 1
Drop 0 0 0
Drop 1 0 1
Drop 0 0 0
Drop 0 0 1
GAMEOVER DRAW
# Game ended: Sat Apr 11 20:40:57 EDT 2020
