# Server version 0.08 running on 192.168.2.221:8123
# Game ID: 1015
# Board class: Saboteur.SaboteurBoard
# Timeout: 2000
# First Move Timeout: 30000
# Date: Sat Apr 11 21:28:19 EDT 2020
# Player 1: Player-0, '260729564', running on 127.0.0.1
# Player 2: Player-1, 'RandomPlayer', running on 127.0.0.1
START Player-0 260729564
START Player-1 RandomPlayer
BoardInit:Malus,Tile:8,Tile:6,Destroy,Destroy,Tile:6,Map,Tile:9,Bonus,Tile:9,Map,Map,Tile:0,Tile:2,Tile:9,Tile:11,Tile:7,Tile:8,Map,Tile:7,Tile:0,Tile:7,Tile:0,Malus,Tile:5,Tile:5,Bonus,Tile:13,Tile:14,Destroy,Tile:9,Tile:6,Tile:8,Tile:10,Tile:3,Tile:5,Map,Tile:1,Bonus,Tile:8,Tile:15-Tile:4,Tile:8,Tile:7,Tile:10,Tile:6,Tile:9,Tile:5-Map,Tile:6,Tile:0,Tile:10,Tile:7,Tile:12,Bonus-Tile:hidden2,Tile:hidden1,Tile:nugget
Tile:10 5 4 1
Map 12 3 0
Tile:9 4 5 1
Tile:8 6 5 0
Tile:4_flip 5 6 1
Tile:7 7 5 0
Tile:8 7 6 1
Tile:6 8 6 0
Tile:5_flip 7 7 1
Tile:6 9 6 0
Drop 0 0 1
Tile:9_flip 10 6 0
Tile:6_flip 10 5 1
Map 12 5 0
Drop 3 0 1
Tile:0 11 5 0
Map 12 7 1
Tile:10 12 6 0
GAMEOVER WINNER 0
# Game ended: Sat Apr 11 21:28:19 EDT 2020
