# Server version 0.08 running on 192.168.2.221:8123
# Game ID: 164
# Board class: Saboteur.SaboteurBoard
# Timeout: 2000
# First Move Timeout: 30000
# Date: Sat Apr 11 20:05:33 EDT 2020
# Player 1: Player-0, 'RandomPlayer', running on 127.0.0.1
# Player 2: Player-1, '260729564', running on 127.0.0.1
START Player-0 RandomPlayer
START Player-1 260729564
BoardInit:Tile:5,Tile:9,Bonus,Tile:7,Destroy,Tile:7,Tile:0,Map,Tile:9,Destroy,Tile:6,Tile:7,Bonus,Tile:11,Tile:0,Tile:1,Map,Tile:14,Malus,Tile:2,Tile:5,Tile:7,Bonus,Tile:8,Tile:0,Tile:6,Map,Malus,Tile:15,Tile:9,Tile:12,Tile:4,Tile:10,Tile:8,Tile:9,Tile:13,Map,Tile:8,Tile:5,Tile:9,Tile:5-Tile:6,Tile:6,Map,Tile:6,Map,Tile:10,Tile:10-Tile:8,Tile:0,Tile:8,Tile:7,Bonus,Tile:3,Destroy-Tile:hidden2,Tile:nugget,Tile:hidden1
Map 12 3 1
Drop 2 0 0
Map 12 5 1
Tile:9_flip 5 6 0
Tile:5_flip 6 5 1
Drop 4 0 0
Tile:10 6 4 1
Drop 2 0 0
Tile:10 6 3 1
Drop 0 0 0
Tile:9_flip 5 4 1
Tile:7_flip 4 6 0
Tile:6_flip 6 2 1
Tile:7 7 2 0
Tile:6 5 7 1
Tile:11 4 5 0
Tile:6 6 7 1
Tile:7_flip 7 3 0
Tile:6 8 3 1
Tile:14_flip 6 6 0
Malus 0 0 1
Destroy 5 4 0
Tile:5_flip 9 3 1
Destroy 5 7 0
Tile:0 5 2 1
Drop 5 0 0
Drop 2 0 1
Map 12 5 0
Drop 3 0 1
Drop 2 0 0
Drop 3 0 1
Drop 4 0 0
Drop 4 0 1
Drop 6 0 0
Tile:10 9 2 1
Drop 4 0 0
Tile:9 9 1 1
Drop 4 0 0
Tile:0 10 1 1
Drop 0 0 0
Tile:5_flip 11 1 1
Drop 4 0 0
Tile:5 11 0 1
Bonus 0 0 0
Tile:0 12 0 1
Tile:9_flip 7 6 0
Drop 2 0 1
Tile:8 5 7 0
Drop 2 0 1
Tile:8 9 0 0
Drop 2 0 1
Tile:8 4 4 0
Destroy 4 6 1
Tile:2_flip 8 0 0
Drop 0 0 1
GAMEOVER DRAW
# Game ended: Sat Apr 11 20:05:33 EDT 2020
