# Server version 0.08 running on 192.168.2.221:8123
# Game ID: 1236
# Board class: Saboteur.SaboteurBoard
# Timeout: 2000
# First Move Timeout: 30000
# Date: Sat Apr 11 21:40:33 EDT 2020
# Player 1: Player-0, 'RandomPlayer', running on 127.0.0.1
# Player 2: Player-1, '260729564', running on 127.0.0.1
START Player-0 RandomPlayer
START Player-1 260729564
BoardInit:Tile:9,Tile:1,Tile:0,Destroy,Tile:6,Tile:7,Tile:0,Tile:14,Tile:9,Tile:6,Map,Tile:6,Tile:0,Tile:11,Tile:9,Map,Tile:8,Tile:2,Tile:3,Tile:5,Bonus,Tile:8,Bonus,Tile:5,Tile:6,Destroy,Tile:7,Map,Tile:4,Bonus,Tile:12,Tile:7,Map,Tile:9,Malus,Tile:5,Destroy,Tile:7,Tile:8,Malus,Tile:10-Tile:7,Tile:8,Tile:9,Tile:15,Tile:13,Tile:10,Tile:6-Tile:10,Tile:8,Tile:5,Map,Map,Bonus,Tile:0-Tile:hidden2,Tile:hidden1,Tile:nugget
Tile:8 6 5 1
Map 12 5 0
Tile:6 7 5 1
Tile:8 6 6 0
Tile:0 8 5 1
Destroy 6 5 0
Tile:6_flip 6 5 1
Tile:7_flip 6 7 0
Tile:0 9 5 1
Drop 0 0 0
Tile:9_flip 10 5 1
Tile:14 10 6 0
Map 12 3 1
Tile:6_flip 9 6 0
Tile:0 8 6 1
Tile:0 7 6 0
Tile:10 10 4 1
Tile:11 9 7 0
Tile:8 10 3 1
Tile:2 10 2 0
Tile:9 7 4 1
Tile:5 7 3 0
Tile:9 5 4 1
Tile:1 7 7 0
Tile:9 9 3 1
Tile:6 11 2 0
Tile:6_flip 11 3 1
Tile:8 9 8 0
Tile:7_flip 12 4 1
Destroy 8 6 0
Tile:7 13 4 1
Map 12 7 0
Drop 0 0 1
Tile:7_flip 13 5 0
Map 12 5 1
Tile:9_flip 9 9 0
Malus 0 0 1
Drop 5 0 0
Destroy 12 4 1
Map 12 5 0
Tile:8 12 4 1
Drop 6 0 0
Tile:10 12 6 1
GAMEOVER WINNER 1
# Game ended: Sat Apr 11 21:40:37 EDT 2020
