# Server version 0.08 running on 192.168.2.221:8123
# Game ID: 322
# Board class: Saboteur.SaboteurBoard
# Timeout: 2000
# First Move Timeout: 30000
# Date: Sat Apr 11 20:18:41 EDT 2020
# Player 1: Player-0, 'RandomPlayer', running on 127.0.0.1
# Player 2: Player-1, '260729564', running on 127.0.0.1
START Player-0 RandomPlayer
START Player-1 260729564
BoardInit:Destroy,Map,Tile:10,Tile:9,Tile:7,Tile:11,Tile:8,Tile:9,Tile:15,Bonus,Tile:5,Tile:0,Bonus,Map,Map,Tile:4,Malus,Tile:0,Tile:8,Tile:2,Tile:5,Tile:7,Tile:9,Bonus,Tile:6,Tile:8,Tile:10,Tile:10,Tile:6,Bonus,Tile:6,Map,Tile:7,Tile:5,Destroy,Tile:12,Tile:7,Tile:5,Destroy,Tile:6,Map-Tile:13,Tile:0,Tile:8,Map,Tile:0,Tile:9,Tile:14-Tile:9,Tile:8,Tile:3,Tile:1,Malus,Tile:7,Tile:6-Tile:hidden2,Tile:hidden1,Tile:nugget
Map 12 3 1
Tile:6 6 5 0
Tile:8 7 5 1
Tile:9 7 4 0
Tile:9_flip 8 4 1
Tile:8 4 5 0
Tile:7_flip 7 6 1
Tile:7_flip 5 6 0
Tile:8 8 6 1
Tile:9_flip 8 5 0
Tile:0 9 6 1
Tile:3 4 4 0
Tile:5_flip 10 6 1
Tile:9_flip 8 7 0
Tile:10 10 5 1
Drop 3 0 0
Map 12 5 1
Tile:0 3 4 0
Malus 0 0 1
Map 12 3 0
Tile:8 8 8 1
Drop 1 0 0
Tile:5 10 4 1
Map 12 3 0
Tile:9_flip 11 4 1
Drop 0 0 0
Tile:6_flip 11 3 1
Drop 5 0 0
Tile:10 12 4 1
Drop 6 0 0
GAMEOVER TIMEOUT WINNER 0
# Game ended: Sat Apr 11 20:18:47 EDT 2020
