# Server version 0.08 running on 192.168.2.221:8123
# Game ID: 321
# Board class: Saboteur.SaboteurBoard
# Timeout: 2000
# First Move Timeout: 30000
# Date: Sat Apr 11 20:18:39 EDT 2020
# Player 1: Player-0, '260729564', running on 127.0.0.1
# Player 2: Player-1, 'RandomPlayer', running on 127.0.0.1
START Player-0 260729564
START Player-1 RandomPlayer
BoardInit:Bonus,Tile:9,Malus,Destroy,Tile:11,Destroy,Tile:14,Tile:6,Tile:6,Map,Tile:8,Map,Tile:9,Malus,Tile:10,Tile:4,Tile:10,Map,Destroy,Bonus,Tile:6,Tile:1,Tile:0,Tile:5,Tile:5,Map,Tile:7,Tile:0,Tile:2,Tile:12,Tile:7,Map,Bonus,Tile:7,Tile:9,Tile:8,Bonus,Tile:13,Tile:0,Tile:0,Tile:6-Tile:9,Tile:6,Tile:15,Tile:10,Tile:7,Tile:9,Tile:5-Tile:8,Tile:3,Tile:8,Map,Tile:5,Tile:7,Tile:8-Tile:hidden2,Tile:nugget,Tile:hidden1
Tile:6_flip 5 4 1
Map 12 3 0
Tile:9_flip 5 6 1
Tile:8 6 4 0
Tile:9 4 5 1
Tile:8 7 4 0
Tile:11_flip 6 5 1
Tile:8 8 4 0
Drop 0 0 1
Tile:6 9 4 0
Drop 5 0 1
Map 12 5 0
Tile:7 10 4 1
Tile:9 10 5 0
Tile:9 5 7 1
Malus 0 0 0
Drop 6 0 1
Tile:5_flip 11 5 0
Drop 2 0 1
Tile:7_flip 10 6 0
Destroy 9 4 1
Destroy 11 5 0
Drop 3 0 1
Drop 0 0 0
Drop 5 0 1
Tile:5 8 3 0
Drop 0 0 1
Drop 1 0 0
Drop 6 0 1
Tile:0 9 4 0
Drop 1 0 1
Drop 1 0 0
Drop 6 0 1
Drop 1 0 0
Drop 0 0 1
Tile:7 11 6 0
Drop 4 0 1
Tile:8 11 7 0
Bonus 0 0 1
Drop 2 0 0
Tile:9 4 4 1
Tile:0 13 7 0
Tile:5_flip 11 8 1
Drop 2 0 0
Tile:6 9 3 1
Drop 2 0 0
Drop 3 0 1
Drop 2 0 0
Tile:10 4 3 1
Drop 2 0 0
Tile:0 11 5 1
GAMEOVER WINNER 1
# Game ended: Sat Apr 11 20:18:40 EDT 2020
