# Server version 0.08 running on 192.168.2.221:8123
# Game ID: 1186
# Board class: Saboteur.SaboteurBoard
# Timeout: 2000
# First Move Timeout: 30000
# Date: Sat Apr 11 21:37:44 EDT 2020
# Player 1: Player-0, 'RandomPlayer', running on 127.0.0.1
# Player 2: Player-1, '260729564', running on 127.0.0.1
START Player-0 RandomPlayer
START Player-1 260729564
BoardInit:Tile:13,Bonus,Tile:7,Tile:11,Malus,Map,Tile:2,Tile:4,Tile:5,Malus,Tile:6,Tile:8,Map,Map,Tile:12,Tile:8,Tile:7,Tile:5,Tile:0,Tile:10,Destroy,Tile:5,Tile:6,Tile:8,Tile:8,Tile:9,Tile:15,Destroy,Tile:1,Tile:7,Tile:6,Bonus,Tile:0,Tile:9,Map,Bonus,Tile:9,Tile:10,Tile:6,Tile:6,Tile:0-Tile:3,Map,Bonus,Tile:7,Tile:0,Tile:7,Tile:14-Tile:9,Map,Tile:8,Destroy,Tile:5,Tile:9,Tile:10-Tile:nugget,Tile:hidden2,Tile:hidden1
Map 12 3 1
Tile:9 4 5 0
Tile:0 6 5 1
Tile:9 4 4 0
Tile:7 7 5 1
Tile:5_flip 5 6 0
Malus 0 0 1
Drop 4 0 0
Tile:7_flip 7 6 1
Map 12 3 0
Tile:7 8 6 1
Destroy 8 6 0
Tile:6 8 6 1
Drop 6 0 0
Tile:5 8 5 1
Map 12 3 0
Drop 0 0 1
Drop 0 0 0
Tile:7 9 5 1
Map 12 7 0
Drop 1 0 1
Drop 2 0 0
Drop 1 0 1
Drop 3 0 0
Tile:6 9 6 1
Drop 5 0 0
Tile:8 10 6 1
Drop 0 0 0
Tile:0 11 6 1
Destroy 8 5 0
Drop 1 0 1
Drop 1 0 0
Tile:6_flip 5 4 1
Drop 4 0 0
Tile:0 12 6 1
Drop 0 0 0
Destroy 12 6 1
Drop 3 0 0
Tile:9 10 5 1
Bonus 0 0 0
Tile:6 11 5 1
Tile:5 8 5 0
Tile:0 13 5 1
Tile:8 4 6 0
Drop 1 0 1
Tile:6_flip 11 4 0
Drop 1 0 1
Tile:9 10 7 0
Drop 1 0 1
Drop 2 0 0
Drop 1 0 1
Tile:10 10 8 0
Drop 1 0 1
Drop 0 0 0
Drop 0 0 1
GAMEOVER DRAW
# Game ended: Sat Apr 11 21:37:44 EDT 2020
