# Server version 0.08 running on 192.168.2.221:8123
# Game ID: 1005
# Board class: Saboteur.SaboteurBoard
# Timeout: 2000
# First Move Timeout: 30000
# Date: Sat Apr 11 21:24:42 EDT 2020
# Player 1: Player-0, '260729564', running on 127.0.0.1
# Player 2: Player-1, 'RandomPlayer', running on 127.0.0.1
START Player-0 260729564
START Player-1 RandomPlayer
BoardInit:Tile:11,Map,Tile:7,Tile:8,Bonus,Map,Malus,Tile:5,Tile:13,Destroy,Bonus,Tile:8,Tile:6,Map,Tile:6,Tile:9,Map,Tile:6,Tile:10,Tile:4,Map,Tile:8,Tile:0,Map,Tile:6,Tile:9,Malus,Tile:7,Tile:9,Tile:14,Tile:5,Tile:2,Tile:7,Tile:8,Tile:5,Tile:6,Tile:10,Bonus,Tile:5,Tile:7,Tile:12-Tile:7,Destroy,Tile:9,Destroy,Tile:10,Tile:0,Tile:0-Bonus,Tile:8,Tile:0,Tile:15,Tile:9,Tile:3,Tile:1-Tile:nugget,Tile:hidden1,Tile:hidden2
Tile:10 5 6 1
Tile:8 6 5 0
Drop 1 0 1
Map 12 3 0
Tile:7_flip 6 6 1
Tile:8 6 4 0
Tile:0 7 5 1
Tile:9_flip 8 5 0
Tile:7 7 6 1
Tile:5 8 4 0
Tile:11 6 3 1
Tile:0 9 4 0
Drop 0 0 1
Tile:8 10 4 0
Tile:13 10 3 1
Drop 1 0 0
Tile:6_flip 6 2 1
Tile:9_flip 11 4 0
Drop 1 0 1
Tile:6_flip 11 3 0
GAMEOVER WINNER 0
# Game ended: Sat Apr 11 21:24:42 EDT 2020
