# Server version 0.08 running on 192.168.2.221:8123
# Game ID: 150
# Board class: Saboteur.SaboteurBoard
# Timeout: 2000
# First Move Timeout: 30000
# Date: Sat Apr 11 16:21:40 EDT 2020
# Player 1: Player-0, 'RandomPlayer', running on 127.0.0.1
# Player 2: Player-1, '260729564', running on 127.0.0.1
START Player-0 RandomPlayer
START Player-1 260729564
BoardInit:Tile:14,Malus,Map,Tile:0,Tile:8,Tile:7,Bonus,Bonus,Map,Tile:9,Tile:7,Tile:6,Tile:13,Tile:7,Tile:2,Map,Tile:5,Tile:0,Tile:12,Destroy,Tile:15,Tile:6,Tile:6,Tile:11,Bonus,Tile:8,Destroy,Tile:6,Tile:8,Malus,Tile:9,Tile:5,Tile:7,Tile:0,Tile:0,Tile:1,Destroy,Tile:10,Tile:9,Bonus,Tile:10-Tile:8,Tile:5,Map,Tile:6,Tile:9,Tile:3,Tile:7-Tile:4,Tile:9,Tile:10,Map,Tile:5,Tile:8,Map-Tile:nugget,Tile:hidden2,Tile:hidden1
Map 12 3 1
Tile:8 4 5 0
Tile:8 5 4 1
Tile:5 3 5 0
Tile:9_flip 6 4 1
Tile:9_flip 5 6 0
Tile:8 6 3 1
Tile:7_flip 3 6 0
Tile:6 7 3 1
Map 12 7 0
Tile:5_flip 8 3 1
Drop 1 0 0
Tile:7_flip 5 7 1
Drop 0 0 0
Tile:7 6 7 1
Tile:6_flip 5 3 0
Drop 0 0 1
Drop 0 0 0
Tile:5 8 2 1
Tile:0 9 2 0
Drop 0 0 1
Drop 4 0 0
Drop 0 0 1
Tile:9_flip 10 2 0
Tile:6 10 3 1
Tile:11_flip 6 8 0
Drop 1 0 1
Tile:6_flip 10 1 0
Drop 1 0 1
Tile:8 4 6 0
Tile:8 11 3 1
GAMEOVER WINNER 1
# Game ended: Sat Apr 11 16:21:41 EDT 2020
