# Server version 0.08 running on 192.168.2.221:8123
# Game ID: 542
# Board class: Saboteur.SaboteurBoard
# Timeout: 2000
# First Move Timeout: 30000
# Date: Sat Apr 11 20:43:07 EDT 2020
# Player 1: Player-0, 'RandomPlayer', running on 127.0.0.1
# Player 2: Player-1, '260729564', running on 127.0.0.1
START Player-0 RandomPlayer
START Player-1 260729564
BoardInit:Malus,Tile:5,Destroy,Bonus,Bonus,Malus,Tile:7,Tile:6,Tile:8,Tile:1,Map,Tile:9,Tile:10,Map,Tile:9,Tile:9,Tile:7,Tile:5,Tile:7,Tile:4,Tile:9,Tile:0,Tile:7,Destroy,Tile:3,Tile:10,Tile:13,Map,Tile:11,Tile:9,Bonus,Tile:14,Destroy,Tile:10,Tile:6,Map,Tile:8,Tile:6,Tile:8,Tile:2,Tile:7-Tile:8,Tile:5,Map,Tile:0,Bonus,Tile:6,Tile:15-Tile:0,Tile:8,Map,Tile:0,Tile:5,Tile:6,Tile:12-Tile:hidden1,Tile:nugget,Tile:hidden2
Map 12 3 1
Tile:0 4 5 0
Malus 0 0 1
Map 12 3 0
Tile:8 6 5 1
Drop 4 0 0
Tile:0 7 5 1
Drop 5 0 0
Tile:6 8 5 1
Drop 5 0 0
Tile:8 9 5 1
Drop 4 0 0
Map 12 5 1
Drop 0 0 0
Tile:10 9 4 1
Map 12 7 0
Tile:9_flip 10 5 1
Drop 5 0 0
Tile:5 10 4 1
Drop 3 0 0
Tile:7 11 4 1
Drop 2 0 0
Tile:9 10 6 1
Drop 0 0 0
Tile:7 11 6 1
Drop 0 0 0
Tile:7_flip 11 5 1
GAMEOVER WINNER 1
# Game ended: Sat Apr 11 20:43:07 EDT 2020
