# Server version 0.08 running on 192.168.2.221:8123
# Game ID: 1259
# Board class: Saboteur.SaboteurBoard
# Timeout: 2000
# First Move Timeout: 30000
# Date: Sat Apr 11 21:42:08 EDT 2020
# Player 1: Player-0, '260729564', running on 127.0.0.1
# Player 2: Player-1, 'RandomPlayer', running on 127.0.0.1
START Player-0 260729564
START Player-1 RandomPlayer
BoardInit:Tile:2,Tile:8,Map,Tile:9,Tile:7,Tile:9,Tile:7,Tile:9,Tile:7,Malus,Tile:12,Tile:11,Bonus,Tile:0,Destroy,Map,Tile:6,Tile:14,Tile:0,Tile:15,Tile:0,Tile:5,Tile:6,Tile:0,Tile:5,Tile:3,Map,Tile:6,Tile:1,Tile:8,Tile:6,Tile:9,Destroy,Tile:10,Tile:8,Bonus,Map,Tile:8,Map,Tile:13,Tile:8-Tile:4,Tile:5,Tile:5,Tile:6,Tile:10,Map,Destroy-Tile:9,Tile:7,Tile:7,Bonus,Tile:10,Bonus,Malus-Tile:hidden2,Tile:hidden1,Tile:nugget
Drop 3 0 1
Malus 0 0 0
Map 12 3 1
Tile:8 6 5 0
Map 12 5 1
Tile:9_flip 7 5 0
Drop 5 0 1
Tile:10 7 4 0
Destroy 7 4 1
Tile:9 7 4 0
Drop 4 0 1
Malus 0 0 0
Drop 0 0 1
Tile:9_flip 8 4 0
Drop 5 0 1
Tile:9 8 5 0
Drop 0 0 1
Map 12 3 0
Drop 1 0 1
Tile:0 9 5 0
Destroy 7 4 1
Tile:7_flip 7 6 0
Drop 3 0 1
Tile:5 7 4 0
Drop 2 0 1
Tile:0 10 5 0
Drop 0 0 1
Tile:7 11 5 0
Drop 4 0 1
Tile:6 11 6 0
Map 12 3 1
Tile:8 12 6 0
GAMEOVER WINNER 0
# Game ended: Sat Apr 11 21:42:09 EDT 2020
