# Server version 0.08 running on 192.168.2.221:8123
# Game ID: 1399
# Board class: Saboteur.SaboteurBoard
# Timeout: 2000
# First Move Timeout: 30000
# Date: Sat Apr 11 22:04:45 EDT 2020
# Player 1: Player-0, '260729564', running on 127.0.0.1
# Player 2: Player-1, 'RandomPlayer', running on 127.0.0.1
START Player-0 260729564
START Player-1 RandomPlayer
BoardInit:Tile:5,Tile:0,Destroy,Bonus,Tile:7,Tile:2,Destroy,Map,Tile:11,Tile:0,Tile:10,Tile:14,Tile:10,Tile:3,Tile:5,Tile:10,Bonus,Tile:7,Destroy,Tile:1,Map,Tile:8,Tile:8,Malus,Tile:5,Tile:6,Map,Tile:0,Tile:7,Map,Tile:7,Tile:4,Tile:6,Tile:8,Tile:12,Tile:9,Tile:6,Malus,Tile:8,Map,Tile:13-Tile:9,Tile:9,Bonus,Bonus,Tile:15,Tile:9,Tile:7-Tile:9,Tile:6,Tile:5,Tile:6,Tile:8,Tile:0,Map-Tile:hidden2,Tile:hidden1,Tile:nugget
Tile:7 5 4 1
Map 12 3 0
Tile:5_flip 5 6 1
Tile:8 6 5 0
Tile:9_flip 7 5 1
Tile:6_flip 7 4 0
Tile:9 6 6 1
Tile:6 8 4 0
Destroy 5 6 1
Map 12 5 0
Tile:11 6 4 1
Tile:0 9 4 0
Tile:7_flip 4 4 1
Tile:0 10 4 0
Tile:9_flip 7 6 1
Tile:0 11 4 0
Tile:10 8 3 1
Tile:10 5 6 0
Destroy 7 6 1
Tile:7_flip 6 7 0
Tile:5 4 3 1
Tile:5_flip 7 7 0
Destroy 5 4 1
Tile:9_flip 12 4 0
Tile:8 8 2 1
Malus 0 0 0
Bonus 0 0 1
Tile:6 12 6 0
Tile:5 4 5 1
Tile:0 13 6 0
Tile:7 13 3 1
Tile:8 11 6 0
Tile:10 12 2 1
Drop 1 0 0
Tile:7_flip 10 6 1
Tile:8 11 7 0
GAMEOVER WINNER 0
# Game ended: Sat Apr 11 22:04:46 EDT 2020
