# Server version 0.08 running on 192.168.2.221:8123
# Game ID: 344
# Board class: Saboteur.SaboteurBoard
# Timeout: 2000
# First Move Timeout: 30000
# Date: Sat Apr 11 20:20:05 EDT 2020
# Player 1: Player-0, 'RandomPlayer', running on 127.0.0.1
# Player 2: Player-1, '260729564', running on 127.0.0.1
START Player-0 RandomPlayer
START Player-1 260729564
BoardInit:Tile:9,Tile:5,Tile:6,Tile:7,Tile:6,Bonus,Tile:8,Tile:6,Tile:0,Bonus,Tile:15,Tile:9,Tile:11,Bonus,Tile:7,Tile:9,Tile:9,Tile:0,Map,Tile:4,Destroy,Tile:3,Bonus,Tile:10,Tile:8,Map,Map,Tile:8,Map,Tile:7,Tile:14,Tile:5,Malus,Tile:10,Tile:5,Tile:2,Tile:0,Tile:6,Map,Destroy,Tile:5-Tile:8,Tile:12,Tile:6,Tile:10,Map,Malus,Tile:7-Tile:1,Tile:7,Tile:8,Tile:13,Tile:0,Destroy,Tile:9-Tile:nugget,Tile:hidden2,Tile:hidden1
Map 12 3 1
Tile:1 4 5 0
Malus 0 0 1
Drop 1 0 0
Tile:8 5 4 1
Drop 0 0 0
Tile:7 6 4 1
Drop 2 0 0
Tile:8 6 5 1
Drop 5 0 0
Tile:9_flip 7 5 1
Bonus 0 0 0
Tile:10 7 4 1
Tile:5 7 3 0
Tile:6 8 3 1
Tile:6 6 6 0
Tile:6 9 3 1
Tile:7_flip 5 6 0
Tile:9_flip 10 3 1
Tile:9_flip 8 2 0
Tile:6 10 4 1
Tile:13 7 6 0
Tile:0 11 4 1
Tile:0 7 2 0
Tile:7 12 4 1
Tile:9_flip 7 7 0
Tile:8 13 5 1
Tile:9_flip 8 1 0
Destroy 12 4 1
Tile:3_flip 12 6 0
Drop 0 0 1
Tile:10 7 8 0
Drop 0 0 1
Tile:0 6 2 0
Malus 0 0 1
Drop 3 0 0
Tile:5 11 5 1
Drop 2 0 0
Tile:0 9 4 1
Drop 0 0 0
Drop 0 0 1
Destroy 11 4 0
Tile:5_flip 11 4 1
Drop 1 0 0
Drop 0 0 1
Drop 3 0 0
Drop 1 0 1
Drop 0 0 0
Drop 1 0 1
Drop 2 0 0
Drop 1 0 1
Drop 0 0 0
Drop 1 0 1
Drop 0 0 0
Drop 0 0 1
GAMEOVER DRAW
# Game ended: Sat Apr 11 20:20:07 EDT 2020
