# Server version 0.08 running on 192.168.2.221:8123
# Game ID: 758
# Board class: Saboteur.SaboteurBoard
# Timeout: 2000
# First Move Timeout: 30000
# Date: Sat Apr 11 21:09:30 EDT 2020
# Player 1: Player-0, 'RandomPlayer', running on 127.0.0.1
# Player 2: Player-1, '260729564', running on 127.0.0.1
START Player-0 RandomPlayer
START Player-1 260729564
BoardInit:Tile:8,Tile:3,Tile:8,Tile:0,Destroy,Map,Tile:10,Map,Tile:6,Tile:7,Tile:0,Tile:6,Map,Tile:11,Tile:1,Tile:14,Map,Bonus,Destroy,Tile:9,Malus,Tile:6,Tile:6,Tile:9,Tile:7,Malus,Tile:10,Tile:10,Tile:9,Tile:5,Tile:8,Tile:7,Tile:6,Tile:5,Tile:13,Map,Tile:9,Destroy,Tile:8,Tile:5,Tile:0-Bonus,Tile:7,Tile:2,Tile:9,Bonus,Tile:8,Tile:15-Tile:12,Tile:0,Tile:7,Map,Bonus,Tile:4,Tile:5-Tile:hidden2,Tile:hidden1,Tile:nugget
Tile:8 6 5 1
Map 12 3 0
Tile:8 7 5 1
Tile:3 8 5 0
Tile:8 7 4 1
Drop 2 0 0
Tile:9 7 6 1
Drop 4 0 0
Tile:10 6 6 1
Map 12 3 0
Tile:6 8 4 1
Drop 1 0 0
Tile:0 9 4 1
Drop 2 0 0
Map 12 3 1
Tile:7 7 3 0
Tile:7 10 4 1
Tile:11_flip 10 5 0
Map 12 5 1
Tile:12_flip 4 5 0
Drop 1 0 1
Tile:14_flip 6 3 0
Malus 0 0 1
Drop 5 0 0
Tile:6 8 6 1
Drop 0 0 0
Tile:7 9 6 1
Malus 0 0 0
Bonus 0 0 1
Drop 6 0 0
Tile:10 10 6 1
Drop 3 0 0
Tile:8 9 7 1
Map 12 3 0
Tile:6 10 7 1
Drop 3 0 0
Tile:9 9 8 1
Drop 2 0 0
Tile:9 9 9 1
Destroy 10 6 0
Tile:8 11 7 1
GAMEOVER WINNER 1
# Game ended: Sat Apr 11 21:09:31 EDT 2020
