# Server version 0.08 running on 192.168.2.221:8123
# Game ID: 1035
# Board class: Saboteur.SaboteurBoard
# Timeout: 2000
# First Move Timeout: 30000
# Date: Sat Apr 11 21:29:17 EDT 2020
# Player 1: Player-0, '260729564', running on 127.0.0.1
# Player 2: Player-1, 'RandomPlayer', running on 127.0.0.1
START Player-0 260729564
START Player-1 RandomPlayer
BoardInit:Tile:9,Tile:10,Tile:8,Tile:10,Tile:5,Tile:7,Tile:2,Bonus,Bonus,Bonus,Tile:8,Map,Map,Tile:13,Tile:0,Map,Destroy,Tile:15,Tile:7,Destroy,Tile:8,Tile:12,Tile:6,Map,Map,Tile:14,Tile:9,Tile:6,Tile:6,Tile:6,Tile:9,Malus,Tile:11,Tile:0,Tile:3,Tile:9,Tile:7,Tile:5,Tile:7,Tile:5,Tile:4-Malus,Tile:8,Map,Tile:9,Tile:6,Bonus,Destroy-Tile:0,Tile:10,Tile:7,Tile:1,Tile:0,Tile:5,Tile:8-Tile:nugget,Tile:hidden2,Tile:hidden1
Map 12 7 1
Tile:8 6 5 0
Tile:8 5 4 1
Tile:7 7 5 0
Tile:9_flip 5 3 1
Tile:10 7 6 0
Tile:6_flip 6 4 1
Tile:10 7 7 0
Tile:2_flip 4 4 1
Tile:10 6 6 0
Tile:5_flip 6 7 1
Tile:5_flip 7 4 0
Tile:8 3 4 1
Map 12 3 0
Tile:9 4 3 1
Tile:7_flip 7 8 0
Map 12 5 1
Tile:0 8 8 0
Tile:0 5 7 1
Tile:0 9 8 0
Tile:7 3 3 1
Drop 0 0 0
Tile:8 4 2 1
Drop 1 0 0
Destroy 6 5 1
Drop 1 0 0
Tile:6_flip 10 8 1
Drop 1 0 0
Tile:9_flip 4 1 1
Tile:6_flip 7 3 0
Tile:8 2 4 1
Tile:6 8 3 0
Destroy 8 3 1
Malus 0 0 0
Drop 4 0 1
Tile:0 8 3 0
Drop 5 0 1
Tile:9_flip 9 3 0
Map 12 7 1
Tile:5 9 2 0
Drop 6 0 1
Tile:5_flip 10 2 0
Drop 4 0 1
Drop 1 0 0
Drop 1 0 1
Drop 2 0 0
Drop 4 0 1
Drop 2 0 0
Drop 0 0 1
Drop 2 0 0
Drop 0 0 1
Destroy 10 2 0
Drop 1 0 1
Drop 0 0 0
Drop 0 0 1
GAMEOVER DRAW
# Game ended: Sat Apr 11 21:29:17 EDT 2020
