# Server version 0.08 running on 192.168.2.221:8123
# Game ID: 154
# Board class: Saboteur.SaboteurBoard
# Timeout: 2000
# First Move Timeout: 30000
# Date: Sat Apr 11 16:21:58 EDT 2020
# Player 1: Player-0, 'RandomPlayer', running on 127.0.0.1
# Player 2: Player-1, '260729564', running on 127.0.0.1
START Player-0 RandomPlayer
START Player-1 260729564
BoardInit:Tile:8,Tile:0,Map,Tile:0,Destroy,Tile:9,Tile:2,Tile:7,Tile:5,Map,Tile:8,Bonus,Tile:9,Malus,Tile:0,Tile:7,Tile:3,Tile:8,Tile:8,Tile:10,Tile:4,Destroy,Tile:6,Tile:7,Tile:8,Bonus,Destroy,Tile:0,Tile:11,Map,Map,Tile:5,Tile:1,Tile:10,Tile:9,Tile:10,Tile:12,Tile:5,Map,Tile:5,Map-Tile:15,Malus,Tile:6,Tile:6,Tile:14,Bonus,Tile:9-Tile:7,Bonus,Tile:6,Tile:7,Tile:6,Tile:13,Tile:9-Tile:nugget,Tile:hidden1,Tile:hidden2
Malus 0 0 1
Drop 3 0 0
Tile:8 6 5 1
Drop 1 0 0
Map 12 3 1
Drop 4 0 0
Tile:9 6 4 1
Drop 5 0 0
Tile:6 7 4 1
Drop 1 0 0
Tile:6 8 4 1
Drop 1 0 0
Tile:8 9 4 1
Drop 6 0 0
Tile:9_flip 10 4 1
Map 12 7 0
Tile:0 7 5 1
Drop 1 0 0
Tile:5 10 3 1
Drop 3 0 0
Tile:8 11 3 1
GAMEOVER WINNER 1
# Game ended: Sat Apr 11 16:21:58 EDT 2020
