# Server version 0.08 running on 192.168.2.221:8123
# Game ID: 1114
# Board class: Saboteur.SaboteurBoard
# Timeout: 2000
# First Move Timeout: 30000
# Date: Sat Apr 11 21:33:39 EDT 2020
# Player 1: Player-0, 'RandomPlayer', running on 127.0.0.1
# Player 2: Player-1, '260729564', running on 127.0.0.1
START Player-0 RandomPlayer
START Player-1 260729564
BoardInit:Tile:0,Destroy,Tile:9,Bonus,Tile:15,Tile:5,Tile:4,Malus,Tile:6,Bonus,Tile:13,Map,Tile:6,Map,Tile:9,Tile:0,Tile:10,Tile:9,Map,Tile:7,Tile:11,Tile:2,Tile:8,Tile:8,Map,Tile:10,Tile:9,Tile:0,Tile:14,Tile:3,Tile:7,Destroy,Tile:6,Map,Tile:8,Tile:1,Tile:8,Tile:7,Malus,Map,Tile:5-Bonus,Tile:7,Tile:5,Tile:10,Tile:12,Destroy,Tile:9-Tile:8,Tile:6,Tile:6,Tile:5,Tile:7,Tile:0,Bonus-Tile:hidden1,Tile:nugget,Tile:hidden2
Tile:9_flip 6 5 1
Tile:6_flip 6 4 0
Tile:0 7 4 1
Tile:5_flip 6 6 0
Tile:9_flip 8 4 1
Tile:8 4 5 0
Tile:10 8 5 1
Tile:6_flip 5 4 0
Tile:5 8 3 1
Destroy 8 3 0
Tile:6 8 6 1
Drop 3 0 0
Tile:7 9 6 1
Drop 0 0 0
Tile:6 9 7 1
Tile:0 3 5 0
Tile:9_flip 10 7 1
Tile:5 10 6 0
Tile:10 8 3 1
Tile:9 7 6 0
Map 12 3 1
Tile:7_flip 5 6 0
Drop 1 0 1
Map 12 5 0
Tile:8 11 6 1
Map 12 5 0
Map 12 5 1
Tile:8 12 6 0
GAMEOVER WINNER 0
# Game ended: Sat Apr 11 21:33:39 EDT 2020
