# Server version 0.08 running on 192.168.2.221:8123
# Game ID: 618
# Board class: Saboteur.SaboteurBoard
# Timeout: 2000
# First Move Timeout: 30000
# Date: Sat Apr 11 20:59:29 EDT 2020
# Player 1: Player-0, 'RandomPlayer', running on 127.0.0.1
# Player 2: Player-1, '260729564', running on 127.0.0.1
START Player-0 RandomPlayer
START Player-1 260729564
BoardInit:Tile:0,Tile:6,Tile:14,Tile:5,Tile:6,Tile:11,Tile:6,Tile:9,Tile:9,Tile:0,Map,Tile:8,Destroy,Tile:10,Tile:2,Destroy,Map,Bonus,Tile:9,Map,Tile:9,Bonus,Tile:0,Tile:1,Tile:3,Tile:8,Map,Map,Tile:8,Tile:8,Tile:15,Destroy,Tile:13,Tile:6,Map,Tile:0,Tile:4,Tile:5,Tile:7,Tile:9,Tile:10-Tile:7,Tile:7,Malus,Tile:7,Tile:7,Tile:8,Bonus-Tile:10,Tile:6,Malus,Bonus,Tile:12,Tile:5,Tile:5-Tile:hidden1,Tile:hidden2,Tile:nugget
Malus 0 0 1
Drop 5 0 0
Tile:8 6 5 1
Malus 0 0 0
Bonus 0 0 1
Drop 4 0 0
Tile:0 7 5 1
Drop 3 0 0
Tile:6 8 5 1
Drop 5 0 0
Tile:9_flip 9 5 1
Bonus 0 0 0
Map 12 3 1
Tile:10 6 6 0
Tile:6 9 6 1
Tile:9_flip 5 6 0
Tile:7 10 6 1
Tile:6_flip 6 4 0
Map 12 5 1
Tile:0 8 6 0
Tile:9 10 7 1
Tile:6 4 6 0
Tile:9 10 8 1
Tile:5_flip 7 4 0
Tile:0 11 8 1
Tile:10 9 4 0
Tile:7 12 8 1
Destroy 12 8 0
Tile:7 12 8 1
Drop 5 0 0
Tile:8 12 9 1
Drop 3 0 0
Tile:7 13 9 1
Destroy 12 8 0
Drop 0 0 1
Drop 3 0 0
Drop 1 0 1
Tile:6_flip 4 5 0
Drop 1 0 1
Tile:5 7 6 0
Tile:7 12 8 1
Tile:9 7 3 0
GAMEOVER TIMEOUT WINNER 0
# Game ended: Sat Apr 11 20:59:34 EDT 2020
