# Server version 0.08 running on 192.168.2.221:8123
# Game ID: 1252
# Board class: Saboteur.SaboteurBoard
# Timeout: 2000
# First Move Timeout: 30000
# Date: Sat Apr 11 21:41:45 EDT 2020
# Player 1: Player-0, 'RandomPlayer', running on 127.0.0.1
# Player 2: Player-1, '260729564', running on 127.0.0.1
START Player-0 RandomPlayer
START Player-1 260729564
BoardInit:Tile:7,Map,Tile:6,Tile:14,Tile:9,Bonus,Tile:8,Map,Tile:1,Tile:5,Tile:3,Bonus,Tile:7,Tile:6,Tile:11,Map,Map,Tile:9,Tile:5,Tile:6,Tile:9,Tile:9,Map,Tile:12,Bonus,Destroy,Tile:6,Tile:5,Tile:8,Tile:8,Tile:0,Tile:6,Map,Tile:5,Tile:2,Tile:10,Tile:0,Tile:15,Bonus,Tile:9,Tile:0-Tile:8,Tile:4,Destroy,Tile:10,Tile:0,Tile:13,Tile:7-Tile:7,Malus,Malus,Tile:7,Destroy,Tile:10,Tile:8-Tile:hidden2,Tile:nugget,Tile:hidden1
Tile:8 6 5 1
Tile:8 5 4 0
Tile:0 7 5 1
Destroy 5 4 0
Tile:6 8 5 1
Tile:7_flip 6 6 0
Tile:7 9 5 1
Tile:14 5 6 0
Tile:8 9 6 1
Map 12 3 0
Tile:7 10 6 1
Tile:7 7 6 0
Tile:10 10 7 1
Tile:5 8 6 0
Tile:7_flip 8 7 1
Map 12 3 0
Tile:9 8 4 1
Tile:6 10 8 0
Map 12 3 1
Tile:9_flip 5 4 0
Tile:5_flip 11 8 1
Tile:6_flip 4 4 0
Tile:9 11 7 1
Tile:9 6 4 0
Map 12 5 1
Tile:10 12 8 0
Destroy 11 7 1
Destroy 7 5 0
Tile:6 7 5 1
Map 12 3 0
Tile:8 8 3 1
Drop 2 0 0
Tile:0 9 4 1
Tile:12 13 7 0
Drop 0 0 1
Tile:8 3 4 0
Drop 0 0 1
Tile:10 12 6 0
Tile:0 10 4 1
Tile:15 7 7 0
Drop 0 0 1
Tile:5_flip 11 4 0
Tile:0 9 3 1
Tile:9 2 4 0
Drop 0 0 1
Tile:6_flip 8 2 0
Drop 0 0 1
Tile:5_flip 9 7 0
Drop 1 0 1
Drop 1 0 0
Drop 1 0 1
Malus 0 0 0
Bonus 0 0 1
Drop 0 0 0
Drop 0 0 1
GAMEOVER DRAW
# Game ended: Sat Apr 11 21:41:48 EDT 2020
