# Server version 0.08 running on 192.168.2.221:8123
# Game ID: 1237
# Board class: Saboteur.SaboteurBoard
# Timeout: 2000
# First Move Timeout: 30000
# Date: Sat Apr 11 21:40:38 EDT 2020
# Player 1: Player-0, '260729564', running on 127.0.0.1
# Player 2: Player-1, 'RandomPlayer', running on 127.0.0.1
START Player-0 260729564
START Player-1 RandomPlayer
BoardInit:Tile:11,Bonus,Malus,Malus,Tile:9,Map,Destroy,Tile:9,Tile:9,Tile:6,Tile:5,Tile:7,Tile:4,Tile:8,Tile:8,Map,Tile:12,Tile:15,Map,Tile:10,Tile:10,Map,Tile:6,Bonus,Tile:10,Tile:6,Tile:6,Tile:0,Map,Destroy,Tile:0,Tile:2,Tile:1,Tile:5,Destroy,Tile:5,Tile:7,Map,Bonus,Tile:7,Tile:14-Bonus,Tile:7,Tile:7,Tile:3,Tile:9,Tile:8,Tile:0-Tile:9,Tile:6,Tile:5,Tile:0,Tile:8,Tile:8,Tile:13-Tile:hidden2,Tile:nugget,Tile:hidden1
Tile:8 6 5 1
Tile:8 7 5 0
Tile:7_flip 6 6 1
Tile:8 8 5 0
Tile:3 9 5 1
Malus 0 0 0
Drop 5 0 1
Map 12 3 0
Drop 1 0 1
Tile:6_flip 8 4 0
Destroy 8 4 1
Tile:6 8 6 0
Bonus 0 0 1
Tile:9_flip 9 6 0
Tile:9_flip 7 4 1
Tile:8 9 7 0
Drop 4 0 1
Map 12 5 0
Tile:11_flip 9 8 1
Tile:9 8 4 0
Tile:0 8 8 1
Tile:10 8 3 0
Tile:12_flip 8 7 1
Tile:0 9 4 0
Tile:6 7 8 1
Tile:5_flip 10 4 0
Tile:9_flip 10 7 1
Tile:6_flip 10 3 0
Tile:6 4 5 1
Tile:0 11 3 0
Tile:8 5 4 1
Tile:7_flip 12 4 0
Tile:10 7 7 1
Destroy 12 4 0
Drop 3 0 1
Tile:5_flip 12 4 0
Destroy 8 5 1
GAMEOVER TIMEOUT WINNER 1
# Game ended: Sat Apr 11 21:40:42 EDT 2020
