# Server version 0.08 running on 192.168.2.221:8123
# Game ID: 922
# Board class: Saboteur.SaboteurBoard
# Timeout: 2000
# First Move Timeout: 30000
# Date: Sat Apr 11 21:20:17 EDT 2020
# Player 1: Player-0, 'RandomPlayer', running on 127.0.0.1
# Player 2: Player-1, '260729564', running on 127.0.0.1
START Player-0 RandomPlayer
START Player-1 260729564
BoardInit:Tile:14,Malus,Map,Tile:0,Tile:8,Destroy,Tile:7,Tile:6,Tile:5,Tile:9,Tile:7,Tile:6,Map,Destroy,Tile:9,Tile:5,Tile:8,Tile:8,Tile:6,Tile:5,Tile:10,Tile:6,Tile:8,Map,Tile:6,Tile:1,Tile:5,Destroy,Tile:8,Tile:7,Tile:0,Tile:4,Tile:3,Tile:11,Bonus,Tile:7,Tile:10,Map,Tile:7,Tile:15,Map-Tile:10,Tile:9,Tile:2,Tile:9,Tile:9,Malus,Bonus-Tile:0,Tile:0,Tile:13,Map,Bonus,Bonus,Tile:12-Tile:hidden2,Tile:hidden1,Tile:nugget
Malus 0 0 1
Bonus 0 0 0
Tile:9_flip 6 5 1
Drop 6 0 0
Map 12 3 1
Drop 3 0 0
Tile:8 6 4 1
Tile:0 4 5 0
Tile:9_flip 7 4 1
Tile:6_flip 7 3 0
Tile:9_flip 8 3 1
Tile:12_flip 3 5 0
Tile:10 8 4 1
Tile:6 8 5 0
Map 12 5 1
Destroy 6 4 0
Tile:9 6 6 1
Tile:5 6 4 0
Tile:8 9 5 1
Tile:0 6 3 0
Tile:6 10 5 1
Tile:9 9 6 0
Tile:10 9 7 1
Tile:5_flip 5 6 0
Tile:8 11 5 1
Tile:6_flip 11 4 0
Tile:6 13 5 1
Tile:1 4 6 0
Tile:7_flip 12 6 1
Destroy 5 6 0
Tile:8 13 4 1
Tile:13 5 3 0
Tile:0 13 6 1
Tile:0 10 6 0
Tile:5 13 3 1
Destroy 13 4 0
Tile:7 12 4 1
Tile:11_flip 5 4 0
Tile:10 13 4 1
Tile:7_flip 4 3 0
Tile:7_flip 9 8 1
Tile:7 8 2 0
Tile:5_flip 10 8 1
Tile:8 7 6 0
Drop 0 0 1
Tile:4_flip 7 7 0
Drop 1 0 1
Tile:15 6 7 0
Drop 1 0 1
Map 12 3 0
Drop 1 0 1
Map 12 7 0
Drop 1 0 1
Drop 0 0 0
Drop 0 0 1
GAMEOVER DRAW
# Game ended: Sat Apr 11 21:20:24 EDT 2020
