# Server version 0.08 running on 192.168.2.221:8123
# Game ID: 1440
# Board class: Saboteur.SaboteurBoard
# Timeout: 2000
# First Move Timeout: 30000
# Date: Sat Apr 11 22:06:31 EDT 2020
# Player 1: Player-0, 'RandomPlayer', running on 127.0.0.1
# Player 2: Player-1, '260729564', running on 127.0.0.1
START Player-0 RandomPlayer
START Player-1 260729564
BoardInit:Tile:6,Tile:8,Tile:6,Tile:9,Tile:10,Bonus,Tile:9,Bonus,Destroy,Tile:8,Tile:6,Tile:15,Tile:0,Tile:8,Map,Tile:3,Tile:9,Tile:12,Map,Tile:4,Map,Map,Tile:1,Tile:6,Malus,Tile:7,Tile:8,Tile:9,Tile:7,Destroy,Tile:11,Tile:9,Malus,Tile:7,Tile:6,Tile:0,Tile:0,Tile:10,Map,Tile:0,Bonus-Tile:14,Tile:5,Bonus,Tile:5,Tile:5,Tile:10,Tile:5-Tile:7,Tile:13,Destroy,Tile:8,Map,Tile:2,Tile:7-Tile:hidden2,Tile:nugget,Tile:hidden1
Tile:5_flip 6 5 1
Tile:2_flip 5 6 0
Tile:6_flip 6 6 1
Tile:7 6 4 0
Tile:6_flip 5 4 1
Drop 1 0 0
Drop 0 0 1
Tile:9 4 6 0
Tile:5_flip 4 7 1
Drop 0 0 0
Tile:9 3 7 1
Drop 1 0 0
Destroy 3 7 1
Tile:8 3 7 0
Tile:10 3 8 1
Drop 2 0 0
Map 12 3 1
Tile:3 7 6 0
Tile:6 6 7 1
Drop 1 0 0
Map 12 5 1
Tile:15 3 6 0
Drop 6 0 1
Tile:8 7 7 0
Drop 6 0 1
Tile:8 4 5 0
Malus 0 0 1
Map 12 5 0
Tile:5 5 7 1
Drop 6 0 0
Tile:8 4 4 1
Bonus 0 0 0
Drop 6 0 1
Tile:7 4 3 0
Malus 0 0 1
Destroy 3 6 0
Tile:9 3 5 1
Drop 3 0 0
Tile:6 3 9 1
Drop 6 0 0
Drop 6 0 1
Drop 2 0 0
Drop 6 0 1
Drop 1 0 0
Tile:7_flip 3 3 1
Drop 3 0 0
Tile:10 7 8 1
Drop 0 0 0
Tile:0 2 7 1
Drop 2 0 0
Tile:0 1 7 1
Drop 0 0 0
Tile:5 3 4 1
Drop 0 0 0
Drop 0 0 1
GAMEOVER DRAW
# Game ended: Sat Apr 11 22:06:31 EDT 2020
