# Server version 0.08 running on 192.168.2.221:8123
# Game ID: 128
# Board class: Saboteur.SaboteurBoard
# Timeout: 2000
# First Move Timeout: 30000
# Date: Sat Apr 11 16:20:52 EDT 2020
# Player 1: Player-0, 'RandomPlayer', running on 127.0.0.1
# Player 2: Player-1, '260729564', running on 127.0.0.1
START Player-0 RandomPlayer
START Player-1 260729564
BoardInit:Tile:10,Tile:8,Tile:10,Map,Map,Tile:9,Bonus,Tile:6,Tile:8,Tile:6,Tile:0,Map,Tile:8,Tile:5,Bonus,Tile:0,Tile:0,Tile:15,Tile:9,Tile:7,Bonus,Tile:12,Tile:1,Tile:10,Tile:9,Tile:5,Tile:7,Bonus,Tile:6,Tile:8,Tile:13,Map,Malus,Destroy,Map,Destroy,Tile:5,Tile:7,Tile:6,Tile:7,Malus-Tile:9,Tile:0,Tile:14,Tile:11,Destroy,Tile:4,Tile:6-Tile:5,Tile:3,Tile:2,Tile:8,Tile:7,Tile:9,Map-Tile:hidden2,Tile:nugget,Tile:hidden1
Tile:0 6 5 1
Tile:9_flip 5 6 0
Tile:6 7 5 1
Tile:2 7 4 0
Tile:9_flip 8 5 1
Tile:8 4 5 0
Map 12 3 1
Tile:5 3 5 0
Tile:10 8 6 1
Drop 3 0 0
Tile:8 8 4 1
Tile:7 9 4 0
Tile:0 6 4 1
Map 12 7 0
Tile:8 8 3 1
Tile:6 8 7 0
Tile:10 9 5 1
Tile:3_flip 5 7 0
Tile:0 9 3 1
Tile:15 9 6 0
Tile:9_flip 10 3 1
Tile:9_flip 10 2 0
Drop 0 0 1
Tile:6 3 6 0
Drop 0 0 1
Tile:5 7 7 0
Tile:9 10 4 1
Tile:5_flip 6 7 0
Tile:7 11 4 1
Drop 6 0 0
Tile:6 11 5 1
GAMEOVER WINNER 1
# Game ended: Sat Apr 11 16:20:53 EDT 2020
