# Server version 0.08 running on 192.168.2.221:8123
# Game ID: 203
# Board class: Saboteur.SaboteurBoard
# Timeout: 2000
# First Move Timeout: 30000
# Date: Sat Apr 11 20:08:46 EDT 2020
# Player 1: Player-0, '260729564', running on 127.0.0.1
# Player 2: Player-1, 'RandomPlayer', running on 127.0.0.1
START Player-0 260729564
START Player-1 RandomPlayer
BoardInit:Destroy,Map,Tile:10,Tile:8,Map,Tile:12,Destroy,Malus,Map,Tile:6,Map,Tile:10,Tile:15,Tile:6,Tile:5,Tile:14,Bonus,Tile:8,Tile:6,Tile:11,Tile:9,Tile:8,Tile:9,Tile:4,Tile:0,Tile:5,Tile:8,Tile:6,Tile:7,Tile:9,Tile:7,Tile:0,Tile:7,Tile:8,Destroy,Tile:0,Tile:2,Bonus,Tile:5,Tile:7,Tile:6-Map,Tile:9,Map,Tile:5,Tile:7,Bonus,Tile:1-Tile:10,Tile:0,Bonus,Tile:13,Tile:9,Tile:3,Malus-Tile:hidden2,Tile:hidden1,Tile:nugget
Map 12 5 1
Malus 0 0 0
Drop 5 0 1
Map 12 3 0
Map 12 7 1
Tile:8 6 5 0
Destroy 6 5 1
Tile:0 6 5 0
Drop 6 0 1
Malus 0 0 0
Map 12 3 1
Tile:6 7 5 0
Drop 0 0 1
Tile:9_flip 8 5 0
Bonus 0 0 1
Tile:6_flip 8 4 0
Drop 0 0 1
Tile:10 8 6 0
Drop 3 0 1
Tile:8 9 4 0
Drop 6 0 1
Tile:10 9 5 0
Map 12 5 1
Tile:8 10 4 0
Drop 5 0 1
Drop 1 0 0
Drop 0 0 1
Tile:5_flip 11 4 0
Drop 6 0 1
Tile:6_flip 11 3 0
Drop 1 0 1
Tile:9 12 4 0
Drop 4 0 1
Tile:0 13 5 0
Drop 0 0 1
Tile:8 12 6 0
GAMEOVER WINNER 0
# Game ended: Sat Apr 11 20:08:47 EDT 2020
