# Server version 0.08 running on 192.168.2.221:8123
# Game ID: 28
# Board class: Saboteur.SaboteurBoard
# Timeout: 2000
# First Move Timeout: 30000
# Date: Sat Apr 11 15:56:29 EDT 2020
# Player 1: Player-0, '260729564', running on 127.0.0.1
# Player 2: Player-1, 'RandomPlayer', running on 127.0.0.1
START Player-0 260729564
START Player-1 RandomPlayer
BoardInit:Tile:2,Map,Tile:1,Tile:0,Tile:11,Tile:9,Map,Tile:9,Bonus,Destroy,Tile:4,Tile:15,Bonus,Map,Tile:9,Tile:10,Tile:8,Bonus,Destroy,Tile:5,Tile:0,Destroy,Malus,Tile:8,Tile:10,Tile:6,Tile:3,Bonus,Tile:0,Tile:7,Tile:7,Tile:5,Tile:8,Tile:6,Map,Tile:8,Tile:7,Malus,Tile:8,Tile:10,Map-Tile:6,Tile:7,Tile:0,Tile:7,Tile:14,Tile:13,Tile:9-Tile:5,Tile:6,Tile:12,Tile:6,Tile:5,Tile:9,Map-Tile:hidden1,Tile:nugget,Tile:hidden2
Tile:7_flip 4 5 1
Map 12 3 0
Tile:14 5 6 1
Map 12 5 0
Tile:7 6 5 1
Tile:9 6 6 0
Tile:9 6 7 1
Tile:9_flip 7 6 0
Tile:2_flip 7 7 1
Tile:5 7 5 0
Tile:11 6 8 1
Tile:6 8 5 0
Tile:13 8 7 1
Tile:6 9 5 0
Tile:1 7 8 1
Tile:0 10 5 0
Tile:9_flip 11 5 1
Tile:9 11 4 0
Tile:8 12 4 1
GAMEOVER WINNER 1
# Game ended: Sat Apr 11 15:56:30 EDT 2020
