# Server version 0.08 running on 192.168.2.221:8123
# Game ID: 701
# Board class: Saboteur.SaboteurBoard
# Timeout: 2000
# First Move Timeout: 30000
# Date: Sat Apr 11 21:06:59 EDT 2020
# Player 1: Player-0, '260729564', running on 127.0.0.1
# Player 2: Player-1, 'RandomPlayer', running on 127.0.0.1
START Player-0 260729564
START Player-1 RandomPlayer
BoardInit:Bonus,Tile:7,Tile:0,Tile:11,Map,Tile:5,Tile:2,Tile:7,Tile:10,Tile:9,Tile:8,Tile:8,Tile:7,Tile:12,Tile:14,Tile:0,Tile:8,Destroy,Tile:10,Map,Tile:8,Tile:8,Tile:6,Bonus,Malus,Map,Tile:0,Map,Map,Tile:5,Tile:9,Tile:1,Tile:0,Tile:4,Tile:15,Tile:9,Bonus,Tile:13,Tile:9,Map,Tile:5-Tile:3,Destroy,Tile:6,Tile:7,Tile:5,Destroy,Tile:9-Tile:6,Tile:7,Tile:6,Tile:10,Bonus,Tile:6,Malus-Tile:nugget,Tile:hidden2,Tile:hidden1
Tile:9 4 5 1
Malus 0 0 0
Destroy 4 5 1
Tile:6 6 5 0
Drop 0 0 1
Tile:6 7 5 0
Drop 1 0 1
Tile:6 8 5 0
Destroy 7 5 1
Tile:10 6 4 0
Drop 1 0 1
Tile:9 5 6 0
Drop 6 0 1
Tile:8 7 5 0
Map 12 5 1
Tile:7 9 5 0
Drop 1 0 1
Tile:0 6 6 0
Drop 3 0 1
Tile:7_flip 9 6 0
Drop 2 0 1
Map 12 3 0
Drop 0 0 1
Tile:8 8 4 0
Drop 2 0 1
Tile:5_flip 10 6 0
Drop 0 0 1
Tile:7_flip 5 7 0
Drop 6 0 1
Drop 1 0 0
Drop 3 0 1
Tile:5 10 5 0
Map 12 7 1
Drop 1 0 0
Drop 0 0 1
Drop 2 0 0
Drop 4 0 1
Tile:9 8 3 0
Malus 0 0 1
Bonus 0 0 0
Drop 4 0 1
Drop 1 0 0
Drop 5 0 1
Drop 1 0 0
Drop 4 0 1
Drop 1 0 0
Drop 2 0 1
Drop 1 0 0
Drop 0 0 1
Drop 1 0 0
Drop 0 0 1
Drop 1 0 0
Drop 1 0 1
Destroy 9 6 0
Drop 0 0 1
GAMEOVER DRAW
# Game ended: Sat Apr 11 21:07:00 EDT 2020
