# Server version 0.08 running on 192.168.2.221:8123
# Game ID: 863
# Board class: Saboteur.SaboteurBoard
# Timeout: 2000
# First Move Timeout: 30000
# Date: Sat Apr 11 21:17:51 EDT 2020
# Player 1: Player-0, '260729564', running on 127.0.0.1
# Player 2: Player-1, 'RandomPlayer', running on 127.0.0.1
START Player-0 260729564
START Player-1 RandomPlayer
BoardInit:Malus,Tile:15,Tile:5,Map,Tile:9,Tile:8,Map,Tile:0,Tile:8,Tile:5,Tile:7,Tile:7,Tile:6,Tile:9,Tile:10,Tile:5,Tile:0,Tile:2,Tile:7,Tile:7,Tile:14,Tile:8,Tile:10,Malus,Tile:11,Tile:8,Tile:0,Bonus,Tile:0,Map,Tile:1,Bonus,Tile:10,Tile:9,Map,Map,Destroy,Tile:6,Tile:7,Destroy,Bonus-Tile:4,Tile:6,Tile:12,Tile:9,Map,Tile:6,Tile:13-Tile:9,Tile:3,Tile:6,Tile:8,Bonus,Tile:5,Destroy-Tile:hidden2,Tile:hidden1,Tile:nugget
Map 12 3 1
Tile:8 6 5 0
Tile:6 5 6 1
Tile:6 7 5 0
Tile:9 4 5 1
Map 12 3 0
Tile:9 4 6 1
Tile:8 8 5 0
Tile:5 5 4 1
Tile:0 9 5 0
Tile:8 10 5 1
Tile:5_flip 11 5 0
Tile:6_flip 8 4 1
Tile:5 11 4 0
Tile:6_flip 7 4 1
Tile:9_flip 12 4 0
Tile:4 4 4 1
Tile:9 12 6 0
GAMEOVER WINNER 0
# Game ended: Sat Apr 11 21:17:52 EDT 2020
