# Server version 0.08 running on 192.168.2.221:8123
# Game ID: 76
# Board class: Saboteur.SaboteurBoard
# Timeout: 2000
# First Move Timeout: 30000
# Date: Sat Apr 11 16:15:03 EDT 2020
# Player 1: Player-0, 'RandomPlayer', running on 127.0.0.1
# Player 2: Player-1, '260729564', running on 127.0.0.1
START Player-0 RandomPlayer
START Player-1 260729564
BoardInit:Bonus,Tile:9,Destroy,Tile:9,Tile:7,Map,Map,Tile:8,Tile:6,Tile:8,Tile:5,Tile:10,Map,Malus,Tile:6,Tile:11,Tile:0,Tile:13,Map,Tile:3,Tile:0,Bonus,Tile:15,Tile:9,Tile:7,Tile:7,Tile:7,Tile:7,Tile:10,Tile:6,Tile:5,Tile:10,Tile:1,Tile:14,Tile:4,Tile:2,Tile:9,Tile:8,Tile:0,Bonus,Destroy-Bonus,Tile:6,Malus,Map,Map,Tile:6,Tile:9-Tile:8,Tile:0,Tile:5,Tile:12,Tile:5,Destroy,Tile:8-Tile:hidden1,Tile:nugget,Tile:hidden2
Map 12 3 1
Tile:5 4 5 0
Map 12 5 1
Tile:8 5 4 0
Malus 0 0 1
Drop 0 0 0
Tile:9_flip 6 4 1
Drop 1 0 0
Tile:6 6 5 1
Destroy 5 4 0
Tile:6 7 5 1
Drop 1 0 0
Tile:6 8 5 1
Drop 4 0 0
Tile:7 9 5 1
Map 12 7 0
Tile:6 9 6 1
Drop 1 0 0
Tile:0 10 6 1
Drop 3 0 0
Tile:5_flip 11 6 1
Drop 2 0 0
Tile:0 8 6 1
Drop 5 0 0
Drop 1 0 1
Drop 0 0 0
Tile:7_flip 5 6 1
Drop 5 0 0
Tile:7 6 6 1
Drop 2 0 0
Tile:10 8 4 1
Drop 4 0 0
Tile:5 11 5 1
GAMEOVER WINNER 1
# Game ended: Sat Apr 11 16:15:03 EDT 2020
