# Server version 0.08 running on 192.168.2.221:8123
# Game ID: 1133
# Board class: Saboteur.SaboteurBoard
# Timeout: 2000
# First Move Timeout: 30000
# Date: Sat Apr 11 21:34:58 EDT 2020
# Player 1: Player-0, '260729564', running on 127.0.0.1
# Player 2: Player-1, 'RandomPlayer', running on 127.0.0.1
START Player-0 260729564
START Player-1 RandomPlayer
BoardInit:Tile:6,Bonus,Tile:2,Tile:10,Tile:0,Tile:9,Tile:7,Tile:5,Bonus,Map,Map,Malus,Tile:8,Destroy,Map,Tile:11,Bonus,Tile:7,Tile:4,Tile:10,Tile:5,Tile:9,Tile:6,Tile:7,Tile:10,Tile:6,Tile:13,Map,Tile:8,Destroy,Tile:0,Tile:0,Tile:5,Bonus,Tile:9,Tile:9,Map,Map,Tile:3,Tile:6,Tile:8-Tile:14,Tile:6,Tile:0,Destroy,Tile:15,Tile:12,Tile:1-Tile:7,Tile:5,Tile:9,Malus,Tile:8,Tile:7,Tile:8-Tile:nugget,Tile:hidden2,Tile:hidden1
Drop 2 0 1
Malus 0 0 0
Drop 1 0 1
Tile:8 6 5 0
Drop 4 0 1
Tile:8 7 5 0
Drop 5 0 1
Tile:9_flip 8 5 0
Destroy 7 5 1
Tile:10 6 4 0
Bonus 0 0 1
Map 12 3 0
Tile:7 6 3 1
Malus 0 0 0
Map 12 7 1
Tile:7_flip 6 6 0
Map 12 7 1
Tile:5_flip 7 6 0
Drop 3 0 1
Tile:7_flip 8 6 0
Drop 2 0 1
Tile:9_flip 5 4 0
Drop 3 0 1
Tile:9 5 3 0
Drop 5 0 1
Tile:10 5 2 0
Drop 0 0 1
Tile:6_flip 7 5 0
Drop 6 0 1
Tile:5 8 4 0
Drop 1 0 1
Tile:7 9 4 0
Drop 4 0 1
Tile:0 9 6 0
Drop 0 0 1
Tile:7_flip 9 5 0
Drop 4 0 1
Tile:9_flip 10 5 0
Map 12 5 1
Drop 2 0 0
Drop 4 0 1
Tile:6 10 6 0
Drop 5 0 1
Drop 2 0 0
Drop 4 0 1
Drop 3 0 0
Drop 3 0 1
Drop 3 0 0
Drop 2 0 1
Destroy 8 4 0
Drop 0 0 1
Destroy 5 2 0
Drop 1 0 1
Drop 0 0 0
Drop 0 0 1
GAMEOVER DRAW
# Game ended: Sat Apr 11 21:34:58 EDT 2020
