# Server version 0.08 running on 192.168.2.221:8123
# Game ID: 1058
# Board class: Saboteur.SaboteurBoard
# Timeout: 2000
# First Move Timeout: 30000
# Date: Sat Apr 11 21:30:42 EDT 2020
# Player 1: Player-0, 'RandomPlayer', running on 127.0.0.1
# Player 2: Player-1, '260729564', running on 127.0.0.1
START Player-0 RandomPlayer
START Player-1 260729564
BoardInit:Tile:2,Tile:13,Tile:8,Tile:0,Tile:6,Tile:8,Tile:9,Tile:10,Tile:3,Destroy,Destroy,Tile:9,Tile:7,Tile:10,Bonus,Tile:0,Map,Tile:8,Destroy,Malus,Tile:5,Tile:5,Tile:8,Tile:6,Map,Tile:6,Tile:14,Tile:9,Tile:1,Tile:8,Tile:15,Bonus,Tile:0,Tile:4,Tile:7,Map,Tile:11,Tile:7,Tile:7,Tile:5,Tile:7-Map,Tile:10,Tile:12,Tile:9,Tile:6,Bonus,Map-Tile:0,Map,Bonus,Malus,Tile:5,Tile:9,Tile:6-Tile:hidden2,Tile:nugget,Tile:hidden1
Map 12 3 1
Tile:0 4 5 0
Map 12 5 1
Tile:6_flip 3 5 0
Tile:8 6 5 1
Tile:9_flip 6 4 0
Tile:6 7 5 1
Tile:5 7 4 0
Tile:6 8 4 1
Tile:8 5 4 0
Tile:9_flip 9 4 1
Tile:10 3 6 0
Tile:10 9 5 1
Destroy 3 6 0
Tile:9 9 6 1
Tile:13 10 6 0
Tile:7_flip 9 7 1
Tile:9 3 6 0
Drop 0 0 1
Tile:10 10 5 0
Drop 1 0 1
Map 12 7 0
Tile:5 10 4 1
Tile:5_flip 5 6 0
Tile:8 10 7 1
Drop 5 0 0
Drop 1 0 1
Tile:0 4 6 0
Drop 2 0 1
Tile:6 4 4 0
Drop 2 0 1
Tile:8 11 7 0
Drop 3 0 1
Tile:8 12 6 0
GAMEOVER WINNER 0
# Game ended: Sat Apr 11 21:30:42 EDT 2020
