# Server version 0.08 running on 192.168.2.221:8123
# Game ID: 1056
# Board class: Saboteur.SaboteurBoard
# Timeout: 2000
# First Move Timeout: 30000
# Date: Sat Apr 11 21:30:38 EDT 2020
# Player 1: Player-0, 'RandomPlayer', running on 127.0.0.1
# Player 2: Player-1, '260729564', running on 127.0.0.1
START Player-0 RandomPlayer
START Player-1 260729564
BoardInit:Tile:9,Tile:9,Tile:15,Tile:8,Tile:6,Tile:6,Tile:7,Map,Tile:11,Map,Bonus,Tile:5,Tile:9,Tile:0,Tile:8,Map,Tile:6,Tile:6,Tile:8,Destroy,Tile:2,Tile:6,Malus,Malus,Tile:13,Tile:9,Tile:10,Tile:10,Tile:7,Bonus,Tile:1,Tile:9,Tile:5,Tile:5,Bonus,Tile:4,Map,Map,Tile:5,Tile:12,Tile:8-Tile:14,Tile:7,Tile:7,Tile:7,Tile:3,Map,Destroy-Tile:0,Tile:0,Tile:8,Tile:10,Bonus,Destroy,Tile:0-Tile:nugget,Tile:hidden2,Tile:hidden1
Map 12 3 1
Tile:8 4 5 0
Tile:9_flip 6 5 1
Tile:9 6 6 0
Tile:7 7 6 1
Tile:10 5 6 0
Tile:6_flip 6 4 1
Tile:6_flip 5 4 0
Tile:7 7 4 1
Drop 0 0 0
Tile:7_flip 7 5 1
Drop 1 0 0
Tile:7 8 5 1
Tile:0 3 5 0
Tile:9 8 6 1
Destroy 7 5 0
Tile:8 7 7 1
Map 12 7 0
Tile:6 8 7 1
Tile:8 9 6 0
Tile:8 10 6 1
Destroy 6 4 0
Drop 0 0 1
Tile:5 4 4 0
Malus 0 0 1
Drop 2 0 0
Drop 0 0 1
Map 12 3 0
Tile:10 10 5 1
Drop 6 0 0
Tile:7 11 6 1
Map 12 3 0
Drop 1 0 1
Drop 6 0 0
Tile:5 10 4 1
Drop 4 0 0
Drop 1 0 1
Drop 3 0 0
Drop 2 0 1
Map 12 5 0
Tile:5_flip 11 4 1
Drop 4 0 0
Tile:8 11 3 1
GAMEOVER WINNER 1
# Game ended: Sat Apr 11 21:30:38 EDT 2020
