# Server version 0.08 running on 192.168.2.221:8123
# Game ID: 465
# Board class: Saboteur.SaboteurBoard
# Timeout: 2000
# First Move Timeout: 30000
# Date: Sat Apr 11 20:39:21 EDT 2020
# Player 1: Player-0, '260729564', running on 127.0.0.1
# Player 2: Player-1, 'RandomPlayer', running on 127.0.0.1
START Player-0 260729564
START Player-1 RandomPlayer
BoardInit:Tile:8,Tile:15,Tile:2,Tile:10,Malus,Map,Tile:8,Tile:0,Tile:7,Tile:8,Tile:5,Tile:6,Bonus,Tile:13,Tile:10,Destroy,Tile:5,Tile:6,Destroy,Tile:3,Tile:0,Bonus,Tile:14,Map,Tile:6,Tile:0,Tile:5,Tile:5,Map,Destroy,Tile:9,Tile:6,Tile:7,Tile:1,Malus,Tile:8,Bonus,Tile:4,Tile:8,Tile:10,Tile:0-Tile:9,Map,Tile:7,Tile:6,Tile:11,Tile:7,Tile:9-Tile:7,Tile:9,Tile:12,Map,Map,Bonus,Tile:9-Tile:hidden1,Tile:hidden2,Tile:nugget
Tile:7 6 5 1
Map 12 3 0
Drop 5 0 1
Map 12 5 0
Tile:6 4 5 1
Tile:9 6 6 0
Tile:11 4 4 1
Tile:9_flip 7 6 0
Tile:8 4 3 1
Tile:10 7 7 0
Tile:9 4 2 1
Tile:8 7 8 0
Tile:7_flip 3 3 1
Tile:6 8 8 0
Tile:5_flip 9 8 1
Tile:0 6 8 0
Tile:10 3 2 1
Tile:7_flip 7 9 0
Tile:5 4 1 1
GAMEOVER TIMEOUT WINNER 1
# Game ended: Sat Apr 11 20:39:24 EDT 2020
