# Server version 0.08 running on 192.168.2.221:8123
# Game ID: 1280
# Board class: Saboteur.SaboteurBoard
# Timeout: 2000
# First Move Timeout: 30000
# Date: Sat Apr 11 21:43:12 EDT 2020
# Player 1: Player-0, 'RandomPlayer', running on 127.0.0.1
# Player 2: Player-1, '260729564', running on 127.0.0.1
START Player-0 RandomPlayer
START Player-1 260729564
BoardInit:Bonus,Tile:0,Tile:5,Tile:6,Tile:2,Malus,Map,Tile:5,Tile:6,Map,Tile:0,Tile:8,Map,Tile:0,Tile:6,Tile:10,Tile:9,Tile:5,Malus,Tile:6,Tile:10,Tile:4,Tile:15,Tile:5,Tile:13,Destroy,Tile:12,Tile:14,Tile:9,Tile:9,Tile:8,Bonus,Tile:8,Tile:1,Tile:9,Bonus,Tile:11,Bonus,Destroy,Tile:6,Tile:8-Tile:3,Tile:7,Destroy,Tile:8,Tile:10,Tile:7,Map-Tile:0,Map,Tile:7,Tile:9,Tile:7,Map,Tile:7-Tile:hidden2,Tile:nugget,Tile:hidden1
Map 12 3 1
Map 12 3 0
Tile:8 6 5 1
Drop 1 0 0
Tile:7 7 5 1
Tile:9_flip 7 6 0
Tile:7_flip 6 6 1
Map 12 7 0
Map 12 5 1
Tile:5_flip 7 7 0
Tile:6_flip 6 4 1
Drop 2 0 0
Tile:0 7 4 1
Drop 6 0 0
Tile:5_flip 8 4 1
Tile:6_flip 6 7 0
Tile:6_flip 8 3 1
Tile:0 5 7 0
Tile:9_flip 9 3 1
Tile:7_flip 9 4 0
Malus 0 0 1
Drop 6 0 0
Tile:10 9 2 1
Map 12 3 0
Tile:10 9 1 1
Drop 5 0 0
Drop 0 0 1
Malus 0 0 0
Bonus 0 0 1
Drop 6 0 0
Tile:9_flip 10 4 1
Destroy 7 6 0
Tile:8 10 5 1
Drop 4 0 0
Tile:8 11 5 1
GAMEOVER WINNER 1
# Game ended: Sat Apr 11 21:43:12 EDT 2020
