# Server version 0.08 running on 192.168.2.221:8123
# Game ID: 497
# Board class: Saboteur.SaboteurBoard
# Timeout: 2000
# First Move Timeout: 30000
# Date: Sat Apr 11 20:40:51 EDT 2020
# Player 1: Player-0, '260729564', running on 127.0.0.1
# Player 2: Player-1, 'RandomPlayer', running on 127.0.0.1
START Player-0 260729564
START Player-1 RandomPlayer
BoardInit:Map,Tile:7,Tile:0,Tile:0,Tile:12,Tile:13,Tile:5,Tile:8,Tile:7,Tile:8,Tile:9,Tile:10,Tile:6,Malus,Tile:2,Tile:10,Map,Map,Tile:11,Tile:10,Tile:14,Tile:4,Map,Tile:5,Tile:5,Tile:0,Tile:1,Destroy,Tile:5,Bonus,Map,Tile:8,Tile:7,Malus,Tile:0,Tile:6,Destroy,Tile:6,Tile:9,Destroy,Tile:3-Map,Tile:7,Tile:9,Tile:9,Tile:9,Tile:6,Tile:6-Bonus,Bonus,Tile:15,Tile:8,Bonus,Tile:7,Tile:8-Tile:hidden2,Tile:nugget,Tile:hidden1
Tile:9 5 6 1
Tile:8 6 6 0
Tile:6 4 5 1
Tile:8 7 6 0
Tile:6_flip 6 5 1
Tile:0 8 6 0
Tile:0 3 5 1
Tile:7 9 6 0
Tile:7_flip 9 7 1
Tile:8 10 7 0
Map 12 3 1
Tile:8 11 7 0
Tile:9 5 4 1
Tile:10 12 6 0
GAMEOVER WINNER 0
# Game ended: Sat Apr 11 20:40:52 EDT 2020
