# Server version 0.08 running on 192.168.2.221:8123
# Game ID: 876
# Board class: Saboteur.SaboteurBoard
# Timeout: 2000
# First Move Timeout: 30000
# Date: Sat Apr 11 21:18:28 EDT 2020
# Player 1: Player-0, 'RandomPlayer', running on 127.0.0.1
# Player 2: Player-1, '260729564', running on 127.0.0.1
START Player-0 RandomPlayer
START Player-1 260729564
BoardInit:Tile:8,Tile:6,Tile:14,Tile:2,Tile:10,Tile:13,Tile:10,Tile:15,Tile:5,Tile:7,Map,Tile:0,Map,Bonus,Tile:5,Tile:0,Tile:12,Tile:7,Tile:8,Bonus,Destroy,Map,Tile:4,Bonus,Tile:9,Tile:8,Destroy,Tile:3,Tile:10,Tile:5,Malus,Tile:7,Tile:0,Tile:7,Tile:6,Tile:11,Tile:5,Map,Tile:8,Tile:6,Tile:6-Map,Tile:0,Tile:7,Destroy,Tile:9,Malus,Map-Tile:8,Tile:9,Tile:9,Tile:6,Tile:9,Bonus,Tile:1-Tile:hidden2,Tile:nugget,Tile:hidden1
Map 12 3 1
Tile:9_flip 6 5 0
Map 12 5 1
Tile:8 5 6 0
Malus 0 0 1
Drop 4 0 0
Tile:8 6 6 1
Drop 3 0 0
Tile:9_flip 7 6 1
Drop 1 0 0
Tile:10 7 5 1
Drop 4 0 0
Tile:10 7 4 1
Drop 0 0 0
Tile:7_flip 7 7 1
Drop 5 0 0
Tile:5_flip 8 7 1
Drop 1 0 0
Tile:5 8 6 1
Drop 3 0 0
Tile:8 9 6 1
Drop 4 0 0
Tile:0 10 6 1
Drop 5 0 0
Drop 1 0 1
Drop 0 0 0
Tile:9_flip 11 6 1
Bonus 0 0 0
Drop 1 0 1
Tile:7_flip 11 7 0
Tile:10 12 6 1
GAMEOVER WINNER 1
# Game ended: Sat Apr 11 21:18:28 EDT 2020
