# Server version 0.08 running on 192.168.2.221:8123
# Game ID: 478
# Board class: Saboteur.SaboteurBoard
# Timeout: 2000
# First Move Timeout: 30000
# Date: Sat Apr 11 20:40:01 EDT 2020
# Player 1: Player-0, 'RandomPlayer', running on 127.0.0.1
# Player 2: Player-1, '260729564', running on 127.0.0.1
START Player-0 RandomPlayer
START Player-1 260729564
BoardInit:Tile:6,Tile:8,Malus,Tile:5,Malus,Tile:9,Tile:7,Tile:8,Tile:10,Tile:5,Destroy,Map,Tile:7,Tile:0,Tile:5,Tile:7,Tile:9,Tile:10,Tile:0,Tile:13,Tile:3,Map,Tile:15,Tile:2,Map,Tile:14,Tile:9,Tile:4,Bonus,Tile:7,Tile:10,Map,Tile:9,Tile:6,Tile:8,Tile:12,Tile:0,Tile:7,Bonus,Tile:11,Tile:8-Tile:6,Tile:6,Tile:9,Destroy,Bonus,Map,Tile:5-Bonus,Map,Tile:0,Tile:8,Destroy,Tile:1,Tile:6-Tile:hidden2,Tile:hidden1,Tile:nugget
Map 12 3 1
Tile:0 4 5 0
Tile:9_flip 6 5 1
Map 12 5 0
Malus 0 0 1
Drop 2 0 0
Malus 0 0 1
Drop 3 0 0
Tile:6 6 6 1
Drop 5 0 0
Tile:10 6 4 1
Bonus 0 0 0
Tile:6 7 6 1
Drop 4 0 0
Tile:6 8 6 1
Map 12 7 0
Tile:5_flip 9 6 1
Drop 5 0 0
Tile:9 9 5 1
Drop 3 0 0
Tile:0 10 5 1
Drop 2 0 0
Tile:7 11 5 1
Map 12 7 0
Tile:7_flip 11 6 1
Drop 2 0 0
Map 12 5 1
Drop 0 0 0
Tile:9_flip 12 6 1
GAMEOVER WINNER 1
# Game ended: Sat Apr 11 20:40:01 EDT 2020
