# Server version 0.08 running on 192.168.2.221:8123
# Game ID: 1003
# Board class: Saboteur.SaboteurBoard
# Timeout: 2000
# First Move Timeout: 30000
# Date: Sat Apr 11 21:24:39 EDT 2020
# Player 1: Player-0, '260729564', running on 127.0.0.1
# Player 2: Player-1, 'RandomPlayer', running on 127.0.0.1
START Player-0 260729564
START Player-1 RandomPlayer
BoardInit:Tile:6,Tile:7,Tile:12,Tile:0,Tile:9,Tile:10,Bonus,Tile:11,Tile:0,Destroy,Tile:2,Tile:9,Bonus,Tile:7,Tile:3,Tile:6,Map,Tile:8,Tile:6,Tile:5,Tile:7,Tile:8,Map,Bonus,Tile:4,Tile:9,Map,Destroy,Destroy,Tile:0,Tile:10,Tile:15,Tile:9,Tile:10,Tile:8,Tile:5,Malus,Map,Tile:13,Map,Tile:8-Malus,Tile:14,Bonus,Tile:8,Tile:5,Tile:5,Tile:7-Tile:0,Tile:6,Tile:1,Tile:7,Tile:6,Tile:9,Map-Tile:nugget,Tile:hidden2,Tile:hidden1
Drop 3 0 1
Map 12 3 0
Malus 0 0 1
Drop 2 0 0
Drop 4 0 1
Drop 0 0 0
Drop 2 0 1
Drop 0 0 0
Tile:9_flip 6 5 1
Drop 6 0 0
Tile:5_flip 6 6 1
Drop 0 0 0
Tile:6 5 6 1
Drop 0 0 0
Tile:0 4 6 1
Drop 0 0 0
Tile:2 6 4 1
Drop 0 0 0
Map 12 7 1
Drop 0 0 0
Drop 4 0 1
Drop 0 0 0
Drop 5 0 1
Drop 0 0 0
Tile:7_flip 4 5 1
Bonus 0 0 0
Tile:3 4 4 1
Tile:5 5 4 0
Tile:14_flip 3 4 1
Destroy 5 4 0
Tile:12 7 4 1
Tile:9 5 4 0
Map 12 3 1
Tile:8 5 3 0
Destroy 3 4 1
Tile:8 5 2 0
Tile:9 4 2 1
Tile:9_flip 6 2 0
Tile:8 6 1 1
Tile:5_flip 7 1 0
Map 12 3 1
Tile:6_flip 7 0 0
Drop 6 0 1
Tile:0 8 0 0
Tile:13 6 0 1
Tile:7 9 0 0
Tile:10 4 1 1
Tile:10 9 1 0
Malus 0 0 1
Drop 0 0 0
Drop 0 0 1
Drop 0 0 0
Drop 0 0 1
Drop 0 0 0
Drop 0 0 1
GAMEOVER DRAW
# Game ended: Sat Apr 11 21:24:40 EDT 2020
