# Server version 0.08 running on 192.168.2.221:8123
# Game ID: 115
# Board class: Saboteur.SaboteurBoard
# Timeout: 2000
# First Move Timeout: 30000
# Date: Sat Apr 11 16:19:53 EDT 2020
# Player 1: Player-0, '260729564', running on 127.0.0.1
# Player 2: Player-1, 'RandomPlayer', running on 127.0.0.1
START Player-0 260729564
START Player-1 RandomPlayer
BoardInit:Destroy,Tile:10,Destroy,Map,Map,Tile:9,Tile:2,Bonus,Tile:7,Tile:15,Tile:5,Map,Tile:8,Tile:10,Tile:5,Tile:6,Map,Bonus,Tile:3,Tile:6,Tile:6,Tile:9,Tile:8,Tile:11,Tile:9,Tile:14,Tile:0,Tile:9,Tile:9,Tile:8,Tile:6,Tile:0,Tile:10,Tile:4,Tile:7,Malus,Destroy,Tile:5,Tile:0,Tile:7,Tile:6-Tile:13,Tile:7,Tile:5,Tile:0,Map,Tile:8,Tile:1-Bonus,Bonus,Map,Tile:12,Tile:7,Tile:8,Malus-Tile:nugget,Tile:hidden1,Tile:hidden2
Tile:5_flip 5 6 1
Map 12 3 0
Tile:13 6 5 1
Malus 0 0 0
Drop 4 0 1
Tile:8 5 4 0
Drop 4 0 1
Tile:9_flip 6 4 0
Drop 1 0 1
Tile:10 6 3 0
Destroy 6 4 1
Tile:7_flip 6 6 0
Drop 5 0 1
Drop 1 0 0
Drop 2 0 1
Tile:10 5 3 0
Drop 0 0 1
Tile:6_flip 5 2 0
Map 12 7 1
Drop 1 0 0
Map 12 3 1
Tile:6_flip 6 2 0
Map 12 7 1
Tile:9_flip 7 2 0
Drop 2 0 1
Drop 1 0 0
Drop 0 0 1
Drop 1 0 0
Drop 5 0 1
Tile:9 7 3 0
Drop 0 0 1
Tile:8 8 3 0
Drop 6 0 1
Tile:0 9 3 0
Drop 3 0 1
Drop 1 0 0
Drop 3 0 1
Malus 0 0 0
Drop 2 0 1
Tile:5_flip 10 3 0
Drop 6 0 1
Tile:7_flip 8 4 0
Destroy 6 6 1
Drop 1 0 0
Drop 4 0 1
Drop 1 0 0
Drop 2 0 1
Drop 1 0 0
Drop 0 0 1
Drop 1 0 0
Drop 0 0 1
Drop 1 0 0
Drop 1 0 1
Drop 0 0 0
Drop 0 0 1
GAMEOVER DRAW
# Game ended: Sat Apr 11 16:19:53 EDT 2020
