# Server version 0.08 running on 192.168.2.221:8123
# Game ID: 1435
# Board class: Saboteur.SaboteurBoard
# Timeout: 2000
# First Move Timeout: 30000
# Date: Sat Apr 11 22:06:22 EDT 2020
# Player 1: Player-0, '260729564', running on 127.0.0.1
# Player 2: Player-1, 'RandomPlayer', running on 127.0.0.1
START Player-0 260729564
START Player-1 RandomPlayer
BoardInit:Tile:11,Tile:1,Tile:5,Bonus,Tile:10,Tile:0,Bonus,Tile:3,Tile:8,Tile:8,Malus,Tile:9,Tile:15,Tile:4,Bonus,Destroy,Tile:13,Tile:6,Destroy,Tile:0,Tile:6,Tile:9,Tile:8,Tile:9,Tile:5,Tile:9,Tile:5,Tile:6,Tile:6,Tile:2,Malus,Tile:10,Tile:5,Map,Tile:8,Destroy,Tile:12,Tile:0,Tile:7,Tile:9,Map-Map,Bonus,Tile:8,Tile:7,Map,Tile:7,Map-Tile:0,Tile:7,Tile:7,Map,Tile:14,Tile:10,Tile:6-Tile:hidden2,Tile:nugget,Tile:hidden1
Drop 3 0 1
Map 12 3 0
Map 12 3 1
Tile:6 6 5 0
Tile:7_flip 5 6 1
Tile:0 7 5 0
Tile:5 5 4 1
Tile:0 8 5 0
Map 12 5 1
Tile:7 9 5 0
Tile:8 6 4 1
Tile:8 9 6 0
Tile:11_flip 6 3 1
Tile:9_flip 10 6 0
Malus 0 0 1
Bonus 0 0 0
Tile:8 4 5 1
Tile:10 10 5 0
Tile:10 10 4 1
Tile:6 10 7 0
Tile:13 9 7 1
Tile:0 11 7 0
Destroy 4 5 1
Tile:9 12 6 0
GAMEOVER WINNER 0
# Game ended: Sat Apr 11 22:06:23 EDT 2020
