# Server version 0.08 running on 192.168.2.221:8123
# Game ID: 223
# Board class: Saboteur.SaboteurBoard
# Timeout: 2000
# First Move Timeout: 30000
# Date: Sat Apr 11 20:10:10 EDT 2020
# Player 1: Player-0, '260729564', running on 127.0.0.1
# Player 2: Player-1, 'RandomPlayer', running on 127.0.0.1
START Player-0 260729564
START Player-1 RandomPlayer
BoardInit:Tile:10,Destroy,Tile:13,Tile:7,Tile:9,Tile:9,Tile:7,Map,Tile:6,Tile:15,Bonus,Tile:7,Tile:12,Tile:0,Tile:6,Bonus,Malus,Tile:3,Tile:7,Map,Destroy,Tile:8,Tile:1,Tile:10,Tile:9,Tile:14,Tile:11,Tile:8,Tile:0,Tile:9,Tile:8,Tile:0,Bonus,Tile:6,Tile:2,Destroy,Tile:4,Map,Map,Tile:8,Tile:0-Tile:5,Tile:9,Tile:6,Tile:7,Tile:5,Tile:8,Bonus-Tile:10,Map,Tile:5,Tile:6,Malus,Map,Tile:5-Tile:hidden2,Tile:nugget,Tile:hidden1
Tile:6 5 6 1
Map 12 3 0
Tile:5 4 6 1
Map 12 5 0
Tile:9_flip 4 7 1
Malus 0 0 0
Drop 3 0 1
Tile:6 6 6 0
Drop 1 0 1
Tile:5_flip 7 6 0
Drop 4 0 1
Tile:10 7 5 0
Bonus 0 0 1
Tile:9 7 4 0
Tile:6 4 8 1
Tile:0 8 4 0
Tile:7_flip 3 7 1
Tile:5_flip 9 4 0
Tile:8 5 8 1
Tile:7 6 8 0
Tile:10 3 6 1
Tile:7_flip 6 9 0
Tile:7 6 5 1
Tile:8 9 3 0
Drop 3 0 1
Tile:10 9 2 0
Tile:7_flip 4 5 1
Drop 1 0 0
Tile:6_flip 5 4 1
Tile:8 10 3 0
Tile:9_flip 5 9 1
Tile:9 10 4 0
Destroy 7 4 1
Tile:0 7 9 0
Tile:1 6 4 1
Tile:6_flip 7 4 0
Tile:8 4 4 1
Drop 1 0 0
Tile:2 4 9 1
Drop 2 0 0
Tile:4 5 7 1
Tile:8 11 4 0
Tile:11_flip 11 3 1
Destroy 11 3 0
Drop 4 0 1
Drop 1 0 0
Tile:12 12 4 1
Destroy 12 4 0
Tile:13 10 5 1
Drop 1 0 0
Tile:0 3 8 1
Drop 1 0 0
Drop 1 0 1
Drop 0 0 0
Drop 0 0 1
GAMEOVER DRAW
# Game ended: Sat Apr 11 20:10:11 EDT 2020
