# Server version 0.08 running on 192.168.2.221:8123
# Game ID: 1021
# Board class: Saboteur.SaboteurBoard
# Timeout: 2000
# First Move Timeout: 30000
# Date: Sat Apr 11 21:28:33 EDT 2020
# Player 1: Player-0, '260729564', running on 127.0.0.1
# Player 2: Player-1, 'RandomPlayer', running on 127.0.0.1
START Player-0 260729564
START Player-1 RandomPlayer
BoardInit:Tile:5,Tile:6,Tile:0,Tile:9,Bonus,Tile:8,Tile:10,Tile:7,Bonus,Tile:5,Tile:10,Tile:9,Map,Destroy,Destroy,Map,Tile:7,Malus,Tile:11,Tile:5,Tile:2,Tile:6,Tile:0,Map,Malus,Tile:8,Tile:4,Destroy,Tile:8,Tile:9,Tile:5,Tile:0,Tile:6,Tile:7,Tile:6,Bonus,Tile:8,Tile:7,Map,Tile:13,Tile:3-Tile:0,Tile:9,Tile:14,Tile:10,Map,Tile:6,Tile:8-Tile:9,Bonus,Tile:7,Tile:12,Tile:1,Map,Tile:15-Tile:nugget,Tile:hidden2,Tile:hidden1
Tile:6_flip 4 5 1
Map 12 3 0
Map 12 3 1
Tile:6_flip 5 4 0
Drop 1 0 1
Tile:9_flip 6 4 0
Drop 2 0 1
Tile:8 6 3 0
Tile:8 6 5 1
Tile:9_flip 7 3 0
Tile:0 5 3 1
Tile:7_flip 7 4 0
Drop 4 0 1
Tile:9_flip 8 4 0
Tile:0 7 5 1
Tile:5 8 3 0
Destroy 7 3 1
Tile:7_flip 6 6 0
Tile:5_flip 5 6 1
Malus 0 0 0
Drop 1 0 1
Tile:5 6 2 0
Map 12 3 1
Tile:6_flip 7 2 0
Drop 5 0 1
Drop 1 0 0
Drop 5 0 1
Tile:8 8 5 0
Drop 2 0 1
Drop 1 0 0
Drop 4 0 1
Tile:9_flip 9 3 0
Drop 4 0 1
Tile:0 9 5 0
Drop 0 0 1
Tile:7_flip 9 4 0
Drop 4 0 1
Drop 1 0 0
Drop 0 0 1
Tile:7 10 4 0
Drop 6 0 1
Drop 2 0 0
Drop 0 0 1
Drop 2 0 0
Drop 4 0 1
Drop 3 0 0
Drop 2 0 1
Drop 3 0 0
Drop 0 0 1
Destroy 6 2 0
Drop 0 0 1
Destroy 7 5 0
Drop 1 0 1
Drop 0 0 0
Drop 0 0 1
GAMEOVER DRAW
# Game ended: Sat Apr 11 21:28:34 EDT 2020
