# Server version 0.08 running on 192.168.2.221:8123
# Game ID: 334
# Board class: Saboteur.SaboteurBoard
# Timeout: 2000
# First Move Timeout: 30000
# Date: Sat Apr 11 20:19:30 EDT 2020
# Player 1: Player-0, 'RandomPlayer', running on 127.0.0.1
# Player 2: Player-1, '260729564', running on 127.0.0.1
START Player-0 RandomPlayer
START Player-1 260729564
BoardInit:Tile:9,Destroy,Map,Map,Bonus,Tile:7,Tile:4,Tile:9,Map,Map,Tile:10,Bonus,Tile:0,Malus,Tile:8,Tile:8,Tile:7,Tile:9,Tile:6,Tile:6,Tile:7,Tile:10,Tile:13,Destroy,Malus,Tile:8,Tile:11,Tile:5,Tile:14,Map,Tile:6,Tile:8,Tile:3,Tile:7,Tile:9,Tile:5,Tile:0,Tile:12,Tile:7,Destroy,Bonus-Tile:2,Tile:5,Tile:10,Tile:6,Map,Tile:6,Tile:15-Tile:9,Tile:5,Bonus,Tile:8,Tile:0,Tile:0,Tile:1-Tile:hidden2,Tile:nugget,Tile:hidden1
Map 12 3 1
Tile:5 4 5 0
Tile:6 6 5 1
Tile:9_flip 7 5 0
Map 12 5 1
Drop 3 0 0
Tile:6 7 6 1
Map 12 7 0
Tile:9_flip 8 6 1
Tile:9_flip 4 6 0
Tile:10 8 5 1
Tile:0 6 6 0
Tile:10 8 4 1
Destroy 6 5 0
Tile:0 6 5 1
Drop 2 0 0
Tile:8 8 3 1
Tile:8 4 7 0
Tile:5_flip 9 3 1
Tile:7 7 4 0
Tile:6_flip 9 2 1
Tile:6_flip 8 2 0
Tile:7_flip 6 4 1
Tile:9_flip 5 7 0
Tile:7_flip 8 7 1
Destroy 6 6 0
Malus 0 0 1
Drop 0 0 0
Drop 0 0 1
Drop 2 0 0
Drop 0 0 1
Map 12 3 0
Tile:6 9 7 1
Map 12 7 0
Drop 1 0 1
Drop 0 0 0
Tile:9 9 6 1
Drop 3 0 0
Tile:0 10 6 1
Drop 6 0 0
Tile:7 11 6 1
Drop 2 0 0
Drop 1 0 1
Destroy 10 6 0
Drop 1 0 1
Drop 3 0 0
Drop 1 0 1
Drop 0 0 0
Drop 1 0 1
Drop 2 0 0
Drop 1 0 1
Drop 0 0 0
Drop 1 0 1
Drop 0 0 0
Drop 0 0 1
GAMEOVER DRAW
# Game ended: Sat Apr 11 20:19:31 EDT 2020
