# Server version 0.08 running on 192.168.2.221:8123
# Game ID: 162
# Board class: Saboteur.SaboteurBoard
# Timeout: 2000
# First Move Timeout: 30000
# Date: Sat Apr 11 20:05:29 EDT 2020
# Player 1: Player-0, 'RandomPlayer', running on 127.0.0.1
# Player 2: Player-1, '260729564', running on 127.0.0.1
START Player-0 RandomPlayer
START Player-1 260729564
BoardInit:Bonus,Tile:5,Tile:7,Tile:6,Tile:10,Tile:3,Tile:4,Tile:0,Tile:8,Tile:8,Tile:9,Tile:8,Bonus,Tile:7,Tile:0,Tile:10,Destroy,Tile:5,Map,Tile:9,Tile:12,Map,Tile:6,Map,Tile:7,Tile:7,Tile:0,Tile:8,Malus,Tile:5,Tile:9,Bonus,Destroy,Map,Tile:0,Tile:6,Tile:7,Malus,Map,Tile:9,Tile:10-Tile:6,Map,Tile:11,Tile:14,Tile:8,Tile:13,Tile:1-Tile:2,Bonus,Tile:6,Tile:15,Tile:9,Destroy,Tile:5-Tile:hidden1,Tile:nugget,Tile:hidden2
Map 12 3 1
Tile:5 5 4 0
Tile:8 6 4 1
Tile:5 6 3 0
Tile:6 7 4 1
Tile:2_flip 4 5 0
Tile:10 5 6 1
Drop 2 0 0
Tile:7 8 4 1
Destroy 6 3 0
Tile:8 8 5 1
Tile:6_flip 7 5 0
Tile:9_flip 9 5 1
Tile:0 3 5 0
Drop 0 0 1
Tile:6 9 6 0
Tile:0 10 6 1
Tile:9 9 4 0
Drop 0 0 1
Tile:8 10 4 0
Map 12 5 1
Tile:5 6 3 0
Drop 0 0 1
Tile:3 4 4 0
Tile:6 11 4 1
Tile:10 10 3 0
Tile:7 12 4 1
GAMEOVER WINNER 1
# Game ended: Sat Apr 11 20:05:29 EDT 2020
