# Server version 0.08 running on 192.168.2.221:8123
# Game ID: 1150
# Board class: Saboteur.SaboteurBoard
# Timeout: 2000
# First Move Timeout: 30000
# Date: Sat Apr 11 21:35:46 EDT 2020
# Player 1: Player-0, 'RandomPlayer', running on 127.0.0.1
# Player 2: Player-1, '260729564', running on 127.0.0.1
START Player-0 RandomPlayer
START Player-1 260729564
BoardInit:Tile:9,Tile:6,Tile:9,Map,Tile:14,Map,Bonus,Bonus,Tile:1,Destroy,Tile:5,Map,Tile:9,Tile:2,Tile:8,Tile:6,Destroy,Tile:8,Tile:9,Tile:5,Tile:8,Tile:8,Tile:3,Map,Tile:0,Tile:0,Destroy,Tile:6,Tile:7,Map,Malus,Tile:10,Tile:15,Tile:0,Malus,Tile:7,Tile:7,Tile:12,Bonus,Tile:11,Tile:6-Tile:7,Map,Tile:7,Tile:4,Tile:10,Tile:9,Tile:5-Tile:0,Tile:5,Tile:10,Bonus,Tile:8,Tile:6,Tile:13-Tile:nugget,Tile:hidden2,Tile:hidden1
Map 12 3 1
Tile:0 4 5 0
Tile:5 5 4 1
Tile:13 5 6 0
Tile:9_flip 6 4 1
Tile:5_flip 6 5 0
Tile:10 6 3 1
Drop 2 0 0
Tile:9 6 2 1
Tile:10 6 1 0
Tile:9_flip 7 2 1
Tile:6 3 5 0
Tile:7_flip 7 3 1
Map 12 7 0
Tile:9_flip 8 3 1
Destroy 7 2 0
Tile:8 7 2 1
Drop 5 0 0
Tile:7_flip 8 4 1
Tile:6 2 5 0
Tile:9_flip 9 4 1
Tile:6 9 5 0
Tile:8 10 5 1
Tile:8 6 0 0
Tile:5_flip 11 5 1
Tile:5 4 6 0
Tile:0 8 5 1
Map 12 5 0
Destroy 11 5 1
Tile:0 6 6 0
Tile:7 11 5 1
Drop 3 0 0
Malus 0 0 1
Map 12 3 0
Destroy 11 5 1
Map 12 5 0
Malus 0 0 1
Drop 0 0 0
Tile:7 11 5 1
Map 12 5 0
Drop 0 0 1
Drop 4 0 0
Tile:6 11 6 1
Bonus 0 0 0
Drop 0 0 1
Drop 3 0 0
Drop 1 0 1
Drop 0 0 0
Drop 1 0 1
Drop 2 0 0
Drop 1 0 1
Drop 0 0 0
Drop 1 0 1
Drop 0 0 0
Drop 0 0 1
GAMEOVER DRAW
# Game ended: Sat Apr 11 21:35:47 EDT 2020
