# Server version 0.08 running on 192.168.2.221:8123
# Game ID: 416
# Board class: Saboteur.SaboteurBoard
# Timeout: 2000
# First Move Timeout: 30000
# Date: Sat Apr 11 20:34:54 EDT 2020
# Player 1: Player-0, 'RandomPlayer', running on 127.0.0.1
# Player 2: Player-1, '260729564', running on 127.0.0.1
START Player-0 RandomPlayer
START Player-1 260729564
BoardInit:Tile:7,Tile:6,Tile:0,Map,Bonus,Tile:11,Tile:4,Tile:8,Tile:12,Tile:0,Destroy,Malus,Tile:14,Tile:6,Tile:5,Tile:9,Tile:2,Bonus,Tile:8,Bonus,Tile:1,Map,Tile:9,Destroy,Tile:9,Tile:3,Tile:10,Map,Tile:0,Tile:7,Tile:6,Tile:8,Tile:5,Tile:10,Tile:7,Malus,Tile:6,Tile:7,Map,Destroy,Tile:10-Map,Tile:0,Bonus,Tile:13,Tile:5,Tile:8,Map-Tile:7,Tile:9,Tile:5,Tile:8,Tile:9,Tile:15,Tile:6-Tile:hidden2,Tile:nugget,Tile:hidden1
Map 12 3 1
Tile:6 4 5 0
Map 12 5 1
Tile:8 4 4 0
Tile:8 6 5 1
Tile:9_flip 6 4 0
Tile:0 7 5 1
Drop 5 0 0
Tile:0 8 5 1
Tile:7 6 3 0
Tile:5_flip 9 5 1
Drop 1 0 0
Tile:7_flip 6 6 1
Tile:5_flip 5 6 0
Drop 1 0 1
Tile:0 5 3 0
Tile:5 9 4 1
Tile:6_flip 5 4 0
Drop 1 0 1
Drop 3 0 0
Tile:8 10 4 1
Tile:6_flip 7 6 0
Drop 1 0 1
Tile:11 10 5 0
Tile:9_flip 11 4 1
Drop 5 0 0
Tile:9 11 3 1
Tile:8 11 2 0
Tile:10 12 4 1
GAMEOVER WINNER 1
# Game ended: Sat Apr 11 20:34:54 EDT 2020
