# Server version 0.08 running on 192.168.2.221:8123
# Game ID: 144
# Board class: Saboteur.SaboteurBoard
# Timeout: 2000
# First Move Timeout: 30000
# Date: Sat Apr 11 16:21:29 EDT 2020
# Player 1: Player-0, 'RandomPlayer', running on 127.0.0.1
# Player 2: Player-1, '260729564', running on 127.0.0.1
START Player-0 RandomPlayer
START Player-1 260729564
BoardInit:Tile:15,Tile:1,Tile:0,Tile:8,Tile:9,Tile:6,Tile:5,Tile:14,Map,Tile:0,Tile:2,Tile:12,Tile:7,Tile:7,Tile:5,Tile:4,Tile:7,Map,Tile:8,Tile:11,Tile:7,Tile:10,Tile:9,Tile:3,Tile:9,Destroy,Tile:9,Tile:9,Bonus,Tile:13,Tile:10,Tile:10,Tile:7,Map,Bonus,Tile:8,Tile:6,Malus,Destroy,Tile:5,Tile:8-Tile:5,Tile:0,Map,Tile:8,Tile:0,Destroy,Tile:6-Tile:6,Bonus,Bonus,Malus,Map,Map,Tile:6-Tile:nugget,Tile:hidden2,Tile:hidden1
Map 12 3 1
Tile:6 4 5 0
Tile:8 5 4 1
Tile:1 6 4 0
Tile:0 6 5 1
Drop 4 0 0
Tile:9_flip 7 5 1
Tile:6_flip 7 4 0
Tile:0 8 4 1
Tile:6 3 5 0
Tile:6 9 4 1
Drop 2 0 0
Tile:0 10 4 1
Map 12 5 0
Tile:5_flip 11 4 1
Tile:7 3 4 0
Tile:5 11 3 1
GAMEOVER WINNER 1
# Game ended: Sat Apr 11 16:21:29 EDT 2020
