# Server version 0.08 running on 192.168.2.221:8123
# Game ID: 239
# Board class: Saboteur.SaboteurBoard
# Timeout: 2000
# First Move Timeout: 30000
# Date: Sat Apr 11 20:11:56 EDT 2020
# Player 1: Player-0, '260729564', running on 127.0.0.1
# Player 2: Player-1, 'RandomPlayer', running on 127.0.0.1
START Player-0 260729564
START Player-1 RandomPlayer
BoardInit:Tile:9,Tile:10,Tile:3,Bonus,Map,Tile:0,Tile:7,Tile:6,Destroy,Tile:6,Tile:8,Destroy,Tile:7,Tile:0,Map,Tile:9,Tile:6,Map,Tile:8,Malus,Tile:8,Map,Tile:1,Tile:9,Tile:5,Tile:9,Tile:8,Tile:7,Tile:7,Tile:6,Tile:0,Tile:14,Tile:5,Tile:5,Map,Tile:10,Bonus,Tile:0,Tile:13,Bonus,Tile:4-Tile:7,Tile:6,Tile:5,Tile:9,Destroy,Bonus,Tile:15-Tile:2,Tile:8,Malus,Tile:10,Tile:11,Tile:12,Map-Tile:hidden1,Tile:nugget,Tile:hidden2
Tile:7 6 5 1
Map 12 3 0
Tile:15 5 6 1
Malus 0 0 0
Drop 2 0 1
Tile:8 5 4 0
Map 12 5 1
Tile:0 6 4 0
Drop 6 0 1
Tile:6 7 4 0
Destroy 5 4 1
Tile:6_flip 5 4 0
Drop 5 0 1
Tile:10 7 3 0
Drop 5 0 1
Tile:0 8 4 0
Drop 0 0 1
Tile:9_flip 9 4 0
Map 12 7 1
Map 12 5 0
Drop 2 0 1
Malus 0 0 0
Drop 3 0 1
Tile:10 9 5 0
Drop 5 0 1
Tile:9 9 6 0
Drop 0 0 1
Tile:9_flip 10 6 0
Drop 6 0 1
Tile:7_flip 10 7 0
Drop 1 0 1
Tile:6_flip 11 7 0
Drop 4 0 1
Drop 0 0 0
Drop 0 0 1
Tile:5_flip 13 7 0
Drop 3 0 1
Tile:10 13 6 0
Map 12 5 1
Drop 0 0 0
Drop 4 0 1
Drop 0 0 0
Drop 5 0 1
Drop 2 0 0
Drop 4 0 1
Drop 2 0 0
Drop 2 0 1
Drop 3 0 0
Drop 0 0 1
Destroy 5 4 0
Drop 0 0 1
Tile:0 4 5 0
Drop 1 0 1
Drop 0 0 0
Drop 0 0 1
GAMEOVER DRAW
# Game ended: Sat Apr 11 20:11:58 EDT 2020
