# Server version 0.08 running on 192.168.2.221:8123
# Game ID: 1414
# Board class: Saboteur.SaboteurBoard
# Timeout: 2000
# First Move Timeout: 30000
# Date: Sat Apr 11 22:05:32 EDT 2020
# Player 1: Player-0, 'RandomPlayer', running on 127.0.0.1
# Player 2: Player-1, '260729564', running on 127.0.0.1
START Player-0 RandomPlayer
START Player-1 260729564
BoardInit:Tile:0,Tile:8,Tile:0,Tile:5,Tile:8,Bonus,Tile:7,Tile:9,Tile:10,Tile:6,Tile:10,Tile:1,Tile:7,Tile:9,Bonus,Tile:5,Map,Map,Malus,Tile:6,Map,Tile:6,Tile:14,Destroy,Tile:9,Tile:3,Bonus,Destroy,Map,Tile:2,Tile:12,Tile:7,Tile:11,Malus,Map,Tile:8,Tile:0,Tile:5,Tile:8,Tile:5,Tile:0-Tile:4,Tile:9,Tile:7,Destroy,Tile:6,Tile:6,Tile:13-Tile:8,Tile:10,Tile:9,Tile:15,Tile:7,Bonus,Map-Tile:hidden1,Tile:nugget,Tile:hidden2
Tile:6 6 5 1
Tile:7_flip 5 6 0
Tile:6 7 5 1
Tile:15 7 4 0
Tile:0 8 5 1
Tile:8 5 4 0
Tile:8 9 5 1
Map 12 5 0
Tile:0 10 5 1
Tile:9 7 3 0
Tile:7 11 5 1
Tile:10 5 3 0
Tile:7_flip 11 6 1
Tile:8 12 6 0
GAMEOVER WINNER 0
# Game ended: Sat Apr 11 22:05:33 EDT 2020
