# Server version 0.08 running on 192.168.2.221:8123
# Game ID: 1149
# Board class: Saboteur.SaboteurBoard
# Timeout: 2000
# First Move Timeout: 30000
# Date: Sat Apr 11 21:35:44 EDT 2020
# Player 1: Player-0, '260729564', running on 127.0.0.1
# Player 2: Player-1, 'RandomPlayer', running on 127.0.0.1
START Player-0 260729564
START Player-1 RandomPlayer
BoardInit:Tile:5,Tile:6,Tile:0,Tile:14,Map,Tile:1,Tile:13,Tile:8,Tile:6,Tile:8,Bonus,Tile:7,Tile:5,Destroy,Tile:12,Tile:6,Tile:8,Map,Tile:0,Tile:9,Tile:7,Tile:8,Tile:11,Tile:7,Tile:8,Tile:3,Destroy,Tile:10,Tile:9,Tile:4,Tile:2,Tile:5,Map,Map,Map,Tile:10,Tile:9,Tile:10,Bonus,Tile:7,Tile:0-Bonus,Map,Tile:6,Tile:9,Tile:15,Malus,Tile:0-Tile:6,Malus,Bonus,Tile:7,Destroy,Tile:9,Tile:5-Tile:hidden2,Tile:nugget,Tile:hidden1
Tile:6_flip 6 5 1
Malus 0 0 0
Drop 1 0 1
Tile:9_flip 7 5 0
Drop 0 0 1
Tile:6 7 6 0
Drop 2 0 1
Tile:6 8 6 0
Map 12 5 1
Tile:8 9 6 0
Drop 4 0 1
Tile:8 10 6 0
Bonus 0 0 1
Tile:7 11 6 0
Tile:9_flip 11 7 1
Tile:7_flip 10 7 0
Tile:6 4 5 1
Tile:6 11 8 0
Tile:5_flip 12 8 1
Map 12 3 0
Tile:8 6 6 1
Tile:9 12 6 0
GAMEOVER WINNER 0
# Game ended: Sat Apr 11 21:35:45 EDT 2020
