# Server version 0.08 running on 192.168.2.221:8123
# Game ID: 62
# Board class: Saboteur.SaboteurBoard
# Timeout: 2000
# First Move Timeout: 30000
# Date: Sat Apr 11 16:13:23 EDT 2020
# Player 1: Player-0, 'RandomPlayer', running on 127.0.0.1
# Player 2: Player-1, '260729564', running on 127.0.0.1
START Player-0 RandomPlayer
START Player-1 260729564
BoardInit:Destroy,Tile:15,Destroy,Tile:6,Tile:2,Malus,Tile:7,Tile:7,Tile:7,Map,Tile:14,Tile:0,Tile:0,Tile:8,Tile:6,Tile:4,Tile:7,Map,Tile:8,Bonus,Tile:1,Tile:6,Map,Destroy,Tile:6,Tile:13,Map,Tile:5,Tile:6,Tile:11,Malus,Tile:9,Tile:0,Tile:9,Tile:9,Map,Tile:3,Tile:10,Tile:10,Bonus,Tile:8-Tile:8,Tile:12,Tile:9,Tile:7,Tile:0,Tile:8,Map-Bonus,Bonus,Tile:10,Tile:5,Tile:9,Tile:5,Tile:5-Tile:hidden2,Tile:nugget,Tile:hidden1
Map 12 3 1
Tile:9 5 6 0
Tile:8 6 6 1
Drop 1 0 0
Tile:8 7 6 1
Tile:5_flip 8 6 0
Tile:9 8 5 1
Tile:6_flip 5 4 0
Tile:0 9 5 1
Tile:7 10 5 0
Tile:7_flip 10 6 1
Tile:5_flip 6 4 0
Tile:7 11 6 1
Drop 4 0 0
Tile:7_flip 11 7 1
Tile:10 6 7 0
Tile:0 13 7 1
Tile:0 4 4 0
Tile:6 12 8 1
Drop 1 0 0
Tile:8 8 4 1
Tile:15 7 7 0
Tile:7 13 8 1
Tile:8 13 9 0
Map 12 5 1
Drop 5 0 0
GAMEOVER TIMEOUT WINNER 0
# Game ended: Sat Apr 11 16:13:28 EDT 2020
