# Server version 0.08 running on 192.168.2.221:8123
# Game ID: 201
# Board class: Saboteur.SaboteurBoard
# Timeout: 2000
# First Move Timeout: 30000
# Date: Sat Apr 11 20:08:38 EDT 2020
# Player 1: Player-0, '260729564', running on 127.0.0.1
# Player 2: Player-1, 'RandomPlayer', running on 127.0.0.1
START Player-0 260729564
START Player-1 RandomPlayer
BoardInit:Tile:10,Tile:8,Tile:5,Tile:10,Bonus,Tile:15,Malus,Tile:6,Map,Tile:0,Tile:6,Tile:0,Destroy,Tile:0,Tile:2,Bonus,Tile:8,Tile:9,Map,Tile:5,Tile:9,Map,Map,Bonus,Tile:12,Tile:11,Tile:6,Tile:8,Tile:8,Tile:6,Tile:4,Tile:13,Tile:0,Tile:6,Bonus,Tile:5,Destroy,Tile:8,Tile:9,Tile:7,Map-Malus,Tile:3,Tile:14,Tile:7,Tile:5,Destroy,Tile:9-Tile:9,Tile:10,Tile:7,Tile:7,Tile:1,Map,Tile:7-Tile:nugget,Tile:hidden1,Tile:hidden2
Tile:7 6 5 1
Map 12 3 0
Tile:9 6 6 1
Tile:8 5 4 0
Tile:14 6 4 1
Tile:9_flip 7 6 0
Tile:5 6 3 1
Tile:10 7 5 0
Destroy 6 5 1
Tile:10 5 3 0
Tile:3_flip 6 7 1
Tile:6_flip 5 2 0
Drop 4 0 1
Tile:0 6 2 0
Map 12 3 1
Tile:0 7 2 0
Destroy 6 4 1
Tile:0 8 2 0
Tile:8 6 4 1
Tile:9_flip 9 2 0
Map 12 3 1
Tile:7_flip 9 3 0
Tile:2 7 4 1
Tile:7 10 3 0
Map 12 5 1
Tile:5 9 1 0
Tile:5_flip 8 4 1
Tile:7_flip 10 4 0
Tile:12 11 4 1
Tile:8 10 1 0
Tile:8 4 5 1
Tile:6_flip 11 1 0
Tile:9_flip 4 6 1
Drop 0 0 0
Tile:6 3 6 1
Tile:6_flip 12 1 0
Tile:4_flip 5 6 1
Tile:5_flip 12 2 0
Destroy 12 1 1
Tile:8 11 2 0
Tile:6_flip 3 5 1
GAMEOVER TIMEOUT WINNER 1
# Game ended: Sat Apr 11 20:08:43 EDT 2020
