# Server version 0.08 running on 192.168.2.221:8123
# Game ID: 231
# Board class: Saboteur.SaboteurBoard
# Timeout: 2000
# First Move Timeout: 30000
# Date: Sat Apr 11 20:10:53 EDT 2020
# Player 1: Player-0, '260729564', running on 127.0.0.1
# Player 2: Player-1, 'RandomPlayer', running on 127.0.0.1
START Player-0 260729564
START Player-1 RandomPlayer
BoardInit:Tile:0,Tile:7,Tile:12,Tile:9,Map,Tile:5,Destroy,Tile:6,Tile:9,Tile:8,Tile:8,Tile:15,Malus,Bonus,Tile:4,Tile:5,Tile:2,Tile:5,Tile:6,Tile:1,Tile:7,Bonus,Tile:8,Tile:5,Destroy,Bonus,Malus,Tile:9,Tile:7,Tile:9,Tile:10,Tile:0,Tile:0,Map,Tile:6,Tile:6,Tile:8,Map,Tile:8,Tile:7,Map-Bonus,Tile:10,Tile:9,Map,Tile:0,Map,Tile:3-Destroy,Tile:7,Tile:11,Tile:10,Tile:13,Tile:14,Tile:6-Tile:hidden2,Tile:nugget,Tile:hidden1
Tile:9_flip 6 5 1
Tile:6 6 6 0
Tile:0 4 5 1
Tile:7 7 6 0
Tile:3_flip 3 5 1
Tile:9 6 4 0
Drop 6 0 1
Tile:7 7 4 0
Map 12 5 1
Tile:6 7 7 0
Destroy 4 5 1
Tile:8 8 7 0
Tile:9_flip 8 8 1
Tile:5 8 6 0
Drop 2 0 1
Tile:10 8 9 0
Tile:10 8 10 1
Tile:5_flip 9 6 0
Tile:2 6 7 1
Tile:5 9 5 0
Tile:0 5 7 1
Drop 1 0 0
Tile:6_flip 4 5 1
Drop 1 0 0
Tile:8 4 6 1
Tile:5_flip 10 5 0
Tile:4 6 3 1
Drop 1 0 0
Drop 2 0 1
Tile:9 10 4 0
Drop 1 0 1
Tile:9_flip 11 4 0
Tile:7_flip 6 8 1
Tile:0 9 7 0
Destroy 8 9 1
Map 12 3 0
Tile:6 4 7 1
Tile:6_flip 11 3 0
Tile:8 12 2 1
Map 12 5 0
Tile:7_flip 7 5 1
GAMEOVER TIMEOUT WINNER 1
# Game ended: Sat Apr 11 20:10:57 EDT 2020
