# Server version 0.08 running on 192.168.2.221:8123
# Game ID: 1118
# Board class: Saboteur.SaboteurBoard
# Timeout: 2000
# First Move Timeout: 30000
# Date: Sat Apr 11 21:33:53 EDT 2020
# Player 1: Player-0, 'RandomPlayer', running on 127.0.0.1
# Player 2: Player-1, '260729564', running on 127.0.0.1
START Player-0 RandomPlayer
START Player-1 260729564
BoardInit:Malus,Tile:8,Bonus,Bonus,Tile:6,Tile:0,Tile:6,Tile:0,Tile:1,Tile:10,Tile:5,Map,Tile:9,Tile:0,Map,Tile:8,Tile:7,Destroy,Tile:6,Tile:11,Map,Tile:8,Bonus,Tile:12,Map,Bonus,Tile:15,Tile:10,Tile:5,Tile:14,Tile:5,Tile:7,Destroy,Tile:0,Tile:3,Tile:13,Tile:8,Tile:7,Tile:9,Tile:10,Map-Tile:7,Tile:6,Map,Tile:2,Tile:7,Malus,Tile:9-Tile:9,Tile:5,Tile:8,Tile:4,Tile:9,Tile:6,Destroy-Tile:nugget,Tile:hidden2,Tile:hidden1
Map 12 3 1
Tile:8 5 4 0
Malus 0 0 1
Drop 1 0 0
Malus 0 0 1
Drop 0 0 0
Tile:9_flip 6 4 1
Destroy 6 4 0
Tile:6 6 4 1
Drop 5 0 0
Tile:6 7 4 1
Bonus 0 0 0
Tile:6 8 4 1
Drop 4 0 0
Tile:9_flip 9 4 1
Map 12 7 0
Tile:5 9 3 1
Drop 5 0 0
Tile:7 10 3 1
Drop 3 0 0
Tile:6 9 5 1
Drop 4 0 0
Tile:7_flip 10 4 1
Destroy 10 4 0
Tile:7_flip 10 4 1
Drop 2 0 0
Drop 0 0 1
Drop 0 0 0
Drop 1 0 1
Drop 6 0 0
Tile:5_flip 11 4 1
Drop 1 0 0
Tile:5 11 3 1
GAMEOVER WINNER 1
# Game ended: Sat Apr 11 21:33:54 EDT 2020
