# Server version 0.08 running on 192.168.2.221:8123
# Game ID: 1277
# Board class: Saboteur.SaboteurBoard
# Timeout: 2000
# First Move Timeout: 30000
# Date: Sat Apr 11 21:43:02 EDT 2020
# Player 1: Player-0, '260729564', running on 127.0.0.1
# Player 2: Player-1, 'RandomPlayer', running on 127.0.0.1
START Player-0 260729564
START Player-1 RandomPlayer
BoardInit:Tile:7,Tile:10,Tile:0,Map,Tile:5,Tile:1,Tile:7,Tile:15,Map,Tile:6,Bonus,Tile:12,Tile:14,Malus,Tile:7,Destroy,Tile:7,Tile:8,Tile:6,Tile:4,Tile:10,Tile:7,Destroy,Tile:9,Tile:0,Tile:8,Tile:11,Map,Tile:10,Tile:5,Tile:5,Tile:2,Map,Tile:8,Tile:9,Tile:9,Tile:6,Malus,Bonus,Bonus,Tile:5-Tile:8,Map,Tile:9,Bonus,Map,Tile:9,Destroy-Tile:3,Tile:6,Tile:13,Tile:6,Tile:0,Tile:8,Tile:0-Tile:hidden2,Tile:nugget,Tile:hidden1
Tile:8 5 6 1
Tile:8 6 6 0
Map 12 3 1
Tile:6 7 6 0
Tile:9 5 7 1
Map 12 3 0
Drop 6 0 1
Tile:6 8 6 0
Tile:9_flip 5 8 1
Tile:0 9 6 0
Tile:7_flip 4 5 1
Tile:6 10 6 0
Destroy 5 7 1
Tile:0 11 6 0
Map 12 3 1
Malus 0 0 0
Drop 3 0 1
Tile:10 10 5 0
Drop 2 0 1
Tile:8 12 6 0
GAMEOVER WINNER 0
# Game ended: Sat Apr 11 21:43:02 EDT 2020
