# Server version 0.08 running on 192.168.2.221:8123
# Game ID: 654
# Board class: Saboteur.SaboteurBoard
# Timeout: 2000
# First Move Timeout: 30000
# Date: Sat Apr 11 21:03:14 EDT 2020
# Player 1: Player-0, 'RandomPlayer', running on 127.0.0.1
# Player 2: Player-1, '260729564', running on 127.0.0.1
START Player-0 RandomPlayer
START Player-1 260729564
BoardInit:Tile:5,Tile:10,Bonus,Tile:3,Tile:8,Map,Map,Tile:10,Tile:11,Bonus,Map,Tile:8,Tile:8,Malus,Tile:12,Tile:9,Tile:4,Tile:9,Destroy,Tile:5,Map,Tile:7,Tile:1,Tile:8,Tile:6,Bonus,Tile:6,Tile:0,Malus,Tile:6,Destroy,Tile:13,Tile:7,Tile:0,Tile:7,Tile:14,Tile:9,Tile:6,Map,Tile:10,Tile:5-Tile:2,Tile:9,Destroy,Tile:7,Tile:9,Tile:0,Map-Tile:5,Tile:8,Tile:6,Bonus,Tile:0,Tile:7,Tile:15-Tile:nugget,Tile:hidden1,Tile:hidden2
Map 12 3 1
Tile:5 4 5 0
Tile:5 5 4 1
Tile:10 4 6 0
Tile:0 6 4 1
Tile:3 7 4 0
Tile:7 6 5 1
Tile:7_flip 6 6 0
Tile:8 7 6 1
Tile:15 7 5 0
Tile:9_flip 8 6 1
Tile:8 4 7 0
Tile:9 8 5 1
Tile:6 8 7 0
Tile:8 9 5 1
Drop 1 0 0
Drop 0 0 1
Tile:9 9 6 0
Drop 2 0 1
Tile:8 4 8 0
Drop 2 0 1
Tile:10 8 4 0
Drop 2 0 1
Tile:5_flip 9 7 0
Drop 2 0 1
Map 12 7 0
Tile:6 10 5 1
Tile:9_flip 11 5 0
Tile:6_flip 11 4 1
Tile:8 7 7 0
Malus 0 0 1
Drop 3 0 0
Destroy 11 5 1
Bonus 0 0 0
Tile:7 10 6 1
Tile:13 4 9 0
Tile:7_flip 10 7 1
Tile:6_flip 3 7 0
Tile:9 10 4 1
Tile:0 12 4 0
Destroy 12 4 1
Tile:6_flip 12 4 0
Tile:5_flip 13 4 1
Tile:10 13 3 0
Destroy 12 4 1
Drop 3 0 0
Drop 1 0 1
Tile:14_flip 6 7 0
Drop 1 0 1
Malus 0 0 0
Bonus 0 0 1
Drop 0 0 0
Drop 0 0 1
Drop 0 0 0
Drop 0 0 1
GAMEOVER DRAW
# Game ended: Sat Apr 11 21:03:15 EDT 2020
