# Server version 0.08 running on 192.168.2.221:8123
# Game ID: 10
# Board class: Saboteur.SaboteurBoard
# Timeout: 20000
# First Move Timeout: 30000
# Date: Sat Apr 11 14:12:17 EDT 2020
# Player 1: Player-0, '260729564', running on 192.168.2.221
# Player 2: Player-1, 'RandomPlayer', running on 192.168.2.221
START Player-0 260729564
START Player-1 RandomPlayer
BoardInit:Tile:4,Map,Map,Tile:8,Tile:13,Tile:5,Bonus,Tile:9,Tile:14,Tile:8,Tile:6,Tile:8,Map,Tile:9,Tile:10,Tile:6,Tile:9,Map,Tile:0,Tile:0,Destroy,Tile:3,Tile:5,Bonus,Tile:6,Tile:10,Tile:8,Tile:5,Map,Tile:7,Tile:6,Tile:7,Tile:11,Tile:2,Tile:7,Tile:12,Map,Tile:9,Bonus,Bonus,Tile:8-Tile:10,Malus,Tile:5,Destroy,Tile:7,Tile:0,Tile:9-Tile:0,Destroy,Tile:1,Malus,Tile:6,Tile:7,Tile:15-Tile:hidden2,Tile:hidden1,Tile:nugget
Malus 0 0 1
Malus 0 0 0
Drop 1 0 1
Map 12 3 0
Drop 2 0 1
Drop 2 0 0
Map 12 5 1
Drop 4 0 0
Drop 5 0 1
Drop 5 0 0
Bonus 0 0 1
Drop 1 0 0
Tile:14_flip 4 5 1
Drop 4 0 0
Map 12 7 1
Drop 0 0 0
Tile:10 5 6 1
Drop 0 0 0
Tile:9 5 4 1
Map 12 5 0
Tile:4_flip 4 6 1
Drop 3 0 0
Destroy 4 6 1
Drop 6 0 0
Tile:5_flip 5 7 1
Bonus 0 0 0
Tile:0 6 4 1
Tile:6 7 4 0
Tile:6_flip 6 5 1
Tile:0 8 4 0
Tile:10 4 6 1
Tile:8 4 7 0
Destroy 6 4 1
Tile:8 4 8 0
Tile:6_flip 5 3 1
Tile:7 7 5 0
Tile:0 4 3 1
Tile:9 7 6 0
Tile:8 3 7 1
Tile:5_flip 8 6 0
Tile:7 5 8 1
Tile:10 7 7 0
Tile:9 2 7 1
Tile:9 7 8 0
Tile:11_flip 8 8 1
Tile:7_flip 7 9 0
Tile:8 4 9 1
Tile:7 6 3 0
Map 12 3 1
Drop 0 0 0
Tile:6 8 9 1
Drop 0 0 0
Map 12 3 1
Drop 0 0 0
Drop 0 0 1
GAMEOVER DRAW
# Game ended: Sat Apr 11 14:12:17 EDT 2020
