# Server version 0.08 running on 192.168.2.221:8123
# Game ID: 235
# Board class: Saboteur.SaboteurBoard
# Timeout: 2000
# First Move Timeout: 30000
# Date: Sat Apr 11 20:11:50 EDT 2020
# Player 1: Player-0, '260729564', running on 127.0.0.1
# Player 2: Player-1, 'RandomPlayer', running on 127.0.0.1
START Player-0 260729564
START Player-1 RandomPlayer
BoardInit:Tile:10,Tile:3,Tile:11,Tile:6,Tile:5,Tile:9,Tile:6,Tile:8,Tile:7,Tile:7,Tile:6,Map,Tile:5,Tile:9,Tile:5,Tile:2,Tile:12,Tile:13,Map,Destroy,Tile:8,Malus,Tile:8,Tile:0,Tile:10,Tile:0,Map,Tile:9,Bonus,Tile:5,Tile:15,Tile:9,Tile:7,Tile:6,Tile:0,Malus,Map,Tile:1,Tile:7,Map,Destroy-Tile:7,Tile:4,Destroy,Bonus,Bonus,Tile:14,Tile:9-Tile:10,Tile:8,Tile:0,Map,Tile:8,Bonus,Tile:6-Tile:hidden1,Tile:nugget,Tile:hidden2
Tile:9 5 6 1
Map 12 3 0
Drop 5 0 1
Tile:8 6 6 0
Tile:11_flip 5 7 1
Tile:8 7 6 0
Tile:4_flip 6 7 1
Tile:0 8 6 0
Destroy 5 7 1
Tile:8 9 6 0
Tile:7_flip 9 7 1
Tile:6 10 6 0
Tile:5 9 5 1
Map 12 5 0
Tile:10 7 7 1
Tile:6 11 6 0
Tile:5_flip 5 7 1
Tile:9_flip 12 6 0
GAMEOVER WINNER 0
# Game ended: Sat Apr 11 20:11:50 EDT 2020
