# Server version 0.08 running on 192.168.2.221:8123
# Game ID: 255
# Board class: Saboteur.SaboteurBoard
# Timeout: 2000
# First Move Timeout: 30000
# Date: Sat Apr 11 20:12:56 EDT 2020
# Player 1: Player-0, '260729564', running on 127.0.0.1
# Player 2: Player-1, 'RandomPlayer', running on 127.0.0.1
START Player-0 260729564
START Player-1 RandomPlayer
BoardInit:Tile:6,Tile:7,Tile:12,Malus,Tile:6,Destroy,Map,Tile:8,Tile:8,Tile:5,Destroy,Tile:2,Tile:9,Tile:5,Map,Tile:3,Tile:8,Bonus,Tile:10,Tile:14,Bonus,Tile:0,Tile:8,Tile:0,Tile:7,Tile:9,Tile:11,Tile:6,Tile:0,Tile:9,Tile:15,Tile:13,Tile:9,Map,Tile:10,Tile:9,Tile:5,Tile:7,Tile:5,Bonus,Tile:6-Map,Tile:0,Bonus,Tile:8,Tile:4,Tile:1,Tile:10-Tile:7,Destroy,Map,Tile:7,Malus,Tile:6,Map-Tile:hidden2,Tile:nugget,Tile:hidden1
Tile:8 4 5 1
Map 12 3 0
Map 12 3 1
Map 12 5 0
Tile:10 4 4 1
Malus 0 0 0
Drop 3 0 1
Malus 0 0 0
Map 12 5 1
Tile:8 6 5 0
Bonus 0 0 1
Tile:6 7 5 0
Drop 6 0 1
Tile:7 8 5 0
Drop 0 0 1
Tile:7_flip 8 6 0
Map 12 7 1
Tile:7 9 6 0
Drop 3 0 1
Tile:5 7 4 0
Drop 2 0 1
Tile:5_flip 8 4 0
Drop 3 0 1
Drop 2 0 0
Drop 5 0 1
Drop 2 0 0
Drop 0 0 1
Tile:9 9 7 0
Drop 5 0 1
Tile:6 10 7 0
Drop 0 0 1
Tile:0 11 7 0
Drop 6 0 1
Tile:9 12 6 0
GAMEOVER WINNER 0
# Game ended: Sat Apr 11 20:12:56 EDT 2020
