# Server version 0.08 running on 192.168.2.221:8123
# Game ID: 597
# Board class: Saboteur.SaboteurBoard
# Timeout: 2000
# First Move Timeout: 30000
# Date: Sat Apr 11 20:57:48 EDT 2020
# Player 1: Player-0, '260729564', running on 127.0.0.1
# Player 2: Player-1, 'RandomPlayer', running on 127.0.0.1
START Player-0 260729564
START Player-1 RandomPlayer
BoardInit:Tile:8,Map,Tile:1,Tile:7,Tile:9,Tile:4,Bonus,Tile:9,Tile:5,Tile:5,Tile:10,Malus,Tile:7,Tile:3,Tile:7,Map,Bonus,Tile:0,Destroy,Tile:6,Tile:8,Tile:6,Tile:9,Tile:2,Tile:10,Malus,Tile:7,Tile:8,Map,Tile:15,Tile:7,Bonus,Tile:14,Tile:8,Tile:12,Map,Map,Tile:6,Tile:0,Tile:8,Tile:5-Tile:0,Tile:6,Tile:6,Tile:10,Destroy,Tile:9,Tile:5-Tile:9,Bonus,Tile:13,Destroy,Map,Tile:11,Tile:0-Tile:hidden1,Tile:hidden2,Tile:nugget
Tile:9_flip 5 4 1
Map 12 3 0
Destroy 5 4 1
Map 12 5 0
Tile:6 5 6 1
Tile:7 6 6 0
Tile:5 5 4 1
Tile:0 6 5 0
Tile:6_flip 4 5 1
Tile:9_flip 7 5 0
Tile:5 3 5 1
Tile:9 7 6 0
Tile:8 7 4 1
Malus 0 0 0
Drop 5 0 1
Tile:5_flip 8 6 0
Drop 1 0 1
Drop 1 0 0
Drop 2 0 1
Tile:0 8 4 0
Destroy 3 5 1
Tile:6 9 4 0
Drop 5 0 1
Tile:6 10 4 0
Drop 5 0 1
Drop 2 0 0
Drop 0 0 1
Malus 0 0 0
Drop 6 0 1
Tile:8 11 4 0
Drop 3 0 1
Drop 2 0 0
Map 12 7 1
Drop 2 0 0
Drop 0 0 1
Tile:8 11 5 0
Drop 4 0 1
Drop 2 0 0
Map 12 3 1
Tile:6 13 5 0
Drop 4 0 1
Tile:8 12 6 0
GAMEOVER WINNER 0
# Game ended: Sat Apr 11 20:57:49 EDT 2020
