# Server version 0.08 running on 192.168.2.221:8123
# Game ID: 1366
# Board class: Saboteur.SaboteurBoard
# Timeout: 2000
# First Move Timeout: 30000
# Date: Sat Apr 11 22:03:12 EDT 2020
# Player 1: Player-0, 'RandomPlayer', running on 127.0.0.1
# Player 2: Player-1, '260729564', running on 127.0.0.1
START Player-0 RandomPlayer
START Player-1 260729564
BoardInit:Tile:15,Destroy,Tile:8,Tile:6,Tile:12,Tile:0,Tile:0,Tile:5,Malus,Tile:9,Tile:6,Tile:5,Tile:9,Tile:8,Tile:5,Tile:6,Tile:10,Map,Map,Bonus,Tile:0,Tile:7,Tile:11,Destroy,Tile:14,Tile:10,Tile:7,Bonus,Tile:1,Map,Tile:8,Tile:6,Tile:7,Tile:5,Bonus,Tile:4,Tile:0,Tile:10,Bonus,Tile:7,Tile:9-Tile:9,Malus,Tile:7,Map,Map,Map,Tile:9-Tile:8,Tile:13,Destroy,Tile:3,Tile:2,Tile:6,Tile:8-Tile:nugget,Tile:hidden2,Tile:hidden1
Map 12 3 1
Tile:3_flip 5 6 0
Malus 0 0 1
Destroy 5 6 0
Tile:8 5 4 1
Drop 4 0 0
Tile:9_flip 6 4 1
Drop 5 0 0
Tile:9 6 3 1
Destroy 6 3 0
Malus 0 0 1
Drop 4 0 0
Tile:6_flip 6 3 1
Drop 0 0 0
Tile:9_flip 7 3 1
Drop 0 0 0
Tile:7_flip 7 4 1
Drop 5 0 0
Tile:0 8 4 1
Drop 3 0 0
Tile:5_flip 9 4 1
Drop 6 0 0
Tile:10 9 3 1
Map 12 7 0
Drop 0 0 1
Destroy 6 4 0
Tile:0 6 5 1
Drop 0 0 0
Tile:7 7 5 1
Drop 6 0 0
Drop 0 0 1
Map 12 3 0
Tile:8 7 6 1
Drop 6 0 0
Tile:7 8 6 1
Drop 3 0 0
Drop 0 0 1
Drop 3 0 0
Tile:0 6 6 1
Drop 6 0 0
Drop 0 0 1
Drop 2 0 0
Tile:9 8 7 1
Drop 1 0 0
Drop 0 0 1
Drop 3 0 0
Drop 0 0 1
Drop 0 0 0
Drop 0 0 1
Drop 2 0 0
Drop 0 0 1
Drop 0 0 0
Drop 1 0 1
Drop 0 0 0
Drop 0 0 1
GAMEOVER DRAW
# Game ended: Sat Apr 11 22:03:13 EDT 2020
