# Server version 0.08 running on 192.168.2.221:8123
# Game ID: 824
# Board class: Saboteur.SaboteurBoard
# Timeout: 2000
# First Move Timeout: 30000
# Date: Sat Apr 11 21:13:40 EDT 2020
# Player 1: Player-0, 'RandomPlayer', running on 127.0.0.1
# Player 2: Player-1, '260729564', running on 127.0.0.1
START Player-0 RandomPlayer
START Player-1 260729564
BoardInit:Tile:10,Destroy,Tile:2,Tile:8,Tile:0,Tile:0,Tile:1,Tile:7,Tile:0,Bonus,Tile:5,Tile:6,Tile:10,Tile:9,Map,Tile:7,Tile:6,Bonus,Destroy,Tile:8,Tile:8,Tile:7,Tile:13,Tile:5,Tile:14,Tile:9,Destroy,Bonus,Tile:15,Malus,Tile:6,Malus,Tile:4,Tile:3,Tile:8,Tile:9,Tile:9,Map,Tile:12,Tile:6,Tile:9-Tile:6,Map,Tile:11,Bonus,Tile:7,Tile:5,Map-Tile:5,Map,Tile:8,Tile:7,Map,Tile:0,Tile:10-Tile:hidden2,Tile:nugget,Tile:hidden1
Map 12 3 1
Tile:5 4 5 0
Map 12 5 1
Tile:7 6 5 0
Tile:10 6 6 1
Map 12 7 0
Tile:7_flip 6 7 1
Tile:10 4 6 0
Tile:6_flip 7 7 1
Destroy 6 6 0
Tile:5 5 4 1
Drop 2 0 0
Tile:0 6 4 1
Tile:8 8 7 0
Tile:0 7 4 1
Tile:8 8 6 0
Tile:5_flip 8 4 1
Tile:6_flip 8 3 0
Tile:6 9 3 1
Tile:9 9 2 0
Tile:10 9 1 1
Tile:7_flip 8 8 0
Tile:8 10 3 1
Tile:0 7 3 0
Drop 0 0 1
Tile:7 9 8 0
Drop 1 0 1
Tile:7 9 6 0
Drop 1 0 1
Tile:9_flip 10 2 0
Drop 1 0 1
Tile:5_flip 11 3 0
Tile:6 10 4 1
Malus 0 0 0
Bonus 0 0 1
Tile:8 9 9 0
Tile:8 6 6 1
Tile:3 8 5 0
Tile:9 11 2 1
Tile:9 4 7 0
Destroy 11 3 1
Map 12 7 0
Tile:9_flip 11 4 1
Tile:6_flip 12 2 0
Drop 0 0 1
Drop 0 0 0
Drop 0 0 1
Map 12 3 0
Drop 1 0 1
Malus 0 0 0
Drop 1 0 1
Drop 0 0 0
Drop 1 0 1
Drop 0 0 0
Drop 0 0 1
GAMEOVER DRAW
# Game ended: Sat Apr 11 21:13:42 EDT 2020
