# Server version 0.08 running on 192.168.2.221:8123
# Game ID: 859
# Board class: Saboteur.SaboteurBoard
# Timeout: 2000
# First Move Timeout: 30000
# Date: Sat Apr 11 21:16:10 EDT 2020
# Player 1: Player-0, '260729564', running on 127.0.0.1
# Player 2: Player-1, 'RandomPlayer', running on 127.0.0.1
START Player-0 260729564
START Player-1 RandomPlayer
BoardInit:Tile:1,Tile:10,Tile:8,Tile:4,Map,Tile:6,Tile:0,Tile:8,Tile:0,Tile:9,Tile:6,Tile:0,Tile:12,Tile:14,Tile:7,Tile:6,Tile:2,Tile:8,Tile:10,Bonus,Tile:0,Tile:5,Tile:6,Tile:11,Tile:7,Bonus,Map,Tile:9,Tile:5,Destroy,Tile:6,Tile:10,Malus,Tile:9,Tile:3,Tile:7,Bonus,Malus,Tile:7,Map,Tile:9-Bonus,Map,Map,Tile:8,Tile:8,Tile:7,Tile:9-Tile:5,Tile:5,Destroy,Tile:15,Destroy,Map,Tile:13-Tile:hidden1,Tile:hidden2,Tile:nugget
Tile:9 4 5 1
Map 12 3 0
Map 12 5 1
Tile:5_flip 6 5 0
Tile:8 5 4 1
Tile:10 5 6 0
Tile:8 4 4 1
Tile:6_flip 6 4 0
Drop 0 0 1
Tile:8 7 4 0
Drop 1 0 1
Tile:9_flip 8 4 0
Tile:6 8 5 1
Tile:0 9 5 0
Map 12 3 1
Tile:5_flip 10 5 0
Tile:1 3 4 1
Tile:6_flip 10 4 0
Drop 5 0 1
Tile:8 11 4 0
Tile:10 11 5 1
Destroy 11 5 0
Map 12 5 1
Tile:5_flip 12 4 0
Tile:6_flip 11 3 1
Destroy 12 4 0
Tile:7 4 3 1
Drop 0 0 0
Tile:8 13 3 1
Tile:9 13 4 0
Tile:5_flip 12 4 1
Destroy 12 4 0
Tile:0 3 3 1
Tile:10 13 5 0
Tile:0 2 4 1
GAMEOVER TIMEOUT WINNER 1
# Game ended: Sat Apr 11 21:16:16 EDT 2020
