# Server version 0.08 running on 192.168.2.221:8123
# Game ID: 376
# Board class: Saboteur.SaboteurBoard
# Timeout: 2000
# First Move Timeout: 30000
# Date: Sat Apr 11 20:31:51 EDT 2020
# Player 1: Player-0, 'RandomPlayer', running on 127.0.0.1
# Player 2: Player-1, '260729564', running on 127.0.0.1
START Player-0 RandomPlayer
START Player-1 260729564
BoardInit:Tile:8,Tile:9,Tile:9,Tile:6,Tile:8,Tile:3,Tile:10,Tile:5,Tile:15,Tile:7,Bonus,Tile:11,Tile:9,Tile:6,Destroy,Tile:5,Tile:1,Destroy,Tile:7,Tile:6,Tile:0,Tile:7,Map,Tile:0,Tile:0,Tile:10,Map,Tile:8,Tile:7,Tile:13,Tile:5,Malus,Tile:5,Tile:8,Malus,Tile:9,Tile:14,Tile:4,Tile:6,Destroy,Tile:2-Tile:7,Bonus,Map,Bonus,Tile:0,Map,Map-Tile:6,Tile:8,Tile:12,Bonus,Tile:9,Map,Tile:10-Tile:hidden1,Tile:nugget,Tile:hidden2
Map 12 3 1
Tile:12 6 5 0
Map 12 5 1
Tile:6 4 5 0
Tile:8 5 4 1
Tile:9 4 4 0
Tile:8 5 6 1
Tile:9_flip 4 3 0
Tile:0 6 4 1
Tile:6_flip 4 6 0
Tile:9_flip 7 4 1
Tile:5 3 5 0
Tile:10 7 5 1
Tile:10 7 6 0
Tile:9 7 3 1
Tile:11 5 3 0
Tile:7 8 3 1
Tile:5_flip 5 7 0
Drop 1 0 1
Tile:6_flip 7 2 0
Tile:7_flip 8 4 1
Tile:8 4 7 0
Tile:0 9 4 1
Tile:7_flip 6 2 0
Drop 1 0 1
Tile:6 4 8 0
Tile:0 10 4 1
Tile:0 3 3 0
Drop 1 0 1
Tile:3 5 8 0
Tile:7 11 4 1
Drop 3 0 0
Tile:5_flip 8 2 1
Map 12 3 0
Tile:5 8 1 1
Tile:13 7 7 0
Malus 0 0 1
Drop 6 0 0
Drop 1 0 1
Drop 2 0 0
Tile:6 11 5 1
GAMEOVER WINNER 1
# Game ended: Sat Apr 11 20:31:51 EDT 2020
