# Server version 0.08 running on 192.168.2.221:8123
# Game ID: 812
# Board class: Saboteur.SaboteurBoard
# Timeout: 2000
# First Move Timeout: 30000
# Date: Sat Apr 11 21:13:14 EDT 2020
# Player 1: Player-0, 'RandomPlayer', running on 127.0.0.1
# Player 2: Player-1, '260729564', running on 127.0.0.1
START Player-0 RandomPlayer
START Player-1 260729564
BoardInit:Tile:8,Tile:13,Map,Bonus,Tile:9,Tile:7,Tile:8,Tile:8,Tile:2,Tile:6,Tile:6,Tile:3,Map,Malus,Tile:5,Bonus,Destroy,Tile:6,Destroy,Tile:7,Destroy,Tile:5,Map,Tile:0,Tile:11,Map,Tile:0,Tile:10,Tile:10,Tile:5,Bonus,Tile:15,Tile:7,Tile:0,Tile:10,Tile:5,Tile:9,Bonus,Tile:8,Map,Tile:1-Tile:6,Map,Tile:4,Malus,Tile:9,Tile:0,Tile:7-Tile:14,Tile:6,Tile:12,Tile:8,Tile:7,Tile:9,Tile:9-Tile:nugget,Tile:hidden1,Tile:hidden2
Map 12 3 1
Tile:9 4 5 0
Malus 0 0 1
Drop 1 0 0
Tile:8 5 4 1
Drop 4 0 0
Tile:9_flip 6 4 1
Drop 3 0 0
Tile:8 6 3 1
Drop 5 0 0
Tile:9_flip 7 3 1
Bonus 0 0 0
Tile:6_flip 7 2 1
Tile:13 6 2 0
Tile:0 8 2 1
Tile:3 9 2 0
Tile:6 6 5 1
Tile:6 4 6 0
Tile:7_flip 7 4 1
Tile:6 3 6 0
Tile:5_flip 8 4 1
Tile:8 5 6 0
Drop 0 0 1
Tile:7 7 5 0
Drop 0 0 1
Tile:0 2 6 0
Drop 0 0 1
Tile:8 6 1 0
Tile:0 7 1 1
Tile:10 7 6 0
Tile:10 7 7 1
Drop 3 0 0
Drop 0 0 1
Drop 4 0 0
Tile:7 6 6 1
Tile:5_flip 7 8 0
Tile:10 6 7 1
Tile:14_flip 1 6 0
Tile:9 6 8 1
Tile:0 5 2 0
Tile:8 6 9 1
Tile:5_flip 8 1 0
Drop 3 0 1
Tile:15 1 7 0
Drop 3 0 1
Tile:5_flip 9 3 0
Drop 4 0 1
Malus 0 0 0
Bonus 0 0 1
Map 12 7 0
Destroy 7 4 1
Tile:12_flip 4 2 0
Destroy 7 2 1
Drop 0 0 0
Destroy 9 2 1
GAMEOVER DRAW
# Game ended: Sat Apr 11 21:13:15 EDT 2020
