# Server version 0.08 running on 192.168.2.221:8123
# Game ID: 1192
# Board class: Saboteur.SaboteurBoard
# Timeout: 2000
# First Move Timeout: 30000
# Date: Sat Apr 11 21:37:56 EDT 2020
# Player 1: Player-0, 'RandomPlayer', running on 127.0.0.1
# Player 2: Player-1, '260729564', running on 127.0.0.1
START Player-0 RandomPlayer
START Player-1 260729564
BoardInit:Tile:7,Tile:5,Tile:15,Map,Tile:9,Tile:6,Tile:6,Tile:2,Tile:0,Tile:6,Tile:8,Destroy,Map,Tile:9,Bonus,Tile:10,Tile:5,Tile:6,Malus,Tile:12,Map,Map,Tile:14,Tile:5,Tile:6,Tile:7,Tile:10,Tile:0,Tile:0,Tile:11,Tile:7,Destroy,Tile:9,Tile:0,Tile:9,Tile:4,Bonus,Tile:7,Tile:8,Malus,Map-Tile:5,Tile:8,Tile:8,Tile:9,Tile:1,Tile:3,Bonus-Destroy,Tile:7,Tile:10,Tile:13,Tile:8,Bonus,Map-Tile:hidden1,Tile:nugget,Tile:hidden2
Tile:8 6 5 1
Tile:8 4 5 0
Tile:8 7 5 1
Tile:10 6 6 0
Tile:9_flip 8 5 1
Map 12 3 0
Tile:9 8 4 1
Destroy 6 5 0
Tile:6_flip 6 5 1
Tile:7_flip 8 6 0
Tile:0 9 4 1
Drop 5 0 0
Tile:8 10 4 1
Tile:13 4 4 0
Map 12 3 1
Tile:9_flip 7 4 0
Tile:5_flip 11 4 1
Tile:6_flip 5 4 0
Tile:5_flip 9 6 1
Map 12 7 0
Malus 0 0 1
Destroy 8 6 0
Map 12 5 1
Map 12 3 0
Tile:7_flip 10 5 1
Drop 5 0 0
Tile:6_flip 11 5 1
GAMEOVER WINNER 1
# Game ended: Sat Apr 11 21:37:56 EDT 2020
