# Server version 0.08 running on 192.168.2.221:8123
# Game ID: 635
# Board class: Saboteur.SaboteurBoard
# Timeout: 2000
# First Move Timeout: 30000
# Date: Sat Apr 11 21:00:32 EDT 2020
# Player 1: Player-0, '260729564', running on 127.0.0.1
# Player 2: Player-1, 'RandomPlayer', running on 127.0.0.1
START Player-0 260729564
START Player-1 RandomPlayer
BoardInit:Tile:6,Tile:8,Tile:11,Tile:7,Bonus,Destroy,Map,Tile:6,Map,Tile:0,Tile:14,Bonus,Tile:2,Map,Tile:10,Tile:0,Tile:8,Destroy,Tile:0,Tile:5,Malus,Tile:8,Destroy,Bonus,Map,Tile:7,Tile:5,Tile:6,Map,Tile:9,Tile:7,Tile:9,Tile:8,Tile:0,Tile:9,Tile:12,Tile:10,Tile:7,Tile:9,Tile:10,Map-Tile:4,Tile:5,Bonus,Tile:6,Tile:5,Malus,Tile:7-Tile:8,Tile:3,Tile:1,Tile:13,Tile:15,Tile:6,Tile:9-Tile:hidden1,Tile:nugget,Tile:hidden2
Drop 3 0 1
Tile:8 6 5 0
Tile:7 6 4 1
Tile:8 7 5 0
Tile:5 7 4 1
Tile:9_flip 8 4 0
Tile:6 7 6 1
Tile:6 8 6 0
Drop 0 0 1
Tile:6 9 6 0
Map 12 5 1
Tile:0 10 6 0
Drop 4 0 1
Tile:7 11 6 0
Tile:5 5 4 1
Map 12 3 0
Tile:11 8 3 1
Drop 0 0 0
Malus 0 0 1
Bonus 0 0 0
Tile:8 4 5 1
Tile:5 9 5 0
Tile:0 10 5 1
Tile:0 11 5 0
GAMEOVER WINNER 0
# Game ended: Sat Apr 11 21:00:32 EDT 2020
