# Server version 0.08 running on 192.168.2.221:8123
# Game ID: 1069
# Board class: Saboteur.SaboteurBoard
# Timeout: 2000
# First Move Timeout: 30000
# Date: Sat Apr 11 21:31:10 EDT 2020
# Player 1: Player-0, '260729564', running on 127.0.0.1
# Player 2: Player-1, 'RandomPlayer', running on 127.0.0.1
START Player-0 260729564
START Player-1 RandomPlayer
BoardInit:Tile:0,Tile:9,Tile:9,Tile:0,Bonus,Tile:9,Tile:0,Tile:8,Tile:0,Tile:10,Bonus,Tile:14,Bonus,Tile:4,Tile:1,Tile:12,Tile:15,Tile:6,Tile:9,Tile:7,Tile:6,Tile:6,Map,Tile:7,Tile:8,Tile:5,Tile:6,Destroy,Map,Tile:10,Tile:5,Destroy,Bonus,Tile:7,Tile:8,Map,Tile:6,Tile:10,Tile:13,Map,Tile:5-Tile:11,Tile:8,Map,Destroy,Tile:7,Map,Tile:3-Tile:2,Malus,Tile:8,Tile:7,Tile:5,Tile:9,Malus-Tile:nugget,Tile:hidden2,Tile:hidden1
Tile:3 5 4 1
Malus 0 0 0
Drop 1 0 1
Malus 0 0 0
Drop 4 0 1
Tile:8 6 5 0
Drop 1 0 1
Tile:0 7 5 0
Destroy 7 5 1
Tile:8 7 5 0
Bonus 0 0 1
Tile:9_flip 8 5 0
Bonus 0 0 1
Tile:9 8 4 0
Tile:0 9 4 1
Tile:9_flip 10 4 0
Tile:11_flip 7 4 1
Tile:10 10 5 0
Drop 1 0 1
Tile:6 10 6 0
Tile:9 9 6 1
Tile:5_flip 11 6 0
Tile:7_flip 7 6 1
Tile:6_flip 10 3 0
Tile:1 9 3 1
Tile:7 11 3 0
Tile:6 4 5 1
Tile:7_flip 11 4 0
Tile:0 12 4 1
Tile:5_flip 13 4 0
Tile:0 3 5 1
Tile:10 13 3 0
Map 12 5 1
Tile:7_flip 9 7 0
Tile:5_flip 6 6 1
Tile:7 10 7 0
Map 12 5 1
Map 12 3 0
Tile:8 8 3 1
Tile:14 8 6 0
Tile:8 7 3 1
GAMEOVER TIMEOUT WINNER 1
# Game ended: Sat Apr 11 21:31:20 EDT 2020
