# Server version 0.08 running on 192.168.2.221:8123
# Game ID: 278
# Board class: Saboteur.SaboteurBoard
# Timeout: 2000
# First Move Timeout: 30000
# Date: Sat Apr 11 20:15:58 EDT 2020
# Player 1: Player-0, 'RandomPlayer', running on 127.0.0.1
# Player 2: Player-1, '260729564', running on 127.0.0.1
START Player-0 RandomPlayer
START Player-1 260729564
BoardInit:Map,Malus,Tile:6,Tile:7,Tile:1,Map,Tile:11,Destroy,Tile:9,Bonus,Bonus,Tile:10,Tile:5,Tile:15,Tile:8,Tile:7,Map,Tile:0,Tile:7,Tile:13,Tile:10,Tile:8,Tile:6,Tile:7,Tile:8,Map,Tile:5,Bonus,Tile:9,Tile:9,Tile:9,Tile:12,Tile:5,Destroy,Tile:8,Destroy,Tile:14,Tile:6,Tile:5,Tile:7,Tile:8-Bonus,Tile:0,Tile:9,Tile:10,Tile:6,Map,Tile:0-Tile:6,Tile:3,Tile:2,Malus,Map,Tile:4,Tile:0-Tile:hidden2,Tile:hidden1,Tile:nugget
Map 12 3 1
Tile:4 5 4 0
Map 12 5 1
Tile:0 4 5 0
Tile:6_flip 6 5 1
Tile:7 7 5 0
Tile:6 7 6 1
Drop 2 0 0
Tile:9_flip 8 6 1
Drop 0 0 0
Tile:10 8 7 1
Drop 4 0 0
Tile:9 8 8 1
Destroy 8 7 0
Tile:5 8 5 1
Drop 2 0 0
Tile:8 9 5 1
Tile:3 9 8 0
Tile:0 10 5 1
Tile:10 9 4 0
Tile:7 11 5 1
Tile:15 8 7 0
Tile:10 11 6 1
Tile:7_flip 9 6 0
Tile:6 11 7 1
GAMEOVER WINNER 1
# Game ended: Sat Apr 11 20:15:58 EDT 2020
