# Server version 0.08 running on 192.168.2.221:8123
# Game ID: 739
# Board class: Saboteur.SaboteurBoard
# Timeout: 2000
# First Move Timeout: 30000
# Date: Sat Apr 11 21:08:15 EDT 2020
# Player 1: Player-0, '260729564', running on 127.0.0.1
# Player 2: Player-1, 'RandomPlayer', running on 127.0.0.1
START Player-0 260729564
START Player-1 RandomPlayer
BoardInit:Tile:0,Tile:8,Tile:7,Destroy,Map,Tile:9,Bonus,Tile:8,Tile:15,Tile:0,Tile:1,Malus,Tile:6,Bonus,Tile:3,Destroy,Tile:5,Bonus,Tile:9,Tile:8,Destroy,Tile:7,Tile:13,Tile:5,Map,Tile:6,Tile:10,Tile:6,Tile:10,Tile:9,Bonus,Tile:8,Map,Tile:9,Malus,Tile:6,Tile:9,Tile:4,Tile:0,Tile:7,Tile:12-Map,Map,Tile:11,Tile:10,Tile:2,Tile:0,Map-Tile:5,Tile:7,Tile:5,Tile:6,Tile:7,Tile:8,Tile:14-Tile:nugget,Tile:hidden2,Tile:hidden1
Tile:2_flip 4 5 1
Tile:8 6 5 0
Tile:11 6 4 1
Tile:8 7 5 0
Map 12 3 1
Tile:6 8 5 0
Tile:7 7 4 1
Tile:9_flip 9 5 0
Map 12 7 1
Tile:8 9 4 0
Tile:10 5 4 1
Tile:0 10 4 0
Drop 0 0 1
Malus 0 0 0
Map 12 3 1
Tile:5_flip 11 4 0
Drop 0 0 1
Tile:7_flip 9 6 0
Bonus 0 0 1
Tile:5_flip 10 6 0
Tile:15 5 6 1
Tile:8 11 3 0
GAMEOVER WINNER 0
# Game ended: Sat Apr 11 21:08:15 EDT 2020
