# Server version 0.08 running on 192.168.2.221:8123
# Game ID: 805
# Board class: Saboteur.SaboteurBoard
# Timeout: 2000
# First Move Timeout: 30000
# Date: Sat Apr 11 21:13:03 EDT 2020
# Player 1: Player-0, '260729564', running on 127.0.0.1
# Player 2: Player-1, 'RandomPlayer', running on 127.0.0.1
START Player-0 260729564
START Player-1 RandomPlayer
BoardInit:Map,Tile:8,Tile:9,Tile:7,Tile:3,Destroy,Tile:8,Map,Tile:6,Tile:6,Bonus,Tile:10,Tile:10,Bonus,Map,Map,Tile:2,Tile:9,Tile:0,Tile:6,Tile:5,Tile:7,Tile:8,Tile:0,Tile:9,Tile:8,Destroy,Tile:15,Tile:6,Tile:5,Tile:0,Tile:11,Tile:13,Destroy,Tile:9,Tile:12,Tile:7,Tile:0,Tile:10,Tile:7,Tile:5-Bonus,Malus,Tile:8,Tile:1,Tile:14,Map,Map-Malus,Tile:6,Tile:5,Bonus,Tile:9,Tile:4,Tile:7-Tile:hidden2,Tile:nugget,Tile:hidden1
Tile:8 4 5 1
Malus 0 0 0
Bonus 0 0 1
Tile:8 6 5 0
Drop 1 0 1
Tile:9_flip 7 5 0
Tile:9_flip 6 6 1
Tile:6_flip 7 4 0
Map 12 7 1
Map 12 3 0
Tile:3_flip 7 6 1
Tile:6 8 4 0
Tile:8 4 4 1
Tile:10 8 3 0
Drop 5 0 1
Tile:5_flip 9 4 0
Map 12 3 1
Map 12 5 0
Tile:10 4 3 1
Tile:9 6 4 0
Tile:6 5 6 1
Tile:6_flip 8 2 0
Tile:0 8 6 1
Tile:7 9 2 0
Tile:2 6 3 1
Tile:0 7 2 0
Tile:9 3 5 1
Tile:8 6 7 0
Map 12 5 1
Tile:7 7 7 0
Tile:14_flip 5 3 1
Tile:5 5 7 0
Tile:0 9 6 1
Tile:7_flip 7 8 0
Destroy 4 4 1
Drop 1 0 0
Tile:9_flip 8 8 1
Drop 2 0 0
Tile:6 4 6 1
Tile:0 6 2 0
Tile:5_flip 5 8 1
Tile:7_flip 8 9 0
Tile:8 4 4 1
Drop 2 0 0
Drop 4 0 1
Drop 2 0 0
Map 12 5 1
Drop 3 0 0
Tile:13 10 6 1
Destroy 7 2 0
Drop 1 0 1
Destroy 6 3 0
Drop 1 0 1
Drop 0 0 0
Malus 0 0 1
GAMEOVER DRAW
# Game ended: Sat Apr 11 21:13:03 EDT 2020
