# Server version 0.08 running on 192.168.2.221:8123
# Game ID: 413
# Board class: Saboteur.SaboteurBoard
# Timeout: 2000
# First Move Timeout: 30000
# Date: Sat Apr 11 20:34:48 EDT 2020
# Player 1: Player-0, '260729564', running on 127.0.0.1
# Player 2: Player-1, 'RandomPlayer', running on 127.0.0.1
START Player-0 260729564
START Player-1 RandomPlayer
BoardInit:Tile:5,Map,Tile:0,Tile:10,Tile:8,Tile:8,Tile:9,Tile:9,Tile:7,Tile:9,Tile:0,Map,Bonus,Tile:15,Tile:9,Map,Tile:14,Map,Bonus,Tile:1,Tile:5,Tile:8,Tile:5,Tile:12,Destroy,Tile:6,Tile:2,Tile:3,Destroy,Map,Tile:6,Tile:6,Tile:6,Tile:6,Tile:5,Tile:7,Tile:11,Bonus,Destroy,Tile:10,Bonus-Tile:7,Tile:0,Tile:10,Map,Tile:9,Tile:8,Tile:7-Tile:4,Tile:8,Tile:0,Tile:13,Malus,Tile:7,Malus-Tile:hidden1,Tile:hidden2,Tile:nugget
Tile:8 6 5 1
Malus 0 0 0
Map 12 3 1
Map 12 3 0
Drop 4 0 1
Malus 0 0 0
Drop 5 0 1
Tile:8 7 5 0
Drop 1 0 1
Tile:8 8 5 0
Drop 4 0 1
Tile:9_flip 9 5 0
Drop 0 0 1
Map 12 5 0
Drop 5 0 1
Tile:10 9 6 0
Drop 1 0 1
Tile:9 9 7 0
Drop 3 0 1
Tile:0 10 7 0
Drop 4 0 1
Tile:7 11 7 0
Drop 5 0 1
Tile:8 11 8 0
Drop 5 0 1
Drop 0 0 0
Destroy 9 6 1
Tile:6_flip 9 4 0
Drop 6 0 1
Drop 0 0 0
Destroy 10 7 1
Drop 0 0 0
Drop 4 0 1
Tile:6_flip 10 4 0
Drop 0 0 1
Tile:6_flip 11 4 0
Drop 4 0 1
Tile:7_flip 11 5 0
Drop 0 0 1
Drop 0 0 0
Drop 2 0 1
Tile:10 12 6 0
GAMEOVER WINNER 0
# Game ended: Sat Apr 11 20:34:48 EDT 2020
