# Server version 0.08 running on 192.168.2.221:8123
# Game ID: 653
# Board class: Saboteur.SaboteurBoard
# Timeout: 2000
# First Move Timeout: 30000
# Date: Sat Apr 11 21:03:12 EDT 2020
# Player 1: Player-0, '260729564', running on 127.0.0.1
# Player 2: Player-1, 'RandomPlayer', running on 127.0.0.1
START Player-0 260729564
START Player-1 RandomPlayer
BoardInit:Tile:5,Bonus,Tile:6,Tile:7,Tile:0,Tile:0,Map,Map,Tile:1,Malus,Tile:6,Tile:5,Tile:5,Map,Tile:9,Destroy,Tile:8,Tile:11,Malus,Map,Destroy,Tile:6,Tile:9,Tile:6,Tile:6,Tile:10,Tile:10,Tile:9,Tile:10,Bonus,Tile:0,Tile:8,Tile:7,Tile:0,Map,Map,Destroy,Tile:7,Tile:9,Tile:7,Bonus-Tile:13,Tile:7,Tile:8,Tile:2,Bonus,Tile:14,Tile:12-Tile:4,Tile:3,Tile:8,Tile:15,Tile:9,Tile:8,Tile:5-Tile:hidden2,Tile:nugget,Tile:hidden1
Tile:14_flip 5 4 1
Tile:8 6 5 0
Tile:2 7 5 1
Tile:8 6 4 0
Tile:7 6 3 1
Tile:5_flip 7 4 0
Tile:5 4 5 1
Tile:0 5 3 0
Tile:8 8 5 1
Map 12 3 0
Tile:13 6 6 1
Malus 0 0 0
Drop 6 0 1
Tile:5 8 4 0
Map 12 5 1
Map 12 5 0
Drop 1 0 1
Tile:9 7 3 0
Drop 3 0 1
Tile:7_flip 5 6 0
Drop 4 0 1
Drop 0 0 0
Destroy 7 5 1
Tile:6 8 3 0
Drop 0 0 1
Tile:6 9 3 0
Drop 0 0 1
Tile:10 9 2 0
Drop 6 0 1
Tile:9_flip 10 3 0
Drop 1 0 1
Drop 0 0 0
Drop 4 0 1
Tile:8 10 4 0
Drop 0 0 1
Tile:0 11 4 0
Map 12 7 1
Drop 0 0 0
Destroy 6 3 1
Tile:7 12 4 0
GAMEOVER WINNER 0
# Game ended: Sat Apr 11 21:03:13 EDT 2020
