# Server version 0.08 running on 192.168.2.221:8123
# Game ID: 615
# Board class: Saboteur.SaboteurBoard
# Timeout: 2000
# First Move Timeout: 30000
# Date: Sat Apr 11 20:58:58 EDT 2020
# Player 1: Player-0, '260729564', running on 127.0.0.1
# Player 2: Player-1, 'RandomPlayer', running on 127.0.0.1
START Player-0 260729564
START Player-1 RandomPlayer
BoardInit:Tile:5,Map,Tile:7,Tile:8,Tile:7,Malus,Tile:0,Tile:6,Tile:3,Destroy,Tile:10,Tile:6,Tile:0,Map,Tile:8,Tile:6,Tile:2,Tile:9,Tile:7,Tile:9,Tile:8,Tile:14,Map,Bonus,Map,Map,Tile:6,Tile:5,Tile:0,Tile:11,Tile:9,Map,Tile:1,Tile:9,Tile:10,Tile:6,Tile:8,Tile:5,Tile:10,Tile:15,Tile:5-Malus,Tile:8,Bonus,Tile:9,Tile:7,Destroy,Bonus-Destroy,Bonus,Tile:0,Tile:13,Tile:4,Tile:12,Tile:7-Tile:hidden1,Tile:hidden2,Tile:nugget
Tile:9_flip 5 4 1
Tile:0 6 5 0
Tile:8 7 5 1
Map 12 3 0
Tile:7_flip 4 4 1
Tile:8 8 5 0
Tile:5 4 5 1
Malus 0 0 0
Drop 3 0 1
Tile:6 9 5 0
Bonus 0 0 1
Tile:7 10 5 0
Tile:7 7 4 1
Tile:6 10 6 0
Destroy 4 5 1
Map 12 5 0
Tile:8 11 6 1
Tile:6 12 6 0
Tile:10 12 4 1
Tile:9_flip 13 6 0
Tile:2 13 3 1
Tile:9_flip 8 6 0
Tile:0 4 5 1
Destroy 12 4 0
Tile:7 13 5 1
Destroy 12 6 0
Tile:8 12 6 1
GAMEOVER WINNER 1
# Game ended: Sat Apr 11 20:58:59 EDT 2020
