# Server version 0.08 running on 192.168.2.221:8123
# Game ID: 1062
# Board class: Saboteur.SaboteurBoard
# Timeout: 2000
# First Move Timeout: 30000
# Date: Sat Apr 11 21:30:50 EDT 2020
# Player 1: Player-0, 'RandomPlayer', running on 127.0.0.1
# Player 2: Player-1, '260729564', running on 127.0.0.1
START Player-0 RandomPlayer
START Player-1 260729564
BoardInit:Tile:2,Tile:7,Tile:10,Tile:7,Tile:5,Tile:11,Tile:3,Tile:8,Tile:6,Tile:7,Bonus,Tile:7,Tile:14,Destroy,Tile:6,Tile:0,Map,Tile:5,Tile:12,Map,Tile:6,Map,Tile:7,Tile:9,Tile:0,Tile:15,Tile:9,Tile:10,Map,Bonus,Tile:5,Tile:0,Bonus,Tile:9,Tile:6,Tile:5,Tile:6,Tile:9,Destroy,Tile:13,Malus-Tile:8,Tile:8,Tile:1,Malus,Map,Bonus,Map-Tile:8,Destroy,Tile:8,Tile:4,Tile:9,Tile:10,Tile:0-Tile:hidden1,Tile:nugget,Tile:hidden2
Map 12 3 1
Tile:8 4 5 0
Map 12 5 1
Tile:4_flip 5 6 0
Malus 0 0 1
Drop 0 0 0
Tile:8 6 5 1
Drop 5 0 0
Tile:8 7 5 1
Drop 1 0 0
Tile:6 8 5 1
Drop 4 0 0
Tile:5_flip 9 5 1
Drop 0 0 0
Tile:10 9 4 1
Destroy 4 5 0
Tile:6_flip 9 3 1
Drop 5 0 0
Drop 0 0 1
Drop 3 0 0
Drop 1 0 1
Map 12 7 0
Tile:6 10 3 1
Map 12 7 0
Tile:7_flip 7 6 1
Drop 2 0 0
Tile:0 11 3 1
Drop 0 0 0
Tile:9 12 4 1
GAMEOVER WINNER 1
# Game ended: Sat Apr 11 21:30:51 EDT 2020
