# Server version 0.08 running on 192.168.2.221:8123
# Game ID: 962
# Board class: Saboteur.SaboteurBoard
# Timeout: 2000
# First Move Timeout: 30000
# Date: Sat Apr 11 21:22:24 EDT 2020
# Player 1: Player-0, 'RandomPlayer', running on 127.0.0.1
# Player 2: Player-1, '260729564', running on 127.0.0.1
START Player-0 RandomPlayer
START Player-1 260729564
BoardInit:Tile:15,Bonus,Tile:1,Tile:9,Tile:8,Tile:7,Tile:6,Tile:6,Bonus,Tile:10,Malus,Tile:7,Tile:6,Tile:7,Tile:9,Tile:3,Map,Tile:12,Tile:7,Tile:11,Tile:8,Map,Tile:5,Tile:4,Tile:0,Tile:5,Tile:0,Tile:8,Bonus,Tile:10,Map,Malus,Tile:9,Destroy,Tile:7,Tile:9,Tile:10,Destroy,Destroy,Tile:8,Tile:6-Tile:5,Tile:2,Tile:8,Map,Map,Map,Tile:14-Tile:0,Tile:5,Tile:13,Tile:9,Tile:6,Tile:0,Bonus-Tile:hidden2,Tile:nugget,Tile:hidden1
Map 12 3 1
Tile:6_flip 6 5 0
Map 12 5 1
Tile:0 7 5 0
Tile:8 8 5 1
Tile:5_flip 9 5 0
Tile:8 9 4 1
Tile:9 4 5 0
Tile:6 10 4 1
Tile:13 11 4 0
Tile:5 8 4 1
Tile:7 11 3 0
Malus 0 0 1
Drop 3 0 0
Tile:6_flip 10 3 1
Drop 2 0 0
Tile:9 9 3 1
Drop 1 0 0
Drop 0 0 1
Drop 3 0 0
Tile:7_flip 8 6 1
Drop 2 0 0
Tile:8 9 2 1
Map 12 7 0
Tile:5_flip 10 2 1
Drop 2 0 0
Tile:0 9 6 1
Drop 0 0 0
Tile:0 10 6 1
Drop 5 0 0
Drop 0 0 1
Drop 0 0 0
Drop 0 0 1
Drop 4 0 0
Tile:9_flip 11 6 1
Destroy 9 5 0
Tile:7_flip 11 7 1
Drop 4 0 0
Tile:10 12 6 1
GAMEOVER WINNER 1
# Game ended: Sat Apr 11 21:22:27 EDT 2020
