# Server version 0.08 running on 192.168.2.221:8123
# Game ID: 1251
# Board class: Saboteur.SaboteurBoard
# Timeout: 2000
# First Move Timeout: 30000
# Date: Sat Apr 11 21:41:43 EDT 2020
# Player 1: Player-0, '260729564', running on 127.0.0.1
# Player 2: Player-1, 'RandomPlayer', running on 127.0.0.1
START Player-0 260729564
START Player-1 RandomPlayer
BoardInit:Tile:9,Tile:8,Tile:8,Tile:5,Tile:5,Tile:0,Tile:2,Tile:12,Map,Tile:7,Tile:7,Tile:5,Tile:6,Malus,Tile:6,Map,Tile:0,Tile:15,Bonus,Tile:6,Tile:9,Tile:8,Map,Map,Tile:6,Tile:0,Tile:13,Tile:10,Bonus,Tile:8,Destroy,Map,Tile:0,Tile:9,Tile:6,Tile:9,Map,Tile:7,Tile:8,Tile:1,Malus-Tile:7,Tile:9,Tile:14,Tile:4,Destroy,Tile:3,Tile:10-Tile:10,Bonus,Bonus,Tile:5,Destroy,Tile:7,Tile:11-Tile:hidden2,Tile:nugget,Tile:hidden1
Tile:7 6 5 1
Tile:7_flip 6 6 0
Destroy 6 6 1
Tile:8 6 6 0
Tile:10 5 4 1
Tile:5_flip 7 6 0
Tile:9 5 6 1
Tile:10 7 5 0
Tile:9_flip 5 3 1
Tile:5 7 4 0
Map 12 7 1
Tile:7 8 4 0
Tile:4 5 2 1
Drop 1 0 0
Tile:6 4 5 1
Malus 0 0 0
Drop 5 0 1
Map 12 3 0
Drop 3 0 1
Drop 2 0 0
Drop 2 0 1
Tile:6 6 7 0
Drop 3 0 1
Tile:8 5 7 0
Drop 5 0 1
Map 12 5 0
Map 12 5 1
Tile:0 7 7 0
Drop 6 0 1
Tile:10 8 5 0
Drop 4 0 1
Tile:8 8 7 0
Destroy 6 6 1
Tile:0 9 7 0
Drop 0 0 1
Tile:9 8 6 0
Drop 4 0 1
Tile:9_flip 10 7 0
Map 12 5 1
Tile:5 10 6 0
Drop 2 0 1
Tile:7 11 6 0
Drop 5 0 1
Drop 2 0 0
Drop 4 0 1
Drop 2 0 0
Drop 3 0 1
Drop 2 0 0
Drop 2 0 1
Drop 2 0 0
Drop 0 0 1
Destroy 7 4 0
Malus 0 0 1
Bonus 0 0 0
Drop 0 0 1
GAMEOVER DRAW
# Game ended: Sat Apr 11 21:41:44 EDT 2020
