# Server version 0.08 running on 192.168.2.221:8123
# Game ID: 1262
# Board class: Saboteur.SaboteurBoard
# Timeout: 2000
# First Move Timeout: 30000
# Date: Sat Apr 11 21:42:13 EDT 2020
# Player 1: Player-0, 'RandomPlayer', running on 127.0.0.1
# Player 2: Player-1, '260729564', running on 127.0.0.1
START Player-0 RandomPlayer
START Player-1 260729564
BoardInit:Tile:15,Tile:6,Tile:10,Map,Map,Tile:9,Map,Bonus,Tile:8,Tile:5,Tile:5,Tile:0,Tile:8,Tile:0,Tile:4,Malus,Tile:7,Tile:10,Tile:12,Tile:0,Tile:7,Destroy,Tile:7,Map,Tile:11,Bonus,Tile:0,Tile:8,Tile:7,Tile:9,Tile:1,Tile:9,Tile:6,Destroy,Bonus,Tile:13,Tile:8,Malus,Tile:5,Tile:7,Tile:6-Tile:9,Tile:8,Map,Map,Tile:6,Bonus,Tile:14-Tile:5,Tile:10,Tile:9,Tile:3,Tile:2,Tile:6,Destroy-Tile:hidden1,Tile:hidden2,Tile:nugget
Map 12 3 1
Tile:9_flip 5 6 0
Map 12 5 1
Drop 5 0 0
Tile:8 6 5 1
Tile:3 5 4 0
Tile:6 7 5 1
Drop 2 0 0
Tile:9_flip 8 5 1
Tile:9 4 6 0
Tile:8 8 6 1
Drop 5 0 0
Tile:5_flip 9 6 1
Tile:5 7 6 0
Tile:8 8 7 1
Tile:5 7 4 0
Tile:10 9 5 1
Tile:6_flip 9 7 0
Tile:7 10 7 1
Tile:6 10 8 0
Drop 1 0 1
Tile:0 11 8 0
Tile:7 12 8 1
Drop 1 0 0
Tile:7_flip 12 9 1
Map 12 5 0
Drop 1 0 1
Tile:10 6 6 0
Tile:0 13 9 1
Destroy 4 6 0
Tile:7_flip 9 8 1
Tile:8 5 7 0
Drop 1 0 1
Tile:9_flip 6 7 0
Tile:6_flip 9 4 1
Tile:9 7 7 0
Drop 1 0 1
Drop 3 0 0
Tile:8 10 4 1
Tile:0 4 5 0
Tile:5_flip 11 4 1
Tile:13 11 3 0
Tile:6_flip 10 3 1
Destroy 11 8 0
Drop 1 0 1
Drop 3 0 0
Drop 1 0 1
Tile:10 7 8 0
Drop 1 0 1
Tile:7_flip 9 3 0
Drop 1 0 1
Malus 0 0 0
Bonus 0 0 1
Drop 0 0 0
Drop 0 0 1
GAMEOVER DRAW
# Game ended: Sat Apr 11 21:42:16 EDT 2020
