# Server version 0.08 running on 192.168.2.221:8123
# Game ID: 681
# Board class: Saboteur.SaboteurBoard
# Timeout: 2000
# First Move Timeout: 30000
# Date: Sat Apr 11 21:05:42 EDT 2020
# Player 1: Player-0, '260729564', running on 127.0.0.1
# Player 2: Player-1, 'RandomPlayer', running on 127.0.0.1
START Player-0 260729564
START Player-1 RandomPlayer
BoardInit:Malus,Tile:15,Tile:7,Tile:5,Malus,Tile:6,Tile:12,Tile:10,Tile:10,Tile:9,Tile:6,Tile:8,Tile:2,Destroy,Map,Tile:7,Tile:8,Tile:0,Tile:9,Tile:7,Tile:7,Destroy,Tile:5,Bonus,Tile:8,Bonus,Tile:5,Map,Tile:1,Tile:7,Tile:6,Map,Tile:6,Tile:6,Tile:11,Tile:14,Tile:13,Tile:3,Map,Tile:0,Tile:8-Destroy,Tile:5,Tile:0,Bonus,Map,Tile:8,Bonus-Tile:4,Tile:9,Tile:9,Tile:9,Tile:10,Tile:0,Map-Tile:hidden2,Tile:hidden1,Tile:nugget
Tile:5 5 4 1
Map 12 3 0
Drop 6 0 1
Tile:0 6 4 0
Tile:8 7 4 1
Tile:9_flip 8 4 0
Map 12 3 1
Tile:6 8 5 0
Tile:7 7 3 1
Tile:9_flip 9 5 0
Drop 2 0 1
Tile:9 9 4 0
Tile:6 6 3 1
Tile:8 10 4 0
Tile:12_flip 5 3 1
Tile:5_flip 11 4 0
Tile:0 6 5 1
Tile:9_flip 9 6 0
Tile:8 9 3 1
Tile:0 8 6 0
Drop 6 0 1
Tile:10 10 5 0
Destroy 8 4 1
Tile:7_flip 8 3 0
Tile:10 11 3 1
Tile:10 5 6 0
Map 12 7 1
Tile:7_flip 5 7 0
Tile:8 7 5 1
Map 12 5 0
Drop 2 0 1
Tile:7_flip 10 6 0
Tile:5 8 2 1
Destroy 11 3 0
Tile:5 11 3 1
Tile:6 13 3 0
Tile:6_flip 11 6 1
Destroy 11 3 0
Tile:1 12 6 1
Drop 0 0 0
Tile:7_flip 4 5 1
Tile:0 6 7 0
Tile:13 13 2 1
Drop 0 0 0
Tile:8 11 3 1
Drop 1 0 0
Tile:11 11 7 1
Drop 1 0 0
Tile:6_flip 11 2 1
Drop 1 0 0
Malus 0 0 1
Bonus 0 0 0
Drop 0 0 1
Drop 0 0 0
Drop 0 0 1
GAMEOVER DRAW
# Game ended: Sat Apr 11 21:05:45 EDT 2020
