# Server version 0.08 running on 192.168.2.221:8123
# Game ID: 311
# Board class: Saboteur.SaboteurBoard
# Timeout: 2000
# First Move Timeout: 30000
# Date: Sat Apr 11 20:18:09 EDT 2020
# Player 1: Player-0, '260729564', running on 127.0.0.1
# Player 2: Player-1, 'RandomPlayer', running on 127.0.0.1
START Player-0 260729564
START Player-1 RandomPlayer
BoardInit:Tile:9,Destroy,Bonus,Map,Tile:6,Tile:8,Map,Tile:10,Tile:0,Tile:7,Map,Tile:0,Destroy,Tile:9,Tile:7,Tile:8,Tile:9,Tile:14,Malus,Bonus,Bonus,Map,Tile:9,Bonus,Tile:9,Tile:2,Tile:8,Tile:6,Tile:7,Malus,Tile:7,Tile:13,Tile:7,Tile:6,Tile:5,Tile:4,Tile:8,Tile:10,Tile:5,Tile:0,Tile:6-Tile:11,Tile:5,Tile:6,Tile:10,Tile:3,Tile:1,Tile:12-Map,Tile:0,Map,Tile:8,Tile:15,Destroy,Tile:5-Tile:hidden2,Tile:hidden1,Tile:nugget
Tile:3 6 5 1
Map 12 3 0
Tile:6_flip 4 5 1
Map 12 5 0
Tile:5_flip 4 6 1
Tile:8 5 4 0
Tile:11 6 6 1
Tile:8 5 3 0
Tile:12_flip 4 3 1
Tile:10 5 6 0
Tile:6 6 3 1
Tile:0 7 3 0
Tile:0 6 4 1
Tile:0 8 3 0
Tile:1 9 3 1
Tile:7 7 4 0
Destroy 6 3 1
Tile:8 5 7 0
Tile:9_flip 5 2 1
Tile:9 7 5 0
Map 12 5 1
Tile:5_flip 8 5 0
Drop 5 0 1
Drop 0 0 0
Tile:7_flip 4 2 1
Drop 2 0 0
Tile:9 4 1 1
Drop 2 0 0
Tile:9 4 0 1
Tile:6 7 6 0
Tile:8 5 1 1
Malus 0 0 0
Drop 3 0 1
Drop 3 0 0
Drop 4 0 1
Tile:6_flip 8 6 0
Map 12 7 1
Drop 3 0 0
Drop 0 0 1
Tile:10 8 7 0
Drop 4 0 1
Tile:0 9 6 0
Drop 5 0 1
Drop 3 0 0
Drop 4 0 1
Drop 3 0 0
Drop 3 0 1
Drop 3 0 0
Drop 2 0 1
Destroy 8 3 0
Drop 0 0 1
Destroy 5 3 0
Drop 1 0 1
Drop 0 0 0
Drop 0 0 1
GAMEOVER DRAW
# Game ended: Sat Apr 11 20:18:09 EDT 2020
