# Server version 0.08 running on 192.168.2.221:8123
# Game ID: 384
# Board class: Saboteur.SaboteurBoard
# Timeout: 2000
# First Move Timeout: 30000
# Date: Sat Apr 11 20:32:23 EDT 2020
# Player 1: Player-0, 'RandomPlayer', running on 127.0.0.1
# Player 2: Player-1, '260729564', running on 127.0.0.1
START Player-0 RandomPlayer
START Player-1 260729564
BoardInit:Tile:0,Map,Map,Malus,Map,Tile:8,Tile:12,Tile:7,Tile:5,Tile:13,Map,Tile:7,Tile:8,Tile:6,Tile:9,Tile:10,Tile:0,Destroy,Tile:9,Destroy,Tile:8,Tile:6,Tile:0,Tile:11,Map,Bonus,Tile:10,Tile:0,Tile:2,Tile:8,Tile:7,Tile:6,Tile:7,Tile:1,Tile:9,Malus,Tile:14,Tile:6,Tile:4,Destroy,Tile:7-Bonus,Tile:3,Tile:9,Tile:5,Tile:6,Tile:15,Bonus-Tile:8,Tile:5,Bonus,Tile:10,Map,Tile:5,Tile:9-Tile:nugget,Tile:hidden2,Tile:hidden1
Tile:6 6 5 1
Tile:5 5 4 0
Tile:0 7 5 1
Drop 1 0 0
Map 12 3 1
Map 12 7 0
Tile:5_flip 8 5 1
Drop 2 0 0
Tile:9 8 4 1
Tile:8 6 4 0
Tile:5_flip 9 4 1
Tile:9_flip 5 6 0
Drop 1 0 1
Tile:8 6 3 0
Tile:8 9 3 1
Tile:10 5 7 0
Tile:9_flip 10 3 1
Map 12 3 0
Tile:0 7 3 1
Tile:10 10 4 0
Tile:9 10 2 1
Destroy 6 4 0
Tile:8 11 2 1
Tile:6 10 5 0
Tile:0 12 2 1
Tile:7 11 1 0
Drop 1 0 1
Tile:6 11 5 0
Tile:10 12 4 1
GAMEOVER WINNER 1
# Game ended: Sat Apr 11 20:32:23 EDT 2020
