# Server version 0.08 running on 192.168.2.221:8123
# Game ID: 219
# Board class: Saboteur.SaboteurBoard
# Timeout: 2000
# First Move Timeout: 30000
# Date: Sat Apr 11 20:09:48 EDT 2020
# Player 1: Player-0, '260729564', running on 127.0.0.1
# Player 2: Player-1, 'RandomPlayer', running on 127.0.0.1
START Player-0 260729564
START Player-1 RandomPlayer
BoardInit:Tile:4,Destroy,Tile:7,Tile:15,Bonus,Tile:9,Map,Tile:0,Map,Tile:8,Tile:1,Tile:9,Tile:5,Tile:8,Tile:0,Tile:9,Tile:10,Tile:9,Tile:5,Tile:6,Tile:7,Tile:5,Bonus,Tile:0,Tile:11,Tile:8,Tile:6,Tile:6,Map,Destroy,Tile:7,Tile:12,Tile:13,Tile:3,Tile:9,Destroy,Tile:7,Malus,Tile:6,Tile:8,Tile:7-Tile:14,Bonus,Malus,Map,Map,Tile:10,Tile:5-Bonus,Tile:8,Tile:0,Map,Tile:10,Tile:2,Tile:6-Tile:hidden1,Tile:hidden2,Tile:nugget
Malus 0 0 1
Bonus 0 0 0
Map 12 5 1
Map 12 3 0
Tile:10 5 4 1
Tile:8 6 5 0
Drop 2 0 1
Tile:6 7 5 0
Tile:4 7 4 1
Tile:9_flip 8 5 0
Tile:14_flip 5 3 1
Tile:8 8 6 0
Map 12 5 1
Tile:0 9 6 0
Tile:7_flip 4 5 1
Tile:8 10 6 0
Tile:0 11 6 1
Tile:0 12 6 0
Drop 5 0 1
Tile:9_flip 13 6 0
Tile:5 8 4 1
Tile:6_flip 13 5 0
Tile:10 4 4 1
Tile:5 7 6 0
Tile:5 12 4 1
Tile:0 13 4 0
Map 12 3 1
Tile:8 13 7 0
GAMEOVER WINNER 0
# Game ended: Sat Apr 11 20:09:50 EDT 2020
