# Server version 0.08 running on 192.168.2.221:8123
# Game ID: 716
# Board class: Saboteur.SaboteurBoard
# Timeout: 2000
# First Move Timeout: 30000
# Date: Sat Apr 11 21:07:30 EDT 2020
# Player 1: Player-0, 'RandomPlayer', running on 127.0.0.1
# Player 2: Player-1, '260729564', running on 127.0.0.1
START Player-0 RandomPlayer
START Player-1 260729564
BoardInit:Bonus,Tile:9,Tile:4,Tile:8,Tile:5,Tile:11,Tile:9,Tile:6,Tile:7,Tile:0,Destroy,Tile:10,Tile:9,Tile:8,Map,Tile:7,Tile:5,Tile:13,Tile:7,Tile:9,Tile:14,Tile:9,Tile:12,Tile:15,Destroy,Tile:0,Bonus,Map,Tile:8,Map,Tile:2,Map,Malus,Tile:6,Tile:7,Tile:10,Tile:6,Tile:10,Tile:7,Map,Tile:8-Tile:0,Destroy,Bonus,Tile:3,Tile:0,Tile:6,Tile:5-Tile:5,Tile:1,Tile:8,Malus,Bonus,Map,Tile:6-Tile:hidden1,Tile:hidden2,Tile:nugget
Tile:0 6 5 1
Tile:8 5 6 0
Tile:0 7 5 1
Tile:6_flip 5 4 0
Tile:6 8 5 1
Drop 1 0 0
Tile:5_flip 9 5 1
Tile:8 8 4 0
Tile:9_flip 9 4 1
Tile:5_flip 6 4 0
Tile:5 9 3 1
Tile:6 4 5 0
Tile:7 10 3 1
Tile:11 10 4 0
Tile:9 10 5 1
Tile:9 6 3 0
Map 12 3 1
Tile:0 11 5 0
Tile:5_flip 7 3 1
Tile:10 8 3 0
Tile:7 6 6 1
Tile:7_flip 6 7 0
Drop 2 0 1
Tile:13 4 4 0
Drop 2 0 1
Tile:9_flip 7 7 0
Drop 2 0 1
Tile:9 3 5 0
Drop 3 0 1
Drop 2 0 0
Tile:8 8 2 1
Tile:15 4 3 0
Drop 3 0 1
Tile:0 9 2 0
Malus 0 0 1
Map 12 5 0
Tile:7_flip 7 8 1
Map 12 3 0
Tile:6 10 2 1
Map 12 5 0
Tile:7 11 2 1
Map 12 5 0
Tile:8 10 1 1
Drop 4 0 0
Drop 4 0 1
Drop 3 0 0
Drop 4 0 1
Drop 2 0 0
Destroy 10 2 1
Drop 1 0 0
Destroy 7 8 1
Malus 0 0 0
Bonus 0 0 1
Drop 0 0 0
Destroy 6 5 1
GAMEOVER DRAW
# Game ended: Sat Apr 11 21:07:31 EDT 2020
