# Server version 0.08 running on 192.168.2.221:8123
# Game ID: 1154
# Board class: Saboteur.SaboteurBoard
# Timeout: 2000
# First Move Timeout: 30000
# Date: Sat Apr 11 21:35:56 EDT 2020
# Player 1: Player-0, 'RandomPlayer', running on 127.0.0.1
# Player 2: Player-1, '260729564', running on 127.0.0.1
START Player-0 RandomPlayer
START Player-1 260729564
BoardInit:Tile:12,Tile:7,Malus,Bonus,Tile:10,Tile:6,Tile:10,Map,Bonus,Tile:5,Map,Destroy,Tile:13,Tile:0,Tile:7,Tile:0,Bonus,Map,Tile:8,Tile:5,Tile:5,Tile:5,Tile:9,Map,Tile:9,Tile:8,Tile:11,Map,Tile:6,Tile:8,Tile:0,Malus,Tile:3,Tile:8,Tile:9,Map,Tile:9,Tile:7,Tile:9,Tile:15,Bonus-Destroy,Destroy,Tile:6,Tile:10,Tile:6,Tile:14,Tile:7-Tile:2,Tile:4,Tile:0,Tile:1,Tile:8,Tile:6,Tile:7-Tile:hidden1,Tile:nugget,Tile:hidden2
Tile:6 6 5 1
Tile:7 5 4 0
Tile:6 7 5 1
Tile:2 4 5 0
Malus 0 0 1
Drop 4 0 0
Tile:7 8 5 1
Drop 3 0 0
Tile:10 8 6 1
Map 12 5 0
Tile:10 8 7 1
Bonus 0 0 0
Map 12 3 1
Tile:4_flip 8 8 0
Tile:10 7 4 1
Destroy 8 5 0
Tile:7_flip 5 6 1
Tile:1 6 6 0
Drop 2 0 1
Tile:7 8 5 0
Tile:8 7 3 1
Tile:6 8 3 0
Tile:5_flip 9 3 1
Tile:5_flip 4 6 0
Tile:9 9 2 1
Tile:0 3 5 0
Tile:9_flip 10 2 1
Tile:5 3 6 0
Drop 2 0 1
Drop 2 0 0
Tile:6_flip 6 3 1
Tile:5 9 1 0
Tile:0 5 3 1
Malus 0 0 0
Bonus 0 0 1
Drop 4 0 0
Tile:9 10 3 1
Tile:8 10 1 0
Tile:9 10 4 1
Tile:7_flip 4 4 0
Tile:9_flip 11 4 1
Tile:15 6 4 0
Drop 2 0 1
Tile:8 2 5 0
Drop 3 0 1
Tile:8 11 3 0
Drop 3 0 1
Map 12 5 0
Drop 3 0 1
Tile:0 1 5 0
Destroy 7 4 1
Drop 0 0 0
Destroy 6 3 1
Map 12 5 0
Drop 0 0 1
GAMEOVER DRAW
# Game ended: Sat Apr 11 21:35:57 EDT 2020
