# Server version 0.08 running on 192.168.2.221:8123
# Game ID: 1421
# Board class: Saboteur.SaboteurBoard
# Timeout: 2000
# First Move Timeout: 30000
# Date: Sat Apr 11 22:05:57 EDT 2020
# Player 1: Player-0, '260729564', running on 127.0.0.1
# Player 2: Player-1, 'RandomPlayer', running on 127.0.0.1
START Player-0 260729564
START Player-1 RandomPlayer
BoardInit:Map,Map,Tile:10,Tile:7,Tile:9,Bonus,Tile:5,Map,Tile:8,Tile:4,Tile:11,Tile:7,Tile:9,Tile:12,Tile:3,Tile:6,Tile:8,Tile:2,Tile:6,Bonus,Map,Tile:8,Tile:7,Tile:6,Tile:10,Map,Destroy,Tile:9,Tile:8,Tile:8,Tile:7,Tile:1,Tile:6,Tile:0,Bonus,Tile:9,Tile:15,Tile:13,Map,Malus,Malus-Tile:5,Tile:0,Bonus,Tile:0,Tile:5,Tile:10,Destroy-Tile:7,Destroy,Tile:5,Tile:0,Tile:14,Tile:9,Tile:6-Tile:hidden2,Tile:nugget,Tile:hidden1
Tile:5_flip 5 6 1
Tile:9_flip 6 5 0
Drop 1 0 1
Map 12 3 0
Tile:10 6 6 1
Tile:6_flip 6 4 0
Drop 2 0 1
Tile:0 7 4 0
Tile:0 4 6 1
Map 12 5 0
Tile:9 3 6 1
Tile:7 8 4 0
Tile:11 3 5 1
Tile:7_flip 8 5 0
Map 12 7 1
Tile:5_flip 9 5 0
Tile:8 3 4 1
Tile:6_flip 5 4 0
Tile:9_flip 6 7 1
Tile:7_flip 6 8 0
Destroy 6 7 1
Drop 1 0 0
Tile:6 3 7 1
Tile:8 6 7 0
Tile:8 7 7 1
Tile:6 8 7 0
Tile:5 9 4 1
Drop 2 0 0
Destroy 3 7 1
Tile:9_flip 10 4 0
Tile:0 4 4 1
Tile:8 10 3 0
Tile:3 8 6 1
Drop 2 0 0
Tile:8 3 3 1
Tile:0 11 3 0
Tile:6_flip 10 2 1
Tile:9 12 4 0
GAMEOVER WINNER 0
# Game ended: Sat Apr 11 22:05:58 EDT 2020
