# Server version 0.08 running on 192.168.2.221:8123
# Game ID: 314
# Board class: Saboteur.SaboteurBoard
# Timeout: 2000
# First Move Timeout: 30000
# Date: Sat Apr 11 20:18:15 EDT 2020
# Player 1: Player-0, 'RandomPlayer', running on 127.0.0.1
# Player 2: Player-1, '260729564', running on 127.0.0.1
START Player-0 RandomPlayer
START Player-1 260729564
BoardInit:Map,Tile:0,Malus,Tile:10,Tile:8,Tile:10,Bonus,Tile:11,Tile:14,Bonus,Tile:7,Destroy,Tile:5,Tile:9,Tile:9,Tile:6,Tile:5,Tile:0,Map,Tile:7,Tile:7,Destroy,Tile:9,Tile:0,Tile:7,Tile:7,Tile:5,Tile:8,Tile:8,Tile:13,Tile:12,Tile:15,Tile:9,Tile:8,Tile:1,Tile:10,Map,Tile:6,Destroy,Map,Malus-Tile:6,Tile:8,Tile:6,Tile:6,Tile:0,Map,Tile:2-Map,Tile:9,Tile:4,Tile:3,Bonus,Bonus,Tile:5-Tile:hidden2,Tile:hidden1,Tile:nugget
Map 12 3 1
Map 12 7 0
Map 12 5 1
Tile:9_flip 6 5 0
Malus 0 0 1
Drop 0 0 0
Tile:8 6 6 1
Drop 5 0 0
Tile:8 7 6 1
Drop 0 0 0
Tile:6 8 6 1
Drop 1 0 0
Tile:6 9 6 1
Drop 0 0 0
Tile:6 10 6 1
Bonus 0 0 0
Tile:9_flip 11 6 1
Tile:10 10 5 0
Tile:7_flip 11 7 1
GAMEOVER WINNER 1
# Game ended: Sat Apr 11 20:18:16 EDT 2020
