# Server version 0.08 running on 192.168.2.221:8123
# Game ID: 1358
# Board class: Saboteur.SaboteurBoard
# Timeout: 2000
# First Move Timeout: 30000
# Date: Sat Apr 11 22:01:51 EDT 2020
# Player 1: Player-0, 'RandomPlayer', running on 127.0.0.1
# Player 2: Player-1, '260729564', running on 127.0.0.1
START Player-0 RandomPlayer
START Player-1 260729564
BoardInit:Destroy,Tile:7,Tile:9,Tile:5,Tile:7,Destroy,Tile:8,Destroy,Tile:13,Map,Tile:8,Tile:6,Tile:2,Tile:0,Tile:10,Tile:4,Map,Tile:8,Bonus,Tile:10,Tile:3,Tile:14,Tile:6,Tile:9,Tile:11,Map,Tile:7,Tile:6,Tile:12,Map,Tile:6,Tile:5,Tile:9,Tile:1,Tile:0,Tile:8,Tile:15,Tile:0,Malus,Tile:9,Tile:10-Tile:8,Map,Tile:7,Tile:6,Bonus,Map,Tile:0-Tile:9,Tile:7,Bonus,Bonus,Tile:5,Malus,Tile:5-Tile:hidden1,Tile:hidden2,Tile:nugget
Map 12 3 1
Tile:9 4 5 0
Map 12 5 1
Drop 1 0 0
Tile:8 5 6 1
Tile:5_flip 6 6 0
Tile:9_flip 6 5 1
Tile:5 5 4 0
Tile:8 5 7 1
Destroy 4 5 0
Tile:6_flip 6 7 1
Tile:7 6 4 0
Tile:8 7 7 1
Tile:6 4 6 0
Tile:0 8 7 1
Tile:5_flip 5 8 0
Tile:7 9 7 1
Drop 0 0 0
Tile:10 9 8 1
Malus 0 0 0
Bonus 0 0 1
Destroy 9 8 0
Tile:7_flip 9 8 1
Tile:14_flip 3 6 0
Tile:6 10 8 1
Tile:9 4 5 0
Drop 1 0 1
Tile:0 11 8 0
Tile:7 12 8 1
Drop 2 0 0
Destroy 12 8 1
Tile:7 4 4 0
Tile:6 12 8 1
GAMEOVER WINNER 1
# Game ended: Sat Apr 11 22:01:52 EDT 2020
