# Server version 0.08 running on 192.168.2.221:8123
# Game ID: 258
# Board class: Saboteur.SaboteurBoard
# Timeout: 2000
# First Move Timeout: 30000
# Date: Sat Apr 11 20:15:12 EDT 2020
# Player 1: Player-0, 'RandomPlayer', running on 127.0.0.1
# Player 2: Player-1, '260729564', running on 127.0.0.1
START Player-0 RandomPlayer
START Player-1 260729564
BoardInit:Tile:9,Tile:7,Tile:0,Destroy,Tile:9,Bonus,Map,Tile:5,Tile:8,Destroy,Tile:6,Tile:15,Tile:8,Tile:10,Tile:11,Malus,Tile:5,Tile:0,Tile:13,Bonus,Tile:5,Tile:2,Bonus,Tile:0,Tile:8,Bonus,Map,Tile:9,Tile:10,Tile:9,Tile:8,Tile:7,Tile:9,Tile:4,Map,Malus,Tile:8,Tile:1,Tile:5,Tile:14,Tile:6-Tile:12,Tile:7,Tile:10,Tile:6,Tile:6,Tile:3,Tile:0-Destroy,Map,Tile:7,Map,Tile:6,Map,Tile:7-Tile:hidden2,Tile:hidden1,Tile:nugget
Tile:6 6 5 1
Tile:7 5 4 0
Tile:6 7 5 1
Tile:6 5 6 0
Tile:0 8 5 1
Drop 2 0 0
Tile:0 9 5 1
Map 12 5 0
Map 12 3 1
Tile:7 10 5 0
Tile:8 10 6 1
Drop 3 0 0
Tile:6_flip 11 6 1
Tile:7 12 6 0
GAMEOVER WINNER 0
# Game ended: Sat Apr 11 20:15:12 EDT 2020
