# Server version 0.08 running on 192.168.2.221:8123
# Game ID: 53
# Board class: Saboteur.SaboteurBoard
# Timeout: 2000
# First Move Timeout: 30000
# Date: Sat Apr 11 16:09:52 EDT 2020
# Player 1: Player-0, '260729564', running on 127.0.0.1
# Player 2: Player-1, 'RandomPlayer', running on 127.0.0.1
START Player-0 260729564
START Player-1 RandomPlayer
BoardInit:Tile:6,Tile:6,Tile:8,Tile:7,Tile:14,Bonus,Tile:7,Tile:5,Tile:7,Map,Tile:5,Tile:5,Tile:8,Tile:2,Tile:5,Destroy,Tile:6,Map,Tile:9,Tile:0,Tile:6,Destroy,Tile:13,Tile:7,Tile:9,Destroy,Tile:8,Tile:10,Tile:0,Malus,Malus,Map,Tile:0,Tile:9,Tile:0,Bonus,Tile:11,Bonus,Tile:15,Bonus,Map-Tile:12,Tile:4,Map,Tile:9,Map,Tile:8,Tile:6-Tile:7,Tile:9,Tile:10,Tile:8,Tile:3,Tile:10,Tile:1-Tile:hidden1,Tile:nugget,Tile:hidden2
Tile:8 4 5 1
Tile:8 6 5 0
Tile:9_flip 5 4 1
Tile:6 7 5 0
Tile:4_flip 5 6 1
Tile:9_flip 8 5 0
Tile:6_flip 7 4 1
Tile:10 8 6 0
Tile:8 8 4 1
Tile:7 9 4 0
Tile:14_flip 8 3 1
Map 12 3 0
Tile:7_flip 6 6 1
Tile:10 9 5 0
Map 12 7 1
Tile:5_flip 9 3 0
Tile:8 5 3 1
Tile:5 6 4 0
Tile:5 4 4 1
Map 12 5 0
Tile:9_flip 4 6 1
Tile:0 6 3 0
Drop 5 0 1
Tile:7_flip 9 6 0
Tile:6 8 7 1
Tile:7 10 6 0
Tile:5_flip 4 7 1
Drop 0 0 0
Tile:9 3 6 1
Tile:10 10 7 0
Tile:7 7 6 1
Malus 0 0 0
Malus 0 0 1
Bonus 0 0 0
Drop 3 0 1
Tile:9 10 8 0
Drop 2 0 1
Drop 0 0 0
Map 12 5 1
Drop 0 0 0
Drop 2 0 1
Drop 3 0 0
Drop 4 0 1
Drop 4 0 0
Drop 1 0 1
Drop 4 0 0
Map 12 5 1
Destroy 5 3 0
Drop 0 0 1
Destroy 9 4 0
Drop 0 0 1
Destroy 4 5 0
Drop 1 0 1
Drop 0 0 0
Drop 0 0 1
GAMEOVER DRAW
# Game ended: Sat Apr 11 16:09:52 EDT 2020
