# Server version 0.08 running on 192.168.2.221:8123
# Game ID: 340
# Board class: Saboteur.SaboteurBoard
# Timeout: 2000
# First Move Timeout: 30000
# Date: Sat Apr 11 20:19:58 EDT 2020
# Player 1: Player-0, 'RandomPlayer', running on 127.0.0.1
# Player 2: Player-1, '260729564', running on 127.0.0.1
START Player-0 RandomPlayer
START Player-1 260729564
BoardInit:Tile:5,Tile:5,Tile:10,Tile:12,Tile:4,Tile:0,Tile:14,Tile:3,Bonus,Destroy,Tile:7,Tile:2,Tile:5,Tile:10,Bonus,Tile:8,Tile:10,Tile:7,Tile:9,Tile:8,Map,Tile:9,Malus,Tile:7,Tile:6,Tile:6,Tile:6,Tile:8,Tile:0,Tile:9,Bonus,Tile:7,Tile:9,Map,Tile:8,Tile:7,Tile:0,Map,Map,Tile:6,Bonus-Destroy,Tile:5,Tile:13,Tile:15,Tile:8,Tile:6,Map-Tile:1,Malus,Tile:9,Tile:0,Map,Tile:11,Destroy-Tile:hidden1,Tile:nugget,Tile:hidden2
Map 12 3 1
Tile:9_flip 5 6 0
Tile:8 6 5 1
Tile:11_flip 5 7 0
Tile:6 7 5 1
Tile:12_flip 4 5 0
Tile:5_flip 8 5 1
Drop 2 0 0
Tile:10 8 4 1
Destroy 7 5 0
Tile:5 6 4 1
Tile:0 4 6 0
Tile:7 7 4 1
Destroy 5 6 0
Drop 1 0 1
Tile:3 5 4 0
Drop 1 0 1
Malus 0 0 0
Bonus 0 0 1
Drop 1 0 0
Tile:10 6 6 1
Tile:2_flip 7 5 0
Map 12 5 1
Tile:5 4 7 0
Malus 0 0 1
Drop 2 0 0
Tile:9 6 7 1
Drop 0 0 0
Tile:6 7 7 1
Drop 5 0 0
Tile:6 8 7 1
Drop 0 0 0
Tile:0 9 7 1
Drop 6 0 0
Tile:9_flip 10 7 1
Drop 3 0 0
Tile:8 10 6 1
Drop 2 0 0
Tile:0 11 6 1
Map 12 7 0
Tile:5_flip 12 6 1
GAMEOVER WINNER 1
# Game ended: Sat Apr 11 20:19:58 EDT 2020
