# Server version 0.08 running on 192.168.2.221:8123
# Game ID: 1370
# Board class: Saboteur.SaboteurBoard
# Timeout: 2000
# First Move Timeout: 30000
# Date: Sat Apr 11 22:03:24 EDT 2020
# Player 1: Player-0, 'RandomPlayer', running on 127.0.0.1
# Player 2: Player-1, '260729564', running on 127.0.0.1
START Player-0 RandomPlayer
START Player-1 260729564
BoardInit:Tile:6,Bonus,Tile:11,Map,Tile:10,Map,Tile:5,Tile:10,Tile:10,Tile:0,Tile:9,Tile:15,Tile:6,Tile:0,Bonus,Tile:8,Tile:6,Tile:3,Tile:7,Tile:5,Tile:2,Tile:7,Tile:5,Bonus,Destroy,Tile:6,Tile:8,Tile:1,Map,Tile:9,Tile:5,Tile:0,Tile:8,Tile:8,Map,Malus,Destroy,Tile:7,Tile:0,Tile:4,Tile:14-Tile:13,Tile:9,Tile:6,Map,Malus,Tile:9,Map-Tile:7,Tile:8,Tile:7,Bonus,Tile:12,Tile:9,Destroy-Tile:hidden1,Tile:hidden2,Tile:nugget
Map 12 3 1
Tile:8 4 5 0
Map 12 5 1
Tile:7_flip 3 5 0
Malus 0 0 1
Drop 4 0 0
Tile:6_flip 6 5 1
Bonus 0 0 0
Tile:6_flip 7 5 1
Tile:10 6 6 0
Tile:9_flip 8 5 1
Tile:9_flip 5 6 0
Tile:9 8 6 1
Tile:7_flip 4 6 0
Tile:6 9 6 1
Tile:12 10 6 0
Tile:10 9 5 1
Tile:15 5 4 0
Tile:6_flip 9 4 1
Tile:8 5 3 0
Tile:9_flip 10 4 1
Tile:3_flip 10 5 0
Tile:10 10 3 1
Tile:0 4 3 0
Tile:5 10 2 1
Tile:0 6 3 0
Tile:7 11 2 1
Tile:5_flip 11 5 0
Tile:8 8 7 1
Map 12 7 0
Tile:5 11 4 1
Tile:7 4 4 0
Tile:5 8 4 1
Tile:0 12 4 0
Tile:8 8 8 1
Tile:1 13 4 0
Destroy 11 5 1
Tile:8 7 3 0
Destroy 12 4 1
Tile:6_flip 3 4 0
Tile:0 9 8 1
Tile:7_flip 7 7 0
Drop 0 0 1
Tile:9_flip 11 5 0
Drop 0 0 1
Tile:4_flip 6 7 0
Drop 1 0 1
Map 12 5 0
Drop 1 0 1
Malus 0 0 0
Bonus 0 0 1
Drop 0 0 0
Drop 0 0 1
Drop 0 0 0
Drop 0 0 1
GAMEOVER DRAW
# Game ended: Sat Apr 11 22:03:25 EDT 2020
