# Server version 0.08 running on 192.168.2.221:8123
# Game ID: 1368
# Board class: Saboteur.SaboteurBoard
# Timeout: 2000
# First Move Timeout: 30000
# Date: Sat Apr 11 22:03:20 EDT 2020
# Player 1: Player-0, 'RandomPlayer', running on 127.0.0.1
# Player 2: Player-1, '260729564', running on 127.0.0.1
START Player-0 RandomPlayer
START Player-1 260729564
BoardInit:Malus,Tile:5,Tile:7,Bonus,Tile:6,Bonus,Tile:7,Tile:0,Tile:5,Tile:10,Tile:15,Tile:1,Tile:7,Tile:9,Map,Tile:9,Tile:8,Tile:0,Tile:12,Tile:2,Destroy,Tile:7,Tile:9,Tile:13,Tile:11,Bonus,Tile:8,Tile:6,Tile:9,Map,Tile:9,Tile:5,Map,Tile:0,Tile:7,Destroy,Map,Bonus,Tile:8,Tile:3,Map-Malus,Tile:6,Tile:10,Map,Tile:8,Tile:4,Tile:8-Tile:0,Tile:5,Destroy,Tile:10,Tile:6,Tile:6,Tile:14-Tile:hidden1,Tile:nugget,Tile:hidden2
Map 12 3 1
Tile:14 5 6 0
Malus 0 0 1
Drop 1 0 0
Malus 0 0 1
Drop 0 0 0
Tile:8 6 5 1
Drop 2 0 0
Tile:8 7 5 1
Drop 6 0 0
Tile:7 8 5 1
Drop 3 0 0
Tile:10 8 6 1
Drop 0 0 0
Tile:6 8 7 1
Drop 2 0 0
Map 12 5 1
Drop 1 0 0
Tile:8 9 7 1
Drop 3 0 0
Tile:5 9 6 1
Drop 2 0 0
Tile:6 10 6 1
Drop 3 0 0
Tile:9_flip 11 6 1
Drop 5 0 0
Tile:7_flip 11 7 1
Drop 5 0 0
Tile:8 13 7 1
Drop 2 0 0
Tile:9 13 6 1
Drop 3 0 0
Tile:9_flip 7 4 1
Map 12 5 0
Tile:7_flip 13 8 1
Drop 4 0 0
Tile:7 10 7 1
Destroy 13 6 0
Destroy 11 7 1
Bonus 0 0 0
Tile:8 11 5 1
GAMEOVER WINNER 1
# Game ended: Sat Apr 11 22:03:22 EDT 2020
