# Server version 0.08 running on 192.168.2.221:8123
# Game ID: 1153
# Board class: Saboteur.SaboteurBoard
# Timeout: 2000
# First Move Timeout: 30000
# Date: Sat Apr 11 21:35:53 EDT 2020
# Player 1: Player-0, '260729564', running on 127.0.0.1
# Player 2: Player-1, 'RandomPlayer', running on 127.0.0.1
START Player-0 260729564
START Player-1 RandomPlayer
BoardInit:Map,Bonus,Tile:7,Tile:0,Tile:9,Tile:10,Malus,Destroy,Bonus,Map,Tile:3,Tile:0,Tile:5,Tile:8,Tile:5,Tile:6,Tile:10,Tile:14,Tile:8,Malus,Tile:9,Tile:13,Tile:15,Map,Map,Tile:0,Tile:4,Tile:5,Tile:7,Tile:6,Tile:7,Tile:8,Tile:1,Tile:9,Tile:7,Tile:8,Tile:6,Tile:9,Map,Tile:6,Destroy-Tile:9,Tile:2,Tile:0,Tile:7,Destroy,Bonus,Tile:8-Tile:11,Tile:12,Tile:6,Tile:5,Bonus,Map,Tile:10-Tile:nugget,Tile:hidden1,Tile:hidden2
Tile:9 5 6 1
Map 12 3 0
Tile:0 6 6 1
Tile:10 5 4 0
Tile:2 7 6 1
Tile:6 6 5 0
Tile:7_flip 5 7 1
Tile:0 7 5 0
Tile:7_flip 4 5 1
Tile:5_flip 8 5 0
Drop 1 0 1
Tile:10 8 4 0
Tile:9 6 4 1
Tile:0 8 6 0
Tile:3 5 3 1
Tile:8 8 3 0
Tile:5_flip 9 6 1
Tile:6 9 3 0
Tile:5_flip 7 7 1
Drop 0 0 0
Destroy 7 5 1
Malus 0 0 0
Drop 5 0 1
Drop 0 0 0
Drop 0 0 1
Drop 1 0 0
Map 12 5 1
Tile:0 7 5 0
Drop 2 0 1
Tile:5_flip 10 3 0
Malus 0 0 1
Bonus 0 0 0
Map 12 7 1
Tile:8 10 2 0
Drop 0 0 1
Tile:9_flip 11 2 0
Drop 3 0 1
Tile:6_flip 11 1 0
Drop 6 0 1
Tile:9_flip 8 2 0
Drop 6 0 1
Tile:8 12 1 0
Destroy 6 6 1
Tile:6 13 1 0
Drop 4 0 1
Drop 1 0 0
Drop 2 0 1
Drop 1 0 0
Drop 0 0 1
Drop 1 0 0
Drop 0 0 1
Drop 1 0 0
Drop 1 0 1
Destroy 5 7 0
Drop 0 0 1
GAMEOVER DRAW
# Game ended: Sat Apr 11 21:35:55 EDT 2020
