# Server version 0.08 running on 192.168.2.221:8123
# Game ID: 489
# Board class: Saboteur.SaboteurBoard
# Timeout: 2000
# First Move Timeout: 30000
# Date: Sat Apr 11 20:40:38 EDT 2020
# Player 1: Player-0, '260729564', running on 127.0.0.1
# Player 2: Player-1, 'RandomPlayer', running on 127.0.0.1
START Player-0 260729564
START Player-1 RandomPlayer
BoardInit:Tile:0,Tile:8,Tile:9,Tile:7,Tile:5,Destroy,Bonus,Map,Bonus,Tile:15,Tile:11,Tile:5,Tile:9,Tile:7,Destroy,Tile:13,Map,Tile:8,Tile:6,Tile:14,Tile:4,Tile:10,Tile:8,Tile:6,Malus,Tile:9,Tile:7,Tile:6,Tile:5,Tile:9,Map,Tile:8,Tile:6,Map,Tile:0,Tile:10,Bonus,Tile:9,Tile:5,Tile:0,Tile:7-Tile:3,Tile:12,Tile:8,Tile:10,Tile:0,Tile:6,Destroy-Bonus,Tile:1,Malus,Map,Map,Tile:2,Tile:7-Tile:hidden2,Tile:hidden1,Tile:nugget
Tile:8 5 6 1
Map 12 3 0
Tile:6 5 7 1
Map 12 5 0
Destroy 5 6 1
Malus 0 0 0
Drop 5 0 1
Tile:8 5 6 0
Drop 5 0 1
Tile:7 6 6 0
Drop 4 0 1
Drop 1 0 0
Drop 3 0 1
Tile:5_flip 6 5 0
Drop 2 0 1
Drop 1 0 0
Drop 0 0 1
Drop 3 0 0
Map 12 7 1
Tile:8 6 7 0
Destroy 5 6 1
Drop 3 0 0
Drop 5 0 1
Tile:10 6 4 0
Drop 0 0 1
Tile:6_flip 6 3 0
Drop 3 0 1
Tile:9 5 6 0
Drop 4 0 1
Tile:6 7 7 0
Bonus 0 0 1
Tile:9_flip 8 7 0
Tile:7_flip 8 8 1
Tile:8 9 8 0
Malus 0 0 1
Bonus 0 0 0
Tile:6 10 8 1
Tile:10 10 7 0
Tile:4_flip 9 9 1
Tile:9_flip 11 8 0
Tile:11 10 6 1
Tile:7_flip 11 9 0
Tile:7_flip 6 8 1
Tile:0 12 9 0
Tile:0 4 7 1
Tile:7 13 9 0
Tile:5 5 3 1
Drop 1 0 0
Drop 3 0 1
Drop 1 0 0
Map 12 3 1
Drop 1 0 0
Drop 1 0 1
Destroy 8 7 0
Drop 0 0 1
GAMEOVER DRAW
# Game ended: Sat Apr 11 20:40:38 EDT 2020
