# Server version 0.08 running on 192.168.2.221:8123
# Game ID: 1217
# Board class: Saboteur.SaboteurBoard
# Timeout: 2000
# First Move Timeout: 30000
# Date: Sat Apr 11 21:39:21 EDT 2020
# Player 1: Player-0, '260729564', running on 127.0.0.1
# Player 2: Player-1, 'RandomPlayer', running on 127.0.0.1
START Player-0 260729564
START Player-1 RandomPlayer
BoardInit:Bonus,Tile:13,Tile:9,Tile:11,Map,Tile:10,Tile:1,Tile:0,Tile:7,Tile:10,Tile:7,Tile:7,Destroy,Bonus,Bonus,Tile:6,Tile:9,Malus,Tile:8,Tile:6,Tile:4,Destroy,Tile:9,Tile:6,Tile:2,Tile:10,Tile:7,Map,Malus,Tile:15,Tile:5,Map,Tile:8,Tile:0,Tile:5,Tile:14,Tile:6,Map,Tile:9,Tile:8,Bonus-Map,Tile:0,Tile:5,Map,Destroy,Tile:5,Tile:0-Tile:9,Tile:3,Tile:6,Tile:7,Tile:8,Tile:8,Tile:12-Tile:hidden2,Tile:hidden1,Tile:nugget
Drop 2 0 1
Tile:8 6 5 0
Drop 1 0 1
Tile:8 7 5 0
Tile:9 4 5 1
Tile:6 8 5 0
Map 12 5 1
Tile:9_flip 9 5 0
Map 12 7 1
Tile:10 9 4 0
Destroy 4 5 1
Tile:10 9 6 0
Tile:7 9 3 1
Tile:7_flip 9 7 0
Tile:7_flip 5 6 1
Tile:7 10 7 0
Drop 0 0 1
Tile:6 10 8 0
Tile:0 4 5 1
Malus 0 0 0
Destroy 6 5 1
Tile:0 6 6 0
Drop 5 0 1
Tile:6 7 6 0
Drop 0 0 1
Tile:6 11 8 0
Map 12 7 1
Tile:10 8 4 0
Drop 6 0 1
Map 12 3 0
Drop 4 0 1
Drop 0 0 0
Drop 6 0 1
Map 12 5 0
Drop 4 0 1
Tile:0 12 8 0
Drop 3 0 1
Destroy 12 8 0
Bonus 0 0 1
Drop 0 0 0
Tile:1 12 8 1
Tile:8 8 3 0
Tile:6_flip 7 3 1
Drop 0 0 0
Tile:9_flip 8 2 1
Drop 0 0 0
Tile:8 5 4 1
Drop 1 0 0
Tile:5 11 7 1
GAMEOVER WINNER 1
# Game ended: Sat Apr 11 21:39:21 EDT 2020
