# Server version 0.08 running on 192.168.2.221:8123
# Game ID: 967
# Board class: Saboteur.SaboteurBoard
# Timeout: 2000
# First Move Timeout: 30000
# Date: Sat Apr 11 21:22:34 EDT 2020
# Player 1: Player-0, '260729564', running on 127.0.0.1
# Player 2: Player-1, 'RandomPlayer', running on 127.0.0.1
START Player-0 260729564
START Player-1 RandomPlayer
BoardInit:Tile:0,Map,Destroy,Tile:6,Malus,Tile:15,Tile:10,Tile:6,Tile:10,Tile:5,Tile:0,Tile:9,Tile:13,Tile:2,Destroy,Tile:8,Tile:5,Tile:8,Tile:6,Tile:3,Malus,Tile:9,Tile:10,Tile:9,Tile:7,Map,Bonus,Map,Tile:4,Tile:9,Destroy,Tile:8,Bonus,Bonus,Map,Tile:6,Tile:8,Map,Tile:7,Tile:0,Tile:9-Tile:14,Tile:1,Map,Tile:6,Tile:7,Bonus,Tile:0-Tile:7,Tile:8,Tile:5,Tile:11,Tile:5,Tile:7,Tile:12-Tile:hidden1,Tile:hidden2,Tile:nugget
Drop 3 0 1
Tile:8 6 5 0
Drop 1 0 1
Map 12 3 0
Tile:14 7 5 1
Tile:6 6 6 0
Tile:7 7 6 1
Tile:7_flip 7 7 0
Drop 3 0 1
Tile:6 8 7 0
Tile:10 8 6 1
Tile:5_flip 9 7 0
Drop 0 0 1
Tile:9 9 6 0
Destroy 8 6 1
Tile:5_flip 10 6 0
Tile:13 5 6 1
Tile:8 10 5 0
Tile:0 4 5 1
Tile:8 11 5 0
Tile:10 12 6 1
GAMEOVER WINNER 1
# Game ended: Sat Apr 11 21:22:35 EDT 2020
