# Server version 0.08 running on 192.168.2.221:8123
# Game ID: 1173
# Board class: Saboteur.SaboteurBoard
# Timeout: 2000
# First Move Timeout: 30000
# Date: Sat Apr 11 21:37:05 EDT 2020
# Player 1: Player-0, '260729564', running on 127.0.0.1
# Player 2: Player-1, 'RandomPlayer', running on 127.0.0.1
START Player-0 260729564
START Player-1 RandomPlayer
BoardInit:Tile:9,Tile:7,Tile:6,Tile:4,Destroy,Tile:7,Tile:6,Tile:0,Tile:6,Tile:0,Tile:5,Tile:9,Bonus,Tile:7,Map,Tile:8,Map,Bonus,Map,Tile:7,Tile:10,Bonus,Tile:8,Tile:15,Tile:2,Tile:10,Destroy,Tile:1,Tile:9,Tile:10,Bonus,Malus,Tile:8,Tile:9,Map,Map,Tile:7,Tile:0,Tile:8,Tile:5,Tile:11-Map,Tile:0,Tile:13,Tile:8,Tile:6,Destroy,Malus-Tile:3,Tile:14,Tile:5,Tile:12,Tile:6,Tile:9,Tile:5-Tile:nugget,Tile:hidden2,Tile:hidden1
Tile:13 6 5 1
Tile:9 5 4 0
Tile:9_flip 6 4 1
Tile:6_flip 6 3 0
Tile:6_flip 7 3 1
Tile:7_flip 7 4 0
Tile:6_flip 8 4 1
Tile:5_flip 9 4 0
Tile:8 5 3 1
Tile:0 8 3 0
Destroy 6 3 1
Tile:7_flip 5 6 0
Tile:6 8 5 1
Tile:9_flip 6 6 0
Destroy 5 4 1
Tile:7_flip 6 7 0
Map 12 3 1
Tile:8 7 7 0
Map 12 7 1
Tile:0 8 7 0
Tile:5 5 2 1
Tile:5_flip 9 7 0
Tile:10 7 6 1
Tile:7_flip 7 8 0
Tile:8 9 3 1
Drop 0 0 0
Tile:6 6 2 1
Tile:10 9 6 0
Destroy 5 2 1
Drop 0 0 0
Tile:2 7 5 1
Drop 0 0 0
Tile:9 5 2 1
Malus 0 0 0
Map 12 5 1
Tile:9 5 4 0
Drop 2 0 1
Map 12 3 0
Map 12 5 1
Tile:0 7 2 0
Map 12 5 1
Tile:5_flip 8 2 0
Bonus 0 0 1
Tile:10 9 2 0
Tile:11 4 3 1
Drop 0 0 0
Tile:8 8 1 1
Drop 1 0 0
Tile:7 9 5 1
Drop 1 0 0
Tile:0 4 5 1
Drop 1 0 0
Tile:8 9 1 1
Drop 0 0 0
Malus 0 0 1
GAMEOVER DRAW
# Game ended: Sat Apr 11 21:37:05 EDT 2020
