# Server version 0.08 running on 192.168.2.221:8123
# Game ID: 1138
# Board class: Saboteur.SaboteurBoard
# Timeout: 2000
# First Move Timeout: 30000
# Date: Sat Apr 11 21:35:06 EDT 2020
# Player 1: Player-0, 'RandomPlayer', running on 127.0.0.1
# Player 2: Player-1, '260729564', running on 127.0.0.1
START Player-0 RandomPlayer
START Player-1 260729564
BoardInit:Tile:9,Tile:0,Bonus,Map,Tile:9,Destroy,Tile:4,Tile:5,Map,Tile:15,Tile:13,Bonus,Tile:6,Tile:8,Malus,Tile:7,Tile:0,Tile:14,Tile:5,Tile:1,Tile:7,Bonus,Tile:7,Tile:2,Tile:5,Tile:0,Tile:9,Tile:6,Map,Tile:6,Map,Tile:10,Tile:8,Tile:8,Tile:6,Tile:8,Malus,Tile:9,Tile:10,Destroy,Tile:7-Map,Tile:9,Tile:10,Tile:5,Bonus,Destroy,Map-Tile:7,Tile:3,Tile:12,Tile:6,Tile:11,Tile:8,Tile:0-Tile:hidden1,Tile:hidden2,Tile:nugget
Map 12 3 1
Tile:6 5 6 0
Map 12 5 1
Tile:12 6 5 0
Tile:5 5 4 1
Tile:0 4 5 0
Drop 5 0 1
Map 12 5 0
Drop 6 0 1
Tile:0 6 6 0
Tile:9_flip 7 6 1
Tile:11 3 5 0
Tile:10 7 7 1
Destroy 6 5 0
Tile:6 7 8 1
Tile:5_flip 6 4 0
Malus 0 0 1
Drop 1 0 0
Tile:0 8 8 1
Drop 3 0 0
Tile:5_flip 9 8 1
Drop 2 0 0
Tile:9 9 7 1
Drop 3 0 0
Tile:9_flip 10 7 1
Drop 5 0 0
Tile:7_flip 10 8 1
Drop 0 0 0
Tile:9_flip 11 8 1
Drop 5 0 0
Tile:5 10 6 1
Drop 0 0 0
Tile:7_flip 11 9 1
Drop 6 0 0
Tile:8 11 6 1
Drop 3 0 0
Tile:6_flip 12 6 1
GAMEOVER WINNER 1
# Game ended: Sat Apr 11 21:35:08 EDT 2020
