# Server version 0.08 running on 192.168.2.221:8123
# Game ID: 16
# Board class: Saboteur.SaboteurBoard
# Timeout: 20000
# First Move Timeout: 30000
# Date: Sat Apr 11 14:25:17 EDT 2020
# Player 1: Player-0, 'RandomPlayer', running on 127.0.0.1
# Player 2: Player-1, '260729564', running on 127.0.0.1
START Player-0 RandomPlayer
START Player-1 260729564
BoardInit:Tile:10,Tile:0,Tile:8,Bonus,Tile:10,Tile:4,Destroy,Tile:5,Destroy,Tile:9,Tile:7,Tile:15,Tile:0,Tile:5,Tile:8,Destroy,Tile:9,Tile:7,Tile:6,Tile:13,Tile:7,Map,Map,Tile:9,Tile:6,Tile:9,Tile:6,Tile:5,Tile:11,Bonus,Tile:6,Tile:5,Tile:1,Map,Tile:10,Tile:3,Tile:8,Map,Tile:14,Tile:2,Bonus-Tile:0,Tile:9,Tile:0,Bonus,Tile:12,Tile:6,Tile:8-Tile:7,Malus,Map,Tile:7,Tile:8,Malus,Map-Tile:hidden2,Tile:hidden1,Tile:nugget
Tile:0 4 5 1
Map 12 7 0
Tile:0 6 5 1
Tile:7_flip 5 6 0
Tile:6 7 5 1
Tile:8 3 5 0
Tile:8 3 4 1
Tile:0 6 6 0
Tile:8 3 3 1
Tile:4_flip 3 6 0
Drop 2 0 1
Map 12 7 0
Tile:7 5 4 1
Tile:7 7 6 0
Tile:0 8 5 1
Drop 2 0 0
Tile:8 3 2 1
Tile:5_flip 7 7 0
Tile:9_flip 3 1 1
Tile:7 7 4 0
Tile:6 9 5 1
Tile:13 2 1 0
Tile:10 3 0 1
Tile:9_flip 2 0 0
Map 12 3 1
Tile:9 1 0 0
Tile:6 10 5 1
Destroy 3 6 0
Tile:6 11 5 1
Tile:5 2 3 0
Tile:7_flip 3 6 1
Drop 2 0 0
Tile:6_flip 12 4 1
Tile:5_flip 12 6 0
Tile:9 2 5 1
Tile:9 2 4 0
Tile:10 10 4 1
Tile:5 6 7 0
Tile:8 4 2 1
Map 12 3 0
GAMEOVER TIMEOUT WINNER 0
# Game ended: Sat Apr 11 14:26:22 EDT 2020
