# Server version 0.08 running on 192.168.2.221:8123
# Game ID: 571
# Board class: Saboteur.SaboteurBoard
# Timeout: 2000
# First Move Timeout: 30000
# Date: Sat Apr 11 20:44:42 EDT 2020
# Player 1: Player-0, '260729564', running on 127.0.0.1
# Player 2: Player-1, 'RandomPlayer', running on 127.0.0.1
START Player-0 260729564
START Player-1 RandomPlayer
BoardInit:Destroy,Tile:7,Tile:7,Tile:6,Tile:7,Tile:9,Tile:9,Tile:3,Bonus,Tile:0,Tile:8,Bonus,Bonus,Map,Tile:0,Tile:7,Tile:6,Tile:1,Tile:12,Tile:14,Tile:9,Destroy,Tile:9,Tile:5,Map,Tile:11,Tile:7,Tile:5,Map,Tile:8,Tile:6,Map,Tile:8,Tile:13,Tile:0,Tile:8,Tile:10,Tile:5,Tile:6,Tile:10,Tile:15-Tile:4,Destroy,Tile:8,Bonus,Tile:6,Tile:0,Tile:10-Tile:9,Map,Tile:5,Malus,Tile:2,Malus,Map-Tile:hidden1,Tile:nugget,Tile:hidden2
Tile:6_flip 4 5 1
Map 12 3 0
Drop 5 0 1
Map 12 5 0
Destroy 4 5 1
Malus 0 0 0
Drop 3 0 1
Malus 0 0 0
Drop 5 0 1
Tile:6 6 5 0
Drop 1 0 1
Tile:0 7 5 0
Drop 6 0 1
Tile:9_flip 8 5 0
Drop 2 0 1
Tile:9 8 4 0
Bonus 0 0 1
Tile:5_flip 9 4 0
Drop 2 0 1
Tile:7_flip 8 6 0
Drop 4 0 1
Tile:7 9 6 0
Drop 5 0 1
Drop 0 0 0
Drop 0 0 1
Tile:5 9 3 0
Map 12 7 1
Drop 0 0 0
Drop 2 0 1
Tile:5_flip 10 3 0
Drop 3 0 1
Tile:8 9 7 0
Map 12 7 1
Drop 1 0 0
Drop 0 0 1
Drop 1 0 0
Drop 4 0 1
Tile:8 10 7 0
Drop 0 0 1
Tile:5_flip 11 7 0
Drop 2 0 1
Tile:10 11 6 0
Drop 0 0 1
Destroy 11 7 0
Drop 4 0 1
Drop 1 0 0
Drop 2 0 1
Drop 1 0 0
Drop 0 0 1
Drop 1 0 0
Drop 0 0 1
Drop 1 0 0
Drop 1 0 1
Drop 0 0 0
Drop 0 0 1
GAMEOVER DRAW
# Game ended: Sat Apr 11 20:44:42 EDT 2020
