# Server version 0.08 running on 192.168.2.221:8123
# Game ID: 7
# Board class: Saboteur.SaboteurBoard
# Timeout: 20000
# First Move Timeout: 30000
# Date: Fri Apr 10 12:33:11 EDT 2020
# Player 1: Player-0, '260729564', running on 192.168.2.221
# Player 2: Player-1, 'RandomPlayer', running on 192.168.2.221
START Player-0 260729564
START Player-1 RandomPlayer
BoardInit:Tile:0,Malus,Tile:2,Tile:8,Tile:5,Tile:6,Tile:8,Tile:4,Map,Tile:3,Tile:0,Tile:9,Tile:10,Tile:5,Tile:9,Tile:9,Malus,Bonus,Bonus,Destroy,Tile:6,Map,Tile:6,Map,Bonus,Map,Tile:8,Tile:7,Tile:10,Tile:0,Destroy,Tile:12,Tile:1,Tile:5,Tile:0,Tile:11,Tile:7,Bonus,Map,Tile:7,Tile:15-Tile:9,Tile:14,Tile:13,Destroy,Map,Tile:6,Tile:9-Tile:6,Tile:8,Tile:10,Tile:7,Tile:5,Tile:8,Tile:7-Tile:hidden1,Tile:hidden2,Tile:nugget
Map 12 7 1
Tile:10 5 4 0
Tile:6_flip 5 3 1
Tile:6 6 5 0
Tile:9 5 6 1
Tile:8 6 3 0
Tile:2 7 5 1
Tile:6 7 3 0
Tile:14_flip 7 2 1
Tile:8 4 3 0
Tile:13 8 2 1
Tile:8 4 2 0
Tile:5 3 3 1
Tile:9_flip 8 3 0
Tile:8 5 7 1
Tile:7_flip 8 4 0
Tile:10 7 6 1
Tile:5_flip 9 4 0
Tile:9_flip 6 2 1
Tile:5 9 3 0
Tile:9_flip 6 1 1
Drop 1 0 0
Tile:6_flip 4 7 1
Map 12 3 0
Destroy 5 7 1
Map 12 5 0
Tile:0 8 5 1
Drop 1 0 0
Tile:8 6 0 1
Drop 1 0 0
Tile:6 5 2 1
Tile:0 10 3 0
Tile:10 6 4 1
Drop 4 0 0
Destroy 8 4 1
Tile:7_flip 8 4 0
Drop 6 0 1
Drop 4 0 0
Tile:7_flip 3 2 1
Drop 5 0 0
Drop 4 0 1
Destroy 9 4 0
Tile:1 9 2 1
Tile:9_flip 9 4 0
Tile:15 3 1 1
Tile:5_flip 5 7 0
Map 12 7 1
Tile:7 11 3 0
Tile:0 7 0 1
Tile:7 3 0 0
Drop 1 0 1
Drop 0 0 0
Map 12 7 1
Drop 0 0 0
Malus 0 0 1
GAMEOVER DRAW
# Game ended: Fri Apr 10 12:33:16 EDT 2020
