# Server version 0.08 running on 192.168.2.221:8123
# Game ID: 1201
# Board class: Saboteur.SaboteurBoard
# Timeout: 2000
# First Move Timeout: 30000
# Date: Sat Apr 11 21:38:23 EDT 2020
# Player 1: Player-0, '260729564', running on 127.0.0.1
# Player 2: Player-1, 'RandomPlayer', running on 127.0.0.1
START Player-0 260729564
START Player-1 RandomPlayer
BoardInit:Bonus,Tile:0,Tile:11,Tile:8,Tile:8,Destroy,Tile:1,Map,Destroy,Tile:5,Tile:7,Map,Map,Tile:2,Tile:7,Tile:9,Malus,Tile:6,Tile:9,Tile:7,Map,Tile:10,Tile:6,Destroy,Tile:5,Tile:4,Map,Tile:5,Tile:9,Tile:7,Tile:0,Tile:9,Tile:13,Bonus,Tile:6,Tile:7,Bonus,Malus,Tile:9,Tile:6,Tile:14-Map,Tile:5,Tile:8,Tile:6,Bonus,Tile:3,Tile:15-Tile:12,Tile:0,Tile:8,Tile:10,Tile:0,Tile:10,Tile:8-Tile:hidden1,Tile:nugget,Tile:hidden2
Tile:8 4 5 1
Tile:8 6 5 0
Drop 1 0 1
Tile:8 7 5 0
Tile:11 5 6 1
Tile:8 8 5 0
Tile:6 6 6 1
Tile:0 9 5 0
Tile:8 7 6 1
Map 12 3 0
Map 12 3 1
Tile:0 10 5 0
Tile:3 11 5 1
Map 12 5 0
Map 12 7 1
Tile:5 8 4 0
Drop 5 0 1
Tile:0 9 4 0
Tile:1 3 5 1
Tile:6_flip 6 4 0
Tile:7_flip 2 5 1
Tile:7_flip 7 7 0
Destroy 6 4 1
Tile:9_flip 8 6 0
Drop 2 0 1
Tile:10 7 4 0
Tile:6_flip 5 4 1
Tile:10 7 3 0
Tile:15 11 6 1
Tile:5_flip 10 4 0
Map 12 7 1
Tile:10 10 3 0
Tile:9_flip 7 2 1
Tile:9_flip 6 4 0
Tile:9 11 7 1
Tile:7_flip 6 2 0
Drop 3 0 1
Destroy 11 5 0
Tile:6_flip 6 1 1
Malus 0 0 0
Drop 6 0 1
Tile:6_flip 11 5 0
GAMEOVER WINNER 0
# Game ended: Sat Apr 11 21:38:24 EDT 2020
