# Server version 0.08 running on 192.168.2.221:8123
# Game ID: 1386
# Board class: Saboteur.SaboteurBoard
# Timeout: 2000
# First Move Timeout: 30000
# Date: Sat Apr 11 22:04:11 EDT 2020
# Player 1: Player-0, 'RandomPlayer', running on 127.0.0.1
# Player 2: Player-1, '260729564', running on 127.0.0.1
START Player-0 RandomPlayer
START Player-1 260729564
BoardInit:Tile:8,Tile:5,Tile:7,Tile:7,Tile:10,Tile:15,Malus,Destroy,Tile:5,Tile:9,Tile:9,Bonus,Bonus,Tile:9,Tile:6,Bonus,Tile:8,Bonus,Tile:0,Tile:7,Map,Tile:11,Tile:6,Tile:5,Tile:6,Tile:0,Tile:4,Map,Tile:12,Tile:9,Tile:7,Map,Tile:2,Tile:10,Tile:8,Tile:13,Tile:8,Tile:9,Tile:7,Tile:0,Tile:8-Tile:1,Map,Map,Tile:6,Tile:6,Tile:10,Tile:14-Tile:3,Malus,Map,Tile:5,Tile:0,Destroy,Destroy-Tile:nugget,Tile:hidden1,Tile:hidden2
Map 12 3 1
Tile:5_flip 5 6 0
Tile:8 5 4 1
Tile:0 6 4 0
Tile:7 7 4 1
Destroy 5 4 0
Tile:6_flip 6 5 1
Tile:3_flip 6 6 0
Malus 0 0 1
Destroy 7 4 0
Tile:6 7 5 1
Map 12 3 0
Tile:9_flip 7 4 1
Destroy 6 4 0
Tile:5_flip 8 5 1
Drop 2 0 0
Tile:6_flip 7 3 1
Bonus 0 0 0
Tile:8 8 3 1
Drop 1 0 0
Tile:0 9 3 1
Drop 4 0 0
Tile:10 8 4 1
Tile:11_flip 5 4 0
Tile:6 10 3 1
Tile:9 8 2 0
Tile:6 11 3 1
GAMEOVER WINNER 1
# Game ended: Sat Apr 11 22:04:12 EDT 2020
