# Server version 0.08 running on 192.168.2.221:8123
# Game ID: 698
# Board class: Saboteur.SaboteurBoard
# Timeout: 2000
# First Move Timeout: 30000
# Date: Sat Apr 11 21:06:44 EDT 2020
# Player 1: Player-0, 'RandomPlayer', running on 127.0.0.1
# Player 2: Player-1, '260729564', running on 127.0.0.1
START Player-0 RandomPlayer
START Player-1 260729564
BoardInit:Tile:11,Destroy,Tile:3,Tile:2,Tile:10,Tile:9,Tile:14,Tile:8,Tile:10,Tile:10,Map,Malus,Bonus,Tile:6,Tile:6,Tile:7,Tile:5,Tile:5,Tile:6,Bonus,Tile:7,Map,Tile:6,Tile:9,Map,Tile:7,Map,Map,Destroy,Tile:6,Bonus,Tile:5,Destroy,Tile:0,Tile:8,Tile:0,Malus,Tile:7,Tile:4,Tile:0,Tile:8-Tile:9,Tile:8,Tile:15,Tile:1,Tile:13,Tile:9,Map-Bonus,Tile:0,Tile:5,Tile:8,Tile:12,Tile:7,Tile:9-Tile:hidden1,Tile:nugget,Tile:hidden2
Map 12 3 1
Tile:0 4 5 0
Tile:8 6 5 1
Tile:9 5 4 0
Tile:9_flip 7 5 1
Tile:7_flip 5 6 0
Tile:9 7 4 1
Drop 2 0 0
Tile:10 7 6 1
Tile:9_flip 6 4 0
Tile:10 7 3 1
Destroy 6 5 0
Map 12 5 1
Drop 0 0 0
Drop 0 0 1
Tile:12 8 4 0
Tile:6 6 5 1
Tile:7_flip 7 7 0
Tile:5_flip 8 7 1
Drop 3 0 0
Tile:6_flip 7 2 1
Tile:5 3 5 0
Tile:7 8 2 1
Malus 0 0 0
Bonus 0 0 1
Tile:2_flip 3 6 0
Tile:6_flip 6 2 1
Tile:9_flip 6 3 0
Drop 0 0 1
Tile:6_flip 5 3 0
Drop 0 0 1
Tile:7 4 6 0
Drop 0 0 1
Tile:6 2 6 0
Drop 0 0 1
Tile:5 8 6 0
Tile:8 9 6 1
Tile:5_flip 4 7 0
Malus 0 0 1
Drop 6 0 0
Drop 0 0 1
Drop 2 0 0
Tile:8 10 6 1
Drop 3 0 0
Drop 0 0 1
Drop 0 0 0
Drop 0 0 1
Map 12 3 0
Drop 3 0 1
Bonus 0 0 0
Destroy 8 2 1
Tile:0 1 6 0
Destroy 7 6 1
Tile:0 3 7 0
Drop 0 0 1
GAMEOVER DRAW
# Game ended: Sat Apr 11 21:06:45 EDT 2020
