# Server version 0.08 running on 192.168.2.221:8123
# Game ID: 35
# Board class: Saboteur.SaboteurBoard
# Timeout: 2000
# First Move Timeout: 30000
# Date: Sat Apr 11 16:04:30 EDT 2020
# Player 1: Player-0, '260729564', running on 127.0.0.1
# Player 2: Player-1, 'RandomPlayer', running on 127.0.0.1
START Player-0 260729564
START Player-1 RandomPlayer
BoardInit:Tile:8,Tile:5,Tile:7,Tile:9,Tile:7,Tile:7,Tile:13,Tile:12,Tile:8,Tile:5,Tile:11,Tile:2,Destroy,Tile:10,Malus,Tile:0,Tile:9,Destroy,Map,Tile:6,Tile:9,Tile:9,Map,Tile:1,Bonus,Tile:5,Map,Tile:10,Tile:7,Tile:8,Tile:14,Destroy,Bonus,Tile:6,Tile:6,Tile:4,Bonus,Tile:6,Tile:5,Map,Tile:7-Tile:0,Tile:0,Tile:9,Tile:6,Tile:8,Tile:8,Bonus-Tile:0,Tile:10,Map,Tile:15,Map,Tile:3,Malus-Tile:hidden2,Tile:hidden1,Tile:nugget
Tile:8 5 4 1
Map 12 3 0
Tile:0 6 4 1
Map 12 5 0
Tile:9 5 6 1
Tile:0 7 4 0
Tile:6_flip 5 3 1
Drop 1 0 0
Tile:7 6 5 1
Drop 1 0 0
Tile:8 8 4 1
Drop 1 0 0
Tile:8 6 6 1
Drop 4 0 0
Tile:11 4 5 1
Drop 5 0 0
Tile:7 7 6 1
Tile:0 9 4 0
Tile:0 4 3 1
Drop 1 0 0
Destroy 5 6 1
Tile:6 10 4 0
Tile:13 8 5 1
Tile:9 3 3 0
Tile:8 11 4 1
Tile:7_flip 5 6 0
Tile:9_flip 12 4 1
Tile:10 4 6 0
Drop 5 0 1
Tile:9 8 6 0
Tile:9_flip 8 3 1
Tile:10 12 6 0
GAMEOVER WINNER 0
# Game ended: Sat Apr 11 16:04:32 EDT 2020
