# Server version 0.08 running on 192.168.2.221:8123
# Game ID: 606
# Board class: Saboteur.SaboteurBoard
# Timeout: 2000
# First Move Timeout: 30000
# Date: Sat Apr 11 20:58:29 EDT 2020
# Player 1: Player-0, 'RandomPlayer', running on 127.0.0.1
# Player 2: Player-1, '260729564', running on 127.0.0.1
START Player-0 RandomPlayer
START Player-1 260729564
BoardInit:Map,Tile:4,Destroy,Tile:14,Tile:5,Tile:8,Tile:7,Tile:6,Destroy,Tile:5,Tile:0,Map,Map,Tile:9,Tile:2,Tile:7,Tile:3,Tile:12,Destroy,Tile:7,Tile:8,Tile:9,Tile:10,Bonus,Map,Tile:10,Map,Tile:8,Tile:8,Bonus,Tile:1,Tile:5,Tile:9,Tile:6,Tile:9,Tile:7,Tile:6,Bonus,Tile:7,Malus,Tile:13-Tile:0,Map,Tile:0,Bonus,Tile:11,Tile:5,Tile:9-Tile:0,Tile:15,Tile:6,Malus,Tile:8,Tile:10,Tile:6-Tile:nugget,Tile:hidden2,Tile:hidden1
Map 12 3 1
Malus 0 0 0
Bonus 0 0 1
Tile:6 6 5 0
Tile:9 6 4 1
Drop 2 0 0
Tile:0 7 4 1
Tile:15 5 4 0
Tile:0 8 4 1
Tile:6_flip 4 5 0
Tile:5_flip 9 4 1
Tile:6_flip 5 3 0
Tile:0 7 5 1
Tile:4_flip 5 6 0
Tile:5 9 3 1
Drop 2 0 0
Tile:7 10 3 1
Tile:9_flip 6 3 0
Drop 0 0 1
Tile:7 6 2 0
Drop 0 0 1
Tile:12_flip 5 2 0
Drop 2 0 1
Drop 5 0 0
Tile:10 10 4 1
Tile:8 10 5 0
Tile:8 11 5 1
Tile:10 10 6 0
Drop 2 0 1
Tile:9_flip 12 6 0
Tile:8 12 4 1
GAMEOVER WINNER 1
# Game ended: Sat Apr 11 20:58:30 EDT 2020
