# Server version 0.08 running on 192.168.2.221:8123
# Game ID: 1318
# Board class: Saboteur.SaboteurBoard
# Timeout: 2000
# First Move Timeout: 30000
# Date: Sat Apr 11 21:57:10 EDT 2020
# Player 1: Player-0, 'RandomPlayer', running on 127.0.0.1
# Player 2: Player-1, '260729564', running on 127.0.0.1
START Player-0 RandomPlayer
START Player-1 260729564
BoardInit:Tile:11,Tile:15,Map,Tile:10,Tile:5,Tile:6,Tile:5,Tile:3,Tile:0,Tile:8,Malus,Destroy,Tile:8,Tile:4,Tile:6,Destroy,Malus,Bonus,Tile:7,Tile:10,Tile:10,Tile:12,Tile:0,Tile:0,Bonus,Map,Tile:7,Tile:0,Tile:6,Tile:9,Tile:8,Map,Tile:7,Tile:8,Tile:8,Tile:13,Tile:7,Tile:9,Tile:1,Map,Bonus-Tile:6,Tile:9,Tile:9,Tile:5,Tile:5,Tile:7,Tile:14-Tile:2,Tile:6,Bonus,Map,Map,Destroy,Tile:9-Tile:hidden2,Tile:hidden1,Tile:nugget
Tile:9_flip 6 5 1
Tile:6_flip 4 5 0
Tile:9 6 4 1
Drop 1 0 0
Map 12 3 1
Tile:10 4 6 0
Tile:6_flip 7 4 1
Tile:2_flip 8 4 0
Tile:7_flip 7 5 1
Tile:3 9 4 0
Tile:0 8 5 1
Tile:9_flip 6 3 0
Malus 0 0 1
Drop 6 0 0
Tile:8 9 5 1
Destroy 9 5 0
Tile:6 9 5 1
Destroy 6 3 0
Malus 0 0 1
Drop 3 0 0
Tile:5_flip 10 5 1
Map 12 7 0
Tile:10 10 4 1
Map 12 5 0
Tile:5 10 3 1
Drop 5 0 0
Tile:0 11 3 1
Drop 3 0 0
Tile:5_flip 12 4 1
Drop 2 0 0
Tile:5 11 4 1
Drop 4 0 0
Tile:8 13 3 1
Drop 6 0 0
GAMEOVER TIMEOUT WINNER 0
# Game ended: Sat Apr 11 21:57:16 EDT 2020
