# Server version 0.08 running on 192.168.2.221:8123
# Game ID: 1225
# Board class: Saboteur.SaboteurBoard
# Timeout: 2000
# First Move Timeout: 30000
# Date: Sat Apr 11 21:39:50 EDT 2020
# Player 1: Player-0, '260729564', running on 127.0.0.1
# Player 2: Player-1, 'RandomPlayer', running on 127.0.0.1
START Player-0 260729564
START Player-1 RandomPlayer
BoardInit:Bonus,Tile:7,Tile:4,Tile:0,Tile:9,Tile:8,Tile:9,Tile:7,Tile:11,Tile:9,Tile:6,Bonus,Map,Map,Destroy,Tile:6,Tile:8,Tile:8,Tile:9,Tile:15,Tile:7,Tile:5,Tile:2,Destroy,Tile:12,Tile:14,Map,Tile:0,Malus,Tile:10,Bonus,Tile:13,Destroy,Malus,Map,Map,Tile:9,Tile:10,Tile:0,Tile:5,Tile:6-Tile:0,Tile:6,Tile:1,Tile:8,Tile:5,Tile:3,Tile:8-Map,Tile:10,Tile:6,Tile:7,Bonus,Tile:7,Tile:5-Tile:nugget,Tile:hidden1,Tile:hidden2
Tile:3 6 5 1
Map 12 3 0
Tile:8 5 6 1
Tile:6_flip 5 4 0
Tile:1 6 4 1
Tile:10 5 7 0
Tile:5 4 5 1
Tile:8 6 6 0
Tile:9_flip 7 4 1
Tile:0 7 6 0
Tile:9 4 6 1
Tile:7_flip 7 5 0
Tile:6 8 6 1
Tile:9_flip 8 5 0
Tile:4_flip 6 7 1
Tile:7 9 6 0
Tile:6 5 8 1
Tile:6 9 7 0
Tile:8 10 7 1
Tile:8 11 7 0
Tile:8 11 8 1
Tile:5 12 6 0
Tile:9 7 3 1
Tile:5 8 4 0
Drop 2 0 1
Tile:7 9 4 0
Drop 0 0 1
Tile:7_flip 9 5 0
Destroy 9 4 1
Tile:0 13 6 0
Tile:2 8 7 1
Tile:10 7 2 0
Tile:12 6 8 1
Destroy 12 6 0
Drop 5 0 1
Malus 0 0 0
Destroy 7 2 1
Drop 1 0 0
Map 12 3 1
Tile:10 7 2 0
Drop 0 0 1
Tile:5_flip 8 3 0
Map 12 5 1
Drop 1 0 0
Drop 1 0 1
Drop 1 0 0
Drop 4 0 1
Drop 1 0 0
Drop 0 0 1
Drop 1 0 0
Drop 0 0 1
Drop 1 0 0
Drop 1 0 1
Drop 0 0 0
Drop 0 0 1
GAMEOVER DRAW
# Game ended: Sat Apr 11 21:39:55 EDT 2020
