# Server version 0.08 running on 192.168.2.221:8123
# Game ID: 446
# Board class: Saboteur.SaboteurBoard
# Timeout: 2000
# First Move Timeout: 30000
# Date: Sat Apr 11 20:36:01 EDT 2020
# Player 1: Player-0, 'RandomPlayer', running on 127.0.0.1
# Player 2: Player-1, '260729564', running on 127.0.0.1
START Player-0 RandomPlayer
START Player-1 260729564
BoardInit:Tile:2,Tile:15,Tile:6,Tile:6,Tile:8,Tile:11,Tile:6,Tile:9,Tile:8,Map,Tile:10,Tile:0,Tile:9,Tile:8,Tile:13,Malus,Tile:14,Tile:5,Destroy,Tile:7,Bonus,Tile:7,Map,Tile:3,Map,Malus,Tile:7,Bonus,Tile:4,Tile:5,Tile:0,Tile:5,Tile:7,Tile:0,Tile:6,Map,Bonus,Tile:9,Map,Tile:1,Tile:12-Tile:8,Bonus,Tile:10,Tile:6,Destroy,Tile:5,Map-Tile:9,Tile:9,Tile:10,Destroy,Tile:7,Tile:8,Tile:0-Tile:nugget,Tile:hidden1,Tile:hidden2
Map 12 3 1
Tile:8 6 5 0
Tile:8 6 4 1
Tile:9 5 4 0
Tile:6 7 4 1
Drop 3 0 0
Tile:8 8 4 1
Tile:6_flip 6 3 0
Tile:6 9 4 1
Tile:10 8 5 0
Tile:8 10 4 1
Tile:9_flip 9 3 0
Tile:6 11 4 1
Map 12 5 0
Tile:5_flip 12 4 1
GAMEOVER WINNER 1
# Game ended: Sat Apr 11 20:36:02 EDT 2020
