# Server version 0.08 running on 192.168.2.221:8123
# Game ID: 1065
# Board class: Saboteur.SaboteurBoard
# Timeout: 2000
# First Move Timeout: 30000
# Date: Sat Apr 11 21:30:59 EDT 2020
# Player 1: Player-0, '260729564', running on 127.0.0.1
# Player 2: Player-1, 'RandomPlayer', running on 127.0.0.1
START Player-0 260729564
START Player-1 RandomPlayer
BoardInit:Tile:10,Tile:9,Tile:5,Tile:9,Tile:12,Tile:2,Tile:11,Bonus,Tile:3,Tile:9,Map,Bonus,Tile:8,Tile:8,Malus,Tile:10,Tile:6,Map,Tile:6,Destroy,Tile:6,Tile:7,Tile:7,Tile:8,Tile:0,Bonus,Tile:10,Tile:5,Tile:7,Tile:5,Tile:0,Tile:0,Tile:4,Destroy,Tile:0,Tile:15,Destroy,Tile:14,Tile:1,Map,Tile:7-Tile:8,Tile:9,Tile:6,Tile:5,Tile:8,Map,Malus-Tile:13,Map,Tile:6,Tile:7,Map,Tile:9,Bonus-Tile:hidden1,Tile:hidden2,Tile:nugget
Tile:6 5 6 1
Map 12 3 0
Tile:9_flip 6 5 1
Map 12 5 0
Tile:5_flip 6 6 1
Tile:9 6 4 0
Tile:5 4 6 1
Tile:9_flip 7 4 0
Tile:10 5 4 1
Tile:9 7 5 0
Tile:12_flip 4 5 1
Tile:9_flip 8 5 0
Tile:3_flip 7 6 1
Tile:6 8 6 0
Tile:8 9 6 1
Tile:8 10 6 0
Tile:11 4 7 1
Tile:10 10 7 0
Map 12 3 1
Tile:7 11 6 0
Tile:6_flip 6 3 1
Drop 0 0 0
Tile:6_flip 5 3 1
Tile:7_flip 11 7 0
GAMEOVER WINNER 0
# Game ended: Sat Apr 11 21:30:59 EDT 2020
