# Server version 0.08 running on 192.168.2.221:8123
# Game ID: 543
# Board class: Saboteur.SaboteurBoard
# Timeout: 2000
# First Move Timeout: 30000
# Date: Sat Apr 11 20:43:09 EDT 2020
# Player 1: Player-0, '260729564', running on 127.0.0.1
# Player 2: Player-1, 'RandomPlayer', running on 127.0.0.1
START Player-0 260729564
START Player-1 RandomPlayer
BoardInit:Tile:6,Malus,Tile:7,Tile:10,Tile:5,Map,Bonus,Tile:13,Tile:7,Bonus,Tile:8,Tile:4,Map,Tile:3,Tile:0,Destroy,Destroy,Tile:9,Tile:1,Tile:7,Destroy,Map,Tile:9,Tile:11,Bonus,Tile:2,Tile:6,Tile:0,Tile:0,Tile:12,Tile:8,Tile:7,Tile:8,Malus,Tile:9,Tile:6,Map,Tile:9,Tile:6,Tile:0,Tile:15-Tile:8,Tile:8,Tile:10,Tile:14,Tile:7,Map,Tile:5-Tile:10,Tile:9,Tile:5,Bonus,Tile:6,Map,Tile:5-Tile:hidden1,Tile:hidden2,Tile:nugget
Map 12 5 1
Map 12 3 0
Tile:7 6 5 1
Malus 0 0 0
Drop 4 0 1
Tile:6 6 6 0
Drop 5 0 1
Map 12 5 0
Drop 5 0 1
Tile:5_flip 7 6 0
Bonus 0 0 1
Tile:5 7 5 0
Tile:14_flip 4 5 1
Tile:9_flip 8 5 0
Tile:8 5 4 1
Tile:10 8 6 0
Tile:10 8 4 1
Tile:10 8 7 0
Destroy 6 6 1
Tile:9 6 6 0
Tile:6 6 7 1
Tile:7_flip 8 8 0
Tile:1 9 8 1
Drop 1 0 0
Tile:0 6 4 1
Drop 1 0 0
Tile:8 5 3 1
Drop 1 0 0
Tile:9_flip 5 6 1
Tile:0 6 3 0
Destroy 6 3 1
Drop 1 0 0
Tile:7_flip 4 6 1
Tile:7 7 7 0
Tile:0 4 4 1
Malus 0 0 0
Bonus 0 0 1
Tile:6_flip 8 3 0
Drop 6 0 1
Tile:9_flip 9 3 0
Tile:6 4 3 1
Tile:0 7 3 0
Tile:8 10 8 1
Drop 2 0 0
Tile:8 10 7 1
Drop 2 0 0
Tile:15 9 4 1
Drop 2 0 0
Tile:8 5 7 1
Drop 2 0 0
Tile:9 5 2 1
Destroy 6 5 0
Tile:6 6 3 1
Drop 0 0 0
Map 12 5 1
GAMEOVER DRAW
# Game ended: Sat Apr 11 20:43:09 EDT 2020
