# Server version 0.08 running on 192.168.2.221:8123
# Game ID: 70
# Board class: Saboteur.SaboteurBoard
# Timeout: 2000
# First Move Timeout: 30000
# Date: Sat Apr 11 16:14:36 EDT 2020
# Player 1: Player-0, 'RandomPlayer', running on 127.0.0.1
# Player 2: Player-1, '260729564', running on 127.0.0.1
START Player-0 RandomPlayer
START Player-1 260729564
BoardInit:Destroy,Tile:6,Tile:11,Tile:7,Tile:15,Tile:8,Malus,Tile:5,Tile:6,Tile:10,Tile:2,Tile:6,Tile:7,Tile:13,Tile:7,Tile:0,Destroy,Tile:0,Tile:12,Tile:3,Bonus,Tile:4,Tile:14,Tile:6,Tile:1,Tile:8,Map,Map,Malus,Tile:9,Tile:8,Tile:8,Destroy,Tile:10,Tile:10,Tile:9,Tile:5,Tile:5,Map,Tile:9,Tile:7-Tile:6,Tile:7,Bonus,Bonus,Tile:0,Tile:8,Tile:9-Map,Tile:5,Tile:0,Map,Map,Tile:9,Bonus-Tile:hidden1,Tile:hidden2,Tile:nugget
Tile:8 6 5 1
Tile:9_flip 5 4 0
Tile:9_flip 7 5 1
Map 12 5 0
Tile:6 7 6 1
Tile:6 6 6 0
Tile:0 8 6 1
Tile:8 9 6 0
Malus 0 0 1
Map 12 5 0
Tile:6 10 6 1
Drop 1 0 0
Tile:7 11 6 1
Drop 6 0 0
Tile:7_flip 11 7 1
GAMEOVER WINNER 1
# Game ended: Sat Apr 11 16:14:36 EDT 2020
