# Server version 0.08 running on 192.168.2.221:8123
# Game ID: 503
# Board class: Saboteur.SaboteurBoard
# Timeout: 2000
# First Move Timeout: 30000
# Date: Sat Apr 11 20:41:01 EDT 2020
# Player 1: Player-0, '260729564', running on 127.0.0.1
# Player 2: Player-1, 'RandomPlayer', running on 127.0.0.1
START Player-0 260729564
START Player-1 RandomPlayer
BoardInit:Tile:6,Tile:9,Tile:1,Tile:7,Bonus,Tile:13,Tile:5,Tile:5,Tile:10,Tile:10,Tile:6,Tile:8,Tile:7,Tile:8,Bonus,Tile:14,Bonus,Tile:11,Tile:6,Tile:2,Map,Tile:12,Tile:15,Tile:7,Map,Tile:0,Map,Tile:9,Tile:9,Tile:7,Map,Tile:3,Tile:0,Tile:5,Map,Malus,Tile:9,Tile:8,Tile:8,Tile:5,Tile:9-Tile:6,Destroy,Tile:7,Destroy,Malus,Bonus,Tile:8-Tile:4,Tile:0,Tile:10,Destroy,Map,Tile:0,Tile:6-Tile:nugget,Tile:hidden1,Tile:hidden2
Tile:7_flip 5 6 1
Map 12 3 0
Drop 1 0 1
Tile:6_flip 5 4 0
Drop 2 0 1
Tile:9_flip 6 4 0
Tile:1 6 6 1
Tile:10 6 3 0
Tile:6 4 4 1
Tile:5 6 2 0
Tile:5 4 5 1
Tile:7 7 2 0
Drop 4 0 1
Tile:10 7 3 0
Drop 5 0 1
Drop 0 0 0
Drop 1 0 1
Drop 3 0 0
Tile:6_flip 7 6 1
Drop 5 0 0
Destroy 5 6 1
Tile:8 5 6 0
Tile:10 7 4 1
Tile:8 5 7 0
Tile:7_flip 4 6 1
Tile:7_flip 7 5 0
Map 12 7 1
Tile:0 8 5 0
Tile:6 3 4 1
Tile:9_flip 9 5 0
Map 12 7 1
Tile:7_flip 9 6 0
Tile:9_flip 4 3 1
Tile:0 10 6 0
Drop 2 0 1
Tile:0 11 6 0
Drop 6 0 1
Malus 0 0 0
Drop 6 0 1
Tile:8 12 6 0
Drop 6 0 1
GAMEOVER TIMEOUT WINNER 1
# Game ended: Sat Apr 11 20:41:05 EDT 2020
