# Server version 0.08 running on 192.168.2.221:8123
# Game ID: 594
# Board class: Saboteur.SaboteurBoard
# Timeout: 2000
# First Move Timeout: 30000
# Date: Sat Apr 11 20:57:28 EDT 2020
# Player 1: Player-0, 'RandomPlayer', running on 127.0.0.1
# Player 2: Player-1, '260729564', running on 127.0.0.1
START Player-0 RandomPlayer
START Player-1 260729564
BoardInit:Tile:7,Tile:6,Tile:2,Tile:11,Tile:10,Tile:15,Tile:5,Tile:8,Malus,Tile:13,Malus,Tile:10,Tile:12,Tile:5,Map,Tile:6,Tile:9,Tile:10,Tile:0,Map,Tile:8,Tile:8,Tile:3,Tile:8,Map,Destroy,Tile:6,Tile:14,Destroy,Tile:1,Tile:7,Map,Tile:9,Tile:4,Destroy,Bonus,Tile:9,Tile:0,Tile:6,Tile:7,Map-Tile:0,Tile:5,Bonus,Tile:9,Tile:0,Map,Tile:8-Tile:7,Tile:7,Tile:5,Bonus,Tile:6,Tile:9,Bonus-Tile:hidden2,Tile:nugget,Tile:hidden1
Map 12 3 1
Tile:9 4 5 0
Tile:8 6 5 1
Drop 5 0 0
Tile:9_flip 7 5 1
Tile:7 7 4 0
Tile:10 7 6 1
Tile:5 4 4 0
Tile:7_flip 7 7 1
Tile:11_flip 8 7 0
Malus 0 0 1
Bonus 0 0 0
Malus 0 0 1
Drop 0 0 0
Tile:5 8 6 1
Drop 0 0 0
Map 12 5 1
Drop 5 0 0
Tile:9 6 4 1
Drop 3 0 0
Tile:5 6 3 1
Map 12 7 0
Tile:8 5 6 1
Drop 0 0 0
Tile:0 7 3 1
Drop 2 0 0
Tile:0 8 3 1
Destroy 7 4 0
Tile:6_flip 9 3 1
Drop 5 0 0
Tile:0 10 3 1
Drop 0 0 0
Tile:7_flip 9 4 1
Map 12 3 0
Tile:9_flip 6 6 1
Drop 3 0 0
Drop 1 0 1
Drop 4 0 0
Tile:9_flip 5 4 1
Drop 0 0 0
Tile:6_flip 11 3 1
Drop 4 0 0
Drop 1 0 1
Drop 1 0 0
Drop 1 0 1
Drop 3 0 0
Drop 1 0 1
Drop 0 0 0
Drop 3 0 1
Drop 2 0 0
Destroy 6 3 1
Drop 0 0 0
Destroy 7 7 1
Drop 0 0 0
Drop 0 0 1
GAMEOVER DRAW
# Game ended: Sat Apr 11 20:57:29 EDT 2020
