# Server version 0.08 running on 192.168.2.221:8123
# Game ID: 426
# Board class: Saboteur.SaboteurBoard
# Timeout: 2000
# First Move Timeout: 30000
# Date: Sat Apr 11 20:35:20 EDT 2020
# Player 1: Player-0, 'RandomPlayer', running on 127.0.0.1
# Player 2: Player-1, '260729564', running on 127.0.0.1
START Player-0 RandomPlayer
START Player-1 260729564
BoardInit:Bonus,Tile:9,Tile:2,Map,Tile:0,Bonus,Map,Bonus,Tile:8,Tile:7,Destroy,Map,Tile:15,Tile:8,Tile:9,Tile:0,Tile:6,Map,Tile:7,Tile:7,Map,Tile:0,Tile:6,Tile:9,Tile:12,Tile:13,Tile:6,Destroy,Bonus,Tile:4,Tile:11,Tile:9,Tile:6,Tile:7,Tile:14,Tile:7,Tile:1,Malus,Tile:5,Tile:6,Tile:0-Tile:10,Destroy,Tile:3,Malus,Tile:10,Tile:5,Map-Tile:5,Tile:8,Tile:8,Tile:8,Tile:9,Tile:10,Tile:5-Tile:hidden2,Tile:hidden1,Tile:nugget
Map 12 3 1
Tile:8 6 5 0
Malus 0 0 1
Drop 1 0 0
Tile:5_flip 7 5 1
Drop 2 0 0
Tile:10 7 4 1
Drop 2 0 0
Map 12 5 1
Drop 6 0 0
Tile:8 6 6 1
Drop 1 0 0
Tile:0 7 6 1
Drop 0 0 0
Tile:10 7 3 1
Map 12 3 0
Tile:9_flip 8 6 1
Drop 0 0 0
Tile:6 8 7 1
Drop 3 0 0
Tile:7 9 7 1
Drop 6 0 0
Drop 1 0 1
Map 12 3 0
Tile:6 9 8 1
Drop 5 0 0
Drop 2 0 1
Drop 0 0 0
Tile:6 10 8 1
Destroy 6 5 0
Drop 3 0 1
Drop 1 0 0
Drop 3 0 1
Drop 4 0 0
Tile:6_flip 6 5 1
Drop 0 0 0
Drop 3 0 1
Drop 3 0 0
Drop 3 0 1
Drop 0 0 0
Tile:5_flip 11 8 1
Drop 4 0 0
Tile:0 8 8 1
Malus 0 0 0
Bonus 0 0 1
Drop 3 0 0
Drop 2 0 1
Drop 0 0 0
Drop 2 0 1
Drop 2 0 0
Drop 2 0 1
Drop 0 0 0
Destroy 10 8 1
Drop 0 0 0
Destroy 8 8 1
GAMEOVER DRAW
# Game ended: Sat Apr 11 20:35:20 EDT 2020
