# Server version 0.08 running on 192.168.2.221:8123
# Game ID: 1066
# Board class: Saboteur.SaboteurBoard
# Timeout: 2000
# First Move Timeout: 30000
# Date: Sat Apr 11 21:31:01 EDT 2020
# Player 1: Player-0, 'RandomPlayer', running on 127.0.0.1
# Player 2: Player-1, '260729564', running on 127.0.0.1
START Player-0 RandomPlayer
START Player-1 260729564
BoardInit:Tile:13,Map,Tile:10,Tile:7,Tile:14,Destroy,Tile:7,Tile:0,Tile:4,Tile:9,Bonus,Bonus,Bonus,Bonus,Destroy,Tile:12,Destroy,Tile:5,Tile:10,Tile:2,Tile:6,Tile:6,Tile:3,Tile:10,Map,Tile:11,Map,Tile:8,Tile:7,Tile:6,Malus,Tile:5,Tile:8,Tile:7,Tile:1,Tile:5,Map,Map,Tile:7,Malus,Tile:0-Tile:9,Tile:9,Tile:0,Map,Tile:6,Tile:8,Tile:0-Tile:8,Tile:9,Tile:8,Tile:9,Tile:15,Tile:6,Tile:5-Tile:hidden2,Tile:nugget,Tile:hidden1
Map 12 3 1
Tile:5 5 4 0
Tile:8 6 4 1
Tile:8 6 5 0
Tile:0 7 4 1
Tile:9 6 3 0
Tile:6 8 4 1
Tile:8 9 4 0
Tile:0 10 4 1
Tile:9_flip 9 3 0
Tile:9_flip 11 4 1
Tile:9 8 3 0
Tile:9 11 5 1
GAMEOVER WINNER 1
# Game ended: Sat Apr 11 21:31:01 EDT 2020
