# Server version 0.08 running on 192.168.2.221:8123
# Game ID: 387
# Board class: Saboteur.SaboteurBoard
# Timeout: 2000
# First Move Timeout: 30000
# Date: Sat Apr 11 20:32:29 EDT 2020
# Player 1: Player-0, '260729564', running on 127.0.0.1
# Player 2: Player-1, 'RandomPlayer', running on 127.0.0.1
START Player-0 260729564
START Player-1 RandomPlayer
BoardInit:Tile:7,Tile:10,Map,Tile:0,Tile:11,Tile:5,Tile:13,Tile:8,Destroy,Tile:10,Tile:6,Map,Tile:4,Bonus,Tile:8,Tile:5,Tile:0,Tile:15,Tile:14,Tile:5,Tile:9,Tile:8,Bonus,Tile:6,Tile:7,Bonus,Map,Tile:9,Tile:9,Tile:9,Map,Tile:3,Tile:8,Tile:1,Map,Tile:7,Malus,Tile:6,Bonus,Tile:7,Tile:6-Map,Tile:7,Tile:2,Tile:0,Tile:9,Tile:0,Tile:5-Malus,Destroy,Tile:10,Tile:8,Tile:6,Destroy,Tile:12-Tile:nugget,Tile:hidden2,Tile:hidden1
Tile:0 4 5 1
Malus 0 0 0
Map 12 3 1
Tile:8 6 5 0
Drop 2 0 1
Tile:6 7 5 0
Map 12 5 1
Tile:0 8 5 0
Drop 1 0 1
Tile:8 9 5 0
Destroy 4 5 1
Tile:5_flip 10 5 0
Drop 0 0 1
Map 12 3 0
Drop 0 0 1
Tile:10 10 4 0
Drop 5 0 1
Tile:10 10 3 0
Drop 3 0 1
Tile:5 10 2 0
Drop 2 0 1
Tile:5_flip 11 2 0
Drop 0 0 1
Tile:8 11 1 0
Drop 5 0 1
Tile:6_flip 12 1 0
Drop 0 0 1
Tile:10 12 2 0
GAMEOVER WINNER 0
# Game ended: Sat Apr 11 20:32:29 EDT 2020
