# Server version 0.08 running on 192.168.2.221:8123
# Game ID: 751
# Board class: Saboteur.SaboteurBoard
# Timeout: 2000
# First Move Timeout: 30000
# Date: Sat Apr 11 21:08:55 EDT 2020
# Player 1: Player-0, '260729564', running on 127.0.0.1
# Player 2: Player-1, 'RandomPlayer', running on 127.0.0.1
START Player-0 260729564
START Player-1 RandomPlayer
BoardInit:Tile:11,Tile:6,Tile:14,Bonus,Map,Tile:6,Tile:3,Tile:0,Tile:8,Tile:9,Tile:2,Map,Tile:5,Tile:6,Tile:7,Tile:1,Tile:7,Tile:0,Destroy,Tile:9,Tile:0,Bonus,Tile:12,Bonus,Tile:4,Tile:6,Tile:13,Tile:8,Destroy,Malus,Tile:5,Tile:15,Tile:5,Malus,Tile:7,Tile:8,Tile:5,Tile:9,Tile:10,Map,Tile:0-Tile:7,Destroy,Map,Bonus,Tile:8,Tile:6,Map-Tile:10,Tile:7,Tile:9,Tile:9,Tile:10,Map,Tile:8-Tile:hidden1,Tile:hidden2,Tile:nugget
Tile:8 5 4 1
Map 12 3 0
Tile:6_flip 6 5 1
Tile:8 7 5 0
Tile:7_flip 6 6 1
Tile:6 8 5 0
Drop 6 0 1
Tile:6 9 5 0
Drop 0 0 1
Tile:0 10 5 0
Drop 5 0 1
Tile:7 11 5 0
Map 12 3 1
Map 12 5 0
Tile:14 7 6 1
Tile:6 11 6 0
Tile:2 9 4 1
Tile:9_flip 12 6 0
GAMEOVER WINNER 0
# Game ended: Sat Apr 11 21:08:56 EDT 2020
