# Server version 0.08 running on 192.168.2.221:8123
# Game ID: 355
# Board class: Saboteur.SaboteurBoard
# Timeout: 2000
# First Move Timeout: 30000
# Date: Sat Apr 11 20:20:39 EDT 2020
# Player 1: Player-0, '260729564', running on 127.0.0.1
# Player 2: Player-1, 'RandomPlayer', running on 127.0.0.1
START Player-0 260729564
START Player-1 RandomPlayer
BoardInit:Tile:9,Map,Tile:6,Map,Tile:0,Tile:7,Tile:7,Bonus,Tile:5,Tile:7,Tile:4,Tile:6,Destroy,Bonus,Malus,Tile:0,Tile:5,Tile:6,Tile:9,Tile:9,Bonus,Tile:8,Malus,Bonus,Tile:3,Destroy,Tile:6,Tile:8,Tile:13,Tile:10,Tile:10,Tile:8,Tile:10,Tile:0,Tile:12,Tile:1,Tile:9,Tile:5,Map,Tile:8,Tile:7-Tile:15,Tile:11,Tile:6,Tile:7,Destroy,Tile:14,Map-Tile:0,Tile:9,Map,Map,Tile:5,Tile:2,Tile:8-Tile:hidden1,Tile:hidden2,Tile:nugget
Tile:14 6 5 1
Map 12 3 0
Tile:6 5 6 1
Map 12 5 0
Drop 2 0 1
Tile:8 5 4 0
Tile:9 4 6 1
Tile:7 6 6 0
Tile:11_flip 6 4 1
Tile:9 6 7 0
Tile:7_flip 4 7 1
Tile:0 7 7 0
Tile:6_flip 4 5 1
Tile:6 8 7 0
Destroy 6 7 1
Tile:7_flip 6 7 0
Destroy 6 4 1
Tile:0 9 7 0
Tile:4 5 3 1
Tile:6 10 7 0
Tile:5_flip 11 7 1
Tile:9 11 6 0
Tile:0 3 5 1
Tile:8 12 6 0
GAMEOVER WINNER 0
# Game ended: Sat Apr 11 20:20:39 EDT 2020
