# Server version 0.08 running on 192.168.2.221:8123
# Game ID: 882
# Board class: Saboteur.SaboteurBoard
# Timeout: 2000
# First Move Timeout: 30000
# Date: Sat Apr 11 21:18:39 EDT 2020
# Player 1: Player-0, 'RandomPlayer', running on 127.0.0.1
# Player 2: Player-1, '260729564', running on 127.0.0.1
START Player-0 RandomPlayer
START Player-1 260729564
BoardInit:Tile:5,Tile:6,Destroy,Destroy,Map,Tile:8,Destroy,Bonus,Tile:9,Tile:0,Tile:6,Tile:5,Tile:10,Tile:7,Tile:10,Map,Tile:5,Tile:6,Tile:0,Map,Tile:7,Tile:7,Tile:8,Tile:4,Tile:2,Tile:14,Tile:10,Tile:3,Bonus,Tile:6,Map,Map,Tile:8,Tile:9,Tile:15,Tile:7,Tile:9,Tile:9,Tile:8,Tile:6,Malus-Tile:0,Tile:0,Tile:12,Tile:8,Tile:13,Tile:5,Tile:11-Bonus,Map,Malus,Bonus,Tile:7,Tile:9,Tile:1-Tile:nugget,Tile:hidden2,Tile:hidden1
Tile:8 6 5 1
Map 12 5 0
Tile:0 7 5 1
Tile:1 8 5 0
Tile:5 6 4 1
Tile:6 7 4 0
Map 12 3 1
Tile:8 7 3 0
Tile:0 8 4 1
Tile:9 5 6 0
Tile:9_flip 9 4 1
Drop 1 0 0
Tile:6_flip 9 3 1
Drop 4 0 0
Tile:5_flip 10 3 1
Destroy 9 3 0
Tile:10 7 2 1
Tile:7 5 4 0
Tile:5 9 3 1
Tile:0 4 4 0
Tile:0 6 3 1
Drop 4 0 0
Tile:10 10 2 1
Tile:6 6 6 0
Tile:8 10 1 1
Drop 2 0 0
Tile:7 11 1 1
Tile:7 7 6 0
Tile:10 11 2 1
Tile:7_flip 11 3 0
GAMEOVER WINNER 0
# Game ended: Sat Apr 11 21:18:40 EDT 2020
