# Server version 0.08 running on 192.168.2.221:8123
# Game ID: 318
# Board class: Saboteur.SaboteurBoard
# Timeout: 2000
# First Move Timeout: 30000
# Date: Sat Apr 11 20:18:28 EDT 2020
# Player 1: Player-0, 'RandomPlayer', running on 127.0.0.1
# Player 2: Player-1, '260729564', running on 127.0.0.1
START Player-0 RandomPlayer
START Player-1 260729564
BoardInit:Tile:5,Tile:7,Tile:7,Tile:10,Tile:1,Tile:15,Tile:0,Tile:10,Tile:7,Tile:6,Tile:5,Tile:6,Tile:8,Bonus,Bonus,Map,Tile:14,Tile:7,Tile:0,Map,Destroy,Tile:6,Bonus,Map,Malus,Malus,Tile:4,Tile:8,Tile:2,Tile:11,Bonus,Tile:7,Tile:9,Tile:3,Destroy,Tile:9,Map,Tile:6,Tile:8,Tile:6,Tile:12-Tile:9,Tile:0,Tile:8,Tile:5,Tile:5,Map,Tile:13-Map,Tile:0,Destroy,Tile:8,Tile:9,Tile:9,Tile:10-Tile:nugget,Tile:hidden2,Tile:hidden1
Map 12 3 1
Tile:9 5 6 0
Tile:8 5 4 1
Drop 1 0 0
Tile:0 6 4 1
Tile:10 5 3 0
Tile:5_flip 7 4 1
Tile:9 5 7 0
Tile:0 6 5 1
Tile:15 5 2 0
Tile:9 7 3 1
Tile:6_flip 7 5 0
Tile:5_flip 8 3 1
Drop 6 0 0
Tile:8 8 2 1
Destroy 6 4 0
Tile:5_flip 8 5 1
Tile:7 8 1 0
Tile:5 8 4 1
Drop 1 0 0
Tile:0 9 4 1
Tile:7_flip 7 6 0
Tile:7 10 4 1
Tile:6_flip 6 7 0
Tile:7_flip 10 5 1
Map 12 7 0
Malus 0 0 1
Drop 5 0 0
Drop 0 0 1
Malus 0 0 0
Bonus 0 0 1
Bonus 0 0 0
Drop 0 0 1
Tile:8 7 2 0
Drop 0 0 1
Tile:11_flip 11 5 0
Tile:9 11 4 1
Tile:7_flip 6 8 0
Destroy 11 5 1
Tile:6_flip 11 3 0
Tile:8 11 5 1
GAMEOVER WINNER 1
# Game ended: Sat Apr 11 20:18:29 EDT 2020
