# Server version 0.08 running on 192.168.2.221:8123
# Game ID: 133
# Board class: Saboteur.SaboteurBoard
# Timeout: 2000
# First Move Timeout: 30000
# Date: Sat Apr 11 16:21:05 EDT 2020
# Player 1: Player-0, '260729564', running on 127.0.0.1
# Player 2: Player-1, 'RandomPlayer', running on 127.0.0.1
START Player-0 260729564
START Player-1 RandomPlayer
BoardInit:Destroy,Tile:5,Bonus,Tile:14,Bonus,Tile:15,Tile:0,Map,Tile:9,Destroy,Tile:8,Tile:8,Tile:4,Tile:5,Map,Tile:6,Bonus,Tile:10,Bonus,Map,Tile:9,Tile:1,Tile:6,Tile:8,Tile:7,Tile:13,Map,Tile:12,Tile:8,Tile:0,Tile:6,Tile:6,Destroy,Tile:2,Tile:10,Tile:3,Tile:9,Map,Tile:11,Tile:10,Tile:9-Tile:7,Map,Malus,Tile:7,Tile:7,Tile:9,Tile:0-Tile:5,Tile:7,Tile:0,Malus,Tile:6,Tile:8,Tile:5-Tile:hidden2,Tile:hidden1,Tile:nugget
Tile:9_flip 5 6 1
Malus 0 0 0
Drop 1 0 1
Tile:8 6 5 0
Destroy 6 5 1
Tile:0 6 5 0
Bonus 0 0 1
Tile:6 7 5 0
Drop 0 0 1
Map 12 3 0
Tile:7_flip 4 5 1
Tile:5_flip 8 5 0
Tile:7 4 4 1
Tile:8 8 4 0
Tile:0 9 4 1
Tile:7 10 4 0
Tile:9 7 4 1
Tile:6 10 5 0
Tile:4 5 4 1
Tile:5_flip 11 5 0
Tile:8 7 3 1
Map 12 5 0
Map 12 7 1
Tile:10 5 7 0
Drop 0 0 1
Tile:8 5 8 0
Tile:9 3 4 1
Tile:5 11 4 0
Tile:0 12 4 1
Tile:5_flip 13 4 0
Tile:7 3 3 1
Tile:0 6 8 0
Tile:8 13 3 1
Tile:6_flip 7 8 0
Tile:6_flip 12 2 1
Destroy 11 5 0
Destroy 10 4 1
Drop 0 0 0
Tile:9 2 3 1
Drop 0 0 0
Tile:11 11 2 1
Tile:10 7 9 0
Drop 0 0 1
Drop 0 0 0
Drop 5 0 1
Drop 0 0 0
Tile:6 6 3 1
Drop 0 0 0
Map 12 5 1
Drop 0 0 0
Tile:10 2 2 1
Drop 0 0 0
Drop 1 0 1
Drop 0 0 0
Drop 0 0 1
GAMEOVER DRAW
# Game ended: Sat Apr 11 16:21:06 EDT 2020
