# Server version 0.08 running on 192.168.2.221:8123
# Game ID: 304
# Board class: Saboteur.SaboteurBoard
# Timeout: 2000
# First Move Timeout: 30000
# Date: Sat Apr 11 20:17:48 EDT 2020
# Player 1: Player-0, 'RandomPlayer', running on 127.0.0.1
# Player 2: Player-1, '260729564', running on 127.0.0.1
START Player-0 RandomPlayer
START Player-1 260729564
BoardInit:Tile:8,Destroy,Tile:6,Tile:10,Tile:6,Tile:6,Map,Map,Tile:0,Tile:0,Tile:7,Map,Bonus,Tile:5,Tile:3,Tile:15,Tile:7,Tile:10,Tile:9,Tile:6,Tile:9,Map,Map,Destroy,Tile:14,Tile:5,Tile:11,Tile:5,Tile:9,Tile:13,Destroy,Bonus,Malus,Tile:1,Tile:7,Tile:8,Tile:2,Tile:8,Tile:10,Tile:4,Bonus-Tile:5,Tile:7,Tile:9,Tile:8,Bonus,Tile:0,Tile:7-Tile:0,Map,Tile:6,Malus,Tile:12,Tile:8,Tile:9-Tile:nugget,Tile:hidden2,Tile:hidden1
Tile:8 6 5 1
Tile:9_flip 5 6 0
Tile:8 7 5 1
Tile:8 5 4 0
Tile:0 8 5 1
Tile:10 7 4 0
Tile:6 9 5 1
Tile:6 4 5 0
Map 12 3 1
Destroy 9 5 0
Tile:6 9 5 1
Tile:12_flip 4 6 0
Tile:0 10 5 1
Map 12 7 0
Tile:7 11 5 1
Tile:6_flip 3 5 0
Tile:9_flip 9 4 1
Tile:15 5 7 0
Tile:7_flip 8 4 1
Map 12 5 0
Tile:9_flip 6 4 1
Tile:0 2 5 0
Tile:9 9 3 1
Tile:5 9 2 0
Tile:7 10 2 1
Tile:6_flip 4 4 0
Tile:7_flip 11 6 1
Tile:5 1 5 0
Tile:5_flip 12 6 1
Destroy 11 5 0
Tile:9_flip 10 3 1
Tile:5_flip 3 6 0
Destroy 12 6 1
Tile:13 12 6 0
Malus 0 0 1
Drop 4 0 0
Tile:7_flip 10 4 1
Bonus 0 0 0
Drop 1 0 1
Map 12 3 0
Tile:10 8 3 1
Tile:10 5 8 0
Drop 1 0 1
Tile:8 12 4 0
Drop 1 0 1
Tile:1 2 6 0
Drop 1 0 1
Tile:4 5 3 0
Drop 1 0 1
Tile:8 11 5 0
GAMEOVER WINNER 0
# Game ended: Sat Apr 11 20:17:49 EDT 2020
