# Server version 0.08 running on 192.168.2.221:8123
# Game ID: 996
# Board class: Saboteur.SaboteurBoard
# Timeout: 2000
# First Move Timeout: 30000
# Date: Sat Apr 11 21:23:55 EDT 2020
# Player 1: Player-0, 'RandomPlayer', running on 127.0.0.1
# Player 2: Player-1, '260729564', running on 127.0.0.1
START Player-0 RandomPlayer
START Player-1 260729564
BoardInit:Map,Tile:11,Tile:8,Tile:13,Tile:7,Map,Bonus,Tile:0,Tile:6,Map,Tile:5,Tile:2,Tile:10,Bonus,Bonus,Tile:7,Tile:5,Tile:10,Tile:5,Tile:8,Destroy,Tile:7,Tile:6,Tile:6,Tile:10,Tile:15,Tile:8,Tile:0,Tile:9,Tile:7,Tile:0,Tile:8,Bonus,Tile:9,Tile:3,Tile:0,Map,Map,Destroy,Tile:6,Malus-Destroy,Tile:12,Tile:1,Tile:7,Tile:6,Tile:9,Tile:9-Map,Malus,Tile:14,Tile:8,Tile:9,Tile:5,Tile:4-Tile:hidden1,Tile:hidden2,Tile:nugget
Tile:9_flip 6 5 1
Tile:4 5 4 0
Map 12 3 1
Tile:9_flip 6 6 0
Tile:8 5 6 1
Tile:11 6 4 0
Tile:9 6 7 1
Tile:5 4 6 0
Tile:6 7 7 1
Drop 2 0 0
Tile:6 8 7 1
Drop 1 0 0
Tile:5 8 6 1
Tile:0 9 6 0
Tile:7 10 6 1
Tile:8 6 3 0
Tile:10 10 7 1
Tile:13 7 3 0
Tile:7 9 7 1
Drop 1 0 0
Drop 1 0 1
Tile:8 4 7 0
Drop 1 0 1
Drop 5 0 0
Tile:6 10 8 1
Tile:2_flip 7 4 0
Tile:10 7 6 1
Tile:7 7 2 0
Tile:8 11 8 1
Tile:6_flip 12 8 0
GAMEOVER TIMEOUT WINNER 0
# Game ended: Sat Apr 11 21:23:59 EDT 2020
