# Server version 0.08 running on 192.168.2.221:8123
# Game ID: 595
# Board class: Saboteur.SaboteurBoard
# Timeout: 2000
# First Move Timeout: 30000
# Date: Sat Apr 11 20:57:30 EDT 2020
# Player 1: Player-0, '260729564', running on 127.0.0.1
# Player 2: Player-1, 'RandomPlayer', running on 127.0.0.1
START Player-0 260729564
START Player-1 RandomPlayer
BoardInit:Tile:6,Tile:13,Tile:5,Tile:2,Destroy,Bonus,Map,Tile:9,Tile:12,Tile:4,Tile:9,Tile:5,Tile:7,Tile:10,Tile:0,Tile:0,Tile:5,Map,Bonus,Tile:6,Bonus,Tile:7,Tile:11,Tile:3,Map,Bonus,Map,Tile:8,Tile:0,Tile:8,Destroy,Malus,Destroy,Map,Tile:9,Tile:7,Tile:15,Tile:5,Tile:10,Tile:6,Tile:8-Tile:7,Tile:1,Map,Tile:9,Tile:6,Tile:9,Malus-Tile:6,Tile:8,Tile:8,Tile:10,Tile:14,Tile:0,Tile:7-Tile:hidden1,Tile:nugget,Tile:hidden2
Tile:9 5 6 1
Tile:8 6 6 0
Tile:6_flip 4 5 1
Tile:8 7 6 0
Tile:6_flip 5 4 1
Tile:0 8 6 0
Map 12 3 1
Tile:7 9 6 0
Tile:9_flip 4 6 1
Tile:10 9 7 0
Drop 3 0 1
Tile:9 9 8 0
Tile:12_flip 3 5 1
Tile:6 10 8 0
Destroy 4 5 1
Tile:10 10 7 0
Tile:7 6 4 1
Tile:0 11 8 0
Tile:7 12 8 1
Map 12 3 0
Tile:9_flip 7 5 1
Tile:5 10 6 0
Drop 5 0 1
Tile:7 11 6 0
Tile:0 3 6 1
Tile:6 7 7 0
Tile:5_flip 4 7 1
Drop 0 0 0
Tile:11 4 4 1
Tile:8 12 9 0
Drop 0 0 1
Tile:8 13 9 0
Destroy 7 7 1
Malus 0 0 0
Drop 0 0 1
Map 12 5 0
Map 12 5 1
Tile:7_flip 11 7 0
Destroy 12 9 1
Tile:5 7 4 0
Map 12 3 1
GAMEOVER TIMEOUT WINNER 1
# Game ended: Sat Apr 11 20:57:40 EDT 2020
