# Server version 0.08 running on 192.168.2.221:8123
# Game ID: 1239
# Board class: Saboteur.SaboteurBoard
# Timeout: 2000
# First Move Timeout: 30000
# Date: Sat Apr 11 21:41:02 EDT 2020
# Player 1: Player-0, '260729564', running on 127.0.0.1
# Player 2: Player-1, 'RandomPlayer', running on 127.0.0.1
START Player-0 260729564
START Player-1 RandomPlayer
BoardInit:Destroy,Map,Tile:10,Tile:7,Tile:6,Tile:5,Tile:6,Tile:6,Tile:10,Tile:5,Tile:6,Map,Tile:8,Tile:10,Tile:1,Tile:0,Tile:6,Malus,Tile:7,Tile:5,Tile:8,Tile:0,Tile:8,Bonus,Destroy,Map,Map,Tile:15,Tile:9,Bonus,Tile:9,Tile:7,Tile:0,Tile:14,Tile:11,Tile:5,Tile:12,Tile:7,Tile:8,Tile:8,Destroy-Tile:4,Map,Tile:0,Bonus,Tile:2,Bonus,Tile:9-Tile:9,Tile:9,Tile:3,Tile:13,Malus,Map,Tile:7-Tile:hidden2,Tile:hidden1,Tile:nugget
Map 12 3 1
Map 12 3 0
Tile:2 5 4 1
Map 12 5 0
Drop 2 0 1
Malus 0 0 0
Drop 5 0 1
Tile:7_flip 5 6 0
Destroy 5 4 1
Tile:6 6 6 0
Bonus 0 0 1
Tile:7 7 6 0
Tile:9_flip 7 7 1
Tile:9 7 8 0
Tile:6_flip 6 7 1
Tile:9_flip 8 8 0
Tile:6 4 5 1
Tile:0 5 7 0
Tile:1 3 5 1
Malus 0 0 0
Drop 2 0 1
Tile:10 8 7 0
Drop 0 0 1
Tile:5 8 6 0
Drop 2 0 1
Tile:0 9 6 0
Drop 3 0 1
Tile:5_flip 10 6 0
Destroy 7 7 1
Tile:5 5 4 0
Map 12 3 1
Drop 0 0 0
Drop 6 0 1
Tile:7 6 4 0
Drop 3 0 1
Drop 0 0 0
Drop 3 0 1
Drop 0 0 0
Drop 6 0 1
Drop 1 0 0
Drop 2 0 1
Tile:8 6 5 0
Destroy 5 4 1
Tile:5_flip 7 5 0
Drop 4 0 1
Drop 1 0 0
Drop 2 0 1
Drop 1 0 0
Drop 0 0 1
Drop 1 0 0
Drop 0 0 1
Tile:7_flip 7 9 0
Drop 1 0 1
Drop 0 0 0
Drop 0 0 1
GAMEOVER DRAW
# Game ended: Sat Apr 11 21:41:03 EDT 2020
