# Server version 0.08 running on 192.168.2.221:8123
# Game ID: 661
# Board class: Saboteur.SaboteurBoard
# Timeout: 2000
# First Move Timeout: 30000
# Date: Sat Apr 11 21:03:30 EDT 2020
# Player 1: Player-0, '260729564', running on 127.0.0.1
# Player 2: Player-1, 'RandomPlayer', running on 127.0.0.1
START Player-0 260729564
START Player-1 RandomPlayer
BoardInit:Map,Tile:13,Tile:8,Tile:7,Tile:1,Tile:9,Tile:10,Tile:10,Tile:9,Destroy,Tile:4,Tile:6,Destroy,Tile:15,Tile:5,Tile:9,Tile:12,Bonus,Tile:14,Tile:10,Tile:7,Tile:7,Map,Map,Tile:9,Tile:6,Map,Tile:0,Tile:8,Map,Tile:8,Tile:5,Malus,Tile:7,Bonus,Tile:9,Bonus,Destroy,Tile:6,Tile:6,Tile:5-Tile:0,Tile:0,Tile:2,Tile:3,Tile:8,Malus,Tile:11-Map,Tile:5,Bonus,Tile:8,Tile:6,Tile:7,Tile:0-Tile:hidden2,Tile:nugget,Tile:hidden1
Tile:11 5 4 1
Map 12 3 0
Tile:3 6 4 1
Tile:8 6 5 0
Tile:8 5 6 1
Tile:6 7 5 0
Tile:1 8 5 1
Tile:9 7 4 0
Tile:2 4 5 1
Tile:10 7 3 0
Tile:8 5 3 1
Tile:0 8 4 0
Map 12 7 1
Tile:6 9 4 0
Destroy 4 5 1
Tile:5_flip 10 4 0
Tile:5 7 2 1
Tile:9 10 3 0
Tile:12 11 3 1
Tile:7 9 5 0
Tile:0 4 3 1
Tile:10 9 3 0
Tile:14 9 6 1
Tile:7 8 2 0
Drop 2 0 1
Map 12 5 0
Tile:9 4 6 1
Tile:6_flip 10 2 0
Drop 6 0 1
Tile:0 11 2 0
Tile:8 4 7 1
Tile:7 12 2 0
Drop 6 0 1
Tile:5_flip 12 4 0
Malus 0 0 1
Bonus 0 0 0
Map 12 7 1
Tile:9_flip 13 3 0
Tile:9 13 2 1
GAMEOVER TIMEOUT WINNER 1
# Game ended: Sat Apr 11 21:03:35 EDT 2020
