# Server version 0.08 running on 192.168.2.221:8123
# Game ID: 496
# Board class: Saboteur.SaboteurBoard
# Timeout: 2000
# First Move Timeout: 30000
# Date: Sat Apr 11 20:40:50 EDT 2020
# Player 1: Player-0, 'RandomPlayer', running on 127.0.0.1
# Player 2: Player-1, '260729564', running on 127.0.0.1
START Player-0 RandomPlayer
START Player-1 260729564
BoardInit:Tile:13,Tile:6,Tile:9,Tile:8,Bonus,Destroy,Malus,Tile:5,Map,Tile:9,Tile:14,Map,Destroy,Tile:10,Tile:7,Tile:8,Bonus,Tile:5,Tile:5,Map,Tile:0,Tile:12,Tile:11,Tile:9,Tile:1,Tile:9,Tile:0,Bonus,Tile:7,Tile:3,Tile:10,Tile:8,Tile:9,Tile:7,Tile:4,Tile:2,Tile:0,Tile:5,Tile:15,Tile:8,Malus-Map,Bonus,Tile:8,Tile:6,Tile:6,Tile:10,Map-Tile:7,Tile:6,Map,Tile:6,Tile:7,Destroy,Tile:0-Tile:hidden2,Tile:hidden1,Tile:nugget
Map 12 3 1
Tile:7 5 4 0
Map 12 5 1
Destroy 5 4 0
Tile:8 5 6 1
Map 12 5 0
Tile:9_flip 6 6 1
Tile:6_flip 4 5 0
Malus 0 0 1
Destroy 5 6 0
Tile:6_flip 6 5 1
Drop 4 0 0
Tile:6 7 5 1
Drop 4 0 0
Tile:10 7 4 1
Map 12 7 0
Tile:7 8 5 1
Drop 5 0 0
Drop 1 0 1
Drop 3 0 0
Tile:5 7 3 1
Map 12 7 0
Tile:0 8 3 1
Drop 0 0 0
Drop 1 0 1
Drop 2 0 0
Drop 1 0 1
Drop 0 0 0
Tile:0 9 3 1
Drop 6 0 0
Tile:7 10 3 1
Drop 0 0 0
Tile:10 10 4 1
Drop 6 0 0
Tile:9 10 5 1
Drop 3 0 0
Drop 1 0 1
Drop 3 0 0
Tile:0 11 5 1
Drop 6 0 0
Drop 2 0 1
Drop 2 0 0
Malus 0 0 1
Drop 1 0 0
Drop 2 0 1
Drop 3 0 0
Drop 2 0 1
Drop 0 0 0
Drop 2 0 1
Drop 2 0 0
Drop 2 0 1
Drop 0 0 0
Destroy 10 4 1
Drop 0 0 0
Drop 0 0 1
GAMEOVER DRAW
# Game ended: Sat Apr 11 20:40:50 EDT 2020
