# Server version 0.08 running on 192.168.2.221:8123
# Game ID: 222
# Board class: Saboteur.SaboteurBoard
# Timeout: 2000
# First Move Timeout: 30000
# Date: Sat Apr 11 20:10:03 EDT 2020
# Player 1: Player-0, 'RandomPlayer', running on 127.0.0.1
# Player 2: Player-1, '260729564', running on 127.0.0.1
START Player-0 RandomPlayer
START Player-1 260729564
BoardInit:Tile:8,Tile:4,Tile:9,Map,Tile:9,Tile:8,Malus,Malus,Tile:7,Map,Tile:9,Tile:7,Tile:10,Bonus,Tile:5,Tile:6,Bonus,Destroy,Tile:6,Tile:1,Bonus,Tile:6,Tile:2,Tile:7,Tile:15,Tile:6,Tile:0,Tile:6,Tile:5,Map,Map,Tile:13,Tile:0,Destroy,Map,Destroy,Tile:9,Tile:5,Bonus,Tile:10,Tile:9-Tile:8,Tile:7,Tile:8,Tile:5,Tile:3,Tile:0,Tile:12-Tile:10,Tile:11,Tile:8,Tile:14,Tile:7,Tile:0,Map-Tile:hidden1,Tile:nugget,Tile:hidden2
Tile:8 6 5 1
Tile:11 6 6 0
Tile:8 7 5 1
Tile:14 7 6 0
Tile:8 8 5 1
Tile:0 4 5 0
Tile:9_flip 9 5 1
Tile:10 5 6 0
Malus 0 0 1
Map 12 5 0
Tile:9 9 4 1
Map 12 3 0
Tile:9_flip 10 4 1
Drop 6 0 0
Tile:10 10 5 1
Bonus 0 0 0
Tile:7_flip 10 6 1
Tile:4 9 3 0
Tile:0 11 6 1
Tile:6_flip 12 6 0
Tile:6 13 6 1
Tile:8 6 7 0
Tile:5 13 5 1
Tile:7_flip 5 7 0
Tile:5 11 7 1
Tile:6_flip 6 4 0
Tile:7_flip 12 8 1
Tile:7 13 8 0
Tile:0 13 7 1
Drop 0 0 0
GAMEOVER TIMEOUT WINNER 0
# Game ended: Sat Apr 11 20:10:09 EDT 2020
