# Server version 0.08 running on 192.168.2.221:8123
# Game ID: 841
# Board class: Saboteur.SaboteurBoard
# Timeout: 2000
# First Move Timeout: 30000
# Date: Sat Apr 11 21:14:32 EDT 2020
# Player 1: Player-0, '260729564', running on 127.0.0.1
# Player 2: Player-1, 'RandomPlayer', running on 127.0.0.1
START Player-0 260729564
START Player-1 RandomPlayer
BoardInit:Map,Tile:4,Map,Tile:0,Bonus,Tile:10,Bonus,Tile:7,Destroy,Map,Tile:12,Tile:8,Tile:6,Tile:7,Map,Tile:5,Tile:8,Tile:10,Tile:9,Malus,Map,Tile:11,Tile:9,Tile:7,Tile:0,Tile:8,Tile:9,Tile:9,Tile:6,Tile:7,Map,Bonus,Destroy,Tile:13,Tile:6,Tile:15,Bonus,Tile:6,Tile:5,Malus,Tile:7-Tile:0,Tile:2,Tile:5,Tile:1,Tile:0,Tile:3,Tile:6-Tile:10,Tile:9,Tile:8,Tile:5,Destroy,Tile:14,Tile:8-Tile:hidden2,Tile:nugget,Tile:hidden1
Tile:3_flip 4 5 1
Tile:8 6 5 0
Tile:5 5 4 1
Tile:8 7 5 0
Map 12 7 1
Tile:0 8 5 0
Tile:6_flip 6 4 1
Tile:9_flip 9 5 0
Drop 1 0 1
Tile:5 9 4 0
Drop 4 0 1
Map 12 3 0
Drop 6 0 1
Tile:8 10 4 0
Map 12 7 1
Tile:7 11 4 0
Destroy 9 5 1
Tile:10 7 6 0
Tile:8 7 7 1
Tile:7 8 7 0
Tile:9 10 3 1
Malus 0 0 0
Bonus 0 0 1
Tile:10 8 8 0
Tile:0 11 3 1
Tile:10 8 9 0
Tile:9 8 10 1
Tile:8 9 5 0
Tile:1 6 7 1
Tile:9 12 4 0
GAMEOVER WINNER 0
# Game ended: Sat Apr 11 21:14:33 EDT 2020
