# Server version 0.08 running on 192.168.2.221:8123
# Game ID: 887
# Board class: Saboteur.SaboteurBoard
# Timeout: 2000
# First Move Timeout: 30000
# Date: Sat Apr 11 21:18:53 EDT 2020
# Player 1: Player-0, '260729564', running on 127.0.0.1
# Player 2: Player-1, 'RandomPlayer', running on 127.0.0.1
START Player-0 260729564
START Player-1 RandomPlayer
BoardInit:Tile:7,Map,Tile:3,Tile:8,Tile:5,Tile:6,Tile:6,Tile:0,Tile:10,Tile:6,Bonus,Tile:0,Tile:9,Bonus,Map,Tile:0,Tile:9,Bonus,Tile:12,Tile:7,Tile:7,Map,Tile:9,Tile:0,Malus,Tile:13,Tile:14,Bonus,Tile:7,Tile:8,Tile:4,Tile:15,Map,Destroy,Tile:9,Tile:6,Tile:9,Map,Tile:8,Tile:8,Tile:5-Tile:11,Map,Tile:2,Tile:10,Tile:5,Tile:8,Malus-Tile:6,Tile:1,Tile:5,Tile:7,Destroy,Destroy,Tile:10-Tile:hidden1,Tile:hidden2,Tile:nugget
Tile:5_flip 5 6 1
Tile:6 6 5 0
Tile:10 5 4 1
Map 12 3 0
Tile:3_flip 4 6 1
Tile:8 7 5 0
Tile:5 5 3 1
Tile:6 8 5 0
Tile:6_flip 4 5 1
Tile:0 9 5 0
Tile:8 6 3 1
Tile:6 10 5 0
Tile:11_flip 11 5 1
Tile:10 10 4 0
Tile:10 6 2 1
Tile:5 11 4 0
Tile:9 6 1 1
Tile:0 7 3 0
Tile:9 10 3 1
Tile:0 11 3 0
Tile:7 8 4 1
Tile:7 13 3 0
Tile:7 7 1 1
Map 12 5 0
Tile:2_flip 13 4 1
Tile:7_flip 7 6 0
Tile:9 11 6 1
Tile:0 8 6 0
Tile:12_flip 3 5 1
Destroy 11 5 0
Tile:14_flip 7 4 1
Tile:8 11 5 0
Tile:4_flip 7 2 1
Drop 0 0 0
Malus 0 0 1
Bonus 0 0 0
Tile:9 10 2 1
Tile:6_flip 13 5 0
Tile:7_flip 11 7 1
GAMEOVER WINNER 1
# Game ended: Sat Apr 11 21:18:54 EDT 2020
