# Server version 0.08 running on 192.168.2.221:8123
# Game ID: 748
# Board class: Saboteur.SaboteurBoard
# Timeout: 2000
# First Move Timeout: 30000
# Date: Sat Apr 11 21:08:49 EDT 2020
# Player 1: Player-0, 'RandomPlayer', running on 127.0.0.1
# Player 2: Player-1, '260729564', running on 127.0.0.1
START Player-0 RandomPlayer
START Player-1 260729564
BoardInit:Map,Tile:4,Tile:8,Bonus,Tile:6,Tile:5,Tile:12,Tile:5,Tile:7,Tile:9,Tile:7,Tile:9,Tile:7,Tile:15,Tile:0,Tile:10,Map,Destroy,Tile:8,Tile:5,Tile:10,Tile:7,Tile:6,Tile:1,Bonus,Tile:5,Tile:2,Tile:8,Destroy,Tile:3,Tile:9,Tile:14,Tile:9,Tile:0,Tile:8,Map,Map,Bonus,Tile:8,Destroy,Malus-Tile:9,Tile:6,Malus,Tile:13,Tile:0,Map,Tile:6-Tile:6,Tile:11,Map,Tile:0,Bonus,Tile:7,Tile:10-Tile:hidden1,Tile:hidden2,Tile:nugget
Map 12 3 1
Tile:11_flip 5 6 0
Map 12 5 1
Tile:6 6 5 0
Malus 0 0 1
Drop 6 0 0
Tile:8 7 5 1
Drop 2 0 0
Tile:6_flip 8 5 1
Map 12 5 0
Tile:6 8 6 1
Drop 4 0 0
Tile:6_flip 9 6 1
Drop 0 0 0
Tile:0 10 6 1
Drop 0 0 0
Tile:0 11 6 1
Drop 5 0 0
Tile:9_flip 12 6 1
GAMEOVER WINNER 1
# Game ended: Sat Apr 11 21:08:49 EDT 2020
