# Server version 0.08 running on 192.168.2.221:8123
# Game ID: 1284
# Board class: Saboteur.SaboteurBoard
# Timeout: 2000
# First Move Timeout: 30000
# Date: Sat Apr 11 21:43:18 EDT 2020
# Player 1: Player-0, 'RandomPlayer', running on 127.0.0.1
# Player 2: Player-1, '260729564', running on 127.0.0.1
START Player-0 RandomPlayer
START Player-1 260729564
BoardInit:Malus,Tile:6,Tile:3,Tile:5,Tile:7,Tile:15,Tile:8,Tile:10,Tile:9,Map,Tile:1,Tile:10,Map,Tile:9,Map,Tile:8,Tile:8,Tile:7,Bonus,Malus,Bonus,Tile:2,Map,Tile:8,Map,Tile:6,Tile:11,Tile:9,Bonus,Tile:7,Tile:9,Bonus,Tile:5,Tile:0,Tile:9,Tile:0,Tile:5,Tile:5,Tile:14,Tile:6,Tile:0-Destroy,Tile:13,Tile:7,Tile:7,Map,Tile:8,Destroy-Tile:6,Tile:6,Tile:10,Tile:0,Tile:4,Tile:12,Destroy-Tile:nugget,Tile:hidden1,Tile:hidden2
Map 12 3 1
Tile:6 6 5 0
Malus 0 0 1
Drop 1 0 0
Tile:8 6 4 1
Drop 0 0 0
Tile:7 7 4 1
Destroy 6 5 0
Tile:8 5 4 1
Drop 1 0 0
Tile:9 7 5 1
Drop 1 0 0
Tile:7 8 5 1
Drop 4 0 0
Tile:7_flip 8 6 1
Map 12 7 0
Drop 1 0 1
Drop 5 0 0
Tile:8 9 6 1
Drop 3 0 0
Drop 2 0 1
Drop 2 0 0
Drop 2 0 1
Drop 3 0 0
Drop 2 0 1
Drop 5 0 0
Drop 2 0 1
Drop 0 0 0
Drop 3 0 1
Drop 6 0 0
Drop 3 0 1
Drop 1 0 0
Tile:9_flip 10 6 1
Drop 6 0 0
Tile:5 10 5 1
Drop 0 0 0
Tile:9 10 7 1
Drop 4 0 0
Tile:5_flip 11 5 1
Drop 0 0 0
Destroy 11 5 1
Drop 4 0 0
Tile:0 11 5 1
Malus 0 0 0
Bonus 0 0 1
Drop 3 0 0
Drop 1 0 1
Drop 0 0 0
Drop 1 0 1
Drop 2 0 0
Drop 2 0 1
Drop 0 0 0
Destroy 7 4 1
Drop 0 0 0
Drop 0 0 1
GAMEOVER DRAW
# Game ended: Sat Apr 11 21:43:19 EDT 2020
