# Server version 0.08 running on 192.168.2.221:8123
# Game ID: 1163
# Board class: Saboteur.SaboteurBoard
# Timeout: 2000
# First Move Timeout: 30000
# Date: Sat Apr 11 21:36:39 EDT 2020
# Player 1: Player-0, '260729564', running on 127.0.0.1
# Player 2: Player-1, 'RandomPlayer', running on 127.0.0.1
START Player-0 260729564
START Player-1 RandomPlayer
BoardInit:Tile:5,Tile:0,Tile:2,Bonus,Tile:3,Tile:13,Tile:11,Destroy,Map,Destroy,Malus,Tile:9,Tile:14,Tile:0,Tile:10,Tile:7,Tile:0,Destroy,Tile:15,Tile:6,Tile:5,Tile:9,Bonus,Tile:8,Tile:8,Bonus,Map,Malus,Tile:4,Tile:7,Tile:0,Tile:9,Tile:8,Tile:1,Map,Tile:8,Bonus,Tile:7,Tile:6,Map,Tile:5-Tile:7,Tile:6,Tile:6,Tile:9,Tile:12,Tile:7,Map-Tile:10,Tile:5,Tile:10,Tile:9,Map,Tile:6,Tile:8-Tile:hidden1,Tile:hidden2,Tile:nugget
Tile:7_flip 5 6 1
Map 12 3 0
Tile:6_flip 5 4 1
Tile:8 6 4 0
Tile:9 4 4 1
Tile:6 7 4 0
Tile:6_flip 4 3 1
Tile:0 8 4 0
Tile:2_flip 5 3 1
Tile:5_flip 9 4 0
Tile:3 6 3 1
Tile:10 9 3 0
Drop 0 0 1
Tile:10 9 2 0
Tile:5_flip 6 5 1
Tile:0 6 6 0
Tile:10 9 1 1
Tile:9_flip 7 6 0
Drop 1 0 1
Tile:7_flip 7 7 0
Tile:0 8 7 1
Tile:6_flip 9 7 0
Tile:11 7 3 1
Tile:9_flip 10 7 0
Tile:5_flip 8 3 1
Tile:8 10 6 0
Map 12 7 1
Tile:9_flip 11 6 0
Tile:15 10 5 1
Malus 0 0 0
Malus 0 0 1
Bonus 0 0 0
Map 12 7 1
Tile:9 10 4 0
Drop 0 0 1
Tile:7_flip 11 7 0
GAMEOVER WINNER 0
# Game ended: Sat Apr 11 21:36:40 EDT 2020
