# Server version 0.08 running on 192.168.2.221:8123
# Game ID: 58
# Board class: Saboteur.SaboteurBoard
# Timeout: 2000
# First Move Timeout: 30000
# Date: Sat Apr 11 16:13:12 EDT 2020
# Player 1: Player-0, 'RandomPlayer', running on 127.0.0.1
# Player 2: Player-1, '260729564', running on 127.0.0.1
START Player-0 RandomPlayer
START Player-1 260729564
BoardInit:Tile:9,Tile:5,Tile:5,Tile:5,Tile:8,Tile:9,Tile:6,Tile:7,Tile:7,Tile:6,Tile:6,Tile:0,Tile:8,Tile:8,Tile:9,Tile:8,Tile:10,Destroy,Bonus,Bonus,Tile:7,Tile:0,Map,Malus,Tile:6,Tile:0,Tile:10,Tile:6,Tile:3,Tile:5,Tile:1,Tile:9,Map,Bonus,Tile:8,Tile:4,Tile:7,Tile:10,Tile:0,Map,Bonus-Map,Tile:13,Map,Tile:12,Tile:14,Tile:15,Tile:7-Malus,Destroy,Map,Tile:9,Destroy,Tile:2,Tile:11-Tile:hidden1,Tile:nugget,Tile:hidden2
Map 12 3 1
Map 12 3 0
Map 12 5 1
Malus 0 0 0
Drop 0 0 1
Tile:9 4 5 0
Drop 0 0 1
Tile:5_flip 5 6 0
Drop 0 0 1
Tile:9 4 4 0
Drop 0 0 1
Tile:11_flip 5 4 0
Drop 0 0 1
Destroy 4 5 0
Drop 0 0 1
Tile:6 4 6 0
Drop 0 0 1
Tile:7_flip 3 6 0
Drop 0 0 1
Drop 1 0 0
Bonus 0 0 1
Tile:5 4 3 0
Tile:8 6 5 1
Tile:8 4 5 0
Tile:9_flip 7 5 1
Drop 0 0 0
Tile:10 7 4 1
Malus 0 0 0
Drop 4 0 1
Tile:6 7 6 0
Drop 6 0 1
Drop 2 0 0
Drop 6 0 1
Tile:9_flip 5 3 0
Drop 6 0 1
Drop 3 0 0
Drop 0 0 1
Tile:8 8 6 0
Drop 0 0 1
Tile:10 8 5 0
Drop 0 0 1
Drop 2 0 0
Bonus 0 0 1
Drop 5 0 0
Tile:8 9 6 1
Drop 3 0 0
Tile:7 10 6 1
Tile:4 6 4 0
Tile:10 10 7 1
Tile:5_flip 8 7 0
Tile:6 10 8 1
Tile:0 7 7 0
Tile:0 11 8 1
Drop 0 0 0
Tile:7 12 8 1
GAMEOVER DRAW
# Game ended: Sat Apr 11 16:13:13 EDT 2020
