# Server version 0.08 running on 192.168.2.221:8123
# Game ID: 263
# Board class: Saboteur.SaboteurBoard
# Timeout: 2000
# First Move Timeout: 30000
# Date: Sat Apr 11 20:15:21 EDT 2020
# Player 1: Player-0, '260729564', running on 127.0.0.1
# Player 2: Player-1, 'RandomPlayer', running on 127.0.0.1
START Player-0 260729564
START Player-1 RandomPlayer
BoardInit:Tile:0,Tile:2,Bonus,Tile:9,Map,Tile:15,Destroy,Tile:9,Tile:6,Map,Tile:8,Tile:6,Tile:6,Tile:3,Tile:9,Tile:8,Tile:6,Tile:1,Bonus,Malus,Tile:5,Map,Destroy,Tile:5,Malus,Tile:0,Tile:13,Tile:7,Bonus,Tile:11,Destroy,Bonus,Tile:0,Tile:6,Tile:4,Tile:8,Tile:5,Tile:9,Map,Tile:10,Map-Tile:8,Tile:8,Tile:7,Map,Tile:7,Tile:5,Tile:14-Tile:10,Tile:7,Tile:9,Tile:12,Tile:0,Tile:7,Tile:10-Tile:nugget,Tile:hidden1,Tile:hidden2
Tile:5_flip 6 5 1
Tile:9 6 4 0
Tile:7 6 3 1
Tile:0 7 4 0
Drop 4 0 1
Tile:7 8 4 0
Tile:7_flip 8 5 1
Tile:7 9 5 0
Tile:0 4 5 1
Tile:10 9 6 0
Tile:6 5 6 1
Map 12 3 0
Tile:8 5 3 1
Tile:6_flip 5 2 0
Drop 5 0 1
Tile:10 9 7 0
Tile:6 4 3 1
Tile:8 9 8 0
Tile:9 4 2 1
Tile:9_flip 5 4 0
Tile:6_flip 6 6 1
Malus 0 0 0
Map 12 5 1
Tile:9_flip 7 6 0
Destroy 8 4 1
Tile:5_flip 6 2 0
Bonus 0 0 1
Drop 0 0 0
Destroy 9 5 1
Tile:7_flip 7 7 0
Tile:13 3 5 1
Drop 0 0 0
Tile:8 8 4 1
Tile:0 9 4 0
Destroy 7 7 1
Tile:6 10 4 0
Tile:5_flip 7 7 1
Tile:8 11 4 0
Tile:5 3 4 1
Tile:9_flip 12 4 0
GAMEOVER WINNER 0
# Game ended: Sat Apr 11 20:15:21 EDT 2020
