# Server version 0.08 running on 192.168.2.221:8123
# Game ID: 849
# Board class: Saboteur.SaboteurBoard
# Timeout: 2000
# First Move Timeout: 30000
# Date: Sat Apr 11 21:15:31 EDT 2020
# Player 1: Player-0, '260729564', running on 127.0.0.1
# Player 2: Player-1, 'RandomPlayer', running on 127.0.0.1
START Player-0 260729564
START Player-1 RandomPlayer
BoardInit:Tile:3,Bonus,Map,Tile:12,Bonus,Tile:0,Tile:5,Tile:5,Tile:15,Tile:7,Malus,Malus,Map,Map,Tile:1,Tile:13,Tile:9,Bonus,Tile:0,Tile:5,Map,Tile:6,Tile:0,Tile:9,Tile:0,Destroy,Map,Tile:8,Tile:7,Tile:7,Tile:7,Tile:10,Tile:8,Tile:9,Tile:6,Tile:7,Destroy,Tile:9,Tile:14,Tile:6,Tile:10-Tile:5,Tile:6,Tile:8,Tile:10,Tile:6,Tile:9,Bonus-Tile:4,Map,Tile:2,Tile:8,Destroy,Tile:8,Tile:11-Tile:nugget,Tile:hidden2,Tile:hidden1
Tile:8 5 4 1
Map 12 3 0
Tile:6_flip 4 5 1
Tile:8 6 4 0
Tile:9_flip 4 6 1
Tile:8 7 4 0
Tile:3_flip 7 5 1
Tile:0 8 4 0
Map 12 5 1
Tile:5_flip 9 4 0
Tile:6_flip 5 3 1
Tile:7 8 5 0
Drop 4 0 1
Malus 0 0 0
Drop 2 0 1
Drop 0 0 0
Drop 3 0 1
Drop 0 0 0
Drop 5 0 1
Drop 1 0 0
Drop 1 0 1
Tile:5 9 3 0
Map 12 7 1
Tile:6 10 3 0
Drop 0 0 1
Tile:9 10 2 0
Map 12 7 1
Drop 2 0 0
Drop 2 0 1
Tile:8 11 2 0
Bonus 0 0 1
Tile:7 12 2 0
GAMEOVER WINNER 0
# Game ended: Sat Apr 11 21:15:31 EDT 2020
