# Server version 0.08 running on 192.168.2.221:8123
# Game ID: 265
# Board class: Saboteur.SaboteurBoard
# Timeout: 2000
# First Move Timeout: 30000
# Date: Sat Apr 11 20:15:24 EDT 2020
# Player 1: Player-0, '260729564', running on 127.0.0.1
# Player 2: Player-1, 'RandomPlayer', running on 127.0.0.1
START Player-0 260729564
START Player-1 RandomPlayer
BoardInit:Tile:8,Tile:5,Tile:4,Tile:14,Tile:8,Destroy,Tile:6,Tile:0,Tile:7,Tile:10,Bonus,Bonus,Tile:6,Tile:7,Tile:8,Malus,Tile:7,Tile:11,Destroy,Tile:0,Tile:2,Map,Tile:6,Tile:9,Tile:10,Map,Tile:5,Tile:3,Destroy,Tile:9,Tile:5,Map,Tile:8,Tile:6,Tile:5,Tile:0,Map,Tile:9,Tile:12,Map,Tile:8-Tile:15,Tile:9,Tile:7,Tile:10,Malus,Tile:1,Tile:9-Bonus,Tile:6,Tile:7,Bonus,Tile:13,Map,Tile:0-Tile:nugget,Tile:hidden1,Tile:hidden2
Tile:7_flip 5 6 1
Map 12 3 0
Tile:8 4 5 1
Tile:6 6 5 0
Tile:9 3 5 1
Tile:5_flip 7 5 0
Tile:8 4 4 1
Tile:0 6 6 0
Tile:10 4 3 1
Tile:0 7 6 0
Tile:7_flip 3 6 1
Tile:10 7 4 0
Tile:9_flip 4 2 1
Tile:7 8 6 0
Tile:6 8 7 1
Tile:7 9 7 0
Tile:8 9 8 1
Malus 0 0 0
Drop 2 0 1
Drop 1 0 0
Destroy 3 5 1
Tile:0 10 8 0
Drop 5 0 1
Drop 1 0 0
Drop 0 0 1
Tile:9 7 3 0
Drop 5 0 1
Drop 1 0 0
Drop 2 0 1
Drop 2 0 0
Malus 0 0 1
Bonus 0 0 0
Destroy 7 3 1
Tile:9 7 3 0
Drop 3 0 1
Tile:6 11 8 0
Drop 3 0 1
Tile:0 12 8 0
Map 12 5 1
Tile:9_flip 7 2 0
Drop 2 0 1
Destroy 12 8 0
Drop 0 0 1
Drop 0 0 0
Drop 4 0 1
Drop 0 0 0
Drop 2 0 1
Drop 0 0 0
Drop 0 0 1
Drop 0 0 0
Drop 0 0 1
Drop 0 0 0
Drop 1 0 1
Drop 0 0 0
Drop 0 0 1
GAMEOVER DRAW
# Game ended: Sat Apr 11 20:15:25 EDT 2020
