# Server version 0.08 running on 192.168.2.221:8123
# Game ID: 46
# Board class: Saboteur.SaboteurBoard
# Timeout: 2000
# First Move Timeout: 30000
# Date: Sat Apr 11 16:09:34 EDT 2020
# Player 1: Player-0, 'RandomPlayer', running on 127.0.0.1
# Player 2: Player-1, '260729564', running on 127.0.0.1
START Player-0 RandomPlayer
START Player-1 260729564
BoardInit:Malus,Tile:11,Tile:0,Tile:8,Tile:6,Tile:9,Tile:1,Tile:8,Tile:0,Tile:8,Bonus,Tile:9,Destroy,Tile:12,Map,Tile:7,Malus,Tile:0,Destroy,Tile:5,Tile:6,Tile:9,Tile:5,Map,Tile:7,Tile:7,Map,Tile:13,Tile:5,Tile:5,Tile:9,Tile:8,Tile:8,Tile:7,Tile:10,Destroy,Tile:7,Tile:10,Tile:6,Tile:4,Tile:6-Tile:14,Tile:9,Bonus,Map,Bonus,Map,Bonus-Tile:10,Tile:3,Tile:6,Map,Tile:15,Tile:2,Tile:0-Tile:nugget,Tile:hidden2,Tile:hidden1
Map 12 3 1
Tile:2 4 5 0
Malus 0 0 1
Map 12 3 0
Tile:0 6 5 1
Drop 4 0 0
Tile:6 7 5 1
Drop 5 0 0
Tile:9 7 4 1
Drop 1 0 0
Tile:0 8 4 1
Drop 4 0 0
Drop 0 0 1
Drop 0 0 0
Drop 1 0 1
Drop 0 0 0
Drop 1 0 1
Drop 5 0 0
Malus 0 0 1
Drop 3 0 0
Drop 1 0 1
Drop 2 0 0
Tile:6 9 4 1
Drop 0 0 0
Tile:5_flip 10 4 1
Drop 4 0 0
Tile:7 8 5 1
Drop 3 0 0
Drop 1 0 1
Drop 4 0 0
Tile:5 10 3 1
Drop 0 0 0
Tile:9_flip 9 3 1
Drop 6 0 0
Tile:8 11 3 1
GAMEOVER WINNER 1
# Game ended: Sat Apr 11 16:09:35 EDT 2020
