# Server version 0.08 running on 192.168.2.221:8123
# Game ID: 1403
# Board class: Saboteur.SaboteurBoard
# Timeout: 2000
# First Move Timeout: 30000
# Date: Sat Apr 11 22:04:52 EDT 2020
# Player 1: Player-0, '260729564', running on 127.0.0.1
# Player 2: Player-1, 'RandomPlayer', running on 127.0.0.1
START Player-0 260729564
START Player-1 RandomPlayer
BoardInit:Tile:5,Tile:13,Tile:8,Map,Tile:0,Map,Map,Tile:9,Tile:7,Tile:6,Tile:7,Tile:7,Tile:4,Tile:5,Tile:10,Tile:11,Tile:10,Tile:7,Tile:3,Bonus,Tile:8,Tile:10,Tile:9,Tile:6,Destroy,Tile:14,Tile:9,Map,Bonus,Tile:5,Tile:8,Tile:6,Malus,Destroy,Tile:0,Tile:0,Map,Tile:9,Tile:15,Tile:9,Bonus-Tile:6,Bonus,Tile:8,Tile:1,Tile:5,Tile:8,Malus-Destroy,Tile:7,Tile:2,Tile:12,Map,Tile:6,Tile:0-Tile:hidden2,Tile:hidden1,Tile:nugget
Drop 3 0 1
Map 12 3 0
Tile:6 5 6 1
Tile:6 6 6 0
Tile:5 4 6 1
Map 12 5 0
Tile:8 6 5 1
Tile:0 7 6 0
Tile:8 4 7 1
Tile:9_flip 8 6 0
Tile:0 4 5 1
Tile:6 8 7 0
Tile:7 9 7 1
Tile:7_flip 9 8 0
Tile:7_flip 3 5 1
Tile:7 10 8 0
Tile:8 8 5 1
Tile:5_flip 9 5 0
Tile:5_flip 10 9 1
Tile:7 5 7 0
Tile:10 6 4 1
Drop 1 0 0
Tile:4 9 4 1
Tile:10 8 4 0
Map 12 5 1
Tile:6_flip 9 9 0
Destroy 4 6 1
Drop 1 0 0
Tile:9 3 4 1
Drop 1 0 0
Malus 0 0 1
Bonus 0 0 0
Tile:8 3 7 1
Tile:6 9 10 0
Tile:9 3 8 1
Tile:5 8 9 0
Drop 3 0 1
Tile:0 10 10 0
Tile:3 3 6 1
Tile:9_flip 11 10 0
Tile:8 8 10 1
GAMEOVER TIMEOUT WINNER 1
# Game ended: Sat Apr 11 22:04:57 EDT 2020
