# Server version 0.08 running on 192.168.2.221:8123
# Game ID: 339
# Board class: Saboteur.SaboteurBoard
# Timeout: 2000
# First Move Timeout: 30000
# Date: Sat Apr 11 20:19:49 EDT 2020
# Player 1: Player-0, '260729564', running on 127.0.0.1
# Player 2: Player-1, 'RandomPlayer', running on 127.0.0.1
START Player-0 260729564
START Player-1 RandomPlayer
BoardInit:Tile:7,Bonus,Tile:0,Destroy,Destroy,Bonus,Tile:12,Tile:7,Tile:2,Tile:7,Map,Tile:0,Tile:9,Tile:0,Tile:6,Map,Tile:9,Tile:14,Tile:9,Tile:8,Malus,Tile:8,Tile:7,Tile:10,Bonus,Map,Tile:3,Tile:8,Tile:5,Tile:10,Tile:6,Tile:13,Tile:1,Tile:9,Tile:11,Tile:7,Tile:6,Tile:0,Tile:15,Destroy,Tile:5-Map,Tile:6,Tile:5,Tile:8,Malus,Tile:9,Tile:10-Map,Tile:6,Tile:8,Tile:4,Bonus,Map,Tile:5-Tile:hidden2,Tile:nugget,Tile:hidden1
Tile:9 5 6 1
Map 12 3 0
Tile:8 4 5 1
Map 12 5 0
Tile:6_flip 6 6 1
Tile:8 7 6 0
Tile:0 6 5 1
Tile:6 8 6 0
Tile:10 8 5 1
Tile:5_flip 9 6 0
Destroy 4 5 1
Tile:7_flip 7 7 0
Drop 2 0 1
Tile:0 8 7 0
Tile:12_flip 4 5 1
Tile:0 9 7 0
Tile:9_flip 5 7 1
Tile:7 10 7 0
Tile:9_flip 5 4 1
Drop 0 0 0
Tile:9 8 4 1
Tile:8 9 4 0
Tile:7 7 5 1
Tile:8 10 4 0
Tile:2 11 4 1
Tile:10 10 5 0
Drop 3 0 1
Drop 1 0 0
Tile:5 10 3 1
Tile:8 10 8 0
Tile:7_flip 4 7 1
Tile:10 9 5 0
Tile:3 9 3 1
Drop 2 0 0
Tile:6_flip 12 4 1
Tile:9 11 5 0
Tile:11 5 3 1
Tile:7_flip 10 6 0
Drop 6 0 1
GAMEOVER TIMEOUT WINNER 1
# Game ended: Sat Apr 11 20:19:55 EDT 2020
