# Server version 0.08 running on 192.168.2.221:8123
# Game ID: 1136
# Board class: Saboteur.SaboteurBoard
# Timeout: 2000
# First Move Timeout: 30000
# Date: Sat Apr 11 21:35:02 EDT 2020
# Player 1: Player-0, 'RandomPlayer', running on 127.0.0.1
# Player 2: Player-1, '260729564', running on 127.0.0.1
START Player-0 RandomPlayer
START Player-1 260729564
BoardInit:Tile:10,Tile:4,Tile:8,Tile:9,Tile:6,Map,Destroy,Tile:3,Tile:12,Tile:0,Tile:6,Tile:10,Tile:5,Tile:6,Tile:8,Map,Bonus,Tile:7,Tile:5,Map,Map,Tile:0,Tile:0,Tile:9,Tile:8,Tile:2,Tile:7,Malus,Map,Tile:6,Tile:5,Malus,Tile:8,Bonus,Bonus,Tile:7,Tile:1,Tile:10,Tile:7,Tile:9,Tile:0-Tile:5,Destroy,Bonus,Destroy,Tile:9,Tile:7,Tile:6-Tile:15,Tile:11,Map,Tile:8,Tile:9,Tile:13,Tile:14-Tile:hidden2,Tile:nugget,Tile:hidden1
Tile:6 6 5 1
Tile:11_flip 5 6 0
Tile:9_flip 7 5 1
Tile:14_flip 5 4 0
Tile:8 7 4 1
Tile:8 4 5 0
Tile:6 8 4 1
Tile:4 7 3 0
Tile:10 7 6 1
Tile:9 5 7 0
Tile:5_flip 9 4 1
Drop 1 0 0
Tile:6_flip 9 3 1
Tile:13 3 5 0
Tile:7 10 3 1
Tile:3_flip 10 4 0
Tile:8 6 4 1
Tile:9 8 3 0
Tile:5 8 2 1
Tile:7_flip 2 5 0
Tile:5_flip 9 2 1
Tile:15 3 6 0
Map 12 3 1
Tile:6_flip 6 7 0
Drop 4 0 1
Map 12 3 0
Tile:8 7 7 1
Tile:9 4 6 0
Tile:0 8 7 1
Map 12 5 0
Map 12 5 1
Tile:0 9 7 0
Tile:7 10 7 1
Tile:2 2 4 0
Tile:8 10 8 1
Tile:10 6 3 0
Tile:5_flip 11 8 1
Tile:7 3 4 0
Drop 4 0 1
Tile:10 11 7 0
Tile:7_flip 10 9 1
Drop 4 0 0
Tile:0 11 9 1
Tile:9_flip 12 9 0
Destroy 11 7 1
Map 12 3 0
Drop 3 0 1
Tile:6_flip 9 1 0
Drop 3 0 1
Tile:0 1 4 0
Destroy 7 3 1
Malus 0 0 0
Bonus 0 0 1
Drop 0 0 0
Destroy 5 7 1
GAMEOVER DRAW
# Game ended: Sat Apr 11 21:35:03 EDT 2020
