# Server version 0.08 running on 192.168.2.221:8123
# Game ID: 740
# Board class: Saboteur.SaboteurBoard
# Timeout: 2000
# First Move Timeout: 30000
# Date: Sat Apr 11 21:08:17 EDT 2020
# Player 1: Player-0, 'RandomPlayer', running on 127.0.0.1
# Player 2: Player-1, '260729564', running on 127.0.0.1
START Player-0 RandomPlayer
START Player-1 260729564
BoardInit:Tile:8,Malus,Tile:6,Tile:7,Map,Bonus,Tile:7,Map,Map,Map,Tile:6,Tile:9,Tile:0,Tile:9,Tile:7,Tile:5,Tile:8,Tile:9,Tile:7,Tile:1,Bonus,Tile:13,Tile:2,Tile:8,Tile:10,Malus,Tile:12,Tile:7,Tile:0,Tile:10,Destroy,Tile:8,Tile:6,Tile:8,Tile:0,Tile:6,Map,Tile:4,Tile:11,Tile:14,Tile:3-Bonus,Map,Tile:0,Destroy,Tile:15,Bonus,Tile:5-Tile:5,Tile:10,Tile:9,Tile:9,Tile:5,Destroy,Tile:6-Tile:nugget,Tile:hidden2,Tile:hidden1
Map 12 3 1
Tile:9_flip 5 6 0
Tile:8 5 4 1
Tile:9 4 5 0
Tile:0 6 4 1
Drop 1 0 0
Tile:6 7 4 1
Tile:6 4 6 0
Tile:5_flip 8 4 1
Destroy 8 4 0
Tile:7 8 4 1
Tile:5 7 3 0
Tile:6 8 3 1
Drop 0 0 0
Tile:0 9 3 1
Drop 5 0 0
Tile:7 10 3 1
Malus 0 0 0
Bonus 0 0 1
Tile:9 3 6 0
Tile:8 10 4 1
Tile:9 4 4 0
Tile:7 11 4 1
Tile:5_flip 10 5 0
Drop 1 0 1
Tile:7_flip 8 5 0
Tile:10 8 2 1
Map 12 5 0
Drop 2 0 1
Tile:7 6 5 0
Tile:0 9 5 1
Tile:10 5 3 0
Drop 2 0 1
Tile:13 3 7 0
Tile:6_flip 8 1 1
Tile:8 5 7 0
Tile:0 9 1 1
Tile:6_flip 4 7 0
Drop 2 0 1
Tile:4_flip 11 5 0
Destroy 11 5 1
Tile:1 10 1 0
Drop 1 0 1
Tile:14_flip 7 1 0
Drop 1 0 1
Drop 0 0 0
Drop 2 0 1
Tile:8 5 2 0
Drop 2 0 1
Map 12 3 0
Drop 2 0 1
Tile:8 4 2 0
Destroy 8 3 1
Drop 0 0 0
Drop 0 0 1
GAMEOVER DRAW
# Game ended: Sat Apr 11 21:08:17 EDT 2020
