# Server version 0.08 running on 192.168.2.221:8123
# Game ID: 743
# Board class: Saboteur.SaboteurBoard
# Timeout: 2000
# First Move Timeout: 30000
# Date: Sat Apr 11 21:08:35 EDT 2020
# Player 1: Player-0, '260729564', running on 127.0.0.1
# Player 2: Player-1, 'RandomPlayer', running on 127.0.0.1
START Player-0 260729564
START Player-1 RandomPlayer
BoardInit:Tile:8,Tile:5,Tile:7,Tile:8,Tile:6,Map,Tile:13,Destroy,Tile:5,Destroy,Map,Map,Tile:10,Tile:11,Tile:9,Tile:1,Tile:5,Tile:6,Tile:9,Malus,Tile:0,Tile:9,Tile:9,Tile:12,Tile:6,Tile:7,Tile:6,Tile:10,Tile:8,Tile:10,Bonus,Map,Tile:0,Tile:7,Tile:0,Tile:2,Tile:6,Tile:15,Destroy,Map,Tile:5-Tile:8,Tile:9,Tile:4,Malus,Tile:14,Bonus,Tile:8-Map,Tile:7,Bonus,Tile:7,Tile:3,Bonus,Tile:0-Tile:hidden2,Tile:hidden1,Tile:nugget
Drop 3 0 1
Map 12 3 0
Tile:8 5 6 1
Tile:0 6 6 0
Tile:14_flip 4 6 1
Tile:8 7 6 0
Tile:6 8 6 1
Map 12 5 0
Tile:13 5 4 1
Tile:7 9 6 0
Tile:9 7 5 1
Tile:7_flip 9 7 0
Tile:8 4 7 1
Tile:5_flip 10 7 0
Map 12 3 1
Drop 1 0 0
Tile:8 3 7 1
Drop 1 0 0
Tile:5_flip 5 7 1
Tile:6_flip 8 5 0
Tile:9_flip 7 7 1
Malus 0 0 0
Drop 3 0 1
Tile:9 10 6 0
Drop 5 0 1
Drop 3 0 0
Drop 0 0 1
Tile:7 11 6 0
Drop 6 0 1
Tile:10 10 5 0
Drop 1 0 1
Tile:10 10 4 0
Drop 6 0 1
Drop 3 0 0
Drop 0 0 1
Tile:7_flip 11 7 0
GAMEOVER WINNER 0
# Game ended: Sat Apr 11 21:08:36 EDT 2020
