# Server version 0.08 running on 192.168.2.221:8123
# Game ID: 501
# Board class: Saboteur.SaboteurBoard
# Timeout: 2000
# First Move Timeout: 30000
# Date: Sat Apr 11 20:40:58 EDT 2020
# Player 1: Player-0, '260729564', running on 127.0.0.1
# Player 2: Player-1, 'RandomPlayer', running on 127.0.0.1
START Player-0 260729564
START Player-1 RandomPlayer
BoardInit:Tile:10,Tile:9,Tile:14,Bonus,Tile:9,Tile:3,Tile:7,Tile:8,Tile:7,Tile:6,Destroy,Tile:4,Map,Tile:8,Tile:10,Tile:15,Tile:6,Tile:6,Bonus,Map,Tile:0,Bonus,Bonus,Tile:0,Tile:9,Tile:12,Tile:13,Tile:7,Destroy,Tile:8,Tile:5,Tile:2,Malus,Malus,Tile:9,Tile:7,Tile:6,Tile:8,Tile:1,Tile:6,Tile:5-Tile:8,Tile:0,Map,Map,Tile:5,Destroy,Tile:7-Tile:9,Tile:5,Map,Map,Tile:11,Tile:10,Tile:0-Tile:nugget,Tile:hidden1,Tile:hidden2
Map 12 5 1
Map 12 3 0
Map 12 7 1
Tile:9 5 4 0
Tile:8 5 6 1
Tile:0 6 4 0
Drop 6 0 1
Tile:9_flip 7 4 0
Tile:5 4 6 1
Tile:8 7 3 0
Tile:7_flip 6 3 1
Tile:6 8 3 0
Drop 0 0 1
Tile:5_flip 9 3 0
Tile:14_flip 8 2 1
Tile:8 9 2 0
Tile:10 9 1 1
Tile:10 9 0 0
Destroy 9 1 1
Tile:6_flip 10 2 0
Tile:7 7 2 1
Drop 0 0 0
Tile:7_flip 4 7 1
Drop 0 0 0
Destroy 10 2 1
Tile:0 10 2 0
Tile:6_flip 6 6 1
Drop 1 0 0
Tile:10 6 7 1
Tile:7 11 2 0
Destroy 6 3 1
Tile:8 11 3 0
GAMEOVER WINNER 0
# Game ended: Sat Apr 11 20:40:58 EDT 2020
