# Server version 0.08 running on 192.168.2.221:8123
# Game ID: 1210
# Board class: Saboteur.SaboteurBoard
# Timeout: 2000
# First Move Timeout: 30000
# Date: Sat Apr 11 21:38:53 EDT 2020
# Player 1: Player-0, 'RandomPlayer', running on 127.0.0.1
# Player 2: Player-1, '260729564', running on 127.0.0.1
START Player-0 RandomPlayer
START Player-1 260729564
BoardInit:Tile:5,Bonus,Tile:8,Tile:9,Bonus,Tile:0,Tile:3,Tile:7,Tile:6,Tile:0,Tile:6,Tile:6,Malus,Tile:8,Tile:5,Tile:10,Map,Destroy,Bonus,Tile:15,Tile:14,Tile:10,Tile:5,Tile:10,Tile:7,Tile:12,Map,Tile:9,Tile:8,Tile:6,Destroy,Map,Tile:8,Tile:0,Tile:7,Map,Bonus,Tile:1,Tile:0,Tile:13,Tile:9-Tile:4,Tile:11,Tile:7,Tile:7,Tile:9,Malus,Tile:9-Tile:6,Tile:5,Map,Tile:2,Map,Tile:8,Destroy-Tile:hidden2,Tile:hidden1,Tile:nugget
Malus 0 0 1
Map 12 7 0
Tile:9_flip 6 5 1
Drop 1 0 0
Tile:8 6 4 1
Drop 1 0 0
Tile:9_flip 7 4 1
Destroy 7 4 0
Tile:7 7 4 1
Map 12 7 0
Tile:6 6 6 1
Bonus 0 0 0
Tile:6 7 6 1
Tile:6 4 5 0
Malus 0 0 1
Drop 0 0 0
Tile:5_flip 8 6 1
Drop 5 0 0
Map 12 3 1
Drop 3 0 0
Tile:5 8 5 1
Drop 4 0 0
Tile:7 9 5 1
Destroy 9 5 0
Tile:5_flip 9 5 1
Drop 2 0 0
Tile:7_flip 5 6 1
Drop 0 0 0
Map 12 5 1
Drop 5 0 0
Tile:8 9 4 1
Drop 0 0 0
Drop 0 0 1
Map 12 3 0
Tile:8 10 4 1
Drop 3 0 0
Tile:7_flip 10 5 1
Drop 2 0 0
Drop 0 0 1
Map 12 5 0
Tile:0 11 5 1
Drop 2 0 0
Tile:9 12 6 1
GAMEOVER WINNER 1
# Game ended: Sat Apr 11 21:38:53 EDT 2020
