# Server version 0.08 running on 192.168.2.221:8123
# Game ID: 188
# Board class: Saboteur.SaboteurBoard
# Timeout: 2000
# First Move Timeout: 30000
# Date: Sat Apr 11 20:06:58 EDT 2020
# Player 1: Player-0, 'RandomPlayer', running on 127.0.0.1
# Player 2: Player-1, '260729564', running on 127.0.0.1
START Player-0 RandomPlayer
START Player-1 260729564
BoardInit:Destroy,Tile:0,Tile:6,Tile:7,Tile:12,Tile:15,Tile:8,Tile:3,Bonus,Tile:10,Tile:2,Tile:0,Tile:6,Tile:8,Tile:13,Tile:0,Tile:5,Tile:7,Tile:10,Tile:5,Tile:7,Destroy,Tile:6,Map,Tile:7,Tile:1,Tile:4,Map,Map,Tile:9,Map,Tile:8,Tile:14,Tile:7,Tile:5,Tile:8,Map,Malus,Bonus,Tile:9,Bonus-Destroy,Map,Tile:6,Tile:5,Tile:9,Tile:9,Malus-Tile:9,Tile:8,Tile:6,Tile:0,Tile:11,Bonus,Tile:10-Tile:nugget,Tile:hidden2,Tile:hidden1
Map 12 3 1
Tile:11 5 6 0
Malus 0 0 1
Drop 1 0 0
Tile:9 5 4 1
Drop 4 0 0
Tile:9_flip 6 4 1
Drop 3 0 0
Tile:8 6 3 1
Drop 1 0 0
Tile:6 7 3 1
Drop 4 0 0
Tile:6 8 3 1
Drop 0 0 0
Tile:6 9 3 1
Drop 0 0 0
Tile:5_flip 10 3 1
Drop 5 0 0
Tile:5 10 2 1
Drop 3 0 0
Tile:10 9 2 1
Drop 2 0 0
Tile:7 11 2 1
Drop 5 0 0
Tile:6_flip 9 1 1
Destroy 10 2 0
Tile:7_flip 11 3 1
Drop 3 0 0
Destroy 11 3 1
Drop 5 0 0
Drop 1 0 1
Map 12 7 0
Drop 2 0 1
Map 12 3 0
Drop 2 0 1
Drop 3 0 0
Tile:5 10 2 1
Drop 3 0 0
Drop 2 0 1
Drop 0 0 0
Drop 2 0 1
Drop 4 0 0
Drop 2 0 1
Malus 0 0 0
Bonus 0 0 1
Drop 3 0 0
Drop 1 0 1
Drop 0 0 0
Drop 1 0 1
Drop 2 0 0
Drop 2 0 1
Drop 0 0 0
Destroy 10 3 1
Drop 0 0 0
Drop 0 0 1
GAMEOVER DRAW
# Game ended: Sat Apr 11 20:06:58 EDT 2020
