# Server version 0.08 running on 192.168.2.221:8123
# Game ID: 730
# Board class: Saboteur.SaboteurBoard
# Timeout: 2000
# First Move Timeout: 30000
# Date: Sat Apr 11 21:07:59 EDT 2020
# Player 1: Player-0, 'RandomPlayer', running on 127.0.0.1
# Player 2: Player-1, '260729564', running on 127.0.0.1
START Player-0 RandomPlayer
START Player-1 260729564
BoardInit:Tile:0,Tile:4,Tile:8,Tile:7,Tile:5,Map,Map,Tile:9,Malus,Tile:3,Tile:0,Tile:14,Tile:9,Tile:6,Destroy,Tile:1,Tile:6,Tile:7,Tile:10,Tile:5,Tile:2,Tile:6,Bonus,Tile:8,Tile:9,Tile:6,Tile:7,Tile:6,Tile:10,Tile:7,Tile:8,Bonus,Malus,Destroy,Tile:9,Tile:12,Tile:9,Tile:7,Tile:8,Map,Tile:13-Destroy,Tile:11,Bonus,Tile:0,Tile:5,Map,Map-Bonus,Map,Tile:15,Tile:0,Tile:10,Tile:8,Tile:5-Tile:hidden1,Tile:nugget,Tile:hidden2
Map 12 3 1
Tile:15 5 6 0
Map 12 5 1
Drop 1 0 0
Tile:8 6 5 1
Tile:8 7 5 0
Tile:0 8 5 1
Tile:4_flip 5 7 0
Tile:0 9 5 1
Tile:9_flip 7 6 0
Malus 0 0 1
Drop 1 0 0
Tile:0 10 5 1
Drop 6 0 0
Tile:5_flip 11 5 1
Map 12 5 0
Tile:9 11 4 1
Drop 1 0 0
Tile:6 12 4 1
Drop 3 0 0
Tile:10 12 2 1
Drop 2 0 0
Tile:5_flip 13 4 1
Drop 3 0 0
Destroy 11 5 1
Drop 5 0 0
Tile:9 7 4 1
Drop 0 0 0
Tile:7_flip 7 7 1
Drop 5 0 0
Tile:10 7 3 1
Drop 0 0 0
Tile:8 11 5 1
GAMEOVER WINNER 1
# Game ended: Sat Apr 11 21:08:00 EDT 2020
