# Server version 0.08 running on 192.168.2.221:8123
# Game ID: 1009
# Board class: Saboteur.SaboteurBoard
# Timeout: 2000
# First Move Timeout: 30000
# Date: Sat Apr 11 21:24:49 EDT 2020
# Player 1: Player-0, '260729564', running on 127.0.0.1
# Player 2: Player-1, 'RandomPlayer', running on 127.0.0.1
START Player-0 260729564
START Player-1 RandomPlayer
BoardInit:Tile:7,Tile:3,Malus,Map,Tile:8,Tile:15,Tile:6,Tile:9,Tile:0,Tile:10,Tile:9,Tile:8,Tile:6,Map,Bonus,Tile:0,Tile:10,Tile:6,Tile:4,Tile:1,Map,Map,Tile:12,Tile:6,Tile:14,Tile:10,Map,Tile:7,Tile:5,Tile:0,Tile:9,Tile:2,Bonus,Tile:7,Tile:11,Tile:5,Tile:7,Tile:8,Malus,Tile:0,Map-Tile:8,Destroy,Tile:5,Tile:13,Tile:7,Tile:9,Tile:6-Bonus,Destroy,Tile:8,Tile:5,Bonus,Destroy,Tile:9-Tile:nugget,Tile:hidden2,Tile:hidden1
Tile:13 6 5 1
Tile:8 5 4 0
Tile:5_flip 6 6 1
Tile:9_flip 6 4 0
Destroy 5 4 1
Map 12 3 0
Tile:8 7 5 1
Tile:5 5 4 0
Tile:9 7 6 1
Tile:9 7 4 0
Tile:6 5 6 1
Tile:10 6 3 0
Tile:6_flip 8 5 1
Tile:8 6 2 0
Tile:7 7 2 1
Drop 2 0 0
Tile:6 8 4 1
Tile:0 5 2 0
Tile:7 9 4 1
Tile:6_flip 6 1 0
Drop 4 0 1
Drop 3 0 0
Tile:9 7 3 1
Drop 3 0 0
Tile:0 5 1 1
Tile:6 9 5 0
Tile:12 7 1 1
Tile:10 7 7 0
Tile:8 8 3 1
Tile:7 10 5 0
Tile:5 4 6 1
Tile:0 9 3 0
Tile:14 10 3 1
Drop 3 0 0
Map 12 3 1
Tile:7_flip 10 6 0
Drop 6 0 1
Tile:5 8 2 0
Tile:7_flip 4 5 1
Tile:8 11 6 0
Tile:4 11 5 1
Tile:0 9 2 0
Tile:9_flip 4 7 1
Destroy 11 5 0
Drop 1 0 1
Drop 2 0 0
Malus 0 0 1
Bonus 0 0 0
Map 12 3 1
Drop 1 0 0
Drop 1 0 1
Drop 1 0 0
Map 12 3 1
Destroy 7 7 0
Drop 0 0 1
GAMEOVER DRAW
# Game ended: Sat Apr 11 21:24:49 EDT 2020
