# Server version 0.08 running on 192.168.2.221:8123
# Game ID: 736
# Board class: Saboteur.SaboteurBoard
# Timeout: 2000
# First Move Timeout: 30000
# Date: Sat Apr 11 21:08:09 EDT 2020
# Player 1: Player-0, 'RandomPlayer', running on 127.0.0.1
# Player 2: Player-1, '260729564', running on 127.0.0.1
START Player-0 RandomPlayer
START Player-1 260729564
BoardInit:Map,Tile:8,Bonus,Tile:15,Tile:6,Tile:0,Tile:6,Tile:10,Tile:9,Tile:9,Map,Map,Tile:2,Tile:5,Destroy,Tile:12,Tile:5,Bonus,Tile:9,Tile:14,Tile:5,Tile:10,Destroy,Tile:1,Bonus,Map,Tile:7,Tile:8,Tile:0,Tile:13,Tile:11,Tile:7,Tile:6,Tile:8,Tile:5,Tile:7,Tile:7,Tile:0,Malus,Tile:8,Tile:9-Tile:6,Tile:0,Tile:8,Map,Tile:4,Tile:9,Malus-Tile:10,Map,Destroy,Tile:3,Tile:7,Tile:6,Bonus-Tile:nugget,Tile:hidden2,Tile:hidden1
Map 12 3 1
Map 12 3 0
Malus 0 0 1
Drop 1 0 0
Tile:8 5 4 1
Drop 4 0 0
Tile:9_flip 6 4 1
Drop 5 0 0
Tile:6_flip 6 3 1
Drop 1 0 0
Tile:9_flip 7 3 1
Drop 4 0 0
Tile:6_flip 7 2 1
Drop 4 0 0
Tile:0 8 2 1
Map 12 7 0
Tile:6 9 2 1
Drop 5 0 0
Tile:5_flip 10 2 1
Drop 3 0 0
Tile:9 10 1 1
Drop 2 0 0
Tile:5_flip 11 1 1
Drop 3 0 0
Drop 0 0 1
Drop 5 0 0
Drop 0 0 1
Map 12 5 0
Tile:7_flip 7 4 1
Drop 6 0 0
Tile:0 8 4 1
Drop 1 0 0
Drop 1 0 1
Drop 4 0 0
Tile:6_flip 11 0 1
Drop 0 0 0
Drop 2 0 1
Drop 4 0 0
Destroy 11 0 1
Drop 0 0 0
Malus 0 0 1
Drop 4 0 0
Tile:9_flip 9 4 1
Bonus 0 0 0
Tile:7_flip 6 2 1
Drop 3 0 0
Tile:5 11 0 1
Drop 0 0 0
Drop 1 0 1
Drop 2 0 0
Drop 1 0 1
Drop 0 0 0
Drop 1 0 1
Drop 0 0 0
Drop 0 0 1
GAMEOVER DRAW
# Game ended: Sat Apr 11 21:08:10 EDT 2020
