# Server version 0.08 running on 192.168.2.221:8123
# Game ID: 96
# Board class: Saboteur.SaboteurBoard
# Timeout: 2000
# First Move Timeout: 30000
# Date: Sat Apr 11 16:18:31 EDT 2020
# Player 1: Player-0, 'RandomPlayer', running on 127.0.0.1
# Player 2: Player-1, '260729564', running on 127.0.0.1
START Player-0 RandomPlayer
START Player-1 260729564
BoardInit:Tile:9,Tile:10,Tile:8,Tile:8,Tile:7,Tile:0,Map,Malus,Tile:6,Bonus,Map,Tile:9,Tile:14,Tile:7,Tile:12,Destroy,Tile:8,Tile:9,Tile:5,Tile:6,Tile:7,Destroy,Tile:0,Tile:3,Tile:4,Tile:8,Tile:9,Tile:10,Tile:11,Bonus,Tile:7,Map,Tile:15,Map,Map,Tile:6,Tile:5,Map,Tile:6,Destroy,Tile:0-Tile:10,Tile:5,Tile:0,Bonus,Tile:13,Tile:5,Tile:9-Tile:2,Tile:6,Malus,Tile:7,Bonus,Tile:8,Tile:1-Tile:hidden1,Tile:nugget,Tile:hidden2
Tile:0 6 5 1
Tile:6_flip 4 5 0
Tile:5_flip 7 5 1
Tile:2 5 4 0
Tile:8 7 4 1
Tile:8 5 6 0
Tile:5_flip 8 4 1
Tile:8 4 6 0
Map 12 3 1
Tile:0 4 4 0
Tile:6_flip 8 3 1
Tile:7_flip 3 4 0
Map 12 5 1
Tile:9 7 3 0
Tile:9_flip 9 3 1
Drop 3 0 0
Tile:7_flip 9 4 1
Tile:7_flip 4 7 0
Tile:8 10 4 1
Drop 5 0 0
Tile:9_flip 11 4 1
Malus 0 0 0
Bonus 0 0 1
Destroy 4 6 0
Tile:0 6 4 1
Tile:9_flip 11 3 0
Tile:7_flip 11 5 1
GAMEOVER WINNER 1
# Game ended: Sat Apr 11 16:18:32 EDT 2020
