# Server version 0.08 running on 192.168.2.221:8123
# Game ID: 132
# Board class: Saboteur.SaboteurBoard
# Timeout: 2000
# First Move Timeout: 30000
# Date: Sat Apr 11 16:21:04 EDT 2020
# Player 1: Player-0, 'RandomPlayer', running on 127.0.0.1
# Player 2: Player-1, '260729564', running on 127.0.0.1
START Player-0 RandomPlayer
START Player-1 260729564
BoardInit:Tile:13,Tile:0,Map,Bonus,Tile:15,Tile:2,Tile:8,Map,Tile:3,Tile:0,Map,Tile:9,Destroy,Tile:10,Tile:8,Tile:4,Tile:10,Destroy,Bonus,Tile:7,Tile:9,Tile:8,Bonus,Tile:6,Tile:7,Tile:5,Tile:8,Tile:6,Tile:12,Tile:5,Tile:11,Bonus,Tile:6,Tile:9,Destroy,Tile:1,Tile:0,Tile:5,Malus,Tile:7,Tile:7-Map,Tile:9,Tile:5,Tile:14,Tile:8,Map,Tile:10-Tile:6,Tile:6,Malus,Map,Tile:7,Tile:9,Tile:0-Tile:nugget,Tile:hidden2,Tile:hidden1
Map 12 3 1
Tile:6_flip 6 5 0
Tile:8 7 5 1
Tile:6 4 5 0
Tile:5 7 4 1
Tile:9 5 6 0
Tile:9_flip 8 4 1
Map 12 3 0
Tile:8 8 3 1
Tile:2 3 5 0
Tile:10 8 2 1
Drop 1 0 0
Drop 0 0 1
Drop 2 0 0
Drop 0 0 1
Tile:10 4 4 0
Tile:8 9 3 1
Tile:9_flip 8 5 0
Tile:10 9 2 1
Tile:4_flip 5 7 0
Drop 0 0 1
Drop 4 0 0
Tile:9_flip 10 3 1
Destroy 5 6 0
Drop 0 0 1
Tile:7_flip 8 6 0
Tile:7_flip 10 4 1
Tile:6_flip 4 3 0
Tile:8 11 4 1
Tile:5 5 4 0
Drop 0 0 1
Tile:5_flip 11 5 0
Destroy 11 5 1
Tile:8 8 1 0
Tile:6 12 4 1
GAMEOVER WINNER 1
# Game ended: Sat Apr 11 16:21:04 EDT 2020
