# Server version 0.08 running on 192.168.2.221:8123
# Game ID: 114
# Board class: Saboteur.SaboteurBoard
# Timeout: 2000
# First Move Timeout: 30000
# Date: Sat Apr 11 16:19:51 EDT 2020
# Player 1: Player-0, 'RandomPlayer', running on 127.0.0.1
# Player 2: Player-1, '260729564', running on 127.0.0.1
START Player-0 RandomPlayer
START Player-1 260729564
BoardInit:Map,Bonus,Destroy,Tile:6,Bonus,Tile:9,Tile:8,Malus,Bonus,Bonus,Tile:15,Destroy,Tile:8,Tile:0,Tile:10,Tile:4,Tile:5,Tile:6,Tile:7,Map,Tile:0,Tile:14,Tile:7,Tile:9,Tile:5,Tile:9,Tile:8,Tile:3,Tile:8,Malus,Tile:13,Tile:6,Tile:2,Map,Tile:0,Map,Tile:7,Tile:10,Tile:10,Map,Tile:6-Tile:7,Tile:6,Tile:0,Tile:5,Tile:9,Tile:12,Tile:1-Destroy,Tile:5,Tile:9,Tile:8,Map,Tile:11,Tile:7-Tile:hidden1,Tile:hidden2,Tile:nugget
Tile:9_flip 6 5 1
Tile:9 4 5 0
Map 12 3 1
Drop 1 0 0
Tile:6 6 6 1
Tile:8 6 4 0
Tile:0 7 4 1
Tile:11_flip 4 6 0
Tile:8 8 4 1
Tile:7 6 3 0
Tile:7 9 4 1
Drop 1 0 0
Tile:5 8 3 1
Tile:6 8 5 0
Tile:8 9 5 1
Destroy 7 4 0
Drop 0 0 1
Tile:9 5 6 0
Tile:5_flip 7 6 1
Tile:6 3 6 0
Tile:10 5 7 1
Tile:0 10 5 0
Tile:0 7 4 1
Drop 1 0 0
Tile:7 11 5 1
Drop 4 0 0
Tile:7_flip 11 6 1
Tile:9_flip 4 7 0
Tile:8 12 6 1
GAMEOVER WINNER 1
# Game ended: Sat Apr 11 16:19:52 EDT 2020
