# Server version 0.08 running on 192.168.2.221:8123
# Game ID: 916
# Board class: Saboteur.SaboteurBoard
# Timeout: 2000
# First Move Timeout: 30000
# Date: Sat Apr 11 21:20:02 EDT 2020
# Player 1: Player-0, 'RandomPlayer', running on 127.0.0.1
# Player 2: Player-1, '260729564', running on 127.0.0.1
START Player-0 RandomPlayer
START Player-1 260729564
BoardInit:Map,Tile:5,Tile:6,Tile:2,Destroy,Tile:6,Bonus,Tile:12,Tile:13,Tile:14,Tile:5,Tile:0,Map,Tile:3,Malus,Map,Tile:0,Tile:7,Tile:9,Tile:8,Tile:5,Destroy,Tile:5,Tile:7,Tile:7,Map,Tile:8,Destroy,Tile:0,Bonus,Tile:10,Tile:10,Tile:8,Map,Map,Tile:0,Tile:8,Tile:15,Tile:1,Malus,Tile:7-Tile:8,Bonus,Tile:9,Tile:6,Tile:10,Tile:7,Tile:6-Tile:11,Tile:9,Tile:6,Bonus,Tile:9,Tile:4,Tile:9-Tile:nugget,Tile:hidden2,Tile:hidden1
Tile:8 6 5 1
Tile:9_flip 7 5 0
Map 12 3 1
Tile:4_flip 5 6 0
Tile:6_flip 7 4 1
Drop 4 0 0
Tile:6 8 4 1
Tile:2_flip 4 5 0
Tile:6 9 4 1
Tile:11_flip 5 4 0
Tile:9_flip 10 4 1
Tile:9_flip 5 3 0
Tile:10 10 3 1
Tile:6_flip 8 3 0
Tile:5 10 2 1
Tile:3 9 3 0
Malus 0 0 1
Drop 0 0 0
Tile:0 11 2 1
Drop 3 0 0
Tile:9_flip 12 2 1
GAMEOVER WINNER 1
# Game ended: Sat Apr 11 21:20:02 EDT 2020
