# Server version 0.08 running on 192.168.2.221:8123
# Game ID: 431
# Board class: Saboteur.SaboteurBoard
# Timeout: 2000
# First Move Timeout: 30000
# Date: Sat Apr 11 20:35:29 EDT 2020
# Player 1: Player-0, '260729564', running on 127.0.0.1
# Player 2: Player-1, 'RandomPlayer', running on 127.0.0.1
START Player-0 260729564
START Player-1 RandomPlayer
BoardInit:Map,Tile:5,Tile:7,Tile:7,Bonus,Tile:5,Map,Map,Map,Tile:9,Tile:5,Tile:5,Tile:8,Tile:9,Tile:7,Tile:0,Tile:1,Tile:4,Tile:11,Malus,Bonus,Tile:0,Tile:3,Tile:8,Tile:14,Destroy,Destroy,Tile:8,Tile:7,Bonus,Tile:6,Tile:6,Tile:10,Malus,Tile:8,Map,Tile:15,Tile:8,Tile:10,Tile:10,Tile:6-Tile:12,Tile:0,Tile:9,Destroy,Tile:6,Bonus,Tile:6-Tile:2,Tile:13,Tile:0,Tile:9,Map,Tile:7,Tile:9-Tile:hidden2,Tile:nugget,Tile:hidden1
Tile:12_flip 4 5 1
Map 12 3 0
Tile:9_flip 6 5 1
Tile:7_flip 6 6 0
Tile:7 5 4 1
Tile:5_flip 7 6 0
Drop 5 0 1
Tile:9 7 5 0
Map 12 7 1
Map 12 5 0
Map 12 7 1
Tile:9_flip 8 5 0
Tile:5 6 4 1
Tile:9 8 6 0
Tile:8 9 6 1
Tile:9_flip 10 6 0
Destroy 6 5 1
Drop 0 0 0
Tile:7 7 4 1
Drop 0 0 0
Tile:11 8 4 1
Malus 0 0 0
Bonus 0 0 1
Drop 5 0 0
Tile:0 9 4 1
Tile:5_flip 5 6 0
Tile:3 8 3 1
Tile:0 7 3 0
Drop 0 0 1
Tile:8 9 7 0
Tile:14 10 4 1
Destroy 6 4 0
Tile:6 4 4 1
Tile:7_flip 6 4 0
Tile:6_flip 4 3 1
Malus 0 0 0
Destroy 9 7 1
Tile:0 5 3 0
Bonus 0 0 1
Tile:8 6 3 0
Drop 6 0 1
Tile:8 10 7 0
Tile:7 10 5 1
Tile:6 11 7 0
Tile:6_flip 3 4 1
Tile:10 12 6 0
GAMEOVER WINNER 0
# Game ended: Sat Apr 11 20:35:31 EDT 2020
