# Server version 0.08 running on 192.168.2.221:8123
# Game ID: 1376
# Board class: Saboteur.SaboteurBoard
# Timeout: 2000
# First Move Timeout: 30000
# Date: Sat Apr 11 22:03:35 EDT 2020
# Player 1: Player-0, 'RandomPlayer', running on 127.0.0.1
# Player 2: Player-1, '260729564', running on 127.0.0.1
START Player-0 RandomPlayer
START Player-1 260729564
BoardInit:Tile:8,Tile:14,Destroy,Tile:10,Tile:1,Map,Tile:9,Tile:2,Tile:8,Tile:15,Bonus,Tile:5,Tile:5,Malus,Malus,Tile:6,Map,Tile:9,Tile:6,Tile:9,Tile:6,Tile:0,Tile:5,Tile:0,Map,Bonus,Tile:6,Tile:10,Tile:7,Map,Tile:8,Tile:12,Tile:0,Tile:8,Tile:11,Map,Bonus,Bonus,Tile:13,Tile:7,Tile:6-Destroy,Tile:9,Tile:10,Tile:5,Destroy,Tile:7,Tile:4-Tile:9,Map,Tile:7,Tile:0,Tile:7,Tile:3,Tile:8-Tile:hidden1,Tile:hidden2,Tile:nugget
Tile:9_flip 6 5 1
Tile:7_flip 5 6 0
Tile:8 6 6 1
Map 12 7 0
Tile:5_flip 7 6 1
Drop 2 0 0
Tile:10 7 5 1
Tile:9_flip 6 7 0
Tile:9 7 4 1
Tile:14_flip 5 7 0
Tile:8 8 4 1
Tile:0 4 5 0
Tile:7 9 4 1
Tile:8 6 8 0
Tile:5 8 3 1
Malus 0 0 0
Bonus 0 0 1
Tile:3_flip 9 5 0
Map 12 3 1
Tile:2_flip 9 3 0
Malus 0 0 1
Map 12 7 0
Tile:6_flip 7 8 1
Drop 0 0 0
Tile:6_flip 8 8 1
Drop 2 0 0
Map 12 5 1
Drop 0 0 0
Tile:6 9 8 1
Drop 6 0 0
Tile:5_flip 10 8 1
Drop 3 0 0
Tile:8 10 7 1
Map 12 7 0
Tile:0 11 7 1
GAMEOVER WINNER 1
# Game ended: Sat Apr 11 22:03:35 EDT 2020
