# Server version 0.08 running on 192.168.2.221:8123
# Game ID: 1061
# Board class: Saboteur.SaboteurBoard
# Timeout: 2000
# First Move Timeout: 30000
# Date: Sat Apr 11 21:30:48 EDT 2020
# Player 1: Player-0, '260729564', running on 127.0.0.1
# Player 2: Player-1, 'RandomPlayer', running on 127.0.0.1
START Player-0 260729564
START Player-1 RandomPlayer
BoardInit:Tile:9,Map,Tile:0,Map,Tile:6,Tile:9,Tile:13,Tile:11,Destroy,Map,Tile:8,Tile:15,Tile:6,Map,Tile:6,Tile:0,Tile:7,Tile:9,Tile:3,Destroy,Map,Malus,Tile:6,Tile:7,Tile:6,Tile:14,Tile:0,Bonus,Tile:12,Bonus,Bonus,Tile:5,Tile:7,Map,Malus,Tile:10,Tile:5,Tile:8,Tile:7,Tile:2,Tile:1-Tile:9,Tile:7,Tile:10,Tile:8,Bonus,Tile:9,Tile:8-Tile:4,Tile:8,Tile:0,Tile:5,Tile:5,Destroy,Tile:10-Tile:hidden2,Tile:hidden1,Tile:nugget
Tile:9_flip 5 4 1
Tile:8 6 5 0
Tile:9 5 3 1
Map 12 3 0
Tile:8 7 5 1
Map 12 5 0
Tile:6 4 4 1
Tile:9_flip 8 5 0
Tile:10 8 4 1
Tile:10 8 6 0
Tile:7 7 4 1
Tile:5 8 3 0
Tile:9_flip 9 3 1
Tile:5 9 2 0
Tile:8 5 6 1
Tile:0 10 2 0
Tile:6_flip 3 4 1
Tile:0 11 2 0
Tile:6_flip 12 2 1
Tile:9_flip 7 6 0
Tile:3 13 3 1
Drop 0 0 0
Tile:13 13 4 1
Malus 0 0 0
Destroy 11 2 1
Tile:7_flip 9 4 0
Drop 3 0 1
Drop 1 0 0
Drop 4 0 1
Drop 1 0 0
Bonus 0 0 1
Drop 1 0 0
Tile:6 6 6 1
Tile:5_flip 10 4 0
Tile:8 13 5 1
Drop 1 0 0
Tile:7 4 3 1
Tile:10 8 7 0
Tile:12_flip 3 3 1
Tile:8 8 8 0
Tile:0 7 8 1
Drop 2 0 0
Map 12 7 1
Drop 3 0 0
Drop 1 0 1
Drop 3 0 0
Tile:0 6 3 1
Drop 3 0 0
Tile:5_flip 5 7 1
Destroy 9 3 0
Tile:1 6 8 1
Destroy 6 6 0
Tile:7_flip 13 6 1
Drop 0 0 0
Malus 0 0 1
GAMEOVER DRAW
# Game ended: Sat Apr 11 21:30:49 EDT 2020
