# Server version 0.08 running on 192.168.2.221:8123
# Game ID: 696
# Board class: Saboteur.SaboteurBoard
# Timeout: 2000
# First Move Timeout: 30000
# Date: Sat Apr 11 21:06:38 EDT 2020
# Player 1: Player-0, 'RandomPlayer', running on 127.0.0.1
# Player 2: Player-1, '260729564', running on 127.0.0.1
START Player-0 RandomPlayer
START Player-1 260729564
BoardInit:Tile:7,Malus,Tile:8,Tile:9,Map,Tile:8,Tile:10,Tile:3,Tile:0,Tile:8,Malus,Bonus,Tile:0,Tile:5,Tile:9,Tile:6,Bonus,Tile:8,Bonus,Tile:8,Destroy,Tile:7,Tile:9,Tile:7,Tile:14,Tile:1,Tile:7,Tile:9,Tile:10,Tile:6,Tile:6,Tile:11,Tile:5,Destroy,Tile:5,Tile:9,Tile:6,Map,Bonus,Tile:7,Map-Tile:0,Tile:5,Tile:15,Destroy,Tile:13,Tile:6,Tile:4-Tile:12,Tile:0,Map,Tile:2,Map,Map,Tile:10-Tile:hidden1,Tile:hidden2,Tile:nugget
Tile:0 6 5 1
Drop 3 0 0
Tile:6 7 5 1
Drop 1 0 0
Tile:8 8 5 1
Tile:10 5 4 0
Map 12 3 1
Drop 4 0 0
Tile:5_flip 9 5 1
Tile:3_flip 4 5 0
Tile:10 9 4 1
Tile:8 5 6 0
Malus 0 0 1
Map 12 3 0
Tile:0 6 6 1
Map 12 3 0
Tile:9 9 3 1
Drop 0 0 0
Tile:0 10 3 1
Bonus 0 0 0
Tile:7 11 3 1
Tile:8 8 6 0
Destroy 11 3 1
Tile:8 7 4 0
Tile:9_flip 8 4 1
Tile:8 8 7 0
Drop 0 0 1
Tile:7 11 3 0
Tile:7_flip 11 4 1
Tile:6_flip 12 4 0
GAMEOVER TIMEOUT WINNER 0
# Game ended: Sat Apr 11 21:06:41 EDT 2020
