# Server version 0.08 running on 192.168.2.221:8123
# Game ID: 845
# Board class: Saboteur.SaboteurBoard
# Timeout: 2000
# First Move Timeout: 30000
# Date: Sat Apr 11 21:14:39 EDT 2020
# Player 1: Player-0, '260729564', running on 127.0.0.1
# Player 2: Player-1, 'RandomPlayer', running on 127.0.0.1
START Player-0 260729564
START Player-1 RandomPlayer
BoardInit:Tile:10,Tile:0,Tile:0,Bonus,Tile:9,Tile:5,Tile:11,Tile:8,Tile:7,Tile:6,Tile:10,Tile:9,Tile:13,Tile:6,Tile:0,Tile:10,Tile:1,Tile:4,Tile:6,Tile:5,Bonus,Map,Tile:7,Tile:2,Map,Tile:6,Tile:9,Malus,Malus,Tile:8,Bonus,Tile:8,Tile:8,Tile:0,Bonus,Tile:14,Map,Destroy,Tile:7,Tile:15,Tile:8-Tile:5,Tile:9,Destroy,Destroy,Tile:9,Map,Tile:5-Tile:12,Tile:7,Tile:3,Map,Map,Tile:7,Tile:6-Tile:nugget,Tile:hidden2,Tile:hidden1
Tile:9 5 4 1
Map 12 3 0
Tile:5 5 3 1
Tile:6 6 4 0
Destroy 6 4 1
Tile:0 6 4 0
Drop 2 0 1
Tile:7 7 4 0
Tile:0 6 3 1
Tile:8 7 5 0
Tile:5_flip 7 3 1
Tile:6 8 5 0
Tile:9_flip 9 5 1
Tile:9 9 4 0
Tile:9 7 2 1
Tile:6 10 4 0
Tile:11_flip 9 3 1
Tile:7 11 4 0
Destroy 5 4 1
Tile:10 5 6 0
Tile:13 7 6 1
Tile:5 6 6 0
Tile:6 4 5 1
Drop 0 0 0
Tile:10 10 3 1
Drop 0 0 0
Tile:7 4 4 1
Tile:6 5 7 0
Tile:1 6 5 1
Malus 0 0 0
Bonus 0 0 1
Tile:8 6 7 0
Malus 0 0 1
Bonus 0 0 0
Tile:9_flip 9 6 1
Tile:8 7 7 0
Drop 6 0 1
Tile:0 8 7 0
Map 12 7 1
Drop 0 0 0
Drop 0 0 1
Drop 0 0 0
Tile:0 8 6 1
Drop 1 0 0
Tile:8 7 8 1
Drop 1 0 0
Tile:8 8 2 1
Drop 1 0 0
Map 12 5 1
Drop 2 0 0
Tile:7 7 1 1
Drop 0 0 0
Tile:7_flip 8 3 1
Destroy 7 8 0
Drop 0 0 1
GAMEOVER DRAW
# Game ended: Sat Apr 11 21:14:41 EDT 2020
