# Server version 0.08 running on 192.168.2.221:8123
# Game ID: 769
# Board class: Saboteur.SaboteurBoard
# Timeout: 2000
# First Move Timeout: 30000
# Date: Sat Apr 11 21:09:50 EDT 2020
# Player 1: Player-0, '260729564', running on 127.0.0.1
# Player 2: Player-1, 'RandomPlayer', running on 127.0.0.1
START Player-0 260729564
START Player-1 RandomPlayer
BoardInit:Tile:2,Tile:7,Bonus,Tile:14,Destroy,Tile:13,Tile:6,Tile:5,Tile:8,Tile:9,Map,Tile:0,Tile:9,Tile:15,Map,Tile:9,Tile:8,Tile:0,Bonus,Tile:11,Map,Tile:7,Tile:9,Malus,Tile:10,Tile:12,Tile:6,Tile:6,Tile:10,Map,Tile:1,Bonus,Map,Tile:9,Tile:4,Destroy,Bonus,Tile:7,Tile:10,Destroy,Tile:8-Tile:7,Tile:5,Map,Tile:6,Tile:0,Malus,Tile:8-Tile:0,Tile:5,Tile:3,Tile:7,Tile:5,Tile:8,Tile:6-Tile:nugget,Tile:hidden1,Tile:hidden2
Tile:8 5 4 1
Tile:8 6 4 0
Tile:0 7 4 1
Tile:0 8 4 0
Tile:5 5 3 1
Tile:6 9 4 0
Tile:6 4 5 1
Tile:5_flip 10 4 0
Destroy 4 5 1
Tile:5 10 3 0
Drop 1 0 1
Tile:7 11 3 0
Tile:8 4 5 1
Tile:9 11 4 0
Tile:9_flip 12 4 1
GAMEOVER WINNER 1
# Game ended: Sat Apr 11 21:09:51 EDT 2020
