# Server version 0.08 running on 192.168.2.221:8123
# Game ID: 1046
# Board class: Saboteur.SaboteurBoard
# Timeout: 2000
# First Move Timeout: 30000
# Date: Sat Apr 11 21:30:17 EDT 2020
# Player 1: Player-0, 'RandomPlayer', running on 127.0.0.1
# Player 2: Player-1, '260729564', running on 127.0.0.1
START Player-0 RandomPlayer
START Player-1 260729564
BoardInit:Destroy,Bonus,Malus,Tile:11,Tile:1,Tile:8,Map,Tile:8,Tile:6,Destroy,Tile:14,Tile:7,Bonus,Tile:5,Tile:15,Map,Tile:7,Tile:9,Tile:6,Tile:6,Tile:0,Tile:5,Tile:0,Tile:8,Tile:5,Tile:2,Tile:13,Malus,Tile:6,Map,Map,Tile:5,Map,Tile:3,Tile:9,Tile:10,Tile:7,Tile:9,Map,Tile:0,Tile:0-Tile:7,Tile:8,Tile:9,Tile:8,Tile:10,Tile:9,Tile:4-Tile:12,Bonus,Tile:10,Tile:7,Tile:6,Destroy,Bonus-Tile:hidden2,Tile:nugget,Tile:hidden1
Tile:8 6 5 1
Drop 3 0 0
Tile:8 7 5 1
Destroy 6 5 0
Malus 0 0 1
Drop 2 0 0
Tile:9 5 4 1
Bonus 0 0 0
Map 12 3 1
Tile:8 6 5 0
Tile:6 8 5 1
Drop 1 0 0
Tile:9_flip 9 5 1
Tile:11 7 4 0
Tile:10 9 4 1
Tile:7 8 4 0
Tile:7_flip 9 6 1
Tile:5_flip 5 6 0
Tile:7 10 6 1
Tile:9_flip 6 4 0
Tile:6 10 7 1
Destroy 7 4 0
Tile:0 11 7 1
Tile:5 4 6 0
Tile:0 13 7 1
Tile:8 7 6 0
Tile:5 12 6 1
Tile:6 12 8 0
Destroy 12 6 1
Tile:12_flip 4 5 0
Tile:6_flip 13 8 1
Tile:2 5 3 0
Map 12 5 1
Tile:5 9 7 0
Drop 0 0 1
Tile:3_flip 4 3 0
GAMEOVER TIMEOUT WINNER 0
# Game ended: Sat Apr 11 21:30:21 EDT 2020
