# Server version 0.08 running on 192.168.2.221:8123
# Game ID: 623
# Board class: Saboteur.SaboteurBoard
# Timeout: 2000
# First Move Timeout: 30000
# Date: Sat Apr 11 20:59:46 EDT 2020
# Player 1: Player-0, '260729564', running on 127.0.0.1
# Player 2: Player-1, 'RandomPlayer', running on 127.0.0.1
START Player-0 260729564
START Player-1 RandomPlayer
BoardInit:Bonus,Tile:0,Tile:9,Malus,Tile:5,Tile:6,Tile:9,Destroy,Tile:10,Tile:0,Tile:7,Tile:8,Tile:7,Tile:3,Destroy,Tile:8,Tile:2,Tile:13,Tile:6,Map,Tile:0,Tile:7,Map,Bonus,Bonus,Bonus,Destroy,Tile:5,Map,Tile:6,Tile:8,Tile:5,Tile:4,Tile:7,Tile:11,Malus,Tile:14,Tile:1,Tile:6,Tile:0,Tile:15-Tile:9,Tile:8,Tile:12,Tile:7,Tile:9,Map,Tile:6-Map,Tile:5,Tile:9,Tile:10,Tile:8,Tile:10,Map-Tile:hidden1,Tile:hidden2,Tile:nugget
Tile:6 6 5 1
Map 12 3 0
Tile:7_flip 5 6 1
Map 12 5 0
Tile:12 6 6 1
Malus 0 0 0
Drop 2 0 1
Tile:8 7 5 0
Map 12 7 1
Tile:0 8 5 0
Bonus 0 0 1
Tile:6 9 5 0
Tile:9_flip 10 5 1
Tile:8 10 6 0
Tile:9_flip 10 4 1
Tile:0 11 6 0
Tile:10 10 7 1
Tile:9_flip 12 6 0
GAMEOVER WINNER 0
# Game ended: Sat Apr 11 20:59:46 EDT 2020
