# Server version 0.08 running on 192.168.2.221:8123
# Game ID: 952
# Board class: Saboteur.SaboteurBoard
# Timeout: 2000
# First Move Timeout: 30000
# Date: Sat Apr 11 21:21:58 EDT 2020
# Player 1: Player-0, 'RandomPlayer', running on 127.0.0.1
# Player 2: Player-1, '260729564', running on 127.0.0.1
START Player-0 RandomPlayer
START Player-1 260729564
BoardInit:Destroy,Map,Tile:7,Tile:11,Tile:8,Tile:6,Tile:5,Tile:7,Tile:0,Tile:0,Tile:10,Map,Tile:7,Tile:1,Tile:6,Tile:8,Tile:10,Tile:12,Tile:6,Malus,Tile:10,Bonus,Tile:8,Tile:8,Malus,Tile:13,Destroy,Tile:7,Map,Tile:9,Tile:2,Tile:6,Tile:6,Bonus,Tile:9,Tile:5,Tile:9,Tile:15,Bonus,Map,Map-Tile:8,Tile:0,Map,Tile:3,Tile:4,Destroy,Tile:9-Tile:9,Tile:14,Tile:7,Tile:5,Tile:0,Tile:5,Bonus-Tile:nugget,Tile:hidden1,Tile:hidden2
Map 12 3 1
Tile:5 5 4 0
Tile:8 6 4 1
Tile:0 4 5 0
Tile:9_flip 7 4 1
Tile:9 6 3 0
Tile:8 7 3 1
Tile:6_flip 3 5 0
Tile:0 8 3 1
Tile:7 7 2 0
Tile:0 9 3 1
Tile:11_flip 6 5 0
Tile:7 10 3 1
Tile:5 2 5 0
Tile:10 10 4 1
Drop 2 0 0
Tile:6 10 5 1
Tile:14 2 6 0
Tile:10 7 5 1
Tile:7_flip 6 6 0
Tile:6 11 5 1
Tile:8 7 6 0
GAMEOVER TIMEOUT WINNER 0
# Game ended: Sat Apr 11 21:22:02 EDT 2020
