# Server version 0.08 running on 192.168.2.221:8123
# Game ID: 957
# Board class: Saboteur.SaboteurBoard
# Timeout: 2000
# First Move Timeout: 30000
# Date: Sat Apr 11 21:22:15 EDT 2020
# Player 1: Player-0, '260729564', running on 127.0.0.1
# Player 2: Player-1, 'RandomPlayer', running on 127.0.0.1
START Player-0 260729564
START Player-1 RandomPlayer
BoardInit:Destroy,Bonus,Bonus,Tile:15,Tile:8,Tile:9,Tile:12,Tile:10,Tile:0,Tile:3,Map,Tile:14,Tile:13,Bonus,Tile:6,Malus,Tile:2,Tile:9,Destroy,Tile:5,Bonus,Tile:1,Map,Tile:0,Map,Tile:7,Map,Tile:10,Tile:7,Tile:6,Tile:9,Tile:0,Tile:10,Tile:8,Tile:8,Tile:6,Tile:8,Tile:5,Map,Tile:4,Tile:9-Tile:5,Tile:7,Destroy,Tile:5,Tile:7,Tile:11,Tile:9-Map,Tile:6,Malus,Tile:8,Tile:6,Tile:7,Tile:0-Tile:nugget,Tile:hidden2,Tile:hidden1
Tile:5_flip 5 6 1
Map 12 3 0
Tile:11_flip 6 5 1
Malus 0 0 0
Drop 6 0 1
Tile:8 5 4 0
Drop 1 0 1
Tile:9_flip 6 4 0
Destroy 6 4 1
Tile:6_flip 6 4 0
Drop 4 0 1
Tile:6 7 4 0
Drop 4 0 1
Tile:0 8 4 0
Map 12 7 1
Tile:7 9 4 0
Drop 5 0 1
Malus 0 0 0
Drop 3 0 1
Tile:10 9 5 0
Drop 4 0 1
Tile:9 9 6 0
Drop 0 0 1
Tile:5_flip 10 6 0
Destroy 6 4 1
Drop 1 0 0
Bonus 0 0 1
Tile:7_flip 6 6 0
Drop 5 0 1
Tile:10 5 3 0
Map 12 7 1
Tile:6_flip 6 4 0
Map 12 3 1
Drop 1 0 0
Drop 3 0 1
Tile:8 7 3 0
Drop 3 0 1
Tile:6 9 7 0
Drop 6 0 1
Tile:5 10 5 0
Drop 6 0 1
Tile:0 11 5 0
Drop 0 0 1
Tile:0 13 5 0
Drop 4 0 1
Drop 1 0 0
Drop 2 0 1
Drop 1 0 0
Drop 0 0 1
Drop 1 0 0
Drop 0 0 1
Drop 1 0 0
Drop 1 0 1
Drop 0 0 0
Drop 0 0 1
GAMEOVER DRAW
# Game ended: Sat Apr 11 21:22:16 EDT 2020
