# Server version 0.08 running on 192.168.2.221:8123
# Game ID: 1383
# Board class: Saboteur.SaboteurBoard
# Timeout: 2000
# First Move Timeout: 30000
# Date: Sat Apr 11 22:04:06 EDT 2020
# Player 1: Player-0, '260729564', running on 127.0.0.1
# Player 2: Player-1, 'RandomPlayer', running on 127.0.0.1
START Player-0 260729564
START Player-1 RandomPlayer
BoardInit:Tile:9,Tile:12,Tile:0,Tile:10,Tile:9,Bonus,Tile:4,Tile:15,Tile:0,Tile:8,Map,Tile:8,Tile:6,Destroy,Tile:2,Tile:1,Tile:3,Malus,Map,Map,Map,Tile:5,Tile:9,Tile:5,Tile:0,Tile:9,Tile:10,Tile:7,Destroy,Tile:7,Map,Tile:7,Destroy,Tile:6,Tile:14,Tile:13,Tile:6,Tile:0,Tile:6,Bonus,Map-Tile:8,Tile:10,Tile:7,Tile:8,Tile:11,Tile:9,Bonus-Tile:7,Tile:6,Tile:5,Tile:8,Tile:5,Bonus,Malus-Tile:nugget,Tile:hidden1,Tile:hidden2
Tile:11_flip 6 5 1
Malus 0 0 0
Drop 1 0 1
Tile:8 5 4 0
Drop 4 0 1
Tile:10 5 6 0
Drop 5 0 1
Tile:6_flip 6 4 0
Drop 1 0 1
Tile:7 7 4 0
Drop 4 0 1
Tile:8 5 3 0
Drop 4 0 1
Tile:8 5 7 0
Map 12 7 1
Tile:5_flip 6 3 0
Drop 5 0 1
Tile:5_flip 6 7 0
Drop 3 0 1
Malus 0 0 0
Map 12 7 1
Map 12 3 0
Map 12 7 1
Tile:5 6 2 0
Drop 2 0 1
Tile:5_flip 7 2 0
Drop 0 0 1
Tile:9 7 5 0
Drop 5 0 1
Tile:7 8 5 0
Destroy 5 3 1
Tile:7_flip 8 6 0
Map 12 3 1
Tile:7 9 6 0
Destroy 6 2 1
Tile:6 9 7 0
Drop 3 0 1
Drop 1 0 0
Drop 6 0 1
Tile:0 10 7 0
Drop 2 0 1
Drop 1 0 0
Drop 4 0 1
Drop 1 0 0
Drop 1 0 1
Drop 2 0 0
Map 12 5 1
Drop 2 0 0
Drop 0 0 1
Drop 2 0 0
Drop 0 0 1
Destroy 6 5 0
Drop 1 0 1
Drop 0 0 0
Drop 0 0 1
GAMEOVER DRAW
# Game ended: Sat Apr 11 22:04:07 EDT 2020
