# Server version 0.08 running on 192.168.2.221:8123
# Game ID: 125
# Board class: Saboteur.SaboteurBoard
# Timeout: 2000
# First Move Timeout: 30000
# Date: Sat Apr 11 16:20:13 EDT 2020
# Player 1: Player-0, '260729564', running on 127.0.0.1
# Player 2: Player-1, 'RandomPlayer', running on 127.0.0.1
START Player-0 260729564
START Player-1 RandomPlayer
BoardInit:Tile:11,Map,Map,Tile:12,Map,Tile:10,Tile:9,Tile:5,Tile:7,Tile:10,Destroy,Destroy,Tile:8,Tile:0,Bonus,Bonus,Tile:8,Tile:8,Tile:2,Tile:5,Tile:14,Bonus,Tile:8,Tile:15,Tile:6,Tile:9,Tile:7,Malus,Tile:9,Tile:0,Tile:6,Bonus,Tile:5,Malus,Tile:1,Destroy,Tile:9,Tile:7,Tile:10,Tile:6,Tile:0-Tile:9,Tile:8,Tile:6,Tile:3,Tile:6,Map,Tile:7-Tile:13,Tile:0,Tile:5,Tile:7,Map,Map,Tile:4-Tile:hidden2,Tile:nugget,Tile:hidden1
Tile:6 5 6 1
Map 12 3 0
Tile:9_flip 6 5 1
Map 12 5 0
Map 12 7 1
Tile:5 6 4 0
Tile:11_flip 5 4 1
Tile:7 7 4 0
Tile:7_flip 4 4 1
Tile:10 7 5 0
Map 12 7 1
Tile:10 7 6 0
Destroy 6 5 1
Tile:5_flip 6 6 0
Tile:9_flip 6 5 1
Drop 0 0 0
Drop 0 0 1
Drop 1 0 0
Tile:8 7 7 1
Tile:8 8 7 0
Tile:2_flip 7 8 1
Tile:5_flip 9 7 0
Tile:14 8 8 1
Tile:0 6 7 0
Map 12 5 1
Tile:0 6 8 0
Tile:6_flip 5 8 1
Tile:9 9 6 0
Drop 2 0 1
Malus 0 0 0
Drop 0 0 1
Tile:0 10 6 0
Drop 6 0 1
Drop 0 0 0
Drop 3 0 1
Malus 0 0 0
Drop 3 0 1
Drop 0 0 0
Drop 6 0 1
Tile:7 11 6 0
Drop 2 0 1
Tile:6 11 7 0
Drop 0 0 1
Drop 2 0 0
Drop 4 0 1
Drop 2 0 0
Drop 2 0 1
Drop 2 0 0
Drop 0 0 1
Destroy 6 4 0
Drop 0 0 1
Drop 0 0 0
Drop 1 0 1
Destroy 7 7 0
Drop 0 0 1
GAMEOVER DRAW
# Game ended: Sat Apr 11 16:20:13 EDT 2020
