# Server version 0.08 running on 192.168.2.221:8123
# Game ID: 1221
# Board class: Saboteur.SaboteurBoard
# Timeout: 2000
# First Move Timeout: 30000
# Date: Sat Apr 11 21:39:42 EDT 2020
# Player 1: Player-0, '260729564', running on 127.0.0.1
# Player 2: Player-1, 'RandomPlayer', running on 127.0.0.1
START Player-0 260729564
START Player-1 RandomPlayer
BoardInit:Tile:13,Map,Tile:2,Tile:6,Tile:9,Map,Tile:10,Tile:3,Tile:9,Tile:10,Tile:14,Tile:8,Bonus,Tile:9,Bonus,Tile:5,Map,Tile:6,Destroy,Tile:15,Tile:4,Tile:12,Tile:6,Destroy,Tile:7,Tile:9,Tile:9,Tile:8,Map,Tile:8,Tile:0,Bonus,Tile:0,Tile:7,Malus,Tile:0,Tile:7,Tile:5,Tile:1,Tile:8,Tile:10-Tile:6,Tile:6,Tile:11,Bonus,Tile:7,Malus,Destroy-Tile:5,Map,Tile:7,Tile:5,Map,Tile:0,Tile:8-Tile:hidden2,Tile:hidden1,Tile:nugget
Tile:6_flip 6 5 1
Map 12 3 0
Tile:7_flip 4 5 1
Map 12 5 0
Tile:11_flip 5 4 1
Tile:8 6 6 0
Tile:13 7 6 1
Tile:6_flip 7 5 0
Malus 0 0 1
Drop 4 0 0
Tile:2_flip 7 7 1
Drop 4 0 0
Tile:9 5 3 1
Drop 4 0 0
Tile:6_flip 8 5 1
Drop 0 0 0
Drop 1 0 1
Drop 0 0 0
Tile:14 8 7 1
Drop 0 0 0
Destroy 5 3 1
Drop 6 0 0
Drop 5 0 1
Drop 6 0 0
Tile:6 6 7 1
Drop 0 0 0
Tile:7_flip 5 6 1
Drop 0 0 0
Tile:9 4 4 1
Drop 0 0 0
Drop 3 0 1
Drop 0 0 0
Tile:9 5 3 1
Bonus 0 0 0
Tile:10 4 3 1
Tile:8 8 6 0
Tile:0 9 5 1
Tile:8 10 5 0
Tile:4 5 2 1
Tile:7 11 5 0
Map 12 3 1
Tile:9 11 6 0
Tile:0 12 6 1
Tile:6 13 6 0
Drop 2 0 1
Tile:8 13 5 0
Tile:1 9 6 1
Tile:5 13 4 0
Tile:7 6 3 1
Tile:5 10 4 0
Tile:10 11 7 1
Tile:0 11 4 0
Drop 1 0 1
Destroy 11 5 0
Drop 0 0 1
GAMEOVER DRAW
# Game ended: Sat Apr 11 21:39:43 EDT 2020
