# Server version 0.08 running on 192.168.2.221:8123
# Game ID: 629
# Board class: Saboteur.SaboteurBoard
# Timeout: 2000
# First Move Timeout: 30000
# Date: Sat Apr 11 21:00:09 EDT 2020
# Player 1: Player-0, '260729564', running on 127.0.0.1
# Player 2: Player-1, 'RandomPlayer', running on 127.0.0.1
START Player-0 260729564
START Player-1 RandomPlayer
BoardInit:Tile:3,Tile:10,Map,Tile:1,Tile:0,Map,Tile:9,Tile:0,Tile:7,Tile:10,Destroy,Tile:6,Tile:0,Bonus,Tile:9,Tile:6,Tile:6,Tile:7,Tile:8,Tile:10,Tile:9,Tile:11,Tile:7,Bonus,Tile:8,Tile:15,Map,Tile:5,Tile:9,Tile:12,Map,Malus,Tile:5,Tile:8,Bonus,Bonus,Tile:8,Tile:9,Tile:6,Tile:7,Destroy-Destroy,Tile:2,Tile:5,Tile:4,Tile:5,Tile:13,Malus-Tile:7,Tile:6,Map,Tile:0,Map,Tile:8,Tile:14-Tile:hidden1,Tile:nugget,Tile:hidden2
Drop 3 0 1
Map 12 3 0
Tile:2 5 4 1
Map 12 5 0
Tile:3_flip 4 5 1
Tile:8 6 5 0
Tile:13 6 6 1
Tile:6 7 5 0
Tile:5 4 4 1
Tile:0 8 5 0
Tile:9 6 7 1
Tile:0 9 5 0
Destroy 6 7 1
Tile:6 10 5 0
Destroy 4 4 1
Tile:10 10 4 0
Tile:0 7 6 1
Tile:6 11 5 0
GAMEOVER WINNER 0
# Game ended: Sat Apr 11 21:00:09 EDT 2020
