# Server version 0.08 running on 192.168.2.221:8123
# Game ID: 809
# Board class: Saboteur.SaboteurBoard
# Timeout: 2000
# First Move Timeout: 30000
# Date: Sat Apr 11 21:13:10 EDT 2020
# Player 1: Player-0, '260729564', running on 127.0.0.1
# Player 2: Player-1, 'RandomPlayer', running on 127.0.0.1
START Player-0 260729564
START Player-1 RandomPlayer
BoardInit:Map,Tile:12,Tile:1,Bonus,Tile:9,Map,Tile:6,Map,Tile:7,Tile:6,Tile:10,Tile:3,Tile:9,Bonus,Tile:7,Tile:13,Tile:8,Tile:5,Bonus,Tile:5,Tile:11,Tile:7,Tile:8,Map,Tile:14,Bonus,Tile:0,Malus,Map,Tile:15,Map,Tile:10,Tile:9,Tile:4,Tile:5,Tile:5,Tile:8,Tile:6,Tile:0,Tile:7,Tile:9-Tile:0,Tile:6,Malus,Tile:8,Tile:6,Tile:9,Tile:0-Destroy,Tile:7,Tile:2,Destroy,Tile:8,Destroy,Tile:10-Tile:hidden1,Tile:nugget,Tile:hidden2
Tile:9_flip 5 4 1
Tile:8 6 5 0
Tile:0 4 5 1
Tile:7 7 5 0
Tile:6 3 5 1
Tile:10 7 6 0
Tile:9 5 3 1
Map 12 3 0
Tile:6 5 6 1
Map 12 5 0
Tile:7_flip 7 7 1
Tile:6_flip 8 7 0
Tile:6_flip 4 6 1
Drop 1 0 0
Tile:1 6 3 1
Drop 3 0 0
Tile:9_flip 6 6 1
Drop 4 0 0
Tile:8 5 2 1
Tile:5_flip 9 7 0
Drop 4 0 1
Tile:5 9 6 0
Tile:11 3 4 1
Tile:7 10 6 0
Tile:0 4 2 1
Drop 4 0 0
Tile:8 3 2 1
Drop 4 0 0
Tile:0 6 2 1
Malus 0 0 0
Malus 0 0 1
Bonus 0 0 0
Map 12 7 1
Tile:10 10 7 0
Drop 3 0 1
Drop 3 0 0
Map 12 7 1
Tile:5 6 4 0
Map 12 5 1
Tile:6 10 8 0
Drop 4 0 1
Tile:7 11 8 0
Drop 5 0 1
Drop 4 0 0
Drop 4 0 1
Drop 4 0 0
Drop 3 0 1
Destroy 11 8 0
Drop 2 0 1
Destroy 8 7 0
Drop 0 0 1
Destroy 7 5 0
Bonus 0 0 1
Drop 0 0 0
Drop 0 0 1
GAMEOVER DRAW
# Game ended: Sat Apr 11 21:13:10 EDT 2020
