# Server version 0.08 running on 192.168.2.221:8123
# Game ID: 617
# Board class: Saboteur.SaboteurBoard
# Timeout: 2000
# First Move Timeout: 30000
# Date: Sat Apr 11 20:59:02 EDT 2020
# Player 1: Player-0, '260729564', running on 127.0.0.1
# Player 2: Player-1, 'RandomPlayer', running on 127.0.0.1
START Player-0 260729564
START Player-1 RandomPlayer
BoardInit:Bonus,Tile:6,Tile:11,Tile:9,Tile:1,Tile:15,Malus,Tile:6,Tile:8,Tile:7,Map,Tile:8,Tile:13,Destroy,Tile:5,Tile:10,Map,Tile:7,Tile:5,Destroy,Tile:8,Tile:9,Tile:0,Tile:10,Bonus,Tile:0,Bonus,Tile:6,Tile:6,Tile:2,Tile:8,Tile:0,Tile:3,Map,Map,Tile:5,Tile:6,Malus,Tile:9,Tile:7,Map-Tile:0,Tile:5,Tile:12,Tile:7,Tile:9,Tile:9,Map-Destroy,Tile:7,Bonus,Tile:4,Tile:8,Tile:14,Tile:10-Tile:nugget,Tile:hidden2,Tile:hidden1
Tile:9_flip 5 6 1
Tile:8 6 5 0
Tile:9_flip 6 4 1
Tile:6 7 5 0
Tile:7_flip 4 6 1
Tile:9_flip 8 5 0
Tile:11_flip 5 7 1
Tile:10 8 4 0
Drop 0 0 1
Tile:6 8 6 0
Drop 0 0 1
Tile:7 9 6 0
Tile:8 5 4 1
Tile:8 9 7 0
Drop 2 0 1
Tile:7 10 7 0
Tile:5 5 3 1
Tile:10 10 8 0
Map 12 3 1
Tile:7_flip 10 9 0
Tile:5_flip 9 8 1
Drop 2 0 0
Map 12 5 1
Tile:9 6 6 0
Tile:8 8 8 1
Tile:10 8 3 0
Tile:0 4 4 1
Tile:0 11 9 0
Drop 3 0 1
Tile:6_flip 7 6 0
Drop 3 0 1
Drop 2 0 0
Tile:6_flip 3 4 1
Tile:0 12 9 0
Tile:8 7 7 1
Map 12 3 0
Map 12 5 1
Tile:5 8 2 0
Tile:6_flip 8 7 1
Malus 0 0 0
Drop 6 0 1
GAMEOVER TIMEOUT WINNER 1
# Game ended: Sat Apr 11 20:59:07 EDT 2020
