# Server version 0.08 running on 192.168.2.221:8123
# Game ID: 1433
# Board class: Saboteur.SaboteurBoard
# Timeout: 2000
# First Move Timeout: 30000
# Date: Sat Apr 11 22:06:19 EDT 2020
# Player 1: Player-0, '260729564', running on 127.0.0.1
# Player 2: Player-1, 'RandomPlayer', running on 127.0.0.1
START Player-0 260729564
START Player-1 RandomPlayer
BoardInit:Tile:10,Tile:4,Tile:15,Tile:5,Tile:6,Tile:5,Tile:1,Tile:7,Tile:10,Tile:9,Tile:6,Tile:5,Tile:8,Malus,Map,Destroy,Tile:5,Tile:8,Tile:0,Map,Map,Map,Bonus,Destroy,Bonus,Bonus,Tile:11,Tile:13,Tile:6,Tile:8,Tile:12,Tile:8,Tile:7,Tile:9,Tile:0,Tile:0,Tile:0,Bonus,Map,Tile:10,Tile:9-Tile:7,Tile:7,Destroy,Tile:9,Tile:9,Tile:2,Tile:6-Malus,Tile:14,Tile:7,Tile:6,Tile:3,Map,Tile:8-Tile:hidden2,Tile:nugget,Tile:hidden1
Tile:6 4 5 1
Map 12 3 0
Drop 5 0 1
Malus 0 0 0
Drop 4 0 1
Tile:8 6 5 0
Drop 5 0 1
Tile:6 7 5 0
Destroy 6 5 1
Tile:7_flip 5 6 0
Drop 4 0 1
Tile:9_flip 6 6 0
Drop 0 0 1
Tile:7_flip 6 7 0
Drop 0 0 1
Malus 0 0 0
Map 12 7 1
Tile:5_flip 7 7 0
Drop 3 0 1
Tile:8 6 5 0
Drop 2 0 1
Map 12 5 0
Map 12 7 1
Tile:5_flip 8 5 0
Drop 5 0 1
Tile:5 8 4 0
Drop 5 0 1
Drop 0 0 0
Drop 6 0 1
Drop 0 0 0
Drop 1 0 1
Tile:8 9 4 0
Drop 4 0 1
Tile:8 10 4 0
Drop 3 0 1
Tile:9_flip 11 4 0
Drop 3 0 1
Drop 0 0 0
Drop 6 0 1
Drop 1 0 0
Drop 6 0 1
Tile:10 10 5 0
Drop 0 0 1
Drop 3 0 0
Drop 4 0 1
Drop 4 0 0
Drop 2 0 1
Destroy 8 4 0
Drop 0 0 1
Destroy 7 5 0
Drop 0 0 1
Tile:0 7 5 0
Drop 1 0 1
Drop 0 0 0
Drop 0 0 1
GAMEOVER DRAW
# Game ended: Sat Apr 11 22:06:19 EDT 2020
