# Server version 0.08 running on 192.168.2.221:8123
# Game ID: 1261
# Board class: Saboteur.SaboteurBoard
# Timeout: 2000
# First Move Timeout: 30000
# Date: Sat Apr 11 21:42:11 EDT 2020
# Player 1: Player-0, '260729564', running on 127.0.0.1
# Player 2: Player-1, 'RandomPlayer', running on 127.0.0.1
START Player-0 260729564
START Player-1 RandomPlayer
BoardInit:Tile:5,Tile:15,Tile:8,Tile:5,Tile:11,Tile:9,Tile:10,Tile:7,Tile:6,Bonus,Tile:2,Tile:9,Tile:6,Map,Tile:10,Map,Tile:6,Map,Tile:1,Tile:5,Bonus,Tile:7,Tile:7,Tile:14,Tile:8,Destroy,Destroy,Tile:8,Tile:10,Bonus,Tile:6,Tile:7,Tile:9,Tile:9,Malus,Tile:5,Tile:0,Bonus,Tile:0,Map,Map-Tile:6,Tile:0,Tile:0,Tile:8,Destroy,Tile:4,Tile:12-Tile:13,Malus,Tile:8,Tile:7,Tile:9,Tile:3,Map-Tile:hidden1,Tile:hidden2,Tile:nugget
Drop 2 0 1
Map 12 3 0
Tile:5_flip 5 6 1
Malus 0 0 0
Drop 4 0 1
Tile:8 6 5 0
Drop 5 0 1
Tile:9_flip 7 5 0
Destroy 6 5 1
Tile:9 5 4 0
Drop 4 0 1
Tile:7 6 4 0
Drop 0 0 1
Tile:9 7 4 0
Drop 0 0 1
Map 12 5 0
Drop 5 0 1
Tile:5 5 3 0
Drop 3 0 1
Drop 0 0 0
Drop 2 0 1
Tile:5_flip 6 3 0
Drop 3 0 1
Drop 0 0 0
Drop 5 0 1
Drop 0 0 0
Drop 0 0 1
Drop 2 0 0
Destroy 7 4 1
Tile:8 6 5 0
Drop 0 0 1
Tile:7_flip 7 6 0
Drop 6 0 1
Tile:7 8 6 0
Drop 3 0 1
Tile:9 8 7 0
Drop 4 0 1
Tile:7 9 7 0
Drop 0 0 1
Tile:5 7 4 0
Drop 4 0 1
Drop 1 0 0
Drop 4 0 1
Drop 1 0 0
Drop 1 0 1
Drop 2 0 0
Map 12 5 1
Drop 2 0 0
Drop 0 0 1
Drop 2 0 0
Drop 0 0 1
Destroy 8 7 0
Drop 1 0 1
Drop 0 0 0
Drop 0 0 1
GAMEOVER DRAW
# Game ended: Sat Apr 11 21:42:12 EDT 2020
