# Server version 0.08 running on 192.168.2.221:8123
# Game ID: 101
# Board class: Saboteur.SaboteurBoard
# Timeout: 2000
# First Move Timeout: 30000
# Date: Sat Apr 11 16:19:16 EDT 2020
# Player 1: Player-0, '260729564', running on 127.0.0.1
# Player 2: Player-1, 'RandomPlayer', running on 127.0.0.1
START Player-0 260729564
START Player-1 RandomPlayer
BoardInit:Tile:6,Destroy,Tile:12,Tile:3,Map,Tile:5,Map,Tile:5,Tile:7,Tile:8,Bonus,Map,Map,Tile:8,Tile:5,Tile:14,Tile:7,Tile:4,Tile:1,Map,Tile:9,Tile:8,Tile:7,Tile:6,Destroy,Tile:0,Tile:7,Tile:8,Tile:9,Tile:6,Tile:0,Bonus,Tile:2,Malus,Tile:9,Tile:15,Destroy,Tile:9,Bonus,Tile:10,Malus-Map,Tile:6,Tile:5,Tile:9,Tile:10,Tile:6,Tile:0-Tile:10,Tile:0,Tile:13,Tile:8,Tile:7,Bonus,Tile:11-Tile:nugget,Tile:hidden1,Tile:hidden2
Tile:9_flip 5 4 1
Tile:8 6 5 0
Tile:0 7 5 1
Tile:0 8 5 0
Tile:6 9 5 1
Tile:7 10 5 0
Tile:5 4 4 1
Tile:5 9 4 0
Tile:6 4 5 1
Tile:5_flip 10 4 0
Tile:6_flip 3 5 1
Tile:8 10 6 0
Tile:10 6 4 1
Map 12 3 0
Drop 1 0 1
Tile:8 10 3 0
Tile:7_flip 5 6 1
Tile:10 10 2 0
Tile:5_flip 3 6 1
Drop 0 0 0
Map 12 3 1
Drop 1 0 0
Tile:7 6 3 1
Tile:8 11 3 0
GAMEOVER WINNER 0
# Game ended: Sat Apr 11 16:19:17 EDT 2020
