# Server version 0.08 running on 192.168.2.221:8123
# Game ID: 991
# Board class: Saboteur.SaboteurBoard
# Timeout: 2000
# First Move Timeout: 30000
# Date: Sat Apr 11 21:23:47 EDT 2020
# Player 1: Player-0, '260729564', running on 127.0.0.1
# Player 2: Player-1, 'RandomPlayer', running on 127.0.0.1
START Player-0 260729564
START Player-1 RandomPlayer
BoardInit:Tile:8,Tile:9,Tile:7,Tile:8,Tile:9,Map,Tile:13,Bonus,Tile:11,Tile:8,Tile:8,Tile:0,Tile:7,Tile:4,Tile:7,Bonus,Tile:6,Tile:0,Tile:6,Tile:8,Tile:3,Tile:15,Tile:14,Tile:6,Map,Tile:6,Bonus,Map,Tile:10,Destroy,Map,Tile:2,Tile:0,Tile:7,Tile:0,Tile:5,Tile:5,Tile:9,Tile:1,Tile:10,Tile:9-Tile:5,Tile:10,Tile:5,Malus,Destroy,Map,Tile:12-Map,Tile:6,Malus,Tile:7,Bonus,Destroy,Tile:9-Tile:hidden2,Tile:hidden1,Tile:nugget
Map 12 3 1
Map 12 3 0
Drop 1 0 1
Malus 0 0 0
Drop 4 0 1
Tile:8 6 5 0
Drop 5 0 1
Map 12 5 0
Drop 0 0 1
Tile:9_flip 7 5 0
Drop 1 0 1
Tile:8 7 6 0
Drop 4 0 1
Tile:9_flip 8 6 0
Destroy 7 6 1
Tile:7_flip 7 6 0
Drop 5 0 1
Tile:6 8 7 0
Drop 3 0 1
Tile:0 9 7 0
Drop 2 0 1
Tile:8 10 7 0
Drop 0 0 1
Tile:0 11 7 0
GAMEOVER WINNER 0
# Game ended: Sat Apr 11 21:23:47 EDT 2020
