# Server version 0.08 running on 192.168.2.221:8123
# Game ID: 1006
# Board class: Saboteur.SaboteurBoard
# Timeout: 2000
# First Move Timeout: 30000
# Date: Sat Apr 11 21:24:44 EDT 2020
# Player 1: Player-0, 'RandomPlayer', running on 127.0.0.1
# Player 2: Player-1, '260729564', running on 127.0.0.1
START Player-0 RandomPlayer
START Player-1 260729564
BoardInit:Tile:9,Tile:9,Map,Bonus,Tile:11,Tile:6,Tile:15,Destroy,Tile:9,Map,Malus,Tile:6,Bonus,Tile:10,Tile:6,Malus,Map,Tile:7,Tile:0,Tile:10,Tile:7,Tile:8,Tile:8,Destroy,Tile:9,Map,Tile:8,Tile:5,Tile:1,Tile:5,Tile:0,Tile:6,Tile:9,Tile:13,Tile:2,Map,Bonus,Tile:7,Tile:6,Tile:7,Destroy-Tile:10,Bonus,Map,Tile:5,Tile:4,Tile:3,Tile:12-Tile:0,Tile:5,Tile:7,Tile:0,Tile:8,Tile:14,Tile:8-Tile:hidden2,Tile:nugget,Tile:hidden1
Map 12 3 1
Tile:8 5 4 0
Tile:5_flip 6 4 1
Tile:0 4 4 0
Map 12 5 1
Drop 1 0 0
Tile:10 6 3 1
Tile:9_flip 5 3 0
Tile:9 6 2 1
Tile:8 6 1 0
Tile:9_flip 7 2 1
Drop 3 0 0
Malus 0 0 1
Destroy 6 3 0
Drop 1 0 1
Map 12 7 0
Tile:6_flip 6 5 1
Drop 1 0 0
Drop 1 0 1
Drop 3 0 0
Tile:0 7 5 1
Drop 2 0 0
Tile:7 8 5 1
Drop 3 0 0
Tile:8 8 6 1
Drop 0 0 0
Tile:9_flip 9 6 1
Destroy 5 4 0
Tile:8 9 7 1
Drop 4 0 0
Drop 1 0 1
Map 12 3 0
Tile:0 10 7 1
Drop 6 0 0
Tile:9 9 5 1
Drop 3 0 0
Drop 1 0 1
Drop 2 0 0
Drop 1 0 1
Map 12 5 0
Tile:6 11 7 1
Drop 2 0 0
Drop 1 0 1
Drop 1 0 0
Drop 1 0 1
Drop 3 0 0
Drop 1 0 1
Drop 0 0 0
Drop 1 0 1
Drop 2 0 0
Drop 1 0 1
Drop 0 0 0
Destroy 6 5 1
Drop 0 0 0
Drop 0 0 1
GAMEOVER DRAW
# Game ended: Sat Apr 11 21:24:44 EDT 2020
