# Server version 0.08 running on 192.168.2.221:8123
# Game ID: 1169
# Board class: Saboteur.SaboteurBoard
# Timeout: 2000
# First Move Timeout: 30000
# Date: Sat Apr 11 21:36:56 EDT 2020
# Player 1: Player-0, '260729564', running on 127.0.0.1
# Player 2: Player-1, 'RandomPlayer', running on 127.0.0.1
START Player-0 260729564
START Player-1 RandomPlayer
BoardInit:Tile:11,Tile:6,Destroy,Tile:8,Tile:0,Map,Tile:5,Destroy,Bonus,Bonus,Bonus,Tile:0,Destroy,Malus,Tile:7,Tile:0,Tile:7,Tile:10,Tile:9,Tile:10,Tile:12,Map,Tile:9,Tile:6,Tile:9,Tile:9,Map,Malus,Tile:8,Tile:10,Tile:8,Tile:7,Tile:15,Tile:0,Tile:1,Tile:5,Tile:7,Tile:7,Map,Bonus,Tile:5-Map,Tile:3,Tile:8,Tile:9,Tile:6,Tile:2,Map-Tile:6,Tile:13,Tile:14,Tile:4,Tile:8,Tile:5,Tile:6-Tile:hidden1,Tile:nugget,Tile:hidden2
Tile:2_flip 4 5 1
Tile:8 6 5 0
Tile:6 5 6 1
Tile:6 7 5 0
Tile:11 6 4 1
Tile:8 8 5 0
Map 12 5 1
Map 12 3 0
Tile:9_flip 9 5 1
Tile:6 9 6 0
Destroy 8 5 1
Tile:6 8 5 0
Tile:3 7 4 1
Tile:0 10 6 0
Drop 5 0 1
Malus 0 0 0
Destroy 5 6 1
Tile:0 11 6 0
Bonus 0 0 1
Tile:10 9 4 0
Tile:0 8 6 1
Tile:10 8 4 0
Tile:5_flip 12 6 1
GAMEOVER WINNER 1
# Game ended: Sat Apr 11 21:36:56 EDT 2020
