# Server version 0.08 running on 192.168.2.221:8123
# Game ID: 300
# Board class: Saboteur.SaboteurBoard
# Timeout: 2000
# First Move Timeout: 30000
# Date: Sat Apr 11 20:17:21 EDT 2020
# Player 1: Player-0, 'RandomPlayer', running on 127.0.0.1
# Player 2: Player-1, '260729564', running on 127.0.0.1
START Player-0 RandomPlayer
START Player-1 260729564
BoardInit:Tile:6,Tile:9,Bonus,Malus,Tile:5,Tile:0,Tile:7,Tile:9,Tile:8,Destroy,Tile:5,Tile:9,Tile:5,Tile:14,Tile:6,Tile:11,Tile:1,Bonus,Tile:15,Tile:10,Destroy,Tile:2,Map,Tile:6,Tile:3,Tile:7,Tile:13,Bonus,Tile:5,Map,Map,Tile:8,Tile:7,Malus,Tile:4,Tile:0,Map,Tile:8,Tile:8,Map,Map-Tile:0,Tile:6,Tile:10,Bonus,Tile:8,Tile:7,Tile:9-Tile:9,Tile:6,Tile:7,Tile:0,Tile:12,Tile:10,Destroy-Tile:nugget,Tile:hidden2,Tile:hidden1
Tile:8 6 5 1
Tile:7 7 5 0
Tile:10 7 6 1
Tile:9 7 7 0
Tile:9_flip 8 7 1
Tile:0 4 5 0
Tile:5 8 6 1
Tile:6_flip 3 5 0
Tile:6 9 6 1
Tile:9_flip 8 8 0
Tile:8 10 6 1
Drop 1 0 0
Tile:6 11 6 1
Destroy 7 6 0
Tile:7_flip 6 6 1
Tile:9_flip 7 6 0
Tile:5_flip 12 6 1
Tile:11 5 4 0
Tile:5_flip 13 5 1
Drop 0 0 0
Tile:6_flip 13 4 1
Destroy 6 6 0
Tile:7_flip 10 7 1
Tile:9 6 6 0
Map 12 3 1
Tile:6_flip 2 5 0
Tile:0 11 7 1
Tile:14_flip 11 5 0
Destroy 11 5 1
Drop 2 0 0
Tile:5 12 4 1
Tile:2_flip 7 8 0
Drop 1 0 1
Tile:7 13 7 0
Tile:7_flip 13 8 1
Tile:8 9 5 0
Drop 1 0 1
Malus 0 0 0
Bonus 0 0 1
Tile:10 8 9 0
Tile:8 11 5 1
Drop 0 0 0
Drop 0 0 1
Tile:0 1 5 0
Drop 0 0 1
Drop 3 0 0
Drop 0 0 1
Drop 3 0 0
Drop 0 0 1
Drop 1 0 0
Drop 0 0 1
Malus 0 0 0
Drop 0 0 1
Drop 0 0 0
Drop 0 0 1
GAMEOVER DRAW
# Game ended: Sat Apr 11 20:17:23 EDT 2020
