# Server version 0.08 running on 192.168.2.221:8123
# Game ID: 569
# Board class: Saboteur.SaboteurBoard
# Timeout: 2000
# First Move Timeout: 30000
# Date: Sat Apr 11 20:44:37 EDT 2020
# Player 1: Player-0, '260729564', running on 127.0.0.1
# Player 2: Player-1, 'RandomPlayer', running on 127.0.0.1
START Player-0 260729564
START Player-1 RandomPlayer
BoardInit:Map,Tile:0,Destroy,Tile:9,Malus,Tile:10,Tile:8,Tile:5,Destroy,Tile:5,Bonus,Tile:9,Tile:0,Map,Tile:9,Bonus,Tile:5,Map,Tile:4,Tile:9,Tile:10,Map,Tile:7,Tile:5,Tile:2,Tile:8,Tile:11,Tile:7,Bonus,Malus,Destroy,Tile:0,Tile:6,Tile:14,Tile:0,Tile:6,Tile:8,Bonus,Tile:7,Tile:15,Tile:7-Tile:8,Tile:13,Tile:6,Tile:8,Tile:9,Tile:10,Map-Tile:1,Tile:7,Tile:6,Tile:12,Map,Tile:6,Tile:3-Tile:hidden1,Tile:hidden2,Tile:nugget
Tile:8 6 5 1
Map 12 3 0
Tile:6_flip 4 5 1
Tile:6 7 5 0
Tile:13 8 5 1
Tile:9 7 4 0
Tile:8 8 4 1
Tile:10 8 3 0
Tile:9_flip 6 4 1
Tile:6 9 4 0
Drop 3 0 1
Tile:0 10 4 0
Tile:8 6 3 1
Tile:9_flip 11 4 0
Destroy 9 4 1
Map 12 5 0
Tile:9 11 3 1
Tile:7_flip 6 6 0
Map 12 7 1
Tile:5 8 2 0
Tile:5 5 3 1
Tile:9_flip 5 6 0
Drop 5 0 1
Tile:5_flip 9 2 0
Tile:0 9 5 1
Tile:5 9 1 0
Tile:2_flip 9 4 1
Tile:8 10 1 0
Tile:7_flip 8 6 1
Tile:7 11 1 0
Tile:11_flip 10 0 1
Malus 0 0 0
Destroy 9 4 1
Tile:0 9 4 0
Map 12 5 1
Drop 0 0 0
Drop 2 0 1
Tile:6 13 3 0
Malus 0 0 1
Bonus 0 0 0
Drop 4 0 1
Drop 0 0 0
Drop 5 0 1
Drop 0 0 0
Drop 4 0 1
Drop 0 0 0
Drop 3 0 1
Drop 0 0 0
Drop 2 0 1
Drop 0 0 0
Drop 0 0 1
Drop 1 0 0
Drop 1 0 1
Drop 0 0 0
Drop 0 0 1
GAMEOVER DRAW
# Game ended: Sat Apr 11 20:44:38 EDT 2020
