# Server version 0.08 running on 192.168.2.221:8123
# Game ID: 970
# Board class: Saboteur.SaboteurBoard
# Timeout: 2000
# First Move Timeout: 30000
# Date: Sat Apr 11 21:22:39 EDT 2020
# Player 1: Player-0, 'RandomPlayer', running on 127.0.0.1
# Player 2: Player-1, '260729564', running on 127.0.0.1
START Player-0 RandomPlayer
START Player-1 260729564
BoardInit:Tile:2,Tile:8,Map,Bonus,Bonus,Tile:10,Tile:15,Tile:7,Tile:7,Tile:5,Tile:6,Tile:0,Tile:5,Tile:5,Tile:6,Tile:8,Tile:0,Tile:7,Tile:0,Map,Tile:9,Bonus,Destroy,Tile:8,Tile:14,Map,Tile:9,Destroy,Tile:9,Tile:10,Tile:9,Tile:7,Tile:12,Destroy,Map,Tile:10,Tile:5,Bonus,Tile:9,Tile:6,Tile:6-Map,Tile:13,Map,Tile:8,Tile:6,Tile:0,Tile:8-Tile:1,Tile:4,Malus,Malus,Tile:11,Tile:7,Tile:3-Tile:nugget,Tile:hidden2,Tile:hidden1
Map 12 3 1
Tile:11 5 6 0
Tile:8 5 4 1
Tile:7 6 4 0
Tile:8 6 5 1
Tile:3 5 3 0
Tile:6 7 5 1
Malus 0 0 0
Bonus 0 0 1
Tile:8 5 7 0
Tile:0 8 5 1
Tile:1 4 3 0
Tile:6 9 5 1
Tile:5 4 4 0
Tile:5 9 4 1
Tile:5 7 4 0
Tile:6 10 4 1
Drop 1 0 0
Tile:0 11 4 1
Tile:7 6 7 0
Tile:0 12 4 1
Tile:10 5 8 0
Tile:9_flip 13 4 1
Tile:7_flip 13 5 0
Tile:7 10 5 1
Tile:8 13 3 0
GAMEOVER WINNER 0
# Game ended: Sat Apr 11 21:22:39 EDT 2020
