# Server version 0.08 running on 192.168.2.221:8123
# Game ID: 1301
# Board class: Saboteur.SaboteurBoard
# Timeout: 2000
# First Move Timeout: 30000
# Date: Sat Apr 11 21:46:10 EDT 2020
# Player 1: Player-0, '260729564', running on 127.0.0.1
# Player 2: Player-1, 'RandomPlayer', running on 127.0.0.1
START Player-0 260729564
START Player-1 RandomPlayer
BoardInit:Tile:7,Destroy,Bonus,Tile:0,Tile:9,Tile:6,Tile:0,Destroy,Tile:4,Tile:10,Bonus,Tile:6,Tile:6,Tile:10,Bonus,Tile:8,Tile:5,Tile:8,Bonus,Tile:6,Malus,Tile:5,Tile:0,Malus,Map,Tile:14,Map,Tile:11,Tile:6,Tile:15,Tile:9,Tile:5,Tile:2,Tile:8,Tile:13,Tile:9,Tile:9,Tile:7,Tile:8,Map,Destroy-Tile:5,Tile:10,Map,Tile:7,Tile:12,Tile:3,Map-Tile:1,Map,Tile:7,Tile:0,Tile:9,Tile:8,Tile:7-Tile:hidden1,Tile:hidden2,Tile:nugget
Tile:5 4 5 1
Map 12 3 0
Tile:10 5 4 1
Tile:8 6 5 0
Tile:12 7 5 1
Tile:9 6 4 0
Drop 4 0 1
Tile:6 7 4 0
Tile:9_flip 5 6 1
Tile:0 8 4 0
Map 12 3 1
Tile:10 6 6 0
Tile:7 6 3 1
Tile:0 9 4 0
Tile:3 10 4 1
Tile:10 7 3 0
Tile:4_flip 5 7 1
Tile:8 7 2 0
Tile:6 6 2 1
Tile:8 8 2 0
Map 12 7 1
Tile:6 9 2 0
Tile:5_flip 10 5 1
Tile:6 10 2 0
Drop 3 0 1
Malus 0 0 0
Bonus 0 0 1
Tile:7 11 2 0
Map 12 3 1
Tile:5 9 5 0
Tile:6_flip 5 3 1
Tile:7_flip 11 3 0
Tile:9 9 6 1
GAMEOVER TIMEOUT WINNER 1
# Game ended: Sat Apr 11 21:46:14 EDT 2020
