# Server version 0.08 running on 192.168.2.221:8123
# Game ID: 444
# Board class: Saboteur.SaboteurBoard
# Timeout: 2000
# First Move Timeout: 30000
# Date: Sat Apr 11 20:35:58 EDT 2020
# Player 1: Player-0, 'RandomPlayer', running on 127.0.0.1
# Player 2: Player-1, '260729564', running on 127.0.0.1
START Player-0 RandomPlayer
START Player-1 260729564
BoardInit:Tile:9,Tile:6,Tile:0,Tile:14,Tile:7,Map,Tile:0,Tile:6,Tile:10,Tile:6,Tile:8,Tile:6,Map,Tile:8,Tile:7,Tile:0,Tile:8,Malus,Tile:6,Map,Bonus,Tile:7,Tile:1,Tile:4,Destroy,Tile:9,Tile:10,Tile:5,Tile:13,Bonus,Bonus,Tile:2,Tile:12,Map,Tile:7,Tile:7,Tile:10,Tile:11,Tile:8,Tile:9,Bonus-Tile:5,Tile:0,Map,Destroy,Destroy,Map,Tile:15-Tile:8,Tile:5,Malus,Tile:9,Tile:9,Tile:5,Tile:3-Tile:nugget,Tile:hidden1,Tile:hidden2
Map 12 3 1
Tile:9 5 6 0
Tile:9 5 4 1
Tile:3 6 6 0
Tile:0 6 4 1
Tile:5 4 5 0
Tile:0 7 4 1
Tile:5 5 3 0
Tile:0 8 4 1
Tile:6 6 3 0
Tile:5_flip 9 4 1
Map 12 5 0
Tile:8 9 3 1
Tile:9_flip 6 7 0
Tile:7 10 3 1
Tile:14 7 3 0
Tile:10 10 4 1
Tile:8 9 2 0
Tile:8 10 5 1
Tile:6_flip 9 1 0
Tile:6 11 5 1
Tile:0 10 1 0
Tile:7 13 5 1
Tile:6 5 7 0
Drop 2 0 1
Tile:8 12 4 0
GAMEOVER WINNER 0
# Game ended: Sat Apr 11 20:35:58 EDT 2020
