# Server version 0.08 running on 192.168.2.221:8123
# Game ID: 238
# Board class: Saboteur.SaboteurBoard
# Timeout: 2000
# First Move Timeout: 30000
# Date: Sat Apr 11 20:11:55 EDT 2020
# Player 1: Player-0, 'RandomPlayer', running on 127.0.0.1
# Player 2: Player-1, '260729564', running on 127.0.0.1
START Player-0 RandomPlayer
START Player-1 260729564
BoardInit:Tile:9,Tile:8,Tile:7,Tile:6,Destroy,Tile:14,Tile:8,Tile:4,Tile:9,Tile:6,Bonus,Tile:5,Malus,Map,Map,Destroy,Bonus,Tile:0,Bonus,Bonus,Tile:9,Tile:6,Tile:5,Map,Tile:7,Tile:15,Map,Tile:8,Tile:7,Tile:9,Map,Tile:6,Tile:5,Tile:2,Tile:5,Destroy,Tile:13,Tile:10,Map,Tile:6,Tile:0-Tile:0,Tile:10,Tile:11,Tile:3,Tile:1,Tile:7,Malus-Tile:9,Tile:12,Tile:8,Tile:10,Tile:7,Tile:0,Tile:8-Tile:hidden1,Tile:hidden2,Tile:nugget
Malus 0 0 1
Drop 3 0 0
Tile:7 6 5 1
Drop 1 0 0
Tile:7_flip 6 6 1
Drop 4 0 0
Tile:9_flip 7 6 1
Drop 5 0 0
Tile:8 7 7 1
Drop 1 0 0
Tile:9_flip 8 7 1
Drop 4 0 0
Tile:10 8 6 1
Drop 0 0 0
Malus 0 0 1
Map 12 7 0
Map 12 3 1
Drop 0 0 0
Tile:0 6 7 1
Drop 3 0 0
Drop 0 0 1
Drop 4 0 0
Tile:9 8 5 1
Drop 3 0 0
Tile:5_flip 9 5 1
Drop 5 0 0
Tile:7_flip 8 8 1
Map 12 5 0
Map 12 5 1
Drop 6 0 0
Tile:7 9 8 1
Drop 1 0 0
Drop 0 0 1
Drop 4 0 0
Tile:5 9 4 1
Drop 0 0 0
Tile:5_flip 10 4 1
Drop 3 0 0
Drop 0 0 1
Destroy 8 5 0
Drop 2 0 1
Drop 4 0 0
Tile:0 5 7 1
Bonus 0 0 0
Drop 2 0 1
Drop 3 0 0
Drop 2 0 1
Drop 0 0 0
Drop 2 0 1
Drop 2 0 0
Drop 2 0 1
Drop 0 0 0
Destroy 9 5 1
Drop 0 0 0
Drop 0 0 1
GAMEOVER DRAW
# Game ended: Sat Apr 11 20:11:55 EDT 2020
