# Server version 0.08 running on 192.168.2.221:8123
# Game ID: 1123
# Board class: Saboteur.SaboteurBoard
# Timeout: 2000
# First Move Timeout: 30000
# Date: Sat Apr 11 21:34:10 EDT 2020
# Player 1: Player-0, '260729564', running on 127.0.0.1
# Player 2: Player-1, 'RandomPlayer', running on 127.0.0.1
START Player-0 260729564
START Player-1 RandomPlayer
BoardInit:Tile:14,Tile:9,Tile:9,Bonus,Tile:0,Map,Tile:7,Tile:9,Destroy,Tile:0,Map,Tile:6,Tile:15,Tile:0,Tile:0,Tile:6,Tile:8,Tile:8,Tile:9,Map,Tile:8,Tile:9,Tile:7,Tile:5,Tile:4,Tile:1,Tile:10,Map,Tile:2,Map,Tile:5,Tile:12,Tile:10,Tile:7,Bonus,Tile:10,Tile:7,Tile:11,Destroy,Tile:7,Map-Bonus,Tile:8,Tile:6,Bonus,Tile:6,Tile:5,Tile:3-Malus,Tile:8,Tile:13,Malus,Tile:6,Destroy,Tile:5-Tile:hidden1,Tile:hidden2,Tile:nugget
Tile:3 5 4 1
Malus 0 0 0
Bonus 0 0 1
Malus 0 0 0
Drop 4 0 1
Tile:8 6 5 0
Drop 3 0 1
Map 12 3 0
Drop 5 0 1
Tile:9_flip 7 5 0
Drop 1 0 1
Tile:9 7 4 0
Destroy 6 5 1
Tile:6 6 5 0
Map 12 5 1
Tile:0 8 4 0
Drop 1 0 1
Tile:6 9 4 0
Drop 3 0 1
Tile:8 10 4 0
Drop 2 0 1
Map 12 5 0
Drop 0 0 1
Tile:9_flip 11 4 0
Drop 2 0 1
Tile:6 11 5 0
Drop 0 0 1
Tile:5_flip 12 6 0
Drop 5 0 1
Tile:5_flip 13 5 0
Drop 0 0 1
Tile:0 11 6 0
Drop 6 0 1
Destroy 12 6 0
Drop 3 0 1
Tile:7_flip 7 6 0
Drop 4 0 1
Tile:10 13 4 0
Drop 0 0 1
Drop 0 0 0
Destroy 11 4 1
Tile:7_flip 5 6 0
Drop 4 0 1
Drop 1 0 0
Drop 3 0 1
Drop 1 0 0
Drop 4 0 1
Drop 1 0 0
Drop 0 0 1
Drop 1 0 0
Drop 0 0 1
Drop 1 0 0
Drop 1 0 1
Drop 0 0 0
Drop 0 0 1
GAMEOVER DRAW
# Game ended: Sat Apr 11 21:34:10 EDT 2020
