# Server version 0.08 running on 192.168.2.221:8123
# Game ID: 305
# Board class: Saboteur.SaboteurBoard
# Timeout: 2000
# First Move Timeout: 30000
# Date: Sat Apr 11 20:17:50 EDT 2020
# Player 1: Player-0, '260729564', running on 127.0.0.1
# Player 2: Player-1, 'RandomPlayer', running on 127.0.0.1
START Player-0 260729564
START Player-1 RandomPlayer
BoardInit:Malus,Tile:6,Tile:0,Map,Tile:5,Tile:6,Tile:7,Tile:14,Tile:8,Tile:0,Tile:5,Tile:13,Tile:15,Tile:5,Tile:7,Tile:8,Tile:8,Tile:9,Tile:9,Tile:9,Tile:9,Tile:0,Tile:8,Malus,Tile:6,Map,Map,Tile:7,Tile:6,Tile:7,Bonus,Map,Map,Bonus,Tile:6,Bonus,Map,Tile:2,Tile:12,Bonus,Tile:10-Tile:5,Tile:8,Tile:3,Destroy,Tile:11,Tile:10,Tile:10-Destroy,Tile:4,Destroy,Tile:9,Tile:1,Tile:7,Tile:0-Tile:hidden1,Tile:hidden2,Tile:nugget
Tile:5 4 5 1
Tile:0 6 5 0
Tile:10 4 6 1
Tile:6 7 5 0
Tile:0 8 5 1
Map 12 3 0
Destroy 8 5 1
Tile:6 8 5 0
Tile:11_flip 9 5 1
Tile:9 8 4 0
Drop 3 0 1
Tile:7_flip 5 6 0
Tile:10 5 4 1
Tile:0 6 6 0
Tile:8 9 4 1
Tile:5_flip 10 4 0
Tile:8 4 7 1
Tile:8 10 3 0
Tile:5 10 2 1
Tile:9_flip 7 4 0
Tile:8 11 3 1
Tile:9 12 4 0
Tile:5 3 7 1
Tile:0 11 5 0
Tile:8 12 6 1
GAMEOVER WINNER 1
# Game ended: Sat Apr 11 20:17:51 EDT 2020
