# Server version 0.08 running on 192.168.2.221:8123
# Game ID: 676
# Board class: Saboteur.SaboteurBoard
# Timeout: 2000
# First Move Timeout: 30000
# Date: Sat Apr 11 21:05:33 EDT 2020
# Player 1: Player-0, 'RandomPlayer', running on 127.0.0.1
# Player 2: Player-1, '260729564', running on 127.0.0.1
START Player-0 RandomPlayer
START Player-1 260729564
BoardInit:Bonus,Tile:8,Destroy,Tile:5,Bonus,Tile:7,Tile:11,Destroy,Tile:9,Tile:1,Tile:10,Tile:9,Tile:5,Tile:0,Tile:9,Tile:15,Malus,Tile:5,Tile:8,Tile:4,Tile:10,Tile:6,Tile:5,Map,Tile:6,Tile:3,Tile:0,Tile:10,Tile:6,Tile:14,Tile:8,Tile:7,Tile:13,Tile:7,Tile:8,Tile:8,Destroy,Tile:9,Malus,Tile:0,Tile:9-Map,Bonus,Tile:6,Tile:7,Map,Tile:0,Tile:12-Tile:7,Map,Map,Tile:6,Map,Tile:2,Bonus-Tile:nugget,Tile:hidden2,Tile:hidden1
Map 12 3 1
Tile:2 5 4 0
Tile:6 6 5 1
Map 12 5 0
Tile:0 7 5 1
Tile:6_flip 4 5 0
Tile:7 8 5 1
Tile:7_flip 8 6 0
Drop 1 0 1
Drop 2 0 0
Tile:9_flip 9 6 1
Tile:5 9 5 0
Tile:10 5 6 1
Destroy 9 5 0
Tile:5 9 5 1
Tile:1 4 4 0
Tile:9_flip 10 5 1
Tile:9_flip 4 6 0
Malus 0 0 1
Drop 1 0 0
Tile:8 10 4 1
Map 12 7 0
Tile:10 10 3 1
Drop 0 0 0
Tile:5_flip 11 4 1
Drop 4 0 0
Tile:6_flip 10 2 1
Drop 3 0 0
Tile:0 11 2 1
Drop 4 0 0
Tile:6 12 2 1
Drop 0 0 0
Tile:8 13 2 1
Drop 6 0 0
Destroy 12 2 1
Drop 3 0 0
Tile:8 12 2 1
GAMEOVER WINNER 1
# Game ended: Sat Apr 11 21:05:33 EDT 2020
