# Server version 0.08 running on 192.168.2.221:8123
# Game ID: 1001
# Board class: Saboteur.SaboteurBoard
# Timeout: 2000
# First Move Timeout: 30000
# Date: Sat Apr 11 21:24:25 EDT 2020
# Player 1: Player-0, '260729564', running on 127.0.0.1
# Player 2: Player-1, 'RandomPlayer', running on 127.0.0.1
START Player-0 260729564
START Player-1 RandomPlayer
BoardInit:Malus,Destroy,Tile:5,Tile:6,Tile:8,Tile:1,Tile:0,Tile:14,Tile:9,Bonus,Bonus,Tile:0,Tile:10,Bonus,Tile:10,Tile:2,Tile:4,Tile:6,Tile:5,Destroy,Malus,Tile:7,Tile:7,Tile:0,Tile:6,Tile:6,Tile:8,Tile:6,Tile:11,Tile:8,Tile:0,Tile:5,Map,Tile:9,Tile:9,Tile:7,Tile:15,Map,Tile:7,Tile:3,Map-Tile:12,Tile:9,Tile:5,Map,Tile:10,Tile:8,Destroy-Tile:9,Map,Tile:13,Bonus,Tile:7,Tile:8,Map-Tile:hidden2,Tile:hidden1,Tile:nugget
Drop 3 0 1
Map 12 3 0
Tile:5 5 4 1
Map 12 5 0
Tile:9_flip 6 5 1
Tile:8 6 6 0
Tile:12_flip 4 5 1
Tile:6 7 6 0
Tile:10 7 5 1
Tile:9_flip 8 6 0
Tile:9_flip 8 7 1
Tile:7_flip 8 8 0
Drop 2 0 1
Tile:0 9 8 0
Tile:5_flip 6 7 1
Drop 0 0 0
Tile:10 8 5 1
Drop 2 0 0
Drop 1 0 1
Tile:6 10 8 0
Tile:8 10 7 1
Drop 2 0 0
Tile:8 10 6 1
Tile:7 11 6 0
Tile:4 10 5 1
Tile:0 11 8 0
Tile:5 9 6 1
Tile:6 12 8 0
GAMEOVER WINNER 0
# Game ended: Sat Apr 11 21:24:26 EDT 2020
