# Server version 0.08 running on 192.168.2.221:8123
# Game ID: 1384
# Board class: Saboteur.SaboteurBoard
# Timeout: 2000
# First Move Timeout: 30000
# Date: Sat Apr 11 22:04:08 EDT 2020
# Player 1: Player-0, 'RandomPlayer', running on 127.0.0.1
# Player 2: Player-1, '260729564', running on 127.0.0.1
START Player-0 RandomPlayer
START Player-1 260729564
BoardInit:Tile:0,Tile:8,Tile:7,Tile:8,Tile:9,Map,Tile:4,Tile:8,Malus,Destroy,Map,Tile:5,Tile:2,Tile:6,Tile:8,Malus,Tile:13,Tile:5,Tile:6,Tile:12,Tile:10,Destroy,Tile:0,Tile:5,Tile:7,Map,Tile:7,Tile:0,Tile:9,Tile:7,Tile:0,Tile:8,Tile:15,Tile:6,Tile:1,Map,Tile:5,Tile:14,Tile:6,Bonus,Tile:9-Bonus,Map,Map,Tile:7,Bonus,Tile:9,Tile:10-Tile:9,Bonus,Tile:11,Tile:10,Tile:6,Destroy,Tile:3-Tile:hidden2,Tile:nugget,Tile:hidden1
Map 12 3 1
Tile:3 5 4 0
Map 12 5 1
Tile:9 4 4 0
Tile:0 6 5 1
Tile:8 5 6 0
Tile:9_flip 7 5 1
Tile:8 5 7 0
Tile:10 7 4 1
Map 12 3 0
Malus 0 0 1
Drop 1 0 0
Tile:9 7 6 1
Destroy 6 5 0
Tile:7 6 6 1
Drop 4 0 0
Tile:8 6 7 1
Drop 6 0 0
Tile:7_flip 6 8 1
Drop 3 0 0
Tile:6 7 7 1
Drop 2 0 0
Tile:10 7 3 1
Destroy 5 4 0
Tile:0 8 6 1
Drop 5 0 0
Tile:7 9 6 1
Map 12 5 0
Tile:7_flip 9 7 1
Drop 6 0 0
Tile:9_flip 10 7 1
Drop 1 0 0
Tile:0 7 8 1
Drop 4 0 0
Drop 1 0 1
Drop 0 0 0
Drop 1 0 1
Drop 2 0 0
Tile:5 10 6 1
Map 12 5 0
Tile:6 11 6 1
Drop 4 0 0
Tile:9_flip 12 6 1
GAMEOVER WINNER 1
# Game ended: Sat Apr 11 22:04:08 EDT 2020
