# Server version 0.08 running on 192.168.2.221:8123
# Game ID: 94
# Board class: Saboteur.SaboteurBoard
# Timeout: 2000
# First Move Timeout: 30000
# Date: Sat Apr 11 16:18:28 EDT 2020
# Player 1: Player-0, 'RandomPlayer', running on 127.0.0.1
# Player 2: Player-1, '260729564', running on 127.0.0.1
START Player-0 RandomPlayer
START Player-1 260729564
BoardInit:Tile:7,Tile:6,Tile:13,Map,Malus,Map,Tile:5,Map,Tile:6,Tile:7,Tile:8,Tile:7,Tile:2,Tile:10,Tile:1,Bonus,Tile:15,Tile:7,Tile:3,Tile:0,Tile:4,Tile:8,Tile:9,Tile:0,Map,Tile:5,Tile:14,Map,Tile:10,Tile:6,Tile:10,Map,Tile:9,Tile:5,Tile:0,Tile:8,Tile:6,Bonus,Tile:0,Tile:8,Malus-Bonus,Tile:6,Destroy,Bonus,Tile:9,Tile:9,Tile:5-Tile:12,Destroy,Tile:11,Tile:9,Destroy,Tile:7,Tile:8-Tile:hidden2,Tile:hidden1,Tile:nugget
Tile:9_flip 6 5 1
Tile:8 5 4 0
Tile:9 6 6 1
Tile:9 6 7 0
Tile:6 7 6 1
Drop 4 0 0
Malus 0 0 1
Drop 6 0 0
Tile:5_flip 8 6 1
Destroy 5 4 0
Tile:6_flip 8 5 1
Destroy 6 5 0
Tile:8 6 5 1
Drop 5 0 0
Tile:7 9 5 1
Drop 2 0 0
Tile:5 6 4 1
Drop 5 0 0
Drop 2 0 1
Drop 3 0 0
Drop 2 0 1
Drop 6 0 0
Drop 2 0 1
Map 12 5 0
Tile:9 9 6 1
Drop 5 0 0
Map 12 3 1
Drop 0 0 0
Drop 2 0 1
Drop 6 0 0
Tile:10 9 7 1
Drop 1 0 0
Tile:10 9 8 1
Map 12 7 0
Tile:9_flip 10 6 1
Drop 0 0 0
Tile:0 7 4 1
Drop 4 0 0
Tile:6 9 9 1
Bonus 0 0 0
Tile:0 10 9 1
Tile:5 8 9 0
Malus 0 0 1
Bonus 0 0 0
Drop 2 0 1
Tile:0 7 7 0
Drop 2 0 1
Tile:8 4 5 0
Drop 2 0 1
Tile:5 3 5 0
Drop 2 0 1
Tile:7_flip 10 7 0
Destroy 7 7 1
Tile:8 11 9 0
Drop 0 0 1
GAMEOVER DRAW
# Game ended: Sat Apr 11 16:18:28 EDT 2020
