# Server version 0.08 running on 192.168.2.221:8123
# Game ID: 160
# Board class: Saboteur.SaboteurBoard
# Timeout: 2000
# First Move Timeout: 30000
# Date: Sat Apr 11 20:05:24 EDT 2020
# Player 1: Player-0, 'RandomPlayer', running on 127.0.0.1
# Player 2: Player-1, '260729564', running on 127.0.0.1
START Player-0 RandomPlayer
START Player-1 260729564
BoardInit:Map,Bonus,Tile:6,Tile:7,Tile:8,Tile:5,Tile:7,Malus,Tile:9,Malus,Bonus,Tile:0,Tile:1,Tile:7,Tile:11,Tile:3,Tile:2,Tile:9,Tile:8,Tile:6,Tile:8,Map,Tile:10,Tile:9,Map,Destroy,Tile:14,Tile:9,Map,Tile:7,Tile:6,Tile:0,Map,Tile:0,Destroy,Tile:6,Destroy,Tile:8,Map,Tile:5,Tile:5-Tile:6,Tile:9,Tile:10,Tile:13,Tile:0,Tile:4,Bonus-Tile:15,Tile:5,Bonus,Tile:10,Tile:12,Tile:8,Tile:7-Tile:hidden2,Tile:nugget,Tile:hidden1
Tile:9_flip 6 5 1
Tile:7 6 4 0
Map 12 3 1
Drop 5 0 0
Tile:10 6 6 1
Tile:7_flip 4 5 0
Tile:8 5 4 1
Tile:5 4 4 0
Tile:6 6 7 1
Tile:5 5 3 0
Tile:9_flip 7 7 1
Drop 1 0 0
Tile:7_flip 7 8 1
Tile:15 5 6 0
Tile:6_flip 8 8 1
Tile:10 8 9 0
Tile:0 9 8 1
Tile:7_flip 8 10 0
Drop 0 0 1
Tile:3_flip 5 7 0
Tile:8 10 8 1
Tile:6 10 9 0
Tile:8 10 7 1
Tile:9_flip 11 7 0
Tile:10 11 6 1
Tile:12 9 10 0
Map 12 5 1
Tile:9_flip 11 9 0
Drop 0 0 1
Destroy 5 3 0
Drop 1 0 1
Tile:0 9 7 0
Tile:6_flip 11 5 1
GAMEOVER WINNER 1
# Game ended: Sat Apr 11 20:05:25 EDT 2020
