# Server version 0.08 running on 192.168.2.221:8123
# Game ID: 405
# Board class: Saboteur.SaboteurBoard
# Timeout: 2000
# First Move Timeout: 30000
# Date: Sat Apr 11 20:34:20 EDT 2020
# Player 1: Player-0, '260729564', running on 127.0.0.1
# Player 2: Player-1, 'RandomPlayer', running on 127.0.0.1
START Player-0 260729564
START Player-1 RandomPlayer
BoardInit:Tile:8,Tile:0,Tile:7,Destroy,Tile:2,Map,Tile:4,Tile:1,Map,Tile:0,Tile:7,Tile:13,Map,Malus,Tile:6,Tile:15,Tile:9,Tile:5,Tile:8,Tile:7,Bonus,Tile:8,Tile:6,Tile:8,Tile:10,Tile:9,Tile:6,Tile:10,Tile:11,Tile:9,Tile:7,Tile:8,Tile:14,Tile:3,Tile:9,Tile:0,Destroy,Tile:5,Destroy,Bonus,Bonus-Bonus,Malus,Tile:5,Tile:9,Tile:5,Tile:6,Tile:0-Tile:6,Tile:12,Map,Tile:10,Tile:7,Map,Map-Tile:hidden2,Tile:hidden1,Tile:nugget
Tile:9_flip 6 5 1
Map 12 3 0
Malus 0 0 1
Drop 1 0 0
Tile:8 4 5 1
Drop 3 0 0
Tile:6 5 6 1
Drop 3 0 0
Tile:2 4 4 1
Drop 5 0 0
Drop 1 0 1
Drop 5 0 0
Tile:5 3 5 1
Drop 6 0 0
Map 12 5 1
Malus 0 0 0
Drop 0 0 1
Drop 6 0 0
Drop 3 0 1
Drop 0 0 0
Map 12 7 1
Drop 0 0 0
Drop 3 0 1
Drop 0 0 0
Drop 5 0 1
Drop 0 0 0
Drop 0 0 1
Drop 0 0 0
Drop 5 0 1
Drop 0 0 0
Drop 0 0 1
Drop 0 0 0
Drop 6 0 1
Drop 0 0 0
Drop 3 0 1
Drop 6 0 0
Drop 3 0 1
Drop 0 0 0
Destroy 5 6 1
Drop 0 0 0
Drop 2 0 1
Bonus 0 0 0
Destroy 4 4 1
Tile:8 6 4 0
Drop 4 0 1
Tile:5_flip 7 4 0
Drop 3 0 1
Tile:9 7 3 0
Drop 2 0 1
Tile:0 8 3 0
Drop 0 0 1
Tile:9_flip 9 3 0
Bonus 0 0 1
Tile:10 9 4 0
Drop 0 0 1
GAMEOVER DRAW
# Game ended: Sat Apr 11 20:34:20 EDT 2020
