# Server version 0.08 running on 192.168.2.221:8123
# Game ID: 662
# Board class: Saboteur.SaboteurBoard
# Timeout: 2000
# First Move Timeout: 30000
# Date: Sat Apr 11 21:04:37 EDT 2020
# Player 1: Player-0, 'RandomPlayer', running on 127.0.0.1
# Player 2: Player-1, '260729564', running on 127.0.0.1
START Player-0 RandomPlayer
START Player-1 260729564
BoardInit:Map,Map,Tile:9,Tile:4,Tile:7,Tile:5,Destroy,Tile:10,Bonus,Tile:13,Tile:8,Tile:6,Tile:2,Tile:0,Tile:3,Tile:15,Tile:0,Tile:0,Destroy,Tile:10,Tile:8,Tile:7,Bonus,Tile:9,Malus,Tile:9,Tile:14,Tile:7,Malus,Tile:11,Tile:1,Tile:6,Tile:12,Tile:0,Tile:8,Tile:6,Tile:9,Tile:8,Bonus,Tile:8,Map-Destroy,Tile:5,Tile:5,Map,Bonus,Map,Tile:6-Tile:9,Tile:7,Map,Tile:10,Tile:5,Tile:6,Tile:7-Tile:hidden1,Tile:hidden2,Tile:nugget
Map 12 3 1
Tile:5 4 5 0
Map 12 5 1
Tile:6 5 6 0
Tile:9_flip 6 6 1
Tile:4_flip 6 7 0
Tile:6_flip 6 5 1
Tile:7_flip 4 6 0
Tile:5_flip 7 5 1
Map 12 7 0
Tile:5 7 4 1
Drop 4 0 0
Tile:8 8 4 1
Tile:10 8 3 0
Tile:7_flip 8 5 1
Drop 3 0 0
Drop 2 0 1
Tile:15 8 2 0
Tile:0 9 5 1
Tile:0 10 5 0
Drop 3 0 1
Tile:9 5 4 0
Tile:8 11 5 1
Tile:13 11 4 0
Drop 3 0 1
Tile:7_flip 12 6 0
Malus 0 0 1
Drop 5 0 0
Destroy 12 6 1
Drop 2 0 0
Malus 0 0 1
Drop 4 0 0
Drop 2 0 1
Drop 6 0 0
Drop 3 0 1
Drop 4 0 0
Tile:8 12 6 1
GAMEOVER WINNER 1
# Game ended: Sat Apr 11 21:04:37 EDT 2020
