# Server version 0.08 running on 192.168.2.221:8123
# Game ID: 574
# Board class: Saboteur.SaboteurBoard
# Timeout: 2000
# First Move Timeout: 30000
# Date: Sat Apr 11 20:44:49 EDT 2020
# Player 1: Player-0, 'RandomPlayer', running on 127.0.0.1
# Player 2: Player-1, '260729564', running on 127.0.0.1
START Player-0 RandomPlayer
START Player-1 260729564
BoardInit:Tile:9,Tile:14,Destroy,Map,Tile:5,Tile:10,Tile:5,Tile:10,Tile:5,Tile:0,Tile:8,Bonus,Tile:8,Tile:1,Bonus,Tile:7,Tile:0,Tile:5,Map,Tile:4,Tile:7,Tile:9,Tile:6,Tile:6,Tile:8,Tile:0,Tile:9,Tile:2,Tile:11,Tile:6,Tile:12,Map,Tile:9,Tile:8,Tile:7,Destroy,Map,Malus,Tile:0,Tile:9,Malus-Tile:3,Map,Tile:7,Tile:6,Tile:10,Bonus,Tile:8-Tile:15,Tile:6,Destroy,Map,Tile:13,Bonus,Tile:7-Tile:hidden1,Tile:hidden2,Tile:nugget
Map 12 3 1
Tile:6 5 6 0
Tile:8 6 6 1
Tile:13 4 5 0
Tile:9_flip 7 6 1
Tile:7 6 5 0
Tile:10 7 5 1
Tile:10 7 4 0
Tile:6 7 7 1
Drop 0 0 0
Tile:7 8 7 1
Destroy 6 6 0
Tile:8 6 6 1
Tile:14_flip 5 4 0
Tile:8 7 3 1
Drop 5 0 0
Tile:5_flip 8 3 1
Drop 0 0 0
Tile:0 6 3 1
Tile:7 7 2 0
Map 12 5 1
Tile:5 3 5 0
Tile:7_flip 8 8 1
Tile:10 8 2 0
Tile:6 9 8 1
Tile:4 4 4 0
Tile:8 10 8 1
Tile:9 6 7 0
Tile:9_flip 11 8 1
Tile:2_flip 6 2 0
Tile:5 11 7 1
GAMEOVER WINNER 1
# Game ended: Sat Apr 11 20:44:50 EDT 2020
