# Server version 0.08 running on 192.168.2.221:8123
# Game ID: 1215
# Board class: Saboteur.SaboteurBoard
# Timeout: 2000
# First Move Timeout: 30000
# Date: Sat Apr 11 21:39:16 EDT 2020
# Player 1: Player-0, '260729564', running on 127.0.0.1
# Player 2: Player-1, 'RandomPlayer', running on 127.0.0.1
START Player-0 260729564
START Player-1 RandomPlayer
BoardInit:Tile:9,Tile:9,Tile:8,Tile:9,Tile:5,Map,Tile:2,Malus,Tile:6,Tile:7,Map,Tile:3,Tile:10,Tile:10,Map,Tile:7,Tile:5,Tile:6,Tile:1,Map,Tile:15,Tile:10,Bonus,Tile:13,Tile:12,Tile:8,Tile:7,Tile:7,Tile:8,Bonus,Destroy,Destroy,Tile:14,Tile:6,Tile:0,Tile:6,Tile:0,Malus,Map,Bonus,Tile:0-Tile:11,Tile:6,Destroy,Tile:8,Tile:9,Tile:5,Map-Tile:9,Tile:0,Tile:7,Tile:5,Tile:8,Bonus,Tile:4-Tile:hidden1,Tile:nugget,Tile:hidden2
Tile:9 5 4 1
Tile:8 6 4 0
Destroy 6 4 1
Tile:0 6 4 0
Tile:6_flip 4 5 1
Tile:9_flip 7 4 0
Tile:11 7 5 1
Map 12 3 0
Tile:5_flip 4 6 1
Malus 0 0 0
Drop 1 0 1
Tile:9 7 3 0
Drop 4 0 1
Tile:9_flip 8 3 0
Map 12 7 1
Tile:10 8 4 0
Map 12 7 1
Tile:5 8 2 0
Drop 3 0 1
Tile:6 9 2 0
Drop 2 0 1
Map 12 5 0
Drop 0 0 1
Tile:7 10 2 0
Drop 5 0 1
Tile:10 10 3 0
Drop 0 0 1
Tile:8 10 4 0
Drop 6 0 1
Tile:7 11 4 0
Drop 1 0 1
Tile:7_flip 9 4 0
Destroy 8 2 1
Tile:7 6 5 0
Drop 0 0 1
Tile:6 8 5 0
Drop 4 0 1
Tile:6_flip 9 5 0
Drop 0 0 1
Malus 0 0 0
Drop 2 0 1
Drop 1 0 0
Map 12 7 1
Drop 1 0 0
Drop 4 0 1
Drop 1 0 0
Drop 3 0 1
Drop 1 0 0
Drop 2 0 1
Drop 2 0 0
Drop 0 0 1
Destroy 4 5 0
Bonus 0 0 1
Drop 0 0 0
Drop 0 0 1
GAMEOVER DRAW
# Game ended: Sat Apr 11 21:39:18 EDT 2020
