# Server version 0.08 running on 192.168.2.221:8123
# Game ID: 147
# Board class: Saboteur.SaboteurBoard
# Timeout: 2000
# First Move Timeout: 30000
# Date: Sat Apr 11 16:21:34 EDT 2020
# Player 1: Player-0, '260729564', running on 127.0.0.1
# Player 2: Player-1, 'RandomPlayer', running on 127.0.0.1
START Player-0 260729564
START Player-1 RandomPlayer
BoardInit:Tile:9,Bonus,Tile:13,Tile:6,Tile:8,Tile:15,Tile:10,Bonus,Tile:7,Destroy,Bonus,Tile:10,Map,Tile:9,Tile:11,Tile:12,Tile:6,Tile:9,Tile:8,Tile:8,Tile:5,Bonus,Tile:5,Tile:0,Tile:6,Tile:7,Tile:7,Tile:0,Map,Tile:2,Destroy,Tile:10,Tile:5,Tile:5,Tile:3,Tile:8,Tile:9,Tile:6,Tile:9,Tile:8,Map-Map,Malus,Tile:7,Map,Tile:14,Destroy,Tile:0-Tile:6,Tile:1,Tile:0,Tile:7,Malus,Map,Tile:4-Tile:hidden1,Tile:hidden2,Tile:nugget
Tile:7 5 4 1
Map 12 3 0
Tile:9_flip 5 6 1
Malus 0 0 0
Drop 1 0 1
Tile:6 6 5 0
Drop 0 0 1
Tile:0 7 5 0
Map 12 5 1
Tile:6 8 5 0
Destroy 5 4 1
Tile:7 9 5 0
Bonus 0 0 1
Tile:10 9 6 0
Tile:8 9 7 1
Tile:9_flip 10 7 0
Tile:11_flip 6 4 1
Drop 0 0 0
Tile:10 10 8 1
Tile:9 10 6 0
Tile:14 11 6 1
Tile:8 8 4 0
Tile:13 4 5 1
Drop 0 0 0
Tile:8 5 4 1
Tile:0 9 4 0
Tile:7 10 4 1
Tile:7_flip 7 4 0
Tile:6_flip 11 5 1
Tile:0 8 7 0
Tile:6_flip 7 7 1
Drop 1 0 0
Drop 4 0 1
Tile:10 8 3 0
Drop 0 0 1
Tile:5 6 7 0
Destroy 7 5 1
Tile:8 5 3 0
Tile:9 4 4 1
Tile:6_flip 7 5 0
Tile:5_flip 7 8 1
Tile:8 10 9 0
Tile:9 10 5 1
Drop 1 0 0
Tile:5 9 9 1
Drop 2 0 0
Tile:5_flip 10 10 1
Drop 2 0 0
Map 12 3 1
Drop 2 0 0
Drop 1 0 1
Destroy 9 7 0
Map 12 7 1
Drop 0 0 0
Drop 0 0 1
GAMEOVER DRAW
# Game ended: Sat Apr 11 16:21:36 EDT 2020
