# Server version 0.08 running on 192.168.2.221:8123
# Game ID: 1348
# Board class: Saboteur.SaboteurBoard
# Timeout: 2000
# First Move Timeout: 30000
# Date: Sat Apr 11 22:01:12 EDT 2020
# Player 1: Player-0, 'RandomPlayer', running on 127.0.0.1
# Player 2: Player-1, '260729564', running on 127.0.0.1
START Player-0 RandomPlayer
START Player-1 260729564
BoardInit:Tile:14,Tile:7,Map,Tile:9,Tile:8,Tile:6,Bonus,Tile:12,Destroy,Destroy,Tile:5,Malus,Tile:11,Tile:6,Tile:5,Tile:0,Bonus,Tile:1,Bonus,Tile:10,Map,Tile:8,Tile:8,Map,Tile:7,Malus,Tile:2,Tile:13,Tile:8,Tile:4,Map,Tile:0,Tile:7,Tile:5,Tile:10,Map,Tile:9,Tile:10,Tile:6,Tile:9,Tile:0-Destroy,Tile:3,Tile:5,Tile:6,Tile:0,Tile:7,Bonus-Tile:7,Tile:15,Tile:9,Tile:9,Tile:8,Map,Tile:6-Tile:hidden2,Tile:nugget,Tile:hidden1
Tile:6 6 5 1
Tile:6 7 5 0
Tile:0 8 5 1
Tile:8 7 4 0
Map 12 3 1
Tile:15 7 3 0
Tile:8 9 5 1
Tile:9_flip 9 6 0
Tile:5_flip 10 5 1
Tile:12_flip 4 5 0
Tile:7_flip 9 7 1
Drop 5 0 0
Tile:5 10 4 1
Tile:9_flip 11 4 0
Drop 1 0 1
Drop 3 0 0
Tile:5_flip 8 4 1
Tile:6_flip 6 4 0
Drop 2 0 1
Tile:0 10 7 0
Drop 2 0 1
Tile:10 7 2 0
Map 12 5 1
Map 12 5 0
Tile:8 11 7 1
Drop 4 0 0
Tile:7_flip 11 5 1
GAMEOVER WINNER 1
# Game ended: Sat Apr 11 22:01:12 EDT 2020
