# Server version 0.08 running on 192.168.2.221:8123
# Game ID: 309
# Board class: Saboteur.SaboteurBoard
# Timeout: 2000
# First Move Timeout: 30000
# Date: Sat Apr 11 20:17:59 EDT 2020
# Player 1: Player-0, '260729564', running on 127.0.0.1
# Player 2: Player-1, 'RandomPlayer', running on 127.0.0.1
START Player-0 260729564
START Player-1 RandomPlayer
BoardInit:Tile:9,Tile:15,Tile:3,Map,Tile:9,Tile:5,Tile:6,Tile:8,Malus,Tile:4,Tile:0,Tile:11,Map,Tile:10,Tile:7,Tile:7,Tile:14,Tile:0,Bonus,Tile:13,Tile:0,Tile:8,Destroy,Tile:7,Tile:8,Tile:12,Malus,Tile:5,Tile:6,Tile:9,Tile:5,Bonus,Destroy,Destroy,Bonus,Tile:9,Map,Tile:10,Tile:7,Tile:8,Tile:2-Tile:1,Tile:6,Tile:8,Map,Tile:9,Tile:6,Map-Tile:5,Tile:10,Tile:6,Map,Tile:0,Bonus,Tile:7-Tile:nugget,Tile:hidden2,Tile:hidden1
Tile:8 5 6 1
Map 12 3 0
Map 12 5 1
Tile:6_flip 5 4 0
Tile:9 4 5 1
Tile:0 6 4 0
Tile:3 7 4 1
Tile:7 6 5 0
Tile:6 6 6 1
Tile:8 7 6 0
Drop 3 0 1
Tile:10 7 5 0
Tile:9 4 6 1
Tile:5_flip 8 6 0
Map 12 7 1
Tile:10 8 5 0
Tile:6_flip 4 4 1
Tile:5 8 4 0
Tile:7_flip 3 4 1
Tile:0 9 4 0
Tile:6_flip 10 4 1
Tile:7 11 4 0
Drop 5 0 1
Tile:8 11 5 0
Tile:14 7 7 1
Tile:7_flip 10 5 0
Tile:0 13 5 1
Drop 1 0 0
Tile:0 6 7 1
Tile:5 12 4 0
Drop 2 0 1
Tile:9 12 6 0
Destroy 10 5 1
Drop 1 0 0
Tile:6 13 7 1
Destroy 12 4 0
Tile:5_flip 11 6 1
GAMEOVER TIMEOUT WINNER 1
# Game ended: Sat Apr 11 20:18:04 EDT 2020
