# Server version 0.08 running on 192.168.2.221:8123
# Game ID: 872
# Board class: Saboteur.SaboteurBoard
# Timeout: 2000
# First Move Timeout: 30000
# Date: Sat Apr 11 21:18:21 EDT 2020
# Player 1: Player-0, 'RandomPlayer', running on 127.0.0.1
# Player 2: Player-1, '260729564', running on 127.0.0.1
START Player-0 RandomPlayer
START Player-1 260729564
BoardInit:Tile:8,Tile:7,Tile:6,Tile:10,Tile:0,Bonus,Bonus,Tile:4,Tile:7,Tile:11,Tile:0,Tile:6,Tile:13,Tile:9,Tile:3,Tile:6,Tile:6,Tile:0,Tile:14,Tile:15,Destroy,Tile:8,Tile:9,Map,Tile:1,Map,Tile:6,Tile:9,Tile:9,Map,Tile:9,Tile:0,Tile:8,Tile:5,Tile:8,Tile:7,Malus,Destroy,Tile:5,Map,Tile:12-Destroy,Map,Tile:5,Tile:5,Tile:8,Bonus,Map-Tile:7,Bonus,Tile:10,Malus,Tile:10,Tile:2,Tile:7-Tile:nugget,Tile:hidden1,Tile:hidden2
Map 12 3 1
Tile:7_flip 5 6 0
Tile:8 5 4 1
Tile:2_flip 6 4 0
Tile:8 5 3 1
Drop 4 0 0
Tile:6_flip 6 3 1
Malus 0 0 0
Bonus 0 0 1
Tile:10 5 2 0
Tile:0 7 3 1
Drop 4 0 0
Tile:0 8 3 1
Drop 0 0 0
Tile:5_flip 9 3 1
Tile:6_flip 6 5 0
Tile:5 9 2 1
Tile:9_flip 6 6 0
Tile:6 10 2 1
Drop 1 0 0
Tile:7 11 2 1
Tile:0 4 5 0
Drop 1 0 1
Tile:10 10 1 0
Tile:9 11 3 1
GAMEOVER WINNER 1
# Game ended: Sat Apr 11 21:18:22 EDT 2020
