# Server version 0.08 running on 192.168.2.221:8123
# Game ID: 764
# Board class: Saboteur.SaboteurBoard
# Timeout: 2000
# First Move Timeout: 30000
# Date: Sat Apr 11 21:09:40 EDT 2020
# Player 1: Player-0, 'RandomPlayer', running on 127.0.0.1
# Player 2: Player-1, '260729564', running on 127.0.0.1
START Player-0 RandomPlayer
START Player-1 260729564
BoardInit:Tile:9,Malus,Map,Tile:8,Tile:7,Tile:0,Map,Tile:6,Map,Destroy,Bonus,Tile:9,Tile:6,Tile:10,Destroy,Tile:5,Bonus,Tile:10,Tile:8,Tile:2,Tile:8,Tile:5,Tile:15,Bonus,Tile:6,Tile:0,Tile:6,Map,Tile:8,Tile:7,Tile:14,Map,Tile:9,Map,Tile:8,Malus,Tile:1,Tile:6,Tile:7,Tile:9,Tile:5-Tile:12,Tile:4,Tile:7,Tile:0,Tile:0,Tile:11,Destroy-Tile:5,Tile:10,Tile:3,Tile:9,Bonus,Tile:7,Tile:13-Tile:nugget,Tile:hidden1,Tile:hidden2
Tile:0 6 5 1
Tile:13 5 4 0
Tile:9_flip 7 5 1
Drop 1 0 0
Map 12 3 1
Tile:8 7 4 0
Tile:0 8 4 1
Drop 6 0 0
Tile:7 9 4 1
Tile:6 7 6 0
Tile:7_flip 9 5 1
Tile:9_flip 10 5 0
Drop 0 0 1
Destroy 9 4 0
Tile:6_flip 9 4 1
Tile:5_flip 10 6 0
Drop 0 0 1
Tile:7 5 3 0
Drop 0 0 1
Tile:3_flip 5 6 0
Tile:8 10 4 1
Tile:9 4 4 0
Tile:8 11 4 1
Tile:2_flip 4 5 0
Drop 1 0 1
Tile:10 11 5 0
Tile:6_flip 12 4 1
Malus 0 0 0
Bonus 0 0 1
Tile:5 3 5 0
Tile:6_flip 13 4 1
Tile:0 6 6 0
Tile:8 13 5 1
Tile:7_flip 13 6 0
Tile:9 11 3 1
GAMEOVER WINNER 1
# Game ended: Sat Apr 11 21:09:42 EDT 2020
