# Server version 0.08 running on 192.168.2.221:8123
# Game ID: 1060
# Board class: Saboteur.SaboteurBoard
# Timeout: 2000
# First Move Timeout: 30000
# Date: Sat Apr 11 21:30:45 EDT 2020
# Player 1: Player-0, 'RandomPlayer', running on 127.0.0.1
# Player 2: Player-1, '260729564', running on 127.0.0.1
START Player-0 RandomPlayer
START Player-1 260729564
BoardInit:Map,Bonus,Tile:9,Tile:13,Tile:7,Tile:9,Tile:7,Tile:0,Tile:6,Destroy,Tile:7,Tile:8,Tile:12,Tile:5,Bonus,Tile:5,Destroy,Tile:0,Tile:5,Tile:8,Tile:7,Map,Tile:1,Tile:10,Bonus,Tile:6,Tile:8,Tile:11,Tile:7,Destroy,Malus,Map,Tile:8,Tile:9,Tile:3,Tile:6,Map,Tile:15,Bonus,Tile:10,Map-Tile:10,Tile:9,Tile:14,Map,Tile:6,Tile:5,Tile:0-Tile:2,Tile:9,Tile:4,Tile:8,Tile:6,Tile:0,Malus-Tile:nugget,Tile:hidden1,Tile:hidden2
Map 12 3 1
Tile:6_flip 6 5 0
Tile:6 7 5 1
Tile:4 5 4 0
Tile:9 7 4 1
Drop 1 0 0
Tile:0 8 4 1
Tile:2_flip 6 6 0
Tile:5_flip 9 4 1
Tile:8 4 5 0
Tile:6_flip 9 3 1
Tile:0 3 5 0
Tile:9_flip 10 3 1
Tile:9_flip 4 4 0
Tile:10 10 4 1
Tile:13 10 5 0
Tile:7_flip 8 3 1
Destroy 6 5 0
Tile:7_flip 5 6 1
Tile:5_flip 4 6 0
Drop 0 0 1
Tile:0 8 5 0
Drop 0 0 1
Drop 1 0 0
Drop 1 0 1
Tile:0 3 6 0
Drop 5 0 1
Tile:6 11 5 0
Tile:8 6 5 1
Tile:11_flip 10 2 0
Tile:5 11 4 1
Map 12 7 0
Malus 0 0 1
Destroy 8 5 0
Tile:8 8 2 1
Drop 4 0 0
Tile:7 8 5 1
Map 12 7 0
Tile:7_flip 8 6 1
Drop 0 0 0
Tile:7 9 6 1
Drop 2 0 0
Drop 2 0 1
Drop 1 0 0
Drop 2 0 1
Drop 3 0 0
Drop 2 0 1
Drop 0 0 0
Drop 2 0 1
Drop 2 0 0
Drop 2 0 1
Drop 0 0 0
Destroy 6 5 1
Drop 0 0 0
Drop 0 0 1
GAMEOVER DRAW
# Game ended: Sat Apr 11 21:30:47 EDT 2020
