# Server version 0.08 running on 192.168.2.221:8123
# Game ID: 541
# Board class: Saboteur.SaboteurBoard
# Timeout: 2000
# First Move Timeout: 30000
# Date: Sat Apr 11 20:43:06 EDT 2020
# Player 1: Player-0, '260729564', running on 127.0.0.1
# Player 2: Player-1, 'RandomPlayer', running on 127.0.0.1
START Player-0 260729564
START Player-1 RandomPlayer
BoardInit:Tile:5,Bonus,Tile:8,Tile:6,Map,Tile:6,Tile:9,Tile:0,Tile:0,Tile:12,Tile:10,Tile:7,Destroy,Bonus,Tile:0,Tile:15,Tile:9,Tile:9,Tile:9,Map,Tile:13,Tile:2,Malus,Tile:7,Tile:11,Tile:8,Tile:10,Tile:3,Tile:5,Tile:4,Bonus,Tile:6,Tile:5,Destroy,Tile:8,Bonus,Tile:8,Tile:6,Map,Tile:6,Map-Malus,Tile:14,Tile:0,Tile:10,Tile:7,Tile:5,Tile:7-Tile:9,Map,Map,Destroy,Tile:1,Tile:7,Tile:8-Tile:hidden2,Tile:hidden1,Tile:nugget
Drop 3 0 1
Map 12 3 0
Malus 0 0 1
Bonus 0 0 0
Tile:14_flip 5 4 1
Map 12 5 0
Drop 2 0 1
Tile:8 5 6 0
Tile:5_flip 6 4 1
Tile:6 6 6 0
Tile:7_flip 4 5 1
Tile:6 7 6 0
Map 12 7 1
Tile:0 8 6 0
Tile:7 6 5 1
Tile:9_flip 9 6 0
Destroy 7 6 1
Tile:7_flip 5 7 0
Tile:0 4 6 1
Tile:7 6 7 0
Tile:8 7 6 1
Tile:9 9 7 0
Tile:9 9 5 1
Drop 1 0 0
Tile:0 10 7 1
Tile:7 11 7 0
Tile:10 4 4 1
Tile:8 11 8 0
Drop 6 0 1
Destroy 11 7 0
Tile:9_flip 4 3 1
Drop 0 0 0
Tile:5 3 6 1
Tile:6_flip 11 7 0
GAMEOVER WINNER 0
# Game ended: Sat Apr 11 20:43:06 EDT 2020
