# Server version 0.08 running on 192.168.2.221:8123
# Game ID: 110
# Board class: Saboteur.SaboteurBoard
# Timeout: 2000
# First Move Timeout: 30000
# Date: Sat Apr 11 16:19:44 EDT 2020
# Player 1: Player-0, 'RandomPlayer', running on 127.0.0.1
# Player 2: Player-1, '260729564', running on 127.0.0.1
START Player-0 RandomPlayer
START Player-1 260729564
BoardInit:Tile:0,Map,Tile:9,Tile:5,Tile:0,Tile:1,Bonus,Tile:5,Tile:0,Tile:3,Tile:9,Tile:7,Tile:6,Tile:7,Tile:6,Tile:6,Tile:10,Malus,Tile:10,Tile:6,Tile:10,Map,Tile:2,Tile:14,Tile:7,Destroy,Map,Tile:4,Bonus,Map,Bonus,Tile:15,Tile:8,Tile:13,Map,Tile:8,Tile:0,Bonus,Tile:9,Tile:9,Tile:8-Destroy,Tile:8,Malus,Tile:5,Tile:7,Tile:5,Tile:11-Tile:6,Tile:9,Map,Destroy,Tile:12,Tile:7,Tile:8-Tile:hidden2,Tile:nugget,Tile:hidden1
Malus 0 0 1
Map 12 3 0
Tile:8 6 5 1
Drop 5 0 0
Tile:9_flip 7 5 1
Drop 6 0 0
Tile:5 7 4 1
Drop 1 0 0
Tile:0 8 4 1
Destroy 7 4 0
Tile:7_flip 7 6 1
Drop 1 0 0
Tile:9_flip 8 6 1
Drop 4 0 0
Tile:6 8 7 1
Map 12 7 0
Tile:0 9 7 1
Drop 5 0 0
Tile:0 10 7 1
Drop 3 0 0
Tile:6 11 7 1
Drop 2 0 0
Tile:10 12 6 1
GAMEOVER WINNER 1
# Game ended: Sat Apr 11 16:19:45 EDT 2020
