# Server version 0.08 running on 192.168.2.221:8123
# Game ID: 564
# Board class: Saboteur.SaboteurBoard
# Timeout: 2000
# First Move Timeout: 30000
# Date: Sat Apr 11 20:44:27 EDT 2020
# Player 1: Player-0, 'RandomPlayer', running on 127.0.0.1
# Player 2: Player-1, '260729564', running on 127.0.0.1
START Player-0 RandomPlayer
START Player-1 260729564
BoardInit:Bonus,Destroy,Tile:5,Tile:14,Bonus,Tile:6,Map,Malus,Destroy,Tile:11,Map,Tile:0,Tile:10,Tile:12,Tile:7,Tile:6,Map,Bonus,Tile:9,Tile:7,Tile:0,Tile:5,Tile:7,Tile:8,Tile:6,Tile:9,Tile:7,Tile:7,Map,Tile:4,Bonus,Tile:8,Tile:2,Tile:15,Tile:5,Tile:8,Map,Tile:10,Tile:9,Tile:0,Tile:1-Map,Tile:0,Tile:9,Tile:8,Tile:10,Tile:13,Tile:6-Tile:5,Malus,Tile:8,Tile:6,Tile:9,Tile:3,Destroy-Tile:hidden2,Tile:hidden1,Tile:nugget
Map 12 3 1
Tile:9_flip 5 6 0
Tile:8 6 5 1
Tile:3_flip 6 6 0
Tile:9_flip 7 5 1
Tile:8 7 4 0
Tile:6_flip 8 4 1
Drop 2 0 0
Map 12 5 1
Drop 0 0 0
Tile:5_flip 9 4 1
Drop 5 0 0
Tile:10 9 3 1
Destroy 6 6 0
Tile:10 8 5 1
Tile:12_flip 4 6 0
Tile:7_flip 8 6 1
Tile:11 6 6 0
Tile:0 9 6 1
Tile:6 4 5 0
Tile:9_flip 10 6 1
Tile:7 4 4 0
Drop 0 0 1
Destroy 4 6 0
Tile:7_flip 10 7 1
Tile:6_flip 11 7 0
GAMEOVER WINNER 0
# Game ended: Sat Apr 11 20:44:27 EDT 2020
