# Server version 0.08 running on 192.168.2.221:8123
# Game ID: 208
# Board class: Saboteur.SaboteurBoard
# Timeout: 2000
# First Move Timeout: 30000
# Date: Sat Apr 11 20:08:55 EDT 2020
# Player 1: Player-0, 'RandomPlayer', running on 127.0.0.1
# Player 2: Player-1, '260729564', running on 127.0.0.1
START Player-0 RandomPlayer
START Player-1 260729564
BoardInit:Tile:6,Tile:7,Tile:10,Tile:1,Tile:9,Map,Tile:5,Tile:6,Tile:11,Tile:9,Tile:7,Tile:6,Tile:8,Tile:5,Tile:5,Destroy,Destroy,Malus,Bonus,Tile:7,Tile:6,Tile:7,Tile:0,Tile:8,Tile:8,Tile:10,Map,Destroy,Tile:8,Map,Tile:0,Tile:5,Malus,Tile:6,Tile:15,Bonus,Tile:9,Bonus,Tile:2,Tile:9,Map-Map,Tile:10,Map,Tile:13,Tile:14,Tile:0,Tile:4-Tile:3,Bonus,Tile:12,Tile:7,Tile:0,Tile:8,Tile:9-Tile:hidden2,Tile:hidden1,Tile:nugget
Map 12 3 1
Tile:3 6 5 0
Map 12 5 1
Drop 1 0 0
Tile:10 5 6 1
Tile:8 5 7 0
Tile:10 6 6 1
Tile:7_flip 4 5 0
Tile:9_flip 6 7 1
Drop 0 0 0
Tile:6 6 8 1
Tile:1 4 7 0
Tile:5_flip 7 8 1
Tile:9 5 8 0
Tile:8 5 9 1
Tile:0 3 7 0
Tile:5 7 7 1
Destroy 7 8 0
Tile:0 6 9 1
Tile:6_flip 7 9 0
Tile:7 8 9 1
Tile:5_flip 5 10 0
Tile:6 8 10 1
Tile:6_flip 4 4 0
Tile:0 9 10 1
Drop 5 0 0
Tile:8 10 10 1
Tile:7_flip 4 9 0
Drop 0 0 1
Destroy 5 9 0
Tile:8 5 9 1
Tile:7_flip 2 7 0
Tile:0 11 10 1
Tile:8 12 10 0
Malus 0 0 1
Drop 3 0 0
Drop 0 0 1
Map 12 5 0
GAMEOVER TIMEOUT WINNER 0
# Game ended: Sat Apr 11 20:08:59 EDT 2020
