# Server version 0.08 running on 192.168.2.221:8123
# Game ID: 1146
# Board class: Saboteur.SaboteurBoard
# Timeout: 2000
# First Move Timeout: 30000
# Date: Sat Apr 11 21:35:38 EDT 2020
# Player 1: Player-0, 'RandomPlayer', running on 127.0.0.1
# Player 2: Player-1, '260729564', running on 127.0.0.1
START Player-0 RandomPlayer
START Player-1 260729564
BoardInit:Tile:4,Malus,Tile:6,Tile:8,Bonus,Tile:12,Map,Tile:10,Map,Tile:5,Tile:0,Destroy,Map,Tile:10,Tile:5,Tile:9,Tile:8,Bonus,Tile:6,Tile:7,Tile:9,Tile:3,Tile:5,Map,Tile:9,Tile:7,Tile:13,Tile:11,Bonus,Tile:0,Tile:15,Destroy,Tile:10,Tile:14,Tile:8,Tile:0,Tile:5,Bonus,Tile:2,Tile:8,Destroy-Tile:0,Map,Tile:8,Tile:6,Tile:7,Tile:6,Tile:7-Malus,Tile:9,Tile:1,Tile:7,Tile:6,Map,Tile:9-Tile:hidden1,Tile:hidden2,Tile:nugget
Map 12 3 1
Tile:7 6 5 0
Tile:8 6 6 1
Tile:6_flip 7 6 0
Tile:6 8 6 1
Tile:9 8 5 0
Tile:0 9 6 1
Tile:8 5 4 0
Map 12 5 1
Tile:9_flip 5 3 0
Tile:6 10 6 1
Tile:5_flip 11 6 0
Tile:6_flip 11 5 1
Destroy 9 6 0
Tile:0 9 6 1
Tile:10 7 7 0
Tile:7 13 5 1
Tile:9 5 6 0
Tile:8 13 6 1
Drop 3 0 0
Tile:6 13 7 1
GAMEOVER WINNER 1
# Game ended: Sat Apr 11 21:35:39 EDT 2020
