# Server version 0.08 running on 192.168.2.221:8123
# Game ID: 596
# Board class: Saboteur.SaboteurBoard
# Timeout: 2000
# First Move Timeout: 30000
# Date: Sat Apr 11 20:57:42 EDT 2020
# Player 1: Player-0, 'RandomPlayer', running on 127.0.0.1
# Player 2: Player-1, '260729564', running on 127.0.0.1
START Player-0 RandomPlayer
START Player-1 260729564
BoardInit:Tile:7,Tile:6,Tile:7,Tile:2,Bonus,Tile:13,Destroy,Tile:9,Tile:0,Tile:12,Map,Tile:6,Tile:0,Tile:5,Tile:9,Tile:8,Tile:6,Tile:8,Tile:7,Tile:10,Tile:11,Tile:0,Tile:4,Map,Tile:14,Tile:9,Tile:8,Tile:15,Destroy,Tile:5,Tile:6,Bonus,Map,Map,Malus,Tile:3,Tile:7,Tile:9,Tile:0,Destroy,Tile:10-Tile:7,Tile:10,Tile:5,Map,Tile:1,Bonus,Map-Tile:9,Malus,Bonus,Tile:6,Tile:8,Tile:8,Tile:5-Tile:nugget,Tile:hidden2,Tile:hidden1
Map 12 3 1
Tile:8 6 5 0
Tile:5 6 4 1
Tile:9 4 5 0
Tile:7 7 4 1
Tile:5_flip 5 6 0
Tile:10 5 4 1
Drop 2 0 0
Tile:7_flip 6 6 1
Tile:2_flip 7 6 0
Drop 0 0 1
Malus 0 0 0
Bonus 0 0 1
Drop 0 0 0
Drop 0 0 1
Tile:9_flip 4 4 0
Tile:9_flip 7 5 1
Tile:8 8 6 0
Tile:6_flip 5 3 1
Tile:6_flip 4 3 0
Tile:0 6 3 1
Tile:10 8 5 0
Tile:0 7 3 1
Tile:8 8 7 0
Tile:7 8 3 1
Tile:8 9 6 0
Drop 2 0 1
Tile:13 9 7 0
Drop 3 0 1
Tile:9 3 3 0
Drop 3 0 1
Tile:6_flip 3 2 0
Drop 3 0 1
Tile:0 10 7 0
Drop 6 0 1
Tile:5_flip 9 8 0
Malus 0 0 1
Bonus 0 0 0
Destroy 9 6 1
Tile:9_flip 11 7 0
Destroy 11 7 1
Destroy 6 4 0
Tile:10 8 4 1
Tile:5 2 2 0
Tile:8 9 6 1
Drop 1 0 0
Tile:6 10 6 1
Tile:3_flip 3 4 0
Tile:0 11 6 1
Tile:12 11 7 0
GAMEOVER TIMEOUT WINNER 0
# Game ended: Sat Apr 11 20:57:46 EDT 2020
