# Server version 0.08 running on 192.168.2.221:8123
# Game ID: 898
# Board class: Saboteur.SaboteurBoard
# Timeout: 2000
# First Move Timeout: 30000
# Date: Sat Apr 11 21:19:25 EDT 2020
# Player 1: Player-0, 'RandomPlayer', running on 127.0.0.1
# Player 2: Player-1, '260729564', running on 127.0.0.1
START Player-0 RandomPlayer
START Player-1 260729564
BoardInit:Destroy,Tile:8,Map,Malus,Tile:7,Tile:15,Bonus,Destroy,Map,Map,Tile:7,Destroy,Tile:8,Tile:1,Tile:9,Tile:14,Tile:6,Map,Tile:6,Tile:6,Tile:7,Tile:11,Tile:5,Tile:7,Tile:5,Tile:0,Tile:7,Tile:0,Tile:6,Tile:9,Tile:8,Bonus,Tile:9,Tile:6,Tile:9,Tile:4,Tile:10,Tile:5,Tile:9,Malus,Tile:0-Tile:0,Tile:8,Tile:10,Tile:12,Tile:13,Bonus,Tile:3-Tile:5,Bonus,Map,Map,Tile:10,Tile:8,Tile:2-Tile:hidden2,Tile:nugget,Tile:hidden1
Tile:8 6 5 1
Map 12 3 0
Tile:0 7 5 1
Tile:10 5 6 0
Map 12 3 1
Tile:5 6 4 0
Tile:7 8 5 1
Tile:15 5 4 0
Tile:10 8 6 1
Map 12 7 0
Map 12 5 1
Drop 1 0 0
Tile:7_flip 8 7 1
Tile:8 9 7 0
Tile:8 10 7 1
Destroy 9 7 0
Tile:9 6 6 1
Tile:1 11 7 0
Tile:6_flip 9 7 1
Tile:14 10 8 0
Tile:6_flip 10 6 1
Tile:2_flip 4 5 0
Tile:7_flip 9 6 1
Tile:11 3 5 0
Tile:5_flip 11 6 1
Tile:6 7 4 0
Tile:5 11 5 1
GAMEOVER WINNER 1
# Game ended: Sat Apr 11 21:19:25 EDT 2020
