# Server version 0.08 running on 192.168.2.221:8123
# Game ID: 1
# Board class: Saboteur.SaboteurBoard
# Timeout: 20000
# First Move Timeout: 30000
# Date: Fri Apr 10 12:15:55 EDT 2020
# Player 1: Player-0, 'RandomPlayer', running on 192.168.2.221
# Player 2: Player-1, 'Human', running on 192.168.2.221
START Player-0 RandomPlayer
START Player-1 Human
BoardInit:Tile:5,Tile:7,Tile:3,Tile:11,Tile:5,Tile:6,Tile:7,Tile:9,Tile:13,Map,Tile:7,Tile:9,Tile:4,Tile:0,Tile:15,Map,Bonus,Tile:6,Tile:6,Tile:6,Bonus,Tile:10,Destroy,Tile:5,Tile:10,Tile:0,Tile:10,Tile:0,Tile:7,Tile:8,Map,Tile:2,Tile:0,Malus,Tile:8,Tile:12,Malus,Destroy,Map,Destroy,Tile:5-Tile:6,Map,Tile:8,Tile:8,Tile:7,Tile:1,Tile:9-Bonus,Bonus,Tile:9,Tile:14,Map,Tile:9,Tile:8-Tile:nugget,Tile:hidden1,Tile:hidden2
Map 12 3 1
Map 12 3 0
Tile:8 5 4 1
Tile:7 6 4 0
Tile:8 6 5 1
Tile:9_flip 6 6 0
Tile:6 7 5 1
Tile:9 7 4 0
Tile:5_flip 8 4 1
Tile:9 5 3 0
Tile:5 8 3 1
Tile:6 6 3 0
Tile:7 9 3 1
Tile:9 9 4 0
Tile:7 10 4 1
Tile:8 4 4 0
Tile:9 10 5 1
Drop 5 0 0
Drop 2 0 1
Tile:6_flip 3 4 0
Tile:6 11 5 1
Tile:11_flip 9 5 0
Drop 1 0 1
Tile:6 4 5 0
Drop 1 0 1
Tile:10 4 3 0
Tile:10 12 4 1
GAMEOVER WINNER 1
# Game ended: Fri Apr 10 12:18:25 EDT 2020
