# Server version 0.08 running on 192.168.2.221:8123
# Game ID: 1182
# Board class: Saboteur.SaboteurBoard
# Timeout: 2000
# First Move Timeout: 30000
# Date: Sat Apr 11 21:37:36 EDT 2020
# Player 1: Player-0, 'RandomPlayer', running on 127.0.0.1
# Player 2: Player-1, '260729564', running on 127.0.0.1
START Player-0 RandomPlayer
START Player-1 260729564
BoardInit:Tile:8,Tile:7,Bonus,Bonus,Tile:0,Map,Tile:8,Tile:0,Tile:3,Tile:9,Tile:10,Tile:1,Tile:9,Tile:10,Map,Tile:6,Tile:5,Tile:5,Malus,Tile:6,Tile:7,Tile:8,Tile:8,Tile:2,Tile:6,Tile:5,Malus,Tile:13,Destroy,Tile:9,Tile:14,Tile:8,Tile:9,Tile:9,Tile:10,Map,Tile:0,Tile:5,Tile:0,Bonus,Tile:7-Tile:7,Tile:11,Bonus,Map,Map,Tile:15,Tile:6-Destroy,Tile:7,Tile:4,Map,Destroy,Tile:12,Tile:6-Tile:hidden2,Tile:nugget,Tile:hidden1
Map 12 3 1
Tile:4 5 4 0
Map 12 5 1
Map 12 5 0
Tile:8 6 5 1
Tile:7 7 5 0
Tile:6 7 6 1
Tile:7_flip 5 6 0
Tile:8 8 6 1
Destroy 8 6 0
Tile:0 8 6 1
Drop 2 0 0
Tile:7 9 6 1
Destroy 6 5 0
Drop 0 0 1
Tile:1 6 5 0
Drop 1 0 1
Tile:6 4 5 0
Drop 1 0 1
Map 12 3 0
Malus 0 0 1
Drop 2 0 0
Drop 1 0 1
Drop 3 0 0
Drop 3 0 1
Drop 5 0 0
Tile:6_flip 6 6 1
Drop 0 0 0
Malus 0 0 1
Drop 6 0 0
Tile:8 9 7 1
Drop 1 0 0
Tile:5_flip 10 7 1
Drop 4 0 0
Tile:10 10 6 1
Drop 0 0 0
Tile:9 10 5 1
Drop 2 0 0
Tile:0 11 5 1
GAMEOVER WINNER 1
# Game ended: Sat Apr 11 21:37:36 EDT 2020
