# Server version 0.08 running on 192.168.2.221:8123
# Game ID: 124
# Board class: Saboteur.SaboteurBoard
# Timeout: 2000
# First Move Timeout: 30000
# Date: Sat Apr 11 16:20:11 EDT 2020
# Player 1: Player-0, 'RandomPlayer', running on 127.0.0.1
# Player 2: Player-1, '260729564', running on 127.0.0.1
START Player-0 RandomPlayer
START Player-1 260729564
BoardInit:Tile:7,Tile:3,Malus,Malus,Tile:9,Tile:4,Tile:5,Map,Map,Tile:0,Tile:11,Tile:5,Tile:0,Tile:8,Tile:6,Map,Bonus,Tile:8,Tile:9,Tile:10,Map,Destroy,Tile:5,Tile:9,Destroy,Tile:6,Tile:8,Map,Tile:1,Tile:7,Tile:8,Destroy,Tile:6,Tile:0,Bonus,Tile:0,Tile:12,Tile:10,Tile:15,Tile:5,Tile:7-Tile:6,Tile:9,Tile:6,Tile:8,Tile:9,Tile:13,Tile:7-Bonus,Bonus,Tile:10,Tile:14,Map,Tile:7,Tile:2-Tile:nugget,Tile:hidden1,Tile:hidden2
Tile:8 6 5 1
Tile:2 7 5 0
Tile:9 6 4 1
Tile:14 7 6 0
Malus 0 0 1
Drop 1 0 0
Tile:9 6 6 1
Map 12 3 0
Tile:5_flip 7 4 1
Drop 6 0 0
Map 12 3 1
Drop 4 0 0
Tile:9 7 3 1
Bonus 0 0 0
Tile:6 8 3 1
Tile:4_flip 6 7 0
Tile:6 9 3 1
Tile:8 4 5 0
Tile:0 10 3 1
Tile:3_flip 4 6 0
Tile:6 11 3 1
GAMEOVER WINNER 1
# Game ended: Sat Apr 11 16:20:12 EDT 2020
