# Server version 0.08 running on 192.168.2.221:8123
# Game ID: 1417
# Board class: Saboteur.SaboteurBoard
# Timeout: 2000
# First Move Timeout: 30000
# Date: Sat Apr 11 22:05:39 EDT 2020
# Player 1: Player-0, '260729564', running on 127.0.0.1
# Player 2: Player-1, 'RandomPlayer', running on 127.0.0.1
START Player-0 260729564
START Player-1 RandomPlayer
BoardInit:Tile:2,Tile:3,Bonus,Tile:7,Map,Tile:15,Map,Map,Tile:5,Tile:13,Tile:0,Tile:7,Malus,Tile:9,Tile:0,Tile:8,Tile:0,Tile:7,Destroy,Bonus,Tile:5,Map,Tile:5,Tile:14,Bonus,Tile:0,Tile:10,Tile:6,Tile:10,Tile:6,Map,Tile:4,Map,Tile:11,Tile:6,Tile:1,Tile:9,Tile:8,Tile:8,Tile:12,Tile:6-Tile:9,Tile:8,Tile:6,Tile:8,Tile:7,Tile:7,Malus-Tile:10,Tile:9,Tile:5,Destroy,Destroy,Bonus,Tile:9-Tile:hidden1,Tile:hidden2,Tile:nugget
Tile:8 5 4 1
Tile:9_flip 6 4 0
Malus 0 0 1
Bonus 0 0 0
Tile:9_flip 6 5 1
Tile:9 6 6 0
Drop 6 0 1
Tile:5_flip 7 6 0
Tile:7_flip 4 5 1
Map 12 3 0
Tile:2 5 3 1
Tile:10 7 5 0
Tile:6_flip 4 4 1
Tile:7_flip 6 7 0
Tile:7 7 7 1
Tile:9 7 4 0
Tile:8 3 4 1
Tile:8 8 4 0
Tile:0 9 4 1
Tile:7 10 4 0
Tile:5 3 3 1
Tile:7_flip 10 5 0
Tile:0 4 3 1
Map 12 5 0
Tile:5_flip 11 5 1
Destroy 11 5 0
Destroy 5 3 1
Tile:0 11 5 0
Tile:5 7 3 1
Tile:6 12 6 0
Tile:0 2 4 1
Tile:6_flip 11 6 0
Tile:10 5 6 1
Destroy 12 6 0
Tile:10 11 7 1
Drop 0 0 0
Tile:6 13 5 1
Drop 0 0 0
Tile:9 11 8 1
Tile:14 12 6 0
Drop 0 0 1
GAMEOVER TIMEOUT WINNER 1
# Game ended: Sat Apr 11 22:05:45 EDT 2020
