# Server version 0.08 running on 192.168.2.221:8123
# Game ID: 793
# Board class: Saboteur.SaboteurBoard
# Timeout: 2000
# First Move Timeout: 30000
# Date: Sat Apr 11 21:11:13 EDT 2020
# Player 1: Player-0, '260729564', running on 127.0.0.1
# Player 2: Player-1, 'RandomPlayer', running on 127.0.0.1
START Player-0 260729564
START Player-1 RandomPlayer
BoardInit:Tile:8,Tile:5,Map,Tile:7,Bonus,Tile:10,Tile:11,Tile:0,Tile:8,Destroy,Tile:9,Tile:13,Tile:2,Tile:7,Tile:15,Destroy,Tile:9,Tile:8,Tile:8,Tile:9,Tile:10,Map,Tile:9,Tile:8,Tile:12,Map,Tile:10,Tile:0,Tile:1,Tile:6,Tile:14,Map,Tile:0,Tile:0,Tile:3,Tile:5,Malus,Tile:5,Map,Destroy,Bonus-Bonus,Tile:6,Tile:7,Tile:7,Bonus,Tile:6,Tile:7-Tile:6,Malus,Tile:4,Tile:6,Map,Tile:9,Tile:5-Tile:hidden1,Tile:hidden2,Tile:nugget
Tile:7 5 4 1
Map 12 3 0
Tile:7_flip 5 6 1
Malus 0 0 0
Drop 6 0 1
Tile:9_flip 6 6 0
Bonus 0 0 1
Tile:10 6 7 0
Drop 2 0 1
Tile:6_flip 6 5 0
Drop 2 0 1
Tile:6 7 5 0
Tile:8 7 4 1
Tile:0 8 4 0
Drop 5 0 1
Tile:5_flip 9 4 0
Tile:8 4 4 1
Tile:5 9 3 0
Drop 1 0 1
Tile:8 10 3 0
Tile:9_flip 11 3 1
Tile:9 11 4 0
Tile:11 11 5 1
Map 12 5 0
Tile:6 4 5 1
Tile:8 12 4 0
Tile:9_flip 12 6 1
GAMEOVER WINNER 1
# Game ended: Sat Apr 11 21:11:13 EDT 2020
