# Server version 0.08 running on 192.168.2.221:8123
# Game ID: 1233
# Board class: Saboteur.SaboteurBoard
# Timeout: 2000
# First Move Timeout: 30000
# Date: Sat Apr 11 21:40:12 EDT 2020
# Player 1: Player-0, '260729564', running on 127.0.0.1
# Player 2: Player-1, 'RandomPlayer', running on 127.0.0.1
START Player-0 260729564
START Player-1 RandomPlayer
BoardInit:Bonus,Tile:4,Tile:8,Tile:6,Tile:6,Tile:6,Malus,Map,Bonus,Tile:14,Tile:6,Tile:11,Tile:5,Destroy,Tile:7,Tile:9,Tile:0,Tile:7,Tile:7,Destroy,Tile:12,Tile:7,Tile:5,Bonus,Tile:0,Tile:8,Tile:6,Tile:8,Tile:9,Tile:0,Tile:10,Tile:3,Tile:8,Map,Tile:5,Tile:7,Map,Tile:5,Bonus,Tile:8,Malus-Destroy,Tile:10,Tile:9,Tile:0,Map,Tile:1,Tile:2-Map,Tile:9,Tile:10,Tile:15,Map,Tile:13,Tile:9-Tile:hidden1,Tile:hidden2,Tile:nugget
Drop 3 0 1
Map 12 3 0
Map 12 3 1
Map 12 5 0
Tile:9 5 4 1
Tile:6_flip 6 5 0
Tile:1 6 4 1
Tile:6_flip 7 5 0
Tile:6 7 6 1
Tile:9_flip 8 6 0
Tile:8 8 5 1
Tile:9_flip 9 5 0
Tile:6 6 6 1
Tile:10 9 6 0
Tile:5 4 5 1
Drop 0 0 0
Destroy 4 5 1
Tile:9 9 7 0
Tile:7 8 4 1
Tile:7 10 7 0
Tile:10 8 7 1
Drop 0 0 0
Drop 5 0 1
Tile:7_flip 10 8 0
Drop 4 0 1
Drop 0 0 0
Tile:0 4 5 1
Tile:8 11 8 0
Tile:2_flip 11 9 1
Tile:8 12 8 0
GAMEOVER WINNER 0
# Game ended: Sat Apr 11 21:40:13 EDT 2020
