# Server version 0.08 running on 192.168.2.221:8123
# Game ID: 279
# Board class: Saboteur.SaboteurBoard
# Timeout: 2000
# First Move Timeout: 30000
# Date: Sat Apr 11 20:15:59 EDT 2020
# Player 1: Player-0, '260729564', running on 127.0.0.1
# Player 2: Player-1, 'RandomPlayer', running on 127.0.0.1
START Player-0 260729564
START Player-1 RandomPlayer
BoardInit:Tile:15,Malus,Tile:2,Tile:12,Tile:6,Tile:8,Tile:8,Map,Tile:7,Tile:7,Tile:0,Tile:9,Tile:10,Tile:10,Tile:11,Tile:0,Tile:7,Tile:10,Bonus,Tile:9,Map,Destroy,Tile:0,Map,Tile:6,Tile:8,Tile:7,Destroy,Tile:9,Tile:13,Tile:6,Tile:5,Bonus,Tile:0,Tile:8,Tile:3,Tile:5,Tile:1,Map,Tile:9,Bonus-Tile:4,Tile:9,Tile:6,Destroy,Bonus,Tile:6,Map-Map,Tile:14,Malus,Tile:7,Tile:8,Tile:5,Tile:5-Tile:hidden1,Tile:hidden2,Tile:nugget
Tile:6 4 5 1
Map 12 3 0
Tile:9_flip 6 5 1
Malus 0 0 0
Drop 1 0 1
Malus 0 0 0
Drop 2 0 1
Tile:8 6 4 0
Map 12 5 1
Map 12 5 0
Bonus 0 0 1
Tile:8 6 6 0
Drop 0 0 1
Tile:9_flip 7 6 0
Drop 0 0 1
Tile:10 7 7 0
Drop 5 0 1
Tile:0 7 4 0
Drop 3 0 1
Tile:10 7 8 0
Drop 2 0 1
Tile:9_flip 8 4 0
Map 12 3 1
Tile:7_flip 8 5 0
Drop 5 0 1
Tile:5_flip 9 5 0
Drop 0 0 1
Tile:8 7 9 0
Drop 5 0 1
Tile:5 9 4 0
Drop 0 0 1
Tile:7 10 4 0
Drop 6 0 1
Tile:5_flip 8 9 0
Drop 0 0 1
Tile:0 6 9 0
Drop 4 0 1
Drop 0 0 0
Drop 0 0 1
Drop 0 0 0
Drop 2 0 1
Tile:9 10 5 0
Map 12 3 1
Drop 1 0 0
Drop 3 0 1
Drop 2 0 0
Drop 4 0 1
Drop 2 0 0
Drop 2 0 1
Drop 2 0 0
Drop 0 0 1
Destroy 10 5 0
Drop 1 0 1
Destroy 6 4 0
Drop 0 0 1
GAMEOVER DRAW
# Game ended: Sat Apr 11 20:15:59 EDT 2020
