# Server version 0.08 running on 192.168.2.221:8123
# Game ID: 864
# Board class: Saboteur.SaboteurBoard
# Timeout: 2000
# First Move Timeout: 30000
# Date: Sat Apr 11 21:17:53 EDT 2020
# Player 1: Player-0, 'RandomPlayer', running on 127.0.0.1
# Player 2: Player-1, '260729564', running on 127.0.0.1
START Player-0 RandomPlayer
START Player-1 260729564
BoardInit:Tile:6,Tile:0,Destroy,Tile:0,Map,Tile:15,Tile:2,Destroy,Tile:6,Bonus,Bonus,Tile:5,Tile:5,Tile:9,Tile:0,Tile:6,Tile:3,Tile:7,Tile:9,Bonus,Malus,Tile:8,Destroy,Tile:7,Tile:7,Malus,Bonus,Tile:13,Tile:5,Tile:8,Tile:8,Tile:6,Tile:9,Map,Tile:7,Tile:7,Tile:8,Map,Map,Tile:14,Tile:6-Tile:1,Tile:0,Map,Tile:11,Tile:9,Tile:4,Tile:12-Tile:5,Tile:9,Tile:10,Tile:10,Tile:8,Map,Tile:10-Tile:hidden2,Tile:hidden1,Tile:nugget
Map 12 3 1
Tile:10 5 4 0
Tile:9_flip 6 5 1
Tile:9 6 4 0
Tile:6_flip 7 4 1
Tile:8 6 3 0
Map 12 5 1
Tile:10 6 6 0
Tile:0 8 4 1
Tile:0 7 3 0
Tile:6 9 4 1
Tile:0 10 4 0
Drop 0 0 1
Tile:15 5 6 0
Tile:5_flip 11 4 1
Drop 5 0 0
Tile:0 8 3 1
Destroy 8 3 0
Drop 0 0 1
Drop 0 0 0
Tile:9_flip 6 7 1
Map 12 3 0
Malus 0 0 1
Drop 5 0 0
Drop 0 0 1
Drop 5 0 0
Tile:7_flip 7 5 1
Drop 5 0 0
Drop 0 0 1
Drop 2 0 0
Tile:5 11 3 1
Drop 4 0 0
Tile:8 13 3 1
Drop 4 0 0
Tile:9_flip 6 8 1
Drop 3 0 0
Tile:7_flip 13 4 1
Drop 2 0 0
Tile:8 13 2 1
Map 12 5 0
Destroy 11 3 1
Drop 6 0 0
Tile:6_flip 11 3 1
Map 12 5 0
Drop 0 0 1
Drop 3 0 0
Drop 1 0 1
Drop 1 0 0
Drop 2 0 1
Drop 2 0 0
Drop 2 0 1
Drop 0 0 0
Destroy 7 5 1
Drop 0 0 0
Drop 0 0 1
GAMEOVER DRAW
# Game ended: Sat Apr 11 21:17:54 EDT 2020
