# Server version 0.08 running on 192.168.2.221:8123
# Game ID: 1411
# Board class: Saboteur.SaboteurBoard
# Timeout: 2000
# First Move Timeout: 30000
# Date: Sat Apr 11 22:05:25 EDT 2020
# Player 1: Player-0, '260729564', running on 127.0.0.1
# Player 2: Player-1, 'RandomPlayer', running on 127.0.0.1
START Player-0 260729564
START Player-1 RandomPlayer
BoardInit:Tile:8,Tile:0,Tile:7,Tile:2,Map,Tile:3,Tile:4,Tile:5,Bonus,Tile:6,Tile:14,Tile:9,Malus,Tile:10,Bonus,Tile:8,Destroy,Tile:7,Tile:5,Tile:0,Tile:11,Destroy,Bonus,Map,Tile:9,Tile:9,Tile:9,Bonus,Tile:1,Tile:7,Tile:7,Map,Map,Tile:6,Tile:8,Tile:10,Malus,Tile:12,Tile:10,Map,Tile:6-Tile:0,Destroy,Tile:0,Tile:8,Tile:7,Map,Tile:5-Tile:8,Tile:6,Tile:13,Tile:9,Tile:15,Tile:5,Tile:6-Tile:hidden2,Tile:nugget,Tile:hidden1
Tile:0 6 5 1
Tile:8 7 5 0
Map 12 7 1
Tile:9_flip 8 5 0
Tile:8 7 4 1
Tile:6 8 6 0
Tile:0 6 4 1
Tile:6 9 6 0
Tile:4 9 5 1
Tile:0 10 6 0
Drop 1 0 1
Tile:6 11 6 0
Drop 6 0 1
Tile:9_flip 12 6 0
GAMEOVER WINNER 0
# Game ended: Sat Apr 11 22:05:25 EDT 2020
