# Server version 0.08 running on 192.168.2.221:8123
# Game ID: 1257
# Board class: Saboteur.SaboteurBoard
# Timeout: 2000
# First Move Timeout: 30000
# Date: Sat Apr 11 21:42:05 EDT 2020
# Player 1: Player-0, '260729564', running on 127.0.0.1
# Player 2: Player-1, 'RandomPlayer', running on 127.0.0.1
START Player-0 260729564
START Player-1 RandomPlayer
BoardInit:Bonus,Tile:9,Tile:10,Map,Tile:7,Tile:0,Malus,Bonus,Tile:8,Tile:5,Tile:6,Tile:10,Tile:7,Tile:2,Bonus,Tile:0,Tile:5,Map,Map,Tile:7,Tile:9,Bonus,Tile:13,Tile:0,Map,Tile:8,Tile:1,Tile:4,Tile:8,Tile:10,Tile:6,Tile:8,Tile:9,Tile:9,Tile:0,Tile:5,Tile:11,Tile:6,Malus,Tile:14,Destroy-Tile:8,Map,Map,Tile:15,Tile:7,Tile:6,Destroy-Tile:9,Tile:6,Tile:3,Tile:7,Tile:5,Tile:12,Destroy-Tile:hidden2,Tile:nugget,Tile:hidden1
Tile:8 5 6 1
Tile:6 6 6 0
Tile:6 7 6 1
Tile:9_flip 8 6 0
Tile:7 5 4 1
Map 12 3 0
Tile:7_flip 4 6 1
Tile:9 8 5 0
Destroy 6 6 1
Tile:0 6 6 0
Drop 2 0 1
Tile:7 9 5 0
Map 12 7 1
Tile:10 9 6 0
Tile:8 5 7 1
Tile:5 8 4 0
Drop 0 0 1
Tile:0 9 4 0
Drop 5 0 1
Map 12 5 0
Tile:6_flip 4 7 1
Tile:5_flip 10 4 0
Tile:7_flip 3 7 1
Tile:7_flip 9 7 0
Tile:5 4 4 1
Tile:0 10 7 0
Tile:9 4 5 1
Tile:8 11 7 0
Tile:10 8 7 1
Drop 0 0 0
Tile:13 4 8 1
Tile:10 12 6 0
GAMEOVER WINNER 0
# Game ended: Sat Apr 11 21:42:05 EDT 2020
