# Server version 0.08 running on 192.168.2.221:8123
# Game ID: 1431
# Board class: Saboteur.SaboteurBoard
# Timeout: 2000
# First Move Timeout: 30000
# Date: Sat Apr 11 22:06:15 EDT 2020
# Player 1: Player-0, '260729564', running on 127.0.0.1
# Player 2: Player-1, 'RandomPlayer', running on 127.0.0.1
START Player-0 260729564
START Player-1 RandomPlayer
BoardInit:Tile:6,Tile:0,Destroy,Map,Tile:0,Tile:11,Tile:8,Tile:7,Tile:10,Tile:3,Tile:2,Tile:5,Tile:7,Map,Tile:10,Tile:1,Malus,Map,Bonus,Map,Tile:15,Destroy,Tile:14,Bonus,Tile:10,Tile:13,Tile:6,Tile:7,Tile:4,Tile:7,Tile:0,Map,Tile:5,Tile:6,Tile:5,Tile:9,Bonus,Tile:0,Bonus,Destroy,Tile:9-Tile:9,Tile:8,Tile:6,Tile:5,Tile:6,Map,Tile:7-Tile:9,Tile:8,Tile:9,Tile:8,Tile:12,Tile:8,Malus-Tile:hidden1,Tile:nugget,Tile:hidden2
Tile:6 5 6 1
Malus 0 0 0
Map 12 3 1
Tile:8 6 6 0
Drop 0 0 1
Map 12 3 0
Drop 5 0 1
Tile:8 7 6 0
Drop 1 0 1
Tile:8 8 6 0
Drop 4 0 1
Tile:0 9 6 0
Drop 0 0 1
Tile:9_flip 10 6 0
Drop 0 0 1
Map 12 5 0
Drop 5 0 1
Tile:9 10 5 0
Drop 3 0 1
Tile:7 11 5 0
Drop 4 0 1
Tile:5 10 4 0
Drop 5 0 1
Destroy 11 5 0
Drop 5 0 1
Drop 0 0 0
Drop 0 0 1
Drop 0 0 0
Drop 6 0 1
Tile:7 11 4 0
Drop 1 0 1
Tile:7_flip 10 7 0
Drop 4 0 1
Drop 0 0 0
Drop 0 0 1
Tile:6 11 5 0
GAMEOVER WINNER 0
# Game ended: Sat Apr 11 22:06:16 EDT 2020
