# Server version 0.08 running on 192.168.2.221:8123
# Game ID: 601
# Board class: Saboteur.SaboteurBoard
# Timeout: 2000
# First Move Timeout: 30000
# Date: Sat Apr 11 20:58:05 EDT 2020
# Player 1: Player-0, '260729564', running on 127.0.0.1
# Player 2: Player-1, 'RandomPlayer', running on 127.0.0.1
START Player-0 260729564
START Player-1 RandomPlayer
BoardInit:Tile:9,Tile:0,Tile:7,Tile:6,Tile:3,Tile:14,Tile:0,Tile:6,Malus,Bonus,Tile:0,Tile:10,Tile:5,Tile:15,Tile:8,Map,Map,Map,Tile:13,Tile:5,Tile:8,Tile:7,Tile:6,Map,Destroy,Tile:7,Tile:5,Tile:9,Tile:8,Bonus,Tile:5,Tile:0,Tile:11,Bonus,Tile:7,Tile:9,Map,Tile:9,Tile:12,Tile:7,Tile:4-Tile:1,Map,Tile:10,Malus,Tile:8,Tile:9,Tile:2-Tile:10,Bonus,Tile:6,Destroy,Tile:8,Tile:6,Destroy-Tile:hidden1,Tile:hidden2,Tile:nugget
Tile:2 4 5 1
Tile:8 6 5 0
Tile:8 6 4 1
Tile:6 7 4 0
Drop 3 0 1
Tile:6 8 4 0
Tile:3_flip 4 6 1
Tile:0 9 4 0
Tile:9_flip 6 6 1
Tile:6 10 4 0
Tile:7 7 5 1
Tile:6_flip 11 4 0
Map 12 5 1
Tile:10 10 3 0
Tile:5_flip 11 5 1
Tile:10 10 2 0
Tile:0 10 5 1
Map 12 3 0
Tile:8 5 4 1
Map 12 5 0
Tile:13 8 3 1
Tile:5_flip 12 4 0
Tile:0 13 3 1
Tile:7_flip 11 3 0
Tile:10 11 2 1
Destroy 11 3 0
Tile:8 7 3 1
Tile:7_flip 11 3 0
Tile:9 12 2 1
GAMEOVER TIMEOUT WINNER 1
# Game ended: Sat Apr 11 20:58:09 EDT 2020
