# Server version 0.08 running on 192.168.2.221:8123
# Game ID: 260
# Board class: Saboteur.SaboteurBoard
# Timeout: 2000
# First Move Timeout: 30000
# Date: Sat Apr 11 20:15:16 EDT 2020
# Player 1: Player-0, 'RandomPlayer', running on 127.0.0.1
# Player 2: Player-1, '260729564', running on 127.0.0.1
START Player-0 RandomPlayer
START Player-1 260729564
BoardInit:Tile:7,Tile:5,Malus,Bonus,Tile:10,Tile:15,Tile:10,Tile:7,Tile:12,Map,Tile:5,Tile:6,Destroy,Malus,Map,Tile:10,Map,Tile:9,Tile:6,Tile:2,Tile:9,Tile:9,Tile:5,Tile:0,Tile:7,Tile:8,Tile:6,Tile:6,Tile:0,Map,Tile:9,Tile:8,Destroy,Tile:9,Tile:11,Bonus,Tile:5,Map,Tile:8,Tile:0,Destroy-Tile:4,Tile:14,Tile:7,Tile:8,Tile:3,Tile:8,Tile:1-Bonus,Tile:13,Bonus,Map,Tile:0,Tile:6,Tile:7-Tile:hidden1,Tile:hidden2,Tile:nugget
Tile:8 6 5 1
Tile:7 5 4 0
Tile:8 7 5 1
Tile:6_flip 7 4 0
Malus 0 0 1
Drop 1 0 0
Tile:7 8 4 1
Drop 1 0 0
Tile:10 7 6 1
Drop 6 0 0
Tile:10 7 7 1
Drop 1 0 0
Tile:7_flip 7 8 1
Drop 0 0 0
Tile:5_flip 8 8 1
Malus 0 0 0
Drop 0 0 1
Drop 0 0 0
Drop 0 0 1
Map 12 7 0
Drop 0 0 1
Drop 2 0 0
Drop 0 0 1
Drop 3 0 0
Drop 0 0 1
Drop 5 0 0
Drop 1 0 1
Drop 0 0 0
Drop 1 0 1
Drop 6 0 0
Drop 0 0 1
Drop 3 0 0
Drop 0 0 1
Map 12 7 0
Drop 0 0 1
Drop 0 0 0
Drop 6 0 1
Drop 4 0 0
Drop 0 0 1
Map 12 5 0
Drop 0 0 1
Drop 4 0 0
Drop 0 0 1
Bonus 0 0 0
Drop 0 0 1
Tile:8 8 5 0
Drop 0 0 1
Tile:9 8 7 0
Drop 0 0 1
Tile:6_flip 9 7 0
Drop 0 0 1
Tile:0 9 5 0
Drop 0 0 1
Tile:0 4 4 0
Drop 0 0 1
GAMEOVER DRAW
# Game ended: Sat Apr 11 20:15:16 EDT 2020
