# Server version 0.08 running on 192.168.2.221:8123
# Game ID: 1016
# Board class: Saboteur.SaboteurBoard
# Timeout: 2000
# First Move Timeout: 30000
# Date: Sat Apr 11 21:28:20 EDT 2020
# Player 1: Player-0, 'RandomPlayer', running on 127.0.0.1
# Player 2: Player-1, '260729564', running on 127.0.0.1
START Player-0 RandomPlayer
START Player-1 260729564
BoardInit:Destroy,Tile:0,Tile:5,Tile:12,Tile:6,Malus,Destroy,Tile:8,Tile:15,Tile:10,Tile:9,Bonus,Tile:2,Tile:8,Bonus,Tile:3,Tile:8,Tile:9,Tile:1,Tile:0,Tile:7,Tile:9,Tile:0,Tile:7,Bonus,Bonus,Tile:6,Tile:5,Tile:8,Tile:7,Tile:8,Tile:13,Tile:6,Map,Tile:6,Tile:10,Map,Malus,Tile:6,Tile:10,Map-Tile:11,Map,Tile:9,Map,Tile:7,Tile:14,Destroy-Tile:5,Tile:7,Tile:9,Map,Tile:5,Tile:0,Tile:4-Tile:nugget,Tile:hidden2,Tile:hidden1
Map 12 3 1
Tile:5_flip 5 6 0
Tile:9_flip 6 5 1
Tile:5 4 5 0
Tile:5 6 4 1
Drop 4 0 0
Tile:6 7 4 1
Tile:7 5 4 0
Tile:7 8 4 1
Tile:8 8 5 0
Drop 0 0 1
Malus 0 0 0
Drop 0 0 1
Tile:9_flip 8 6 0
Drop 0 0 1
Tile:0 4 4 0
Bonus 0 0 1
Drop 0 0 0
Tile:8 9 5 1
Tile:0 7 6 0
Tile:9_flip 10 5 1
Tile:9 9 4 0
Tile:7_flip 10 6 1
Tile:10 9 6 0
Tile:0 11 6 1
Tile:0 12 6 0
Destroy 12 6 1
Tile:9_flip 10 4 0
Tile:6 12 6 1
Tile:3_flip 11 5 0
Drop 5 0 1
Tile:7 13 5 0
Tile:8 12 4 1
GAMEOVER WINNER 1
# Game ended: Sat Apr 11 21:28:24 EDT 2020
