# Server version 0.08 running on 192.168.2.221:8123
# Game ID: 689
# Board class: Saboteur.SaboteurBoard
# Timeout: 2000
# First Move Timeout: 30000
# Date: Sat Apr 11 21:06:21 EDT 2020
# Player 1: Player-0, '260729564', running on 127.0.0.1
# Player 2: Player-1, 'RandomPlayer', running on 127.0.0.1
START Player-0 260729564
START Player-1 RandomPlayer
BoardInit:Tile:5,Bonus,Tile:8,Tile:10,Tile:9,Tile:6,Destroy,Tile:7,Tile:6,Map,Tile:12,Tile:4,Tile:9,Tile:6,Map,Bonus,Tile:6,Tile:10,Malus,Tile:7,Tile:11,Tile:14,Tile:0,Destroy,Tile:6,Tile:7,Tile:7,Tile:8,Tile:5,Bonus,Tile:0,Tile:7,Tile:2,Tile:9,Tile:13,Bonus,Tile:9,Tile:1,Tile:5,Destroy,Tile:8-Tile:15,Malus,Tile:3,Map,Tile:10,Map,Tile:5-Map,Map,Tile:8,Tile:0,Tile:9,Tile:8,Tile:0-Tile:nugget,Tile:hidden1,Tile:hidden2
Malus 0 0 1
Drop 0 0 0
Tile:15 5 6 1
Bonus 0 0 0
Drop 4 0 1
Map 12 3 0
Drop 2 0 1
Tile:8 5 4 0
Tile:9_flip 5 3 1
Tile:8 6 4 0
Tile:6_flip 7 4 1
Tile:9_flip 8 4 0
Destroy 5 4 1
Tile:6 6 5 0
Tile:8 5 4 1
Tile:6_flip 8 3 0
Tile:9_flip 5 2 1
Tile:7 9 3 0
Drop 1 0 1
Tile:10 9 4 0
Tile:6 7 3 1
Tile:7_flip 9 5 0
Tile:5_flip 7 5 1
Tile:0 10 5 0
Tile:12_flip 4 5 1
Tile:0 11 5 0
Tile:3_flip 5 7 1
Tile:7 12 4 0
Tile:6_flip 4 3 1
Tile:8 13 5 0
Tile:5_flip 13 6 1
Tile:10 13 4 0
Tile:0 11 4 1
GAMEOVER TIMEOUT WINNER 1
# Game ended: Sat Apr 11 21:06:25 EDT 2020
