# Server version 0.08 running on 192.168.2.221:8123
# Game ID: 352
# Board class: Saboteur.SaboteurBoard
# Timeout: 2000
# First Move Timeout: 30000
# Date: Sat Apr 11 20:20:33 EDT 2020
# Player 1: Player-0, 'RandomPlayer', running on 127.0.0.1
# Player 2: Player-1, '260729564', running on 127.0.0.1
START Player-0 RandomPlayer
START Player-1 260729564
BoardInit:Tile:4,Tile:13,Tile:12,Tile:9,Tile:3,Tile:9,Tile:15,Tile:0,Tile:5,Map,Tile:1,Tile:8,Tile:8,Malus,Tile:7,Tile:6,Tile:7,Tile:8,Tile:5,Tile:6,Map,Bonus,Destroy,Map,Tile:7,Bonus,Tile:6,Tile:0,Tile:10,Tile:8,Tile:9,Destroy,Bonus,Tile:10,Map,Tile:0,Tile:6,Tile:7,Tile:14,Destroy,Tile:2-Tile:9,Bonus,Tile:10,Map,Tile:5,Tile:0,Tile:6-Tile:5,Tile:8,Malus,Tile:11,Tile:7,Tile:9,Map-Tile:hidden1,Tile:nugget,Tile:hidden2
Map 12 3 1
Tile:11 5 6 0
Tile:0 6 5 1
Tile:9 5 4 0
Tile:6 7 5 1
Map 12 3 0
Tile:9_flip 8 5 1
Tile:9 8 6 0
Tile:5_flip 9 6 1
Tile:9_flip 8 7 0
Tile:10 9 5 1
Map 12 7 0
Tile:5 9 4 1
Tile:7 8 4 0
Tile:8 10 4 1
Tile:13 4 5 0
Tile:7 11 4 1
Tile:8 5 3 0
Tile:7_flip 11 5 1
GAMEOVER WINNER 1
# Game ended: Sat Apr 11 20:20:34 EDT 2020
