# Server version 0.08 running on 192.168.2.221:8123
# Game ID: 901
# Board class: Saboteur.SaboteurBoard
# Timeout: 2000
# First Move Timeout: 30000
# Date: Sat Apr 11 21:19:30 EDT 2020
# Player 1: Player-0, '260729564', running on 127.0.0.1
# Player 2: Player-1, 'RandomPlayer', running on 127.0.0.1
START Player-0 260729564
START Player-1 RandomPlayer
BoardInit:Tile:5,Tile:9,Destroy,Malus,Tile:8,Tile:8,Tile:4,Bonus,Tile:6,Destroy,Tile:7,Tile:0,Tile:1,Tile:10,Tile:10,Map,Tile:8,Map,Tile:11,Tile:6,Tile:12,Map,Tile:5,Map,Tile:0,Bonus,Malus,Tile:6,Tile:2,Tile:6,Tile:8,Tile:9,Tile:7,Tile:14,Tile:0,Tile:9,Tile:8,Bonus,Tile:9,Destroy,Tile:7-Tile:5,Map,Tile:7,Tile:9,Map,Bonus,Tile:6-Tile:10,Tile:3,Tile:0,Tile:5,Tile:15,Tile:7,Tile:13-Tile:nugget,Tile:hidden1,Tile:hidden2
Map 12 7 1
Tile:0 6 5 0
Tile:6 4 5 1
Tile:5_flip 7 5 0
Destroy 7 5 1
Malus 0 0 0
Drop 2 0 1
Tile:8 7 5 0
Map 12 7 1
Tile:7 8 5 0
Bonus 0 0 1
Tile:10 8 6 0
Tile:4_flip 7 6 1
Tile:9 8 7 0
Tile:6_flip 5 4 1
Tile:0 9 7 0
Drop 5 0 1
Map 12 3 0
Drop 1 0 1
Tile:10 7 4 0
Tile:5 4 4 1
Tile:6 10 7 0
Tile:8 8 8 1
Drop 0 0 0
Tile:8 7 8 1
Drop 0 0 0
Tile:11 6 8 1
Drop 0 0 0
Tile:5_flip 6 4 1
Tile:6 11 7 0
Tile:10 5 6 1
Tile:6_flip 13 7 0
Tile:7 7 3 1
Tile:9 12 6 0
Tile:0 3 5 1
Destroy 12 6 0
Tile:7_flip 11 5 1
Tile:9 12 6 0
Tile:2_flip 2 5 1
Drop 1 0 0
Tile:9_flip 5 7 1
Destroy 11 5 0
Tile:5 12 4 1
Drop 1 0 0
Tile:7_flip 1 5 1
Drop 1 0 0
Tile:8 2 4 1
Drop 1 0 0
Tile:0 9 8 1
Drop 1 0 0
Tile:8 1 4 1
Drop 1 0 0
Tile:12 3 4 1
Drop 0 0 0
Malus 0 0 1
GAMEOVER DRAW
# Game ended: Sat Apr 11 21:19:31 EDT 2020
