# Server version 0.08 running on 192.168.2.221:8123
# Game ID: 586
# Board class: Saboteur.SaboteurBoard
# Timeout: 2000
# First Move Timeout: 30000
# Date: Sat Apr 11 20:56:31 EDT 2020
# Player 1: Player-0, 'RandomPlayer', running on 127.0.0.1
# Player 2: Player-1, '260729564', running on 127.0.0.1
START Player-0 RandomPlayer
START Player-1 260729564
BoardInit:Malus,Tile:10,Tile:3,Tile:1,Destroy,Tile:6,Tile:9,Tile:0,Tile:8,Tile:8,Tile:8,Malus,Bonus,Tile:9,Map,Tile:8,Map,Tile:7,Tile:9,Tile:7,Tile:4,Tile:6,Map,Tile:0,Bonus,Tile:10,Destroy,Tile:5,Tile:5,Tile:9,Tile:11,Tile:6,Bonus,Tile:7,Tile:13,Tile:15,Tile:6,Tile:0,Tile:9,Tile:5,Tile:6-Tile:5,Bonus,Destroy,Tile:7,Tile:12,Map,Map-Tile:8,Tile:2,Tile:14,Tile:10,Tile:0,Tile:7,Map-Tile:hidden1,Tile:nugget,Tile:hidden2
Map 12 3 1
Tile:7 6 5 0
Map 12 5 1
Tile:8 5 4 0
Malus 0 0 1
Drop 2 0 0
Tile:5_flip 6 4 1
Map 12 5 0
Tile:9 6 6 1
Drop 1 0 0
Tile:8 7 6 1
Drop 4 0 0
Tile:8 8 6 1
Malus 0 0 0
Bonus 0 0 1
Drop 0 0 0
Tile:7 9 6 1
Drop 5 0 0
Drop 1 0 1
Drop 3 0 0
Tile:9 9 7 1
Drop 2 0 0
Drop 1 0 1
Drop 0 0 0
Drop 3 0 1
Drop 2 0 0
Drop 3 0 1
Drop 0 0 0
Drop 3 0 1
Drop 5 0 0
Tile:5_flip 10 7 1
Drop 0 0 0
Drop 3 0 1
Drop 6 0 0
Drop 3 0 1
Drop 3 0 0
Drop 4 0 1
Drop 3 0 0
Tile:6 9 8 1
Drop 6 0 0
Tile:9 10 6 1
Drop 2 0 0
Tile:6 11 6 1
Drop 1 0 0
Drop 4 0 1
Drop 3 0 0
Drop 4 0 1
Drop 0 0 0
Destroy 9 8 1
Drop 2 0 0
Destroy 8 6 1
Drop 0 0 0
Drop 1 0 1
Drop 0 0 0
Drop 0 0 1
GAMEOVER DRAW
# Game ended: Sat Apr 11 20:56:31 EDT 2020
