# Server version 0.08 running on 192.168.2.221:8123
# Game ID: 641
# Board class: Saboteur.SaboteurBoard
# Timeout: 2000
# First Move Timeout: 30000
# Date: Sat Apr 11 21:00:49 EDT 2020
# Player 1: Player-0, '260729564', running on 127.0.0.1
# Player 2: Player-1, 'RandomPlayer', running on 127.0.0.1
START Player-0 260729564
START Player-1 RandomPlayer
BoardInit:Map,Tile:9,Map,Tile:14,Tile:7,Tile:8,Tile:6,Tile:15,Bonus,Map,Tile:4,Tile:0,Tile:8,Tile:10,Tile:9,Tile:9,Map,Bonus,Destroy,Tile:0,Tile:9,Tile:6,Tile:12,Tile:8,Tile:7,Bonus,Map,Tile:8,Tile:6,Tile:10,Tile:0,Tile:5,Tile:1,Map,Tile:5,Tile:8,Tile:5,Destroy,Tile:6,Bonus,Tile:10-Tile:7,Malus,Tile:0,Tile:3,Tile:13,Malus,Tile:5-Tile:7,Tile:6,Destroy,Tile:11,Tile:7,Tile:2,Tile:9-Tile:hidden2,Tile:hidden1,Tile:nugget
Tile:3 5 4 1
Tile:9_flip 6 5 0
Drop 1 0 1
Tile:9 6 4 0
Map 12 3 1
Tile:6 7 4 0
Tile:5 4 5 1
Tile:8 8 4 0
Tile:6 8 5 1
Tile:7 9 4 0
Tile:13 7 3 1
Map 12 3 0
Drop 6 0 1
Tile:7_flip 6 6 0
Tile:8 6 3 1
Tile:0 7 6 0
Tile:7 8 6 1
Tile:9_flip 9 5 0
Tile:7_flip 5 3 1
Tile:10 9 6 0
Destroy 6 5 1
Drop 1 0 0
Tile:9 5 2 1
Drop 1 0 0
Map 12 5 1
Tile:8 6 5 0
Tile:0 4 4 1
Tile:6 9 7 0
Tile:9 5 1 1
Tile:8 10 7 0
Malus 0 0 1
Bonus 0 0 0
Tile:7_flip 10 8 1
Tile:5_flip 11 7 0
Tile:6_flip 11 6 1
Map 12 5 0
Tile:1 6 1 1
Tile:0 12 6 0
Tile:5_flip 13 6 1
GAMEOVER TIMEOUT WINNER 1
# Game ended: Sat Apr 11 21:00:53 EDT 2020
