# Server version 0.08 running on 192.168.2.221:8123
# Game ID: 26
# Board class: Saboteur.SaboteurBoard
# Timeout: 2000
# First Move Timeout: 30000
# Date: Sat Apr 11 15:56:23 EDT 2020
# Player 1: Player-0, '260729564', running on 127.0.0.1
# Player 2: Player-1, 'RandomPlayer', running on 127.0.0.1
START Player-0 260729564
START Player-1 RandomPlayer
BoardInit:Bonus,Tile:9,Tile:7,Map,Bonus,Tile:8,Tile:1,Tile:8,Destroy,Tile:0,Tile:0,Tile:7,Tile:8,Tile:9,Tile:6,Tile:8,Tile:6,Tile:13,Malus,Tile:9,Tile:2,Tile:0,Tile:6,Tile:5,Map,Tile:15,Tile:6,Tile:8,Map,Tile:9,Map,Map,Bonus,Tile:9,Bonus,Tile:10,Tile:14,Tile:10,Tile:7,Malus,Tile:10-Tile:7,Tile:7,Tile:3,Destroy,Tile:0,Destroy,Tile:6-Tile:4,Tile:11,Map,Tile:5,Tile:12,Tile:5,Tile:5-Tile:hidden2,Tile:hidden1,Tile:nugget
Tile:7_flip 4 5 1
Map 12 3 0
Tile:3 4 4 1
Tile:5 5 4 0
Drop 4 0 1
Map 12 5 0
Tile:7 6 4 1
Tile:9 5 6 0
Destroy 6 4 1
Tile:8 6 4 0
Destroy 4 5 1
Tile:0 7 4 0
Drop 0 0 1
Tile:8 4 5 0
Tile:1 3 5 1
Drop 0 0 0
Tile:0 6 6 1
Tile:8 5 7 0
Tile:6_flip 8 4 1
Drop 0 0 0
Tile:8 6 3 1
Tile:5_flip 9 4 0
Tile:7_flip 3 4 1
Tile:0 7 3 0
Destroy 6 3 1
Tile:5 9 3 0
Tile:6 7 6 1
Tile:7 10 3 0
Map 12 3 1
Tile:8 5 8 0
Tile:2 6 3 1
Drop 0 0 0
Malus 0 0 1
Drop 1 0 0
Tile:6 6 5 1
Drop 3 0 0
Tile:6_flip 4 8 1
Drop 4 0 0
Map 12 7 1
Drop 6 0 0
Tile:14 8 6 1
Malus 0 0 0
Drop 0 0 1
Drop 3 0 0
Drop 4 0 1
Drop 2 0 0
Map 12 7 1
Drop 2 0 0
Bonus 0 0 1
Drop 1 0 0
Tile:10 8 5 1
Drop 0 0 0
Drop 1 0 1
Drop 0 0 0
Drop 0 0 1
GAMEOVER DRAW
# Game ended: Sat Apr 11 15:56:24 EDT 2020
