# Server version 0.08 running on 192.168.2.221:8123
# Game ID: 367
# Board class: Saboteur.SaboteurBoard
# Timeout: 2000
# First Move Timeout: 30000
# Date: Sat Apr 11 20:31:31 EDT 2020
# Player 1: Player-0, '260729564', running on 127.0.0.1
# Player 2: Player-1, 'RandomPlayer', running on 127.0.0.1
START Player-0 260729564
START Player-1 RandomPlayer
BoardInit:Tile:8,Bonus,Bonus,Tile:1,Bonus,Bonus,Destroy,Tile:10,Map,Tile:10,Tile:10,Map,Tile:7,Tile:15,Tile:13,Tile:0,Map,Tile:6,Tile:0,Tile:9,Tile:6,Tile:5,Tile:5,Tile:2,Tile:11,Tile:8,Tile:4,Map,Tile:8,Tile:0,Tile:3,Tile:9,Tile:8,Tile:7,Tile:14,Tile:9,Tile:8,Destroy,Malus,Tile:9,Map-Tile:6,Tile:6,Tile:12,Malus,Tile:5,Destroy,Tile:7-Tile:7,Tile:9,Tile:6,Tile:5,Map,Tile:0,Tile:7-Tile:nugget,Tile:hidden2,Tile:hidden1
Tile:6_flip 6 5 1
Map 12 3 0
Malus 0 0 1
Bonus 0 0 0
Tile:8 5 6 1
Tile:6 7 5 0
Drop 4 0 1
Tile:0 8 5 0
Drop 2 0 1
Tile:5 7 4 0
Tile:12 9 5 1
Tile:9 5 4 0
Tile:6 8 4 1
Tile:10 8 3 0
Destroy 7 5 1
Tile:10 5 3 0
Tile:13 6 6 1
Tile:7_flip 5 7 0
Destroy 8 5 1
Tile:6 7 5 0
Map 12 5 1
Tile:9 8 2 0
Tile:6_flip 8 5 1
Tile:0 9 2 0
Tile:7 10 2 1
Tile:7_flip 10 3 0
Tile:0 4 5 1
Tile:8 11 3 0
GAMEOVER WINNER 0
# Game ended: Sat Apr 11 20:31:31 EDT 2020
