# Server version 0.08 running on 192.168.2.221:8123
# Game ID: 240
# Board class: Saboteur.SaboteurBoard
# Timeout: 2000
# First Move Timeout: 30000
# Date: Sat Apr 11 20:11:59 EDT 2020
# Player 1: Player-0, 'RandomPlayer', running on 127.0.0.1
# Player 2: Player-1, '260729564', running on 127.0.0.1
START Player-0 RandomPlayer
START Player-1 260729564
BoardInit:Tile:9,Destroy,Tile:6,Tile:14,Tile:7,Tile:5,Tile:6,Tile:15,Tile:4,Tile:9,Tile:5,Map,Tile:10,Bonus,Tile:8,Bonus,Tile:10,Tile:10,Tile:8,Destroy,Map,Tile:12,Tile:6,Tile:8,Tile:0,Tile:0,Tile:2,Map,Map,Tile:9,Bonus,Tile:3,Tile:9,Tile:13,Tile:6,Malus,Tile:9,Map,Tile:7,Tile:7,Tile:7-Tile:5,Tile:6,Bonus,Tile:8,Malus,Tile:8,Tile:11-Map,Destroy,Tile:5,Tile:1,Tile:0,Tile:0,Tile:7-Tile:hidden2,Tile:nugget,Tile:hidden1
Malus 0 0 1
Map 12 3 0
Tile:8 6 5 1
Destroy 6 5 0
Tile:8 6 5 1
Drop 4 0 0
Tile:9_flip 7 5 1
Drop 5 0 0
Tile:6 7 6 1
Destroy 7 5 0
Tile:6_flip 7 5 1
Drop 4 0 0
Tile:6 8 6 1
Drop 4 0 0
Tile:5_flip 9 6 1
Map 12 7 0
Tile:8 9 5 1
Drop 6 0 0
Tile:10 9 4 1
Drop 3 0 0
Tile:8 10 5 1
Destroy 9 6 0
Map 12 3 1
Drop 3 0 0
Tile:6 9 6 1
Drop 5 0 0
Tile:0 11 5 1
GAMEOVER WINNER 1
# Game ended: Sat Apr 11 20:11:59 EDT 2020
