# Server version 0.08 running on 192.168.2.221:8123
# Game ID: 920
# Board class: Saboteur.SaboteurBoard
# Timeout: 2000
# First Move Timeout: 30000
# Date: Sat Apr 11 21:20:12 EDT 2020
# Player 1: Player-0, 'RandomPlayer', running on 127.0.0.1
# Player 2: Player-1, '260729564', running on 127.0.0.1
START Player-0 RandomPlayer
START Player-1 260729564
BoardInit:Tile:6,Tile:6,Bonus,Tile:9,Tile:0,Map,Tile:4,Tile:8,Tile:10,Destroy,Tile:0,Tile:0,Tile:14,Map,Malus,Tile:1,Bonus,Tile:6,Tile:3,Tile:7,Tile:9,Tile:12,Map,Tile:8,Tile:8,Tile:5,Destroy,Tile:6,Tile:9,Tile:2,Tile:11,Tile:8,Tile:7,Tile:7,Map,Map,Tile:5,Tile:7,Bonus,Tile:15,Tile:8-Tile:0,Tile:9,Bonus,Map,Tile:5,Tile:13,Destroy-Malus,Tile:10,Tile:7,Tile:6,Tile:10,Tile:9,Tile:5-Tile:hidden1,Tile:hidden2,Tile:nugget
Map 12 3 1
Tile:9_flip 5 6 0
Tile:9_flip 6 5 1
Drop 5 0 0
Tile:6_flip 6 4 1
Tile:7_flip 5 7 0
Tile:5_flip 7 4 1
Tile:6 4 6 0
Tile:0 6 7 1
Drop 2 0 0
Tile:10 7 3 1
Tile:9 7 2 0
Tile:0 8 2 1
Tile:8 7 7 0
Tile:0 9 2 1
Destroy 5 7 0
Malus 0 0 1
Drop 5 0 0
Drop 1 0 1
Map 12 7 0
Drop 2 0 1
Drop 2 0 0
Tile:9_flip 10 2 1
Drop 3 0 0
Map 12 5 1
Drop 5 0 0
Tile:8 10 3 1
Drop 0 0 0
Drop 2 0 1
Drop 5 0 0
Tile:9 10 4 1
Drop 0 0 0
Drop 2 0 1
Drop 6 0 0
Tile:7 11 4 1
Drop 3 0 0
Drop 2 0 1
Drop 2 0 0
Tile:5_flip 11 3 1
Map 12 5 0
Destroy 11 3 1
Drop 2 0 0
Tile:8 11 5 1
Drop 1 0 0
Drop 1 0 1
Drop 3 0 0
Drop 2 0 1
Drop 0 0 0
Drop 2 0 1
Drop 2 0 0
Drop 2 0 1
Drop 0 0 0
Drop 0 0 1
Drop 0 0 0
Destroy 5 6 1
GAMEOVER DRAW
# Game ended: Sat Apr 11 21:20:13 EDT 2020
