# Server version 0.08 running on 192.168.2.221:8123
# Game ID: 724
# Board class: Saboteur.SaboteurBoard
# Timeout: 2000
# First Move Timeout: 30000
# Date: Sat Apr 11 21:07:45 EDT 2020
# Player 1: Player-0, 'RandomPlayer', running on 127.0.0.1
# Player 2: Player-1, '260729564', running on 127.0.0.1
START Player-0 RandomPlayer
START Player-1 260729564
BoardInit:Destroy,Map,Tile:14,Tile:6,Tile:2,Tile:1,Tile:15,Tile:8,Map,Tile:8,Tile:11,Tile:5,Tile:0,Malus,Bonus,Map,Tile:7,Tile:5,Bonus,Tile:10,Malus,Tile:7,Tile:5,Tile:0,Tile:9,Tile:7,Bonus,Tile:9,Tile:6,Destroy,Tile:10,Tile:9,Tile:10,Map,Map,Map,Destroy,Tile:7,Tile:0,Tile:6,Tile:0-Tile:3,Tile:6,Tile:7,Tile:4,Tile:6,Tile:8,Tile:9-Tile:13,Bonus,Tile:8,Tile:8,Tile:9,Tile:5,Tile:12-Tile:hidden1,Tile:hidden2,Tile:nugget
Tile:8 6 5 1
Drop 5 0 0
Tile:9_flip 7 5 1
Tile:13 5 4 0
Tile:6 7 6 1
Drop 4 0 0
Tile:6 8 6 1
Tile:8 4 5 0
Tile:7 9 6 1
Tile:8 6 4 0
Map 12 3 1
Tile:9_flip 4 6 0
Drop 0 0 1
Tile:1 3 5 0
Drop 0 0 1
Tile:5 3 6 0
Drop 1 0 1
Tile:8 6 6 0
Tile:7_flip 9 7 1
Tile:6_flip 5 3 0
Tile:0 10 7 1
Tile:8 2 5 0
Malus 0 0 1
Map 12 7 0
Tile:5_flip 11 7 1
Drop 0 0 0
Tile:9 11 6 1
Map 12 5 0
Destroy 11 7 1
Drop 6 0 0
Tile:6 11 7 1
GAMEOVER WINNER 1
# Game ended: Sat Apr 11 21:07:45 EDT 2020
