# Server version 0.08 running on 192.168.2.221:8123
# Game ID: 189
# Board class: Saboteur.SaboteurBoard
# Timeout: 2000
# First Move Timeout: 30000
# Date: Sat Apr 11 20:06:59 EDT 2020
# Player 1: Player-0, '260729564', running on 127.0.0.1
# Player 2: Player-1, 'RandomPlayer', running on 127.0.0.1
START Player-0 260729564
START Player-1 RandomPlayer
BoardInit:Map,Tile:9,Tile:9,Tile:5,Tile:7,Tile:6,Destroy,Tile:1,Tile:13,Map,Tile:8,Malus,Tile:8,Bonus,Malus,Tile:6,Tile:12,Tile:15,Tile:7,Map,Tile:6,Tile:10,Tile:0,Tile:7,Bonus,Tile:9,Bonus,Tile:2,Tile:4,Tile:6,Tile:0,Tile:8,Map,Tile:8,Map,Destroy,Tile:6,Tile:10,Tile:0,Tile:9,Tile:8-Tile:5,Tile:7,Tile:0,Tile:3,Tile:9,Destroy,Tile:7-Tile:11,Tile:14,Bonus,Tile:10,Map,Tile:5,Tile:5-Tile:hidden2,Tile:nugget,Tile:hidden1
Tile:7 5 4 1
Map 12 3 0
Tile:7 6 5 1
Tile:9 6 6 0
Drop 2 0 1
Tile:5_flip 7 6 0
Destroy 6 6 1
Tile:6 6 6 0
Tile:9 7 5 1
Tile:5_flip 8 5 0
Tile:7 8 4 1
Map 12 5 0
Drop 2 0 1
Malus 0 0 0
Destroy 5 4 1
Tile:5 7 4 0
Drop 1 0 1
Tile:6_flip 5 4 0
Drop 3 0 1
Drop 0 0 0
Drop 2 0 1
Drop 0 0 0
Drop 3 0 1
Drop 2 0 0
Drop 2 0 1
Tile:7_flip 5 6 0
Drop 0 0 1
Drop 2 0 0
Drop 2 0 1
Drop 2 0 0
Drop 4 0 1
Drop 2 0 0
Drop 4 0 1
Drop 4 0 0
Drop 3 0 1
Tile:6_flip 4 5 0
Drop 5 0 1
Tile:8 3 5 0
Map 12 5 1
Drop 2 0 0
Drop 2 0 1
Tile:10 3 4 0
Drop 0 0 1
Destroy 8 4 0
Drop 4 0 1
Tile:8 8 4 0
Drop 2 0 1
Tile:9_flip 9 4 0
Drop 0 0 1
Tile:10 9 5 0
Drop 0 0 1
Tile:9 9 6 0
Drop 1 0 1
Drop 0 0 0
Drop 0 0 1
GAMEOVER DRAW
# Game ended: Sat Apr 11 20:07:00 EDT 2020
