# Server version 0.08 running on 192.168.2.221:8123
# Game ID: 1309
# Board class: Saboteur.SaboteurBoard
# Timeout: 2000
# First Move Timeout: 30000
# Date: Sat Apr 11 21:47:31 EDT 2020
# Player 1: Player-0, '260729564', running on 127.0.0.1
# Player 2: Player-1, 'RandomPlayer', running on 127.0.0.1
START Player-0 260729564
START Player-1 RandomPlayer
BoardInit:Bonus,Destroy,Tile:9,Tile:8,Tile:0,Tile:6,Map,Tile:7,Tile:6,Tile:10,Tile:2,Tile:14,Tile:8,Map,Tile:5,Tile:9,Tile:7,Bonus,Map,Map,Map,Tile:1,Tile:9,Tile:13,Tile:12,Bonus,Malus,Bonus,Tile:6,Tile:9,Tile:8,Tile:6,Tile:3,Tile:15,Tile:0,Tile:9,Tile:0,Tile:7,Tile:4,Destroy,Destroy-Tile:7,Tile:8,Tile:11,Tile:8,Tile:5,Tile:10,Tile:7-Tile:0,Map,Tile:5,Tile:6,Tile:5,Malus,Tile:10-Tile:hidden2,Tile:hidden1,Tile:nugget
Tile:11 4 5 1
Map 12 3 0
Tile:5_flip 5 6 1
Malus 0 0 0
Drop 4 0 1
Tile:8 6 5 0
Drop 3 0 1
Tile:6 7 5 0
Map 12 5 1
Tile:6 8 5 0
Bonus 0 0 1
Tile:7 9 5 0
Tile:9_flip 5 4 1
Tile:10 9 6 0
Tile:7 8 4 1
Map 12 5 0
Tile:8 7 4 1
Tile:10 9 7 0
Tile:8 7 3 1
Tile:9 9 8 0
Tile:0 8 3 1
Tile:5_flip 10 8 0
Tile:6_flip 4 4 1
Tile:5 10 7 0
Tile:9_flip 5 3 1
Tile:0 11 7 0
GAMEOVER WINNER 0
# Game ended: Sat Apr 11 21:47:31 EDT 2020
