# Server version 0.08 running on 192.168.2.221:8123
# Game ID: 264
# Board class: Saboteur.SaboteurBoard
# Timeout: 2000
# First Move Timeout: 30000
# Date: Sat Apr 11 20:15:23 EDT 2020
# Player 1: Player-0, 'RandomPlayer', running on 127.0.0.1
# Player 2: Player-1, '260729564', running on 127.0.0.1
START Player-0 RandomPlayer
START Player-1 260729564
BoardInit:Tile:8,Map,Tile:6,Tile:3,Tile:7,Tile:0,Tile:6,Tile:1,Tile:13,Tile:10,Bonus,Destroy,Tile:5,Tile:12,Tile:0,Tile:7,Tile:5,Map,Tile:5,Malus,Tile:15,Tile:4,Tile:7,Tile:7,Map,Tile:9,Tile:5,Tile:9,Tile:8,Tile:11,Tile:2,Tile:8,Tile:0,Tile:6,Tile:6,Tile:8,Bonus,Tile:10,Destroy,Map,Bonus-Tile:7,Tile:6,Map,Tile:9,Tile:9,Destroy,Bonus-Tile:10,Tile:0,Tile:14,Tile:8,Tile:9,Map,Malus-Tile:hidden1,Tile:hidden2,Tile:nugget
Map 12 3 1
Tile:10 5 6 0
Tile:8 6 5 1
Tile:9_flip 5 4 0
Tile:9_flip 7 5 1
Tile:8 7 6 0
Tile:9_flip 8 6 1
Tile:14_flip 4 4 0
Tile:6 8 7 1
Tile:3_flip 6 6 0
Tile:6 9 7 1
Drop 3 0 0
Tile:6 10 7 1
Tile:10 6 4 0
Tile:7 11 7 1
Destroy 11 7 0
Tile:0 11 7 1
GAMEOVER WINNER 1
# Game ended: Sat Apr 11 20:15:23 EDT 2020
