# Server version 0.08 running on 192.168.2.221:8123
# Game ID: 1159
# Board class: Saboteur.SaboteurBoard
# Timeout: 2000
# First Move Timeout: 30000
# Date: Sat Apr 11 21:36:08 EDT 2020
# Player 1: Player-0, '260729564', running on 127.0.0.1
# Player 2: Player-1, 'RandomPlayer', running on 127.0.0.1
START Player-0 260729564
START Player-1 RandomPlayer
BoardInit:Tile:2,Tile:11,Tile:8,Tile:10,Destroy,Bonus,Map,Tile:13,Tile:7,Tile:14,Malus,Tile:9,Tile:5,Tile:6,Bonus,Tile:3,Tile:8,Tile:0,Tile:7,Tile:10,Tile:15,Map,Destroy,Tile:9,Tile:6,Map,Destroy,Bonus,Tile:0,Tile:5,Tile:0,Tile:5,Tile:8,Map,Tile:6,Tile:12,Tile:7,Tile:10,Tile:7,Tile:7,Tile:9-Tile:6,Map,Tile:9,Tile:9,Tile:5,Tile:8,Tile:0-Tile:6,Tile:1,Bonus,Tile:4,Map,Malus,Tile:8-Tile:nugget,Tile:hidden1,Tile:hidden2
Tile:8 5 6 1
Map 12 3 0
Drop 1 0 1
Malus 0 0 0
Drop 4 0 1
Tile:8 5 4 0
Drop 5 0 1
Tile:6 6 4 0
Drop 1 0 1
Tile:10 6 3 0
Map 12 3 1
Drop 0 0 0
Drop 0 0 1
Tile:9_flip 7 4 0
Drop 2 0 1
Tile:6_flip 6 2 0
Destroy 6 2 1
Drop 1 0 0
Drop 2 0 1
Tile:0 6 5 0
Drop 4 0 1
Tile:10 7 3 0
Drop 3 0 1
Drop 1 0 0
Destroy 5 6 1
Tile:9 7 2 0
Drop 0 0 1
Drop 1 0 0
Destroy 7 4 1
Drop 1 0 0
Drop 1 0 1
Tile:5_flip 7 5 0
Drop 6 0 1
Drop 1 0 0
Drop 3 0 1
Drop 1 0 0
Drop 3 0 1
Drop 1 0 0
Drop 6 0 1
Tile:10 6 2 0
Drop 2 0 1
Tile:5 6 1 0
Drop 0 0 1
Tile:7_flip 5 6 0
Drop 4 0 1
Drop 1 0 0
Drop 2 0 1
Drop 1 0 0
Drop 0 0 1
Drop 1 0 0
Drop 0 0 1
Drop 1 0 0
Drop 1 0 1
Drop 0 0 0
Drop 0 0 1
GAMEOVER DRAW
# Game ended: Sat Apr 11 21:36:09 EDT 2020
