# Server version 0.08 running on 192.168.2.221:8123
# Game ID: 682
# Board class: Saboteur.SaboteurBoard
# Timeout: 2000
# First Move Timeout: 30000
# Date: Sat Apr 11 21:05:47 EDT 2020
# Player 1: Player-0, 'RandomPlayer', running on 127.0.0.1
# Player 2: Player-1, '260729564', running on 127.0.0.1
START Player-0 RandomPlayer
START Player-1 260729564
BoardInit:Tile:5,Tile:7,Tile:10,Tile:0,Map,Tile:15,Destroy,Tile:0,Tile:8,Bonus,Tile:5,Tile:5,Tile:9,Tile:9,Tile:8,Tile:0,Tile:9,Tile:7,Tile:11,Map,Tile:9,Tile:6,Malus,Tile:3,Map,Tile:8,Tile:6,Tile:14,Tile:7,Bonus,Map,Malus,Tile:8,Tile:6,Tile:7,Tile:1,Map,Tile:5,Tile:10,Destroy,Tile:7-Tile:0,Tile:6,Tile:12,Map,Tile:2,Bonus,Tile:9-Tile:8,Tile:13,Tile:10,Destroy,Tile:4,Tile:6,Bonus-Tile:hidden1,Tile:nugget,Tile:hidden2
Map 12 3 1
Drop 2 0 0
Tile:9_flip 6 5 1
Tile:13 6 6 0
Tile:10 6 4 1
Tile:6 6 7 0
Map 12 5 1
Tile:15 5 4 0
Tile:6_flip 6 3 1
Tile:7_flip 5 6 0
Tile:8 7 3 1
Destroy 7 3 0
Tile:5_flip 7 3 1
Tile:8 4 5 0
Tile:9 7 2 1
Tile:0 7 7 0
Tile:8 8 2 1
Tile:9 8 3 0
Tile:9 8 4 1
Tile:7 8 7 0
Tile:0 9 4 1
Tile:5 5 7 0
Tile:9_flip 10 4 1
Tile:6 8 5 0
Malus 0 0 1
Drop 0 0 0
Tile:5 10 3 1
Map 12 7 0
Tile:6 11 3 1
Drop 2 0 0
Tile:7 13 3 1
Drop 4 0 0
Drop 0 0 1
Bonus 0 0 0
Tile:8 13 4 1
Tile:3_flip 7 5 0
Tile:7_flip 13 5 1
Drop 3 0 0
Drop 0 0 1
Tile:5_flip 8 8 0
Tile:10 12 2 1
Tile:14_flip 5 3 0
GAMEOVER TIMEOUT WINNER 0
# Game ended: Sat Apr 11 21:05:52 EDT 2020
