# Server version 0.08 running on 192.168.2.221:8123
# Game ID: 1407
# Board class: Saboteur.SaboteurBoard
# Timeout: 2000
# First Move Timeout: 30000
# Date: Sat Apr 11 22:05:08 EDT 2020
# Player 1: Player-0, '260729564', running on 127.0.0.1
# Player 2: Player-1, 'RandomPlayer', running on 127.0.0.1
START Player-0 260729564
START Player-1 RandomPlayer
BoardInit:Tile:10,Tile:0,Tile:8,Tile:3,Tile:5,Destroy,Tile:7,Tile:1,Tile:5,Map,Tile:11,Tile:7,Tile:12,Map,Malus,Map,Tile:0,Tile:10,Tile:7,Bonus,Tile:8,Tile:2,Map,Tile:9,Tile:9,Tile:6,Tile:15,Tile:10,Destroy,Map,Tile:14,Bonus,Tile:9,Tile:0,Tile:7,Tile:9,Map,Tile:6,Tile:7,Tile:6,Tile:5-Tile:8,Tile:13,Tile:9,Tile:6,Malus,Tile:8,Tile:6-Tile:4,Destroy,Bonus,Tile:8,Tile:5,Tile:0,Bonus-Tile:hidden2,Tile:hidden1,Tile:nugget
Tile:6 6 5 1
Tile:8 7 5 0
Tile:9_flip 5 4 1
Tile:0 8 5 0
Tile:13 5 3 1
Tile:0 9 5 0
Drop 2 0 1
Tile:5_flip 10 5 0
Tile:8 4 5 1
Drop 0 0 0
Malus 0 0 1
Bonus 0 0 0
Tile:11_flip 5 6 1
Map 12 3 0
Tile:5 4 4 1
Map 12 5 0
Tile:7_flip 4 3 1
Tile:7_flip 7 6 0
Tile:12 8 6 1
Tile:10 10 4 0
Tile:5 7 4 1
Drop 2 0 0
Tile:10 4 2 1
Drop 3 0 0
Tile:8 5 7 1
Tile:9 10 3 0
Tile:8 11 3 1
Tile:6_flip 11 2 0
Drop 6 0 1
Tile:10 12 4 0
Malus 0 0 1
Bonus 0 0 0
Tile:14_flip 11 5 1
Destroy 11 5 0
Destroy 11 2 1
Tile:0 13 5 0
Tile:6 6 7 1
Tile:9 12 6 0
GAMEOVER WINNER 0
# Game ended: Sat Apr 11 22:05:09 EDT 2020
