# Server version 0.08 running on 192.168.2.221:8123
# Game ID: 989
# Board class: Saboteur.SaboteurBoard
# Timeout: 2000
# First Move Timeout: 30000
# Date: Sat Apr 11 21:23:38 EDT 2020
# Player 1: Player-0, '260729564', running on 127.0.0.1
# Player 2: Player-1, 'RandomPlayer', running on 127.0.0.1
START Player-0 260729564
START Player-1 RandomPlayer
BoardInit:Tile:9,Tile:7,Malus,Tile:0,Map,Tile:12,Tile:2,Tile:7,Map,Tile:10,Bonus,Tile:9,Destroy,Tile:7,Tile:5,Tile:0,Bonus,Tile:6,Tile:6,Map,Bonus,Tile:7,Tile:6,Tile:9,Map,Destroy,Tile:6,Map,Malus,Tile:0,Tile:14,Tile:7,Destroy,Tile:1,Bonus,Tile:10,Tile:4,Tile:5,Map,Tile:8,Tile:10-Tile:6,Tile:8,Tile:8,Tile:5,Tile:8,Tile:0,Tile:9-Tile:15,Tile:11,Tile:5,Tile:13,Tile:3,Tile:9,Tile:8-Tile:hidden1,Tile:hidden2,Tile:nugget
Tile:8 4 5 1
Tile:8 6 5 0
Tile:8 3 5 1
Tile:9_flip 7 5 0
Tile:9_flip 4 6 1
Tile:5 7 4 0
Drop 5 0 1
Tile:0 8 4 0
Drop 2 0 1
Tile:7 9 4 0
Tile:6_flip 4 4 1
Tile:10 9 5 0
Tile:2_flip 4 7 1
Tile:9 9 6 0
Destroy 4 6 1
Tile:7 10 6 0
Tile:9_flip 3 6 1
Tile:7_flip 10 7 0
Tile:5_flip 9 7 1
Tile:6 11 7 0
GAMEOVER WINNER 0
# Game ended: Sat Apr 11 21:23:39 EDT 2020
