# Server version 0.08 running on 192.168.2.221:8123
# Game ID: 731
# Board class: Saboteur.SaboteurBoard
# Timeout: 2000
# First Move Timeout: 30000
# Date: Sat Apr 11 21:08:01 EDT 2020
# Player 1: Player-0, '260729564', running on 127.0.0.1
# Player 2: Player-1, 'RandomPlayer', running on 127.0.0.1
START Player-0 260729564
START Player-1 RandomPlayer
BoardInit:Tile:5,Tile:2,Tile:9,Bonus,Destroy,Tile:0,Tile:1,Tile:5,Tile:9,Tile:4,Tile:7,Tile:10,Tile:6,Tile:5,Map,Tile:6,Tile:0,Bonus,Bonus,Destroy,Tile:9,Tile:3,Tile:8,Destroy,Malus,Tile:13,Tile:14,Tile:12,Tile:9,Tile:11,Map,Tile:0,Tile:8,Tile:10,Bonus,Map,Tile:7,Map,Tile:10,Map,Tile:6-Tile:8,Tile:5,Tile:8,Tile:6,Tile:0,Tile:7,Tile:6-Map,Tile:15,Malus,Tile:7,Tile:8,Tile:7,Tile:9-Tile:hidden1,Tile:nugget,Tile:hidden2
Tile:8 5 6 1
Map 12 3 0
Tile:6_flip 6 6 1
Malus 0 0 0
Drop 4 0 1
Tile:8 7 6 0
Destroy 6 6 1
Tile:0 6 6 0
Drop 1 0 1
Tile:9_flip 8 6 0
Drop 4 0 1
Tile:5 8 5 0
Drop 0 0 1
Tile:7 9 5 0
Drop 0 0 1
Tile:10 9 6 0
Map 12 7 1
Tile:6 9 7 0
Drop 3 0 1
Tile:7 10 7 0
Drop 2 0 1
Tile:5_flip 6 5 0
Drop 3 0 1
Drop 0 0 0
Drop 5 0 1
Drop 0 0 0
Drop 5 0 1
Drop 1 0 0
Drop 2 0 1
Drop 1 0 0
Drop 4 0 1
Drop 2 0 0
Map 12 7 1
Drop 3 0 0
Drop 0 0 1
Tile:10 10 8 0
Drop 3 0 1
Map 12 5 0
Bonus 0 0 1
Drop 3 0 0
Drop 2 0 1
Drop 3 0 0
Tile:8 5 7 1
Tile:0 6 7 0
Tile:0 4 6 1
Drop 3 0 0
Tile:7_flip 5 8 1
Drop 3 0 0
Tile:10 7 5 1
Destroy 8 6 0
Tile:6 4 5 1
Destroy 4 5 0
Tile:5 4 7 1
Drop 0 0 0
Drop 0 0 1
GAMEOVER DRAW
# Game ended: Sat Apr 11 21:08:01 EDT 2020
