# Server version 0.08 running on 192.168.2.221:8123
# Game ID: 69
# Board class: Saboteur.SaboteurBoard
# Timeout: 2000
# First Move Timeout: 30000
# Date: Sat Apr 11 16:14:32 EDT 2020
# Player 1: Player-0, '260729564', running on 127.0.0.1
# Player 2: Player-1, 'RandomPlayer', running on 127.0.0.1
START Player-0 260729564
START Player-1 RandomPlayer
BoardInit:Bonus,Tile:5,Tile:0,Tile:6,Bonus,Map,Bonus,Bonus,Tile:7,Tile:15,Tile:4,Tile:5,Tile:9,Tile:8,Malus,Tile:1,Map,Tile:7,Tile:14,Tile:8,Tile:8,Tile:6,Tile:7,Destroy,Tile:7,Malus,Tile:10,Tile:8,Tile:0,Destroy,Map,Tile:10,Tile:3,Tile:6,Tile:13,Tile:6,Tile:7,Destroy,Tile:0,Map,Tile:9-Tile:5,Tile:9,Tile:2,Tile:11,Map,Tile:12,Tile:6-Tile:5,Tile:8,Tile:10,Map,Tile:9,Tile:9,Tile:0-Tile:hidden1,Tile:nugget,Tile:hidden2
Tile:11_flip 5 6 1
Map 12 3 0
Tile:6 4 6 1
Tile:8 6 5 0
Tile:9 5 7 1
Tile:0 7 5 0
Tile:0 6 7 1
Map 12 5 0
Drop 0 0 1
Tile:6 8 5 0
Tile:2 6 4 1
Tile:9_flip 9 5 0
Tile:4 9 4 1
Tile:10 9 6 0
Tile:7 7 7 1
Tile:8 9 7 0
Drop 0 0 1
Tile:9_flip 8 4 0
Tile:9 5 4 1
Tile:5_flip 10 7 0
Tile:14_flip 10 6 1
Tile:8 8 3 0
Tile:8 4 5 1
Tile:6 9 3 0
Drop 0 0 1
Tile:5_flip 10 3 0
Tile:7 4 4 1
Malus 0 0 0
Map 12 5 1
Tile:8 10 2 0
Drop 3 0 1
Tile:7_flip 6 6 0
Bonus 0 0 1
Tile:10 5 3 0
Tile:0 7 6 1
Tile:6 11 2 0
Tile:7_flip 8 7 1
Tile:6 7 4 0
Tile:13 12 2 1
Tile:5 11 1 0
Tile:7 8 6 1
Destroy 12 2 0
Tile:3 8 2 1
Drop 1 0 0
Tile:9 3 5 1
Drop 1 0 0
Tile:0 12 2 1
Destroy 12 2 0
Tile:10 5 8 1
Drop 2 0 0
Map 12 3 1
Destroy 7 7 0
Drop 1 0 1
Drop 0 0 0
Drop 0 0 1
GAMEOVER DRAW
# Game ended: Sat Apr 11 16:14:34 EDT 2020
