# Server version 0.08 running on 192.168.2.221:8123
# Game ID: 941
# Board class: Saboteur.SaboteurBoard
# Timeout: 2000
# First Move Timeout: 30000
# Date: Sat Apr 11 21:21:32 EDT 2020
# Player 1: Player-0, '260729564', running on 127.0.0.1
# Player 2: Player-1, 'RandomPlayer', running on 127.0.0.1
START Player-0 260729564
START Player-1 RandomPlayer
BoardInit:Map,Tile:5,Bonus,Tile:2,Tile:9,Map,Tile:15,Destroy,Map,Tile:9,Tile:7,Tile:5,Malus,Map,Tile:8,Bonus,Tile:10,Tile:8,Tile:1,Tile:12,Destroy,Tile:0,Tile:8,Malus,Tile:7,Tile:10,Tile:0,Bonus,Tile:6,Tile:0,Tile:9,Tile:5,Tile:13,Tile:5,Map,Destroy,Bonus,Tile:8,Tile:3,Tile:9,Tile:10-Tile:7,Tile:7,Tile:11,Tile:14,Tile:7,Tile:6,Tile:6-Tile:6,Tile:6,Tile:4,Map,Tile:9,Tile:8,Tile:0-Tile:nugget,Tile:hidden2,Tile:hidden1
Tile:7 5 4 1
Map 12 3 0
Tile:6_flip 6 5 1
Tile:8 7 5 0
Tile:11 4 4 1
Tile:9 7 4 0
Tile:7 7 3 1
Tile:6 8 4 0
Tile:7 9 4 1
Tile:6 9 5 0
Tile:9 4 3 1
Tile:9_flip 10 5 0
Tile:6_flip 4 2 1
Tile:5 10 4 0
Tile:7_flip 5 6 1
Tile:0 11 4 0
Tile:14 6 6 1
Drop 0 0 0
Tile:10 10 6 1
Tile:8 12 4 0
GAMEOVER WINNER 0
# Game ended: Sat Apr 11 21:21:32 EDT 2020
