# Server version 0.08 running on 192.168.2.221:8123
# Game ID: 13
# Board class: Saboteur.SaboteurBoard
# Timeout: 20000
# First Move Timeout: 30000
# Date: Sat Apr 11 14:13:10 EDT 2020
# Player 1: Player-0, '260729564', running on 192.168.2.221
# Player 2: Player-1, 'RandomPlayer', running on 192.168.2.221
START Player-0 260729564
START Player-1 RandomPlayer
BoardInit:Tile:5,Map,Tile:8,Tile:0,Tile:6,Tile:0,Tile:1,Tile:11,Tile:10,Tile:5,Tile:7,Tile:14,Destroy,Tile:3,Bonus,Destroy,Tile:12,Bonus,Tile:15,Tile:7,Tile:4,Tile:0,Tile:8,Tile:13,Tile:2,Destroy,Tile:10,Map,Tile:7,Tile:5,Tile:9,Tile:6,Tile:5,Map,Tile:9,Tile:8,Malus,Bonus,Tile:8,Tile:9,Tile:6-Tile:10,Tile:8,Tile:0,Map,Tile:9,Map,Malus-Tile:7,Map,Bonus,Tile:6,Tile:9,Tile:7,Tile:6-Tile:hidden2,Tile:hidden1,Tile:nugget
Drop 3 0 1
Map 12 3 0
Tile:10 5 6 1
Map 12 5 0
Drop 4 0 1
Tile:6 6 5 0
Tile:5 4 5 1
Tile:6 7 5 0
Tile:8 5 4 1
Tile:0 8 5 0
Tile:6_flip 6 4 1
Tile:0 9 5 0
Drop 2 0 1
Drop 4 0 0
Drop 5 0 1
Drop 5 0 0
Drop 0 0 1
Drop 5 0 0
Tile:9_flip 7 4 1
Tile:7_flip 4 4 0
Tile:10 4 3 1
Drop 4 0 0
Destroy 6 4 1
Tile:0 10 5 0
Tile:8 11 5 1
Tile:9_flip 4 6 0
Tile:2_flip 12 6 1
Drop 5 0 0
Tile:8 11 4 1
Drop 6 0 0
Tile:15 4 7 1
Tile:7 13 5 0
Tile:9_flip 13 6 1
Tile:6_flip 12 4 0
Tile:7_flip 3 6 1
Drop 6 0 0
Tile:9 11 6 1
Tile:8 4 2 0
Tile:10 4 8 1
Drop 6 0 0
Tile:8 4 1 1
Drop 2 0 0
Tile:4 4 0 1
Tile:9 13 7 0
Drop 4 0 1
Destroy 11 6 0
Tile:1 13 4 1
Tile:5_flip 4 9 0
Tile:6 3 1 1
Tile:5 2 1 0
Tile:5 7 3 1
GAMEOVER TIMEOUT WINNER 1
# Game ended: Sat Apr 11 14:13:59 EDT 2020
