# Server version 0.08 running on 192.168.2.221:8123
# Game ID: 77
# Board class: Saboteur.SaboteurBoard
# Timeout: 2000
# First Move Timeout: 30000
# Date: Sat Apr 11 16:15:04 EDT 2020
# Player 1: Player-0, '260729564', running on 127.0.0.1
# Player 2: Player-1, 'RandomPlayer', running on 127.0.0.1
START Player-0 260729564
START Player-1 RandomPlayer
BoardInit:Malus,Tile:3,Tile:1,Tile:4,Map,Tile:7,Tile:9,Tile:8,Tile:5,Destroy,Tile:9,Bonus,Map,Tile:10,Tile:8,Map,Bonus,Tile:8,Tile:2,Destroy,Tile:0,Tile:0,Map,Malus,Tile:6,Map,Destroy,Tile:9,Tile:5,Tile:10,Tile:7,Tile:6,Tile:8,Tile:6,Tile:9,Tile:15,Map,Tile:0,Tile:11,Tile:14,Tile:0-Tile:8,Bonus,Tile:6,Tile:5,Tile:7,Tile:7,Tile:13-Bonus,Tile:10,Tile:9,Tile:6,Tile:5,Tile:12,Tile:7-Tile:nugget,Tile:hidden2,Tile:hidden1
Tile:7 6 5 1
Tile:7_flip 6 6 0
Tile:13 7 6 1
Tile:5 7 5 0
Tile:6_flip 8 5 1
Tile:6_flip 5 4 0
Tile:1 9 5 1
Tile:10 5 6 0
Tile:9 7 7 1
Tile:8 5 7 0
Drop 3 0 1
Tile:7 6 7 0
Tile:5_flip 6 4 1
Tile:9 6 3 0
Tile:5_flip 6 8 1
Tile:10 7 8 0
Map 12 7 1
Map 12 3 0
Tile:8 8 6 1
Tile:8 7 3 0
Malus 0 0 1
Bonus 0 0 0
Tile:9 7 9 1
Tile:0 8 3 0
Tile:0 9 6 1
Malus 0 0 0
Map 12 3 1
Drop 0 0 0
Drop 3 0 1
Tile:9_flip 9 3 0
Destroy 7 8 1
Tile:10 9 2 0
Drop 3 0 1
Tile:6 9 4 0
Drop 4 0 1
Tile:6 10 4 0
Drop 3 0 1
Drop 0 0 0
Map 12 5 1
Tile:0 11 4 0
Drop 4 0 1
Drop 0 0 0
Bonus 0 0 1
Drop 3 0 0
Tile:7_flip 4 4 1
Drop 3 0 0
Tile:9 7 10 1
Drop 3 0 0
Tile:8 7 11 1
Destroy 6 6 0
Tile:11_flip 12 4 1
Destroy 12 4 0
Tile:0 12 4 1
Drop 0 0 0
Drop 0 0 1
GAMEOVER DRAW
# Game ended: Sat Apr 11 16:15:05 EDT 2020
