# Server version 0.08 running on 192.168.2.221:8123
# Game ID: 3
# Board class: Saboteur.SaboteurBoard
# Timeout: 20000
# First Move Timeout: 30000
# Date: Fri Apr 10 12:29:00 EDT 2020
# Player 1: Player-0, '260729564', running on 192.168.2.221
# Player 2: Player-1, 'RandomPlayer', running on 192.168.2.221
START Player-0 260729564
START Player-1 RandomPlayer
BoardInit:Tile:7,Tile:7,Tile:6,Bonus,Tile:12,Tile:6,Tile:10,Tile:15,Tile:11,Tile:1,Bonus,Tile:6,Tile:4,Map,Tile:3,Tile:0,Tile:2,Tile:5,Tile:10,Destroy,Tile:5,Tile:9,Tile:14,Tile:8,Map,Map,Destroy,Bonus,Map,Malus,Tile:8,Tile:5,Tile:6,Tile:9,Tile:8,Map,Tile:10,Tile:0,Tile:9,Bonus,Malus-Tile:9,Tile:8,Tile:5,Tile:0,Tile:0,Destroy,Map-Tile:7,Tile:7,Tile:9,Tile:8,Tile:13,Tile:6,Tile:7-Tile:hidden2,Tile:hidden1,Tile:nugget
Drop 3 0 1
Tile:7 5 4 0
Map 12 3 1
Tile:6 6 5 0
Drop 2 0 1
Tile:8 4 4 0
Tile:0 7 5 1
Tile:6 8 5 0
Drop 0 0 1
Tile:7 9 5 0
Drop 1 0 1
Tile:9 9 6 0
Tile:10 8 4 1
Tile:6 10 6 0
Tile:6_flip 3 4 1
Map 12 3 0
Tile:11 4 5 1
Tile:0 11 6 0
Tile:3_flip 5 6 1
Drop 0 0 0
Tile:4_flip 3 5 1
Drop 3 0 0
Tile:2_flip 12 6 1
Drop 3 0 0
Tile:7_flip 9 7 1
Tile:8 2 4 0
Drop 3 0 1
Map 12 5 0
Drop 0 0 1
Tile:5_flip 4 6 0
Tile:5 8 3 1
Drop 6 0 0
Tile:12_flip 3 6 1
Destroy 5 6 0
Tile:8 2 3 1
Drop 0 0 0
Map 12 7 1
Drop 6 0 0
Tile:14_flip 4 3 1
Tile:0 10 7 0
Destroy 7 5 1
Tile:9 5 6 0
Tile:6 13 6 1
Tile:7 6 6 0
Tile:10 6 4 1
Tile:5 6 3 0
Tile:8 13 5 1
Tile:9_flip 7 3 0
Tile:9_flip 2 5 1
Drop 2 0 0
Drop 1 0 1
Drop 0 0 0
Malus 0 0 1
Bonus 0 0 0
Drop 0 0 1
GAMEOVER DRAW
# Game ended: Fri Apr 10 12:29:12 EDT 2020
