# Server version 0.08 running on 192.168.2.221:8123
# Game ID: 298
# Board class: Saboteur.SaboteurBoard
# Timeout: 2000
# First Move Timeout: 30000
# Date: Sat Apr 11 20:17:13 EDT 2020
# Player 1: Player-0, 'RandomPlayer', running on 127.0.0.1
# Player 2: Player-1, '260729564', running on 127.0.0.1
START Player-0 RandomPlayer
START Player-1 260729564
BoardInit:Destroy,Destroy,Tile:7,Tile:8,Tile:8,Tile:0,Tile:15,Tile:7,Map,Tile:6,Tile:9,Tile:0,Tile:8,Tile:13,Tile:7,Tile:3,Tile:5,Tile:7,Tile:0,Bonus,Tile:9,Map,Map,Map,Tile:14,Map,Malus,Bonus,Tile:8,Tile:5,Destroy,Tile:9,Tile:6,Tile:12,Tile:10,Tile:4,Tile:9,Tile:2,Tile:5,Tile:7,Tile:6-Tile:11,Tile:10,Bonus,Tile:6,Tile:9,Tile:8,Tile:1-Map,Malus,Tile:5,Bonus,Tile:10,Tile:6,Tile:0-Tile:nugget,Tile:hidden2,Tile:hidden1
Tile:8 6 5 1
Tile:6_flip 6 4 0
Tile:6 7 4 1
Drop 1 0 0
Tile:9_flip 8 4 1
Tile:10 8 5 0
Tile:8 8 6 1
Destroy 8 4 0
Tile:7 7 5 1
Tile:7_flip 8 7 0
Map 12 3 1
Drop 1 0 0
Tile:9_flip 8 4 1
Tile:6 4 5 0
Tile:8 8 3 1
Tile:8 6 6 0
Tile:7 9 3 1
Tile:0 9 6 0
Tile:10 9 4 1
Tile:7 8 2 0
Tile:0 10 6 1
Tile:0 3 5 0
Tile:5_flip 11 6 1
Tile:13 2 5 0
Tile:9 11 5 1
Map 12 3 0
Destroy 11 5 1
Tile:3_flip 5 6 0
Malus 0 0 1
Drop 5 0 0
Tile:8 11 5 1
Bonus 0 0 0
Drop 0 0 1
Tile:9_flip 13 5 0
Tile:6_flip 13 4 1
Tile:5_flip 13 6 0
Tile:10 11 4 1
Tile:4_flip 9 5 0
Tile:9 12 4 1
GAMEOVER WINNER 1
# Game ended: Sat Apr 11 20:17:15 EDT 2020
