# Server version 0.08 running on 192.168.2.221:8123
# Game ID: 82
# Board class: Saboteur.SaboteurBoard
# Timeout: 2000
# First Move Timeout: 30000
# Date: Sat Apr 11 16:15:14 EDT 2020
# Player 1: Player-0, 'RandomPlayer', running on 127.0.0.1
# Player 2: Player-1, '260729564', running on 127.0.0.1
START Player-0 RandomPlayer
START Player-1 260729564
BoardInit:Tile:7,Tile:8,Tile:4,Malus,Tile:9,Tile:13,Tile:11,Bonus,Tile:7,Tile:7,Bonus,Map,Tile:8,Tile:0,Destroy,Bonus,Tile:7,Tile:0,Tile:8,Tile:10,Map,Map,Tile:6,Tile:6,Tile:10,Tile:1,Tile:5,Bonus,Tile:0,Tile:8,Map,Destroy,Tile:5,Tile:9,Tile:14,Map,Tile:0,Tile:6,Tile:12,Tile:8,Tile:7-Destroy,Tile:6,Tile:5,Tile:10,Tile:5,Tile:6,Malus-Tile:3,Tile:15,Tile:9,Tile:9,Tile:2,Map,Tile:9-Tile:hidden2,Tile:hidden1,Tile:nugget
Malus 0 0 1
Map 12 3 0
Tile:5_flip 6 5 1
Drop 1 0 0
Tile:10 6 4 1
Drop 4 0 0
Tile:9 6 3 1
Drop 3 0 0
Tile:6 7 3 1
Drop 0 0 0
Tile:6 8 3 1
Drop 4 0 0
Tile:5_flip 9 3 1
Drop 0 0 0
Tile:8 9 2 1
Map 12 7 0
Tile:7 10 2 1
Bonus 0 0 0
Tile:7_flip 10 3 1
Tile:0 11 3 0
Tile:8 12 4 1
Tile:8 8 2 0
Tile:7_flip 12 6 1
Tile:9_flip 5 6 0
Tile:6 13 6 1
Tile:0 11 5 0
Tile:10 12 2 1
Tile:7 13 5 0
Tile:5_flip 13 4 1
Tile:10 5 7 0
Tile:0 11 4 1
Tile:8 7 2 0
Destroy 12 2 1
Destroy 6 5 0
GAMEOVER TIMEOUT WINNER 0
# Game ended: Sat Apr 11 16:15:19 EDT 2020
