# Server version 0.08 running on 192.168.2.221:8123
# Game ID: 1063
# Board class: Saboteur.SaboteurBoard
# Timeout: 2000
# First Move Timeout: 30000
# Date: Sat Apr 11 21:30:52 EDT 2020
# Player 1: Player-0, '260729564', running on 127.0.0.1
# Player 2: Player-1, 'RandomPlayer', running on 127.0.0.1
START Player-0 260729564
START Player-1 RandomPlayer
BoardInit:Bonus,Tile:10,Tile:6,Destroy,Tile:9,Tile:11,Bonus,Tile:8,Tile:14,Tile:6,Tile:10,Tile:7,Tile:8,Destroy,Tile:12,Tile:0,Map,Malus,Destroy,Tile:0,Map,Tile:8,Tile:9,Tile:10,Tile:8,Tile:5,Tile:7,Tile:7,Tile:7,Tile:0,Bonus,Tile:13,Tile:7,Tile:3,Tile:6,Map,Map,Bonus,Tile:9,Tile:1,Tile:4-Tile:5,Tile:8,Tile:9,Tile:9,Malus,Tile:5,Map-Tile:6,Tile:15,Tile:5,Tile:2,Tile:6,Tile:0,Map-Tile:nugget,Tile:hidden1,Tile:hidden2
Tile:9 4 5 1
Map 12 3 0
Tile:9_flip 4 6 1
Tile:10 5 4 0
Malus 0 0 1
Drop 1 0 0
Drop 4 0 1
Drop 2 0 0
Tile:6_flip 5 3 1
Drop 5 0 0
Tile:9_flip 4 7 1
Drop 0 0 0
Tile:8 6 5 1
Drop 0 0 0
Tile:5_flip 7 5 1
Drop 0 0 0
Tile:5_flip 6 6 1
Drop 0 0 0
Tile:10 7 4 1
Malus 0 0 0
Destroy 4 6 1
Drop 0 0 0
Drop 0 0 1
Drop 0 0 0
Drop 2 0 1
Drop 0 0 0
Bonus 0 0 1
Drop 0 0 0
Drop 2 0 1
Drop 0 0 0
Tile:14 4 8 1
Drop 0 0 0
Tile:8 6 3 1
Drop 6 0 0
Tile:7_flip 3 7 1
Drop 6 0 0
Tile:6_flip 4 3 1
Drop 6 0 0
Tile:7_flip 3 3 1
Bonus 0 0 0
Drop 2 0 1
Tile:8 7 3 0
Tile:4 7 2 1
Tile:5_flip 8 3 0
Map 12 3 1
Tile:10 8 2 0
Tile:7 3 2 1
Tile:7_flip 5 6 0
Tile:9_flip 4 6 1
Drop 2 0 0
Tile:12_flip 2 2 1
Drop 0 0 0
Map 12 3 1
Tile:0 3 8 0
Drop 0 0 1
GAMEOVER DRAW
# Game ended: Sat Apr 11 21:30:52 EDT 2020
