# Server version 0.08 running on 192.168.2.221:8123
# Game ID: 193
# Board class: Saboteur.SaboteurBoard
# Timeout: 2000
# First Move Timeout: 30000
# Date: Sat Apr 11 20:07:18 EDT 2020
# Player 1: Player-0, '260729564', running on 127.0.0.1
# Player 2: Player-1, 'RandomPlayer', running on 127.0.0.1
START Player-0 260729564
START Player-1 RandomPlayer
BoardInit:Tile:10,Tile:8,Tile:0,Tile:1,Malus,Tile:8,Tile:14,Tile:8,Tile:9,Tile:9,Tile:6,Tile:7,Tile:10,Tile:5,Tile:3,Tile:7,Tile:7,Tile:0,Tile:9,Tile:8,Tile:8,Tile:6,Tile:0,Destroy,Tile:5,Tile:7,Tile:4,Tile:9,Map,Tile:10,Bonus,Tile:15,Tile:5,Bonus,Tile:5,Map,Map,Map,Tile:13,Destroy,Bonus-Tile:9,Tile:6,Destroy,Map,Tile:0,Tile:7,Map-Tile:12,Tile:2,Tile:6,Malus,Tile:6,Bonus,Tile:11-Tile:hidden1,Tile:hidden2,Tile:nugget
Tile:7_flip 4 5 1
Malus 0 0 0
Drop 1 0 1
Tile:8 6 5 0
Map 12 3 1
Tile:6 7 5 0
Map 12 7 1
Tile:8 8 5 0
Drop 6 0 1
Tile:8 9 5 0
Drop 3 0 1
Tile:9_flip 10 5 0
Drop 0 0 1
Tile:6 10 6 0
Malus 0 0 1
Bonus 0 0 0
Drop 5 0 1
Tile:7 11 6 0
Destroy 6 5 1
Tile:0 6 5 0
Drop 2 0 1
Tile:8 10 4 0
Drop 0 0 1
Tile:6 11 4 0
Drop 2 0 1
Tile:5_flip 12 4 0
Drop 0 0 1
Tile:7_flip 11 7 0
GAMEOVER WINNER 0
# Game ended: Sat Apr 11 20:07:19 EDT 2020
