# Server version 0.08 running on 192.168.2.221:8123
# Game ID: 944
# Board class: Saboteur.SaboteurBoard
# Timeout: 2000
# First Move Timeout: 30000
# Date: Sat Apr 11 21:21:37 EDT 2020
# Player 1: Player-0, 'RandomPlayer', running on 127.0.0.1
# Player 2: Player-1, '260729564', running on 127.0.0.1
START Player-0 RandomPlayer
START Player-1 260729564
BoardInit:Tile:8,Tile:8,Tile:6,Tile:1,Tile:5,Tile:5,Tile:5,Tile:4,Destroy,Tile:15,Tile:7,Tile:10,Malus,Tile:9,Bonus,Tile:12,Bonus,Map,Bonus,Tile:2,Tile:9,Map,Tile:9,Tile:6,Tile:7,Map,Tile:0,Destroy,Tile:9,Destroy,Tile:6,Tile:5,Tile:0,Tile:3,Map,Tile:6,Tile:13,Bonus,Tile:8,Tile:14,Tile:10-Tile:7,Tile:11,Tile:7,Tile:8,Tile:10,Tile:8,Tile:7-Malus,Tile:6,Tile:9,Map,Map,Tile:0,Tile:0-Tile:nugget,Tile:hidden1,Tile:hidden2
Tile:8 6 5 1
Tile:9_flip 6 4 0
Tile:8 7 5 1
Tile:0 8 5 0
Tile:8 9 5 1
Drop 2 0 0
Tile:6 10 5 1
Tile:5_flip 5 6 0
Tile:7 11 5 1
Tile:8 6 3 0
Tile:10 11 6 1
Tile:15 11 7 0
Tile:5 10 4 1
Tile:6_flip 4 5 0
Malus 0 0 1
Map 12 5 0
Tile:5_flip 11 4 1
Drop 1 0 0
Tile:7_flip 9 6 1
Map 12 7 0
Tile:7_flip 7 6 1
Drop 2 0 0
Tile:9_flip 9 4 1
Map 12 3 0
Tile:9 11 3 1
GAMEOVER WINNER 1
# Game ended: Sat Apr 11 21:21:38 EDT 2020
