# Server version 0.08 running on 192.168.2.221:8123
# Game ID: 1238
# Board class: Saboteur.SaboteurBoard
# Timeout: 2000
# First Move Timeout: 30000
# Date: Sat Apr 11 21:40:44 EDT 2020
# Player 1: Player-0, 'RandomPlayer', running on 127.0.0.1
# Player 2: Player-1, '260729564', running on 127.0.0.1
START Player-0 RandomPlayer
START Player-1 260729564
BoardInit:Tile:7,Tile:4,Map,Malus,Tile:5,Tile:6,Tile:8,Tile:6,Destroy,Tile:8,Destroy,Tile:9,Tile:6,Tile:7,Tile:10,Bonus,Tile:0,Tile:9,Tile:2,Tile:3,Tile:5,Map,Tile:7,Tile:1,Tile:0,Tile:8,Tile:6,Tile:5,Map,Tile:13,Tile:9,Tile:6,Tile:9,Bonus,Tile:8,Tile:7,Tile:9,Map,Tile:12,Map,Tile:0-Tile:10,Tile:5,Tile:14,Tile:10,Destroy,Tile:11,Bonus-Malus,Tile:7,Map,Tile:8,Tile:15,Bonus,Tile:0-Tile:hidden2,Tile:hidden1,Tile:nugget
Tile:5_flip 6 5 1
Tile:8 6 4 0
Tile:7 7 4 1
Tile:7_flip 7 5 0
Map 12 3 1
Drop 0 0 0
Tile:5_flip 8 5 1
Tile:0 4 5 0
Tile:8 5 4 1
Map 12 5 0
Tile:10 8 4 1
Tile:6_flip 5 3 0
Tile:10 8 3 1
Tile:6 4 4 0
Tile:6_flip 8 2 1
Tile:8 3 4 0
Tile:10 5 6 1
Tile:7_flip 7 2 0
Tile:0 9 2 1
Tile:9 4 3 0
Drop 0 0 1
Tile:15 5 7 0
Tile:5_flip 10 2 1
Tile:9 4 2 0
Drop 1 0 1
Tile:3 3 3 0
Tile:0 5 2 1
Tile:8 5 8 0
Tile:6_flip 6 3 1
Map 12 7 0
Map 12 5 1
Tile:4_flip 5 9 0
Tile:9 10 1 1
Tile:13 4 1 0
Tile:9_flip 11 1 1
Tile:6 3 5 0
Tile:7_flip 11 2 1
Drop 6 0 0
Tile:9_flip 12 2 1
Tile:1 13 3 0
Tile:8 12 4 1
Drop 4 0 0
GAMEOVER TIMEOUT WINNER 0
# Game ended: Sat Apr 11 21:40:50 EDT 2020
