# Server version 0.08 running on 192.168.2.221:8123
# Game ID: 1032
# Board class: Saboteur.SaboteurBoard
# Timeout: 2000
# First Move Timeout: 30000
# Date: Sat Apr 11 21:29:12 EDT 2020
# Player 1: Player-0, 'RandomPlayer', running on 127.0.0.1
# Player 2: Player-1, '260729564', running on 127.0.0.1
START Player-0 RandomPlayer
START Player-1 260729564
BoardInit:Tile:12,Tile:3,Map,Tile:0,Tile:0,Bonus,Tile:5,Tile:10,Tile:8,Tile:8,Malus,Tile:1,Tile:9,Destroy,Tile:7,Tile:9,Tile:5,Tile:15,Tile:6,Map,Tile:13,Destroy,Tile:0,Malus,Tile:7,Tile:9,Tile:6,Tile:2,Tile:6,Bonus,Tile:11,Tile:8,Tile:14,Tile:7,Tile:9,Map,Tile:10,Tile:8,Map,Tile:10,Bonus-Tile:6,Map,Tile:6,Bonus,Map,Tile:5,Tile:9-Tile:5,Tile:0,Tile:7,Tile:4,Destroy,Tile:7,Tile:8-Tile:hidden1,Tile:nugget,Tile:hidden2
Map 12 3 1
Tile:7 6 5 0
Map 12 5 1
Drop 1 0 0
Tile:9 6 6 1
Tile:5_flip 5 6 0
Tile:6 7 6 1
Drop 2 0 0
Tile:6 8 6 1
Drop 2 0 0
Tile:8 9 6 1
Tile:8 10 6 0
Malus 0 0 1
Destroy 6 6 0
Tile:9 7 5 1
Destroy 10 6 0
Tile:7_flip 6 6 1
Drop 1 0 0
Tile:0 10 6 1
Drop 3 0 0
Tile:6 11 6 1
Drop 6 0 0
Tile:5_flip 12 6 1
GAMEOVER WINNER 1
# Game ended: Sat Apr 11 21:29:12 EDT 2020
