# Server version 0.08 running on 192.168.2.221:8123
# Game ID: 1137
# Board class: Saboteur.SaboteurBoard
# Timeout: 2000
# First Move Timeout: 30000
# Date: Sat Apr 11 21:35:05 EDT 2020
# Player 1: Player-0, '260729564', running on 127.0.0.1
# Player 2: Player-1, 'RandomPlayer', running on 127.0.0.1
START Player-0 260729564
START Player-1 RandomPlayer
BoardInit:Destroy,Map,Tile:3,Bonus,Tile:9,Tile:7,Map,Map,Map,Tile:13,Bonus,Tile:15,Tile:0,Tile:0,Tile:6,Map,Tile:7,Tile:5,Tile:10,Tile:8,Tile:8,Map,Tile:11,Bonus,Tile:0,Tile:7,Tile:4,Malus,Tile:14,Tile:8,Tile:1,Tile:9,Destroy,Tile:7,Bonus,Tile:9,Tile:10,Tile:6,Tile:5,Tile:6,Tile:8-Malus,Tile:12,Tile:8,Tile:5,Tile:9,Tile:10,Destroy-Tile:5,Tile:6,Tile:0,Tile:2,Tile:7,Tile:6,Tile:9-Tile:hidden1,Tile:nugget,Tile:hidden2
Tile:12_flip 4 5 1
Tile:9_flip 6 5 0
Tile:9 5 6 1
Map 12 3 0
Tile:8 6 6 1
Tile:6 7 6 0
Tile:9 6 7 1
Tile:0 8 6 0
Destroy 6 6 1
Map 12 5 0
Drop 0 0 1
Tile:6_flip 6 4 0
Tile:10 6 8 1
Tile:5_flip 7 4 0
Tile:0 9 6 1
Drop 0 0 0
Tile:6_flip 5 4 1
Drop 3 0 0
Tile:5 7 5 1
Tile:5 7 3 0
Destroy 6 4 1
Tile:8 6 4 0
Map 12 3 1
Tile:0 8 3 0
Tile:3 10 6 1
Tile:7 9 3 0
Tile:10 5 7 1
Tile:7_flip 9 4 0
Tile:7 10 4 1
Malus 0 0 0
Drop 3 0 1
Tile:8 6 6 0
Bonus 0 0 1
Tile:7_flip 10 5 0
Tile:1 11 5 1
Tile:7 7 7 0
Destroy 7 4 1
Tile:9 7 8 0
Tile:10 7 9 1
Tile:6 8 5 0
Tile:0 8 8 1
Tile:6_flip 9 8 0
Tile:14 7 10 1
Tile:9_flip 10 8 0
Tile:4_flip 10 9 1
Drop 1 0 0
Drop 3 0 1
Drop 1 0 0
Map 12 5 1
Drop 1 0 0
Tile:8 6 10 1
Drop 1 0 0
Tile:8 10 7 1
Drop 0 0 0
Drop 0 0 1
GAMEOVER DRAW
# Game ended: Sat Apr 11 21:35:05 EDT 2020
