# Server version 0.08 running on 192.168.2.221:8123
# Game ID: 1170
# Board class: Saboteur.SaboteurBoard
# Timeout: 2000
# First Move Timeout: 30000
# Date: Sat Apr 11 21:36:57 EDT 2020
# Player 1: Player-0, 'RandomPlayer', running on 127.0.0.1
# Player 2: Player-1, '260729564', running on 127.0.0.1
START Player-0 RandomPlayer
START Player-1 260729564
BoardInit:Tile:0,Map,Tile:8,Tile:0,Destroy,Tile:1,Bonus,Tile:5,Tile:12,Tile:6,Tile:10,Malus,Tile:5,Tile:7,Tile:0,Tile:4,Destroy,Tile:0,Malus,Tile:9,Tile:15,Tile:10,Destroy,Tile:9,Tile:13,Tile:3,Map,Tile:8,Tile:2,Tile:8,Tile:9,Tile:6,Tile:5,Tile:6,Map,Tile:9,Tile:10,Tile:5,Tile:6,Tile:6,Tile:7-Tile:8,Bonus,Tile:8,Tile:7,Map,Tile:14,Tile:7-Map,Tile:9,Tile:7,Map,Bonus,Bonus,Tile:11-Tile:hidden1,Tile:hidden2,Tile:nugget
Map 12 3 1
Map 12 5 0
Tile:8 6 5 1
Tile:11 4 5 0
Tile:8 7 5 1
Drop 2 0 0
Tile:8 8 5 1
Tile:9_flip 7 6 0
Tile:0 9 5 1
Tile:7_flip 6 6 0
Tile:7 10 5 1
Tile:5 5 4 0
Tile:10 10 6 1
Tile:6 10 7 0
Tile:7_flip 8 6 1
Tile:0 11 7 0
GAMEOVER WINNER 0
# Game ended: Sat Apr 11 21:36:57 EDT 2020
