# Server version 0.08 running on 192.168.2.221:8123
# Game ID: 325
# Board class: Saboteur.SaboteurBoard
# Timeout: 2000
# First Move Timeout: 30000
# Date: Sat Apr 11 20:18:59 EDT 2020
# Player 1: Player-0, '260729564', running on 127.0.0.1
# Player 2: Player-1, 'RandomPlayer', running on 127.0.0.1
START Player-0 260729564
START Player-1 RandomPlayer
BoardInit:Bonus,Tile:5,Tile:8,Tile:9,Tile:15,Tile:10,Bonus,Map,Tile:5,Bonus,Tile:7,Tile:6,Malus,Destroy,Map,Tile:2,Tile:3,Tile:5,Tile:8,Tile:5,Bonus,Tile:11,Tile:0,Tile:0,Tile:10,Destroy,Tile:8,Tile:9,Map,Tile:10,Tile:0,Tile:9,Map,Tile:6,Destroy,Tile:7,Tile:14,Malus,Tile:6,Tile:8,Tile:1-Map,Tile:4,Tile:6,Tile:6,Tile:0,Tile:7,Tile:9-Tile:7,Map,Tile:9,Tile:13,Tile:8,Tile:7,Tile:12-Tile:nugget,Tile:hidden1,Tile:hidden2
Tile:6_flip 4 5 1
Map 12 3 0
Tile:7 5 4 1
Tile:8 6 5 0
Tile:0 7 5 1
Tile:5 6 4 0
Tile:9_flip 4 6 1
Tile:9_flip 8 5 0
Tile:6 4 7 1
Tile:9 8 4 0
Tile:8 3 6 1
Tile:7 9 4 0
Tile:7_flip 6 6 1
Tile:6_flip 8 3 0
Drop 3 0 1
Tile:10 9 5 0
Map 12 3 1
Tile:7_flip 9 6 0
Tile:5 3 5 1
Tile:5_flip 10 6 0
Tile:3_flip 3 7 1
Tile:5 10 5 0
Map 12 5 1
Drop 0 0 0
Tile:0 11 5 1
Tile:0 13 5 0
Tile:8 12 4 1
GAMEOVER WINNER 1
# Game ended: Sat Apr 11 20:18:59 EDT 2020
