# Server version 0.08 running on 192.168.2.221:8123
# Game ID: 783
# Board class: Saboteur.SaboteurBoard
# Timeout: 2000
# First Move Timeout: 30000
# Date: Sat Apr 11 21:10:45 EDT 2020
# Player 1: Player-0, '260729564', running on 127.0.0.1
# Player 2: Player-1, 'RandomPlayer', running on 127.0.0.1
START Player-0 260729564
START Player-1 RandomPlayer
BoardInit:Tile:0,Tile:5,Tile:8,Tile:8,Tile:8,Tile:4,Tile:6,Tile:7,Destroy,Tile:3,Tile:5,Tile:10,Bonus,Tile:6,Tile:1,Map,Tile:9,Destroy,Map,Malus,Tile:7,Tile:7,Tile:5,Tile:6,Tile:2,Tile:7,Tile:6,Malus,Map,Tile:9,Bonus,Map,Tile:5,Tile:10,Bonus,Tile:0,Tile:14,Tile:8,Tile:7,Tile:10,Map-Tile:11,Tile:15,Tile:9,Tile:0,Map,Tile:13,Tile:12-Tile:9,Bonus,Tile:9,Destroy,Tile:6,Tile:8,Tile:0-Tile:hidden1,Tile:nugget,Tile:hidden2
Tile:13 5 4 1
Tile:8 6 5 0
Drop 5 0 1
Tile:6 7 5 0
Map 12 7 1
Tile:8 8 5 0
Tile:8 5 3 1
Tile:0 9 5 0
Tile:15 5 2 1
Tile:9_flip 10 5 0
Tile:8 6 6 1
Tile:5 10 4 0
Tile:11_flip 8 4 1
Tile:9_flip 11 4 0
Tile:9 8 3 1
Tile:6_flip 11 3 0
Tile:5 5 1 1
Map 12 5 0
Tile:9 4 5 1
Tile:10 12 4 0
GAMEOVER WINNER 0
# Game ended: Sat Apr 11 21:10:46 EDT 2020
