# Server version 0.08 running on 192.168.2.221:8123
# Game ID: 226
# Board class: Saboteur.SaboteurBoard
# Timeout: 2000
# First Move Timeout: 30000
# Date: Sat Apr 11 20:10:15 EDT 2020
# Player 1: Player-0, 'RandomPlayer', running on 127.0.0.1
# Player 2: Player-1, '260729564', running on 127.0.0.1
START Player-0 RandomPlayer
START Player-1 260729564
BoardInit:Destroy,Bonus,Tile:10,Tile:8,Tile:9,Tile:5,Tile:3,Tile:1,Tile:7,Tile:6,Tile:0,Tile:7,Tile:0,Bonus,Map,Destroy,Map,Tile:9,Tile:6,Tile:14,Tile:7,Tile:13,Tile:9,Map,Tile:0,Tile:8,Map,Tile:5,Tile:5,Tile:9,Tile:6,Tile:9,Tile:5,Tile:8,Bonus,Tile:10,Destroy,Tile:4,Bonus,Tile:6,Tile:10-Tile:2,Map,Tile:15,Tile:7,Tile:8,Tile:6,Map-Tile:11,Malus,Tile:0,Tile:7,Malus,Tile:12,Tile:8-Tile:hidden1,Tile:nugget,Tile:hidden2
Map 12 3 1
Tile:0 6 5 0
Map 12 5 1
Tile:11_flip 7 5 0
Tile:8 5 4 1
Drop 4 0 0
Tile:10 5 6 1
Drop 2 0 0
Tile:6 6 4 1
Tile:8 5 3 0
Tile:9_flip 7 4 1
Tile:5_flip 5 7 0
Drop 0 0 1
Tile:7_flip 4 4 0
Drop 0 0 1
Tile:1 4 5 0
Drop 2 0 1
Drop 1 0 0
Drop 5 0 1
Drop 5 0 0
Tile:6_flip 7 3 1
Tile:14_flip 4 3 0
Tile:0 8 3 1
Tile:6_flip 6 3 0
Tile:9_flip 9 3 1
Tile:13 7 6 0
Tile:7_flip 9 4 1
Tile:8 3 5 0
Tile:0 10 4 1
Tile:7 5 2 0
Tile:0 11 4 1
Tile:5_flip 3 6 0
Tile:6 12 4 1
Tile:9_flip 12 2 0
GAMEOVER TIMEOUT WINNER 0
# Game ended: Sat Apr 11 20:10:20 EDT 2020
