# Server version 0.08 running on 192.168.2.221:8123
# Game ID: 1396
# Board class: Saboteur.SaboteurBoard
# Timeout: 2000
# First Move Timeout: 30000
# Date: Sat Apr 11 22:04:37 EDT 2020
# Player 1: Player-0, 'RandomPlayer', running on 127.0.0.1
# Player 2: Player-1, '260729564', running on 127.0.0.1
START Player-0 RandomPlayer
START Player-1 260729564
BoardInit:Destroy,Tile:0,Tile:2,Tile:7,Tile:0,Tile:6,Tile:6,Bonus,Tile:5,Malus,Tile:9,Map,Tile:6,Tile:8,Tile:9,Bonus,Tile:5,Tile:0,Tile:10,Tile:3,Tile:8,Tile:7,Tile:7,Destroy,Tile:6,Tile:1,Tile:5,Tile:15,Map,Tile:4,Tile:9,Tile:13,Map,Map,Tile:9,Tile:8,Tile:0,Tile:14,Malus,Tile:10,Bonus-Map,Map,Tile:9,Tile:11,Tile:8,Tile:6,Tile:7-Tile:8,Tile:12,Destroy,Bonus,Tile:7,Tile:5,Tile:10-Tile:nugget,Tile:hidden1,Tile:hidden2
Map 12 3 1
Tile:5 4 5 0
Tile:8 5 4 1
Destroy 5 4 0
Tile:6_flip 5 4 1
Tile:8 5 6 0
Tile:0 6 4 1
Tile:12_flip 4 4 0
Tile:6 7 4 1
Tile:7_flip 5 7 0
Tile:9_flip 8 4 1
Tile:0 6 6 0
Tile:9 8 3 1
Tile:7 7 3 0
Tile:6 9 3 1
Drop 3 0 0
Tile:9_flip 10 3 1
Tile:8 4 6 0
Tile:7_flip 10 4 1
Drop 1 0 0
Tile:10 10 2 1
Tile:6_flip 6 7 0
Tile:8 11 4 1
Tile:7 9 2 0
Tile:5_flip 12 4 1
GAMEOVER WINNER 1
# Game ended: Sat Apr 11 22:04:38 EDT 2020
