# Server version 0.08 running on 192.168.2.221:8123
# Game ID: 833
# Board class: Saboteur.SaboteurBoard
# Timeout: 2000
# First Move Timeout: 30000
# Date: Sat Apr 11 21:13:58 EDT 2020
# Player 1: Player-0, '260729564', running on 127.0.0.1
# Player 2: Player-1, 'RandomPlayer', running on 127.0.0.1
START Player-0 260729564
START Player-1 RandomPlayer
BoardInit:Map,Tile:3,Tile:7,Tile:9,Tile:15,Tile:7,Tile:0,Map,Tile:14,Destroy,Tile:0,Tile:5,Tile:12,Malus,Tile:6,Tile:0,Tile:6,Tile:8,Tile:9,Tile:8,Bonus,Tile:11,Bonus,Bonus,Tile:5,Tile:9,Tile:10,Map,Destroy,Tile:6,Map,Tile:7,Tile:5,Tile:6,Tile:8,Tile:8,Map,Tile:8,Tile:0,Destroy,Malus-Bonus,Tile:7,Tile:10,Tile:1,Tile:9,Tile:6,Tile:10-Tile:4,Tile:9,Tile:13,Tile:2,Tile:5,Tile:7,Map-Tile:hidden1,Tile:hidden2,Tile:nugget
Tile:7 6 5 1
Map 12 3 0
Tile:10 5 6 1
Tile:7_flip 6 6 0
Tile:9_flip 5 4 1
Tile:5_flip 7 6 0
Tile:1 4 5 1
Tile:9 7 5 0
Tile:10 7 4 1
Map 12 5 0
Tile:6 4 4 1
Tile:9_flip 8 5 0
Tile:15 5 7 1
Tile:7_flip 8 6 0
Tile:7_flip 3 4 1
Malus 0 0 0
Drop 0 0 1
Tile:0 9 6 0
Drop 3 0 1
Tile:8 10 6 0
Map 12 7 1
Tile:8 11 6 0
Drop 3 0 1
Tile:5_flip 12 6 0
Drop 0 0 1
Destroy 12 6 0
Drop 5 0 1
Tile:9_flip 12 6 0
GAMEOVER WINNER 0
# Game ended: Sat Apr 11 21:13:59 EDT 2020
