# Server version 0.08 running on 192.168.2.221:8123
# Game ID: 781
# Board class: Saboteur.SaboteurBoard
# Timeout: 2000
# First Move Timeout: 30000
# Date: Sat Apr 11 21:10:42 EDT 2020
# Player 1: Player-0, '260729564', running on 127.0.0.1
# Player 2: Player-1, 'RandomPlayer', running on 127.0.0.1
START Player-0 260729564
START Player-1 RandomPlayer
BoardInit:Bonus,Tile:5,Destroy,Tile:6,Tile:13,Tile:15,Tile:10,Tile:10,Tile:7,Map,Tile:12,Tile:6,Tile:5,Tile:0,Tile:9,Tile:11,Tile:14,Map,Tile:7,Tile:9,Tile:8,Tile:9,Tile:8,Tile:7,Map,Tile:0,Tile:4,Tile:6,Tile:8,Bonus,Tile:0,Tile:1,Tile:8,Map,Tile:6,Tile:5,Tile:9,Destroy,Bonus,Tile:7,Bonus-Tile:0,Tile:10,Destroy,Malus,Tile:3,Tile:7,Map-Tile:8,Tile:5,Tile:2,Tile:6,Malus,Tile:9,Map-Tile:nugget,Tile:hidden2,Tile:hidden1
Tile:7_flip 5 6 1
Map 12 3 0
Map 12 3 1
Malus 0 0 0
Bonus 0 0 1
Tile:8 5 4 0
Tile:0 4 4 1
Tile:9_flip 6 4 0
Destroy 4 4 1
Tile:10 6 3 0
Tile:7 6 6 1
Tile:6_flip 6 2 0
Tile:3 7 2 1
Tile:6 6 5 0
Tile:5_flip 6 7 1
Tile:6 7 5 0
Destroy 6 5 1
Tile:0 5 2 0
Tile:10 7 4 1
Drop 1 0 0
Tile:9 4 5 1
Tile:9 7 3 0
Tile:7 5 3 1
Drop 2 0 0
Tile:12 8 3 1
Drop 2 0 0
Tile:14_flip 5 7 1
Drop 2 0 0
Tile:8 4 3 1
Tile:6 6 5 0
Drop 3 0 1
Tile:0 8 5 0
Tile:8 3 3 1
Tile:9_flip 9 5 0
Tile:4_flip 3 4 1
Tile:5 9 4 0
Tile:10 4 6 1
Tile:5_flip 10 4 0
Map 12 5 1
Tile:5 10 3 0
Tile:9 5 8 1
Tile:7 11 3 0
Drop 0 0 1
Tile:7_flip 11 4 0
Tile:0 12 4 1
Destroy 11 3 0
Tile:13 5 9 1
Drop 0 0 0
Tile:6 6 9 1
Drop 1 0 0
Drop 0 0 1
Drop 1 0 0
Drop 1 0 1
Drop 0 0 0
Drop 0 0 1
GAMEOVER DRAW
# Game ended: Sat Apr 11 21:10:42 EDT 2020
