# Server version 0.08 running on 192.168.2.221:8123
# Game ID: 1427
# Board class: Saboteur.SaboteurBoard
# Timeout: 2000
# First Move Timeout: 30000
# Date: Sat Apr 11 22:06:08 EDT 2020
# Player 1: Player-0, '260729564', running on 127.0.0.1
# Player 2: Player-1, 'RandomPlayer', running on 127.0.0.1
START Player-0 260729564
START Player-1 RandomPlayer
BoardInit:Tile:8,Tile:0,Tile:9,Tile:9,Tile:8,Tile:9,Tile:4,Tile:0,Tile:2,Tile:0,Map,Tile:8,Tile:1,Bonus,Tile:6,Tile:5,Tile:7,Tile:5,Tile:13,Tile:7,Malus,Bonus,Bonus,Tile:14,Tile:8,Destroy,Tile:12,Tile:6,Tile:8,Tile:7,Tile:0,Tile:15,Tile:9,Tile:6,Tile:10,Tile:7,Tile:5,Tile:6,Tile:6,Map,Map-Tile:7,Tile:10,Map,Map,Destroy,Tile:5,Map-Tile:11,Tile:10,Tile:9,Malus,Destroy,Bonus,Tile:3-Tile:nugget,Tile:hidden2,Tile:hidden1
Tile:7_flip 5 6 1
Malus 0 0 0
Map 12 5 1
Tile:0 6 6 0
Map 12 3 1
Tile:9_flip 7 6 0
Drop 1 0 1
Tile:10 7 5 0
Map 12 5 1
Tile:9 7 4 0
Drop 4 0 1
Tile:0 8 4 0
Drop 4 0 1
Tile:8 9 4 0
Map 12 7 1
Tile:0 10 4 0
Drop 5 0 1
Tile:9_flip 11 4 0
Drop 3 0 1
Tile:5 11 3 0
GAMEOVER WINNER 0
# Game ended: Sat Apr 11 22:06:08 EDT 2020
