# Server version 0.08 running on 192.168.2.221:8123
# Game ID: 1068
# Board class: Saboteur.SaboteurBoard
# Timeout: 2000
# First Move Timeout: 30000
# Date: Sat Apr 11 21:31:07 EDT 2020
# Player 1: Player-0, 'RandomPlayer', running on 127.0.0.1
# Player 2: Player-1, '260729564', running on 127.0.0.1
START Player-0 RandomPlayer
START Player-1 260729564
BoardInit:Tile:0,Tile:5,Tile:1,Tile:9,Tile:9,Tile:3,Tile:0,Tile:6,Map,Destroy,Tile:11,Bonus,Tile:6,Bonus,Tile:10,Tile:12,Tile:7,Destroy,Tile:10,Malus,Tile:15,Map,Map,Tile:7,Tile:5,Tile:9,Map,Bonus,Tile:7,Malus,Tile:8,Tile:0,Tile:6,Tile:8,Tile:10,Tile:7,Tile:8,Tile:4,Tile:6,Tile:5,Tile:13-Tile:7,Tile:8,Tile:0,Map,Bonus,Tile:5,Tile:2-Tile:14,Map,Destroy,Tile:8,Tile:9,Tile:9,Tile:6-Tile:hidden1,Tile:hidden2,Tile:nugget
Map 12 3 1
Tile:9_flip 6 5 0
Tile:8 6 4 1
Tile:6_flip 4 5 0
Tile:0 7 4 1
Drop 4 0 0
Tile:9_flip 8 4 1
Tile:9 3 5 0
Tile:7_flip 8 5 1
Tile:5_flip 3 6 0
Map 12 5 1
Tile:14_flip 6 3 0
Tile:0 9 5 1
Tile:8 5 4 0
Tile:0 10 5 1
Tile:3_flip 5 6 0
Tile:6 11 5 1
Tile:6_flip 13 5 0
Tile:10 13 6 1
Destroy 3 6 0
Tile:10 12 6 1
GAMEOVER WINNER 1
# Game ended: Sat Apr 11 21:31:08 EDT 2020
