# Server version 0.08 running on 192.168.2.221:8123
# Game ID: 15
# Board class: Saboteur.SaboteurBoard
# Timeout: 20000
# First Move Timeout: 30000
# Date: Sat Apr 11 14:25:12 EDT 2020
# Player 1: Player-0, '260729564', running on 127.0.0.1
# Player 2: Player-1, 'RandomPlayer', running on 127.0.0.1
START Player-0 260729564
START Player-1 RandomPlayer
BoardInit:Tile:8,Tile:1,Destroy,Destroy,Tile:0,Tile:10,Bonus,Map,Tile:8,Bonus,Tile:10,Tile:9,Tile:7,Malus,Tile:8,Tile:9,Tile:3,Tile:10,Tile:8,Tile:6,Tile:5,Tile:9,Tile:2,Tile:14,Tile:7,Bonus,Tile:7,Tile:9,Tile:6,Destroy,Tile:9,Tile:12,Tile:0,Tile:4,Tile:0,Tile:5,Tile:11,Map,Tile:7,Tile:6,Tile:13-Tile:0,Tile:7,Tile:6,Map,Tile:6,Bonus,Map-Map,Map,Tile:15,Malus,Tile:5,Tile:8,Tile:5-Tile:hidden2,Tile:nugget,Tile:hidden1
Tile:6_flip 4 5 1
Map 12 3 0
Tile:6 4 6 1
Map 12 5 0
Map 12 5 1
Tile:5_flip 6 5 0
Destroy 4 6 1
Tile:8 4 6 0
Map 12 3 1
Drop 0 0 0
Drop 1 0 1
Drop 0 0 0
Drop 0 0 1
Tile:5 6 4 0
Tile:8 7 4 1
Tile:9_flip 8 4 0
Tile:0 3 5 1
Tile:10 8 3 0
Drop 5 0 1
Tile:9 8 2 0
Tile:8 8 1 1
Tile:6 9 1 0
Tile:10 7 5 1
Drop 0 0 0
Tile:7_flip 7 1 1
Tile:9_flip 10 1 0
Tile:2_flip 4 7 1
Drop 1 0 0
Tile:7 9 2 1
Drop 2 0 0
Tile:3 5 7 1
Drop 3 0 0
Tile:9 8 0 1
Drop 6 0 0
Tile:7_flip 8 5 1
Drop 6 0 0
Tile:0 3 6 1
Tile:5 3 7 0
Tile:11 10 0 1
Drop 6 0 0
Tile:5_flip 3 8 1
Tile:6 9 5 0
Tile:6 5 6 1
Destroy 3 7 0
Tile:7_flip 9 3 1
Tile:9_flip 5 4 0
Tile:13 10 3 1
Tile:10 7 6 0
Tile:8 10 4 1
Destroy 3 5 0
Tile:0 3 5 1
Drop 0 0 0
Drop 1 0 1
Drop 0 0 0
Drop 0 0 1
GAMEOVER DRAW
# Game ended: Sat Apr 11 14:25:16 EDT 2020
