# Server version 0.08 running on 192.168.2.221:8123
# Game ID: 243
# Board class: Saboteur.SaboteurBoard
# Timeout: 2000
# First Move Timeout: 30000
# Date: Sat Apr 11 20:12:04 EDT 2020
# Player 1: Player-0, '260729564', running on 127.0.0.1
# Player 2: Player-1, 'RandomPlayer', running on 127.0.0.1
START Player-0 260729564
START Player-1 RandomPlayer
BoardInit:Map,Tile:0,Map,Map,Tile:5,Tile:14,Map,Tile:9,Tile:8,Tile:7,Tile:8,Tile:10,Bonus,Tile:6,Tile:4,Tile:7,Tile:5,Tile:8,Tile:9,Tile:7,Tile:11,Tile:6,Tile:13,Tile:5,Tile:0,Destroy,Tile:6,Tile:0,Tile:6,Malus,Map,Tile:7,Tile:8,Bonus,Tile:10,Destroy,Tile:1,Map,Tile:9,Tile:0,Bonus-Tile:12,Tile:6,Tile:5,Tile:7,Tile:10,Tile:9,Malus-Destroy,Tile:3,Tile:8,Bonus,Tile:2,Tile:15,Tile:9-Tile:hidden1,Tile:hidden2,Tile:nugget
Tile:9 5 6 1
Tile:8 6 6 0
Tile:6_flip 7 6 1
Tile:0 8 6 0
Tile:10 7 7 1
Map 12 3 0
Tile:5_flip 9 6 1
Tile:9 9 5 0
Tile:12_flip 4 5 1
Tile:9_flip 10 5 0
Map 12 5 1
Tile:7_flip 10 6 0
Tile:8 10 4 1
Tile:10 10 3 0
Tile:8 6 5 1
Tile:6 11 4 0
Tile:5_flip 6 7 1
Tile:7 11 6 0
Tile:4_flip 11 7 1
Tile:8 12 4 0
Tile:7_flip 5 7 1
GAMEOVER TIMEOUT WINNER 1
# Game ended: Sat Apr 11 20:12:08 EDT 2020
