# Server version 0.08 running on 192.168.2.221:8123
# Game ID: 51
# Board class: Saboteur.SaboteurBoard
# Timeout: 2000
# First Move Timeout: 30000
# Date: Sat Apr 11 16:09:48 EDT 2020
# Player 1: Player-0, '260729564', running on 127.0.0.1
# Player 2: Player-1, 'RandomPlayer', running on 127.0.0.1
START Player-0 260729564
START Player-1 RandomPlayer
BoardInit:Tile:5,Tile:0,Tile:10,Malus,Map,Tile:6,Tile:1,Tile:7,Tile:7,Tile:7,Tile:9,Destroy,Tile:6,Tile:9,Tile:11,Tile:5,Tile:0,Tile:13,Tile:7,Tile:6,Tile:5,Map,Bonus,Tile:6,Tile:12,Tile:10,Tile:15,Bonus,Tile:7,Tile:5,Tile:6,Tile:0,Tile:2,Map,Map,Map,Malus,Tile:8,Tile:9,Tile:0,Bonus-Map,Tile:14,Bonus,Destroy,Tile:4,Tile:8,Tile:9-Tile:8,Tile:3,Tile:8,Tile:8,Tile:10,Tile:9,Destroy-Tile:hidden2,Tile:nugget,Tile:hidden1
Map 12 7 1
Tile:8 6 5 0
Tile:4_flip 6 6 1
Tile:8 7 5 0
Tile:10 5 6 1
Malus 0 0 0
Destroy 5 6 1
Tile:8 8 5 0
Map 12 5 1
Tile:0 9 5 0
Bonus 0 0 1
Tile:6 10 5 0
Tile:9_flip 7 4 1
Tile:7 11 5 0
Drop 3 0 1
Tile:7_flip 11 6 0
Tile:11_flip 5 6 1
Tile:5_flip 12 6 0
GAMEOVER WINNER 0
# Game ended: Sat Apr 11 16:09:49 EDT 2020
