# Server version 0.08 running on 192.168.2.221:8123
# Game ID: 703
# Board class: Saboteur.SaboteurBoard
# Timeout: 2000
# First Move Timeout: 30000
# Date: Sat Apr 11 21:07:03 EDT 2020
# Player 1: Player-0, '260729564', running on 127.0.0.1
# Player 2: Player-1, 'RandomPlayer', running on 127.0.0.1
START Player-0 260729564
START Player-1 RandomPlayer
BoardInit:Tile:9,Tile:9,Bonus,Tile:0,Tile:7,Tile:9,Map,Tile:10,Map,Tile:14,Tile:5,Tile:3,Map,Destroy,Tile:0,Bonus,Tile:0,Tile:7,Tile:1,Destroy,Tile:10,Tile:4,Tile:6,Map,Tile:2,Tile:6,Map,Tile:8,Tile:7,Tile:12,Tile:7,Tile:6,Tile:9,Tile:5,Malus,Tile:6,Bonus,Tile:5,Bonus,Tile:8,Tile:8-Tile:6,Destroy,Tile:7,Tile:11,Tile:5,Tile:10,Tile:9-Malus,Tile:8,Tile:0,Tile:13,Tile:15,Map,Tile:8-Tile:hidden2,Tile:hidden1,Tile:nugget
Tile:11 5 4 1
Map 12 3 0
Drop 1 0 1
Malus 0 0 0
Drop 4 0 1
Tile:8 6 5 0
Drop 3 0 1
Tile:8 7 5 0
Map 12 5 1
Tile:9_flip 8 5 0
Drop 1 0 1
Tile:9 8 4 0
Drop 6 0 1
Tile:0 9 4 0
Bonus 0 0 1
Tile:0 10 4 0
Tile:9_flip 7 4 1
Tile:10 8 6 0
Drop 5 0 1
Tile:7 11 4 0
Tile:7_flip 8 7 1
Drop 0 0 0
Tile:6_flip 7 3 1
Drop 0 0 0
Tile:6_flip 6 3 1
Map 12 5 0
Tile:0 4 5 1
Tile:6 11 5 0
Drop 4 0 1
Tile:8 12 6 0
GAMEOVER WINNER 0
# Game ended: Sat Apr 11 21:07:03 EDT 2020
