# Server version 0.08 running on 192.168.2.221:8123
# Game ID: 45
# Board class: Saboteur.SaboteurBoard
# Timeout: 2000
# First Move Timeout: 30000
# Date: Sat Apr 11 16:09:33 EDT 2020
# Player 1: Player-0, '260729564', running on 127.0.0.1
# Player 2: Player-1, 'RandomPlayer', running on 127.0.0.1
START Player-0 260729564
START Player-1 RandomPlayer
BoardInit:Tile:10,Tile:1,Tile:0,Tile:13,Tile:12,Tile:0,Tile:6,Tile:6,Tile:7,Tile:8,Tile:11,Tile:5,Bonus,Map,Tile:10,Tile:7,Tile:14,Tile:9,Destroy,Map,Tile:15,Tile:8,Tile:9,Tile:7,Map,Map,Tile:4,Destroy,Bonus,Tile:3,Tile:7,Tile:5,Tile:5,Tile:0,Bonus,Tile:6,Bonus,Malus,Tile:0,Malus,Tile:8-Tile:5,Tile:9,Map,Tile:10,Tile:7,Tile:9,Tile:6-Tile:8,Destroy,Tile:9,Map,Tile:2,Tile:8,Tile:6-Tile:nugget,Tile:hidden2,Tile:hidden1
Tile:6 6 5 1
Map 12 3 0
Drop 1 0 1
Tile:8 6 4 0
Tile:7_flip 5 6 1
Tile:8 7 4 0
Tile:9_flip 7 5 1
Tile:6 8 4 0
Tile:0 4 5 1
Tile:0 9 4 0
Tile:6_flip 10 4 1
Tile:6 11 4 0
Map 12 3 1
Tile:5_flip 12 4 0
GAMEOVER WINNER 0
# Game ended: Sat Apr 11 16:09:33 EDT 2020
