# Server version 0.08 running on 192.168.2.221:8123
# Game ID: 1034
# Board class: Saboteur.SaboteurBoard
# Timeout: 2000
# First Move Timeout: 30000
# Date: Sat Apr 11 21:29:15 EDT 2020
# Player 1: Player-0, 'RandomPlayer', running on 127.0.0.1
# Player 2: Player-1, '260729564', running on 127.0.0.1
START Player-0 RandomPlayer
START Player-1 260729564
BoardInit:Tile:8,Tile:10,Map,Tile:12,Tile:1,Tile:5,Tile:7,Tile:13,Tile:10,Destroy,Tile:3,Tile:0,Tile:6,Map,Tile:15,Tile:8,Tile:8,Tile:9,Malus,Tile:6,Tile:6,Tile:6,Tile:0,Tile:8,Tile:9,Tile:7,Map,Tile:4,Tile:10,Tile:0,Tile:7,Bonus,Bonus,Tile:0,Tile:7,Tile:11,Tile:2,Map,Tile:9,Tile:5,Map-Tile:5,Tile:9,Map,Tile:9,Bonus,Bonus,Destroy-Destroy,Malus,Tile:14,Tile:7,Tile:6,Tile:5,Tile:8-Tile:hidden2,Tile:nugget,Tile:hidden1
Map 12 3 1
Tile:6 6 5 0
Tile:8 7 5 1
Destroy 7 5 0
Map 12 5 1
Tile:14 7 5 0
Tile:9 6 4 1
Tile:7 5 4 0
Tile:9_flip 7 4 1
Tile:5 4 5 0
Tile:10 7 3 1
Drop 2 0 0
Tile:5 7 2 1
Destroy 7 3 0
Tile:6_flip 6 3 1
Tile:8 7 3 0
Tile:7 8 3 1
Malus 0 0 0
Bonus 0 0 1
Tile:8 5 6 0
Malus 0 0 1
Map 12 7 0
Tile:8 5 7 1
Drop 0 0 0
Tile:6 8 2 1
Drop 2 0 0
Tile:9_flip 9 2 1
Drop 0 0 0
Tile:0 6 6 1
Drop 5 0 0
Tile:10 9 3 1
Drop 0 0 0
Tile:7_flip 9 4 1
Drop 4 0 0
Drop 2 0 1
Drop 0 0 0
Tile:7 10 4 1
Drop 4 0 0
Drop 2 0 1
Map 12 5 0
Tile:9 10 5 1
Drop 2 0 0
Drop 2 0 1
Drop 1 0 0
Drop 2 0 1
Drop 3 0 0
Drop 2 0 1
Drop 0 0 0
Drop 2 0 1
Drop 2 0 0
Drop 2 0 1
Drop 0 0 0
Destroy 7 4 1
Drop 0 0 0
Drop 0 0 1
GAMEOVER DRAW
# Game ended: Sat Apr 11 21:29:15 EDT 2020
