# Server version 0.08 running on 192.168.2.221:8123
# Game ID: 1448
# Board class: Saboteur.SaboteurBoard
# Timeout: 2000
# First Move Timeout: 30000
# Date: Sat Apr 11 22:06:47 EDT 2020
# Player 1: Player-0, 'RandomPlayer', running on 127.0.0.1
# Player 2: Player-1, '260729564', running on 127.0.0.1
START Player-0 RandomPlayer
START Player-1 260729564
BoardInit:Malus,Tile:8,Tile:5,Map,Tile:8,Tile:10,Tile:6,Tile:11,Bonus,Map,Tile:6,Bonus,Tile:5,Tile:7,Tile:5,Tile:14,Bonus,Map,Tile:13,Tile:9,Destroy,Map,Tile:7,Tile:0,Tile:4,Tile:0,Tile:3,Tile:5,Destroy,Tile:15,Tile:10,Map,Tile:9,Tile:12,Bonus,Tile:7,Tile:0,Tile:6,Tile:10,Tile:0,Tile:9-Tile:7,Malus,Tile:9,Tile:2,Tile:6,Map,Destroy-Tile:8,Tile:8,Tile:7,Tile:6,Tile:1,Tile:9,Tile:8-Tile:hidden2,Tile:nugget,Tile:hidden1
Map 12 3 1
Tile:7 6 5 0
Malus 0 0 1
Drop 1 0 0
Malus 0 0 1
Drop 2 0 0
Tile:8 6 6 1
Map 12 5 0
Tile:6 7 6 1
Drop 1 0 0
Tile:6 8 6 1
Drop 1 0 0
Tile:6 9 6 1
Drop 6 0 0
Tile:9_flip 10 6 1
Map 12 7 0
Tile:5 10 5 1
Drop 5 0 0
Tile:7 11 5 1
Drop 3 0 0
Tile:5 8 5 1
Map 12 7 0
Tile:5 5 4 1
Map 12 7 0
Tile:7_flip 11 6 1
Drop 2 0 0
Destroy 11 5 1
Drop 0 0 0
Drop 0 0 1
Drop 5 0 0
Drop 1 0 1
Drop 0 0 0
Tile:10 10 7 1
Map 12 3 0
Tile:9_flip 9 5 1
Drop 3 0 0
Drop 1 0 1
Drop 3 0 0
Tile:0 6 4 1
Drop 6 0 0
Tile:10 9 4 1
Drop 2 0 0
Tile:9 9 3 1
Drop 1 0 0
Drop 2 0 1
Drop 3 0 0
Drop 2 0 1
Drop 0 0 0
Drop 3 0 1
Drop 2 0 0
Destroy 7 6 1
Drop 0 0 0
Destroy 8 6 1
Drop 0 0 0
Drop 0 0 1
GAMEOVER DRAW
# Game ended: Sat Apr 11 22:06:47 EDT 2020
