# Server version 0.08 running on 192.168.2.221:8123
# Game ID: 1162
# Board class: Saboteur.SaboteurBoard
# Timeout: 2000
# First Move Timeout: 30000
# Date: Sat Apr 11 21:36:15 EDT 2020
# Player 1: Player-0, 'RandomPlayer', running on 127.0.0.1
# Player 2: Player-1, '260729564', running on 127.0.0.1
START Player-0 RandomPlayer
START Player-1 260729564
BoardInit:Tile:5,Map,Tile:9,Bonus,Tile:13,Tile:7,Tile:2,Tile:6,Tile:5,Tile:10,Tile:8,Tile:5,Tile:8,Malus,Bonus,Tile:10,Tile:8,Tile:7,Tile:9,Tile:5,Tile:9,Tile:0,Bonus,Tile:7,Malus,Map,Tile:7,Tile:8,Tile:0,Tile:9,Tile:12,Tile:7,Tile:14,Tile:0,Tile:3,Map,Tile:6,Map,Tile:6,Destroy,Bonus-Tile:4,Tile:10,Tile:1,Tile:11,Destroy,Tile:6,Tile:9-Tile:6,Tile:8,Destroy,Map,Tile:0,Map,Tile:15-Tile:hidden1,Tile:hidden2,Tile:nugget
Tile:6 6 5 1
Map 12 7 0
Tile:9_flip 7 5 1
Map 12 7 0
Tile:5 7 4 1
Tile:15 7 6 0
Tile:9_flip 8 4 1
Tile:7_flip 4 5 0
Tile:10 8 5 1
Drop 0 0 0
Tile:5 8 3 1
Tile:8 4 4 0
Tile:8 9 3 1
Destroy 7 6 0
Tile:8 10 3 1
Tile:6 11 3 0
Drop 0 0 1
Tile:10 7 6 0
Tile:8 12 4 1
Tile:5_flip 12 6 0
Tile:9 11 6 1
Drop 6 0 0
GAMEOVER TIMEOUT WINNER 0
# Game ended: Sat Apr 11 21:36:20 EDT 2020
