# Server version 0.08 running on 192.168.2.221:8123
# Game ID: 107
# Board class: Saboteur.SaboteurBoard
# Timeout: 2000
# First Move Timeout: 30000
# Date: Sat Apr 11 16:19:35 EDT 2020
# Player 1: Player-0, '260729564', running on 127.0.0.1
# Player 2: Player-1, 'RandomPlayer', running on 127.0.0.1
START Player-0 260729564
START Player-1 RandomPlayer
BoardInit:Map,Map,Tile:7,Tile:13,Tile:5,Tile:10,Tile:12,Tile:3,Tile:7,Map,Malus,Destroy,Tile:0,Tile:8,Tile:9,Tile:6,Bonus,Map,Tile:10,Destroy,Tile:7,Tile:4,Tile:6,Tile:9,Tile:15,Tile:5,Tile:9,Tile:7,Tile:14,Tile:0,Map,Tile:9,Tile:7,Tile:5,Tile:8,Tile:6,Tile:8,Tile:10,Tile:8,Tile:8,Bonus-Tile:0,Tile:6,Tile:6,Tile:2,Tile:1,Malus,Tile:9-Bonus,Bonus,Map,Tile:5,Tile:0,Tile:11,Destroy-Tile:nugget,Tile:hidden2,Tile:hidden1
Tile:2 4 5 1
Map 12 3 0
Tile:6 3 5 1
Tile:0 6 5 0
Tile:9_flip 5 4 1
Tile:5_flip 7 5 0
Tile:7 7 4 1
Tile:10 5 3 0
Tile:1 2 5 1
Drop 1 0 0
Map 12 7 1
Drop 1 0 0
Drop 2 0 1
Drop 2 0 0
Tile:7_flip 6 4 1
Tile:8 5 2 0
Tile:0 1 5 1
Tile:6_flip 6 2 0
Tile:12 7 2 1
Drop 2 0 0
Tile:9_flip 3 4 1
Drop 2 0 0
Tile:7_flip 4 4 1
Drop 2 0 0
Tile:5_flip 5 6 1
Tile:9 6 3 0
Tile:0 2 4 1
Tile:5 5 1 0
Drop 6 0 1
Drop 3 0 0
Drop 3 0 1
Tile:0 7 3 0
Tile:6_flip 8 3 1
Tile:9_flip 9 3 0
Tile:14_flip 0 5 1
Tile:7_flip 9 4 0
Tile:15 3 3 1
Tile:6 10 4 0
Tile:8 9 2 1
Tile:5_flip 11 4 0
Tile:7_flip 4 6 1
Tile:8 11 3 0
GAMEOVER WINNER 0
# Game ended: Sat Apr 11 16:19:36 EDT 2020
