# Server version 0.08 running on 192.168.2.221:8123
# Game ID: 513
# Board class: Saboteur.SaboteurBoard
# Timeout: 2000
# First Move Timeout: 30000
# Date: Sat Apr 11 20:41:36 EDT 2020
# Player 1: Player-0, '260729564', running on 127.0.0.1
# Player 2: Player-1, 'RandomPlayer', running on 127.0.0.1
START Player-0 260729564
START Player-1 RandomPlayer
BoardInit:Tile:1,Map,Tile:6,Tile:0,Tile:2,Tile:11,Malus,Bonus,Tile:0,Map,Tile:5,Destroy,Tile:10,Destroy,Map,Tile:7,Tile:10,Map,Tile:9,Tile:8,Bonus,Bonus,Tile:7,Tile:3,Tile:7,Tile:6,Map,Tile:9,Bonus,Tile:0,Tile:6,Tile:15,Tile:9,Tile:5,Tile:8,Tile:13,Tile:14,Destroy,Malus,Tile:7,Tile:6-Tile:7,Tile:9,Tile:5,Map,Tile:8,Tile:0,Tile:8-Tile:6,Tile:8,Tile:9,Tile:5,Tile:12,Tile:10,Tile:4-Tile:hidden1,Tile:hidden2,Tile:nugget
Tile:0 4 5 1
Tile:8 6 5 0
Tile:7_flip 5 6 1
Map 12 3 0
Tile:9_flip 7 5 1
Tile:9 7 4 0
Drop 2 0 1
Tile:0 8 4 0
Tile:8 5 4 1
Tile:10 7 6 0
Tile:2 3 5 1
Map 12 5 0
Tile:5_flip 6 6 1
Tile:6 9 4 0
Tile:5_flip 7 7 1
Tile:5_flip 10 4 0
Map 12 7 1
Drop 0 0 0
Tile:6_flip 5 3 1
Tile:7 6 3 0
Tile:9 2 5 1
Tile:8 10 3 0
Tile:0 4 4 1
Drop 0 0 0
Tile:1 11 3 1
Destroy 11 3 0
Tile:10 3 6 1
Tile:6 11 3 0
Drop 6 0 1
Tile:9 12 4 0
Malus 0 0 1
Bonus 0 0 0
Tile:10 11 2 1
Tile:0 11 5 0
Tile:7_flip 4 3 1
Tile:5_flip 12 6 0
Tile:9_flip 13 5 1
Destroy 12 4 0
Tile:14_flip 4 2 1
Destroy 12 6 0
Tile:6 12 6 1
Tile:7 13 3 0
Tile:6 13 6 1
Drop 0 0 0
Tile:8 9 3 1
Drop 0 0 0
Tile:7 9 2 1
Drop 1 0 0
Drop 0 0 1
Drop 1 0 0
Drop 0 0 1
Drop 1 0 0
Malus 0 0 1
Bonus 0 0 0
Drop 0 0 1
GAMEOVER DRAW
# Game ended: Sat Apr 11 20:41:37 EDT 2020
