# Server version 0.08 running on 192.168.2.221:8123
# Game ID: 897
# Board class: Saboteur.SaboteurBoard
# Timeout: 2000
# First Move Timeout: 30000
# Date: Sat Apr 11 21:19:23 EDT 2020
# Player 1: Player-0, '260729564', running on 127.0.0.1
# Player 2: Player-1, 'RandomPlayer', running on 127.0.0.1
START Player-0 260729564
START Player-1 RandomPlayer
BoardInit:Tile:6,Map,Tile:5,Tile:13,Tile:9,Tile:7,Tile:11,Tile:7,Tile:0,Tile:6,Malus,Tile:7,Tile:15,Map,Tile:10,Map,Tile:5,Malus,Bonus,Tile:6,Bonus,Tile:0,Tile:1,Tile:9,Destroy,Tile:0,Tile:9,Tile:4,Tile:9,Tile:8,Tile:6,Tile:12,Tile:10,Tile:5,Map,Tile:6,Tile:8,Map,Map,Tile:7,Tile:8-Bonus,Tile:2,Destroy,Tile:8,Tile:5,Tile:10,Tile:9-Tile:0,Tile:3,Destroy,Tile:8,Tile:7,Bonus,Tile:14-Tile:hidden1,Tile:nugget,Tile:hidden2
Tile:2 6 5 1
Tile:8 5 4 0
Tile:8 5 6 1
Map 12 3 0
Tile:5_flip 6 6 1
Tile:0 6 4 0
Drop 2 0 1
Tile:7 7 4 0
Tile:9_flip 5 7 1
Tile:7_flip 5 8 0
Tile:6 4 5 1
Tile:6 7 5 0
Tile:0 4 6 1
Tile:7 8 5 0
Tile:11 8 6 1
Map 12 5 0
Tile:5 5 3 1
Tile:7 6 8 0
Tile:5_flip 6 3 1
Malus 0 0 0
Destroy 8 6 1
Tile:6 8 6 0
Malus 0 0 1
Bonus 0 0 0
Drop 4 0 1
Tile:9_flip 9 6 0
Destroy 5 6 1
Drop 0 0 0
Drop 2 0 1
Drop 1 0 0
Drop 4 0 1
Tile:8 9 7 0
Drop 6 0 1
Tile:0 10 7 0
Drop 4 0 1
Tile:0 11 7 0
Map 12 5 1
Tile:6 13 7 0
Bonus 0 0 1
Tile:5 13 6 0
Tile:8 5 6 1
Tile:7 12 6 0
Drop 5 0 1
Destroy 12 6 0
Drop 4 0 1
Drop 0 0 0
Tile:9 9 5 1
Drop 0 0 0
Tile:9 4 4 1
Drop 0 0 0
Tile:8 6 2 1
Drop 0 0 0
Tile:10 6 9 1
Drop 0 0 0
Drop 0 0 1
GAMEOVER DRAW
# Game ended: Sat Apr 11 21:19:23 EDT 2020
