# Server version 0.08 running on 192.168.2.221:8123
# Game ID: 622
# Board class: Saboteur.SaboteurBoard
# Timeout: 2000
# First Move Timeout: 30000
# Date: Sat Apr 11 20:59:41 EDT 2020
# Player 1: Player-0, 'RandomPlayer', running on 127.0.0.1
# Player 2: Player-1, '260729564', running on 127.0.0.1
START Player-0 RandomPlayer
START Player-1 260729564
BoardInit:Tile:9,Tile:9,Tile:7,Map,Tile:13,Tile:9,Tile:5,Tile:9,Tile:0,Tile:5,Tile:7,Malus,Tile:7,Tile:6,Tile:2,Tile:5,Tile:6,Tile:7,Tile:3,Tile:0,Tile:8,Destroy,Map,Tile:8,Bonus,Bonus,Tile:7,Bonus,Destroy,Bonus,Map,Tile:1,Tile:6,Tile:10,Tile:14,Tile:9,Tile:5,Tile:8,Destroy,Map,Tile:6-Tile:10,Malus,Tile:0,Map,Tile:4,Tile:0,Tile:11-Tile:8,Tile:12,Tile:15,Tile:6,Map,Tile:8,Tile:10-Tile:hidden1,Tile:hidden2,Tile:nugget
Map 12 3 1
Tile:6 4 5 0
Malus 0 0 1
Map 12 3 0
Tile:0 6 5 1
Drop 2 0 0
Tile:0 7 5 1
Map 12 5 0
Tile:9_flip 8 5 1
Drop 1 0 0
Tile:7_flip 8 6 1
Drop 4 0 0
Tile:0 9 6 1
Malus 0 0 0
Drop 1 0 1
Drop 0 0 0
Drop 1 0 1
Drop 5 0 0
Drop 1 0 1
Drop 3 0 0
Drop 4 0 1
Drop 2 0 0
Drop 5 0 1
Drop 1 0 0
Drop 6 0 1
Destroy 7 5 0
Bonus 0 0 1
Drop 0 0 0
Tile:8 7 5 1
Drop 2 0 0
Tile:6 10 6 1
Bonus 0 0 0
Map 12 5 1
Tile:5 5 4 0
Tile:6 11 6 1
Drop 5 0 0
Tile:5_flip 12 6 1
Tile:9_flip 7 4 0
Tile:5_flip 13 5 1
Tile:10 4 4 0
Tile:7_flip 5 6 1
Drop 6 0 0
Tile:6_flip 11 5 1
Tile:0 6 4 0
Tile:7 6 6 1
Tile:8 12 4 0
Tile:7_flip 11 4 1
Tile:5 11 3 0
Tile:10 12 2 1
Tile:8 3 5 0
Destroy 11 3 1
Drop 0 0 0
Destroy 12 2 1
Drop 0 0 0
Drop 0 0 1
GAMEOVER DRAW
# Game ended: Sat Apr 11 20:59:44 EDT 2020
