# Server version 0.08 running on 192.168.2.221:8123
# Game ID: 1158
# Board class: Saboteur.SaboteurBoard
# Timeout: 2000
# First Move Timeout: 30000
# Date: Sat Apr 11 21:36:07 EDT 2020
# Player 1: Player-0, 'RandomPlayer', running on 127.0.0.1
# Player 2: Player-1, '260729564', running on 127.0.0.1
START Player-0 RandomPlayer
START Player-1 260729564
BoardInit:Tile:8,Map,Map,Tile:6,Map,Tile:9,Tile:4,Tile:7,Tile:9,Tile:5,Tile:5,Tile:11,Tile:6,Bonus,Tile:5,Bonus,Tile:13,Bonus,Tile:7,Bonus,Tile:9,Tile:0,Tile:2,Map,Destroy,Tile:0,Malus,Tile:10,Tile:7,Tile:6,Tile:14,Tile:3,Tile:5,Tile:7,Map,Destroy,Tile:10,Tile:10,Tile:8,Tile:1,Tile:12-Tile:9,Tile:6,Tile:8,Map,Tile:8,Destroy,Tile:6-Tile:15,Tile:7,Tile:0,Malus,Tile:8,Tile:9,Tile:0-Tile:hidden2,Tile:nugget,Tile:hidden1
Map 12 3 1
Drop 3 0 0
Tile:8 6 5 1
Tile:0 4 5 0
Map 12 5 1
Tile:7_flip 3 5 0
Tile:8 7 5 1
Tile:9 6 4 0
Tile:8 8 5 1
Tile:8 6 3 0
Tile:6 9 5 1
Tile:6 5 6 0
Tile:6 10 5 1
Tile:11_flip 7 4 0
Tile:6 11 5 1
GAMEOVER WINNER 1
# Game ended: Sat Apr 11 21:36:07 EDT 2020
