# Server version 0.08 running on 192.168.2.221:8123
# Game ID: 1361
# Board class: Saboteur.SaboteurBoard
# Timeout: 2000
# First Move Timeout: 30000
# Date: Sat Apr 11 22:02:03 EDT 2020
# Player 1: Player-0, '260729564', running on 127.0.0.1
# Player 2: Player-1, 'RandomPlayer', running on 127.0.0.1
START Player-0 260729564
START Player-1 RandomPlayer
BoardInit:Map,Tile:14,Map,Tile:5,Malus,Tile:6,Map,Tile:6,Tile:5,Tile:5,Tile:6,Tile:8,Bonus,Destroy,Tile:4,Bonus,Tile:5,Tile:7,Tile:8,Tile:11,Map,Map,Tile:12,Tile:15,Tile:9,Tile:3,Tile:0,Tile:8,Tile:7,Destroy,Tile:10,Tile:9,Tile:7,Tile:10,Tile:9,Tile:2,Tile:7,Bonus,Map,Tile:6,Bonus-Destroy,Tile:9,Tile:8,Tile:1,Tile:0,Tile:8,Tile:6-Tile:7,Malus,Tile:0,Tile:10,Tile:0,Tile:9,Tile:13-Tile:nugget,Tile:hidden2,Tile:hidden1
Tile:6 4 5 1
Malus 0 0 0
Drop 5 0 1
Tile:0 6 5 0
Map 12 3 1
Tile:0 7 5 0
Map 12 7 1
Tile:6 8 5 0
Drop 3 0 1
Tile:6 9 5 0
Destroy 6 5 1
Tile:10 5 4 0
Drop 6 0 1
Tile:8 6 5 0
Bonus 0 0 1
Tile:9_flip 10 5 0
Tile:5 3 5 1
Tile:7_flip 10 6 0
Tile:5 8 4 1
Tile:5_flip 11 6 0
Tile:4 4 4 1
Tile:5 11 5 0
Tile:9_flip 3 6 1
Map 12 3 0
Tile:12 13 5 1
Tile:7 12 4 0
Tile:8 3 7 1
Destroy 11 5 0
Tile:9 11 4 1
Tile:8 9 4 0
Drop 3 0 1
Destroy 12 4 0
Tile:7 11 3 1
Tile:9_flip 10 4 0
Tile:7 12 4 1
Tile:10 9 3 0
Tile:9 10 3 1
Drop 0 0 0
Tile:7 5 3 1
Drop 0 0 0
Drop 4 0 1
Tile:6_flip 10 2 0
Tile:0 4 3 1
Drop 1 0 0
Drop 4 0 1
Drop 1 0 0
Map 12 7 1
Drop 1 0 0
Tile:10 12 6 1
Drop 1 0 0
Drop 0 0 1
Drop 1 0 0
Map 12 3 1
Drop 0 0 0
Drop 0 0 1
GAMEOVER DRAW
# Game ended: Sat Apr 11 22:02:03 EDT 2020
