# Server version 0.08 running on 192.168.2.221:8123
# Game ID: 448
# Board class: Saboteur.SaboteurBoard
# Timeout: 2000
# First Move Timeout: 30000
# Date: Sat Apr 11 20:36:07 EDT 2020
# Player 1: Player-0, 'RandomPlayer', running on 127.0.0.1
# Player 2: Player-1, '260729564', running on 127.0.0.1
START Player-0 RandomPlayer
START Player-1 260729564
BoardInit:Tile:2,Tile:0,Tile:6,Bonus,Tile:8,Tile:5,Tile:9,Destroy,Tile:0,Tile:15,Destroy,Tile:8,Tile:7,Tile:9,Bonus,Destroy,Tile:9,Map,Tile:3,Malus,Tile:8,Tile:5,Tile:1,Tile:7,Tile:6,Tile:10,Tile:9,Tile:14,Tile:5,Tile:4,Tile:7,Tile:8,Map,Tile:6,Bonus,Bonus,Tile:5,Tile:6,Tile:6,Tile:10,Map-Tile:8,Tile:13,Tile:0,Tile:9,Map,Tile:7,Tile:12-Tile:7,Tile:10,Tile:0,Tile:11,Malus,Map,Map-Tile:hidden2,Tile:hidden1,Tile:nugget
Map 12 3 1
Drop 3 0 0
Tile:8 6 5 1
Drop 1 0 0
Tile:9_flip 7 5 1
Tile:0 4 5 0
Tile:8 7 4 1
Tile:5 6 4 0
Tile:9_flip 8 4 1
Map 12 3 0
Tile:6_flip 8 3 1
Tile:15 5 4 0
Tile:0 9 3 1
Tile:0 10 3 0
Tile:0 11 3 1
Tile:9_flip 5 6 0
Tile:7 13 3 1
Tile:8 12 4 0
Tile:9 12 6 1
GAMEOVER WINNER 1
# Game ended: Sat Apr 11 20:36:08 EDT 2020
