# Server version 0.08 running on 192.168.2.221:8123
# Game ID: 1077
# Board class: Saboteur.SaboteurBoard
# Timeout: 2000
# First Move Timeout: 30000
# Date: Sat Apr 11 21:32:29 EDT 2020
# Player 1: Player-0, '260729564', running on 127.0.0.1
# Player 2: Player-1, 'RandomPlayer', running on 127.0.0.1
START Player-0 260729564
START Player-1 RandomPlayer
BoardInit:Tile:11,Tile:9,Tile:2,Tile:9,Map,Tile:8,Tile:3,Tile:6,Tile:7,Map,Bonus,Malus,Tile:5,Bonus,Tile:7,Tile:0,Tile:10,Tile:6,Tile:0,Tile:10,Tile:5,Tile:9,Tile:15,Map,Tile:8,Destroy,Malus,Tile:10,Tile:6,Tile:6,Bonus,Tile:8,Tile:7,Destroy,Map,Tile:4,Tile:7,Tile:5,Tile:6,Tile:1,Bonus-Tile:13,Tile:8,Tile:0,Tile:5,Map,Tile:7,Tile:14-Tile:0,Tile:8,Tile:9,Tile:9,Tile:12,Map,Destroy-Tile:nugget,Tile:hidden2,Tile:hidden1
Tile:7_flip 5 6 1
Map 12 3 0
Tile:14 6 5 1
Tile:8 5 4 0
Tile:0 4 5 1
Tile:9_flip 6 4 0
Map 12 5 1
Tile:8 6 3 0
Tile:2 5 3 1
Tile:9_flip 7 3 0
Tile:7 6 2 1
Tile:9 7 2 0
Drop 2 0 1
Malus 0 0 0
Map 12 7 1
Tile:6_flip 8 2 0
Drop 1 0 1
Tile:9_flip 9 2 0
Drop 3 0 1
Tile:6 9 3 0
Drop 2 0 1
Tile:0 10 3 0
Drop 0 0 1
Tile:0 11 3 0
GAMEOVER WINNER 0
# Game ended: Sat Apr 11 21:32:30 EDT 2020
