# Server version 0.08 running on 192.168.2.221:8123
# Game ID: 638
# Board class: Saboteur.SaboteurBoard
# Timeout: 2000
# First Move Timeout: 30000
# Date: Sat Apr 11 21:00:43 EDT 2020
# Player 1: Player-0, 'RandomPlayer', running on 127.0.0.1
# Player 2: Player-1, '260729564', running on 127.0.0.1
START Player-0 RandomPlayer
START Player-1 260729564
BoardInit:Tile:5,Malus,Tile:7,Bonus,Bonus,Tile:8,Tile:8,Destroy,Tile:15,Malus,Map,Tile:8,Tile:11,Tile:5,Tile:9,Tile:7,Tile:3,Tile:12,Destroy,Tile:0,Tile:5,Tile:5,Tile:14,Tile:4,Tile:13,Map,Tile:1,Tile:9,Tile:8,Tile:10,Tile:9,Destroy,Tile:10,Tile:0,Tile:6,Tile:7,Tile:10,Tile:9,Tile:9,Bonus,Tile:7-Tile:6,Tile:8,Map,Tile:6,Tile:2,Map,Map-Bonus,Tile:0,Tile:0,Tile:7,Map,Tile:6,Tile:6-Tile:nugget,Tile:hidden2,Tile:hidden1
Map 12 3 1
Map 12 7 0
Tile:8 5 4 1
Drop 1 0 0
Tile:6 6 4 1
Tile:6_flip 4 5 0
Tile:6 7 4 1
Tile:7_flip 5 6 0
Tile:8 8 4 1
Destroy 7 4 0
Tile:5 6 3 1
Tile:6_flip 7 4 0
Tile:7 9 4 1
Malus 0 0 0
Bonus 0 0 1
Drop 3 0 0
Tile:9 9 5 1
Tile:0 7 3 0
Drop 0 0 1
Tile:5_flip 9 6 0
Drop 0 0 1
Tile:7 6 6 0
Tile:5_flip 10 5 1
Tile:12_flip 4 4 0
Drop 0 0 1
Tile:8 6 7 0
Drop 0 0 1
Tile:4_flip 6 8 0
Drop 0 0 1
Tile:0 5 7 0
Tile:8 8 3 1
Tile:9 10 4 0
Tile:9_flip 11 4 1
Tile:10 5 3 0
Tile:10 10 3 1
Destroy 8 4 0
Tile:6 8 4 1
Tile:5 8 6 0
Tile:10 10 2 1
Tile:9_flip 10 1 0
Tile:9_flip 8 2 1
Drop 4 0 0
Tile:7_flip 11 5 1
Map 12 7 0
Destroy 11 5 1
Drop 0 0 0
Drop 0 0 1
Tile:7_flip 11 5 0
Drop 0 0 1
Malus 0 0 0
Drop 0 0 1
Drop 0 0 0
Drop 0 0 1
Drop 0 0 0
Drop 0 0 1
GAMEOVER DRAW
# Game ended: Sat Apr 11 21:00:44 EDT 2020
