# Server version 0.08 running on 192.168.2.221:8123
# Game ID: 388
# Board class: Saboteur.SaboteurBoard
# Timeout: 2000
# First Move Timeout: 30000
# Date: Sat Apr 11 20:32:30 EDT 2020
# Player 1: Player-0, 'RandomPlayer', running on 127.0.0.1
# Player 2: Player-1, '260729564', running on 127.0.0.1
START Player-0 RandomPlayer
START Player-1 260729564
BoardInit:Tile:2,Tile:8,Tile:11,Tile:7,Tile:8,Bonus,Tile:13,Tile:8,Tile:10,Bonus,Bonus,Tile:15,Tile:0,Tile:8,Tile:1,Tile:7,Tile:5,Map,Tile:6,Malus,Tile:14,Tile:7,Tile:5,Tile:4,Destroy,Map,Tile:5,Tile:9,Tile:10,Tile:9,Map,Map,Map,Tile:0,Tile:9,Destroy,Tile:5,Tile:6,Malus,Tile:6,Tile:6-Tile:0,Destroy,Tile:0,Tile:10,Tile:8,Tile:9,Tile:12-Tile:9,Bonus,Map,Tile:7,Tile:7,Tile:3,Tile:6-Tile:hidden2,Tile:hidden1,Tile:nugget
Tile:8 6 5 1
Tile:6 7 5 0
Tile:9_flip 8 5 1
Tile:7 5 4 0
Tile:10 8 4 1
Tile:3_flip 5 6 0
Tile:8 8 6 1
Tile:7 8 3 0
Tile:0 9 6 1
Tile:8 7 3 0
Tile:0 10 6 1
Tile:9_flip 7 2 0
Tile:10 8 7 1
Drop 6 0 0
Tile:0 11 6 1
Tile:8 4 5 0
Drop 1 0 1
Drop 1 0 0
Tile:5_flip 12 6 1
Drop 1 0 0
Tile:6 13 5 1
Tile:7 12 4 0
Destroy 12 4 1
Tile:7 12 4 0
Tile:5 11 4 1
Malus 0 0 0
Bonus 0 0 1
Tile:8 4 4 0
Tile:5 13 4 1
Tile:4 4 3 0
Tile:10 7 4 1
Map 12 3 0
Map 12 3 1
Tile:9_flip 4 6 0
Destroy 12 4 1
Drop 3 0 0
Tile:9_flip 12 4 1
Tile:0 6 2 0
Tile:5 7 6 1
Destroy 7 3 0
Malus 0 0 1
Drop 2 0 0
GAMEOVER TIMEOUT WINNER 0
# Game ended: Sat Apr 11 20:32:36 EDT 2020
