# Server version 0.08 running on 192.168.2.221:8123
# Game ID: 647
# Board class: Saboteur.SaboteurBoard
# Timeout: 2000
# First Move Timeout: 30000
# Date: Sat Apr 11 21:01:05 EDT 2020
# Player 1: Player-0, '260729564', running on 127.0.0.1
# Player 2: Player-1, 'RandomPlayer', running on 127.0.0.1
START Player-0 260729564
START Player-1 RandomPlayer
BoardInit:Tile:9,Tile:7,Tile:2,Tile:5,Tile:7,Tile:8,Tile:7,Map,Tile:13,Tile:14,Tile:8,Tile:4,Tile:0,Tile:1,Tile:6,Tile:0,Tile:0,Bonus,Malus,Bonus,Tile:10,Tile:10,Tile:9,Map,Tile:8,Tile:6,Destroy,Tile:9,Destroy,Map,Destroy,Malus,Tile:5,Tile:5,Tile:6,Tile:0,Tile:7,Map,Tile:12,Tile:11,Tile:15-Tile:6,Tile:3,Tile:5,Map,Tile:6,Tile:8,Tile:8-Map,Bonus,Tile:9,Tile:7,Tile:10,Bonus,Tile:9-Tile:hidden1,Tile:nugget,Tile:hidden2
Tile:8 4 5 1
Map 12 3 0
Tile:5_flip 5 6 1
Tile:9_flip 6 5 0
Tile:3_flip 3 5 1
Tile:10 6 6 0
Tile:6_flip 6 4 1
Tile:8 7 4 0
Tile:6_flip 7 3 1
Map 12 5 0
Tile:7_flip 7 5 1
Tile:9_flip 8 4 0
Tile:7_flip 6 7 1
Tile:7 7 7 0
Tile:2_flip 8 5 1
Tile:5 5 4 0
Tile:0 9 5 1
Tile:0 6 3 0
Tile:6 5 3 1
Tile:7_flip 7 8 0
Tile:9_flip 10 5 1
Drop 1 0 0
Tile:8 8 3 1
Tile:10 8 2 0
Tile:8 10 4 1
Drop 1 0 0
Tile:10 10 3 1
Tile:6 8 8 0
Tile:9_flip 8 1 1
Tile:9_flip 9 3 0
Tile:8 7 1 1
Drop 1 0 0
Destroy 10 3 1
Malus 0 0 0
Destroy 8 5 1
Tile:5 10 3 0
Destroy 7 4 1
Tile:0 9 8 0
Map 12 7 1
Drop 1 0 0
Drop 4 0 1
Drop 1 0 0
Drop 5 0 1
Drop 1 0 0
Drop 4 0 1
Drop 1 0 0
Drop 3 0 1
Drop 1 0 0
Drop 2 0 1
Drop 1 0 0
Drop 0 0 1
Drop 1 0 0
Drop 1 0 1
Drop 0 0 0
Drop 0 0 1
GAMEOVER DRAW
# Game ended: Sat Apr 11 21:01:06 EDT 2020
