# Server version 0.08 running on 192.168.2.221:8123
# Game ID: 81
# Board class: Saboteur.SaboteurBoard
# Timeout: 2000
# First Move Timeout: 30000
# Date: Sat Apr 11 16:15:12 EDT 2020
# Player 1: Player-0, '260729564', running on 127.0.0.1
# Player 2: Player-1, 'RandomPlayer', running on 127.0.0.1
START Player-0 260729564
START Player-1 RandomPlayer
BoardInit:Tile:6,Tile:5,Tile:0,Map,Tile:12,Tile:9,Tile:10,Tile:3,Tile:7,Tile:0,Tile:8,Tile:1,Tile:0,Destroy,Map,Tile:10,Bonus,Tile:11,Bonus,Destroy,Tile:4,Map,Tile:9,Tile:7,Bonus,Tile:5,Destroy,Tile:7,Tile:5,Map,Tile:2,Tile:13,Tile:15,Tile:14,Tile:10,Map,Tile:8,Malus,Tile:8,Bonus,Tile:9-Tile:9,Tile:7,Map,Tile:6,Tile:5,Tile:0,Tile:6-Tile:8,Tile:6,Tile:9,Tile:8,Tile:7,Malus,Tile:6-Tile:hidden1,Tile:hidden2,Tile:nugget
Tile:6 6 5 1
Malus 0 0 0
Map 12 3 1
Tile:8 7 5 0
Drop 4 0 1
Map 12 3 0
Drop 5 0 1
Tile:8 8 5 0
Drop 1 0 1
Tile:9_flip 9 5 0
Drop 4 0 1
Tile:9 9 4 0
Drop 0 0 1
Tile:6 10 4 0
Drop 0 0 1
Tile:6 11 4 0
Map 12 7 1
Tile:10 9 6 0
Drop 3 0 1
Tile:0 12 4 0
Drop 4 0 1
Tile:5_flip 13 4 0
Drop 5 0 1
Map 12 5 0
Drop 5 0 1
Tile:7_flip 9 7 0
Drop 5 0 1
Tile:5_flip 10 7 0
Drop 5 0 1
Tile:7_flip 7 6 0
Bonus 0 0 1
Tile:7_flip 5 6 0
Destroy 9 6 1
Destroy 12 4 0
Tile:10 10 6 1
Drop 0 0 0
Tile:10 10 3 1
Drop 0 0 0
Tile:6 8 6 1
Malus 0 0 0
Drop 2 0 1
Drop 0 0 0
Drop 0 0 1
Drop 1 0 0
Drop 4 0 1
Drop 1 0 0
Drop 2 0 1
Drop 1 0 0
Drop 0 0 1
Drop 1 0 0
Drop 0 0 1
Destroy 8 6 0
Drop 1 0 1
Drop 0 0 0
Drop 0 0 1
GAMEOVER DRAW
# Game ended: Sat Apr 11 16:15:12 EDT 2020
