# Server version 0.08 running on 192.168.2.221:8123
# Game ID: 461
# Board class: Saboteur.SaboteurBoard
# Timeout: 2000
# First Move Timeout: 30000
# Date: Sat Apr 11 20:39:14 EDT 2020
# Player 1: Player-0, '260729564', running on 127.0.0.1
# Player 2: Player-1, 'RandomPlayer', running on 127.0.0.1
START Player-0 260729564
START Player-1 RandomPlayer
BoardInit:Malus,Tile:7,Map,Tile:7,Map,Tile:11,Tile:15,Tile:13,Tile:4,Tile:8,Map,Tile:5,Tile:9,Tile:6,Tile:6,Tile:2,Tile:1,Bonus,Bonus,Tile:8,Tile:10,Tile:3,Tile:5,Map,Destroy,Tile:0,Tile:5,Map,Tile:7,Tile:9,Tile:9,Tile:8,Tile:5,Tile:12,Tile:10,Bonus,Tile:10,Tile:9,Bonus,Tile:0,Tile:6-Tile:8,Tile:0,Tile:9,Map,Tile:7,Tile:14,Destroy-Destroy,Tile:8,Tile:6,Tile:0,Tile:6,Tile:7,Malus-Tile:hidden1,Tile:nugget,Tile:hidden2
Tile:9_flip 5 6 1
Malus 0 0 0
Drop 1 0 1
Tile:8 6 5 0
Drop 1 0 1
Tile:6 7 5 0
Drop 2 0 1
Tile:0 8 5 0
Drop 0 0 1
Tile:6 9 5 0
Destroy 5 6 1
Tile:8 10 5 0
Malus 0 0 1
Drop 4 0 0
Drop 4 0 1
Drop 4 0 0
Map 12 5 1
Drop 6 0 0
Drop 1 0 1
Bonus 0 0 0
Drop 6 0 1
Tile:6 11 5 0
GAMEOVER WINNER 0
# Game ended: Sat Apr 11 20:39:14 EDT 2020
