# Server version 0.08 running on 192.168.2.221:8123
# Game ID: 1102
# Board class: Saboteur.SaboteurBoard
# Timeout: 2000
# First Move Timeout: 30000
# Date: Sat Apr 11 21:33:18 EDT 2020
# Player 1: Player-0, 'RandomPlayer', running on 127.0.0.1
# Player 2: Player-1, '260729564', running on 127.0.0.1
START Player-0 RandomPlayer
START Player-1 260729564
BoardInit:Malus,Map,Tile:5,Bonus,Tile:9,Tile:6,Malus,Tile:8,Bonus,Tile:10,Map,Tile:3,Tile:4,Tile:7,Destroy,Tile:15,Tile:6,Tile:9,Map,Tile:12,Tile:8,Tile:8,Tile:8,Tile:8,Tile:2,Tile:5,Map,Tile:7,Tile:10,Tile:10,Map,Tile:9,Destroy,Tile:9,Bonus,Tile:0,Bonus,Tile:6,Tile:0,Tile:0,Tile:6-Tile:0,Tile:6,Tile:9,Tile:11,Tile:7,Tile:5,Tile:5-Tile:14,Map,Tile:1,Tile:7,Destroy,Tile:13,Tile:7-Tile:hidden2,Tile:nugget,Tile:hidden1
Tile:9_flip 6 5 1
Tile:13 6 6 0
Malus 0 0 1
Map 12 3 0
Tile:6_flip 6 4 1
Drop 4 0 0
Tile:9_flip 7 4 1
Destroy 6 5 0
Malus 0 0 1
Map 12 7 0
Tile:5 5 4 1
Bonus 0 0 0
Map 12 3 1
Drop 0 0 0
Tile:7_flip 7 5 1
Drop 0 0 0
Tile:0 8 5 1
Drop 5 0 0
Tile:6 9 5 1
Drop 3 0 0
Map 12 5 1
Drop 2 0 0
Tile:8 10 5 1
Drop 0 0 0
Tile:8 11 5 1
GAMEOVER WINNER 1
# Game ended: Sat Apr 11 21:33:19 EDT 2020
