# Server version 0.08 running on 192.168.2.221:8123
# Game ID: 691
# Board class: Saboteur.SaboteurBoard
# Timeout: 2000
# First Move Timeout: 30000
# Date: Sat Apr 11 21:06:29 EDT 2020
# Player 1: Player-0, '260729564', running on 127.0.0.1
# Player 2: Player-1, 'RandomPlayer', running on 127.0.0.1
START Player-0 260729564
START Player-1 RandomPlayer
BoardInit:Destroy,Tile:5,Tile:8,Tile:6,Destroy,Map,Malus,Tile:14,Tile:7,Bonus,Tile:10,Tile:9,Tile:5,Tile:0,Tile:0,Tile:10,Tile:4,Tile:8,Tile:8,Malus,Tile:6,Tile:0,Tile:7,Map,Tile:8,Tile:6,Tile:7,Map,Destroy,Tile:15,Bonus,Tile:11,Tile:9,Tile:7,Tile:13,Map,Tile:5,Bonus,Tile:3,Tile:5,Tile:9-Map,Tile:10,Tile:1,Map,Tile:2,Tile:9,Tile:12-Tile:9,Tile:6,Tile:8,Tile:7,Tile:0,Bonus,Tile:6-Tile:hidden1,Tile:hidden2,Tile:nugget
Tile:9_flip 5 6 1
Tile:8 6 5 0
Tile:2 4 5 1
Tile:6 7 5 0
Tile:8 6 4 1
Tile:0 8 5 0
Drop 2 0 1
Map 12 3 0
Drop 0 0 1
Tile:6 9 5 0
Destroy 7 5 1
Tile:6 7 4 0
Tile:7 6 3 1
Tile:5_flip 8 4 0
Tile:12_flip 3 5 1
Tile:0 7 5 0
Destroy 4 5 1
Tile:9_flip 10 5 0
Tile:10 6 6 1
Tile:8 10 4 0
Map 12 3 1
Malus 0 0 0
Drop 3 0 1
Tile:0 11 4 0
Drop 5 0 1
Map 12 5 0
Drop 0 0 1
Tile:6 10 6 0
Drop 5 0 1
Tile:10 6 7 0
Destroy 7 4 1
Tile:9_flip 12 4 0
Drop 4 0 1
Tile:7_flip 12 6 0
Drop 0 0 1
Tile:7_flip 11 3 0
Drop 4 0 1
Drop 1 0 0
Drop 6 0 1
Drop 1 0 0
Drop 2 0 1
Tile:5_flip 13 6 0
Drop 0 0 1
Drop 1 0 0
Drop 4 0 1
Drop 1 0 0
Drop 2 0 1
Drop 1 0 0
Drop 0 0 1
Drop 1 0 0
Drop 0 0 1
Drop 1 0 0
Drop 1 0 1
Drop 0 0 0
Drop 0 0 1
GAMEOVER DRAW
# Game ended: Sat Apr 11 21:06:30 EDT 2020
