# Server version 0.08 running on 192.168.2.221:8123
# Game ID: 862
# Board class: Saboteur.SaboteurBoard
# Timeout: 2000
# First Move Timeout: 30000
# Date: Sat Apr 11 21:17:50 EDT 2020
# Player 1: Player-0, 'RandomPlayer', running on 127.0.0.1
# Player 2: Player-1, '260729564', running on 127.0.0.1
START Player-0 RandomPlayer
START Player-1 260729564
BoardInit:Tile:0,Bonus,Tile:6,Map,Destroy,Tile:12,Map,Map,Tile:5,Bonus,Tile:8,Tile:0,Tile:6,Tile:13,Tile:9,Tile:3,Map,Destroy,Tile:8,Tile:6,Destroy,Tile:11,Tile:9,Map,Tile:8,Tile:5,Tile:15,Tile:5,Tile:7,Tile:5,Tile:10,Tile:7,Tile:6,Tile:9,Tile:1,Tile:10,Tile:6,Tile:0,Malus,Tile:0,Bonus-Tile:9,Map,Tile:4,Tile:2,Tile:7,Malus,Tile:14-Tile:8,Tile:8,Tile:7,Tile:9,Tile:7,Bonus,Tile:10-Tile:hidden2,Tile:nugget,Tile:hidden1
Map 12 3 1
Tile:7_flip 5 6 0
Malus 0 0 1
Bonus 0 0 0
Tile:0 6 6 1
Tile:7 7 6 0
Tile:6 7 7 1
Tile:12 8 7 0
Map 12 5 1
Map 12 3 0
Tile:5_flip 6 5 1
Map 12 7 0
Tile:8 6 4 1
Drop 0 0 0
Tile:6 7 4 1
Tile:9_flip 8 4 0
Tile:9 8 5 1
Tile:10 7 3 0
Tile:9_flip 9 5 1
Tile:0 6 7 0
Tile:8 9 6 1
Tile:3_flip 9 7 0
Tile:7 10 6 1
Tile:13 10 7 0
Tile:9 9 4 1
Drop 4 0 0
Tile:8 10 4 1
Tile:11_flip 11 7 0
Destroy 11 7 1
Tile:8 5 4 0
Tile:7 11 4 1
Destroy 8 7 0
Tile:10 10 3 1
Map 12 3 0
Tile:6 11 5 1
GAMEOVER WINNER 1
# Game ended: Sat Apr 11 21:17:50 EDT 2020
