# Server version 0.08 running on 192.168.2.221:8123
# Game ID: 234
# Board class: Saboteur.SaboteurBoard
# Timeout: 2000
# First Move Timeout: 30000
# Date: Sat Apr 11 20:11:48 EDT 2020
# Player 1: Player-0, 'RandomPlayer', running on 127.0.0.1
# Player 2: Player-1, '260729564', running on 127.0.0.1
START Player-0 RandomPlayer
START Player-1 260729564
BoardInit:Tile:6,Tile:3,Tile:5,Tile:6,Destroy,Tile:6,Tile:6,Map,Tile:8,Tile:7,Tile:0,Tile:7,Tile:10,Tile:7,Tile:2,Tile:11,Bonus,Tile:8,Map,Tile:9,Tile:1,Tile:7,Destroy,Tile:12,Malus,Tile:10,Tile:14,Tile:15,Tile:9,Tile:9,Map,Tile:5,Tile:9,Tile:13,Tile:0,Malus,Destroy,Map,Map,Bonus,Bonus-Tile:4,Tile:8,Tile:5,Map,Tile:8,Tile:0,Tile:8-Tile:0,Tile:9,Bonus,Tile:6,Tile:10,Tile:5,Tile:7-Tile:hidden1,Tile:hidden2,Tile:nugget
Map 12 3 1
Tile:7 5 4 0
Tile:8 6 5 1
Tile:0 4 5 0
Tile:8 7 5 1
Tile:9 7 4 0
Tile:8 8 4 1
Tile:6_flip 3 5 0
Tile:0 9 4 1
Tile:10 7 6 0
Tile:8 10 4 1
Tile:5_flip 6 6 0
Tile:6 11 4 1
Tile:6 2 5 0
Tile:6_flip 12 4 1
Tile:6_flip 7 3 0
Tile:10 12 6 1
GAMEOVER WINNER 1
# Game ended: Sat Apr 11 20:11:48 EDT 2020
