# Server version 0.08 running on 192.168.2.221:8123
# Game ID: 1164
# Board class: Saboteur.SaboteurBoard
# Timeout: 2000
# First Move Timeout: 30000
# Date: Sat Apr 11 21:36:41 EDT 2020
# Player 1: Player-0, 'RandomPlayer', running on 127.0.0.1
# Player 2: Player-1, '260729564', running on 127.0.0.1
START Player-0 RandomPlayer
START Player-1 260729564
BoardInit:Tile:0,Tile:5,Malus,Tile:6,Tile:7,Destroy,Map,Tile:9,Tile:3,Tile:7,Tile:8,Tile:14,Tile:9,Tile:8,Tile:7,Tile:11,Map,Map,Destroy,Tile:5,Tile:13,Bonus,Malus,Map,Bonus,Tile:6,Tile:8,Tile:6,Tile:4,Tile:0,Tile:0,Tile:12,Tile:5,Tile:2,Tile:7,Tile:0,Destroy,Tile:6,Tile:1,Map,Tile:6-Tile:10,Tile:5,Tile:8,Tile:8,Map,Tile:10,Tile:9-Tile:9,Tile:7,Tile:15,Tile:10,Tile:9,Bonus,Bonus-Tile:hidden1,Tile:hidden2,Tile:nugget
Map 12 3 1
Tile:7 6 5 0
Tile:8 6 6 1
Tile:9_flip 5 4 0
Malus 0 0 1
Drop 0 0 0
Tile:8 7 6 1
Drop 1 0 0
Map 12 5 1
Drop 1 0 0
Tile:0 8 6 1
Drop 3 0 0
Tile:8 9 6 1
Drop 0 0 0
Tile:5_flip 10 6 1
Destroy 10 6 0
Tile:9_flip 10 6 1
Drop 1 0 0
Tile:10 10 7 1
Map 12 7 0
Tile:10 10 8 1
Drop 2 0 0
Tile:9 10 5 1
Drop 5 0 0
Malus 0 0 1
Drop 0 0 0
Tile:7 11 5 1
Map 12 5 0
Tile:8 10 9 1
Drop 6 0 0
Tile:7_flip 11 6 1
Drop 1 0 0
Tile:0 12 6 1
Drop 4 0 0
Tile:5_flip 13 6 1
Drop 0 0 0
Tile:7 11 9 1
Drop 4 0 0
Destroy 11 5 1
Drop 0 0 0
Destroy 12 6 1
Drop 2 0 0
Tile:6_flip 11 5 1
Map 12 3 0
Drop 0 0 1
Drop 3 0 0
Drop 0 0 1
Drop 1 0 0
Drop 0 0 1
Drop 2 0 0
Drop 1 0 1
Drop 0 0 0
Drop 1 0 1
Drop 0 0 0
Drop 0 0 1
GAMEOVER DRAW
# Game ended: Sat Apr 11 21:36:42 EDT 2020
