# Server version 0.08 running on 192.168.2.221:8123
# Game ID: 627
# Board class: Saboteur.SaboteurBoard
# Timeout: 2000
# First Move Timeout: 30000
# Date: Sat Apr 11 21:00:05 EDT 2020
# Player 1: Player-0, '260729564', running on 127.0.0.1
# Player 2: Player-1, 'RandomPlayer', running on 127.0.0.1
START Player-0 260729564
START Player-1 RandomPlayer
BoardInit:Bonus,Tile:8,Tile:9,Bonus,Tile:12,Tile:8,Tile:8,Tile:5,Tile:11,Tile:0,Tile:0,Tile:6,Destroy,Map,Tile:2,Tile:0,Tile:8,Tile:1,Tile:5,Bonus,Malus,Map,Tile:0,Destroy,Tile:4,Tile:6,Tile:9,Tile:14,Tile:10,Tile:9,Tile:8,Map,Tile:13,Tile:6,Destroy,Malus,Map,Tile:3,Tile:7,Tile:7,Tile:5-Tile:6,Tile:6,Tile:5,Tile:7,Tile:10,Map,Tile:7-Tile:10,Tile:9,Bonus,Map,Tile:9,Tile:15,Tile:7-Tile:nugget,Tile:hidden2,Tile:hidden1
Tile:7 5 4 1
Map 12 3 0
Tile:6 6 5 1
Tile:8 7 5 0
Tile:7 7 4 1
Tile:9_flip 8 5 0
Tile:9 8 4 1
Tile:8 9 4 0
Map 12 7 1
Tile:9_flip 10 4 0
Drop 5 0 1
Tile:10 10 3 0
Tile:5 6 4 1
Tile:6_flip 10 2 0
Tile:0 11 2 1
Tile:0 12 2 0
Tile:11 4 4 1
Tile:0 13 2 0
Tile:2_flip 5 6 1
Tile:7_flip 10 5 0
Tile:10 9 5 1
Tile:5_flip 11 5 0
Drop 5 0 1
Drop 1 0 0
Destroy 10 3 1
Destroy 11 5 0
Drop 3 0 1
Tile:6 11 5 0
Tile:12 13 5 1
Drop 1 0 0
Tile:4_flip 7 6 1
Tile:9 12 4 0
GAMEOVER WINNER 0
# Game ended: Sat Apr 11 21:00:06 EDT 2020
