# Server version 0.08 running on 192.168.2.221:8123
# Game ID: 976
# Board class: Saboteur.SaboteurBoard
# Timeout: 2000
# First Move Timeout: 30000
# Date: Sat Apr 11 21:22:49 EDT 2020
# Player 1: Player-0, 'RandomPlayer', running on 127.0.0.1
# Player 2: Player-1, '260729564', running on 127.0.0.1
START Player-0 RandomPlayer
START Player-1 260729564
BoardInit:Tile:8,Tile:7,Tile:7,Tile:2,Tile:7,Malus,Tile:9,Destroy,Bonus,Tile:13,Tile:9,Tile:9,Map,Tile:15,Map,Tile:12,Tile:14,Tile:0,Tile:7,Tile:8,Tile:10,Map,Tile:3,Map,Bonus,Tile:5,Map,Tile:11,Tile:10,Tile:8,Tile:6,Destroy,Tile:0,Tile:6,Tile:8,Tile:8,Bonus,Tile:0,Tile:5,Bonus,Tile:0-Tile:7,Tile:6,Tile:6,Map,Malus,Tile:4,Tile:1-Tile:6,Tile:10,Tile:9,Tile:9,Tile:5,Tile:5,Destroy-Tile:hidden2,Tile:hidden1,Tile:nugget
Map 12 3 1
Tile:9 4 5 0
Malus 0 0 1
Drop 1 0 0
Tile:8 6 5 1
Drop 0 0 0
Tile:6 7 5 1
Drop 2 0 0
Tile:9_flip 8 5 1
Drop 3 0 0
Tile:6 8 6 1
Destroy 4 5 0
Tile:9_flip 9 6 1
Drop 5 0 0
Map 12 5 1
Drop 2 0 0
Tile:7_flip 9 7 1
Drop 5 0 0
Tile:7 10 7 1
Destroy 6 5 0
Tile:7_flip 5 6 1
Drop 2 0 0
Tile:10 5 4 1
Map 12 7 0
Tile:7 6 6 1
Drop 4 0 0
Drop 0 0 1
Drop 3 0 0
Drop 0 0 1
Drop 4 0 0
Tile:10 6 7 1
Drop 0 0 0
Tile:6 6 8 1
Destroy 9 6 0
Tile:0 7 8 1
Drop 3 0 0
Tile:8 8 8 1
Drop 3 0 0
Drop 1 0 1
Drop 6 0 0
Tile:5 7 6 1
Drop 4 0 0
Tile:0 9 8 1
Bonus 0 0 0
Drop 1 0 1
Tile:8 5 3 0
Drop 1 0 1
Tile:8 4 3 0
Drop 1 0 1
Tile:8 4 5 0
Drop 1 0 1
Tile:9_flip 6 3 0
Drop 1 0 1
Drop 0 0 0
Drop 0 0 1
GAMEOVER DRAW
# Game ended: Sat Apr 11 21:22:49 EDT 2020
