# Server version 0.08 running on 192.168.2.221:8123
# Game ID: 1076
# Board class: Saboteur.SaboteurBoard
# Timeout: 2000
# First Move Timeout: 30000
# Date: Sat Apr 11 21:32:28 EDT 2020
# Player 1: Player-0, 'RandomPlayer', running on 127.0.0.1
# Player 2: Player-1, '260729564', running on 127.0.0.1
START Player-0 RandomPlayer
START Player-1 260729564
BoardInit:Tile:13,Tile:1,Tile:6,Tile:0,Bonus,Tile:10,Tile:8,Tile:6,Tile:7,Tile:6,Bonus,Tile:0,Tile:9,Tile:7,Tile:3,Map,Destroy,Tile:8,Tile:9,Map,Tile:7,Tile:5,Tile:15,Map,Destroy,Tile:10,Tile:12,Tile:6,Bonus,Tile:7,Tile:10,Tile:9,Tile:8,Tile:0,Malus,Tile:0,Map,Map,Bonus,Tile:8,Tile:7-Tile:5,Tile:9,Map,Tile:14,Tile:4,Tile:5,Tile:9-Tile:11,Malus,Tile:6,Tile:5,Tile:2,Tile:8,Destroy-Tile:nugget,Tile:hidden2,Tile:hidden1
Map 12 3 1
Tile:2_flip 4 5 0
Tile:9 5 4 1
Tile:6 3 5 0
Tile:6 6 4 1
Tile:0 6 5 0
Tile:9_flip 7 4 1
Tile:11_flip 6 3 0
Tile:8 7 5 1
Drop 0 0 0
Tile:5_flip 8 5 1
Drop 5 0 0
Tile:5 8 4 1
Tile:10 4 4 0
Tile:9_flip 9 4 1
Tile:7 4 3 0
Tile:7_flip 9 5 1
Tile:6_flip 10 5 0
Drop 0 0 1
Map 12 3 0
Tile:9 9 3 1
Drop 6 0 0
Tile:7 11 5 1
Tile:5_flip 7 6 0
Destroy 11 5 1
Destroy 7 4 0
Drop 0 0 1
Tile:8 3 3 0
Drop 0 0 1
Map 12 3 0
Drop 1 0 1
Tile:1 2 3 0
Tile:10 9 2 1
Tile:10 6 2 0
Tile:8 11 5 1
Tile:5 5 3 0
Malus 0 0 1
Drop 3 0 0
Drop 1 0 1
Map 12 3 0
Drop 1 0 1
Drop 2 0 0
Tile:7 13 5 1
Drop 1 0 0
Drop 2 0 1
Drop 3 0 0
Drop 2 0 1
Drop 0 0 0
Drop 2 0 1
Drop 2 0 0
Drop 2 0 1
Drop 0 0 0
Destroy 10 5 1
Drop 0 0 0
Drop 0 0 1
GAMEOVER DRAW
# Game ended: Sat Apr 11 21:32:28 EDT 2020
