# Server version 0.08 running on 192.168.2.221:8123
# Game ID: 192
# Board class: Saboteur.SaboteurBoard
# Timeout: 2000
# First Move Timeout: 30000
# Date: Sat Apr 11 20:07:08 EDT 2020
# Player 1: Player-0, 'RandomPlayer', running on 127.0.0.1
# Player 2: Player-1, '260729564', running on 127.0.0.1
START Player-0 RandomPlayer
START Player-1 260729564
BoardInit:Tile:5,Destroy,Tile:6,Bonus,Bonus,Tile:10,Map,Tile:6,Map,Tile:7,Tile:5,Tile:12,Tile:1,Tile:7,Tile:6,Tile:8,Tile:6,Tile:6,Tile:8,Bonus,Tile:8,Tile:3,Tile:7,Tile:10,Tile:13,Tile:2,Tile:5,Map,Tile:0,Map,Malus,Tile:9,Destroy,Destroy,Malus,Tile:0,Tile:5,Tile:9,Tile:14,Tile:7,Bonus-Tile:0,Map,Tile:15,Tile:9,Tile:10,Map,Tile:9-Tile:0,Tile:7,Tile:4,Tile:11,Tile:9,Tile:8,Tile:8-Tile:hidden1,Tile:hidden2,Tile:nugget
Map 12 3 1
Tile:11 4 5 0
Map 12 5 1
Tile:9 4 4 0
Tile:6_flip 6 5 1
Tile:4_flip 6 6 0
Tile:9_flip 7 5 1
Tile:10 7 6 0
Tile:10 7 7 1
Destroy 4 5 0
Tile:5 7 4 1
Tile:8 4 5 0
Tile:5_flip 8 4 1
Tile:8 7 8 0
Tile:9_flip 8 8 1
Tile:7 5 4 0
Tile:6 8 9 1
Tile:6 7 9 0
Tile:6 9 9 1
Tile:6_flip 6 8 0
Tile:8 10 9 1
Tile:7 4 3 0
Tile:0 11 9 1
Tile:12_flip 5 8 0
Tile:7 12 9 1
Tile:8 6 9 0
Tile:8 10 8 1
Tile:10 8 3 0
Tile:5_flip 11 8 1
Tile:7 11 7 0
Tile:0 5 9 1
Tile:3 8 2 0
Malus 0 0 1
Map 12 3 0
Destroy 11 7 1
Drop 4 0 0
Malus 0 0 1
Destroy 5 4 0
GAMEOVER TIMEOUT WINNER 0
# Game ended: Sat Apr 11 20:07:14 EDT 2020
