# Server version 0.08 running on 192.168.2.221:8123
# Game ID: 917
# Board class: Saboteur.SaboteurBoard
# Timeout: 2000
# First Move Timeout: 30000
# Date: Sat Apr 11 21:20:04 EDT 2020
# Player 1: Player-0, '260729564', running on 127.0.0.1
# Player 2: Player-1, 'RandomPlayer', running on 127.0.0.1
START Player-0 260729564
START Player-1 RandomPlayer
BoardInit:Tile:5,Tile:12,Tile:6,Tile:4,Tile:7,Tile:10,Bonus,Map,Tile:0,Tile:8,Tile:0,Tile:8,Tile:10,Tile:11,Tile:0,Tile:9,Map,Map,Tile:8,Tile:5,Map,Tile:6,Tile:7,Bonus,Tile:6,Tile:10,Tile:1,Tile:13,Bonus,Destroy,Tile:2,Map,Tile:7,Tile:9,Tile:0,Tile:7,Destroy,Tile:14,Tile:9,Malus,Tile:6-Tile:7,Tile:6,Tile:5,Destroy,Tile:9,Tile:8,Map-Bonus,Tile:3,Tile:8,Tile:9,Tile:15,Tile:5,Malus-Tile:nugget,Tile:hidden1,Tile:hidden2
Tile:8 6 5 1
Malus 0 0 0
Drop 5 0 1
Tile:8 7 5 0
Drop 0 0 1
Tile:9_flip 8 5 0
Destroy 7 5 1
Tile:10 6 4 0
Drop 5 0 1
Map 12 3 0
Bonus 0 0 1
Tile:8 7 5 0
Tile:9 5 6 1
Tile:8 8 4 0
Tile:10 6 3 1
Tile:5_flip 9 4 0
Tile:5 8 3 1
Tile:9_flip 9 3 0
Tile:5 6 2 1
Drop 1 0 0
Tile:6 4 5 1
Tile:5 9 2 0
Tile:6_flip 3 5 1
Tile:6_flip 10 2 0
Map 12 3 1
Drop 1 0 0
Tile:8 7 6 1
Tile:10 10 3 0
Tile:0 7 2 1
Drop 1 0 0
Tile:7_flip 10 4 1
Drop 1 0 0
Tile:6_flip 2 5 1
Drop 1 0 0
Map 12 3 1
Tile:9_flip 11 2 0
Drop 3 0 1
Tile:7_flip 11 3 0
GAMEOVER WINNER 0
# Game ended: Sat Apr 11 21:20:05 EDT 2020
