# Server version 0.08 running on 192.168.2.221:8123
# Game ID: 494
# Board class: Saboteur.SaboteurBoard
# Timeout: 2000
# First Move Timeout: 30000
# Date: Sat Apr 11 20:40:47 EDT 2020
# Player 1: Player-0, 'RandomPlayer', running on 127.0.0.1
# Player 2: Player-1, '260729564', running on 127.0.0.1
START Player-0 RandomPlayer
START Player-1 260729564
BoardInit:Tile:13,Tile:9,Tile:7,Bonus,Tile:6,Tile:5,Tile:7,Tile:10,Tile:8,Tile:9,Tile:15,Tile:8,Tile:11,Tile:10,Tile:9,Tile:7,Tile:0,Malus,Tile:12,Map,Map,Tile:6,Tile:6,Bonus,Bonus,Tile:0,Bonus,Map,Tile:4,Tile:8,Map,Map,Tile:5,Tile:10,Map,Destroy,Tile:9,Tile:5,Tile:5,Destroy,Tile:0-Tile:8,Tile:7,Tile:14,Tile:1,Tile:8,Destroy,Tile:2-Malus,Tile:6,Tile:7,Tile:3,Tile:6,Tile:0,Tile:9-Tile:hidden2,Tile:hidden1,Tile:nugget
Tile:8 6 5 1
Tile:6 7 5 0
Tile:8 8 5 1
Tile:6_flip 8 4 0
Tile:7 9 4 1
Tile:7 6 4 0
Tile:6 9 5 1
Drop 2 0 0
Tile:7 10 5 1
Tile:10 8 6 0
Tile:8 10 6 1
Tile:5 9 6 0
Tile:7 11 6 1
Tile:9 11 7 0
GAMEOVER WINNER 0
# Game ended: Sat Apr 11 20:40:47 EDT 2020
