# Server version 0.08 running on 192.168.2.221:8123
# Game ID: 1405
# Board class: Saboteur.SaboteurBoard
# Timeout: 2000
# First Move Timeout: 30000
# Date: Sat Apr 11 22:05:05 EDT 2020
# Player 1: Player-0, '260729564', running on 127.0.0.1
# Player 2: Player-1, 'RandomPlayer', running on 127.0.0.1
START Player-0 260729564
START Player-1 RandomPlayer
BoardInit:Map,Tile:8,Bonus,Tile:5,Tile:7,Tile:8,Tile:6,Destroy,Tile:9,Tile:13,Tile:6,Map,Tile:14,Bonus,Tile:9,Tile:8,Malus,Tile:12,Tile:6,Tile:15,Bonus,Tile:0,Tile:9,Tile:7,Tile:9,Tile:0,Tile:11,Tile:8,Map,Tile:10,Tile:8,Tile:5,Tile:10,Tile:5,Tile:7,Tile:1,Tile:6,Map,Destroy,Map,Tile:7-Tile:7,Bonus,Tile:0,Tile:5,Tile:9,Tile:10,Malus-Tile:6,Tile:3,Destroy,Tile:4,Tile:0,Map,Tile:2-Tile:hidden1,Tile:hidden2,Tile:nugget
Tile:7_flip 5 6 1
Map 12 3 0
Drop 1 0 1
Tile:8 6 6 0
Map 12 3 1
Tile:6 7 6 0
Drop 2 0 1
Tile:8 8 6 0
Tile:10 8 7 1
Tile:0 9 6 0
Tile:6_flip 7 5 1
Tile:5_flip 10 6 0
Drop 0 0 1
Map 12 5 0
Tile:7 8 5 1
Drop 0 0 0
Tile:6 8 8 1
Tile:8 9 8 0
Tile:9_flip 9 9 1
Drop 1 0 0
Tile:5 9 7 1
Drop 1 0 0
Tile:6_flip 10 7 1
Tile:0 11 7 0
GAMEOVER WINNER 0
# Game ended: Sat Apr 11 22:05:05 EDT 2020
