# Server version 0.08 running on 192.168.2.221:8123
# Game ID: 1382
# Board class: Saboteur.SaboteurBoard
# Timeout: 2000
# First Move Timeout: 30000
# Date: Sat Apr 11 22:04:05 EDT 2020
# Player 1: Player-0, 'RandomPlayer', running on 127.0.0.1
# Player 2: Player-1, '260729564', running on 127.0.0.1
START Player-0 RandomPlayer
START Player-1 260729564
BoardInit:Tile:9,Map,Tile:0,Tile:1,Tile:7,Tile:9,Tile:9,Map,Tile:4,Map,Tile:0,Destroy,Tile:7,Tile:3,Tile:14,Bonus,Tile:8,Tile:10,Tile:7,Malus,Tile:15,Tile:11,Tile:6,Tile:8,Map,Tile:6,Tile:5,Map,Tile:0,Tile:7,Tile:2,Tile:6,Tile:8,Tile:8,Tile:5,Tile:9,Tile:8,Bonus,Tile:6,Tile:10,Tile:10-Tile:6,Bonus,Map,Tile:0,Tile:7,Tile:13,Bonus-Tile:9,Tile:5,Tile:5,Tile:12,Malus,Destroy,Destroy-Tile:nugget,Tile:hidden2,Tile:hidden1
Map 12 3 1
Tile:9_flip 5 6 0
Tile:9 5 4 1
Destroy 5 4 0
Tile:6 6 5 1
Drop 4 0 0
Tile:0 7 5 1
Drop 4 0 0
Tile:9_flip 8 5 1
Tile:9_flip 6 4 0
Tile:7_flip 8 6 1
Map 12 5 0
Tile:0 9 6 1
Drop 4 0 0
Tile:0 10 6 1
Destroy 6 4 0
Tile:7 11 6 1
Tile:3 6 4 0
Tile:8 8 4 1
Tile:5_flip 11 7 0
Tile:7 9 4 1
Tile:12_flip 10 7 0
Tile:7_flip 9 5 1
Tile:11_flip 8 3 0
Tile:6 10 5 1
Tile:5 4 6 0
Drop 1 0 1
Tile:6 11 5 0
Tile:5 11 4 1
Drop 3 0 0
Tile:0 13 5 1
Malus 0 0 0
Bonus 0 0 1
Tile:6 5 7 0
Tile:8 12 4 1
GAMEOVER WINNER 1
# Game ended: Sat Apr 11 22:04:05 EDT 2020
