# Server version 0.08 running on 192.168.2.221:8123
# Game ID: 1339
# Board class: Saboteur.SaboteurBoard
# Timeout: 2000
# First Move Timeout: 30000
# Date: Sat Apr 11 22:00:43 EDT 2020
# Player 1: Player-0, '260729564', running on 127.0.0.1
# Player 2: Player-1, 'RandomPlayer', running on 127.0.0.1
START Player-0 260729564
START Player-1 RandomPlayer
BoardInit:Tile:0,Tile:6,Bonus,Malus,Tile:5,Map,Tile:5,Map,Tile:0,Tile:4,Tile:7,Destroy,Tile:12,Tile:15,Tile:6,Destroy,Tile:9,Tile:9,Tile:9,Tile:0,Tile:11,Tile:7,Tile:7,Tile:8,Tile:10,Tile:5,Bonus,Tile:9,Tile:9,Tile:14,Tile:10,Tile:13,Tile:6,Bonus,Map,Tile:7,Tile:1,Tile:8,Tile:2,Tile:3,Tile:8-Map,Tile:8,Tile:6,Tile:0,Tile:8,Map,Tile:7-Tile:6,Malus,Tile:5,Bonus,Tile:10,Map,Destroy-Tile:hidden2,Tile:nugget,Tile:hidden1
Map 12 3 1
Map 12 3 0
Tile:0 6 5 1
Malus 0 0 0
Map 12 7 1
Malus 0 0 0
Drop 3 0 1
Map 12 5 0
Drop 5 0 1
Tile:6 7 5 0
Bonus 0 0 1
Tile:6 8 5 0
Drop 0 0 1
Tile:5_flip 9 5 0
Drop 0 0 1
Tile:10 9 4 0
Drop 5 0 1
Drop 2 0 0
Drop 3 0 1
Tile:9 9 3 0
Drop 2 0 1
Tile:0 10 3 0
Drop 0 0 1
Tile:7_flip 5 6 0
Drop 2 0 1
Tile:8 11 3 0
Drop 0 0 1
Tile:5_flip 12 4 0
Drop 6 0 1
Tile:9 11 4 0
Drop 0 0 1
Destroy 12 4 0
Drop 6 0 1
Drop 1 0 0
Drop 3 0 1
Drop 2 0 0
Drop 3 0 1
Tile:7_flip 11 5 0
GAMEOVER WINNER 0
# Game ended: Sat Apr 11 22:00:43 EDT 2020
