# Server version 0.08 running on 192.168.2.221:8123
# Game ID: 233
# Board class: Saboteur.SaboteurBoard
# Timeout: 2000
# First Move Timeout: 30000
# Date: Sat Apr 11 20:11:05 EDT 2020
# Player 1: Player-0, '260729564', running on 127.0.0.1
# Player 2: Player-1, 'RandomPlayer', running on 127.0.0.1
START Player-0 260729564
START Player-1 RandomPlayer
BoardInit:Tile:6,Bonus,Tile:6,Tile:8,Tile:0,Tile:7,Map,Tile:13,Tile:6,Tile:9,Tile:7,Destroy,Tile:7,Map,Tile:1,Tile:5,Tile:14,Tile:10,Tile:8,Tile:10,Tile:5,Map,Tile:0,Tile:3,Tile:2,Tile:8,Tile:6,Tile:0,Tile:15,Tile:9,Tile:0,Destroy,Map,Destroy,Tile:5,Tile:6,Tile:12,Tile:9,Tile:11,Map,Malus-Tile:10,Bonus,Tile:4,Map,Tile:7,Tile:5,Malus-Bonus,Tile:9,Bonus,Tile:8,Tile:9,Tile:8,Tile:7-Tile:nugget,Tile:hidden2,Tile:hidden1
Tile:5 5 4 1
Tile:8 6 4 0
Tile:6_flip 6 3 1
Tile:8 7 4 0
Tile:6_flip 7 3 1
Tile:8 8 4 0
Tile:10 7 5 1
Tile:9_flip 9 4 0
Tile:7 9 3 1
Tile:9 9 5 0
Tile:6_flip 4 5 1
Tile:9_flip 10 5 0
Tile:4_flip 9 6 1
Tile:7_flip 10 6 0
Drop 1 0 1
Map 12 3 0
Drop 0 0 1
Tile:5 10 4 0
Malus 0 0 1
Bonus 0 0 0
Tile:1 3 5 1
Tile:7 11 4 0
Tile:14_flip 2 5 1
Tile:10 8 5 0
Tile:7_flip 5 3 1
Tile:10 5 2 0
Tile:5 5 1 1
Tile:8 11 6 0
Tile:2 8 3 1
Destroy 10 5 0
Tile:8 11 5 1
Tile:3_flip 4 6 0
Tile:6_flip 12 6 1
GAMEOVER TIMEOUT WINNER 1
# Game ended: Sat Apr 11 20:11:14 EDT 2020
