# Server version 0.08 running on 192.168.2.221:8123
# Game ID: 830
# Board class: Saboteur.SaboteurBoard
# Timeout: 2000
# First Move Timeout: 30000
# Date: Sat Apr 11 21:13:53 EDT 2020
# Player 1: Player-0, 'RandomPlayer', running on 127.0.0.1
# Player 2: Player-1, '260729564', running on 127.0.0.1
START Player-0 RandomPlayer
START Player-1 260729564
BoardInit:Destroy,Tile:0,Tile:3,Malus,Tile:8,Bonus,Tile:7,Tile:0,Tile:6,Tile:0,Tile:5,Tile:1,Tile:2,Tile:10,Tile:6,Tile:8,Tile:9,Tile:6,Tile:5,Tile:10,Tile:9,Tile:13,Tile:9,Tile:7,Map,Tile:14,Tile:7,Bonus,Tile:7,Tile:6,Tile:5,Tile:4,Map,Tile:10,Tile:0,Tile:5,Tile:7,Tile:15,Malus,Tile:9,Tile:9-Map,Tile:12,Destroy,Tile:8,Tile:8,Map,Tile:11-Bonus,Tile:6,Tile:8,Map,Map,Bonus,Destroy-Tile:nugget,Tile:hidden2,Tile:hidden1
Map 12 3 1
Map 12 5 0
Tile:8 5 4 1
Map 12 5 0
Tile:8 6 4 1
Tile:0 4 4 0
Tile:8 7 4 1
Drop 2 0 0
Tile:7 8 4 1
Destroy 7 4 0
Tile:6 7 4 1
Tile:6_flip 6 3 0
Tile:5 5 3 1
Malus 0 0 0
Drop 0 0 1
Tile:0 3 4 0
Drop 1 0 1
Tile:1 4 5 0
Drop 1 0 1
Tile:6 6 5 0
Drop 2 0 1
Tile:8 7 3 0
Drop 2 0 1
Drop 5 0 0
Drop 0 0 1
Tile:13 5 6 0
Drop 6 0 1
Tile:7_flip 2 4 0
Drop 0 0 1
Tile:14 8 3 0
Drop 0 0 1
Tile:6_flip 3 5 0
Drop 0 0 1
Tile:4_flip 3 6 0
Drop 6 0 1
Tile:0 2 5 0
Drop 0 0 1
Tile:5 1 5 0
Drop 0 0 1
Drop 3 0 0
Malus 0 0 1
Drop 2 0 0
Drop 0 0 1
Bonus 0 0 0
Drop 0 0 1
Tile:9 7 2 0
Drop 0 0 1
Tile:15 2 3 0
Drop 0 0 1
Tile:10 1 6 0
Drop 0 0 1
Drop 0 0 0
Drop 0 0 1
Drop 0 0 0
Drop 0 0 1
GAMEOVER DRAW
# Game ended: Sat Apr 11 21:13:54 EDT 2020
