# Server version 0.08 running on 192.168.2.221:8123
# Game ID: 379
# Board class: Saboteur.SaboteurBoard
# Timeout: 2000
# First Move Timeout: 30000
# Date: Sat Apr 11 20:32:04 EDT 2020
# Player 1: Player-0, '260729564', running on 127.0.0.1
# Player 2: Player-1, 'RandomPlayer', running on 127.0.0.1
START Player-0 260729564
START Player-1 RandomPlayer
BoardInit:Tile:2,Bonus,Tile:6,Malus,Tile:0,Tile:9,Map,Tile:6,Tile:6,Tile:5,Tile:8,Tile:9,Bonus,Tile:9,Destroy,Tile:12,Tile:7,Tile:7,Tile:8,Tile:7,Tile:10,Tile:5,Tile:14,Malus,Map,Tile:0,Map,Tile:15,Map,Tile:6,Destroy,Map,Tile:10,Bonus,Tile:1,Tile:5,Tile:7,Tile:10,Tile:13,Tile:3,Destroy-Tile:9,Map,Tile:7,Tile:9,Tile:4,Tile:11,Tile:5-Tile:0,Tile:8,Bonus,Tile:6,Tile:8,Tile:0,Tile:8-Tile:hidden1,Tile:nugget,Tile:hidden2
Tile:11_flip 6 5 1
Tile:8 5 4 0
Tile:7_flip 4 5 1
Tile:8 6 4 0
Drop 4 0 1
Malus 0 0 0
Map 12 5 1
Tile:8 7 4 0
Map 12 5 1
Tile:9_flip 8 4 0
Drop 4 0 1
Tile:6 8 5 0
Drop 0 0 1
Tile:9_flip 9 5 0
Drop 5 0 1
Tile:9 9 4 0
Destroy 9 5 1
Tile:6 9 5 0
Drop 3 0 1
Tile:0 10 4 0
Drop 2 0 1
Tile:0 11 4 0
Drop 3 0 1
Tile:5_flip 12 4 0
Drop 2 0 1
Malus 0 0 0
Drop 5 0 1
Tile:0 13 3 0
Drop 6 0 1
Tile:7 10 5 0
Drop 3 0 1
Tile:6_flip 12 2 0
Map 12 5 1
Map 12 5 0
Map 12 5 1
Tile:7_flip 11 3 0
Destroy 9 5 1
Tile:5 8 3 0
Drop 6 0 1
Tile:10 7 3 0
Drop 2 0 1
Tile:5 7 2 0
Destroy 8 3 1
Drop 1 0 0
Drop 4 0 1
Drop 1 0 0
Drop 2 0 1
Drop 1 0 0
Drop 0 0 1
Drop 1 0 0
Drop 0 0 1
Drop 1 0 0
Drop 1 0 1
Drop 0 0 0
Drop 0 0 1
GAMEOVER DRAW
# Game ended: Sat Apr 11 20:32:07 EDT 2020
