# Server version 0.08 running on 192.168.2.221:8123
# Game ID: 678
# Board class: Saboteur.SaboteurBoard
# Timeout: 2000
# First Move Timeout: 30000
# Date: Sat Apr 11 21:05:37 EDT 2020
# Player 1: Player-0, 'RandomPlayer', running on 127.0.0.1
# Player 2: Player-1, '260729564', running on 127.0.0.1
START Player-0 RandomPlayer
START Player-1 260729564
BoardInit:Tile:1,Tile:10,Tile:9,Tile:9,Tile:10,Tile:8,Map,Tile:12,Tile:11,Tile:2,Tile:14,Tile:6,Tile:6,Tile:4,Bonus,Destroy,Map,Map,Tile:8,Tile:7,Bonus,Tile:0,Tile:0,Tile:6,Tile:6,Tile:10,Bonus,Tile:5,Tile:9,Tile:7,Map,Tile:8,Tile:6,Tile:7,Malus,Tile:5,Tile:0,Tile:0,Tile:3,Destroy,Malus-Tile:7,Tile:5,Map,Bonus,Tile:9,Tile:8,Tile:9-Tile:8,Map,Tile:5,Tile:15,Destroy,Tile:7,Tile:13-Tile:nugget,Tile:hidden1,Tile:hidden2
Map 12 3 1
Drop 3 0 0
Tile:8 5 4 1
Tile:5 4 4 0
Tile:9_flip 6 4 1
Tile:13 5 6 0
Tile:9 6 3 1
Tile:9_flip 7 3 0
Tile:9 7 4 1
Tile:8 8 4 0
Tile:7 9 4 1
Tile:7 5 3 0
Tile:10 9 5 1
Map 12 7 0
Tile:6 9 6 1
Tile:2_flip 4 5 0
Tile:5_flip 10 6 1
Tile:4_flip 8 5 0
Drop 1 0 1
Destroy 4 5 0
Tile:8 7 2 1
Tile:6_flip 8 6 0
Drop 1 0 1
Destroy 9 5 0
Tile:0 8 2 1
Tile:8 4 5 0
Tile:6_flip 9 2 1
Tile:6 7 6 0
Drop 1 0 1
Tile:10 5 7 0
Tile:9_flip 10 2 1
Tile:10 5 8 0
Drop 1 0 1
Map 12 7 0
Tile:6 10 3 1
Tile:7_flip 4 3 0
Malus 0 0 1
Drop 3 0 0
Tile:0 11 3 1
GAMEOVER WINNER 1
# Game ended: Sat Apr 11 21:05:37 EDT 2020
