# Server version 0.08 running on 192.168.2.221:8123
# Game ID: 537
# Board class: Saboteur.SaboteurBoard
# Timeout: 2000
# First Move Timeout: 30000
# Date: Sat Apr 11 20:42:57 EDT 2020
# Player 1: Player-0, '260729564', running on 127.0.0.1
# Player 2: Player-1, 'RandomPlayer', running on 127.0.0.1
START Player-0 260729564
START Player-1 RandomPlayer
BoardInit:Tile:8,Tile:0,Tile:7,Tile:0,Tile:9,Tile:9,Tile:5,Map,Tile:10,Map,Tile:9,Destroy,Bonus,Tile:7,Map,Tile:6,Tile:15,Destroy,Tile:9,Malus,Tile:10,Tile:6,Tile:14,Tile:8,Destroy,Tile:1,Tile:5,Tile:8,Tile:6,Tile:0,Bonus,Tile:6,Bonus,Tile:2,Tile:7,Tile:6,Tile:7,Tile:11,Tile:4,Tile:0,Tile:5-Map,Tile:7,Tile:5,Malus,Map,Tile:10,Tile:9-Bonus,Tile:8,Tile:8,Tile:13,Tile:3,Map,Tile:12-Tile:nugget,Tile:hidden2,Tile:hidden1
Tile:5_flip 6 5 1
Map 12 3 0
Map 12 7 1
Tile:8 6 4 0
Tile:7 7 4 1
Tile:8 6 3 0
Tile:9 6 2 1
Tile:9_flip 7 2 0
Tile:10 7 1 1
Tile:0 5 3 0
Tile:9_flip 6 1 1
Tile:0 5 1 0
Tile:7_flip 7 5 1
Drop 1 0 0
Tile:10 5 6 1
Tile:7 8 5 0
Tile:5 5 4 1
Tile:6 8 6 0
Map 12 5 1
Drop 1 0 0
Tile:9_flip 7 0 1
Malus 0 0 0
Drop 5 0 1
Tile:6 9 6 0
Drop 0 0 1
Tile:8 10 6 0
Drop 3 0 1
Drop 1 0 0
Destroy 7 4 1
Tile:8 7 4 0
Drop 3 0 1
Tile:0 11 6 0
Drop 3 0 1
Tile:6 8 4 0
Drop 4 0 1
Drop 1 0 0
Drop 5 0 1
Tile:6 12 6 0
Map 12 7 1
Destroy 12 6 0
Drop 4 0 1
Tile:0 11 5 0
Bonus 0 0 1
Drop 1 0 0
Tile:7 12 4 1
Destroy 12 4 0
Tile:8 4 1 1
Drop 1 0 0
Tile:5 8 3 1
Drop 1 0 0
Tile:4 4 0 1
Drop 1 0 0
Tile:5_flip 9 3 1
Drop 0 0 0
Drop 0 0 1
GAMEOVER DRAW
# Game ended: Sat Apr 11 20:42:58 EDT 2020
