# Server version 0.08 running on 192.168.2.221:8123
# Game ID: 179
# Board class: Saboteur.SaboteurBoard
# Timeout: 2000
# First Move Timeout: 30000
# Date: Sat Apr 11 20:06:38 EDT 2020
# Player 1: Player-0, '260729564', running on 127.0.0.1
# Player 2: Player-1, 'RandomPlayer', running on 127.0.0.1
START Player-0 260729564
START Player-1 RandomPlayer
BoardInit:Malus,Map,Tile:9,Malus,Destroy,Tile:9,Tile:10,Tile:6,Map,Tile:10,Tile:6,Tile:6,Bonus,Bonus,Tile:3,Map,Tile:13,Tile:9,Tile:8,Map,Tile:5,Tile:9,Tile:6,Tile:10,Tile:6,Tile:7,Tile:1,Tile:8,Tile:5,Bonus,Tile:5,Tile:0,Tile:8,Tile:8,Map,Tile:0,Tile:14,Tile:7,Tile:7,Tile:0,Tile:7-Tile:0,Tile:7,Bonus,Tile:12,Tile:8,Destroy,Tile:4-Tile:5,Tile:2,Destroy,Tile:9,Tile:11,Tile:15,Map-Tile:nugget,Tile:hidden2,Tile:hidden1
Tile:8 6 5 1
Map 12 3 0
Tile:7 7 5 1
Tile:9 6 4 0
Tile:9 6 6 1
Malus 0 0 0
Drop 2 0 1
Tile:5_flip 7 4 0
Bonus 0 0 1
Tile:6_flip 7 3 0
Destroy 6 6 1
Tile:9_flip 8 3 0
Drop 0 0 1
Tile:6_flip 8 2 0
Tile:6 7 2 1
Tile:10 8 4 0
Tile:4_flip 7 6 1
Drop 0 0 0
Tile:13 5 6 1
Tile:9_flip 9 2 0
Tile:8 6 2 1
Drop 1 0 0
Destroy 8 2 1
Tile:9 9 3 0
Drop 5 0 1
Tile:10 9 4 0
Tile:10 8 5 1
Tile:7_flip 9 5 0
Tile:6_flip 4 5 1
Tile:8 8 2 0
Tile:3_flip 4 6 1
Drop 1 0 0
Tile:5_flip 6 6 1
Tile:0 10 3 0
Tile:8 8 1 1
Tile:8 11 3 0
GAMEOVER WINNER 0
# Game ended: Sat Apr 11 20:06:39 EDT 2020
