# Server version 0.08 running on 192.168.2.221:8123
# Game ID: 394
# Board class: Saboteur.SaboteurBoard
# Timeout: 2000
# First Move Timeout: 30000
# Date: Sat Apr 11 20:32:54 EDT 2020
# Player 1: Player-0, 'RandomPlayer', running on 127.0.0.1
# Player 2: Player-1, '260729564', running on 127.0.0.1
START Player-0 RandomPlayer
START Player-1 260729564
BoardInit:Tile:9,Tile:8,Tile:14,Tile:0,Bonus,Tile:10,Tile:7,Tile:9,Destroy,Tile:7,Tile:0,Tile:10,Tile:3,Map,Tile:5,Map,Bonus,Tile:7,Tile:7,Map,Tile:9,Tile:5,Tile:9,Tile:0,Map,Tile:6,Tile:0,Bonus,Tile:9,Tile:5,Tile:7,Tile:1,Tile:8,Tile:8,Destroy,Tile:2,Malus,Tile:8,Tile:6,Tile:8,Tile:6-Tile:4,Map,Tile:12,Destroy,Tile:6,Tile:13,Tile:5-Tile:6,Tile:10,Bonus,Tile:11,Map,Tile:15,Malus-Tile:nugget,Tile:hidden1,Tile:hidden2
Map 12 3 1
Tile:10 5 6 0
Tile:9 5 4 1
Tile:11 4 5 0
Tile:6 6 4 1
Tile:8 7 4 0
Tile:5_flip 8 4 1
Tile:15 4 4 0
Tile:7_flip 7 5 1
Tile:10 6 3 0
Drop 0 0 1
Tile:9 7 3 0
Tile:0 8 5 1
Drop 4 0 0
Drop 0 0 1
Tile:10 4 6 0
Tile:5 7 2 1
Map 12 7 0
Drop 1 0 1
Tile:7 6 5 0
Tile:7 9 5 1
Tile:6 4 7 0
Tile:9 9 6 1
Tile:7 5 3 0
Tile:9_flip 10 6 1
Tile:0 8 2 0
Drop 1 0 1
Tile:5_flip 5 7 0
Tile:0 9 2 1
Tile:6_flip 8 3 0
Tile:9_flip 10 2 1
Map 12 5 0
Tile:7_flip 10 3 1
Tile:1 3 7 0
Tile:8 11 3 1
GAMEOVER WINNER 1
# Game ended: Sat Apr 11 20:32:55 EDT 2020
