# Server version 0.08 running on 192.168.2.221:8123
# Game ID: 1051
# Board class: Saboteur.SaboteurBoard
# Timeout: 2000
# First Move Timeout: 30000
# Date: Sat Apr 11 21:30:29 EDT 2020
# Player 1: Player-0, '260729564', running on 127.0.0.1
# Player 2: Player-1, 'RandomPlayer', running on 127.0.0.1
START Player-0 260729564
START Player-1 RandomPlayer
BoardInit:Tile:2,Tile:5,Tile:8,Tile:9,Tile:9,Tile:9,Map,Tile:5,Bonus,Map,Map,Tile:6,Tile:7,Tile:0,Destroy,Tile:10,Tile:8,Tile:15,Tile:7,Tile:1,Tile:7,Tile:7,Malus,Tile:9,Bonus,Tile:10,Tile:5,Tile:13,Tile:6,Map,Tile:11,Tile:3,Destroy,Tile:10,Tile:0,Tile:7,Bonus,Tile:12,Tile:8,Bonus,Tile:6-Malus,Tile:6,Tile:8,Tile:0,Tile:6,Tile:0,Map-Destroy,Tile:5,Map,Tile:9,Tile:8,Tile:14,Tile:4-Tile:hidden1,Tile:nugget,Tile:hidden2
Tile:0 4 5 1
Map 12 3 0
Tile:6_flip 5 4 1
Tile:8 6 4 0
Tile:8 7 4 1
Tile:9_flip 8 4 0
Tile:6 4 4 1
Tile:9 8 5 0
Tile:2 3 4 1
Tile:9_flip 9 5 0
Tile:9_flip 7 3 1
Map 12 5 0
Map 12 3 1
Tile:6 9 6 0
Drop 3 0 1
Tile:0 10 6 0
Tile:8 4 3 1
Tile:10 9 4 0
Tile:0 3 3 1
Tile:5_flip 11 6 0
Drop 3 0 1
Tile:5 11 5 0
GAMEOVER WINNER 0
# Game ended: Sat Apr 11 21:30:30 EDT 2020
