# Server version 0.08 running on 192.168.2.221:8123
# Game ID: 1404
# Board class: Saboteur.SaboteurBoard
# Timeout: 2000
# First Move Timeout: 30000
# Date: Sat Apr 11 22:05:03 EDT 2020
# Player 1: Player-0, 'RandomPlayer', running on 127.0.0.1
# Player 2: Player-1, '260729564', running on 127.0.0.1
START Player-0 RandomPlayer
START Player-1 260729564
BoardInit:Malus,Malus,Tile:5,Tile:3,Tile:7,Tile:9,Bonus,Tile:9,Tile:8,Tile:7,Tile:8,Tile:0,Tile:15,Destroy,Tile:12,Tile:9,Tile:10,Tile:4,Tile:11,Bonus,Tile:7,Tile:5,Tile:5,Map,Map,Tile:9,Tile:10,Tile:1,Tile:13,Map,Tile:7,Tile:7,Tile:6,Bonus,Tile:14,Tile:0,Tile:6,Bonus,Tile:2,Map,Map-Tile:5,Tile:9,Tile:8,Tile:6,Tile:8,Destroy,Tile:8-Tile:0,Tile:6,Tile:10,Tile:0,Tile:6,Destroy,Map-Tile:hidden1,Tile:nugget,Tile:hidden2
Tile:8 6 5 1
Tile:10 5 4 0
Malus 0 0 1
Drop 2 0 0
Tile:8 7 5 1
Drop 4 0 0
Tile:8 8 5 1
Destroy 6 5 0
Tile:6 6 5 1
Drop 5 0 0
Tile:8 9 5 1
Malus 0 0 0
Bonus 0 0 1
Drop 0 0 0
Tile:8 10 5 1
Drop 2 0 0
Tile:5_flip 11 5 1
Drop 5 0 0
Tile:5 11 4 1
Drop 3 0 0
Tile:7 12 4 1
GAMEOVER WINNER 1
# Game ended: Sat Apr 11 22:05:04 EDT 2020
