# Server version 0.08 running on 192.168.2.221:8123
# Game ID: 951
# Board class: Saboteur.SaboteurBoard
# Timeout: 2000
# First Move Timeout: 30000
# Date: Sat Apr 11 21:21:57 EDT 2020
# Player 1: Player-0, '260729564', running on 127.0.0.1
# Player 2: Player-1, 'RandomPlayer', running on 127.0.0.1
START Player-0 260729564
START Player-1 RandomPlayer
BoardInit:Tile:0,Malus,Tile:10,Tile:7,Tile:11,Map,Tile:13,Bonus,Malus,Tile:5,Tile:6,Bonus,Tile:7,Tile:12,Map,Tile:6,Tile:9,Tile:8,Destroy,Tile:9,Tile:7,Tile:5,Tile:15,Tile:1,Bonus,Tile:9,Tile:3,Tile:5,Tile:6,Tile:8,Tile:10,Tile:8,Tile:0,Tile:0,Tile:4,Tile:8,Tile:2,Map,Tile:14,Tile:7,Tile:6-Tile:6,Tile:5,Map,Tile:9,Destroy,Tile:0,Destroy-Map,Tile:10,Bonus,Tile:7,Tile:8,Map,Tile:9-Tile:hidden1,Tile:hidden2,Tile:nugget
Drop 3 0 1
Map 12 3 0
Drop 1 0 1
Map 12 5 0
Tile:10 5 4 1
Malus 0 0 0
Map 12 5 1
Tile:8 5 6 0
Destroy 5 4 1
Tile:7 6 6 0
Drop 1 0 1
Tile:10 6 7 0
Drop 6 0 1
Tile:9 6 8 0
Malus 0 0 1
Bonus 0 0 0
Drop 5 0 1
Tile:6 7 8 0
Destroy 6 6 1
Tile:8 6 6 0
Drop 4 0 1
Tile:9_flip 8 8 0
Drop 1 0 1
Tile:5 8 7 0
Drop 2 0 1
Tile:7 9 7 0
Destroy 6 7 1
Tile:9_flip 7 6 0
Drop 6 0 1
Tile:5 7 5 0
Drop 1 0 1
Tile:8 8 5 0
Drop 4 0 1
Tile:8 9 5 0
Drop 3 0 1
Tile:0 10 5 0
Drop 3 0 1
Tile:8 11 5 0
Drop 6 0 1
Tile:5_flip 12 6 0
Drop 2 0 1
Tile:7_flip 11 6 0
Drop 0 0 1
Drop 0 0 0
Drop 4 0 1
Drop 1 0 0
Drop 2 0 1
Drop 1 0 0
Drop 0 0 1
Drop 1 0 0
Drop 0 0 1
Drop 1 0 0
Drop 1 0 1
Drop 0 0 0
Drop 0 0 1
GAMEOVER DRAW
# Game ended: Sat Apr 11 21:21:57 EDT 2020
