# Server version 0.08 running on 192.168.2.221:8123
# Game ID: 1355
# Board class: Saboteur.SaboteurBoard
# Timeout: 2000
# First Move Timeout: 30000
# Date: Sat Apr 11 22:01:23 EDT 2020
# Player 1: Player-0, '260729564', running on 127.0.0.1
# Player 2: Player-1, 'RandomPlayer', running on 127.0.0.1
START Player-0 260729564
START Player-1 RandomPlayer
BoardInit:Tile:13,Tile:10,Tile:3,Map,Tile:1,Tile:11,Tile:8,Map,Tile:5,Tile:2,Tile:9,Bonus,Tile:8,Destroy,Bonus,Map,Map,Tile:7,Map,Tile:9,Tile:6,Tile:8,Tile:10,Tile:5,Tile:0,Tile:14,Tile:6,Tile:5,Bonus,Tile:5,Tile:6,Tile:7,Tile:4,Bonus,Tile:10,Tile:0,Tile:8,Malus,Tile:0,Destroy,Tile:7-Tile:9,Tile:9,Tile:0,Tile:12,Tile:7,Malus,Map-Tile:15,Tile:7,Tile:8,Destroy,Tile:6,Tile:6,Tile:9-Tile:nugget,Tile:hidden2,Tile:hidden1
Malus 0 0 1
Drop 0 0 0
Tile:7_flip 5 6 1
Drop 0 0 0
Tile:13 5 4 1
Drop 6 0 0
Tile:0 6 5 1
Drop 6 0 0
Tile:8 4 5 1
Drop 6 0 0
Drop 3 0 1
Drop 6 0 0
Tile:1 7 5 1
Bonus 0 0 0
Tile:9 4 4 1
Tile:6_flip 6 6 0
Tile:5_flip 4 6 1
Map 12 3 0
Tile:12 6 4 1
Tile:8 6 7 0
Tile:9 6 8 1
Tile:6_flip 7 6 0
Tile:6 3 6 1
Tile:8 8 6 0
Tile:8 8 7 1
Tile:9_flip 8 5 0
Tile:9 6 9 1
Tile:5 8 4 0
Tile:6_flip 5 7 1
Tile:5_flip 9 4 0
Tile:3 7 9 1
Tile:10 9 3 0
Tile:0 9 7 1
Tile:9 9 2 0
Tile:6_flip 10 7 1
Tile:7 10 2 0
Tile:10 5 8 1
Tile:0 11 7 0
Tile:10 10 3 1
Malus 0 0 0
Drop 0 0 1
Tile:7_flip 10 4 0
Map 12 5 1
Tile:5_flip 11 4 0
Drop 1 0 1
Drop 2 0 0
Drop 4 0 1
Destroy 7 5 0
Drop 0 0 1
Destroy 5 7 0
Drop 0 0 1
Destroy 11 7 0
Drop 1 0 1
Drop 0 0 0
Drop 0 0 1
GAMEOVER DRAW
# Game ended: Sat Apr 11 22:01:25 EDT 2020
