# Server version 0.08 running on 192.168.2.221:8123
# Game ID: 1212
# Board class: Saboteur.SaboteurBoard
# Timeout: 2000
# First Move Timeout: 30000
# Date: Sat Apr 11 21:39:01 EDT 2020
# Player 1: Player-0, 'RandomPlayer', running on 127.0.0.1
# Player 2: Player-1, '260729564', running on 127.0.0.1
START Player-0 RandomPlayer
START Player-1 260729564
BoardInit:Tile:6,Tile:15,Malus,Map,Tile:9,Tile:5,Tile:5,Tile:9,Tile:9,Tile:6,Tile:12,Malus,Tile:3,Tile:6,Tile:10,Tile:2,Tile:7,Tile:11,Bonus,Tile:9,Tile:5,Map,Tile:13,Tile:8,Tile:4,Tile:7,Tile:7,Destroy,Tile:8,Tile:7,Map,Tile:8,Destroy,Map,Tile:0,Tile:0,Tile:5,Tile:6,Tile:10,Tile:9,Tile:1-Destroy,Tile:8,Tile:10,Map,Tile:0,Bonus,Tile:6-Tile:0,Tile:14,Bonus,Bonus,Tile:7,Map,Tile:8-Tile:hidden1,Tile:hidden2,Tile:nugget
Map 12 3 1
Tile:14_flip 5 4 0
Tile:8 6 5 1
Map 12 3 0
Malus 0 0 1
Drop 6 0 0
Tile:0 7 5 1
Drop 5 0 0
Tile:6 8 5 1
Drop 0 0 0
Tile:6 9 5 1
Drop 4 0 0
Tile:9_flip 10 5 1
Drop 4 0 0
Tile:5 10 4 1
Malus 0 0 0
Bonus 0 0 1
Drop 6 0 0
Tile:9_flip 11 4 1
Drop 2 0 0
Tile:7_flip 11 5 1
Drop 4 0 0
Tile:5_flip 12 6 1
Bonus 0 0 0
Tile:10 10 6 1
Tile:11 6 6 0
Tile:10 12 4 1
Tile:7 6 4 0
Tile:7 13 5 1
Destroy 6 5 0
Tile:8 6 5 1
Tile:6_flip 13 3 0
Destroy 11 5 1
Tile:9 13 6 0
Destroy 12 4 1
Tile:8 12 2 0
Tile:0 7 6 1
Tile:7_flip 11 2 0
Tile:5 11 6 1
Tile:6 4 5 0
Tile:10 12 4 1
Tile:8 12 1 0
Drop 0 0 1
Tile:9 11 7 0
Drop 0 0 1
Drop 0 0 0
Drop 1 0 1
Tile:0 8 6 0
Drop 1 0 1
Tile:8 11 1 0
Drop 1 0 1
Map 12 7 0
Drop 1 0 1
Drop 0 0 0
Drop 0 0 1
GAMEOVER DRAW
# Game ended: Sat Apr 11 21:39:02 EDT 2020
