# Server version 0.08 running on 192.168.2.221:8123
# Game ID: 292
# Board class: Saboteur.SaboteurBoard
# Timeout: 2000
# First Move Timeout: 30000
# Date: Sat Apr 11 20:16:40 EDT 2020
# Player 1: Player-0, 'RandomPlayer', running on 127.0.0.1
# Player 2: Player-1, '260729564', running on 127.0.0.1
START Player-0 RandomPlayer
START Player-1 260729564
BoardInit:Map,Tile:3,Tile:0,Tile:8,Tile:10,Destroy,Tile:2,Tile:8,Tile:0,Tile:9,Tile:6,Bonus,Destroy,Tile:6,Malus,Tile:0,Map,Tile:9,Map,Tile:7,Bonus,Map,Map,Tile:8,Tile:14,Tile:8,Tile:6,Tile:5,Tile:7,Tile:8,Tile:7,Tile:13,Tile:9,Tile:5,Destroy,Tile:15,Tile:1,Bonus,Tile:7,Malus,Tile:9-Tile:6,Tile:10,Tile:12,Tile:5,Tile:7,Bonus,Tile:10-Tile:4,Tile:5,Tile:6,Tile:0,Tile:11,Tile:9,Map-Tile:hidden1,Tile:nugget,Tile:hidden2
Tile:5_flip 6 5 1
Tile:6_flip 5 4 0
Map 12 3 1
Tile:11_flip 6 4 0
Tile:10 5 6 1
Tile:8 4 4 0
Tile:10 5 7 1
Tile:0 3 4 0
Tile:10 5 8 1
Tile:3 4 3 0
Tile:6 5 9 1
Destroy 6 5 0
Tile:6 6 5 1
Tile:9_flip 6 9 0
Tile:0 7 5 1
Map 12 7 0
Malus 0 0 1
Drop 1 0 0
Map 12 5 1
Drop 3 0 0
Tile:0 8 5 1
Drop 2 0 0
Tile:7 9 5 1
Map 12 7 0
Drop 0 0 1
Drop 2 0 0
Drop 1 0 1
Drop 0 0 0
Tile:6 9 6 1
Drop 5 0 0
Tile:7 10 6 1
Drop 0 0 0
Tile:7_flip 10 7 1
Drop 6 0 0
Tile:9 6 8 1
Drop 3 0 0
Drop 2 0 1
Drop 3 0 0
Drop 2 0 1
Drop 0 0 0
Tile:7 11 7 1
Drop 4 0 0
Tile:9 11 8 1
Drop 4 0 0
Destroy 11 7 1
Drop 3 0 0
Drop 1 0 1
Drop 1 0 0
Drop 1 0 1
Malus 0 0 0
Bonus 0 0 1
Drop 0 0 0
Drop 1 0 1
Drop 0 0 0
Destroy 3 4 1
GAMEOVER DRAW
# Game ended: Sat Apr 11 20:16:40 EDT 2020
