# Server version 0.08 running on 192.168.2.221:8123
# Game ID: 668
# Board class: Saboteur.SaboteurBoard
# Timeout: 2000
# First Move Timeout: 30000
# Date: Sat Apr 11 21:05:01 EDT 2020
# Player 1: Player-0, 'RandomPlayer', running on 127.0.0.1
# Player 2: Player-1, '260729564', running on 127.0.0.1
START Player-0 RandomPlayer
START Player-1 260729564
BoardInit:Bonus,Destroy,Bonus,Tile:0,Tile:9,Bonus,Tile:0,Tile:15,Map,Tile:6,Malus,Map,Tile:10,Tile:8,Tile:2,Tile:0,Destroy,Tile:12,Tile:14,Tile:6,Tile:5,Tile:7,Tile:9,Tile:10,Tile:6,Tile:7,Tile:10,Tile:8,Tile:1,Tile:3,Tile:9,Tile:9,Tile:8,Tile:0,Malus,Map,Map,Tile:7,Tile:8,Tile:4,Tile:7-Tile:13,Tile:6,Tile:11,Tile:7,Tile:6,Destroy,Tile:5-Map,Tile:9,Bonus,Map,Tile:5,Tile:8,Tile:5-Tile:hidden1,Tile:hidden2,Tile:nugget
Tile:6 6 5 1
Tile:5 6 4 0
Tile:6 7 4 1
Tile:9_flip 8 4 0
Tile:7_flip 8 5 1
Map 12 7 0
Tile:9_flip 9 5 1
Destroy 6 5 0
Drop 0 0 1
Map 12 5 0
Map 12 3 1
Tile:15 9 6 0
Malus 0 0 1
Drop 0 0 0
Tile:10 5 4 1
Map 12 5 0
Tile:5 5 3 1
Drop 1 0 0
Tile:0 6 3 1
Drop 3 0 0
Drop 0 0 1
Drop 2 0 0
Drop 2 0 1
Drop 0 0 0
Tile:9_flip 7 3 1
Drop 2 0 0
Tile:6_flip 7 2 1
Drop 0 0 0
Tile:10 9 4 1
Drop 5 0 0
Tile:5 9 3 1
Drop 0 0 0
Tile:9_flip 10 3 1
Drop 6 0 0
Tile:8 10 2 1
Drop 3 0 0
Malus 0 0 1
Drop 2 0 0
Map 12 5 1
Map 12 5 0
Tile:8 11 2 1
Drop 2 0 0
Tile:7_flip 11 3 1
Drop 1 0 0
Destroy 11 3 1
Drop 3 0 0
Drop 1 0 1
Drop 0 0 0
Drop 2 0 1
Drop 2 0 0
Drop 2 0 1
Drop 0 0 0
Drop 0 0 1
Drop 0 0 0
Destroy 5 4 1
GAMEOVER DRAW
# Game ended: Sat Apr 11 21:05:01 EDT 2020
