# Server version 0.08 running on 192.168.2.221:8123
# Game ID: 103
# Board class: Saboteur.SaboteurBoard
# Timeout: 2000
# First Move Timeout: 30000
# Date: Sat Apr 11 16:19:20 EDT 2020
# Player 1: Player-0, '260729564', running on 127.0.0.1
# Player 2: Player-1, 'RandomPlayer', running on 127.0.0.1
START Player-0 260729564
START Player-1 RandomPlayer
BoardInit:Tile:9,Map,Map,Tile:0,Tile:7,Tile:10,Tile:0,Tile:5,Tile:9,Tile:0,Tile:9,Tile:7,Tile:8,Tile:7,Tile:10,Tile:8,Destroy,Tile:15,Tile:8,Tile:8,Tile:9,Map,Tile:5,Tile:7,Tile:11,Tile:6,Destroy,Tile:14,Tile:6,Tile:4,Tile:3,Tile:0,Map,Bonus,Destroy,Tile:7,Tile:12,Tile:5,Tile:13,Malus,Tile:10-Bonus,Map,Map,Tile:2,Tile:8,Malus,Tile:6-Tile:9,Bonus,Tile:5,Tile:1,Tile:6,Tile:6,Bonus-Tile:hidden2,Tile:hidden1,Tile:nugget
Tile:2_flip 6 5 1
Tile:6 5 6 0
Tile:6_flip 4 6 1
Map 12 3 0
Map 12 7 1
Tile:6_flip 6 6 0
Tile:9 6 4 1
Tile:0 7 6 0
Drop 2 0 1
Tile:9_flip 8 6 0
Tile:9 4 7 1
Tile:0 7 5 0
Tile:9_flip 6 7 1
Tile:10 8 7 0
Tile:8 8 8 1
Tile:5_flip 9 8 0
Map 12 3 1
Tile:8 8 5 0
Destroy 6 4 1
Tile:5_flip 9 5 0
Tile:10 9 7 1
Tile:8 9 4 0
Tile:9 3 6 1
Map 12 5 0
Tile:5 9 6 1
Tile:7 10 6 0
Tile:7_flip 4 5 1
Tile:6 10 4 0
Tile:11_flip 3 5 1
Tile:7 11 4 0
Destroy 9 5 1
Tile:7_flip 10 7 0
Tile:3_flip 11 5 1
Tile:0 11 7 0
GAMEOVER WINNER 0
# Game ended: Sat Apr 11 16:19:21 EDT 2020
