# Server version 0.08 running on 192.168.2.221:8123
# Game ID: 700
# Board class: Saboteur.SaboteurBoard
# Timeout: 2000
# First Move Timeout: 30000
# Date: Sat Apr 11 21:06:58 EDT 2020
# Player 1: Player-0, 'RandomPlayer', running on 127.0.0.1
# Player 2: Player-1, '260729564', running on 127.0.0.1
START Player-0 RandomPlayer
START Player-1 260729564
BoardInit:Tile:8,Tile:8,Map,Tile:0,Map,Destroy,Map,Malus,Tile:8,Tile:10,Tile:5,Tile:6,Tile:9,Tile:14,Tile:0,Malus,Tile:6,Tile:7,Tile:13,Tile:0,Tile:5,Tile:0,Tile:7,Tile:10,Tile:6,Map,Tile:10,Tile:5,Tile:15,Tile:3,Tile:8,Tile:9,Map,Bonus,Tile:7,Bonus,Tile:7,Bonus,Tile:9,Tile:12,Tile:4-Tile:11,Tile:2,Tile:9,Destroy,Tile:6,Tile:7,Tile:6-Bonus,Tile:8,Map,Destroy,Tile:1,Tile:9,Tile:5-Tile:nugget,Tile:hidden2,Tile:hidden1
Tile:6 6 5 1
Tile:5 4 5 0
Tile:8 7 5 1
Tile:8 5 6 0
Map 12 3 1
Drop 1 0 0
Tile:6_flip 7 4 1
Drop 6 0 0
Tile:9_flip 8 4 1
Tile:8 8 5 0
Tile:8 9 5 1
Tile:9_flip 7 6 0
Tile:7 10 5 1
Tile:6_flip 6 6 0
Tile:9 9 4 1
Drop 5 0 0
Tile:0 10 4 1
Destroy 10 5 0
Tile:6 11 4 1
Tile:14_flip 6 4 0
Tile:5_flip 12 4 1
GAMEOVER WINNER 1
# Game ended: Sat Apr 11 21:06:58 EDT 2020
