# Server version 0.08 running on 192.168.2.221:8123
# Game ID: 1054
# Board class: Saboteur.SaboteurBoard
# Timeout: 2000
# First Move Timeout: 30000
# Date: Sat Apr 11 21:30:35 EDT 2020
# Player 1: Player-0, 'RandomPlayer', running on 127.0.0.1
# Player 2: Player-1, '260729564', running on 127.0.0.1
START Player-0 RandomPlayer
START Player-1 260729564
BoardInit:Tile:8,Tile:9,Tile:6,Tile:6,Tile:5,Bonus,Tile:9,Malus,Tile:8,Map,Tile:6,Tile:5,Tile:12,Tile:7,Destroy,Tile:10,Tile:0,Map,Tile:10,Tile:6,Tile:0,Map,Tile:5,Tile:4,Tile:15,Bonus,Tile:8,Map,Tile:8,Map,Bonus,Tile:9,Tile:7,Tile:7,Tile:6,Tile:1,Tile:2,Malus,Tile:9,Destroy,Tile:9-Tile:14,Tile:0,Tile:13,Tile:5,Destroy,Tile:8,Tile:7-Tile:0,Map,Tile:11,Bonus,Tile:7,Tile:3,Tile:10-Tile:nugget,Tile:hidden1,Tile:hidden2
Tile:8 6 5 1
Tile:3_flip 6 6 0
Tile:8 7 5 1
Map 12 7 0
Tile:0 8 5 1
Tile:11_flip 5 6 0
Tile:6 9 5 1
Drop 2 0 0
Tile:9_flip 10 5 1
Tile:6_flip 4 6 0
Tile:8 10 4 1
Tile:9 10 3 0
Tile:6 11 4 1
Tile:10 10 2 0
Tile:5_flip 12 4 1
GAMEOVER WINNER 1
# Game ended: Sat Apr 11 21:30:35 EDT 2020
