# Server version 0.08 running on 192.168.2.221:8123
# Game ID: 554
# Board class: Saboteur.SaboteurBoard
# Timeout: 2000
# First Move Timeout: 30000
# Date: Sat Apr 11 20:43:57 EDT 2020
# Player 1: Player-0, 'RandomPlayer', running on 127.0.0.1
# Player 2: Player-1, '260729564', running on 127.0.0.1
START Player-0 RandomPlayer
START Player-1 260729564
BoardInit:Bonus,Tile:6,Tile:4,Map,Tile:0,Malus,Tile:5,Tile:6,Tile:9,Tile:6,Map,Tile:7,Tile:6,Tile:9,Tile:8,Tile:13,Tile:2,Tile:0,Destroy,Tile:10,Tile:9,Map,Tile:11,Tile:1,Tile:7,Tile:9,Map,Tile:0,Tile:9,Tile:10,Tile:3,Destroy,Tile:8,Tile:5,Tile:7,Tile:5,Tile:15,Tile:14,Tile:7,Tile:8,Tile:8-Tile:12,Map,Tile:6,Malus,Tile:0,Bonus,Destroy-Tile:8,Map,Tile:5,Tile:10,Tile:7,Bonus,Bonus-Tile:nugget,Tile:hidden2,Tile:hidden1
Map 12 3 1
Map 12 3 0
Malus 0 0 1
Bonus 0 0 0
Tile:6 6 5 1
Map 12 3 0
Tile:0 7 5 1
Drop 2 0 0
Tile:5_flip 8 5 1
Tile:8 5 6 0
Tile:9 8 4 1
Tile:6_flip 6 4 0
Tile:0 9 4 1
Tile:6 10 4 0
Tile:6 11 4 1
Tile:9 11 3 0
GAMEOVER WINNER 0
# Game ended: Sat Apr 11 20:43:57 EDT 2020
