# Server version 0.08 running on 192.168.2.221:8123
# Game ID: 928
# Board class: Saboteur.SaboteurBoard
# Timeout: 2000
# First Move Timeout: 30000
# Date: Sat Apr 11 21:20:44 EDT 2020
# Player 1: Player-0, 'RandomPlayer', running on 127.0.0.1
# Player 2: Player-1, '260729564', running on 127.0.0.1
START Player-0 RandomPlayer
START Player-1 260729564
BoardInit:Tile:5,Map,Tile:12,Tile:7,Malus,Tile:8,Bonus,Tile:6,Tile:9,Map,Tile:7,Destroy,Map,Tile:8,Map,Tile:7,Bonus,Tile:13,Tile:0,Tile:9,Tile:7,Bonus,Tile:6,Tile:5,Tile:0,Tile:0,Tile:7,Tile:15,Tile:11,Tile:9,Tile:8,Malus,Tile:5,Tile:8,Bonus,Tile:3,Tile:4,Map,Map,Tile:6,Tile:1-Tile:6,Tile:6,Tile:10,Tile:0,Tile:8,Tile:10,Tile:2-Destroy,Destroy,Tile:10,Tile:9,Tile:9,Tile:14,Tile:5-Tile:hidden2,Tile:nugget,Tile:hidden1
Tile:8 6 5 1
Tile:9_flip 7 5 0
Tile:10 7 4 1
Tile:9 7 6 0
Tile:5_flip 8 6 1
Tile:5_flip 6 6 0
Malus 0 0 1
Drop 2 0 0
Tile:10 8 5 1
Destroy 7 6 0
Tile:9 8 4 1
Destroy 8 4 0
Tile:7_flip 7 6 1
Drop 4 0 0
Map 12 3 1
Destroy 8 6 0
Map 12 5 1
Drop 0 0 0
Tile:6 8 6 1
Drop 1 0 0
Tile:6 9 6 1
Map 12 3 0
Tile:0 10 6 1
Map 12 5 0
Tile:6 11 6 1
Drop 5 0 0
Tile:7 12 6 1
Drop 0 0 0
Tile:0 13 7 1
Drop 5 0 0
Tile:7_flip 12 8 1
Drop 0 0 0
Tile:0 13 8 1
Drop 4 0 0
Tile:5 11 5 1
GAMEOVER WINNER 1
# Game ended: Sat Apr 11 21:20:45 EDT 2020
