# Server version 0.08 running on 192.168.2.221:8123
# Game ID: 1232
# Board class: Saboteur.SaboteurBoard
# Timeout: 2000
# First Move Timeout: 30000
# Date: Sat Apr 11 21:40:10 EDT 2020
# Player 1: Player-0, 'RandomPlayer', running on 127.0.0.1
# Player 2: Player-1, '260729564', running on 127.0.0.1
START Player-0 RandomPlayer
START Player-1 260729564
BoardInit:Tile:0,Tile:7,Map,Bonus,Tile:4,Map,Tile:7,Tile:9,Tile:8,Tile:14,Tile:2,Tile:0,Map,Tile:5,Tile:10,Tile:5,Tile:8,Tile:7,Destroy,Tile:12,Tile:7,Tile:7,Destroy,Map,Tile:9,Bonus,Tile:1,Tile:6,Map,Tile:10,Tile:0,Tile:8,Tile:9,Malus,Tile:3,Tile:6,Tile:11,Bonus,Tile:6,Tile:9,Tile:13-Tile:6,Tile:8,Tile:5,Tile:8,Map,Malus,Tile:10-Tile:6,Tile:9,Tile:15,Tile:0,Tile:5,Destroy,Bonus-Tile:hidden2,Tile:nugget,Tile:hidden1
Map 12 3 1
Tile:9 5 6 0
Malus 0 0 1
Destroy 5 6 0
Map 12 5 1
Drop 0 0 0
Tile:8 6 5 1
Bonus 0 0 0
Tile:8 7 5 1
Tile:9_flip 5 6 0
Tile:8 8 5 1
Tile:7 7 4 0
Tile:0 9 5 1
Tile:14_flip 5 4 0
Tile:7 10 5 1
Drop 3 0 0
Tile:10 10 6 1
Tile:5 8 4 0
Tile:8 10 7 1
Tile:5_flip 10 8 0
Tile:10 8 6 1
Tile:7_flip 9 8 0
Tile:6_flip 11 7 1
Tile:12 9 4 0
Tile:7_flip 12 8 1
Tile:7_flip 6 6 0
Tile:9 12 6 1
GAMEOVER WINNER 1
# Game ended: Sat Apr 11 21:40:11 EDT 2020
