# Server version 0.08 running on 192.168.2.221:8123
# Game ID: 768
# Board class: Saboteur.SaboteurBoard
# Timeout: 2000
# First Move Timeout: 30000
# Date: Sat Apr 11 21:09:49 EDT 2020
# Player 1: Player-0, 'RandomPlayer', running on 127.0.0.1
# Player 2: Player-1, '260729564', running on 127.0.0.1
START Player-0 RandomPlayer
START Player-1 260729564
BoardInit:Map,Destroy,Bonus,Map,Map,Tile:10,Tile:1,Tile:10,Tile:13,Tile:2,Tile:5,Tile:0,Bonus,Map,Tile:4,Bonus,Tile:8,Destroy,Tile:6,Tile:11,Malus,Tile:5,Tile:0,Destroy,Tile:6,Map,Tile:12,Tile:9,Tile:9,Tile:8,Tile:7,Tile:0,Tile:8,Tile:6,Tile:9,Malus,Tile:0,Tile:5,Tile:7,Tile:8,Bonus-Tile:7,Tile:14,Tile:3,Tile:9,Map,Tile:7,Tile:5-Tile:7,Tile:6,Tile:6,Tile:8,Tile:10,Tile:9,Tile:15-Tile:hidden1,Tile:hidden2,Tile:nugget
Map 12 3 1
Tile:6_flip 4 5 0
Map 12 5 1
Tile:9 3 5 0
Tile:9 5 6 1
Tile:10 3 4 0
Tile:7 6 6 1
Drop 6 0 0
Tile:7_flip 6 7 1
Tile:8 3 3 0
Tile:5_flip 7 7 1
Tile:6 6 5 0
Tile:5 7 6 1
Destroy 3 5 0
Drop 0 0 1
Tile:2_flip 3 5 0
Drop 0 0 1
Map 12 7 0
Tile:8 8 6 1
Tile:7 4 3 0
Tile:6_flip 9 6 1
Tile:11_flip 5 4 0
Malus 0 0 1
Destroy 4 3 0
Tile:0 10 6 1
Destroy 10 6 0
Tile:6 10 6 1
Map 12 3 0
Drop 1 0 1
Drop 6 0 0
Tile:9_flip 11 6 1
Drop 3 0 0
Tile:7_flip 11 7 1
GAMEOVER WINNER 1
# Game ended: Sat Apr 11 21:09:49 EDT 2020
