# Server version 0.08 running on 192.168.2.221:8123
# Game ID: 1365
# Board class: Saboteur.SaboteurBoard
# Timeout: 2000
# First Move Timeout: 30000
# Date: Sat Apr 11 22:03:08 EDT 2020
# Player 1: Player-0, '260729564', running on 127.0.0.1
# Player 2: Player-1, 'RandomPlayer', running on 127.0.0.1
START Player-0 260729564
START Player-1 RandomPlayer
BoardInit:Tile:6,Tile:5,Tile:9,Tile:6,Tile:6,Tile:0,Tile:0,Bonus,Malus,Bonus,Map,Tile:8,Tile:7,Tile:1,Tile:15,Map,Tile:0,Tile:5,Tile:8,Tile:10,Tile:2,Tile:13,Tile:14,Tile:7,Tile:6,Tile:6,Tile:8,Tile:7,Tile:5,Tile:9,Destroy,Malus,Tile:7,Tile:3,Tile:0,Tile:8,Tile:5,Map,Map,Tile:8,Tile:4-Tile:10,Tile:9,Tile:12,Tile:11,Tile:10,Tile:9,Tile:9-Map,Bonus,Tile:7,Destroy,Destroy,Map,Bonus-Tile:hidden1,Tile:hidden2,Tile:nugget
Tile:12_flip 4 5 1
Map 12 3 0
Tile:9 5 6 1
Map 12 5 0
Drop 1 0 1
Tile:6 6 6 0
Tile:9_flip 7 6 1
Tile:7_flip 7 7 0
Tile:6_flip 6 5 1
Tile:0 8 7 0
Drop 1 0 1
Tile:5_flip 9 7 0
Tile:9_flip 5 7 1
Tile:8 9 6 0
Tile:0 4 7 1
Drop 3 0 0
Tile:7_flip 8 6 1
Drop 3 0 0
Tile:6 10 6 1
Tile:5_flip 11 6 0
Tile:9_flip 8 5 1
Tile:10 10 5 0
Tile:8 7 5 1
Drop 3 0 0
Tile:15 7 4 1
Tile:7_flip 5 8 0
Tile:0 6 8 1
Tile:6_flip 10 4 0
Tile:8 11 4 1
Tile:7 12 4 0
Tile:2 11 3 1
Destroy 6 5 0
Tile:10 12 6 1
GAMEOVER WINNER 1
# Game ended: Sat Apr 11 22:03:11 EDT 2020
