# Server version 0.08 running on 192.168.2.221:8123
# Game ID: 428
# Board class: Saboteur.SaboteurBoard
# Timeout: 2000
# First Move Timeout: 30000
# Date: Sat Apr 11 20:35:23 EDT 2020
# Player 1: Player-0, 'RandomPlayer', running on 127.0.0.1
# Player 2: Player-1, '260729564', running on 127.0.0.1
START Player-0 RandomPlayer
START Player-1 260729564
BoardInit:Bonus,Tile:7,Tile:14,Tile:7,Tile:8,Tile:6,Tile:12,Tile:9,Tile:6,Tile:7,Destroy,Tile:10,Tile:8,Bonus,Malus,Bonus,Tile:6,Tile:9,Tile:8,Tile:8,Tile:1,Tile:5,Tile:10,Tile:6,Tile:5,Map,Tile:10,Tile:9,Map,Destroy,Tile:13,Map,Destroy,Tile:5,Malus,Tile:7,Map,Tile:7,Tile:9,Tile:4,Tile:0-Map,Tile:0,Tile:6,Tile:0,Tile:2,Tile:11,Tile:0-Tile:5,Map,Tile:15,Tile:8,Tile:9,Tile:3,Bonus-Tile:hidden1,Tile:hidden2,Tile:nugget
Map 12 3 1
Tile:8 5 6 0
Tile:0 6 6 1
Tile:9_flip 7 6 0
Tile:6_flip 7 5 1
Tile:7_flip 7 7 0
Tile:8 8 5 1
Tile:6_flip 4 6 0
Tile:0 9 5 1
Tile:3_flip 4 7 0
Tile:0 10 5 1
Tile:7_flip 8 6 0
Tile:6 11 5 1
Tile:5 3 6 0
Tile:8 12 6 1
GAMEOVER WINNER 1
# Game ended: Sat Apr 11 20:35:24 EDT 2020
