# Server version 0.08 running on 192.168.2.221:8123
# Game ID: 1300
# Board class: Saboteur.SaboteurBoard
# Timeout: 2000
# First Move Timeout: 30000
# Date: Sat Apr 11 21:46:08 EDT 2020
# Player 1: Player-0, 'RandomPlayer', running on 127.0.0.1
# Player 2: Player-1, '260729564', running on 127.0.0.1
START Player-0 RandomPlayer
START Player-1 260729564
BoardInit:Map,Tile:0,Tile:5,Tile:10,Tile:12,Destroy,Tile:7,Bonus,Tile:7,Destroy,Tile:6,Tile:9,Tile:6,Tile:5,Malus,Tile:3,Tile:9,Tile:2,Tile:6,Tile:7,Tile:8,Map,Tile:8,Tile:6,Tile:11,Tile:14,Tile:15,Bonus,Tile:8,Tile:9,Tile:4,Bonus,Tile:0,Tile:5,Tile:8,Map,Tile:0,Destroy,Malus,Tile:0,Tile:6-Tile:1,Tile:10,Map,Tile:10,Tile:5,Tile:7,Map-Tile:7,Tile:9,Bonus,Map,Tile:9,Tile:13,Tile:8-Tile:nugget,Tile:hidden2,Tile:hidden1
Map 12 3 1
Tile:13 4 5 0
Tile:5 5 4 1
Tile:7 6 4 0
Tile:10 5 6 1
Tile:9_flip 4 6 0
Tile:10 5 7 1
Drop 4 0 0
Tile:7_flip 5 8 1
Map 12 5 0
Drop 0 0 1
Tile:8 3 5 0
Tile:6 6 5 1
Tile:9 3 6 0
Tile:6 7 5 1
Destroy 5 4 0
Malus 0 0 1
Drop 1 0 0
Tile:9 7 4 1
Destroy 5 6 0
Tile:6 8 4 1
Drop 4 0 0
Tile:8 9 4 1
Drop 5 0 0
Tile:8 10 4 1
Drop 0 0 0
Tile:5_flip 11 4 1
Map 12 5 0
Tile:7_flip 10 5 1
Drop 2 0 0
Tile:8 11 3 1
GAMEOVER WINNER 1
# Game ended: Sat Apr 11 21:46:08 EDT 2020
