# Server version 0.08 running on 192.168.2.221:8123
# Game ID: 1070
# Board class: Saboteur.SaboteurBoard
# Timeout: 2000
# First Move Timeout: 30000
# Date: Sat Apr 11 21:31:24 EDT 2020
# Player 1: Player-0, 'RandomPlayer', running on 127.0.0.1
# Player 2: Player-1, '260729564', running on 127.0.0.1
START Player-0 RandomPlayer
START Player-1 260729564
BoardInit:Tile:2,Tile:5,Tile:10,Tile:7,Malus,Tile:15,Tile:14,Map,Map,Destroy,Tile:7,Tile:5,Destroy,Tile:8,Map,Tile:5,Tile:9,Tile:7,Bonus,Bonus,Tile:6,Tile:6,Tile:8,Bonus,Tile:8,Tile:9,Tile:12,Tile:8,Tile:6,Map,Destroy,Tile:13,Tile:10,Tile:0,Tile:7,Tile:0,Tile:10,Tile:0,Tile:0,Tile:9,Tile:9-Tile:5,Tile:6,Bonus,Tile:8,Tile:1,Tile:6,Map-Malus,Tile:11,Tile:9,Tile:3,Tile:4,Tile:7,Map-Tile:nugget,Tile:hidden1,Tile:hidden2
Map 12 3 1
Tile:7 5 4 0
Tile:8 6 5 1
Malus 0 0 0
Bonus 0 0 1
Tile:4_flip 5 6 0
Malus 0 0 1
Map 12 5 0
Tile:10 6 4 1
Map 12 5 0
Tile:6 7 5 1
Destroy 5 4 0
Tile:6 8 5 1
Drop 0 0 0
Tile:5_flip 9 5 1
Drop 0 0 0
Tile:7_flip 6 6 1
Drop 5 0 0
Tile:9 9 4 1
Drop 3 0 0
Drop 0 0 1
Drop 2 0 0
Tile:6 10 4 1
Drop 3 0 0
Tile:8 11 4 1
Drop 0 0 0
Tile:8 12 4 1
GAMEOVER WINNER 1
# Game ended: Sat Apr 11 21:31:24 EDT 2020
