# Server version 0.08 running on 192.168.2.221:8123
# Game ID: 517
# Board class: Saboteur.SaboteurBoard
# Timeout: 2000
# First Move Timeout: 30000
# Date: Sat Apr 11 20:41:46 EDT 2020
# Player 1: Player-0, '260729564', running on 127.0.0.1
# Player 2: Player-1, 'RandomPlayer', running on 127.0.0.1
START Player-0 260729564
START Player-1 RandomPlayer
BoardInit:Tile:0,Map,Tile:7,Tile:10,Map,Tile:3,Tile:6,Tile:9,Tile:5,Tile:8,Tile:0,Tile:7,Tile:8,Tile:2,Tile:10,Bonus,Tile:9,Destroy,Tile:15,Tile:14,Tile:7,Tile:7,Malus,Tile:8,Bonus,Tile:8,Map,Malus,Tile:0,Bonus,Destroy,Map,Tile:9,Map,Tile:0,Tile:5,Tile:6,Tile:8,Tile:10,Tile:9,Map-Tile:13,Tile:1,Tile:11,Tile:6,Tile:5,Tile:12,Tile:6-Tile:7,Tile:6,Tile:5,Tile:4,Bonus,Destroy,Tile:9-Tile:hidden2,Tile:hidden1,Tile:nugget
Tile:11_flip 5 4 1
Tile:9_flip 6 5 0
Tile:12_flip 4 4 1
Map 12 3 0
Tile:6_flip 4 5 1
Tile:10 6 4 0
Map 12 7 1
Tile:6 6 6 0
Tile:6 7 6 1
Tile:9_flip 8 6 0
Tile:6_flip 8 5 1
Tile:8 9 5 0
Tile:5 9 4 1
Tile:7 10 4 0
Tile:13 10 5 1
Tile:7_flip 9 6 0
Tile:8 5 3 1
Tile:5 7 5 0
Tile:9_flip 6 3 1
Drop 0 0 0
Tile:1 4 3 1
Drop 2 0 0
Tile:15 5 2 1
Tile:7_flip 8 7 0
Tile:7_flip 3 3 1
Tile:8 10 6 0
Tile:0 3 5 1
Tile:8 11 6 0
Drop 2 0 1
Malus 0 0 0
Malus 0 0 1
Bonus 0 0 0
Destroy 8 7 1
Map 12 5 0
Drop 4 0 1
Drop 1 0 0
Drop 4 0 1
Tile:5_flip 12 6 0
Drop 0 0 1
Tile:8 13 5 0
Drop 4 0 1
Tile:9 13 6 0
Drop 4 0 1
Destroy 12 6 0
Drop 1 0 1
Drop 2 0 0
Map 12 3 1
Drop 2 0 0
Drop 2 0 1
Drop 2 0 0
Drop 0 0 1
Destroy 5 4 0
Bonus 0 0 1
Drop 0 0 0
Tile:10 5 1 1
GAMEOVER DRAW
# Game ended: Sat Apr 11 20:41:47 EDT 2020
