# Server version 0.08 running on 192.168.2.221:8123
# Game ID: 138
# Board class: Saboteur.SaboteurBoard
# Timeout: 2000
# First Move Timeout: 30000
# Date: Sat Apr 11 16:21:16 EDT 2020
# Player 1: Player-0, 'RandomPlayer', running on 127.0.0.1
# Player 2: Player-1, '260729564', running on 127.0.0.1
START Player-0 RandomPlayer
START Player-1 260729564
BoardInit:Tile:9,Tile:6,Tile:15,Tile:8,Bonus,Malus,Tile:5,Malus,Bonus,Tile:7,Tile:7,Tile:0,Tile:7,Tile:9,Destroy,Tile:5,Tile:6,Tile:11,Tile:8,Tile:10,Tile:12,Tile:10,Tile:8,Map,Tile:9,Map,Tile:0,Tile:3,Tile:13,Tile:6,Tile:7,Map,Tile:1,Destroy,Tile:9,Map,Tile:14,Bonus,Map,Tile:2,Tile:6-Tile:8,Map,Tile:5,Tile:0,Tile:9,Tile:4,Tile:6-Tile:5,Tile:10,Bonus,Tile:7,Tile:8,Destroy,Tile:0-Tile:hidden2,Tile:hidden1,Tile:nugget
Map 12 3 1
Tile:8 5 6 0
Tile:8 6 6 1
Tile:7 6 5 0
Tile:9_flip 7 6 1
Drop 1 0 0
Tile:9 7 5 1
Tile:6_flip 7 4 0
Tile:0 8 4 1
Drop 2 0 0
Tile:6 9 4 1
Tile:8 4 5 0
Tile:5_flip 10 4 1
Drop 2 0 0
Tile:5 10 3 1
Tile:9 4 6 0
Tile:7 11 3 1
Tile:5 4 4 0
Tile:6_flip 8 5 1
Tile:7 5 4 0
Tile:8 7 7 1
Tile:0 8 7 0
Tile:7_flip 11 4 1
Tile:10 9 3 0
Tile:8 12 4 1
Tile:10 12 2 0
Tile:9 12 6 1
GAMEOVER WINNER 1
# Game ended: Sat Apr 11 16:21:19 EDT 2020
