# Server version 0.08 running on 192.168.2.221:8123
# Game ID: 1029
# Board class: Saboteur.SaboteurBoard
# Timeout: 2000
# First Move Timeout: 30000
# Date: Sat Apr 11 21:29:06 EDT 2020
# Player 1: Player-0, '260729564', running on 127.0.0.1
# Player 2: Player-1, 'RandomPlayer', running on 127.0.0.1
START Player-0 260729564
START Player-1 RandomPlayer
BoardInit:Tile:7,Tile:6,Tile:15,Map,Map,Malus,Tile:8,Map,Tile:9,Tile:10,Tile:2,Bonus,Tile:10,Tile:5,Destroy,Destroy,Tile:8,Tile:8,Bonus,Tile:9,Bonus,Tile:13,Tile:9,Map,Tile:6,Tile:4,Tile:7,Tile:0,Tile:11,Tile:5,Bonus,Tile:6,Tile:9,Tile:8,Tile:12,Tile:6,Tile:0,Tile:1,Tile:10,Map,Map-Tile:7,Tile:5,Destroy,Malus,Tile:0,Tile:9,Tile:0-Tile:7,Tile:14,Tile:7,Tile:6,Tile:8,Tile:3,Tile:5-Tile:hidden2,Tile:nugget,Tile:hidden1
Tile:7_flip 5 6 1
Tile:8 6 6 0
Tile:9 4 5 1
Tile:6 7 6 0
Tile:7 8 6 1
Map 12 3 0
Tile:5 5 4 1
Malus 0 0 0
Drop 1 0 1
Map 12 5 0
Destroy 5 4 1
Tile:10 8 7 0
Drop 4 0 1
Tile:6 8 8 0
Map 12 7 1
Tile:7 9 8 0
Destroy 6 6 1
Tile:7 6 5 0
Drop 3 0 1
Tile:8 6 6 0
Drop 2 0 1
Tile:9 9 9 0
Drop 5 0 1
Tile:5_flip 10 9 0
Drop 5 0 1
Tile:5 10 8 0
Drop 0 0 1
Drop 0 0 0
Drop 5 0 1
Tile:0 11 8 0
Drop 0 0 1
Tile:5_flip 12 8 0
Drop 4 0 1
Tile:6_flip 13 7 0
Drop 0 0 1
Tile:8 12 6 0
GAMEOVER WINNER 0
# Game ended: Sat Apr 11 21:29:07 EDT 2020
