# Server version 0.08 running on 192.168.2.221:8123
# Game ID: 799
# Board class: Saboteur.SaboteurBoard
# Timeout: 2000
# First Move Timeout: 30000
# Date: Sat Apr 11 21:12:47 EDT 2020
# Player 1: Player-0, '260729564', running on 127.0.0.1
# Player 2: Player-1, 'RandomPlayer', running on 127.0.0.1
START Player-0 260729564
START Player-1 RandomPlayer
BoardInit:Tile:0,Tile:6,Tile:0,Tile:7,Tile:0,Tile:9,Tile:10,Map,Tile:10,Tile:14,Tile:15,Tile:2,Tile:5,Tile:8,Tile:9,Destroy,Bonus,Tile:8,Map,Destroy,Map,Tile:6,Map,Tile:6,Tile:5,Tile:10,Tile:1,Tile:9,Map,Tile:9,Malus,Tile:5,Tile:0,Tile:11,Tile:5,Tile:6,Tile:7,Tile:6,Tile:13,Tile:8,Bonus-Tile:3,Tile:7,Malus,Tile:8,Map,Tile:8,Bonus-Tile:7,Tile:12,Tile:7,Bonus,Tile:9,Destroy,Tile:4-Tile:hidden1,Tile:nugget,Tile:hidden2
Tile:7_flip 4 5 1
Tile:9_flip 6 5 0
Tile:8 5 6 1
Tile:6 6 6 0
Tile:3 6 4 1
Tile:7 7 6 0
Drop 2 0 1
Tile:9 7 7 0
Drop 3 0 1
Map 12 3 0
Tile:10 7 8 1
Tile:7 8 7 0
Map 12 5 1
Tile:7_flip 8 8 0
Malus 0 0 1
Bonus 0 0 0
Tile:10 7 9 1
Tile:8 9 8 0
Tile:5 9 7 1
Tile:8 10 7 0
Tile:0 11 7 1
Drop 0 0 0
Tile:15 12 6 1
Tile:6_flip 13 7 0
Map 12 3 1
Tile:6_flip 10 6 0
Tile:0 4 6 1
Tile:10 13 8 0
Tile:9 5 7 1
Tile:9_flip 12 8 0
Tile:1 11 8 1
GAMEOVER TIMEOUT WINNER 1
# Game ended: Sat Apr 11 21:12:51 EDT 2020
