# Server version 0.08 running on 192.168.2.221:8123
# Game ID: 308
# Board class: Saboteur.SaboteurBoard
# Timeout: 2000
# First Move Timeout: 30000
# Date: Sat Apr 11 20:17:57 EDT 2020
# Player 1: Player-0, 'RandomPlayer', running on 127.0.0.1
# Player 2: Player-1, '260729564', running on 127.0.0.1
START Player-0 RandomPlayer
START Player-1 260729564
BoardInit:Tile:11,Tile:9,Tile:8,Bonus,Map,Tile:13,Map,Tile:7,Tile:2,Tile:9,Tile:5,Tile:7,Tile:5,Map,Bonus,Tile:9,Tile:5,Tile:10,Tile:15,Tile:0,Destroy,Tile:4,Tile:1,Destroy,Tile:9,Tile:8,Map,Bonus,Tile:6,Tile:6,Tile:0,Tile:6,Malus,Tile:14,Tile:9,Map,Tile:5,Tile:0,Tile:10,Tile:7,Tile:12-Tile:8,Tile:7,Map,Tile:6,Tile:8,Destroy,Tile:6-Bonus,Tile:3,Tile:8,Tile:7,Tile:0,Tile:10,Malus-Tile:hidden2,Tile:nugget,Tile:hidden1
Map 12 3 1
Tile:8 5 4 0
Tile:8 6 4 1
Tile:7_flip 5 6 0
Tile:8 7 4 1
Tile:10 7 5 0
Map 12 5 1
Tile:9_flip 8 4 0
Tile:8 7 6 1
Tile:13 6 6 0
Tile:6 8 6 1
Drop 1 0 0
Tile:6 9 6 1
Tile:9_flip 7 3 0
Tile:7 10 6 1
Tile:7 9 5 0
Tile:5 8 3 1
Tile:9 4 5 0
Tile:5_flip 9 3 1
Tile:7 5 3 0
Tile:5 6 3 1
Map 12 3 0
Drop 1 0 1
Drop 5 0 0
Drop 1 0 1
Tile:10 9 2 0
Tile:9 10 7 1
Destroy 6 4 0
Drop 1 0 1
Tile:8 6 4 0
Tile:6_flip 11 7 1
Tile:6_flip 7 2 0
Tile:0 13 7 1
Tile:6 11 8 0
Malus 0 0 1
Drop 4 0 0
Tile:9 12 6 1
GAMEOVER WINNER 1
# Game ended: Sat Apr 11 20:17:57 EDT 2020
