# Server version 0.08 running on 192.168.2.221:8123
# Game ID: 89
# Board class: Saboteur.SaboteurBoard
# Timeout: 2000
# First Move Timeout: 30000
# Date: Sat Apr 11 16:17:09 EDT 2020
# Player 1: Player-0, '260729564', running on 127.0.0.1
# Player 2: Player-1, 'RandomPlayer', running on 127.0.0.1
START Player-0 260729564
START Player-1 RandomPlayer
BoardInit:Tile:9,Tile:3,Tile:9,Tile:9,Bonus,Tile:14,Tile:7,Tile:7,Tile:8,Map,Map,Tile:8,Tile:10,Tile:6,Tile:8,Map,Tile:9,Tile:6,Tile:8,Destroy,Map,Tile:10,Tile:2,Tile:6,Tile:8,Bonus,Tile:6,Malus,Tile:15,Tile:13,Tile:4,Tile:0,Tile:9,Tile:5,Tile:7,Tile:10,Tile:5,Tile:0,Tile:5,Destroy,Bonus-Tile:6,Tile:0,Tile:1,Bonus,Map,Tile:5,Map-Tile:11,Tile:7,Destroy,Tile:0,Tile:12,Tile:7,Malus-Tile:hidden1,Tile:hidden2,Tile:nugget
Tile:0 4 5 1
Malus 0 0 0
Drop 1 0 1
Tile:0 6 5 0
Drop 4 0 1
Tile:9_flip 7 5 0
Map 12 3 1
Tile:7_flip 7 6 0
Drop 0 0 1
Tile:7 8 6 0
Drop 4 0 1
Map 12 3 0
Drop 6 0 1
Tile:8 7 4 0
Drop 5 0 1
Tile:6 8 4 0
Drop 1 0 1
Map 12 5 0
Drop 3 0 1
Tile:6 9 4 0
Drop 2 0 1
Tile:7 10 4 0
Map 12 3 1
Tile:10 10 5 0
Drop 5 0 1
Tile:6 10 6 0
Drop 0 0 1
Drop 0 0 0
Drop 5 0 1
Malus 0 0 0
Drop 0 0 1
Drop 1 0 0
Drop 6 0 1
Tile:0 11 6 0
Drop 3 0 1
Tile:5_flip 12 6 0
Drop 3 0 1
Tile:10 12 4 0
Drop 6 0 1
Tile:0 13 5 0
Drop 2 0 1
Destroy 12 4 0
Drop 5 0 1
Destroy 12 6 0
Drop 4 0 1
Drop 0 0 0
Drop 3 0 1
Drop 0 0 0
Drop 2 0 1
Drop 1 0 0
Drop 0 0 1
Destroy 10 6 0
Bonus 0 0 1
Drop 0 0 0
Drop 0 0 1
GAMEOVER DRAW
# Game ended: Sat Apr 11 16:17:11 EDT 2020
