# Server version 0.08 running on 192.168.2.221:8123
# Game ID: 99
# Board class: Saboteur.SaboteurBoard
# Timeout: 2000
# First Move Timeout: 30000
# Date: Sat Apr 11 16:19:13 EDT 2020
# Player 1: Player-0, '260729564', running on 127.0.0.1
# Player 2: Player-1, 'RandomPlayer', running on 127.0.0.1
START Player-0 260729564
START Player-1 RandomPlayer
BoardInit:Tile:10,Tile:11,Tile:8,Bonus,Tile:13,Tile:9,Tile:5,Map,Map,Map,Map,Map,Tile:6,Malus,Tile:0,Tile:2,Tile:6,Bonus,Tile:10,Bonus,Malus,Tile:6,Tile:5,Destroy,Tile:4,Tile:1,Tile:6,Tile:6,Tile:8,Tile:0,Bonus,Tile:7,Tile:7,Tile:0,Tile:5,Tile:7,Tile:5,Tile:9,Tile:3,Tile:15,Tile:8-Tile:10,Tile:9,Destroy,Tile:0,Tile:9,Tile:14,Tile:8-Tile:7,Tile:8,Destroy,Tile:9,Tile:7,Tile:12,Map-Tile:hidden1,Tile:hidden2,Tile:nugget
Tile:8 5 4 1
Map 12 3 0
Tile:9 4 5 1
Tile:8 6 4 0
Tile:9_flip 5 3 1
Tile:9_flip 7 4 0
Tile:8 7 3 1
Tile:9_flip 8 3 0
Tile:10 5 2 1
Map 12 5 0
Drop 1 0 1
Tile:7_flip 8 4 0
Destroy 8 3 1
Tile:7_flip 7 5 0
Drop 5 0 1
Malus 0 0 0
Map 12 7 1
Drop 1 0 0
Drop 3 0 1
Drop 1 0 0
Drop 2 0 1
Drop 2 0 0
Drop 3 0 1
Tile:6_flip 8 5 0
Drop 5 0 1
Drop 2 0 0
Drop 0 0 1
Drop 2 0 0
Drop 5 0 1
Tile:6_flip 9 5 0
Drop 0 0 1
Tile:0 10 5 0
Drop 4 0 1
Tile:7_flip 9 6 0
Drop 0 0 1
Tile:0 11 5 0
Drop 4 0 1
Tile:7_flip 12 6 0
Drop 6 0 1
Tile:9_flip 13 6 0
Drop 2 0 1
Destroy 12 6 0
Drop 0 0 1
Drop 1 0 0
Drop 4 0 1
Drop 1 0 0
Drop 2 0 1
Drop 2 0 0
Drop 0 0 1
Drop 2 0 0
Drop 0 0 1
Destroy 7 3 0
Drop 1 0 1
Drop 0 0 0
Drop 0 0 1
GAMEOVER DRAW
# Game ended: Sat Apr 11 16:19:13 EDT 2020
