# Server version 0.08 running on 192.168.2.221:8123
# Game ID: 943
# Board class: Saboteur.SaboteurBoard
# Timeout: 2000
# First Move Timeout: 30000
# Date: Sat Apr 11 21:21:35 EDT 2020
# Player 1: Player-0, '260729564', running on 127.0.0.1
# Player 2: Player-1, 'RandomPlayer', running on 127.0.0.1
START Player-0 260729564
START Player-1 RandomPlayer
BoardInit:Tile:8,Tile:3,Map,Tile:12,Bonus,Tile:9,Map,Tile:0,Tile:0,Tile:0,Tile:13,Bonus,Tile:7,Tile:6,Tile:1,Map,Bonus,Tile:9,Destroy,Tile:8,Map,Tile:8,Tile:7,Destroy,Malus,Tile:7,Tile:6,Tile:10,Tile:8,Destroy,Tile:4,Malus,Map,Tile:14,Tile:7,Tile:9,Tile:6,Tile:10,Tile:5,Tile:9,Bonus-Tile:6,Tile:8,Tile:2,Tile:6,Tile:7,Tile:15,Tile:5-Tile:0,Tile:5,Map,Tile:11,Tile:9,Tile:5,Tile:10-Tile:hidden1,Tile:nugget,Tile:hidden2
Tile:5 5 4 1
Map 12 3 0
Tile:15 5 6 1
Tile:9_flip 6 4 0
Drop 1 0 1
Tile:10 6 3 0
Tile:8 6 5 1
Tile:9_flip 7 5 0
Tile:6 5 7 1
Tile:5 7 4 0
Tile:7_flip 6 6 1
Tile:5_flip 8 4 0
Tile:6_flip 6 7 1
Drop 1 0 0
Map 12 7 1
Tile:6_flip 8 3 0
Tile:2_flip 4 5 1
Map 12 5 0
Tile:7 4 4 1
Tile:9_flip 9 3 0
Destroy 7 4 1
Tile:8 7 6 0
Map 12 7 1
Tile:8 8 6 0
Drop 4 0 1
Tile:0 9 6 0
Tile:0 3 4 1
Tile:0 10 6 0
Tile:6_flip 2 4 1
Tile:0 11 6 0
Tile:13 2 5 1
Tile:7 12 6 0
Tile:4_flip 12 8 1
Malus 0 0 0
Drop 4 0 1
Tile:10 8 7 0
Drop 0 0 1
Tile:9_flip 13 7 0
Map 12 3 1
Tile:10 13 6 0
Drop 4 0 1
Tile:9 13 5 0
Drop 4 0 1
Destroy 12 8 0
Drop 1 0 1
Destroy 12 6 0
Map 12 5 1
Drop 0 0 0
Drop 2 0 1
Drop 0 0 0
Drop 0 0 1
Drop 1 0 0
Bonus 0 0 1
Drop 0 0 0
Tile:8 1 5 1
GAMEOVER DRAW
# Game ended: Sat Apr 11 21:21:36 EDT 2020
