# Server version 0.08 running on 192.168.2.221:8123
# Game ID: 484
# Board class: Saboteur.SaboteurBoard
# Timeout: 2000
# First Move Timeout: 30000
# Date: Sat Apr 11 20:40:18 EDT 2020
# Player 1: Player-0, 'RandomPlayer', running on 127.0.0.1
# Player 2: Player-1, '260729564', running on 127.0.0.1
START Player-0 RandomPlayer
START Player-1 260729564
BoardInit:Tile:10,Tile:11,Tile:8,Bonus,Bonus,Tile:5,Tile:6,Tile:14,Tile:8,Tile:5,Destroy,Map,Tile:0,Tile:10,Tile:15,Tile:9,Tile:9,Tile:12,Tile:5,Map,Bonus,Tile:8,Map,Tile:7,Tile:10,Tile:0,Bonus,Tile:6,Tile:0,Tile:8,Tile:2,Tile:9,Tile:6,Malus,Tile:7,Tile:9,Tile:13,Map,Tile:7,Tile:3,Map-Tile:1,Malus,Tile:6,Destroy,Tile:8,Tile:4,Tile:5-Tile:7,Tile:0,Tile:9,Tile:6,Destroy,Tile:7,Map-Tile:hidden1,Tile:nugget,Tile:hidden2
Malus 0 0 1
Map 12 3 0
Tile:8 6 5 1
Drop 1 0 0
Tile:8 7 5 1
Drop 2 0 0
Tile:6 8 5 1
Drop 2 0 0
Tile:6 9 5 1
Drop 5 0 0
Tile:8 10 5 1
Bonus 0 0 0
Tile:10 10 4 1
Tile:7 10 3 0
Tile:0 11 5 1
GAMEOVER WINNER 1
# Game ended: Sat Apr 11 20:40:18 EDT 2020
