# Server version 0.08 running on 192.168.2.221:8123
# Game ID: 855
# Board class: Saboteur.SaboteurBoard
# Timeout: 2000
# First Move Timeout: 30000
# Date: Sat Apr 11 21:16:02 EDT 2020
# Player 1: Player-0, '260729564', running on 127.0.0.1
# Player 2: Player-1, 'RandomPlayer', running on 127.0.0.1
START Player-0 260729564
START Player-1 RandomPlayer
BoardInit:Tile:5,Map,Tile:8,Bonus,Tile:4,Map,Map,Tile:0,Destroy,Tile:7,Tile:2,Destroy,Tile:5,Tile:6,Tile:8,Tile:15,Tile:0,Tile:9,Tile:7,Tile:0,Tile:3,Malus,Map,Tile:12,Tile:0,Tile:6,Map,Tile:6,Tile:7,Tile:11,Destroy,Tile:9,Tile:8,Tile:10,Tile:13,Tile:5,Tile:6,Tile:7,Bonus,Bonus,Tile:7-Malus,Tile:5,Tile:10,Tile:9,Tile:14,Tile:8,Map-Tile:9,Tile:9,Tile:8,Tile:6,Bonus,Tile:1,Tile:10-Tile:hidden1,Tile:hidden2,Tile:nugget
Tile:8 4 5 1
Tile:8 6 5 0
Tile:9 6 4 1
Map 12 3 0
Tile:10 6 6 1
Tile:6 7 4 0
Tile:4_flip 4 6 1
Map 12 5 0
Tile:5 7 3 1
Tile:0 8 4 0
Malus 0 0 1
Bonus 0 0 0
Tile:2_flip 6 7 1
Tile:7 7 5 0
Tile:5 4 4 1
Tile:6_flip 9 4 0
Drop 5 0 1
Tile:9_flip 10 4 0
Map 12 7 1
Tile:9 10 5 0
Tile:14 8 3 1
Tile:0 11 5 0
Tile:8 10 6 1
Malus 0 0 0
Destroy 7 3 1
Tile:10 12 6 0
GAMEOVER WINNER 0
# Game ended: Sat Apr 11 21:16:03 EDT 2020
