# Server version 0.08 running on 192.168.2.221:8123
# Game ID: 802
# Board class: Saboteur.SaboteurBoard
# Timeout: 2000
# First Move Timeout: 30000
# Date: Sat Apr 11 21:12:58 EDT 2020
# Player 1: Player-0, 'RandomPlayer', running on 127.0.0.1
# Player 2: Player-1, '260729564', running on 127.0.0.1
START Player-0 RandomPlayer
START Player-1 260729564
BoardInit:Destroy,Tile:7,Destroy,Tile:6,Bonus,Tile:9,Malus,Tile:7,Tile:6,Map,Map,Tile:7,Tile:0,Tile:5,Tile:6,Malus,Map,Tile:9,Tile:2,Tile:8,Tile:4,Tile:0,Tile:11,Bonus,Tile:5,Tile:9,Tile:9,Tile:12,Tile:15,Tile:10,Tile:5,Tile:0,Tile:8,Tile:6,Tile:14,Tile:8,Map,Tile:7,Tile:1,Tile:5,Tile:6-Tile:7,Tile:8,Tile:0,Tile:10,Tile:9,Bonus,Bonus-Tile:13,Destroy,Map,Map,Tile:8,Tile:10,Tile:3-Tile:hidden1,Tile:hidden2,Tile:nugget
Tile:8 6 5 1
Tile:8 6 4 0
Tile:9_flip 7 4 1
Tile:10 7 3 0
Tile:10 7 2 1
Tile:13 7 1 0
Tile:7_flip 6 6 1
Destroy 7 2 0
Malus 0 0 1
Drop 1 0 0
Tile:0 7 6 1
Drop 3 0 0
Map 12 3 1
Drop 5 0 0
Tile:6 8 6 1
Map 12 7 0
Tile:0 9 6 1
Drop 1 0 0
Map 12 5 1
Drop 3 0 0
Tile:6_flip 10 6 1
Drop 2 0 0
Drop 1 0 1
Drop 3 0 0
Drop 3 0 1
Drop 5 0 0
Tile:5_flip 11 6 1
Drop 0 0 0
Tile:9_flip 10 7 1
Drop 6 0 0
Drop 3 0 1
Drop 1 0 0
Tile:5 11 5 1
Drop 4 0 0
Tile:8 13 5 1
Drop 0 0 0
Destroy 11 5 1
Drop 4 0 0
Drop 2 0 1
Drop 0 0 0
Drop 2 0 1
Drop 4 0 0
Tile:6_flip 11 5 1
Bonus 0 0 0
Drop 2 0 1
Tile:7 12 4 0
Destroy 12 4 1
Tile:8 7 2 0
Drop 1 0 1
Tile:10 6 3 0
Drop 1 0 1
Tile:6_flip 4 5 0
Drop 1 0 1
Tile:5_flip 7 5 0
Drop 0 0 1
GAMEOVER DRAW
# Game ended: Sat Apr 11 21:12:58 EDT 2020
