# Server version 0.08 running on 192.168.2.221:8123
# Game ID: 636
# Board class: Saboteur.SaboteurBoard
# Timeout: 2000
# First Move Timeout: 30000
# Date: Sat Apr 11 21:00:33 EDT 2020
# Player 1: Player-0, 'RandomPlayer', running on 127.0.0.1
# Player 2: Player-1, '260729564', running on 127.0.0.1
START Player-0 RandomPlayer
START Player-1 260729564
BoardInit:Bonus,Map,Tile:6,Tile:8,Destroy,Tile:2,Tile:13,Destroy,Tile:6,Tile:1,Destroy,Tile:8,Bonus,Tile:9,Tile:7,Tile:10,Tile:0,Tile:12,Tile:6,Tile:10,Map,Tile:7,Tile:8,Map,Tile:9,Tile:10,Tile:7,Bonus,Tile:3,Tile:9,Tile:7,Map,Tile:5,Tile:0,Tile:0,Malus,Tile:5,Map,Bonus,Tile:5,Malus-Tile:5,Tile:14,Tile:6,Tile:6,Tile:9,Tile:0,Tile:8-Tile:9,Map,Tile:8,Tile:15,Tile:7,Tile:4,Tile:11-Tile:nugget,Tile:hidden1,Tile:hidden2
Tile:8 6 5 1
Tile:15 5 6 0
Tile:9_flip 7 5 1
Tile:4 5 4 0
Tile:6 7 6 1
Tile:8 5 7 0
Tile:6 8 6 1
Tile:11 6 6 0
Tile:0 9 6 1
Tile:2_flip 4 7 0
Tile:6 10 6 1
Tile:7 11 6 0
Tile:6 11 7 1
Tile:8 6 7 0
Tile:5_flip 13 7 1
Tile:9_flip 6 8 0
Tile:7_flip 12 8 1
Tile:8 6 9 0
Tile:0 13 8 1
Drop 1 0 0
Tile:6_flip 13 6 1
Tile:10 4 6 0
Map 12 3 1
Destroy 5 7 0
Tile:8 10 5 1
Tile:9 6 4 0
Tile:9_flip 10 4 1
Tile:1 7 7 0
Tile:7_flip 9 4 1
Tile:12 11 5 0
Destroy 11 5 1
Tile:7 8 7 0
Destroy 12 8 1
Tile:9 5 9 0
Tile:5 12 6 1
Drop 4 0 0
Tile:0 11 5 1
Tile:10 8 5 0
Tile:3_flip 8 8 1
Drop 6 0 0
Tile:7_flip 3 7 1
Tile:5 6 3 0
Malus 0 0 1
Drop 3 0 0
Tile:5_flip 13 5 1
Drop 2 0 0
Drop 0 0 1
Drop 3 0 0
Drop 1 0 1
Drop 1 0 0
Drop 1 0 1
Map 12 3 0
Drop 1 0 1
Drop 0 0 0
Drop 0 0 1
GAMEOVER DRAW
# Game ended: Sat Apr 11 21:00:40 EDT 2020
