# Server version 0.08 running on 192.168.2.221:8123
# Game ID: 1310
# Board class: Saboteur.SaboteurBoard
# Timeout: 2000
# First Move Timeout: 30000
# Date: Sat Apr 11 21:47:33 EDT 2020
# Player 1: Player-0, 'RandomPlayer', running on 127.0.0.1
# Player 2: Player-1, '260729564', running on 127.0.0.1
START Player-0 RandomPlayer
START Player-1 260729564
BoardInit:Tile:7,Tile:13,Tile:0,Tile:5,Tile:10,Destroy,Tile:3,Tile:7,Tile:7,Tile:10,Map,Tile:6,Tile:9,Tile:8,Tile:5,Tile:15,Malus,Tile:6,Tile:8,Tile:5,Destroy,Tile:9,Tile:11,Tile:0,Tile:1,Bonus,Tile:6,Tile:0,Tile:14,Tile:8,Map,Tile:6,Tile:9,Map,Tile:4,Map,Destroy,Bonus,Tile:6,Tile:2,Tile:0-Bonus,Tile:12,Tile:7,Tile:9,Bonus,Tile:8,Tile:9-Malus,Map,Tile:10,Tile:8,Tile:7,Map,Tile:5-Tile:hidden1,Tile:nugget,Tile:hidden2
Tile:8 6 5 1
Tile:7 7 5 0
Tile:9 7 6 1
Tile:8 5 4 0
Tile:0 8 6 1
Tile:13 5 3 0
Tile:9_flip 9 6 1
Tile:5_flip 6 6 0
Tile:10 9 5 1
Destroy 6 5 0
Tile:7 6 4 1
Tile:7_flip 5 6 0
Map 12 3 1
Tile:5_flip 7 7 0
Drop 1 0 1
Tile:8 6 5 0
Tile:9 9 4 1
Drop 1 0 0
Malus 0 0 1
Map 12 7 0
Tile:8 10 4 1
Drop 2 0 0
Tile:7 11 4 1
Drop 3 0 0
Tile:7_flip 11 5 1
GAMEOVER WINNER 1
# Game ended: Sat Apr 11 21:47:34 EDT 2020
