# Server version 0.08 running on 192.168.2.221:8123
# Game ID: 1197
# Board class: Saboteur.SaboteurBoard
# Timeout: 2000
# First Move Timeout: 30000
# Date: Sat Apr 11 21:38:04 EDT 2020
# Player 1: Player-0, '260729564', running on 127.0.0.1
# Player 2: Player-1, 'RandomPlayer', running on 127.0.0.1
START Player-0 260729564
START Player-1 RandomPlayer
BoardInit:Tile:8,Malus,Destroy,Tile:6,Tile:9,Tile:5,Tile:6,Tile:11,Tile:8,Tile:8,Tile:3,Tile:4,Bonus,Tile:9,Tile:6,Tile:5,Bonus,Destroy,Tile:8,Tile:2,Map,Map,Tile:10,Bonus,Tile:9,Tile:10,Tile:14,Tile:9,Bonus,Tile:6,Tile:6,Tile:12,Tile:9,Map,Tile:5,Tile:7,Map,Tile:1,Map,Tile:8,Tile:7-Map,Tile:0,Tile:0,Tile:10,Tile:7,Tile:0,Tile:0-Tile:7,Tile:5,Tile:7,Tile:15,Malus,Tile:13,Destroy-Tile:hidden2,Tile:nugget,Tile:hidden1
Tile:0 4 5 1
Malus 0 0 0
Map 12 3 1
Malus 0 0 0
Drop 4 0 1
Tile:6 6 5 0
Drop 5 0 1
Tile:7 7 5 0
Drop 1 0 1
Tile:7_flip 7 6 0
Drop 4 0 1
Tile:8 8 6 0
Drop 0 0 1
Tile:5_flip 9 6 0
Drop 5 0 1
Tile:9 9 5 0
Drop 1 0 1
Tile:5_flip 10 5 0
Drop 2 0 1
Tile:5 10 4 0
Drop 4 0 1
Drop 0 0 0
Drop 5 0 1
Map 12 3 0
Drop 0 0 1
Drop 0 0 0
Map 12 7 1
Tile:10 9 4 0
Drop 2 0 1
Tile:9_flip 11 4 0
Drop 4 0 1
Tile:6_flip 11 3 0
Drop 6 0 1
Drop 1 0 0
Drop 4 0 1
Map 12 5 0
Drop 3 0 1
Tile:7_flip 12 4 0
Map 12 5 1
Destroy 12 4 0
Drop 2 0 1
Tile:8 13 3 0
Drop 4 0 1
Drop 0 0 0
Drop 1 0 1
Drop 1 0 0
Map 12 5 1
Drop 2 0 0
Drop 2 0 1
Drop 2 0 0
Drop 0 0 1
Destroy 11 3 0
Bonus 0 0 1
Drop 0 0 0
Drop 0 0 1
GAMEOVER DRAW
# Game ended: Sat Apr 11 21:38:06 EDT 2020
