# Server version 0.08 running on 192.168.2.221:8123
# Game ID: 842
# Board class: Saboteur.SaboteurBoard
# Timeout: 2000
# First Move Timeout: 30000
# Date: Sat Apr 11 21:14:34 EDT 2020
# Player 1: Player-0, 'RandomPlayer', running on 127.0.0.1
# Player 2: Player-1, '260729564', running on 127.0.0.1
START Player-0 RandomPlayer
START Player-1 260729564
BoardInit:Tile:12,Tile:7,Destroy,Tile:10,Map,Tile:6,Tile:9,Tile:7,Map,Map,Tile:9,Tile:1,Tile:8,Tile:9,Malus,Tile:10,Tile:5,Map,Tile:5,Tile:6,Tile:4,Tile:8,Malus,Tile:8,Tile:0,Tile:7,Tile:7,Tile:7,Tile:14,Tile:3,Tile:8,Tile:0,Tile:6,Tile:8,Tile:15,Bonus,Tile:10,Destroy,Bonus,Bonus,Tile:0-Tile:11,Tile:0,Tile:6,Tile:9,Map,Tile:9,Tile:6-Tile:5,Tile:5,Tile:13,Bonus,Destroy,Map,Tile:2-Tile:hidden2,Tile:hidden1,Tile:nugget
Map 12 3 1
Drop 3 0 0
Tile:9_flip 6 5 1
Tile:13 5 4 0
Tile:9 6 6 1
Tile:7_flip 4 5 0
Map 12 5 1
Tile:5_flip 5 6 0
Tile:9_flip 7 6 1
Tile:6_flip 6 4 0
Tile:6 7 7 1
Tile:2 7 4 0
Tile:9_flip 8 7 1
Map 12 7 0
Tile:8 8 8 1
Tile:5 4 6 0
Malus 0 0 1
Destroy 6 4 0
Tile:0 9 8 1
Drop 1 0 0
Tile:6 10 8 1
Map 12 3 0
Tile:5_flip 11 8 1
Map 12 7 0
Malus 0 0 1
Drop 2 0 0
Tile:0 7 8 1
Drop 0 0 0
Tile:5 11 7 1
GAMEOVER WINNER 1
# Game ended: Sat Apr 11 21:14:34 EDT 2020
