# Server version 0.08 running on 192.168.2.221:8123
# Game ID: 441
# Board class: Saboteur.SaboteurBoard
# Timeout: 2000
# First Move Timeout: 30000
# Date: Sat Apr 11 20:35:52 EDT 2020
# Player 1: Player-0, '260729564', running on 127.0.0.1
# Player 2: Player-1, 'RandomPlayer', running on 127.0.0.1
START Player-0 260729564
START Player-1 RandomPlayer
BoardInit:Map,Tile:12,Destroy,Tile:13,Tile:8,Tile:3,Tile:5,Map,Tile:9,Tile:9,Tile:8,Bonus,Tile:6,Tile:7,Destroy,Tile:9,Tile:1,Tile:9,Tile:6,Tile:6,Tile:2,Tile:5,Tile:10,Tile:7,Tile:14,Malus,Tile:6,Tile:7,Tile:7,Tile:5,Malus,Tile:10,Tile:0,Tile:0,Map,Tile:8,Bonus,Tile:5,Tile:0,Tile:10,Bonus-Tile:8,Map,Tile:7,Map,Tile:11,Tile:8,Destroy-Tile:6,Tile:9,Bonus,Tile:4,Map,Tile:15,Tile:0-Tile:hidden2,Tile:hidden1,Tile:nugget
Tile:8 5 4 1
Map 12 3 0
Map 12 5 1
Tile:9_flip 6 4 0
Tile:8 5 6 1
Tile:6 6 6 0
Drop 2 0 1
Tile:0 7 6 0
Destroy 6 6 1
Map 12 5 0
Tile:5 6 3 1
Tile:9_flip 7 3 0
Map 12 5 1
Drop 1 0 0
Drop 3 0 1
Tile:7_flip 7 4 0
Destroy 5 6 1
Tile:9_flip 8 4 0
Tile:7 7 2 1
Tile:9 8 5 0
Destroy 6 3 1
Tile:6_flip 6 3 0
Tile:6 6 2 1
Tile:5_flip 9 5 0
Tile:9 6 1 1
Tile:7_flip 5 6 0
Tile:6 4 5 1
Malus 0 0 0
Drop 4 0 1
Tile:7_flip 5 2 0
Map 12 3 1
Tile:5 9 4 0
Drop 4 0 1
Tile:10 8 3 0
Drop 0 0 1
Tile:0 10 4 0
Map 12 7 1
Tile:8 11 4 0
Malus 0 0 1
Bonus 0 0 0
Drop 4 0 1
Tile:5_flip 12 4 0
Bonus 0 0 1
Tile:10 12 2 0
Tile:7_flip 11 5 1
Drop 0 0 0
Tile:1 7 1 1
Drop 0 0 0
Tile:2 4 4 1
Drop 0 0 0
Tile:14_flip 5 3 1
Drop 0 0 0
Tile:0 13 5 1
Drop 0 0 0
Drop 0 0 1
GAMEOVER DRAW
# Game ended: Sat Apr 11 20:35:53 EDT 2020
