# Server version 0.08 running on 192.168.2.221:8123
# Game ID: 41
# Board class: Saboteur.SaboteurBoard
# Timeout: 2000
# First Move Timeout: 30000
# Date: Sat Apr 11 16:04:46 EDT 2020
# Player 1: Player-0, '260729564', running on 127.0.0.1
# Player 2: Player-1, 'RandomPlayer', running on 127.0.0.1
START Player-0 260729564
START Player-1 RandomPlayer
BoardInit:Tile:9,Tile:5,Tile:2,Tile:9,Tile:14,Tile:0,Map,Tile:7,Bonus,Destroy,Tile:12,Tile:1,Tile:6,Map,Malus,Tile:5,Tile:11,Tile:10,Tile:8,Tile:8,Malus,Tile:0,Tile:0,Destroy,Tile:9,Tile:10,Bonus,Tile:5,Tile:7,Tile:8,Bonus,Tile:7,Map,Tile:6,Tile:10,Tile:6,Map,Tile:9,Bonus,Destroy,Tile:3-Tile:13,Tile:6,Tile:8,Tile:9,Tile:8,Tile:6,Map-Tile:15,Tile:7,Tile:0,Tile:7,Tile:4,Map,Tile:5-Tile:hidden1,Tile:hidden2,Tile:nugget
Tile:8 5 4 1
Map 12 3 0
Tile:6 6 4 1
Tile:0 7 4 0
Drop 4 0 1
Drop 0 0 0
Tile:2 6 5 1
Tile:0 8 4 0
Tile:9_flip 6 6 1
Drop 2 0 0
Tile:9 4 5 1
Tile:5 6 3 0
Tile:13 5 6 1
Drop 6 0 0
Tile:6 4 6 1
Map 12 5 0
Tile:8 4 4 1
Tile:9_flip 9 4 0
Tile:14 6 7 1
Tile:10 9 5 0
Tile:11 4 3 1
Tile:8 3 4 0
Tile:6 3 6 1
Tile:0 7 5 0
Tile:8 9 6 1
Tile:7 10 6 0
Map 12 3 1
Tile:7_flip 10 7 0
Drop 6 0 1
Drop 2 0 0
Tile:9 4 2 1
Tile:8 2 4 0
Tile:7 8 5 1
Tile:5 1 4 0
Tile:12 5 2 1
Destroy 4 2 0
Tile:10 3 5 1
Tile:5 9 3 0
Tile:0 11 7 1
GAMEOVER WINNER 1
# Game ended: Sat Apr 11 16:04:53 EDT 2020
