# Server version 0.08 running on 192.168.2.221:8123
# Game ID: 950
# Board class: Saboteur.SaboteurBoard
# Timeout: 2000
# First Move Timeout: 30000
# Date: Sat Apr 11 21:21:55 EDT 2020
# Player 1: Player-0, 'RandomPlayer', running on 127.0.0.1
# Player 2: Player-1, '260729564', running on 127.0.0.1
START Player-0 RandomPlayer
START Player-1 260729564
BoardInit:Tile:6,Tile:3,Tile:9,Tile:8,Tile:5,Tile:1,Bonus,Tile:9,Tile:12,Tile:0,Tile:0,Map,Tile:6,Tile:13,Tile:7,Tile:5,Tile:0,Destroy,Tile:7,Tile:8,Map,Bonus,Tile:9,Tile:14,Tile:11,Tile:8,Tile:6,Map,Tile:10,Tile:8,Tile:7,Tile:6,Map,Malus,Tile:8,Tile:0,Tile:10,Tile:9,Destroy,Tile:10,Tile:7-Tile:6,Tile:2,Malus,Tile:15,Destroy,Map,Bonus-Tile:7,Bonus,Tile:9,Tile:5,Tile:4,Map,Tile:5-Tile:nugget,Tile:hidden2,Tile:hidden1
Map 12 3 1
Tile:5 5 4 0
Malus 0 0 1
Drop 5 0 0
Tile:9_flip 6 4 1
Map 12 5 0
Tile:6_flip 6 3 1
Drop 3 0 0
Tile:6 7 3 1
Drop 5 0 0
Tile:5_flip 8 3 1
Bonus 0 0 0
Tile:0 5 3 1
Tile:9_flip 7 2 0
Tile:6_flip 7 1 1
Tile:9 5 6 0
Tile:7 8 1 1
Tile:0 6 2 0
Tile:0 6 1 1
Tile:7_flip 5 2 0
Tile:7 6 6 1
Destroy 6 1 0
Drop 0 0 1
Tile:5 4 5 0
Tile:9 8 2 1
Tile:8 6 7 0
Drop 0 0 1
Tile:13 7 7 0
Tile:6_flip 9 2 1
Drop 2 0 0
Tile:10 9 3 1
Tile:3 5 1 0
Tile:7 10 2 1
Tile:6_flip 8 7 0
Drop 2 0 1
Tile:8 9 7 0
Tile:8 9 4 1
Tile:14_flip 7 6 0
Tile:10 10 3 1
Tile:9_flip 10 7 0
Drop 2 0 1
Drop 2 0 0
Tile:7_flip 9 5 1
Tile:0 4 1 0
Drop 2 0 1
Drop 3 0 0
Drop 2 0 1
Tile:8 6 8 0
Drop 2 0 1
Map 12 5 0
Destroy 9 2 1
Tile:10 4 6 0
Destroy 6 4 1
Drop 0 0 0
Drop 0 0 1
GAMEOVER DRAW
# Game ended: Sat Apr 11 21:21:55 EDT 2020
