# Server version 0.08 running on 192.168.2.221:8123
# Game ID: 1285
# Board class: Saboteur.SaboteurBoard
# Timeout: 2000
# First Move Timeout: 30000
# Date: Sat Apr 11 21:43:20 EDT 2020
# Player 1: Player-0, '260729564', running on 127.0.0.1
# Player 2: Player-1, 'RandomPlayer', running on 127.0.0.1
START Player-0 260729564
START Player-1 RandomPlayer
BoardInit:Tile:12,Tile:7,Map,Destroy,Tile:1,Tile:5,Tile:5,Bonus,Tile:14,Tile:7,Map,Malus,Tile:9,Tile:13,Map,Tile:6,Tile:10,Tile:0,Tile:4,Malus,Tile:6,Tile:0,Tile:3,Tile:7,Tile:0,Tile:8,Tile:9,Tile:7,Tile:2,Tile:7,Tile:9,Tile:9,Tile:8,Bonus,Tile:10,Tile:6,Bonus,Tile:10,Bonus,Map,Tile:9-Map,Tile:6,Tile:8,Tile:5,Tile:8,Tile:11,Destroy-Tile:6,Map,Tile:5,Destroy,Tile:15,Tile:0,Tile:8-Tile:nugget,Tile:hidden2,Tile:hidden1
Tile:11 5 6 1
Map 12 3 0
Tile:6_flip 6 6 1
Tile:8 5 4 0
Tile:8 6 4 1
Tile:6 7 4 0
Map 12 3 1
Tile:0 8 4 0
Tile:5 5 3 1
Tile:5_flip 9 4 0
Tile:14_flip 9 3 1
Tile:5 7 3 0
Tile:5_flip 7 6 1
Malus 0 0 0
Map 12 7 1
Drop 1 0 0
Destroy 8 4 1
Tile:6 8 4 0
Drop 1 0 1
Drop 5 0 0
Map 12 3 1
Malus 0 0 0
Map 12 7 1
Destroy 9 4 0
Drop 2 0 1
Tile:7 8 3 0
Drop 0 0 1
Tile:8 9 4 0
Drop 5 0 1
Tile:0 10 4 0
Drop 0 0 1
Tile:0 11 4 0
Drop 6 0 1
Tile:9_flip 12 4 0
GAMEOVER WINNER 0
# Game ended: Sat Apr 11 21:43:20 EDT 2020
