# Server version 0.08 running on 192.168.2.221:8123
# Game ID: 879
# Board class: Saboteur.SaboteurBoard
# Timeout: 2000
# First Move Timeout: 30000
# Date: Sat Apr 11 21:18:33 EDT 2020
# Player 1: Player-0, '260729564', running on 127.0.0.1
# Player 2: Player-1, 'RandomPlayer', running on 127.0.0.1
START Player-0 260729564
START Player-1 RandomPlayer
BoardInit:Tile:7,Tile:6,Tile:7,Tile:8,Tile:4,Malus,Malus,Tile:15,Tile:10,Tile:9,Tile:5,Tile:2,Map,Tile:5,Tile:5,Tile:9,Map,Tile:0,Tile:12,Tile:9,Tile:6,Tile:8,Tile:7,Bonus,Tile:6,Map,Bonus,Tile:9,Tile:10,Tile:5,Tile:8,Tile:8,Tile:13,Tile:9,Tile:6,Tile:11,Tile:10,Tile:7,Tile:1,Tile:0,Bonus-Tile:7,Tile:0,Tile:8,Map,Destroy,Map,Tile:0-Tile:6,Map,Tile:3,Destroy,Tile:14,Destroy,Bonus-Tile:hidden1,Tile:hidden2,Tile:nugget
Drop 2 0 1
Map 12 3 0
Tile:0 4 5 1
Tile:6 6 5 0
Tile:7 6 4 1
Tile:8 7 5 0
Map 12 5 1
Malus 0 0 0
Drop 3 0 1
Tile:6 8 5 0
Destroy 6 4 1
Tile:9_flip 9 5 0
Drop 6 0 1
Drop 0 0 0
Map 12 3 1
Tile:5 9 4 0
Drop 0 0 1
Tile:9_flip 10 4 0
Drop 3 0 1
Drop 1 0 0
Map 12 5 1
Tile:9 10 5 0
Map 12 3 1
Tile:0 11 5 0
Drop 5 0 1
Tile:8 12 6 0
GAMEOVER WINNER 0
# Game ended: Sat Apr 11 21:18:33 EDT 2020
