# Server version 0.08 running on 192.168.2.221:8123
# Game ID: 1315
# Board class: Saboteur.SaboteurBoard
# Timeout: 2000
# First Move Timeout: 30000
# Date: Sat Apr 11 21:47:59 EDT 2020
# Player 1: Player-0, '260729564', running on 127.0.0.1
# Player 2: Player-1, 'RandomPlayer', running on 127.0.0.1
START Player-0 260729564
START Player-1 RandomPlayer
BoardInit:Tile:7,Tile:10,Tile:9,Map,Tile:10,Tile:9,Tile:5,Tile:8,Bonus,Map,Tile:11,Tile:12,Tile:13,Map,Malus,Tile:8,Destroy,Tile:0,Malus,Tile:1,Tile:0,Tile:7,Tile:9,Map,Map,Bonus,Tile:6,Bonus,Tile:3,Tile:8,Tile:5,Tile:7,Bonus,Tile:6,Tile:6,Destroy,Tile:14,Tile:7,Destroy,Tile:15,Tile:9-Tile:4,Tile:10,Tile:2,Tile:7,Tile:0,Tile:0,Tile:5-Tile:8,Tile:5,Tile:6,Tile:8,Map,Tile:6,Tile:9-Tile:hidden2,Tile:hidden1,Tile:nugget
Tile:4_flip 5 6 1
Map 12 3 0
Tile:7_flip 4 5 1
Tile:8 6 5 0
Tile:5_flip 7 5 1
Map 12 5 0
Tile:2 5 4 1
Tile:8 7 4 0
Tile:9 6 6 1
Tile:8 8 4 0
Tile:7 8 3 1
Tile:9_flip 9 4 0
Tile:5 7 3 1
Tile:10 9 5 0
Tile:13 9 6 1
Tile:9 9 3 0
Tile:10 8 5 1
Tile:8 8 6 0
Malus 0 0 1
Drop 3 0 0
Tile:0 7 6 1
Drop 3 0 0
Tile:11 4 4 1
Drop 3 0 0
Destroy 7 5 1
Drop 4 0 0
Tile:10 8 7 1
Bonus 0 0 0
Tile:0 10 6 1
Tile:6 10 3 0
Drop 2 0 1
Tile:6 11 3 0
Tile:9_flip 12 4 1
GAMEOVER TIMEOUT WINNER 1
# Game ended: Sat Apr 11 21:48:04 EDT 2020
