# Server version 0.08 running on 192.168.2.221:8123
# Game ID: 371
# Board class: Saboteur.SaboteurBoard
# Timeout: 2000
# First Move Timeout: 30000
# Date: Sat Apr 11 20:31:43 EDT 2020
# Player 1: Player-0, '260729564', running on 127.0.0.1
# Player 2: Player-1, 'RandomPlayer', running on 127.0.0.1
START Player-0 260729564
START Player-1 RandomPlayer
BoardInit:Tile:11,Tile:9,Tile:9,Tile:9,Destroy,Tile:5,Bonus,Tile:0,Map,Tile:6,Tile:9,Tile:4,Tile:10,Map,Tile:14,Bonus,Tile:7,Tile:6,Map,Tile:8,Tile:7,Malus,Tile:12,Map,Map,Tile:8,Destroy,Tile:5,Tile:5,Tile:0,Tile:3,Tile:15,Tile:9,Bonus,Tile:2,Tile:10,Tile:10,Tile:6,Tile:5,Destroy,Tile:0-Tile:13,Tile:8,Tile:7,Tile:7,Tile:8,Tile:6,Bonus-Tile:0,Tile:8,Map,Malus,Tile:6,Tile:7,Tile:1-Tile:hidden1,Tile:nugget,Tile:hidden2
Tile:8 4 5 1
Map 12 3 0
Tile:7_flip 4 6 1
Malus 0 0 0
Drop 4 0 1
Tile:8 6 5 0
Destroy 4 6 1
Tile:9_flip 7 5 0
Drop 5 0 1
Tile:9 7 4 0
Drop 1 0 1
Tile:6_flip 8 4 0
Drop 6 0 1
Tile:0 9 4 0
Map 12 5 1
Map 12 5 0
Drop 1 0 1
Tile:0 10 4 0
Drop 3 0 1
Tile:6 11 4 0
Map 12 7 1
Tile:6_flip 12 4 0
GAMEOVER WINNER 0
# Game ended: Sat Apr 11 20:31:43 EDT 2020
