# Server version 0.08 running on 192.168.2.221:8123
# Game ID: 835
# Board class: Saboteur.SaboteurBoard
# Timeout: 2000
# First Move Timeout: 30000
# Date: Sat Apr 11 21:14:02 EDT 2020
# Player 1: Player-0, '260729564', running on 127.0.0.1
# Player 2: Player-1, 'RandomPlayer', running on 127.0.0.1
START Player-0 260729564
START Player-1 RandomPlayer
BoardInit:Tile:10,Tile:5,Tile:14,Tile:9,Tile:3,Tile:11,Tile:7,Tile:5,Tile:5,Tile:9,Destroy,Tile:9,Map,Map,Malus,Map,Map,Tile:9,Tile:0,Tile:9,Bonus,Tile:8,Tile:0,Bonus,Bonus,Tile:12,Destroy,Tile:13,Tile:6,Bonus,Tile:6,Tile:15,Tile:7,Malus,Tile:7,Tile:0,Tile:0,Tile:4,Tile:2,Destroy,Tile:6-Tile:10,Tile:1,Tile:6,Tile:7,Tile:6,Tile:8,Tile:8-Tile:8,Tile:10,Map,Map,Tile:5,Tile:7,Tile:8-Tile:nugget,Tile:hidden2,Tile:hidden1
Tile:7 5 4 1
Map 12 3 0
Tile:8 4 4 1
Tile:8 6 5 0
Tile:10 5 6 1
Tile:8 7 5 0
Drop 5 0 1
Tile:5 7 4 0
Tile:6_flip 3 4 1
Tile:5_flip 8 4 0
Tile:8 2 4 1
Tile:10 8 3 0
Tile:3 8 5 1
Tile:9 8 2 0
Tile:7_flip 4 5 1
Tile:9_flip 9 2 0
Tile:10 6 4 1
Tile:9 9 3 0
Map 12 3 1
Tile:9_flip 10 3 0
Tile:1 1 4 1
Tile:9 10 2 0
Drop 5 0 1
Tile:8 11 2 0
Destroy 5 6 1
Tile:5_flip 12 2 0
Tile:5 0 4 1
Tile:7_flip 11 3 0
GAMEOVER WINNER 0
# Game ended: Sat Apr 11 21:14:04 EDT 2020
