# Server version 0.08 running on 192.168.2.221:8123
# Game ID: 1143
# Board class: Saboteur.SaboteurBoard
# Timeout: 2000
# First Move Timeout: 30000
# Date: Sat Apr 11 21:35:25 EDT 2020
# Player 1: Player-0, '260729564', running on 127.0.0.1
# Player 2: Player-1, 'RandomPlayer', running on 127.0.0.1
START Player-0 260729564
START Player-1 RandomPlayer
BoardInit:Tile:4,Tile:5,Tile:11,Map,Destroy,Tile:8,Tile:8,Tile:9,Map,Tile:6,Tile:9,Tile:10,Tile:12,Tile:5,Tile:7,Tile:15,Tile:9,Destroy,Tile:8,Malus,Map,Tile:0,Bonus,Tile:8,Map,Tile:7,Tile:2,Bonus,Tile:0,Tile:5,Tile:14,Tile:5,Tile:7,Tile:7,Map,Tile:9,Tile:10,Tile:13,Bonus,Tile:8,Tile:6-Tile:0,Tile:3,Tile:9,Malus,Bonus,Tile:6,Tile:6-Destroy,Tile:0,Tile:7,Map,Tile:6,Tile:1,Tile:10-Tile:nugget,Tile:hidden1,Tile:hidden2
Tile:6 5 6 1
Map 12 3 0
Tile:9 5 4 1
Tile:5_flip 6 4 0
Tile:6_flip 4 6 1
Tile:10 6 3 0
Tile:3_flip 3 6 1
Tile:8 6 2 0
Tile:8 7 2 1
Tile:9_flip 8 2 0
Tile:11 8 1 1
Tile:7_flip 8 3 0
Map 12 5 1
Tile:0 9 3 0
Tile:12 6 6 1
Tile:5_flip 10 3 0
Tile:4 7 1 1
Tile:10 10 2 0
Tile:9_flip 8 0 1
Tile:6_flip 10 1 0
Tile:9 3 5 1
Malus 0 0 0
Drop 5 0 1
Tile:6_flip 11 1 0
Destroy 10 3 1
Tile:8 10 3 0
Map 12 3 1
Tile:0 12 1 0
Drop 5 0 1
Tile:7_flip 11 2 0
Malus 0 0 1
Bonus 0 0 0
Drop 6 0 1
GAMEOVER TIMEOUT WINNER 1
# Game ended: Sat Apr 11 21:35:31 EDT 2020
