# Server version 0.08 running on 192.168.2.221:8123
# Game ID: 692
# Board class: Saboteur.SaboteurBoard
# Timeout: 2000
# First Move Timeout: 30000
# Date: Sat Apr 11 21:06:31 EDT 2020
# Player 1: Player-0, 'RandomPlayer', running on 127.0.0.1
# Player 2: Player-1, '260729564', running on 127.0.0.1
START Player-0 RandomPlayer
START Player-1 260729564
BoardInit:Map,Map,Bonus,Tile:10,Map,Tile:3,Tile:13,Tile:7,Tile:5,Tile:7,Tile:0,Tile:6,Tile:15,Malus,Tile:5,Tile:6,Tile:7,Tile:4,Tile:8,Tile:7,Destroy,Tile:11,Tile:8,Tile:10,Tile:10,Tile:6,Tile:9,Tile:6,Malus,Destroy,Tile:8,Tile:0,Tile:8,Bonus,Map,Tile:0,Tile:1,Destroy,Tile:9,Map,Tile:14-Bonus,Tile:5,Map,Tile:9,Tile:0,Tile:2,Tile:8-Tile:6,Tile:9,Tile:7,Tile:12,Tile:5,Bonus,Tile:9-Tile:nugget,Tile:hidden1,Tile:hidden2
Map 12 3 1
Tile:9_flip 5 6 0
Tile:8 5 4 1
Tile:5_flip 5 7 0
Tile:0 6 4 1
Tile:6_flip 6 5 0
Tile:9_flip 7 4 1
Drop 6 0 0
Tile:5 7 3 1
Tile:12_flip 4 6 0
Tile:5_flip 8 3 1
Map 12 3 0
Drop 1 0 1
Tile:10 6 6 0
Drop 1 0 1
Tile:7 5 3 0
Tile:5 8 2 1
Tile:6_flip 9 2 0
Tile:0 10 2 1
Tile:7_flip 4 5 0
Tile:8 11 2 1
Drop 3 0 0
Tile:7_flip 11 3 1
GAMEOVER WINNER 1
# Game ended: Sat Apr 11 21:06:31 EDT 2020
