# Server version 0.08 running on 192.168.2.221:8123
# Game ID: 455
# Board class: Saboteur.SaboteurBoard
# Timeout: 2000
# First Move Timeout: 30000
# Date: Sat Apr 11 20:36:22 EDT 2020
# Player 1: Player-0, '260729564', running on 127.0.0.1
# Player 2: Player-1, 'RandomPlayer', running on 127.0.0.1
START Player-0 260729564
START Player-1 RandomPlayer
BoardInit:Malus,Map,Tile:10,Tile:8,Tile:2,Tile:10,Tile:15,Bonus,Tile:6,Map,Destroy,Tile:0,Tile:5,Tile:12,Tile:6,Tile:3,Tile:7,Tile:6,Tile:0,Tile:5,Map,Tile:4,Tile:9,Tile:9,Destroy,Destroy,Malus,Tile:8,Tile:7,Tile:6,Tile:5,Tile:8,Tile:13,Tile:9,Tile:0,Tile:5,Tile:6,Bonus,Tile:8,Tile:7,Tile:9-Tile:14,Tile:7,Bonus,Tile:0,Tile:11,Tile:8,Map-Tile:1,Map,Tile:10,Tile:9,Tile:7,Bonus,Map-Tile:hidden2,Tile:nugget,Tile:hidden1
Tile:11 5 4 1
Map 12 3 0
Tile:14 5 6 1
Map 12 5 0
Tile:0 4 5 1
Tile:8 6 5 0
Tile:2_flip 3 5 1
Tile:9_flip 7 5 0
Tile:10 3 4 1
Tile:10 7 4 0
Tile:15 7 6 1
Tile:10 6 6 0
Destroy 5 6 1
Tile:7_flip 6 7 0
Drop 2 0 1
Drop 0 0 0
Tile:6_flip 7 3 1
Tile:0 8 3 0
Tile:7 3 3 1
Tile:6 9 3 0
Tile:5 9 2 1
Tile:5_flip 10 3 0
Tile:6_flip 2 5 1
Drop 1 0 0
Tile:7 6 4 1
Tile:9_flip 10 2 0
Tile:9 5 3 1
Drop 1 0 0
Tile:0 6 3 1
Tile:8 10 1 0
Destroy 6 4 1
Tile:6 11 1 0
Map 12 7 1
Tile:8 12 1 0
Tile:13 11 0 1
GAMEOVER TIMEOUT WINNER 1
# Game ended: Sat Apr 11 20:36:26 EDT 2020
