# Server version 0.08 running on 192.168.2.221:8123
# Game ID: 11
# Board class: Saboteur.SaboteurBoard
# Timeout: 20000
# First Move Timeout: 30000
# Date: Sat Apr 11 14:12:26 EDT 2020
# Player 1: Player-0, '260729564', running on 192.168.2.221
# Player 2: Player-1, 'RandomPlayer', running on 192.168.2.221
START Player-0 260729564
START Player-1 RandomPlayer
BoardInit:Bonus,Tile:5,Tile:14,Map,Map,Tile:3,Map,Tile:8,Tile:10,Tile:7,Map,Tile:9,Tile:6,Destroy,Tile:7,Map,Tile:8,Tile:11,Map,Tile:7,Tile:6,Tile:6,Tile:15,Tile:9,Tile:5,Bonus,Tile:7,Bonus,Malus,Destroy,Tile:9,Tile:2,Tile:10,Tile:8,Tile:6,Tile:9,Destroy,Tile:0,Tile:4,Malus,Tile:0-Tile:13,Tile:0,Tile:5,Tile:6,Tile:8,Tile:1,Tile:0-Tile:7,Tile:10,Tile:12,Tile:9,Tile:8,Tile:5,Bonus-Tile:hidden1,Tile:nugget,Tile:hidden2
Tile:1 6 5 1
Tile:7 7 5 0
Tile:5_flip 7 6 1
Tile:10 5 4 0
Tile:0 6 6 1
Map 12 3 0
Tile:6_flip 5 3 1
Tile:9 5 6 0
Map 12 3 1
Tile:5_flip 6 3 0
Drop 3 0 1
Tile:8 4 3 0
Tile:8 6 2 1
Tile:8 4 2 0
Tile:13 3 3 1
Tile:9_flip 7 2 0
Tile:6 5 2 1
Map 12 5 0
Tile:0 4 5 1
Tile:5 7 1 0
Tile:7 6 1 1
Tile:7 8 1 0
Map 12 3 1
Tile:6 5 7 0
Tile:10 8 2 1
Tile:7_flip 8 3 0
Tile:5 4 7 1
Tile:9_flip 9 3 0
Tile:15 7 3 1
Drop 0 0 0
Drop 3 0 1
Drop 1 0 0
Tile:14 3 4 1
Drop 2 0 0
Tile:7_flip 7 4 1
Tile:8 3 2 0
Tile:8 3 1 1
Tile:9 9 4 0
Destroy 6 3 1
Tile:0 10 4 0
Map 12 3 1
Drop 3 0 0
Tile:4_flip 4 4 1
Drop 4 0 0
Tile:0 2 2 1
Drop 4 0 0
Tile:6_flip 1 2 1
Destroy 3 1 0
Tile:9_flip 4 1 1
Destroy 7 4 0
Tile:6 7 4 1
Drop 0 0 0
Tile:10 9 5 1
Drop 0 0 0
Malus 0 0 1
GAMEOVER DRAW
# Game ended: Sat Apr 11 14:12:29 EDT 2020
