# Server version 0.08 running on 192.168.2.221:8123
# Game ID: 1406
# Board class: Saboteur.SaboteurBoard
# Timeout: 2000
# First Move Timeout: 30000
# Date: Sat Apr 11 22:05:06 EDT 2020
# Player 1: Player-0, 'RandomPlayer', running on 127.0.0.1
# Player 2: Player-1, '260729564', running on 127.0.0.1
START Player-0 RandomPlayer
START Player-1 260729564
BoardInit:Tile:7,Map,Destroy,Tile:8,Tile:11,Destroy,Tile:8,Map,Tile:1,Tile:6,Tile:7,Tile:10,Tile:9,Tile:12,Map,Tile:7,Tile:9,Tile:8,Map,Tile:0,Tile:6,Malus,Tile:9,Tile:13,Destroy,Bonus,Tile:5,Tile:8,Tile:0,Tile:7,Tile:9,Tile:2,Bonus,Tile:14,Tile:5,Tile:10,Bonus,Malus,Tile:9,Tile:3,Bonus-Tile:0,Map,Tile:0,Tile:5,Tile:6,Tile:6,Tile:8-Tile:5,Tile:4,Tile:6,Tile:7,Tile:10,Tile:15,Map-Tile:hidden1,Tile:nugget,Tile:hidden2
Map 12 3 1
Tile:6_flip 6 5 0
Tile:8 7 5 1
Drop 1 0 0
Tile:0 8 5 1
Tile:8 7 6 0
Tile:0 9 5 1
Tile:10 7 7 0
Tile:8 10 5 1
Tile:7 8 6 0
Tile:6 11 5 1
GAMEOVER WINNER 1
# Game ended: Sat Apr 11 22:05:07 EDT 2020
