# Server version 0.08 running on 192.168.2.221:8123
# Game ID: 142
# Board class: Saboteur.SaboteurBoard
# Timeout: 2000
# First Move Timeout: 30000
# Date: Sat Apr 11 16:21:26 EDT 2020
# Player 1: Player-0, 'RandomPlayer', running on 127.0.0.1
# Player 2: Player-1, '260729564', running on 127.0.0.1
START Player-0 RandomPlayer
START Player-1 260729564
BoardInit:Tile:2,Tile:7,Tile:8,Tile:0,Tile:13,Tile:3,Tile:9,Tile:7,Tile:14,Map,Tile:8,Tile:7,Tile:12,Tile:9,Destroy,Tile:10,Tile:8,Tile:11,Destroy,Map,Tile:5,Tile:8,Map,Destroy,Map,Tile:1,Tile:9,Tile:6,Tile:5,Tile:9,Malus,Bonus,Tile:8,Malus,Tile:6,Tile:5,Tile:10,Bonus,Tile:0,Tile:7,Tile:6-Tile:4,Map,Tile:10,Bonus,Tile:15,Tile:6,Tile:7-Bonus,Tile:6,Map,Tile:0,Tile:0,Tile:9,Tile:5-Tile:hidden2,Tile:nugget,Tile:hidden1
Map 12 3 1
Tile:0 4 5 0
Tile:6 6 5 1
Tile:0 3 5 0
Tile:8 7 5 1
Tile:6_flip 6 4 0
Tile:7 8 5 1
Tile:7 7 4 0
Tile:10 8 6 1
Map 12 7 0
Tile:9 8 7 1
Tile:9 2 5 0
Tile:8 9 7 1
Drop 2 0 0
Drop 0 0 1
Tile:9 2 6 0
Drop 1 0 1
Tile:7_flip 8 8 0
Tile:8 10 7 1
Tile:3_flip 5 6 0
Drop 1 0 1
Tile:11_flip 11 7 0
Tile:5 10 6 1
Drop 1 0 0
Map 12 5 1
Map 12 7 0
Destroy 11 7 1
Destroy 8 5 0
Tile:9_flip 8 5 1
Drop 0 0 0
Tile:5_flip 11 6 1
Tile:7 2 4 0
Malus 0 0 1
Bonus 0 0 0
Tile:8 11 5 1
GAMEOVER WINNER 1
# Game ended: Sat Apr 11 16:21:26 EDT 2020
