# Server version 0.08 running on 192.168.2.221:8123
# Game ID: 1049
# Board class: Saboteur.SaboteurBoard
# Timeout: 2000
# First Move Timeout: 30000
# Date: Sat Apr 11 21:30:26 EDT 2020
# Player 1: Player-0, '260729564', running on 127.0.0.1
# Player 2: Player-1, 'RandomPlayer', running on 127.0.0.1
START Player-0 260729564
START Player-1 RandomPlayer
BoardInit:Tile:0,Tile:14,Tile:4,Map,Map,Tile:7,Tile:6,Bonus,Tile:15,Tile:7,Map,Tile:0,Tile:11,Destroy,Destroy,Bonus,Tile:2,Tile:5,Tile:8,Tile:6,Tile:10,Tile:8,Map,Destroy,Tile:9,Map,Tile:6,Tile:7,Tile:9,Tile:0,Map,Tile:7,Tile:12,Tile:8,Tile:8,Tile:1,Tile:5,Tile:3,Tile:7,Tile:5,Tile:9-Tile:0,Tile:10,Tile:6,Tile:13,Bonus,Tile:8,Malus-Tile:6,Tile:10,Tile:9,Tile:9,Bonus,Tile:5,Malus-Tile:nugget,Tile:hidden2,Tile:hidden1
Tile:10 5 4 1
Malus 0 0 0
Bonus 0 0 1
Tile:9_flip 6 5 0
Tile:8 5 6 1
Map 12 3 0
Drop 2 0 1
Tile:10 6 4 0
Malus 0 0 1
Bonus 0 0 0
Tile:0 4 5 1
Tile:9 6 3 0
Tile:15 5 7 1
Tile:6 7 3 0
Tile:6 3 5 1
Tile:0 8 3 0
Destroy 5 6 1
Tile:5_flip 9 3 0
Tile:4 3 4 1
Tile:5 9 2 0
Tile:2 2 5 1
Tile:6 10 2 0
Tile:6 5 8 1
Tile:8 11 2 0
Tile:11 6 6 1
Tile:7 12 2 0
GAMEOVER WINNER 0
# Game ended: Sat Apr 11 21:30:26 EDT 2020
