# Server version 0.08 running on 192.168.2.221:8123
# Game ID: 404
# Board class: Saboteur.SaboteurBoard
# Timeout: 2000
# First Move Timeout: 30000
# Date: Sat Apr 11 20:33:15 EDT 2020
# Player 1: Player-0, 'RandomPlayer', running on 127.0.0.1
# Player 2: Player-1, '260729564', running on 127.0.0.1
START Player-0 RandomPlayer
START Player-1 260729564
BoardInit:Map,Tile:8,Destroy,Tile:8,Bonus,Tile:12,Map,Destroy,Tile:3,Tile:9,Tile:10,Tile:1,Map,Tile:5,Tile:6,Tile:15,Bonus,Tile:9,Tile:5,Map,Tile:9,Tile:0,Tile:4,Malus,Tile:6,Bonus,Malus,Tile:0,Bonus,Tile:9,Tile:8,Tile:0,Tile:9,Tile:7,Tile:7,Tile:11,Tile:0,Tile:7,Tile:14,Tile:6,Tile:2-Tile:6,Tile:8,Tile:5,Destroy,Tile:8,Tile:5,Tile:10-Tile:7,Tile:6,Tile:13,Map,Tile:7,Tile:10,Map-Tile:hidden1,Tile:hidden2,Tile:nugget
Tile:8 6 5 1
Drop 5 0 0
Map 12 3 1
Tile:7 5 4 0
Tile:8 7 5 1
Tile:6 4 5 0
Tile:6 8 5 1
Tile:13 7 4 0
Map 12 5 1
Tile:8 8 4 0
Tile:10 7 6 1
Tile:9_flip 9 5 0
Tile:10 9 6 1
Tile:8 7 3 0
Tile:5 6 4 1
Tile:7_flip 9 7 0
Tile:6 10 7 1
Tile:5_flip 11 7 0
Tile:5 11 6 1
Drop 0 0 0
Tile:5_flip 12 6 1
Tile:12 13 5 0
Destroy 9 5 1
Tile:9 12 4 0
Tile:9_flip 9 5 1
Tile:15 12 2 0
GAMEOVER TIMEOUT WINNER 0
# Game ended: Sat Apr 11 20:33:21 EDT 2020
