# Server version 0.08 running on 192.168.2.221:8123
# Game ID: 1264
# Board class: Saboteur.SaboteurBoard
# Timeout: 2000
# First Move Timeout: 30000
# Date: Sat Apr 11 21:42:19 EDT 2020
# Player 1: Player-0, 'RandomPlayer', running on 127.0.0.1
# Player 2: Player-1, '260729564', running on 127.0.0.1
START Player-0 RandomPlayer
START Player-1 260729564
BoardInit:Tile:9,Tile:14,Map,Tile:6,Tile:10,Tile:8,Tile:9,Tile:9,Tile:12,Destroy,Bonus,Tile:6,Bonus,Tile:6,Tile:3,Malus,Map,Tile:9,Tile:15,Destroy,Tile:0,Tile:2,Tile:0,Tile:6,Tile:0,Tile:7,Tile:11,Bonus,Malus,Tile:9,Tile:8,Tile:5,Tile:7,Tile:7,Tile:0,Destroy,Tile:8,Tile:5,Tile:7,Map,Tile:4-Tile:8,Tile:1,Tile:10,Tile:10,Tile:6,Tile:8,Map-Bonus,Tile:13,Tile:5,Map,Tile:5,Map,Tile:7-Tile:hidden2,Tile:hidden1,Tile:nugget
Map 12 3 1
Tile:13 5 6 0
Tile:8 6 5 1
Tile:5 4 5 0
Map 12 5 1
Drop 2 0 0
Tile:8 6 6 1
Tile:14 6 7 0
Tile:6_flip 7 6 1
Tile:8 8 6 0
Tile:9_flip 9 6 1
Drop 4 0 0
Tile:10 9 7 1
Tile:6 7 5 0
Tile:10 9 8 1
Drop 3 0 0
Tile:10 9 5 1
Tile:6 5 7 0
Tile:9 9 9 1
Drop 3 0 0
Drop 0 0 1
Destroy 9 5 0
Tile:0 10 9 1
Destroy 9 8 0
Drop 0 0 1
Tile:6_flip 4 7 0
Drop 1 0 1
Tile:7_flip 3 7 0
Drop 1 0 1
Tile:2_flip 4 6 0
Malus 0 0 1
Map 12 5 0
Tile:8 9 8 1
Map 12 5 0
Tile:0 11 9 1
Drop 3 0 0
Tile:0 12 9 1
Destroy 9 9 0
Tile:8 9 5 1
Bonus 0 0 0
Tile:0 10 8 1
Tile:9 9 4 0
Tile:7 10 5 1
Tile:9 7 4 0
Tile:7_flip 10 6 1
Tile:5_flip 8 7 0
Drop 1 0 1
Tile:7 8 4 0
Drop 1 0 1
Tile:5 3 6 0
Drop 1 0 1
Malus 0 0 0
Bonus 0 0 1
Map 12 7 0
Drop 0 0 1
GAMEOVER DRAW
# Game ended: Sat Apr 11 21:42:20 EDT 2020
