# Server version 0.08 running on 192.168.2.221:8123
# Game ID: 1278
# Board class: Saboteur.SaboteurBoard
# Timeout: 2000
# First Move Timeout: 30000
# Date: Sat Apr 11 21:43:04 EDT 2020
# Player 1: Player-0, 'RandomPlayer', running on 127.0.0.1
# Player 2: Player-1, '260729564', running on 127.0.0.1
START Player-0 RandomPlayer
START Player-1 260729564
BoardInit:Tile:7,Tile:4,Map,Destroy,Bonus,Tile:0,Tile:0,Tile:12,Tile:6,Tile:13,Tile:14,Tile:1,Bonus,Tile:6,Bonus,Tile:9,Tile:7,Tile:3,Tile:0,Tile:10,Tile:9,Tile:10,Tile:11,Destroy,Tile:5,Map,Tile:6,Tile:8,Malus,Tile:0,Tile:5,Tile:2,Tile:7,Tile:6,Tile:10,Map,Tile:8,Map,Tile:9,Tile:7,Bonus-Tile:9,Tile:5,Tile:5,Tile:15,Tile:8,Tile:8,Tile:8-Map,Malus,Tile:6,Tile:7,Map,Tile:9,Destroy-Tile:hidden2,Tile:nugget,Tile:hidden1
Tile:8 6 5 1
Tile:9_flip 6 4 0
Tile:8 7 5 1
Map 12 5 0
Map 12 3 1
Destroy 6 4 0
Tile:8 8 5 1
Drop 6 0 0
Tile:0 9 5 1
Tile:7_flip 7 6 0
Tile:6 10 5 1
Tile:13 11 5 0
Tile:5 10 4 1
Drop 2 0 0
Tile:7_flip 5 6 1
Drop 5 0 0
Tile:5 8 4 1
Tile:6_flip 5 4 0
Tile:9_flip 11 4 1
Drop 0 0 0
Drop 0 0 1
Drop 6 0 0
Tile:9_flip 8 6 1
Destroy 7 6 0
Tile:7_flip 7 6 1
Tile:10 11 3 0
Tile:5 11 2 1
Drop 3 0 0
Tile:6_flip 6 4 1
Tile:12_flip 4 4 0
Malus 0 0 1
Destroy 11 4 0
Tile:5_flip 9 4 1
Map 12 3 0
Tile:7_flip 8 7 1
Drop 3 0 0
Tile:10 9 3 1
Drop 2 0 0
Tile:8 11 4 1
Map 12 7 0
Tile:9_flip 7 4 1
Drop 6 0 0
Tile:0 12 4 1
Map 12 5 0
Drop 1 0 1
Drop 3 0 0
Drop 1 0 1
Drop 0 0 0
Drop 1 0 1
Drop 2 0 0
Drop 1 0 1
Drop 0 0 0
Drop 1 0 1
Drop 0 0 0
Drop 0 0 1
GAMEOVER DRAW
# Game ended: Sat Apr 11 21:43:09 EDT 2020
