# Server version 0.08 running on 192.168.2.221:8123
# Game ID: 960
# Board class: Saboteur.SaboteurBoard
# Timeout: 2000
# First Move Timeout: 30000
# Date: Sat Apr 11 21:22:20 EDT 2020
# Player 1: Player-0, 'RandomPlayer', running on 127.0.0.1
# Player 2: Player-1, '260729564', running on 127.0.0.1
START Player-0 RandomPlayer
START Player-1 260729564
BoardInit:Tile:8,Malus,Tile:7,Tile:6,Map,Tile:1,Tile:9,Tile:7,Destroy,Tile:8,Tile:10,Tile:8,Map,Tile:8,Tile:13,Tile:0,Tile:6,Map,Tile:3,Tile:9,Destroy,Tile:10,Tile:9,Bonus,Tile:4,Map,Tile:7,Tile:8,Tile:0,Tile:6,Tile:0,Tile:2,Tile:14,Tile:6,Tile:5,Tile:5,Tile:12,Tile:9,Map,Tile:5,Bonus-Map,Tile:9,Malus,Destroy,Bonus,Tile:0,Tile:15-Tile:7,Tile:11,Tile:10,Tile:5,Tile:7,Tile:6,Bonus-Tile:nugget,Tile:hidden2,Tile:hidden1
Map 12 3 1
Tile:7_flip 4 5 0
Malus 0 0 1
Bonus 0 0 0
Tile:8 5 4 1
Tile:6_flip 4 4 0
Tile:0 6 4 1
Drop 4 0 0
Tile:9_flip 7 4 1
Tile:6_flip 6 5 0
Tile:9 7 3 1
Tile:8 7 5 0
Tile:7 8 3 1
Tile:8 5 3 0
Tile:10 8 4 1
Tile:8 5 2 0
Drop 2 0 1
Tile:11_flip 7 6 0
Tile:6_flip 7 2 1
Drop 1 0 0
Drop 2 0 1
Tile:10 7 7 0
Drop 3 0 1
Tile:1 4 3 0
Tile:9_flip 8 5 1
Tile:0 8 2 0
Drop 3 0 1
Map 12 5 0
Tile:7 9 2 1
Tile:10 7 8 0
Tile:0 6 2 1
Tile:7_flip 8 6 0
Tile:0 9 6 1
Map 12 5 0
Drop 3 0 1
Tile:6_flip 10 6 0
Tile:5 5 1 1
Tile:7_flip 10 7 0
Drop 4 0 1
Tile:5_flip 6 1 0
Drop 4 0 1
Tile:9 9 3 0
Drop 4 0 1
Tile:2 11 7 0
Destroy 11 7 1
Drop 3 0 0
Drop 3 0 1
Tile:5_flip 11 7 0
Destroy 11 7 1
Tile:6 4 2 0
Drop 2 0 1
Drop 0 0 0
Destroy 8 3 1
Tile:8 5 6 0
Drop 0 0 1
GAMEOVER DRAW
# Game ended: Sat Apr 11 21:22:21 EDT 2020
