# Server version 0.08 running on 192.168.2.221:8123
# Game ID: 981
# Board class: Saboteur.SaboteurBoard
# Timeout: 2000
# First Move Timeout: 30000
# Date: Sat Apr 11 21:23:03 EDT 2020
# Player 1: Player-0, '260729564', running on 127.0.0.1
# Player 2: Player-1, 'RandomPlayer', running on 127.0.0.1
START Player-0 260729564
START Player-1 RandomPlayer
BoardInit:Tile:8,Tile:15,Tile:1,Tile:0,Map,Tile:8,Tile:0,Tile:9,Map,Tile:7,Tile:9,Tile:8,Tile:0,Tile:6,Tile:13,Tile:5,Tile:8,Malus,Map,Tile:5,Bonus,Tile:10,Tile:9,Tile:4,Tile:6,Map,Malus,Tile:12,Tile:9,Tile:10,Tile:5,Tile:3,Tile:14,Tile:0,Bonus,Tile:9,Tile:6,Tile:8,Map,Tile:7,Tile:6-Map,Destroy,Tile:6,Destroy,Tile:5,Tile:7,Tile:7-Tile:7,Bonus,Tile:10,Bonus,Tile:2,Tile:11,Destroy-Tile:nugget,Tile:hidden2,Tile:hidden1
Drop 3 0 1
Tile:7 6 5 0
Tile:5 4 5 1
Tile:10 6 6 0
Tile:8 4 6 1
Drop 1 0 0
Map 12 5 1
Tile:8 5 4 0
Tile:7_flip 6 7 1
Tile:9_flip 7 7 0
Tile:1 6 4 1
Tile:7_flip 7 8 0
Tile:7 8 8 1
Tile:8 8 9 0
Tile:9_flip 7 4 1
Tile:6_flip 9 9 0
Map 12 5 1
Tile:5 7 6 0
Tile:13 4 7 1
Malus 0 0 0
Destroy 4 7 1
Tile:5_flip 8 6 0
Map 12 3 1
Tile:0 10 9 0
Drop 5 0 1
Tile:10 8 5 0
Drop 3 0 1
Map 12 3 0
Drop 6 0 1
Drop 1 0 0
Map 12 3 1
Tile:10 8 4 0
Drop 6 0 1
Drop 1 0 0
Drop 3 0 1
Tile:0 11 9 0
Drop 4 0 1
Tile:9 8 3 0
Drop 0 0 1
Tile:8 9 3 0
Drop 2 0 1
Tile:7 10 3 0
Map 12 7 1
Drop 2 0 0
Drop 4 0 1
Drop 2 0 0
Drop 3 0 1
Drop 2 0 0
Drop 0 0 1
Drop 2 0 0
Drop 0 0 1
Destroy 6 5 0
Drop 1 0 1
Drop 0 0 0
Drop 0 0 1
GAMEOVER DRAW
# Game ended: Sat Apr 11 21:23:04 EDT 2020
