# Server version 0.08 running on 192.168.2.221:8123
# Game ID: 171
# Board class: Saboteur.SaboteurBoard
# Timeout: 2000
# First Move Timeout: 30000
# Date: Sat Apr 11 20:05:45 EDT 2020
# Player 1: Player-0, '260729564', running on 127.0.0.1
# Player 2: Player-1, 'RandomPlayer', running on 127.0.0.1
START Player-0 260729564
START Player-1 RandomPlayer
BoardInit:Bonus,Destroy,Tile:11,Tile:9,Map,Tile:4,Tile:7,Tile:14,Tile:15,Tile:7,Tile:6,Tile:8,Tile:10,Map,Tile:13,Tile:8,Tile:8,Malus,Tile:2,Tile:5,Tile:3,Tile:0,Tile:6,Tile:8,Tile:10,Tile:5,Destroy,Tile:7,Tile:7,Tile:9,Tile:6,Tile:12,Tile:6,Tile:5,Tile:8,Tile:0,Tile:7,Tile:6,Map,Tile:1,Tile:10-Bonus,Tile:9,Bonus,Map,Tile:0,Tile:9,Tile:5-Destroy,Tile:0,Map,Malus,Tile:9,Map,Bonus-Tile:hidden2,Tile:hidden1,Tile:nugget
Drop 3 0 1
Map 12 3 0
Tile:9_flip 6 5 1
Map 12 5 0
Drop 4 0 1
Malus 0 0 0
Drop 1 0 1
Tile:9 6 6 0
Drop 6 0 1
Tile:9_flip 7 6 0
Bonus 0 0 1
Tile:7_flip 7 7 0
Map 12 5 1
Tile:8 8 7 0
Tile:15 6 7 1
Tile:0 9 7 0
Tile:11_flip 8 8 1
Tile:8 10 7 0
Tile:0 11 7 1
GAMEOVER WINNER 1
# Game ended: Sat Apr 11 20:05:45 EDT 2020
