# Server version 0.08 running on 192.168.2.221:8123
# Game ID: 1018
# Board class: Saboteur.SaboteurBoard
# Timeout: 2000
# First Move Timeout: 30000
# Date: Sat Apr 11 21:28:28 EDT 2020
# Player 1: Player-0, 'RandomPlayer', running on 127.0.0.1
# Player 2: Player-1, '260729564', running on 127.0.0.1
START Player-0 RandomPlayer
START Player-1 260729564
BoardInit:Tile:7,Tile:8,Tile:13,Tile:6,Map,Malus,Map,Tile:9,Tile:7,Tile:6,Tile:7,Tile:15,Map,Tile:10,Tile:0,Tile:7,Tile:6,Destroy,Tile:1,Tile:5,Bonus,Tile:8,Destroy,Tile:4,Tile:0,Tile:0,Tile:5,Tile:0,Tile:9,Bonus,Tile:10,Map,Map,Malus,Tile:8,Tile:2,Tile:6,Map,Tile:3,Tile:9,Tile:11-Bonus,Tile:12,Tile:7,Tile:5,Tile:8,Bonus,Tile:9-Tile:14,Tile:5,Tile:8,Destroy,Tile:10,Tile:9,Tile:6-Tile:nugget,Tile:hidden1,Tile:hidden2
Tile:8 6 5 1
Tile:14_flip 4 5 0
Tile:9_flip 7 5 1
Tile:10 7 4 0
Tile:7_flip 7 6 1
Tile:9_flip 6 6 0
Map 12 3 1
Tile:8 4 6 0
Tile:5_flip 8 6 1
Tile:9 6 7 0
Tile:7 7 7 1
Destroy 4 6 0
Tile:7_flip 7 8 1
Tile:15 5 4 0
Tile:7 8 8 1
Tile:6_flip 7 3 0
Tile:0 8 3 1
Tile:7 5 3 0
Tile:6 9 3 1
Drop 3 0 0
Drop 1 0 1
Tile:5 6 3 0
Drop 1 0 1
Tile:6 5 6 0
Drop 1 0 1
Destroy 9 3 0
Tile:0 9 3 1
Tile:6 4 3 0
Tile:5_flip 10 3 1
Drop 6 0 0
Tile:9 10 2 1
Tile:8 4 2 0
Tile:10 10 1 1
Tile:8 3 2 0
Drop 1 0 1
Tile:4 8 5 0
Tile:8 11 2 1
Tile:10 6 8 0
Tile:6_flip 12 2 1
GAMEOVER WINNER 1
# Game ended: Sat Apr 11 21:28:29 EDT 2020
