# Server version 0.08 running on 192.168.2.221:8123
# Game ID: 844
# Board class: Saboteur.SaboteurBoard
# Timeout: 2000
# First Move Timeout: 30000
# Date: Sat Apr 11 21:14:38 EDT 2020
# Player 1: Player-0, 'RandomPlayer', running on 127.0.0.1
# Player 2: Player-1, '260729564', running on 127.0.0.1
START Player-0 RandomPlayer
START Player-1 260729564
BoardInit:Tile:0,Tile:6,Tile:10,Tile:6,Bonus,Tile:5,Tile:9,Destroy,Map,Tile:11,Tile:7,Tile:3,Tile:9,Tile:7,Tile:9,Tile:7,Tile:4,Tile:5,Tile:9,Tile:10,Tile:6,Tile:8,Destroy,Tile:6,Bonus,Bonus,Map,Map,Map,Tile:14,Tile:8,Tile:13,Tile:15,Tile:6,Map,Tile:0,Tile:1,Tile:8,Tile:5,Tile:9,Tile:7-Tile:0,Tile:5,Malus,Tile:7,Destroy,Tile:10,Malus-Tile:0,Tile:12,Tile:8,Tile:8,Bonus,Tile:2,Map-Tile:nugget,Tile:hidden1,Tile:hidden2
Malus 0 0 1
Drop 4 0 0
Malus 0 0 1
Map 12 3 0
Tile:0 6 5 1
Drop 4 0 0
Tile:0 7 5 1
Drop 5 0 0
Tile:9_flip 8 5 1
Destroy 7 5 0
Map 12 3 1
Drop 4 0 0
Tile:10 5 4 1
Drop 0 0 0
Tile:10 5 3 1
Drop 0 0 0
Tile:9 5 2 1
Drop 5 0 0
Tile:9_flip 6 2 1
Drop 3 0 0
Tile:9 6 3 1
Drop 2 0 0
Tile:6 7 3 1
Drop 0 0 0
Tile:5_flip 8 3 1
Drop 2 0 0
Tile:7_flip 6 4 1
Drop 0 0 0
Tile:7 7 4 1
Drop 6 0 0
Drop 2 0 1
Drop 1 0 0
Tile:8 8 2 1
Drop 4 0 0
Drop 3 0 1
Drop 3 0 0
Drop 3 0 1
Drop 3 0 0
Drop 3 0 1
Drop 6 0 0
Tile:5_flip 9 2 1
Drop 2 0 0
Tile:7_flip 5 6 1
Drop 1 0 0
Drop 3 0 1
Drop 3 0 0
Drop 3 0 1
Drop 0 0 0
Drop 3 0 1
Drop 2 0 0
Destroy 6 4 1
Drop 0 0 0
Destroy 5 2 1
Drop 0 0 0
Drop 0 0 1
GAMEOVER DRAW
# Game ended: Sat Apr 11 21:14:38 EDT 2020
