# Server version 0.08 running on 192.168.2.221:8123
# Game ID: 212
# Board class: Saboteur.SaboteurBoard
# Timeout: 2000
# First Move Timeout: 30000
# Date: Sat Apr 11 20:09:21 EDT 2020
# Player 1: Player-0, 'RandomPlayer', running on 127.0.0.1
# Player 2: Player-1, '260729564', running on 127.0.0.1
START Player-0 RandomPlayer
START Player-1 260729564
BoardInit:Tile:10,Destroy,Tile:10,Tile:0,Tile:9,Tile:9,Destroy,Tile:7,Tile:0,Bonus,Map,Tile:0,Tile:4,Tile:13,Tile:9,Malus,Tile:6,Map,Map,Tile:12,Tile:0,Tile:6,Tile:8,Tile:6,Tile:5,Tile:7,Tile:5,Tile:7,Tile:8,Tile:2,Tile:10,Tile:14,Tile:9,Tile:8,Tile:8,Tile:5,Malus,Map,Tile:8,Map,Bonus-Bonus,Tile:11,Tile:9,Tile:6,Tile:6,Tile:15,Tile:7-Bonus,Tile:1,Destroy,Map,Tile:7,Tile:3,Tile:5-Tile:nugget,Tile:hidden1,Tile:hidden2
Tile:6 6 5 1
Drop 3 0 0
Tile:6 7 5 1
Tile:5 4 5 0
Tile:9_flip 8 5 1
Tile:7_flip 4 6 0
Tile:10 8 4 1
Tile:9_flip 8 6 0
Tile:10 7 4 1
Destroy 7 5 0
Tile:9_flip 6 4 1
Drop 4 0 0
Map 12 3 1
Tile:3_flip 7 6 0
Drop 1 0 1
Drop 1 0 0
Tile:9 6 3 1
Destroy 8 5 0
Tile:6_flip 7 3 1
Tile:13 8 3 0
Drop 1 0 1
Tile:7 8 2 0
Tile:0 7 2 1
Tile:6_flip 5 4 0
Tile:8 6 2 1
Tile:6_flip 9 3 0
Tile:5 6 1 1
Tile:7 10 3 0
Tile:5_flip 7 1 1
Tile:7_flip 4 4 0
Tile:8 7 5 1
Tile:0 5 2 0
Tile:10 7 0 1
Tile:2 4 3 0
Tile:9_flip 8 5 1
Drop 3 0 0
Tile:8 8 7 1
Tile:12 9 7 0
Malus 0 0 1
Map 12 7 0
Tile:8 8 8 1
Drop 0 0 0
Tile:0 9 8 1
Map 12 5 0
Tile:7_flip 9 4 1
Drop 3 0 0
Drop 2 0 1
Drop 2 0 0
Drop 2 0 1
Drop 1 0 0
Drop 2 0 1
Bonus 0 0 0
Destroy 8 3 1
Tile:5 7 7 0
Drop 0 0 1
GAMEOVER DRAW
# Game ended: Sat Apr 11 20:09:23 EDT 2020
