# Server version 0.08 running on 192.168.2.221:8123
# Game ID: 531
# Board class: Saboteur.SaboteurBoard
# Timeout: 2000
# First Move Timeout: 30000
# Date: Sat Apr 11 20:42:22 EDT 2020
# Player 1: Player-0, '260729564', running on 127.0.0.1
# Player 2: Player-1, 'RandomPlayer', running on 127.0.0.1
START Player-0 260729564
START Player-1 RandomPlayer
BoardInit:Tile:7,Tile:9,Tile:4,Tile:10,Malus,Tile:14,Tile:9,Tile:6,Tile:13,Map,Tile:5,Tile:1,Tile:12,Tile:10,Tile:8,Map,Tile:7,Destroy,Destroy,Tile:0,Tile:8,Tile:8,Tile:6,Tile:6,Tile:9,Tile:5,Map,Tile:2,Tile:0,Map,Tile:0,Tile:0,Destroy,Tile:9,Tile:9,Bonus,Tile:11,Map,Tile:15,Tile:5,Tile:3-Tile:8,Bonus,Tile:5,Tile:8,Tile:7,Tile:6,Bonus-Bonus,Map,Tile:7,Tile:10,Tile:6,Malus,Tile:7-Tile:hidden1,Tile:nugget,Tile:hidden2
Tile:8 5 6 1
Map 12 3 0
Tile:7 6 5 1
Malus 0 0 0
Drop 0 0 1
Tile:6 6 6 0
Drop 5 0 1
Tile:7 7 6 0
Drop 0 0 1
Tile:6 7 7 0
Drop 4 0 1
Map 12 5 0
Bonus 0 0 1
Tile:7 8 7 0
Tile:6_flip 6 7 1
Tile:10 8 8 0
Tile:5 4 5 1
Tile:9 8 9 0
Drop 1 0 1
Tile:10 8 10 0
Destroy 6 5 1
Tile:0 9 9 0
Tile:8 5 7 1
Tile:8 10 9 0
Tile:7 11 9 1
Tile:6 11 10 0
Tile:9 6 8 1
Tile:5 5 4 0
Tile:8 6 4 1
Tile:10 10 8 0
Map 12 5 1
Drop 1 0 0
Tile:6_flip 6 3 1
Tile:0 12 10 0
Tile:8 6 5 1
Tile:9 10 7 0
Tile:0 4 7 1
Drop 1 0 0
Destroy 6 3 1
Drop 1 0 0
Drop 6 0 1
GAMEOVER TIMEOUT WINNER 1
# Game ended: Sat Apr 11 20:42:27 EDT 2020
