# Server version 0.08 running on 192.168.2.221:8123
# Game ID: 1145
# Board class: Saboteur.SaboteurBoard
# Timeout: 2000
# First Move Timeout: 30000
# Date: Sat Apr 11 21:35:36 EDT 2020
# Player 1: Player-0, '260729564', running on 127.0.0.1
# Player 2: Player-1, 'RandomPlayer', running on 127.0.0.1
START Player-0 260729564
START Player-1 RandomPlayer
BoardInit:Tile:8,Tile:6,Tile:6,Tile:5,Malus,Tile:7,Tile:6,Tile:2,Tile:14,Tile:10,Tile:10,Tile:8,Destroy,Tile:5,Tile:3,Tile:9,Tile:5,Map,Map,Tile:7,Tile:12,Tile:1,Tile:6,Tile:10,Destroy,Tile:7,Tile:4,Bonus,Destroy,Map,Tile:0,Map,Malus,Bonus,Tile:9,Tile:8,Tile:9,Tile:0,Tile:8,Tile:0,Bonus-Tile:7,Map,Map,Tile:9,Tile:9,Tile:6,Bonus-Tile:7,Tile:0,Tile:15,Tile:8,Tile:5,Tile:11,Tile:13-Tile:nugget,Tile:hidden2,Tile:hidden1
Tile:9 5 4 1
Tile:8 6 4 0
Drop 5 0 1
Tile:0 7 4 0
Map 12 7 1
Tile:6 8 4 0
Tile:9_flip 6 5 1
Tile:7 9 4 0
Tile:8 6 6 1
Tile:7_flip 9 5 0
Drop 4 0 1
Tile:5_flip 10 5 0
Tile:10 5 3 1
Tile:8 7 6 0
Tile:6_flip 8 3 1
Tile:10 10 4 0
Tile:3 8 6 1
Tile:9 10 3 0
Tile:14_flip 7 5 1
Map 12 3 0
Tile:6 5 6 1
Tile:5_flip 11 3 0
Map 12 3 1
Tile:5 11 2 0
Tile:12 9 3 1
Tile:7 12 2 0
GAMEOVER WINNER 0
# Game ended: Sat Apr 11 21:35:37 EDT 2020
