# Server version 0.08 running on 192.168.2.221:8123
# Game ID: 1409
# Board class: Saboteur.SaboteurBoard
# Timeout: 2000
# First Move Timeout: 30000
# Date: Sat Apr 11 22:05:16 EDT 2020
# Player 1: Player-0, '260729564', running on 127.0.0.1
# Player 2: Player-1, 'RandomPlayer', running on 127.0.0.1
START Player-0 260729564
START Player-1 RandomPlayer
BoardInit:Bonus,Tile:4,Map,Destroy,Tile:6,Tile:9,Tile:7,Tile:8,Tile:6,Tile:10,Tile:7,Destroy,Tile:2,Tile:12,Tile:7,Tile:5,Tile:10,Tile:6,Map,Map,Tile:9,Destroy,Tile:9,Tile:8,Tile:11,Tile:13,Map,Tile:5,Tile:15,Bonus,Tile:5,Map,Malus,Tile:14,Map,Tile:0,Tile:7,Bonus,Tile:10,Tile:8,Bonus-Tile:5,Tile:3,Tile:8,Tile:0,Tile:6,Tile:7,Tile:9-Malus,Tile:6,Tile:8,Tile:9,Tile:0,Tile:1,Tile:0-Tile:nugget,Tile:hidden1,Tile:hidden2
Tile:8 5 6 1
Malus 0 0 0
Drop 1 0 1
Tile:8 6 6 0
Map 12 5 1
Tile:9_flip 7 6 0
Drop 3 0 1
Tile:9 7 5 0
Drop 5 0 1
Tile:8 8 5 0
Bonus 0 0 1
Tile:6 9 5 0
Tile:9 8 6 1
Tile:0 10 5 0
Tile:6_flip 9 4 1
Tile:0 11 5 0
Tile:2 8 4 1
Tile:10 12 4 0
GAMEOVER WINNER 0
# Game ended: Sat Apr 11 22:05:16 EDT 2020
