# Server version 0.08 running on 192.168.2.221:8123
# Game ID: 1275
# Board class: Saboteur.SaboteurBoard
# Timeout: 2000
# First Move Timeout: 30000
# Date: Sat Apr 11 21:42:54 EDT 2020
# Player 1: Player-0, '260729564', running on 127.0.0.1
# Player 2: Player-1, 'RandomPlayer', running on 127.0.0.1
START Player-0 260729564
START Player-1 RandomPlayer
BoardInit:Tile:5,Tile:9,Tile:14,Tile:8,Malus,Tile:7,Map,Destroy,Tile:6,Tile:12,Tile:9,Bonus,Tile:5,Destroy,Tile:7,Tile:5,Tile:1,Tile:6,Tile:9,Tile:6,Tile:2,Map,Bonus,Tile:0,Tile:5,Tile:0,Tile:8,Bonus,Map,Tile:7,Tile:11,Tile:6,Tile:9,Tile:6,Tile:8,Tile:0,Tile:9,Malus,Bonus,Tile:7,Tile:13-Map,Destroy,Tile:7,Map,Map,Tile:0,Tile:10-Tile:15,Tile:8,Tile:4,Tile:10,Tile:8,Tile:10,Tile:3-Tile:hidden1,Tile:hidden2,Tile:nugget
Tile:7 6 5 1
Tile:8 6 6 0
Map 12 3 1
Tile:8 7 6 0
Tile:14_flip 7 5 1
Tile:8 8 6 0
Destroy 6 6 1
Tile:7_flip 6 6 0
Tile:5 4 5 1
Tile:9_flip 9 6 0
Drop 1 0 1
Tile:10 9 5 0
Tile:9_flip 7 7 1
Tile:10 9 4 0
Tile:10 9 7 1
Drop 0 0 0
Tile:7_flip 9 8 1
Tile:5 9 3 0
Tile:0 10 8 1
Tile:6_flip 11 8 0
Tile:9_flip 5 6 1
Tile:6_flip 12 8 0
Tile:2 5 4 1
Map 12 3 0
Map 12 5 1
Tile:0 13 8 0
Tile:6_flip 6 7 1
Tile:0 10 3 0
Tile:5_flip 6 8 1
Destroy 12 8 0
Drop 3 0 1
Tile:7_flip 11 9 0
Tile:8 5 8 1
Tile:6_flip 11 3 0
Tile:11 12 4 1
Tile:6_flip 13 3 0
Tile:8 5 7 1
Tile:0 12 8 0
Tile:1 6 4 1
Malus 0 0 0
Drop 0 0 1
Tile:7 12 2 0
Map 12 7 1
Destroy 12 8 0
Drop 1 0 1
Drop 0 0 0
Drop 3 0 1
Drop 0 0 0
Drop 0 0 1
Drop 0 0 0
Drop 0 0 1
Drop 1 0 0
Drop 1 0 1
Drop 0 0 0
Drop 0 0 1
GAMEOVER DRAW
# Game ended: Sat Apr 11 21:42:58 EDT 2020
