# Server version 0.08 running on 192.168.2.221:8123
# Game ID: 632
# Board class: Saboteur.SaboteurBoard
# Timeout: 2000
# First Move Timeout: 30000
# Date: Sat Apr 11 21:00:25 EDT 2020
# Player 1: Player-0, 'RandomPlayer', running on 127.0.0.1
# Player 2: Player-1, '260729564', running on 127.0.0.1
START Player-0 RandomPlayer
START Player-1 260729564
BoardInit:Tile:0,Tile:7,Malus,Tile:8,Tile:14,Tile:9,Tile:9,Bonus,Tile:5,Tile:7,Map,Bonus,Tile:10,Tile:9,Tile:8,Tile:6,Tile:10,Tile:8,Bonus,Destroy,Tile:10,Tile:6,Map,Tile:9,Tile:0,Tile:5,Map,Tile:6,Tile:11,Bonus,Tile:8,Tile:12,Tile:5,Map,Destroy,Tile:1,Tile:15,Tile:6,Tile:0,Tile:8,Map-Tile:7,Tile:13,Malus,Tile:0,Tile:7,Tile:6,Tile:7-Map,Tile:3,Destroy,Tile:5,Tile:2,Tile:9,Tile:4-Tile:nugget,Tile:hidden2,Tile:hidden1
Malus 0 0 1
Map 12 3 0
Tile:0 6 5 1
Drop 1 0 0
Malus 0 0 1
Drop 4 0 0
Tile:6 7 5 1
Drop 5 0 0
Tile:9_flip 8 5 1
Drop 5 0 0
Tile:7_flip 8 6 1
Bonus 0 0 0
Map 12 3 1
Bonus 0 0 0
Tile:10 8 4 1
Tile:9_flip 9 6 0
Tile:8 8 3 1
Tile:7 7 4 0
Tile:10 9 5 1
Tile:3_flip 5 6 0
Tile:5 9 4 1
Tile:5_flip 9 7 0
Tile:0 10 4 1
Tile:6_flip 8 7 0
Tile:7 11 4 1
Tile:7 5 4 0
Tile:0 9 3 1
Tile:2_flip 4 4 0
Tile:10 8 2 1
Tile:5_flip 8 8 0
Tile:7_flip 11 5 1
Tile:6 7 8 0
Tile:8 13 5 1
Tile:9 12 4 0
GAMEOVER WINNER 0
# Game ended: Sat Apr 11 21:00:26 EDT 2020
