# Server version 0.08 running on 192.168.2.221:8123
# Game ID: 433
# Board class: Saboteur.SaboteurBoard
# Timeout: 2000
# First Move Timeout: 30000
# Date: Sat Apr 11 20:35:34 EDT 2020
# Player 1: Player-0, '260729564', running on 127.0.0.1
# Player 2: Player-1, 'RandomPlayer', running on 127.0.0.1
START Player-0 260729564
START Player-1 RandomPlayer
BoardInit:Tile:2,Tile:10,Malus,Tile:5,Tile:0,Tile:0,Tile:10,Map,Tile:6,Tile:12,Tile:11,Tile:0,Tile:5,Tile:9,Tile:7,Tile:1,Bonus,Tile:4,Tile:6,Tile:8,Tile:10,Map,Bonus,Malus,Tile:7,Tile:5,Tile:8,Tile:8,Tile:9,Tile:6,Tile:0,Tile:6,Tile:14,Tile:9,Bonus,Tile:9,Tile:7,Tile:9,Tile:5,Map,Tile:15-Tile:6,Tile:3,Map,Tile:8,Map,Destroy,Tile:13-Destroy,Tile:8,Bonus,Destroy,Tile:7,Map,Tile:7-Tile:nugget,Tile:hidden2,Tile:hidden1
Tile:13 5 4 1
Map 12 3 0
Tile:6 4 5 1
Tile:8 6 5 0
Tile:2_flip 7 5 1
Tile:7_flip 6 6 0
Tile:3_flip 3 5 1
Tile:0 7 6 0
Drop 2 0 1
Tile:7 8 6 0
Tile:10 5 6 1
Tile:5_flip 8 5 0
Tile:6_flip 7 4 1
Tile:10 8 7 0
Tile:8 5 7 1
Tile:0 6 7 0
Tile:7 5 3 1
Drop 3 0 0
Tile:5 4 4 1
Drop 3 0 0
Map 12 7 1
Tile:8 6 4 0
Tile:6 4 3 1
Tile:9_flip 8 4 0
Destroy 7 6 1
Malus 0 0 0
Drop 3 0 1
Tile:5 8 3 0
Drop 2 0 1
Tile:8 9 3 0
Drop 4 0 1
Tile:6 10 3 0
Drop 6 0 1
Tile:6 11 3 0
GAMEOVER WINNER 0
# Game ended: Sat Apr 11 20:35:35 EDT 2020
