# Server version 0.08 running on 192.168.2.221:8123
# Game ID: 1171
# Board class: Saboteur.SaboteurBoard
# Timeout: 2000
# First Move Timeout: 30000
# Date: Sat Apr 11 21:36:59 EDT 2020
# Player 1: Player-0, '260729564', running on 127.0.0.1
# Player 2: Player-1, 'RandomPlayer', running on 127.0.0.1
START Player-0 260729564
START Player-1 RandomPlayer
BoardInit:Tile:15,Tile:11,Tile:10,Tile:9,Tile:7,Tile:6,Tile:14,Tile:9,Tile:9,Tile:6,Tile:7,Tile:2,Tile:7,Tile:0,Tile:0,Bonus,Destroy,Destroy,Tile:6,Map,Tile:8,Tile:12,Bonus,Tile:7,Tile:6,Tile:7,Tile:9,Tile:5,Malus,Map,Tile:8,Tile:6,Tile:10,Tile:8,Tile:4,Tile:0,Tile:5,Tile:5,Tile:10,Map,Tile:8-Malus,Tile:3,Tile:1,Tile:9,Destroy,Bonus,Bonus-Tile:13,Tile:5,Map,Tile:0,Map,Tile:8,Map-Tile:hidden1,Tile:hidden2,Tile:nugget
Malus 0 0 1
Drop 0 0 0
Drop 1 0 1
Drop 1 0 0
Tile:15 5 6 1
Drop 2 0 0
Tile:7 5 4 1
Drop 3 0 0
Drop 3 0 1
Drop 3 0 0
Tile:9 4 4 1
Drop 0 0 0
Tile:3 6 5 1
Drop 6 0 0
Tile:7_flip 6 6 1
Drop 0 0 0
Destroy 5 6 1
Bonus 0 0 0
Tile:7_flip 4 5 1
Tile:9_flip 5 6 0
Destroy 5 6 1
Map 12 3 0
Tile:9 4 3 1
Tile:9_flip 5 6 0
Drop 0 0 1
Tile:8 5 7 0
Tile:6_flip 4 7 1
Tile:6_flip 6 7 0
Tile:9_flip 4 2 1
Tile:6_flip 7 7 0
Tile:0 5 3 1
Map 12 5 0
Tile:8 6 3 1
Tile:0 8 7 0
Tile:8 3 2 1
Tile:8 9 7 0
Tile:6_flip 9 6 1
Tile:6 10 6 0
Tile:5 3 7 1
Tile:0 11 6 0
Tile:4 4 1 1
Tile:7 12 6 0
GAMEOVER WINNER 0
# Game ended: Sat Apr 11 21:37:02 EDT 2020
