# Server version 0.08 running on 192.168.2.221:8123
# Game ID: 1152
# Board class: Saboteur.SaboteurBoard
# Timeout: 2000
# First Move Timeout: 30000
# Date: Sat Apr 11 21:35:51 EDT 2020
# Player 1: Player-0, 'RandomPlayer', running on 127.0.0.1
# Player 2: Player-1, '260729564', running on 127.0.0.1
START Player-0 RandomPlayer
START Player-1 260729564
BoardInit:Malus,Tile:9,Tile:9,Map,Bonus,Bonus,Tile:1,Tile:8,Tile:7,Tile:10,Tile:7,Malus,Tile:0,Tile:8,Tile:5,Tile:0,Tile:7,Tile:6,Map,Tile:9,Tile:10,Tile:6,Tile:6,Tile:6,Tile:14,Tile:13,Tile:15,Tile:8,Bonus,Tile:7,Tile:4,Destroy,Map,Tile:12,Tile:7,Tile:5,Tile:9,Tile:0,Tile:3,Map,Destroy-Tile:5,Tile:8,Tile:5,Tile:2,Tile:0,Destroy,Tile:6-Tile:8,Tile:9,Tile:10,Map,Tile:11,Map,Bonus-Tile:hidden2,Tile:hidden1,Tile:nugget
Tile:8 6 5 1
Drop 5 0 0
Malus 0 0 1
Drop 5 0 0
Tile:9_flip 7 5 1
Drop 1 0 0
Tile:6 7 6 1
Map 12 7 0
Tile:0 8 6 1
Map 12 7 0
Tile:5_flip 9 6 1
Bonus 0 0 0
Tile:5 9 5 1
Tile:11_flip 6 4 0
Tile:0 10 5 1
Tile:8 5 4 0
Tile:7 11 5 1
Tile:10 7 4 0
Tile:7_flip 11 6 1
Drop 3 0 0
Map 12 3 1
Tile:8 5 3 0
Tile:10 5 6 1
Tile:9_flip 7 3 0
Tile:6 12 6 1
Tile:6_flip 5 2 0
Tile:5_flip 13 6 1
Tile:8 13 5 0
Tile:7 12 4 1
Tile:6 11 4 0
Destroy 11 5 1
Tile:6_flip 11 5 0
Drop 0 0 1
Tile:8 11 3 0
Drop 1 0 1
Destroy 9 5 0
Tile:7_flip 6 6 1
Drop 6 0 0
Tile:9 9 5 1
Drop 4 0 0
Drop 1 0 1
Drop 2 0 0
Destroy 12 4 1
Tile:0 4 3 0
Drop 1 0 1
Tile:0 10 4 0
Drop 1 0 1
Tile:10 5 7 0
Drop 1 0 1
Tile:13 6 2 0
Drop 1 0 1
Tile:12_flip 4 5 0
Drop 1 0 1
Drop 0 0 0
Drop 0 0 1
GAMEOVER DRAW
# Game ended: Sat Apr 11 21:35:52 EDT 2020
