# Server version 0.08 running on 192.168.2.221:8123
# Game ID: 1104
# Board class: Saboteur.SaboteurBoard
# Timeout: 2000
# First Move Timeout: 30000
# Date: Sat Apr 11 21:33:22 EDT 2020
# Player 1: Player-0, 'RandomPlayer', running on 127.0.0.1
# Player 2: Player-1, '260729564', running on 127.0.0.1
START Player-0 RandomPlayer
START Player-1 260729564
BoardInit:Tile:0,Map,Tile:13,Destroy,Tile:7,Tile:0,Tile:8,Tile:5,Malus,Tile:4,Tile:11,Tile:10,Tile:1,Bonus,Tile:7,Tile:6,Tile:6,Tile:7,Tile:7,Tile:2,Tile:3,Tile:9,Tile:0,Tile:15,Bonus,Tile:10,Map,Tile:9,Tile:5,Tile:12,Tile:0,Tile:7,Tile:8,Bonus,Tile:8,Tile:5,Malus,Map,Tile:9,Tile:6,Tile:5-Map,Tile:8,Tile:6,Tile:9,Tile:8,Tile:10,Destroy-Destroy,Map,Tile:6,Map,Tile:14,Bonus,Tile:9-Tile:nugget,Tile:hidden1,Tile:hidden2
Map 12 3 1
Map 12 5 0
Tile:8 5 4 1
Tile:14_flip 4 4 0
Tile:8 6 4 1
Tile:9_flip 5 3 0
Tile:9_flip 7 4 1
Tile:0 4 3 0
Tile:8 7 3 1
Destroy 7 4 0
Malus 0 0 1
Map 12 3 0
Tile:6 7 4 1
Destroy 4 4 0
Tile:0 8 4 1
Bonus 0 0 0
Tile:7 9 4 1
Tile:4 7 2 0
Tile:6 9 5 1
Tile:6_flip 3 3 0
Tile:7 10 5 1
Tile:2_flip 2 3 0
Tile:10 10 6 1
Tile:5 6 3 0
Tile:0 8 3 1
Tile:6_flip 4 4 0
Tile:7_flip 10 7 1
Tile:9_flip 2 2 0
Drop 1 0 1
Tile:10 2 1 0
Tile:5_flip 11 7 1
Tile:9 1 3 0
Tile:0 9 3 1
Drop 1 0 0
Tile:8 10 3 1
Tile:10 1 4 0
Tile:8 11 3 1
GAMEOVER WINNER 1
# Game ended: Sat Apr 11 21:33:22 EDT 2020
