# Server version 0.08 running on 192.168.2.221:8123
# Game ID: 837
# Board class: Saboteur.SaboteurBoard
# Timeout: 2000
# First Move Timeout: 30000
# Date: Sat Apr 11 21:14:09 EDT 2020
# Player 1: Player-0, '260729564', running on 127.0.0.1
# Player 2: Player-1, 'RandomPlayer', running on 127.0.0.1
START Player-0 260729564
START Player-1 RandomPlayer
BoardInit:Tile:8,Tile:3,Map,Tile:8,Tile:5,Tile:10,Bonus,Tile:10,Tile:7,Malus,Tile:6,Destroy,Tile:6,Tile:13,Map,Tile:2,Tile:9,Tile:9,Malus,Map,Map,Tile:8,Tile:8,Tile:7,Tile:8,Tile:1,Destroy,Bonus,Tile:6,Tile:12,Tile:9,Tile:9,Bonus,Tile:0,Tile:9,Tile:0,Tile:5,Tile:11,Tile:10,Tile:15,Tile:0-Tile:7,Map,Tile:5,Tile:6,Tile:4,Destroy,Tile:5-Bonus,Tile:7,Map,Tile:0,Tile:14,Tile:6,Tile:7-Tile:nugget,Tile:hidden1,Tile:hidden2
Tile:5_flip 6 5 1
Map 12 3 0
Tile:5 4 5 1
Tile:6_flip 6 4 0
Tile:8 5 4 1
Tile:8 7 4 0
Drop 6 0 1
Tile:0 8 4 0
Destroy 6 5 1
Tile:7 9 4 0
Tile:4_flip 5 6 1
Malus 0 0 0
Drop 0 0 1
Tile:10 9 5 0
Map 12 3 1
Tile:7_flip 9 6 0
Drop 5 0 1
Tile:10 7 3 0
Drop 3 0 1
Tile:9_flip 10 6 0
Drop 4 0 1
Drop 1 0 0
Map 12 7 1
Tile:8 7 2 0
Drop 0 0 1
Tile:7_flip 10 7 0
Map 12 7 1
Drop 1 0 0
Drop 6 0 1
Drop 2 0 0
Drop 4 0 1
Drop 2 0 0
Drop 6 0 1
Tile:9 10 5 0
Drop 3 0 1
Tile:0 11 5 0
Drop 3 0 1
Tile:0 13 5 0
Bonus 0 0 1
Drop 2 0 0
Tile:9_flip 12 6 1
Destroy 12 6 0
Tile:6_flip 5 3 1
Drop 1 0 0
Tile:9_flip 12 6 1
Drop 1 0 0
Tile:6_flip 4 3 1
Drop 1 0 0
Tile:5 12 4 1
Drop 1 0 0
Tile:10 4 6 1
Drop 1 0 0
Tile:0 13 7 1
Drop 0 0 0
Drop 0 0 1
GAMEOVER DRAW
# Game ended: Sat Apr 11 21:14:10 EDT 2020
