# Server version 0.08 running on 192.168.2.221:8123
# Game ID: 857
# Board class: Saboteur.SaboteurBoard
# Timeout: 2000
# First Move Timeout: 30000
# Date: Sat Apr 11 21:16:07 EDT 2020
# Player 1: Player-0, '260729564', running on 127.0.0.1
# Player 2: Player-1, 'RandomPlayer', running on 127.0.0.1
START Player-0 260729564
START Player-1 RandomPlayer
BoardInit:Tile:9,Tile:6,Tile:6,Tile:15,Tile:7,Malus,Tile:6,Tile:2,Map,Destroy,Tile:8,Destroy,Map,Tile:10,Tile:9,Map,Tile:0,Tile:9,Tile:0,Tile:5,Tile:8,Malus,Tile:3,Tile:11,Tile:5,Bonus,Tile:9,Tile:5,Tile:0,Bonus,Tile:7,Bonus,Tile:7,Tile:7,Tile:8,Tile:8,Tile:6,Tile:6,Destroy,Tile:8,Bonus-Tile:14,Tile:13,Tile:10,Tile:5,Tile:0,Map,Tile:9-Map,Tile:4,Tile:12,Tile:10,Tile:7,Map,Tile:1-Tile:nugget,Tile:hidden1,Tile:hidden2
Tile:9 5 4 1
Map 12 3 0
Tile:10 5 3 1
Tile:6 6 4 0
Tile:13 5 6 1
Tile:7 7 4 0
Tile:14_flip 6 3 1
Malus 0 0 0
Map 12 5 1
Tile:10 7 5 0
Drop 1 0 1
Drop 0 0 0
Drop 4 0 1
Drop 0 0 0
Drop 2 0 1
Tile:10 7 6 0
Drop 0 0 1
Drop 0 0 0
Drop 1 0 1
Tile:9 5 2 0
Map 12 3 1
Tile:5_flip 7 3 0
Map 12 7 1
Malus 0 0 0
Drop 2 0 1
Drop 0 0 0
Drop 0 0 1
Drop 0 0 0
Drop 5 0 1
Tile:5_flip 6 2 0
Drop 0 0 1
Drop 0 0 0
Drop 6 0 1
Drop 2 0 0
Drop 3 0 1
Tile:7 6 5 0
Drop 3 0 1
Tile:8 6 1 0
Drop 6 0 1
Tile:6_flip 7 1 0
Destroy 7 1 1
Tile:8 7 1 0
Drop 5 0 1
Drop 2 0 0
Drop 4 0 1
Drop 3 0 0
Drop 3 0 1
Drop 3 0 0
Drop 2 0 1
Destroy 6 3 0
Drop 0 0 1
Destroy 5 2 0
Bonus 0 0 1
Drop 0 0 0
Drop 0 0 1
GAMEOVER DRAW
# Game ended: Sat Apr 11 21:16:07 EDT 2020
