# Server version 0.08 running on 192.168.2.221:8123
# Game ID: 363
# Board class: Saboteur.SaboteurBoard
# Timeout: 2000
# First Move Timeout: 30000
# Date: Sat Apr 11 20:31:13 EDT 2020
# Player 1: Player-0, '260729564', running on 127.0.0.1
# Player 2: Player-1, 'RandomPlayer', running on 127.0.0.1
START Player-0 260729564
START Player-1 RandomPlayer
BoardInit:Map,Tile:9,Malus,Tile:7,Tile:5,Tile:6,Tile:8,Destroy,Tile:4,Tile:0,Tile:8,Tile:6,Destroy,Tile:8,Tile:9,Tile:13,Tile:7,Tile:1,Tile:6,Tile:6,Tile:0,Bonus,Bonus,Tile:5,Tile:7,Tile:2,Tile:9,Tile:0,Map,Tile:11,Destroy,Tile:10,Tile:9,Tile:9,Tile:8,Tile:0,Bonus,Tile:10,Tile:7,Tile:3,Tile:10-Map,Tile:6,Map,Tile:12,Tile:15,Map,Tile:14-Tile:7,Tile:5,Tile:8,Map,Malus,Tile:5,Bonus-Tile:nugget,Tile:hidden2,Tile:hidden1
Map 12 5 1
Map 12 3 0
Tile:6 5 6 1
Malus 0 0 0
Map 12 7 1
Tile:8 5 4 0
Map 12 7 1
Tile:6 6 4 0
Map 12 7 1
Tile:9_flip 7 4 0
Malus 0 0 1
Bonus 0 0 0
Drop 0 0 1
Tile:6_flip 7 3 0
Destroy 7 4 1
Tile:8 7 4 0
Drop 5 0 1
Tile:0 8 4 0
Drop 3 0 1
Tile:7 9 4 0
Drop 2 0 1
Tile:6 9 5 0
Drop 0 0 1
Tile:5_flip 10 5 0
Drop 5 0 1
Tile:5 10 4 0
Drop 0 0 1
Tile:7 11 4 0
Drop 6 0 1
Tile:0 8 3 0
Drop 3 0 1
Tile:5_flip 9 3 0
Destroy 7 4 1
Tile:10 5 3 0
Drop 4 0 1
Tile:9 6 3 0
Map 12 7 1
Tile:0 6 5 0
Bonus 0 0 1
Tile:10 9 2 0
Tile:7 5 2 1
Drop 1 0 0
Tile:9_flip 7 5 1
Drop 1 0 0
Tile:4_flip 11 5 1
Destroy 11 5 0
Drop 1 0 1
Drop 1 0 0
Tile:7_flip 11 5 1
Drop 1 0 0
Tile:9 6 2 1
Drop 1 0 0
Tile:10 6 1 1
Drop 0 0 0
Drop 0 0 1
GAMEOVER DRAW
# Game ended: Sat Apr 11 20:31:14 EDT 2020
