# Server version 0.08 running on 192.168.2.221:8123
# Game ID: 172
# Board class: Saboteur.SaboteurBoard
# Timeout: 2000
# First Move Timeout: 30000
# Date: Sat Apr 11 20:05:46 EDT 2020
# Player 1: Player-0, 'RandomPlayer', running on 127.0.0.1
# Player 2: Player-1, '260729564', running on 127.0.0.1
START Player-0 RandomPlayer
START Player-1 260729564
BoardInit:Map,Tile:7,Tile:5,Bonus,Tile:9,Tile:7,Tile:0,Tile:8,Tile:0,Tile:1,Tile:9,Tile:5,Tile:0,Map,Tile:5,Tile:6,Tile:9,Tile:10,Tile:10,Map,Tile:9,Tile:12,Tile:6,Tile:10,Malus,Tile:15,Bonus,Tile:2,Tile:0,Tile:6,Tile:14,Tile:7,Tile:6,Bonus,Tile:4,Tile:11,Map,Destroy,Tile:8,Destroy,Tile:9-Tile:3,Tile:6,Tile:8,Malus,Map,Tile:8,Tile:13-Map,Bonus,Tile:5,Tile:7,Tile:7,Tile:8,Destroy-Tile:nugget,Tile:hidden2,Tile:hidden1
Map 12 3 1
Map 12 7 0
Malus 0 0 1
Drop 1 0 0
Tile:8 5 4 1
Drop 2 0 0
Tile:8 6 4 1
Drop 2 0 0
Tile:9_flip 7 4 1
Drop 6 0 0
Tile:6_flip 7 3 1
Drop 3 0 0
Tile:9_flip 8 3 1
Drop 0 0 0
Tile:5 8 2 1
Drop 3 0 0
Tile:0 9 2 1
Map 12 3 0
Tile:9_flip 10 2 1
Bonus 0 0 0
Tile:10 10 3 1
Tile:7_flip 8 4 0
Tile:9 10 4 1
Destroy 9 2 0
Tile:0 9 2 1
Tile:6_flip 6 3 0
Malus 0 0 1
Drop 3 0 0
Tile:6 11 4 1
Drop 5 0 0
Tile:13 10 5 1
Drop 0 0 0
GAMEOVER TIMEOUT WINNER 0
# Game ended: Sat Apr 11 20:05:52 EDT 2020
