# Server version 0.08 running on 192.168.2.221:8123
# Game ID: 806
# Board class: Saboteur.SaboteurBoard
# Timeout: 2000
# First Move Timeout: 30000
# Date: Sat Apr 11 21:13:04 EDT 2020
# Player 1: Player-0, 'RandomPlayer', running on 127.0.0.1
# Player 2: Player-1, '260729564', running on 127.0.0.1
START Player-0 RandomPlayer
START Player-1 260729564
BoardInit:Tile:9,Map,Tile:7,Tile:6,Tile:9,Tile:10,Destroy,Map,Tile:8,Bonus,Tile:0,Tile:1,Tile:8,Tile:10,Tile:5,Tile:9,Destroy,Map,Tile:3,Tile:6,Malus,Map,Tile:6,Tile:15,Tile:8,Tile:5,Tile:0,Tile:14,Tile:6,Tile:0,Tile:11,Tile:10,Tile:5,Tile:9,Bonus,Destroy,Tile:7,Bonus,Tile:0,Tile:5,Tile:2-Map,Tile:12,Tile:7,Tile:8,Tile:9,Tile:7,Tile:4-Tile:7,Tile:13,Bonus,Tile:6,Malus,Tile:8,Map-Tile:hidden2,Tile:nugget,Tile:hidden1
Map 12 3 1
Tile:7 6 5 0
Tile:8 6 6 1
Tile:8 6 7 0
Tile:9_flip 7 6 1
Tile:6 6 8 0
Tile:9 7 5 1
Tile:6 8 5 0
Tile:9_flip 9 5 1
Tile:13 5 6 0
Tile:8 9 4 1
Drop 4 0 0
Tile:0 10 4 1
Drop 6 0 0
Tile:8 11 4 1
Tile:10 9 3 0
Tile:7 12 4 1
GAMEOVER WINNER 1
# Game ended: Sat Apr 11 21:13:05 EDT 2020
