# Server version 0.08 running on 192.168.2.221:8123
# Game ID: 403
# Board class: Saboteur.SaboteurBoard
# Timeout: 2000
# First Move Timeout: 30000
# Date: Sat Apr 11 20:33:14 EDT 2020
# Player 1: Player-0, '260729564', running on 127.0.0.1
# Player 2: Player-1, 'RandomPlayer', running on 127.0.0.1
START Player-0 260729564
START Player-1 RandomPlayer
BoardInit:Map,Destroy,Tile:8,Tile:12,Tile:0,Tile:0,Bonus,Tile:6,Tile:5,Tile:8,Tile:5,Tile:7,Tile:15,Map,Map,Malus,Tile:10,Tile:5,Tile:9,Map,Map,Tile:3,Bonus,Tile:1,Destroy,Tile:5,Tile:7,Tile:7,Tile:8,Tile:9,Tile:13,Tile:8,Tile:8,Tile:9,Tile:0,Tile:7,Tile:9,Destroy,Tile:14,Tile:11,Tile:10-Tile:6,Tile:2,Tile:6,Tile:6,Bonus,Tile:4,Tile:6-Tile:10,Bonus,Tile:9,Malus,Tile:7,Tile:0,Map-Tile:hidden1,Tile:hidden2,Tile:nugget
Tile:6 4 5 1
Map 12 3 0
Tile:6_flip 5 4 1
Malus 0 0 0
Map 12 5 1
Tile:0 6 4 0
Drop 3 0 1
Tile:0 7 4 0
Drop 0 0 1
Tile:6 8 4 0
Drop 4 0 1
Tile:8 9 4 0
Drop 3 0 1
Tile:9_flip 10 4 0
Drop 2 0 1
Map 12 5 0
Drop 3 0 1
Malus 0 0 0
Drop 5 0 1
Tile:7_flip 10 5 0
Drop 4 0 1
Tile:7_flip 5 6 0
Drop 5 0 1
Tile:5_flip 11 5 0
Map 12 3 1
Tile:10 9 5 0
Destroy 7 4 1
Tile:5_flip 6 6 0
Drop 4 0 1
Destroy 11 5 0
Bonus 0 0 1
Drop 1 0 0
Drop 6 0 1
Tile:8 7 4 0
Drop 4 0 1
Tile:9 9 6 0
Drop 3 0 1
Tile:7 10 6 0
Drop 0 0 1
Tile:7 11 5 0
Drop 4 0 1
Tile:9 11 6 0
Drop 5 0 1
Destroy 11 5 0
Drop 4 0 1
Drop 1 0 0
Drop 3 0 1
Drop 1 0 0
Drop 2 0 1
Drop 1 0 0
Drop 0 0 1
Drop 1 0 0
Drop 1 0 1
Drop 0 0 0
Drop 0 0 1
GAMEOVER DRAW
# Game ended: Sat Apr 11 20:33:14 EDT 2020
