# Server version 0.08 running on 192.168.2.221:8123
# Game ID: 948
# Board class: Saboteur.SaboteurBoard
# Timeout: 2000
# First Move Timeout: 30000
# Date: Sat Apr 11 21:21:46 EDT 2020
# Player 1: Player-0, 'RandomPlayer', running on 127.0.0.1
# Player 2: Player-1, '260729564', running on 127.0.0.1
START Player-0 RandomPlayer
START Player-1 260729564
BoardInit:Tile:13,Tile:6,Tile:4,Tile:6,Tile:9,Tile:12,Tile:0,Tile:8,Tile:9,Map,Tile:8,Bonus,Tile:10,Tile:6,Tile:8,Tile:9,Tile:5,Bonus,Tile:5,Map,Tile:7,Tile:7,Destroy,Tile:11,Tile:7,Tile:0,Tile:7,Destroy,Tile:6,Tile:15,Malus,Tile:10,Tile:8,Tile:0,Tile:8,Tile:9,Tile:2,Tile:1,Map,Destroy,Tile:7-Tile:0,Tile:9,Bonus,Tile:3,Tile:5,Malus,Tile:5-Map,Tile:14,Map,Tile:6,Bonus,Tile:10,Map-Tile:hidden1,Tile:hidden2,Tile:nugget
Malus 0 0 1
Map 12 7 0
Tile:9_flip 6 5 1
Drop 1 0 0
Tile:5 6 4 1
Map 12 5 0
Tile:9_flip 7 4 1
Drop 3 0 0
Tile:5 7 3 1
Drop 5 0 0
Tile:9_flip 8 3 1
Drop 1 0 0
Tile:8 6 6 1
Drop 0 0 0
Tile:10 8 4 1
Bonus 0 0 0
Tile:8 8 5 1
Tile:9_flip 7 6 0
Tile:0 9 5 1
Tile:6 10 5 0
Tile:0 11 5 1
Tile:8 7 7 0
Tile:5_flip 13 5 1
Tile:7 8 7 0
Tile:5 13 4 1
Drop 5 0 0
Tile:7 12 4 1
Tile:6 11 4 0
Tile:7_flip 12 6 1
Destroy 7 7 0
Tile:6_flip 11 3 1
Map 12 7 0
Malus 0 0 1
Drop 6 0 0
Tile:8 10 4 1
Drop 4 0 0
GAMEOVER TIMEOUT WINNER 0
# Game ended: Sat Apr 11 21:21:51 EDT 2020
