# Server version 0.08 running on 192.168.2.221:8123
# Game ID: 1320
# Board class: Saboteur.SaboteurBoard
# Timeout: 2000
# First Move Timeout: 30000
# Date: Sat Apr 11 21:57:26 EDT 2020
# Player 1: Player-0, 'RandomPlayer', running on 127.0.0.1
# Player 2: Player-1, '260729564', running on 127.0.0.1
START Player-0 RandomPlayer
START Player-1 260729564
BoardInit:Map,Tile:6,Tile:3,Tile:7,Tile:12,Malus,Map,Tile:5,Tile:8,Tile:7,Tile:0,Tile:8,Tile:9,Tile:8,Tile:9,Tile:10,Tile:5,Tile:8,Tile:13,Map,Tile:7,Destroy,Bonus,Tile:10,Destroy,Tile:5,Map,Map,Tile:7,Tile:14,Tile:6,Tile:2,Tile:9,Tile:6,Tile:0,Tile:8,Tile:9,Tile:7,Tile:4,Tile:6,Tile:15-Tile:9,Tile:10,Tile:1,Bonus,Destroy,Bonus,Tile:11-Tile:0,Bonus,Tile:6,Map,Tile:0,Tile:5,Malus-Tile:nugget,Tile:hidden1,Tile:hidden2
Tile:9_flip 6 5 1
Tile:6_flip 5 4 0
Map 12 3 1
Tile:6_flip 4 5 0
Tile:10 6 6 1
Tile:0 4 4 0
Drop 0 0 1
Tile:5_flip 4 6 0
Drop 2 0 1
Malus 0 0 0
Bonus 0 0 1
Drop 1 0 0
Tile:8 6 4 1
Tile:7 7 4 0
Tile:9 7 5 1
Drop 3 0 0
Tile:9_flip 8 5 1
Tile:8 8 6 0
Tile:0 9 6 1
Tile:7_flip 7 6 0
Tile:5_flip 10 6 1
Tile:10 6 7 0
Tile:7_flip 8 7 1
Destroy 8 7 0
Drop 1 0 1
Tile:8 8 7 0
Drop 1 0 1
Tile:10 10 5 0
Drop 1 0 1
Tile:0 3 5 0
Tile:7 9 7 1
Tile:14_flip 2 5 0
Tile:6_flip 10 4 1
Tile:2 9 4 0
Tile:9_flip 11 4 1
Map 12 5 0
Drop 1 0 1
Tile:5 11 3 0
GAMEOVER WINNER 0
# Game ended: Sat Apr 11 21:57:26 EDT 2020
