# Server version 0.08 running on 192.168.2.221:8123
# Game ID: 1450
# Board class: Saboteur.SaboteurBoard
# Timeout: 2000
# First Move Timeout: 30000
# Date: Sat Apr 11 22:06:50 EDT 2020
# Player 1: Player-0, 'RandomPlayer', running on 127.0.0.1
# Player 2: Player-1, '260729564', running on 127.0.0.1
START Player-0 RandomPlayer
START Player-1 260729564
BoardInit:Tile:0,Tile:13,Tile:7,Malus,Destroy,Tile:11,Map,Tile:8,Destroy,Tile:10,Tile:8,Tile:2,Tile:8,Tile:10,Tile:14,Malus,Tile:6,Tile:15,Tile:9,Tile:3,Bonus,Tile:7,Tile:7,Bonus,Map,Tile:10,Tile:9,Tile:9,Tile:9,Tile:0,Tile:6,Tile:12,Destroy,Bonus,Tile:8,Map,Tile:4,Bonus,Tile:6,Tile:7,Tile:6-Tile:7,Map,Tile:9,Tile:0,Tile:5,Tile:8,Map-Tile:0,Tile:6,Tile:5,Tile:5,Tile:5,Map,Tile:1-Tile:hidden1,Tile:hidden2,Tile:nugget
Map 12 3 1
Tile:5_flip 6 5 0
Map 12 5 1
Tile:6 5 6 0
Tile:8 6 4 1
Tile:1 4 5 0
Tile:0 6 6 1
Tile:5 4 6 0
Tile:0 7 6 1
Tile:8 5 4 0
Tile:9_flip 8 6 1
Tile:10 8 7 0
Tile:8 8 8 1
Tile:0 7 4 0
Tile:8 9 8 1
Tile:11_flip 5 3 0
Tile:7 10 8 1
Tile:5 3 5 0
Tile:6 10 9 1
Tile:15 5 2 0
Tile:9_flip 11 9 1
Tile:3_flip 4 4 0
Tile:5 11 8 1
Tile:2_flip 11 10 0
Tile:7 12 8 1
Drop 2 0 0
Tile:7_flip 12 9 1
Tile:7 8 5 0
Tile:9_flip 13 9 1
Tile:9 4 3 0
GAMEOVER TIMEOUT WINNER 0
# Game ended: Sat Apr 11 22:06:54 EDT 2020
