# Server version 0.08 running on 192.168.2.221:8123
# Game ID: 458
# Board class: Saboteur.SaboteurBoard
# Timeout: 2000
# First Move Timeout: 30000
# Date: Sat Apr 11 20:39:09 EDT 2020
# Player 1: Player-0, 'RandomPlayer', running on 127.0.0.1
# Player 2: Player-1, '260729564', running on 127.0.0.1
START Player-0 RandomPlayer
START Player-1 260729564
BoardInit:Tile:6,Tile:8,Tile:8,Tile:13,Tile:7,Bonus,Tile:7,Tile:9,Tile:9,Malus,Tile:5,Bonus,Tile:7,Tile:10,Tile:10,Bonus,Tile:8,Tile:2,Map,Tile:7,Destroy,Tile:11,Tile:6,Tile:0,Bonus,Tile:9,Tile:10,Tile:9,Tile:8,Map,Tile:8,Map,Map,Tile:0,Tile:0,Map,Tile:7,Tile:0,Tile:5,Tile:6,Tile:5-Tile:9,Tile:4,Tile:14,Tile:5,Map,Tile:12,Tile:3-Destroy,Tile:6,Tile:1,Destroy,Tile:15,Tile:6,Malus-Tile:hidden2,Tile:hidden1,Tile:nugget
Map 12 3 1
Tile:6_flip 6 5 0
Tile:6 7 5 1
Tile:6 5 6 0
Tile:8 8 5 1
Drop 1 0 0
Tile:9_flip 9 5 1
Tile:8 5 4 0
Tile:5 9 4 1
Drop 0 0 0
Tile:9_flip 10 4 1
Drop 1 0 0
Tile:7_flip 10 5 1
Tile:9_flip 8 6 0
Tile:7 11 5 1
Drop 2 0 0
Tile:10 11 6 1
Destroy 5 4 0
Tile:8 11 7 1
GAMEOVER WINNER 1
# Game ended: Sat Apr 11 20:39:09 EDT 2020
