# Server version 0.08 running on 192.168.2.221:8123
# Game ID: 253
# Board class: Saboteur.SaboteurBoard
# Timeout: 2000
# First Move Timeout: 30000
# Date: Sat Apr 11 20:12:52 EDT 2020
# Player 1: Player-0, '260729564', running on 127.0.0.1
# Player 2: Player-1, 'RandomPlayer', running on 127.0.0.1
START Player-0 260729564
START Player-1 RandomPlayer
BoardInit:Map,Tile:8,Tile:8,Tile:0,Malus,Tile:7,Tile:10,Tile:2,Bonus,Tile:3,Tile:7,Tile:7,Destroy,Tile:8,Map,Tile:6,Bonus,Tile:14,Tile:6,Bonus,Malus,Map,Tile:0,Tile:0,Tile:8,Tile:4,Tile:9,Tile:5,Destroy,Map,Tile:7,Destroy,Map,Tile:1,Tile:15,Tile:0,Tile:8,Tile:7,Tile:6,Tile:11,Tile:10-Tile:9,Tile:10,Map,Tile:6,Tile:5,Tile:9,Tile:12-Tile:9,Tile:9,Bonus,Tile:6,Tile:5,Tile:13,Tile:5-Tile:hidden1,Tile:hidden2,Tile:nugget
Tile:6_flip 4 5 1
Tile:6 6 5 0
Tile:9 4 6 1
Tile:8 7 5 0
Map 12 7 1
Tile:0 8 5 0
Tile:9_flip 5 6 1
Tile:9_flip 9 5 0
Map 12 5 1
Tile:5 9 4 0
Tile:8 3 5 1
Tile:5_flip 10 4 0
Tile:5_flip 3 6 1
Tile:7_flip 9 6 0
Tile:10 3 4 1
Tile:8 10 6 0
Drop 5 0 1
Tile:6 11 6 0
Tile:7 5 4 1
Tile:9_flip 12 6 0
GAMEOVER WINNER 0
# Game ended: Sat Apr 11 20:12:52 EDT 2020
