# Server version 0.08 running on 192.168.2.221:8123
# Game ID: 900
# Board class: Saboteur.SaboteurBoard
# Timeout: 2000
# First Move Timeout: 30000
# Date: Sat Apr 11 21:19:28 EDT 2020
# Player 1: Player-0, 'RandomPlayer', running on 127.0.0.1
# Player 2: Player-1, '260729564', running on 127.0.0.1
START Player-0 RandomPlayer
START Player-1 260729564
BoardInit:Tile:7,Tile:8,Map,Tile:9,Tile:0,Bonus,Tile:6,Tile:8,Tile:12,Tile:3,Tile:10,Tile:10,Tile:9,Map,Tile:6,Destroy,Tile:14,Tile:0,Tile:9,Map,Tile:5,Tile:15,Destroy,Tile:11,Tile:10,Tile:9,Tile:5,Tile:7,Tile:0,Map,Tile:8,Tile:2,Bonus,Tile:8,Tile:5,Tile:0,Tile:8,Malus,Tile:6,Bonus,Tile:1-Destroy,Tile:4,Tile:7,Tile:5,Tile:7,Tile:9,Tile:13-Map,Tile:7,Tile:6,Map,Malus,Tile:6,Bonus-Tile:hidden1,Tile:nugget,Tile:hidden2
Tile:9_flip 6 5 1
Tile:6 6 6 0
Tile:7 7 6 1
Map 12 3 0
Map 12 3 1
Tile:8 6 4 0
Tile:0 7 4 1
Tile:9_flip 7 7 0
Tile:6 8 4 1
Tile:6 5 6 0
Tile:5_flip 9 4 1
Drop 2 0 0
Tile:10 9 3 1
Tile:7_flip 4 6 0
Tile:9 5 4 1
Tile:8 4 5 0
Tile:6_flip 9 2 1
Tile:3 5 3 0
Tile:7 10 2 1
Destroy 5 4 0
Tile:9 10 3 1
Tile:0 4 3 0
Tile:7_flip 10 4 1
Drop 1 0 0
Tile:5_flip 11 4 1
Tile:10 8 3 0
Tile:10 7 8 1
Map 12 3 0
Tile:5 6 3 1
Map 12 3 0
Tile:0 6 7 1
Tile:7 11 3 0
Tile:8 8 2 1
Tile:9 5 4 0
Destroy 11 3 1
Tile:2 11 3 0
Tile:5_flip 7 3 1
Map 12 5 0
Tile:8 7 2 1
Tile:0 6 2 0
Tile:6_flip 8 1 1
Drop 6 0 0
Destroy 11 3 1
Malus 0 0 0
Bonus 0 0 1
Tile:15 7 9 0
Drop 0 0 1
Drop 2 0 0
Drop 0 0 1
Tile:11_flip 11 3 0
Drop 0 0 1
Drop 0 0 0
Drop 0 0 1
Tile:8 7 10 0
Drop 0 0 1
GAMEOVER DRAW
# Game ended: Sat Apr 11 21:19:28 EDT 2020
