# Server version 0.08 running on 192.168.2.221:8123
# Game ID: 1371
# Board class: Saboteur.SaboteurBoard
# Timeout: 2000
# First Move Timeout: 30000
# Date: Sat Apr 11 22:03:27 EDT 2020
# Player 1: Player-0, '260729564', running on 127.0.0.1
# Player 2: Player-1, 'RandomPlayer', running on 127.0.0.1
START Player-0 260729564
START Player-1 RandomPlayer
BoardInit:Tile:10,Tile:2,Tile:10,Tile:7,Tile:12,Tile:5,Tile:5,Map,Tile:8,Tile:9,Tile:15,Tile:8,Tile:0,Tile:3,Map,Tile:7,Bonus,Destroy,Tile:5,Bonus,Map,Tile:8,Tile:14,Tile:6,Tile:6,Tile:0,Map,Tile:6,Tile:9,Destroy,Bonus,Tile:5,Tile:9,Tile:0,Tile:8,Tile:7,Tile:7,Tile:6,Tile:6,Tile:9,Tile:4-Bonus,Tile:0,Malus,Tile:11,Map,Destroy,Tile:8-Tile:1,Tile:9,Tile:7,Tile:13,Malus,Tile:10,Map-Tile:hidden2,Tile:hidden1,Tile:nugget
Map 12 7 1
Map 12 3 0
Drop 5 0 1
Malus 0 0 0
Drop 0 0 1
Tile:9_flip 6 5 0
Drop 5 0 1
Tile:10 6 4 0
Destroy 6 4 1
Map 12 5 0
Malus 0 0 1
Drop 0 0 0
Drop 0 0 1
Drop 1 0 0
Drop 0 0 1
Drop 1 0 0
Map 12 7 1
Drop 5 0 0
Drop 3 0 1
Drop 0 0 0
Drop 2 0 1
Bonus 0 0 0
Map 12 3 1
Tile:8 6 6 0
Drop 5 0 1
Tile:8 7 6 0
Drop 0 0 1
Tile:6 8 6 0
Drop 6 0 1
Tile:0 9 6 0
Drop 1 0 1
Tile:6 10 6 0
Drop 6 0 1
Tile:9_flip 11 6 0
Drop 0 0 1
Tile:7_flip 11 7 0
GAMEOVER WINNER 0
# Game ended: Sat Apr 11 22:03:27 EDT 2020
