# Server version 0.08 running on 192.168.2.221:8123
# Game ID: 674
# Board class: Saboteur.SaboteurBoard
# Timeout: 2000
# First Move Timeout: 30000
# Date: Sat Apr 11 21:05:29 EDT 2020
# Player 1: Player-0, 'RandomPlayer', running on 127.0.0.1
# Player 2: Player-1, '260729564', running on 127.0.0.1
START Player-0 RandomPlayer
START Player-1 260729564
BoardInit:Tile:9,Tile:3,Tile:8,Tile:9,Tile:11,Map,Tile:0,Tile:6,Tile:9,Tile:6,Tile:8,Tile:7,Tile:0,Map,Tile:6,Tile:10,Map,Tile:8,Malus,Map,Tile:15,Destroy,Tile:13,Tile:7,Tile:5,Bonus,Tile:8,Bonus,Tile:12,Tile:4,Tile:6,Map,Bonus,Map,Tile:1,Tile:2,Bonus,Tile:5,Tile:7,Tile:5,Tile:10-Destroy,Tile:6,Malus,Tile:7,Tile:9,Tile:8,Tile:7-Destroy,Tile:10,Tile:5,Tile:0,Tile:0,Tile:14,Tile:9-Tile:hidden1,Tile:hidden2,Tile:nugget
Malus 0 0 1
Drop 3 0 0
Tile:8 6 5 1
Drop 1 0 0
Tile:8 7 5 1
Drop 0 0 0
Tile:9_flip 8 5 1
Map 12 5 0
Tile:9 8 4 1
Drop 1 0 0
Tile:9_flip 9 4 1
Drop 4 0 0
Tile:8 8 6 1
Drop 0 0 0
Tile:6 9 6 1
Map 12 7 0
Tile:0 10 6 1
Drop 5 0 0
Map 12 3 1
Drop 3 0 0
Malus 0 0 1
Map 12 7 0
Tile:6 11 6 1
Destroy 11 6 0
Tile:0 11 6 1
Drop 2 0 0
Tile:7 12 6 1
GAMEOVER WINNER 1
# Game ended: Sat Apr 11 21:05:29 EDT 2020
