# Server version 0.08 running on 192.168.2.221:8123
# Game ID: 49
# Board class: Saboteur.SaboteurBoard
# Timeout: 2000
# First Move Timeout: 30000
# Date: Sat Apr 11 16:09:41 EDT 2020
# Player 1: Player-0, '260729564', running on 127.0.0.1
# Player 2: Player-1, 'RandomPlayer', running on 127.0.0.1
START Player-0 260729564
START Player-1 RandomPlayer
BoardInit:Tile:2,Tile:9,Tile:6,Tile:10,Tile:5,Map,Map,Bonus,Tile:6,Map,Tile:8,Tile:5,Malus,Map,Tile:13,Tile:10,Tile:1,Tile:7,Tile:7,Tile:0,Tile:7,Tile:11,Tile:15,Tile:6,Destroy,Tile:5,Tile:8,Map,Map,Tile:9,Tile:0,Bonus,Destroy,Tile:8,Tile:9,Tile:7,Tile:6,Tile:5,Tile:12,Tile:6,Bonus-Bonus,Tile:8,Tile:7,Tile:0,Destroy,Tile:0,Tile:4-Tile:14,Tile:10,Tile:9,Tile:8,Tile:9,Malus,Tile:3-Tile:nugget,Tile:hidden2,Tile:hidden1
Tile:0 6 5 1
Malus 0 0 0
Bonus 0 0 1
Tile:8 7 5 0
Tile:2 5 4 1
Tile:9_flip 8 5 0
Tile:5_flip 5 6 1
Map 12 3 0
Tile:6 4 6 1
Tile:10 8 4 0
Drop 1 0 1
Tile:9 8 3 0
Tile:6 6 4 1
Tile:9_flip 9 3 0
Destroy 8 4 1
Tile:10 8 4 0
Tile:8 7 6 1
Tile:10 9 4 0
Drop 1 0 1
Tile:5 9 2 0
Tile:1 10 2 1
Tile:7_flip 9 5 0
Tile:8 4 5 1
Tile:0 10 5 0
Tile:7_flip 3 6 1
Tile:6_flip 11 5 0
Destroy 5 4 1
Tile:5 12 4 0
Tile:15 7 7 1
Drop 0 0 0
Tile:13 11 6 1
Tile:9_flip 13 4 0
Tile:8 12 6 1
Drop 0 0 0
Destroy 8 5 1
Tile:8 8 6 0
Tile:7 7 4 1
GAMEOVER TIMEOUT WINNER 1
# Game ended: Sat Apr 11 16:09:44 EDT 2020
