# Server version 0.08 running on 192.168.2.221:8123
# Game ID: 985
# Board class: Saboteur.SaboteurBoard
# Timeout: 2000
# First Move Timeout: 30000
# Date: Sat Apr 11 21:23:21 EDT 2020
# Player 1: Player-0, '260729564', running on 127.0.0.1
# Player 2: Player-1, 'RandomPlayer', running on 127.0.0.1
START Player-0 260729564
START Player-1 RandomPlayer
BoardInit:Map,Tile:8,Tile:6,Tile:5,Map,Tile:9,Tile:9,Tile:7,Bonus,Tile:9,Bonus,Tile:9,Tile:10,Tile:8,Map,Tile:6,Map,Malus,Tile:5,Tile:11,Tile:13,Destroy,Tile:7,Tile:0,Tile:14,Tile:1,Tile:6,Map,Tile:0,Map,Tile:0,Tile:7,Tile:6,Tile:15,Tile:12,Tile:9,Tile:8,Tile:5,Tile:5,Tile:7,Tile:0-Tile:8,Bonus,Tile:10,Malus,Tile:10,Tile:3,Tile:7-Destroy,Destroy,Tile:8,Tile:2,Tile:6,Bonus,Tile:4-Tile:hidden1,Tile:nugget,Tile:hidden2
Tile:10 5 4 1
Tile:8 6 5 0
Tile:7 7 5 1
Tile:8 7 6 0
Map 12 3 1
Tile:6 8 6 0
Tile:10 8 5 1
Tile:9_flip 9 6 0
Tile:9 9 7 1
Tile:5_flip 10 7 0
Tile:6_flip 4 5 1
Tile:9 10 6 0
Drop 6 0 1
Tile:9_flip 11 6 0
Tile:3_flip 7 7 1
Tile:8 11 5 0
GAMEOVER WINNER 0
# Game ended: Sat Apr 11 21:23:22 EDT 2020
