# Server version 0.08 running on 192.168.2.221:8123
# Game ID: 1294
# Board class: Saboteur.SaboteurBoard
# Timeout: 2000
# First Move Timeout: 30000
# Date: Sat Apr 11 21:45:14 EDT 2020
# Player 1: Player-0, 'RandomPlayer', running on 127.0.0.1
# Player 2: Player-1, '260729564', running on 127.0.0.1
START Player-0 RandomPlayer
START Player-1 260729564
BoardInit:Tile:7,Tile:8,Tile:6,Malus,Tile:12,Tile:14,Tile:10,Tile:10,Tile:6,Map,Tile:0,Tile:8,Tile:13,Bonus,Tile:8,Tile:7,Tile:4,Tile:5,Tile:3,Tile:0,Map,Map,Tile:11,Tile:5,Tile:2,Destroy,Tile:9,Tile:8,Map,Tile:5,Bonus,Tile:9,Tile:7,Map,Tile:9,Destroy,Malus,Tile:6,Tile:6,Bonus,Tile:8-Tile:6,Tile:7,Tile:10,Map,Tile:9,Tile:15,Tile:9-Destroy,Tile:5,Tile:0,Tile:7,Tile:0,Tile:1,Bonus-Tile:nugget,Tile:hidden1,Tile:hidden2
Map 12 3 1
Tile:0 6 5 0
Tile:9_flip 7 5 1
Tile:7 7 4 0
Tile:7_flip 6 4 1
Tile:8 7 6 0
Tile:6 8 6 1
Tile:1 6 6 0
Tile:6 9 6 1
Tile:14_flip 4 5 0
Tile:6 10 6 1
Destroy 10 6 0
Tile:0 10 6 1
Map 12 3 0
Drop 1 0 1
Tile:5_flip 7 7 0
Tile:8 11 6 1
Tile:10 9 5 0
Tile:10 9 4 1
Tile:7 6 3 0
Tile:10 5 4 1
Tile:8 5 6 0
Tile:9_flip 9 3 1
Tile:5 6 7 0
Tile:7 12 6 1
Tile:5_flip 13 7 0
Drop 0 0 1
Destroy 7 4 0
Tile:9_flip 9 2 1
Tile:8 8 3 0
Drop 0 0 1
Tile:5_flip 6 8 0
Drop 0 0 1
Tile:0 5 8 0
Tile:7_flip 7 3 1
Tile:9_flip 11 5 0
Tile:9_flip 11 4 1
Map 12 5 0
Malus 0 0 1
Destroy 7 7 0
Tile:6 12 8 1
Drop 0 0 0
Tile:8 11 3 1
GAMEOVER WINNER 1
# Game ended: Sat Apr 11 21:45:16 EDT 2020
