# Server version 0.08 running on 192.168.2.221:8123
# Game ID: 741
# Board class: Saboteur.SaboteurBoard
# Timeout: 2000
# First Move Timeout: 30000
# Date: Sat Apr 11 21:08:19 EDT 2020
# Player 1: Player-0, '260729564', running on 127.0.0.1
# Player 2: Player-1, 'RandomPlayer', running on 127.0.0.1
START Player-0 260729564
START Player-1 RandomPlayer
BoardInit:Tile:10,Tile:5,Tile:1,Tile:7,Bonus,Tile:0,Tile:0,Map,Tile:5,Tile:3,Destroy,Tile:7,Map,Tile:10,Bonus,Tile:12,Tile:7,Tile:6,Tile:5,Map,Map,Map,Tile:7,Tile:5,Map,Tile:13,Tile:0,Malus,Tile:2,Tile:0,Tile:11,Tile:9,Bonus,Tile:9,Tile:8,Destroy,Tile:9,Destroy,Tile:4,Tile:8,Tile:8-Tile:15,Tile:8,Tile:10,Tile:6,Tile:6,Tile:14,Tile:9-Tile:6,Tile:8,Malus,Bonus,Tile:7,Tile:6,Tile:9-Tile:nugget,Tile:hidden2,Tile:hidden1
Tile:6 6 5 1
Malus 0 0 0
Drop 1 0 1
Tile:8 7 5 0
Drop 4 0 1
Tile:9_flip 8 5 0
Drop 3 0 1
Tile:6 8 6 0
Drop 5 0 1
Map 12 3 0
Drop 4 0 1
Tile:6_flip 8 4 0
Drop 0 0 1
Tile:0 9 4 0
Drop 4 0 1
Tile:10 6 4 0
Map 12 5 1
Tile:7 10 4 0
Bonus 0 0 1
Tile:6 10 5 0
Tile:5 7 4 1
Tile:5_flip 11 5 0
Tile:6 7 6 1
Tile:7 9 6 0
Tile:7 5 4 1
Tile:5 11 4 0
Destroy 6 4 1
Tile:7 12 4 0
Map 12 3 1
Malus 0 0 0
Drop 4 0 1
Tile:0 13 5 0
Drop 6 0 1
Tile:9 12 6 0
Drop 0 0 1
GAMEOVER TIMEOUT WINNER 1
# Game ended: Sat Apr 11 21:08:23 EDT 2020
