# Server version 0.08 running on 192.168.2.221:8123
# Game ID: 1037
# Board class: Saboteur.SaboteurBoard
# Timeout: 2000
# First Move Timeout: 30000
# Date: Sat Apr 11 21:29:21 EDT 2020
# Player 1: Player-0, '260729564', running on 127.0.0.1
# Player 2: Player-1, 'RandomPlayer', running on 127.0.0.1
START Player-0 260729564
START Player-1 RandomPlayer
BoardInit:Tile:7,Tile:14,Map,Tile:7,Tile:6,Tile:10,Tile:11,Tile:8,Tile:10,Tile:9,Tile:1,Map,Map,Tile:9,Tile:7,Tile:5,Tile:4,Tile:13,Tile:15,Tile:3,Tile:8,Destroy,Tile:6,Tile:9,Tile:5,Tile:8,Malus,Map,Tile:2,Tile:5,Tile:0,Tile:9,Bonus,Tile:0,Tile:9,Tile:12,Tile:0,Bonus,Tile:10,Tile:0,Tile:5-Malus,Tile:7,Tile:8,Destroy,Map,Bonus,Tile:6-Tile:7,Map,Destroy,Tile:6,Tile:6,Bonus,Tile:8-Tile:hidden2,Tile:nugget,Tile:hidden1
Drop 2 0 1
Map 12 3 0
Map 12 3 1
Tile:8 6 5 0
Tile:7_flip 6 6 1
Tile:6 7 6 0
Tile:6_flip 6 4 1
Tile:6 8 6 0
Tile:11_flip 8 5 1
Tile:8 9 6 0
Tile:6 9 7 1
Tile:9_flip 10 6 0
Tile:10 5 6 1
Map 12 5 0
Tile:7 10 5 1
Tile:9_flip 10 7 0
Destroy 10 7 1
Tile:5 9 5 0
Drop 5 0 1
Tile:7 7 4 0
Map 12 5 1
Tile:10 8 4 0
Map 12 5 1
Tile:7_flip 5 7 0
Drop 0 0 1
Tile:9_flip 10 7 0
Tile:5 5 4 1
Tile:8 10 8 0
Tile:1 9 8 1
Drop 2 0 0
Tile:6 10 9 1
Tile:5_flip 11 8 0
Tile:2 11 9 1
Tile:9 11 7 0
Tile:8 12 9 1
GAMEOVER TIMEOUT WINNER 1
# Game ended: Sat Apr 11 21:29:25 EDT 2020
