# Server version 0.08 running on 192.168.2.221:8123
# Game ID: 25
# Board class: Saboteur.SaboteurBoard
# Timeout: 2000
# First Move Timeout: 30000
# Date: Sat Apr 11 15:56:21 EDT 2020
# Player 1: Player-0, 'RandomPlayer', running on 127.0.0.1
# Player 2: Player-1, '260729564', running on 127.0.0.1
START Player-0 RandomPlayer
START Player-1 260729564
BoardInit:Tile:8,Tile:0,Destroy,Tile:8,Malus,Tile:0,Tile:6,Tile:10,Tile:6,Tile:9,Tile:3,Tile:7,Tile:8,Tile:5,Bonus,Tile:4,Map,Malus,Tile:7,Tile:10,Bonus,Tile:9,Tile:0,Bonus,Bonus,Destroy,Tile:8,Tile:7,Tile:13,Tile:5,Map,Tile:10,Map,Tile:1,Tile:6,Tile:14,Tile:5,Tile:12,Tile:11,Tile:9,Destroy-Tile:5,Tile:7,Tile:9,Tile:8,Tile:0,Tile:15,Map-Tile:7,Tile:6,Tile:9,Map,Tile:6,Tile:2,Map-Tile:nugget,Tile:hidden2,Tile:hidden1
Map 12 3 1
Tile:6 5 6 0
Tile:0 6 5 1
Map 12 3 0
Tile:9 5 4 1
Tile:2_flip 4 5 0
Tile:8 5 3 1
Tile:8 6 3 0
Tile:6 7 3 1
Tile:9 3 5 0
Tile:6 8 3 1
Tile:6_flip 6 6 0
Tile:8 5 2 1
Tile:10 5 1 0
Tile:8 5 0 1
Tile:5_flip 6 4 0
Drop 2 0 1
Tile:9_flip 6 0 0
Tile:5_flip 9 3 1
Tile:7_flip 6 1 0
Drop 2 0 1
Tile:4_flip 3 6 0
Drop 2 0 1
Tile:10 3 4 0
Tile:0 7 1 1
Tile:9_flip 7 6 0
Tile:7 8 1 1
Destroy 4 5 0
Tile:8 4 5 1
Tile:7_flip 4 3 0
Drop 2 0 1
Tile:0 4 0 0
Drop 4 0 1
Drop 1 0 0
Drop 4 0 1
Tile:7 3 3 0
Tile:6_flip 9 2 1
Tile:1 10 2 0
Tile:7_flip 7 7 1
Tile:5 7 2 0
Tile:5_flip 8 7 1
Map 12 5 0
Drop 3 0 1
Tile:14 6 7 0
Drop 3 0 1
Tile:9_flip 7 5 0
Drop 3 0 1
Drop 2 0 0
Destroy 6 4 1
Drop 2 0 0
Destroy 3 3 1
Malus 0 0 0
Bonus 0 0 1
Drop 0 0 0
Drop 0 0 1
GAMEOVER DRAW
# Game ended: Sat Apr 11 15:56:22 EDT 2020
