# Server version 0.08 running on 192.168.2.221:8123
# Game ID: 846
# Board class: Saboteur.SaboteurBoard
# Timeout: 2000
# First Move Timeout: 30000
# Date: Sat Apr 11 21:14:42 EDT 2020
# Player 1: Player-0, 'RandomPlayer', running on 127.0.0.1
# Player 2: Player-1, '260729564', running on 127.0.0.1
START Player-0 RandomPlayer
START Player-1 260729564
BoardInit:Tile:0,Tile:9,Tile:3,Map,Tile:5,Tile:0,Malus,Tile:10,Tile:6,Tile:5,Tile:10,Tile:6,Map,Tile:2,Tile:7,Tile:8,Tile:8,Tile:12,Tile:1,Tile:4,Bonus,Tile:7,Tile:6,Tile:9,Bonus,Tile:7,Tile:8,Map,Tile:13,Tile:5,Tile:15,Tile:9,Destroy,Tile:11,Tile:6,Tile:10,Tile:9,Tile:0,Tile:7,Map,Tile:7-Tile:8,Destroy,Map,Malus,Tile:9,Tile:6,Tile:0-Tile:14,Tile:8,Bonus,Tile:5,Map,Destroy,Bonus-Tile:hidden2,Tile:nugget,Tile:hidden1
Map 12 3 1
Tile:5 5 4 0
Malus 0 0 1
Drop 2 0 0
Tile:8 6 4 1
Drop 1 0 0
Tile:6 7 4 1
Drop 2 0 0
Malus 0 0 1
Map 12 5 0
Tile:0 8 4 1
Drop 1 0 0
Tile:0 9 4 1
Drop 4 0 0
Map 12 5 1
Map 12 7 0
Tile:6 10 4 1
Drop 5 0 0
Tile:8 11 4 1
Drop 3 0 0
Tile:9_flip 12 4 1
GAMEOVER WINNER 1
# Game ended: Sat Apr 11 21:14:42 EDT 2020
