# Server version 0.08 running on 192.168.2.221:8123
# Game ID: 421
# Board class: Saboteur.SaboteurBoard
# Timeout: 2000
# First Move Timeout: 30000
# Date: Sat Apr 11 20:35:04 EDT 2020
# Player 1: Player-0, '260729564', running on 127.0.0.1
# Player 2: Player-1, 'RandomPlayer', running on 127.0.0.1
START Player-0 260729564
START Player-1 RandomPlayer
BoardInit:Tile:12,Tile:15,Destroy,Tile:8,Tile:6,Tile:0,Tile:2,Tile:8,Map,Tile:0,Tile:14,Bonus,Bonus,Tile:5,Tile:8,Tile:4,Tile:7,Malus,Tile:5,Map,Tile:6,Tile:9,Tile:10,Map,Tile:10,Tile:6,Tile:9,Tile:7,Map,Tile:7,Tile:3,Bonus,Tile:6,Tile:9,Tile:13,Map,Tile:8,Tile:9,Tile:7,Tile:7,Destroy-Tile:0,Tile:11,Tile:1,Malus,Tile:0,Tile:9,Destroy-Tile:8,Bonus,Tile:6,Tile:10,Map,Tile:5,Tile:5-Tile:nugget,Tile:hidden1,Tile:hidden2
Tile:11 5 4 1
Map 12 3 0
Drop 1 0 1
Tile:8 6 5 0
Tile:9_flip 5 6 1
Tile:8 6 4 0
Tile:0 7 4 1
Tile:5_flip 8 4 0
Tile:2 7 5 1
Tile:8 8 3 0
Tile:6 5 7 1
Tile:5_flip 9 3 0
Tile:12 8 5 1
Tile:10 9 2 0
Tile:14 7 6 1
Tile:6_flip 9 1 0
Map 12 3 1
Tile:0 10 1 0
Tile:8 11 1 1
Malus 0 0 0
Destroy 11 1 1
Tile:0 11 1 0
Destroy 7 5 1
Tile:9_flip 12 1 0
Drop 0 0 1
Tile:5_flip 12 2 0
Drop 0 0 1
Tile:6_flip 12 0 0
Drop 6 0 1
Tile:7 13 0 0
Drop 3 0 1
Drop 5 0 0
Map 12 7 1
Tile:4_flip 13 1 0
Drop 0 0 1
Tile:9_flip 8 2 0
Drop 3 0 1
Tile:7_flip 11 0 0
Drop 6 0 1
Tile:9 8 1 0
Drop 2 0 1
Tile:7_flip 7 2 0
Destroy 8 4 1
Drop 1 0 0
Drop 4 0 1
Drop 1 0 0
Drop 2 0 1
Drop 1 0 0
Drop 0 0 1
Drop 1 0 0
Drop 0 0 1
Drop 1 0 0
Drop 1 0 1
Drop 0 0 0
Drop 0 0 1
GAMEOVER DRAW
# Game ended: Sat Apr 11 20:35:09 EDT 2020
