# Server version 0.08 running on 192.168.2.221:8123
# Game ID: 104
# Board class: Saboteur.SaboteurBoard
# Timeout: 2000
# First Move Timeout: 30000
# Date: Sat Apr 11 16:19:22 EDT 2020
# Player 1: Player-0, 'RandomPlayer', running on 127.0.0.1
# Player 2: Player-1, '260729564', running on 127.0.0.1
START Player-0 RandomPlayer
START Player-1 260729564
BoardInit:Tile:10,Tile:5,Tile:0,Tile:8,Tile:1,Tile:5,Tile:8,Destroy,Tile:5,Destroy,Tile:0,Map,Tile:7,Tile:7,Map,Tile:6,Tile:9,Tile:0,Destroy,Tile:6,Map,Map,Tile:6,Malus,Tile:7,Tile:4,Tile:5,Tile:15,Tile:9,Bonus,Tile:14,Tile:7,Tile:12,Tile:9,Tile:13,Map,Tile:7,Tile:6,Malus,Tile:9,Tile:8-Tile:3,Tile:9,Map,Tile:8,Bonus,Tile:10,Tile:10-Bonus,Tile:8,Tile:0,Bonus,Tile:2,Tile:6,Tile:11-Tile:hidden2,Tile:nugget,Tile:hidden1
Map 12 3 1
Tile:11 4 5 0
Tile:8 6 5 1
Tile:6 6 6 0
Tile:0 7 6 1
Drop 1 0 0
Tile:9_flip 8 6 1
Tile:8 5 6 0
Tile:8 8 5 1
Tile:2_flip 4 6 0
Tile:5_flip 9 5 1
Destroy 6 6 0
Tile:0 7 5 1
Tile:5 8 4 0
Tile:7_flip 8 7 1
Tile:7 4 4 0
Map 12 5 1
Destroy 8 4 0
Tile:10 9 4 1
Tile:6_flip 3 6 0
Tile:10 9 3 1
Tile:0 2 6 0
Tile:9_flip 9 7 1
Tile:5 9 6 0
Tile:6_flip 10 6 1
Tile:6 5 7 0
Tile:7 11 6 1
Drop 0 0 0
Tile:5 6 4 1
Tile:4_flip 10 7 0
Tile:9_flip 8 4 1
Tile:15 5 4 0
Tile:10 8 3 1
Malus 0 0 0
Bonus 0 0 1
Tile:7_flip 11 7 0
Destroy 11 7 1
Tile:9 12 8 0
Tile:7_flip 11 7 1
Tile:6_flip 3 4 0
Malus 0 0 1
Drop 1 0 0
GAMEOVER TIMEOUT WINNER 0
# Game ended: Sat Apr 11 16:19:26 EDT 2020
