# Server version 0.08 running on 192.168.2.221:8123
# Game ID: 257
# Board class: Saboteur.SaboteurBoard
# Timeout: 2000
# First Move Timeout: 30000
# Date: Sat Apr 11 20:15:07 EDT 2020
# Player 1: Player-0, '260729564', running on 127.0.0.1
# Player 2: Player-1, 'RandomPlayer', running on 127.0.0.1
START Player-0 260729564
START Player-1 RandomPlayer
BoardInit:Tile:9,Tile:0,Map,Tile:7,Tile:5,Tile:7,Bonus,Tile:2,Tile:6,Map,Tile:7,Tile:8,Tile:5,Tile:9,Destroy,Tile:8,Bonus,Map,Tile:6,Tile:9,Tile:14,Tile:8,Tile:5,Bonus,Map,Tile:10,Tile:4,Tile:13,Tile:10,Map,Tile:1,Destroy,Tile:9,Tile:8,Bonus,Tile:0,Tile:7,Malus,Tile:8,Tile:0,Tile:6-Tile:15,Tile:12,Tile:6,Tile:3,Tile:6,Destroy,Tile:9-Tile:11,Tile:5,Tile:0,Map,Tile:7,Tile:10,Malus-Tile:hidden1,Tile:nugget,Tile:hidden2
Tile:6_flip 4 5 1
Map 12 3 0
Tile:9 5 6 1
Malus 0 0 0
Drop 6 0 1
Tile:0 6 6 0
Destroy 5 6 1
Tile:0 6 5 0
Drop 5 0 1
Tile:7 7 5 0
Bonus 0 0 1
Map 12 5 0
Tile:6_flip 5 4 1
Tile:8 7 6 0
Tile:6_flip 3 5 1
Tile:7 8 6 0
Tile:7_flip 4 6 1
Tile:8 8 7 0
Drop 5 0 1
Tile:7 9 7 0
Tile:6 7 7 1
Tile:10 9 8 0
Tile:5_flip 8 8 1
Tile:8 9 9 0
Tile:9_flip 9 10 1
Tile:5_flip 6 4 0
Drop 3 0 1
Tile:9 6 3 0
Tile:5 8 9 1
Tile:9_flip 7 3 0
Tile:3_flip 2 5 1
Tile:10 7 2 0
Tile:15 2 4 1
Drop 0 0 0
Tile:14_flip 6 7 1
Tile:8 10 9 0
Tile:9 8 10 1
Tile:0 11 9 0
Tile:4 2 3 1
Malus 0 0 0
Drop 2 0 1
Tile:0 12 9 0
Bonus 0 0 1
Drop 0 0 0
Tile:12_flip 7 8 1
Drop 0 0 0
Tile:6 4 4 1
Drop 1 0 0
Map 12 5 1
Drop 1 0 0
Tile:1 13 9 1
Destroy 8 9 0
Tile:7 4 3 1
Drop 0 0 0
Drop 0 0 1
GAMEOVER DRAW
# Game ended: Sat Apr 11 20:15:11 EDT 2020
