# Server version 0.08 running on 192.168.2.221:8123
# Game ID: 1298
# Board class: Saboteur.SaboteurBoard
# Timeout: 2000
# First Move Timeout: 30000
# Date: Sat Apr 11 21:45:59 EDT 2020
# Player 1: Player-0, 'RandomPlayer', running on 127.0.0.1
# Player 2: Player-1, '260729564', running on 127.0.0.1
START Player-0 RandomPlayer
START Player-1 260729564
BoardInit:Tile:10,Bonus,Tile:0,Tile:10,Map,Tile:4,Tile:8,Tile:7,Tile:5,Destroy,Malus,Tile:3,Tile:7,Tile:5,Map,Malus,Tile:10,Tile:9,Tile:1,Tile:9,Tile:8,Tile:5,Tile:12,Destroy,Tile:8,Map,Tile:6,Tile:9,Map,Tile:0,Tile:5,Tile:7,Tile:0,Tile:7,Tile:2,Bonus,Map,Destroy,Tile:8,Tile:9,Tile:9-Tile:14,Bonus,Tile:6,Tile:8,Tile:0,Tile:6,Tile:15-Tile:6,Bonus,Tile:7,Tile:11,Map,Tile:6,Tile:13-Tile:nugget,Tile:hidden1,Tile:hidden2
Tile:8 6 5 1
Tile:6_flip 5 4 0
Tile:6 7 5 1
Tile:11_flip 8 5 0
Tile:10 7 4 1
Tile:13 4 4 0
Map 12 3 1
Tile:6 4 5 0
Tile:8 7 3 1
Tile:7_flip 3 4 0
Tile:5 8 4 1
Tile:4_flip 8 6 0
Malus 0 0 1
Destroy 4 4 0
Tile:0 8 3 1
Bonus 0 0 0
Tile:6 9 3 1
Drop 5 0 0
Tile:0 10 3 1
Tile:9_flip 6 4 0
Tile:7 11 3 1
Tile:9 5 6 0
Tile:8 11 4 1
Tile:7 12 4 0
GAMEOVER TIMEOUT WINNER 0
# Game ended: Sat Apr 11 21:46:03 EDT 2020
