# Server version 0.08 running on 192.168.2.221:8123
# Game ID: 1047
# Board class: Saboteur.SaboteurBoard
# Timeout: 2000
# First Move Timeout: 30000
# Date: Sat Apr 11 21:30:22 EDT 2020
# Player 1: Player-0, '260729564', running on 127.0.0.1
# Player 2: Player-1, 'RandomPlayer', running on 127.0.0.1
START Player-0 260729564
START Player-1 RandomPlayer
BoardInit:Tile:14,Tile:9,Tile:4,Tile:9,Tile:6,Malus,Tile:0,Bonus,Tile:6,Tile:5,Tile:11,Tile:1,Malus,Tile:9,Tile:2,Tile:9,Tile:9,Tile:8,Tile:7,Map,Tile:10,Tile:7,Map,Tile:8,Tile:10,Tile:12,Tile:6,Map,Tile:6,Map,Destroy,Bonus,Tile:6,Tile:8,Destroy,Tile:8,Bonus,Tile:13,Tile:7,Map,Tile:5-Tile:5,Tile:5,Map,Tile:0,Destroy,Tile:15,Tile:7-Tile:0,Tile:10,Bonus,Tile:7,Tile:0,Tile:3,Tile:8-Tile:nugget,Tile:hidden2,Tile:hidden1
Tile:5_flip 5 6 1
Tile:8 6 5 0
Tile:7 6 4 1
Tile:7 7 5 0
Tile:14_flip 5 4 1
Tile:10 7 6 0
Drop 2 0 1
Malus 0 0 0
Drop 3 0 1
Tile:9 7 7 0
Drop 1 0 1
Tile:5_flip 8 7 0
Destroy 6 4 1
Tile:9 8 6 0
Drop 5 0 1
Tile:9_flip 9 6 0
Drop 1 0 1
Tile:9 9 5 0
Drop 3 0 1
Tile:8 10 5 0
Drop 2 0 1
Map 12 3 0
Drop 3 0 1
Tile:0 11 5 0
Drop 4 0 1
Tile:8 12 4 0
GAMEOVER WINNER 0
# Game ended: Sat Apr 11 21:30:23 EDT 2020
