# Server version 0.08 running on 192.168.2.221:8123
# Game ID: 75
# Board class: Saboteur.SaboteurBoard
# Timeout: 2000
# First Move Timeout: 30000
# Date: Sat Apr 11 16:15:00 EDT 2020
# Player 1: Player-0, '260729564', running on 127.0.0.1
# Player 2: Player-1, 'RandomPlayer', running on 127.0.0.1
START Player-0 260729564
START Player-1 RandomPlayer
BoardInit:Tile:8,Tile:9,Tile:11,Tile:6,Bonus,Tile:5,Malus,Tile:7,Malus,Tile:9,Tile:3,Map,Tile:8,Destroy,Tile:4,Bonus,Tile:8,Tile:1,Map,Tile:0,Tile:7,Tile:9,Tile:6,Bonus,Tile:6,Tile:6,Tile:5,Tile:6,Tile:5,Tile:9,Map,Map,Map,Tile:5,Tile:10,Tile:15,Tile:7,Tile:7,Tile:8,Tile:8,Tile:12-Tile:13,Destroy,Destroy,Bonus,Tile:9,Tile:10,Tile:14-Tile:2,Map,Tile:0,Tile:10,Tile:0,Tile:0,Tile:7-Tile:nugget,Tile:hidden1,Tile:hidden2
Tile:10 5 6 1
Map 12 3 0
Tile:8 4 5 1
Tile:0 6 5 0
Tile:9_flip 7 5 1
Tile:6_flip 7 4 0
Tile:11 3 5 1
Tile:5_flip 8 4 0
Destroy 7 5 1
Tile:9_flip 7 5 0
Tile:13 5 4 1
Tile:9 8 3 0
Destroy 7 4 1
Tile:7_flip 7 6 0
Tile:8 4 4 1
Tile:0 8 6 0
Drop 1 0 1
Tile:0 9 6 0
Tile:3 4 3 1
Tile:7 10 6 0
Tile:8 3 3 1
Tile:0 6 4 0
Tile:7 3 2 1
Drop 0 0 0
Tile:6_flip 2 3 1
Drop 1 0 0
Tile:6 10 7 1
Tile:6_flip 11 7 0
Tile:4_flip 2 4 1
Tile:6_flip 7 4 0
Tile:5_flip 5 7 1
Tile:9_flip 8 2 0
Tile:5_flip 13 7 1
Tile:9_flip 9 3 0
Map 12 3 1
Tile:5 9 2 0
Tile:10 8 1 1
Tile:10 9 4 0
Drop 6 0 1
Tile:7 10 2 0
Drop 6 0 1
Tile:8 13 6 0
Drop 4 0 1
Drop 2 0 0
Tile:12_flip 9 7 1
Drop 2 0 0
Drop 0 0 1
Drop 2 0 0
Malus 0 0 1
Bonus 0 0 0
Malus 0 0 1
Drop 1 0 0
Drop 0 0 1
Drop 0 0 0
Drop 0 0 1
GAMEOVER DRAW
# Game ended: Sat Apr 11 16:15:01 EDT 2020
