# Server version 0.08 running on 192.168.2.221:8123
# Game ID: 213
# Board class: Saboteur.SaboteurBoard
# Timeout: 2000
# First Move Timeout: 30000
# Date: Sat Apr 11 20:09:24 EDT 2020
# Player 1: Player-0, '260729564', running on 127.0.0.1
# Player 2: Player-1, 'RandomPlayer', running on 127.0.0.1
START Player-0 260729564
START Player-1 RandomPlayer
BoardInit:Tile:7,Tile:9,Tile:14,Tile:1,Malus,Tile:5,Tile:8,Tile:13,Destroy,Tile:5,Tile:0,Tile:9,Tile:8,Tile:6,Tile:2,Tile:7,Bonus,Map,Tile:0,Tile:7,Tile:8,Destroy,Bonus,Tile:9,Tile:5,Tile:3,Tile:0,Tile:8,Tile:6,Bonus,Tile:6,Map,Bonus,Tile:15,Map,Map,Tile:10,Malus,Tile:7,Tile:8,Tile:10-Tile:11,Map,Tile:0,Tile:7,Tile:5,Tile:6,Map-Tile:10,Tile:4,Destroy,Tile:9,Tile:6,Tile:12,Tile:9-Tile:hidden2,Tile:nugget,Tile:hidden1
Tile:0 4 5 1
Tile:6 6 5 0
Tile:11 5 4 1
Tile:9_flip 7 5 0
Tile:6_flip 6 4 1
Tile:10 7 6 0
Drop 2 0 1
Tile:9_flip 7 4 0
Tile:7 5 3 1
Tile:5 7 3 0
Map 12 3 1
Tile:5_flip 8 3 0
Malus 0 0 1
Drop 0 0 0
Tile:0 3 5 1
Drop 1 0 0
Tile:14 5 6 1
Drop 2 0 0
Tile:8 8 2 1
Drop 2 0 0
Tile:8 4 3 1
Drop 5 0 0
Tile:2_flip 7 2 1
Drop 0 0 0
Destroy 5 4 1
Drop 0 0 0
Tile:0 3 3 1
Drop 6 0 0
Tile:7 8 1 1
Drop 0 0 0
Tile:6_flip 2 5 1
Bonus 0 0 0
Map 12 3 1
Map 12 3 0
Tile:6_flip 4 2 1
Tile:8 9 2 0
Drop 6 0 1
Map 12 5 0
Tile:5_flip 5 2 1
Malus 0 0 0
Drop 6 0 1
Tile:8 10 2 0
Drop 4 0 1
Tile:9 10 3 0
Drop 3 0 1
Tile:6_flip 11 3 0
Drop 4 0 1
GAMEOVER TIMEOUT WINNER 1
# Game ended: Sat Apr 11 20:09:28 EDT 2020
