# Server version 0.08 running on 192.168.2.221:8123
# Game ID: 509
# Board class: Saboteur.SaboteurBoard
# Timeout: 2000
# First Move Timeout: 30000
# Date: Sat Apr 11 20:41:29 EDT 2020
# Player 1: Player-0, '260729564', running on 127.0.0.1
# Player 2: Player-1, 'RandomPlayer', running on 127.0.0.1
START Player-0 260729564
START Player-1 RandomPlayer
BoardInit:Tile:9,Map,Tile:6,Destroy,Tile:4,Tile:12,Tile:5,Tile:7,Tile:6,Destroy,Tile:15,Tile:7,Tile:14,Tile:7,Map,Tile:0,Tile:8,Tile:5,Tile:10,Destroy,Tile:11,Malus,Bonus,Tile:9,Tile:6,Tile:9,Bonus,Map,Tile:7,Tile:0,Tile:8,Tile:0,Tile:8,Map,Tile:9,Tile:13,Tile:7,Tile:10,Tile:9,Map,Tile:10-Tile:5,Malus,Tile:3,Tile:5,Bonus,Tile:8,Tile:8-Map,Bonus,Tile:6,Tile:6,Tile:1,Tile:0,Tile:2-Tile:hidden1,Tile:hidden2,Tile:nugget
Drop 3 0 1
Map 12 3 0
Tile:5 5 4 1
Map 12 5 0
Tile:6 4 5 1
Tile:6_flip 6 5 0
Drop 2 0 1
Tile:6_flip 7 5 0
Tile:9 7 6 1
Tile:0 8 6 0
Tile:5_flip 6 4 1
Tile:7 9 6 0
Tile:15 4 4 1
Tile:7_flip 9 7 0
Tile:8 3 5 1
Tile:7 10 7 0
Tile:6_flip 6 3 1
Tile:0 8 5 0
Tile:14_flip 4 3 1
Tile:5_flip 9 5 0
Tile:10 6 6 1
Drop 1 0 0
Tile:8 6 7 1
Malus 0 0 0
Drop 0 0 1
Tile:9 10 8 0
Map 12 7 1
Tile:9_flip 11 8 0
Drop 2 0 1
Drop 1 0 0
Drop 4 0 1
Tile:0 7 3 0
Drop 6 0 1
Tile:0 8 3 0
Drop 4 0 1
Drop 2 0 0
Drop 4 0 1
Drop 4 0 0
Drop 0 0 1
Tile:10 11 9 0
Drop 4 0 1
Drop 4 0 0
Drop 5 0 1
Drop 4 0 0
Drop 4 0 1
Drop 4 0 0
Drop 3 0 1
Destroy 4 5 0
Drop 2 0 1
Destroy 7 6 0
Drop 0 0 1
Destroy 6 6 0
Drop 1 0 1
Drop 0 0 0
Drop 0 0 1
GAMEOVER DRAW
# Game ended: Sat Apr 11 20:41:30 EDT 2020
