# Server version 0.08 running on 192.168.2.221:8123
# Game ID: 23
# Board class: Saboteur.SaboteurBoard
# Timeout: 2000
# First Move Timeout: 30000
# Date: Sat Apr 11 15:53:52 EDT 2020
# Player 1: Player-0, '260729564', running on 192.168.2.221
# Player 2: Player-1, 'RandomPlayer', running on 192.168.2.221
START Player-0 260729564
START Player-1 RandomPlayer
BoardInit:Tile:5,Tile:6,Bonus,Tile:5,Map,Tile:7,Tile:8,Tile:0,Tile:10,Tile:8,Tile:7,Tile:9,Map,Tile:15,Tile:6,Map,Tile:13,Tile:9,Tile:10,Malus,Malus,Tile:5,Tile:0,Bonus,Tile:4,Tile:6,Tile:10,Tile:7,Tile:9,Destroy,Map,Map,Tile:9,Tile:0,Tile:1,Tile:0,Tile:12,Destroy,Tile:8,Tile:3,Tile:8-Tile:2,Map,Tile:9,Bonus,Tile:11,Destroy,Tile:6-Tile:5,Bonus,Tile:6,Tile:8,Tile:7,Tile:14,Tile:7-Tile:hidden2,Tile:nugget,Tile:hidden1
Tile:6 6 5 1
Tile:6 7 5 0
Tile:2 8 5 1
Tile:6_flip 7 4 0
Tile:11_flip 5 6 1
Tile:8 5 4 0
Drop 4 0 1
Tile:5_flip 8 4 0
Destroy 7 5 1
Tile:0 4 4 0
Drop 0 0 1
Tile:8 3 4 0
Tile:8 7 5 1
Drop 2 0 0
Tile:9 8 6 1
Tile:5 8 3 0
Tile:7 9 3 1
Map 12 3 0
Drop 1 0 1
Tile:7_flip 9 4 0
Map 12 7 1
Drop 4 0 0
Tile:6 3 5 1
Drop 5 0 0
Tile:10 5 7 1
Tile:7 10 4 0
Map 12 3 1
Tile:6 10 5 0
Tile:0 2 5 1
Tile:5_flip 8 7 0
Tile:9 1 5 1
Destroy 9 4 0
Tile:10 5 3 1
Map 12 5 0
Tile:9 5 2 1
Tile:0 6 2 0
Tile:4_flip 7 6 1
Tile:0 7 2 0
Tile:12_flip 7 7 1
Tile:9 9 4 0
Tile:1 11 5 1
Tile:9 5 1 0
Tile:8 9 5 1
Tile:7_flip 2 4 0
Tile:10 1 6 1
Drop 4 0 0
Map 12 7 1
Destroy 10 5 0
Tile:13 10 5 1
Tile:7_flip 10 6 0
Malus 0 0 1
Bonus 0 0 0
Tile:8 3 3 1
Drop 0 0 0
Drop 0 0 1
GAMEOVER DRAW
# Game ended: Sat Apr 11 15:53:54 EDT 2020
