# Server version 0.08 running on 192.168.2.221:8123
# Game ID: 557
# Board class: Saboteur.SaboteurBoard
# Timeout: 2000
# First Move Timeout: 30000
# Date: Sat Apr 11 20:44:06 EDT 2020
# Player 1: Player-0, '260729564', running on 127.0.0.1
# Player 2: Player-1, 'RandomPlayer', running on 127.0.0.1
START Player-0 260729564
START Player-1 RandomPlayer
BoardInit:Tile:10,Tile:7,Tile:0,Tile:6,Tile:0,Tile:6,Tile:5,Tile:8,Tile:9,Tile:0,Bonus,Tile:0,Tile:9,Tile:13,Tile:9,Destroy,Tile:4,Tile:3,Tile:8,Tile:11,Tile:7,Tile:12,Tile:7,Tile:7,Tile:10,Tile:7,Tile:5,Destroy,Tile:10,Tile:15,Tile:8,Map,Malus,Tile:5,Map,Tile:9,Bonus,Tile:6,Tile:1,Malus,Tile:8-Map,Bonus,Tile:5,Bonus,Tile:8,Destroy,Map-Tile:2,Tile:6,Map,Tile:14,Map,Tile:9,Tile:6-Tile:hidden1,Tile:hidden2,Tile:nugget
Tile:8 4 5 1
Map 12 3 0
Drop 1 0 1
Map 12 5 0
Tile:5_flip 5 6 1
Tile:9_flip 6 5 0
Drop 6 0 1
Tile:7_flip 6 6 0
Drop 0 0 1
Tile:8 7 6 0
Tile:9 4 4 1
Tile:6 8 6 0
Drop 6 0 1
Tile:6 9 6 0
Tile:5 6 4 1
Tile:6 10 6 0
Map 12 7 1
Tile:6 11 6 0
Tile:9_flip 7 4 1
Tile:0 12 6 0
Destroy 7 4 1
Tile:0 13 6 0
Tile:10 11 5 1
Destroy 11 5 0
Tile:8 4 6 1
Tile:7_flip 7 7 0
Tile:0 3 5 1
Tile:7 8 7 0
Tile:10 11 5 1
Destroy 11 5 0
Tile:5 2 5 1
Drop 0 0 0
Tile:10 11 5 1
Drop 0 0 0
Tile:8 11 4 1
Tile:5 11 3 0
Tile:9_flip 4 3 1
Tile:9_flip 8 8 0
Tile:7_flip 4 7 1
Tile:6 13 3 0
Tile:4 13 2 1
Malus 0 0 0
Malus 0 0 1
Drop 0 0 0
Drop 4 0 1
Drop 0 0 0
Drop 0 0 1
Drop 0 0 0
Bonus 0 0 1
Drop 0 0 0
Tile:7 12 2 1
Drop 0 0 0
Map 12 5 1
Drop 0 0 0
Tile:8 3 3 1
GAMEOVER DRAW
# Game ended: Sat Apr 11 20:44:08 EDT 2020
