# Server version 0.08 running on 192.168.2.221:8123
# Game ID: 443
# Board class: Saboteur.SaboteurBoard
# Timeout: 2000
# First Move Timeout: 30000
# Date: Sat Apr 11 20:35:56 EDT 2020
# Player 1: Player-0, '260729564', running on 127.0.0.1
# Player 2: Player-1, 'RandomPlayer', running on 127.0.0.1
START Player-0 260729564
START Player-1 RandomPlayer
BoardInit:Map,Tile:5,Tile:6,Map,Tile:7,Map,Tile:7,Tile:4,Tile:9,Tile:0,Malus,Tile:14,Tile:11,Tile:7,Tile:8,Tile:0,Tile:15,Tile:9,Tile:6,Destroy,Tile:8,Tile:0,Tile:9,Tile:7,Tile:0,Tile:2,Tile:8,Tile:10,Map,Tile:13,Tile:1,Tile:6,Tile:10,Tile:12,Map,Tile:10,Bonus,Malus,Bonus,Tile:5,Bonus-Destroy,Tile:5,Tile:7,Tile:8,Tile:6,Destroy,Tile:9-Tile:6,Tile:9,Tile:5,Tile:3,Bonus,Map,Tile:8-Tile:hidden2,Tile:hidden1,Tile:nugget
Tile:9 4 5 1
Map 12 3 0
Tile:7_flip 4 6 1
Tile:8 6 5 0
Tile:5_flip 5 6 1
Map 12 5 0
Drop 4 0 1
Tile:9_flip 7 5 0
Destroy 7 5 1
Tile:6_flip 7 5 0
Tile:7 6 4 1
Tile:0 8 5 0
Tile:9 4 4 1
Tile:5_flip 9 5 0
Destroy 6 4 1
Tile:7_flip 7 6 0
Tile:6_flip 4 3 1
Tile:0 8 6 0
Tile:7 6 4 1
Tile:9 9 4 0
Tile:15 6 6 1
Tile:5_flip 10 4 0
Tile:8 5 4 1
Tile:0 9 6 0
Tile:11_flip 9 3 1
Tile:7 10 6 0
Tile:8 10 7 1
Drop 0 0 0
Tile:8 11 7 1
GAMEOVER WINNER 1
# Game ended: Sat Apr 11 20:35:57 EDT 2020
