# Server version 0.08 running on 192.168.2.221:8123
# Game ID: 375
# Board class: Saboteur.SaboteurBoard
# Timeout: 2000
# First Move Timeout: 30000
# Date: Sat Apr 11 20:31:49 EDT 2020
# Player 1: Player-0, '260729564', running on 127.0.0.1
# Player 2: Player-1, 'RandomPlayer', running on 127.0.0.1
START Player-0 260729564
START Player-1 RandomPlayer
BoardInit:Map,Tile:8,Malus,Tile:1,Tile:15,Tile:14,Tile:8,Malus,Tile:3,Map,Tile:12,Map,Tile:8,Tile:9,Tile:9,Tile:4,Tile:5,Tile:9,Tile:0,Tile:10,Tile:13,Tile:6,Tile:7,Tile:7,Tile:6,Destroy,Destroy,Tile:7,Tile:5,Bonus,Tile:9,Tile:8,Tile:5,Destroy,Tile:7,Tile:7,Bonus,Tile:11,Tile:6,Tile:0,Tile:0-Tile:2,Bonus,Tile:9,Tile:10,Tile:6,Map,Tile:6-Map,Tile:8,Map,Tile:0,Tile:5,Bonus,Tile:10-Tile:hidden2,Tile:nugget,Tile:hidden1
Tile:6 4 5 1
Map 12 3 0
Map 12 3 1
Map 12 5 0
Tile:9_flip 4 4 1
Tile:8 6 5 0
Tile:6_flip 7 5 1
Tile:8 8 5 0
Tile:2_flip 3 5 1
Malus 0 0 0
Bonus 0 0 1
Tile:0 9 5 0
Tile:15 6 4 1
Tile:5_flip 10 5 0
Tile:8 7 6 1
Tile:10 10 4 0
Tile:10 4 3 1
Tile:9 10 3 0
Tile:12 11 3 1
Tile:9 8 4 0
Drop 3 0 1
Tile:10 10 2 0
Malus 0 0 1
Bonus 0 0 0
Tile:9 6 3 1
Tile:6 8 6 0
Tile:13 3 4 1
Tile:7 9 6 0
Tile:3_flip 9 7 1
Tile:7_flip 7 7 0
Tile:7 8 7 1
Destroy 11 3 0
Tile:5_flip 11 3 1
Tile:8 8 3 0
Tile:6_flip 10 7 1
Destroy 11 3 0
Tile:5_flip 11 7 1
Tile:7 11 3 0
Tile:7_flip 10 8 1
Drop 0 0 0
Destroy 7 7 1
Tile:0 7 3 0
Tile:9 2 4 1
Drop 0 0 0
Drop 4 0 1
Drop 0 0 0
Tile:5 6 2 1
Drop 0 0 0
Tile:0 7 2 1
Drop 0 0 0
Tile:0 11 8 1
Drop 1 0 0
Map 12 3 1
Drop 0 0 0
Drop 0 0 1
GAMEOVER DRAW
# Game ended: Sat Apr 11 20:31:50 EDT 2020
