# Server version 0.08 running on 192.168.2.221:8123
# Game ID: 1345
# Board class: Saboteur.SaboteurBoard
# Timeout: 2000
# First Move Timeout: 30000
# Date: Sat Apr 11 22:00:53 EDT 2020
# Player 1: Player-0, '260729564', running on 127.0.0.1
# Player 2: Player-1, 'RandomPlayer', running on 127.0.0.1
START Player-0 260729564
START Player-1 RandomPlayer
BoardInit:Tile:12,Tile:9,Tile:3,Bonus,Tile:14,Tile:0,Tile:6,Tile:0,Tile:15,Tile:5,Tile:0,Destroy,Destroy,Map,Malus,Tile:0,Tile:6,Map,Tile:9,Tile:1,Tile:11,Bonus,Tile:9,Tile:8,Tile:5,Tile:5,Tile:8,Tile:8,Tile:7,Bonus,Tile:6,Tile:9,Malus,Tile:8,Tile:7,Tile:7,Tile:10,Tile:9,Tile:6,Tile:8,Tile:5-Map,Tile:7,Map,Tile:10,Tile:7,Tile:13,Bonus-Tile:2,Map,Map,Tile:4,Destroy,Tile:6,Tile:10-Tile:hidden2,Tile:hidden1,Tile:nugget
Map 12 3 1
Map 12 3 0
Tile:10 5 6 1
Map 12 5 0
Tile:13 5 4 1
Tile:9_flip 6 5 0
Tile:3 5 3 1
Tile:10 6 6 0
Tile:6 6 7 1
Tile:6 7 7 0
Tile:7 6 4 1
Tile:0 8 7 0
Map 12 5 1
Tile:0 9 7 0
Drop 2 0 1
Tile:5_flip 10 7 0
Destroy 6 6 1
Drop 0 0 0
Malus 0 0 1
Bonus 0 0 0
Tile:6 5 7 1
Drop 0 0 0
Tile:11 4 3 1
Drop 2 0 0
Tile:9_flip 7 6 1
Tile:8 10 6 0
Tile:15 4 2 1
Tile:5_flip 11 6 0
Tile:5 4 1 1
Tile:8 11 5 0
Tile:0 13 5 1
Tile:0 9 6 0
Tile:6_flip 10 5 1
GAMEOVER TIMEOUT WINNER 1
# Game ended: Sat Apr 11 22:00:57 EDT 2020
