# Server version 0.08 running on 192.168.2.221:8123
# Game ID: 785
# Board class: Saboteur.SaboteurBoard
# Timeout: 2000
# First Move Timeout: 30000
# Date: Sat Apr 11 21:10:49 EDT 2020
# Player 1: Player-0, '260729564', running on 127.0.0.1
# Player 2: Player-1, 'RandomPlayer', running on 127.0.0.1
START Player-0 260729564
START Player-1 RandomPlayer
BoardInit:Destroy,Tile:7,Tile:8,Tile:5,Destroy,Tile:10,Tile:5,Tile:13,Map,Tile:7,Tile:6,Tile:10,Tile:7,Map,Tile:4,Tile:3,Tile:7,Bonus,Tile:9,Map,Tile:6,Tile:0,Tile:9,Tile:11,Tile:1,Tile:9,Malus,Tile:8,Tile:8,Tile:9,Tile:10,Malus,Destroy,Tile:8,Tile:6,Tile:5,Tile:0,Tile:15,Tile:7,Tile:12,Map-Tile:5,Tile:6,Tile:6,Bonus,Tile:8,Bonus,Tile:9-Map,Tile:0,Bonus,Tile:0,Map,Tile:14,Tile:2-Tile:hidden1,Tile:hidden2,Tile:nugget
Tile:8 4 5 1
Map 12 3 0
Tile:6_flip 4 4 1
Map 12 5 0
Drop 2 0 1
Tile:7 6 5 0
Tile:9 5 6 1
Tile:10 5 7 0
Tile:8 5 4 1
Tile:5_flip 6 4 0
Drop 1 0 1
Tile:7_flip 5 8 0
Tile:5_flip 6 6 1
Tile:0 6 8 0
Destroy 5 4 1
Tile:0 7 8 0
Destroy 4 4 1
Drop 1 0 0
Tile:7 6 3 1
Drop 1 0 0
Tile:5 5 3 1
Drop 1 0 0
Tile:6_flip 8 8 1
Tile:0 9 8 0
Drop 2 0 1
Tile:10 8 9 0
Tile:9 4 4 1
Tile:9_flip 10 8 0
Tile:7 10 7 1
Tile:8 10 9 0
Drop 3 0 1
Tile:9_flip 11 9 0
Tile:8 10 10 1
Malus 0 0 0
Destroy 4 5 1
Tile:8 11 10 0
Drop 0 0 1
Tile:5 11 8 0
Map 12 7 1
Drop 1 0 0
Drop 4 0 1
Drop 1 0 0
Map 12 7 1
Drop 1 0 0
Drop 4 0 1
Drop 1 0 0
Drop 3 0 1
Drop 1 0 0
Drop 2 0 1
Drop 1 0 0
Drop 0 0 1
Drop 1 0 0
Drop 1 0 1
Drop 0 0 0
Drop 0 0 1
GAMEOVER DRAW
# Game ended: Sat Apr 11 21:10:50 EDT 2020
