# Server version 0.08 running on 192.168.2.221:8123
# Game ID: 271
# Board class: Saboteur.SaboteurBoard
# Timeout: 2000
# First Move Timeout: 30000
# Date: Sat Apr 11 20:15:40 EDT 2020
# Player 1: Player-0, '260729564', running on 127.0.0.1
# Player 2: Player-1, 'RandomPlayer', running on 127.0.0.1
START Player-0 260729564
START Player-1 RandomPlayer
BoardInit:Map,Bonus,Map,Tile:6,Tile:12,Tile:8,Destroy,Tile:9,Tile:2,Tile:10,Tile:8,Tile:9,Malus,Tile:4,Tile:5,Tile:11,Tile:3,Tile:5,Tile:10,Tile:8,Destroy,Map,Tile:6,Tile:8,Tile:6,Tile:6,Bonus,Tile:14,Bonus,Tile:8,Map,Tile:9,Tile:9,Tile:15,Tile:7,Tile:0,Bonus,Tile:9,Tile:7,Tile:0,Tile:7-Tile:6,Map,Tile:7,Destroy,Tile:5,Tile:5,Malus-Tile:1,Map,Tile:0,Tile:0,Tile:7,Tile:10,Tile:13-Tile:hidden2,Tile:hidden1,Tile:nugget
Tile:6 6 5 1
Map 12 3 0
Map 12 3 1
Tile:0 7 5 0
Drop 4 0 1
Tile:6 8 5 0
Map 12 5 1
Tile:8 9 5 0
Destroy 8 5 1
Tile:0 8 5 0
Tile:2_flip 10 5 1
Tile:10 9 4 0
Tile:12 11 5 1
Tile:9 10 4 0
Tile:5_flip 9 6 1
Tile:10 6 4 0
Destroy 10 4 1
Tile:9 10 4 0
Drop 5 0 1
Tile:5 8 6 0
Tile:3 10 3 1
Tile:8 9 3 0
Drop 1 0 1
Map 12 5 0
Tile:8 5 6 1
Tile:8 8 7 0
Tile:7 5 4 1
Tile:6_flip 9 7 0
Tile:6_flip 4 4 1
Tile:7 10 7 0
Map 12 3 1
Tile:8 10 8 0
Destroy 5 4 1
Tile:9_flip 11 8 0
Tile:6_flip 3 4 1
Drop 0 0 0
Tile:10 11 7 1
Tile:0 8 3 0
Tile:7 6 6 1
Tile:9_flip 8 8 0
Tile:7_flip 7 8 1
Tile:0 7 3 0
Map 12 7 1
Drop 0 0 0
Tile:9 4 5 1
Drop 1 0 0
Drop 1 0 1
Drop 1 0 0
Malus 0 0 1
Bonus 0 0 0
Tile:7 5 4 1
Drop 0 0 0
Drop 1 0 1
Drop 0 0 0
Drop 0 0 1
GAMEOVER DRAW
# Game ended: Sat Apr 11 20:15:41 EDT 2020
