# Server version 0.08 running on 192.168.2.221:8123
# Game ID: 1296
# Board class: Saboteur.SaboteurBoard
# Timeout: 2000
# First Move Timeout: 30000
# Date: Sat Apr 11 21:45:19 EDT 2020
# Player 1: Player-0, 'RandomPlayer', running on 127.0.0.1
# Player 2: Player-1, '260729564', running on 127.0.0.1
START Player-0 RandomPlayer
START Player-1 260729564
BoardInit:Tile:7,Tile:5,Tile:7,Map,Bonus,Tile:9,Tile:8,Tile:0,Tile:8,Tile:8,Map,Tile:9,Tile:9,Tile:8,Tile:9,Malus,Map,Tile:6,Tile:6,Map,Tile:7,Tile:13,Tile:6,Destroy,Tile:10,Tile:0,Tile:1,Tile:0,Tile:3,Tile:11,Tile:7,Map,Bonus,Tile:5,Tile:6,Tile:5,Destroy,Bonus,Destroy,Malus,Tile:14-Tile:12,Bonus,Tile:7,Tile:2,Tile:6,Tile:8,Tile:9-Tile:15,Tile:10,Tile:0,Tile:5,Tile:4,Tile:10,Map-Tile:nugget,Tile:hidden2,Tile:hidden1
Tile:8 6 5 1
Tile:10 6 4 0
Tile:9_flip 7 5 1
Tile:5_flip 7 6 0
Tile:6 6 6 1
Tile:15 7 4 0
Tile:7_flip 5 6 1
Tile:9 4 5 0
Tile:8 6 3 1
Drop 0 0 0
Tile:8 7 3 1
Drop 0 0 0
Map 12 3 1
Tile:9 5 3 0
Tile:9_flip 8 3 1
Tile:8 7 2 0
Tile:9 8 4 1
Tile:5 6 2 0
Tile:7 9 4 1
Tile:8 9 5 0
Tile:6_flip 8 2 1
Tile:10 5 2 0
Tile:7 9 2 1
Map 12 7 0
Tile:6 10 5 1
Map 12 3 0
Tile:10 10 4 1
Destroy 6 3 0
Tile:7_flip 8 5 1
Malus 0 0 0
Bonus 0 0 1
Drop 2 0 0
Drop 0 0 1
Tile:0 11 5 0
Drop 0 0 1
Tile:11_flip 4 6 0
Drop 1 0 1
Tile:6_flip 5 1 0
Drop 1 0 1
Tile:5 4 4 0
Drop 1 0 1
Tile:0 6 1 0
Drop 2 0 1
Malus 0 0 0
Bonus 0 0 1
Tile:13 4 7 0
Tile:6_flip 5 7 1
Tile:5_flip 4 8 0
Tile:7 6 7 1
Drop 1 0 0
Drop 2 0 1
Tile:0 3 6 0
Destroy 7 5 1
Drop 0 0 0
Destroy 5 7 1
GAMEOVER DRAW
# Game ended: Sat Apr 11 21:45:21 EDT 2020
