# Server version 0.08 running on 192.168.2.221:8123
# Game ID: 1326
# Board class: Saboteur.SaboteurBoard
# Timeout: 2000
# First Move Timeout: 30000
# Date: Sat Apr 11 21:57:38 EDT 2020
# Player 1: Player-0, 'RandomPlayer', running on 127.0.0.1
# Player 2: Player-1, '260729564', running on 127.0.0.1
START Player-0 RandomPlayer
START Player-1 260729564
BoardInit:Tile:14,Tile:8,Tile:15,Tile:3,Tile:7,Tile:8,Tile:9,Tile:8,Tile:1,Tile:11,Destroy,Tile:0,Map,Tile:4,Bonus,Tile:9,Map,Malus,Tile:9,Tile:6,Tile:5,Tile:7,Tile:0,Tile:0,Map,Tile:7,Bonus,Map,Bonus,Map,Destroy,Tile:5,Tile:10,Map,Tile:10,Tile:6,Tile:13,Tile:5,Tile:8,Tile:10,Tile:6-Tile:8,Tile:7,Bonus,Tile:9,Destroy,Tile:12,Tile:6-Tile:0,Tile:2,Tile:9,Tile:7,Tile:5,Tile:6,Malus-Tile:hidden2,Tile:hidden1,Tile:nugget
Tile:8 6 5 1
Tile:2 6 4 0
Tile:6 7 5 1
Tile:6_flip 7 4 0
Tile:9_flip 8 4 1
Tile:3_flip 4 5 0
Tile:7_flip 6 6 1
Tile:5 5 4 0
Tile:9_flip 8 5 1
Tile:7 4 4 0
Tile:7_flip 8 6 1
Drop 2 0 0
Drop 2 0 1
Tile:0 9 6 0
Map 12 3 1
Tile:8 8 3 0
Drop 2 0 1
Tile:9_flip 8 2 0
Map 12 5 1
Tile:0 3 4 0
Tile:9_flip 10 6 1
Tile:6 7 2 0
Tile:5 10 5 1
Tile:9 2 4 0
Tile:0 11 5 1
Tile:4 12 4 0
Destroy 12 4 1
Drop 0 0 0
Drop 1 0 1
Tile:11_flip 2 3 0
Drop 1 0 1
Tile:7 12 4 0
Destroy 12 4 1
Drop 6 0 0
Tile:10 12 6 1
GAMEOVER WINNER 1
# Game ended: Sat Apr 11 21:57:38 EDT 2020
