# Server version 0.08 running on 192.168.2.221:8123
# Game ID: 52
# Board class: Saboteur.SaboteurBoard
# Timeout: 2000
# First Move Timeout: 30000
# Date: Sat Apr 11 16:09:50 EDT 2020
# Player 1: Player-0, 'RandomPlayer', running on 127.0.0.1
# Player 2: Player-1, '260729564', running on 127.0.0.1
START Player-0 RandomPlayer
START Player-1 260729564
BoardInit:Tile:6,Tile:0,Map,Tile:0,Tile:7,Bonus,Tile:10,Tile:14,Map,Bonus,Tile:9,Map,Tile:8,Tile:11,Destroy,Tile:8,Tile:9,Tile:7,Destroy,Malus,Tile:12,Tile:7,Tile:0,Tile:7,Tile:6,Tile:3,Tile:5,Tile:10,Tile:2,Bonus,Tile:9,Destroy,Tile:1,Tile:6,Tile:0,Bonus,Tile:10,Tile:7,Tile:4,Map,Tile:9-Tile:8,Tile:6,Tile:5,Tile:5,Tile:13,Map,Malus-Tile:8,Tile:8,Map,Tile:6,Tile:15,Tile:5,Tile:9-Tile:hidden1,Tile:nugget,Tile:hidden2
Map 12 3 1
Tile:6_flip 4 5 0
Malus 0 0 1
Map 12 3 0
Map 12 5 1
Drop 4 0 0
Tile:8 6 5 1
Drop 3 0 0
Tile:6 7 5 1
Drop 5 0 0
Tile:6 8 5 1
Bonus 0 0 0
Tile:9_flip 9 5 1
Tile:8 8 4 0
Tile:8 9 4 1
Tile:11 8 3 0
Tile:10 9 6 1
Map 12 5 0
Tile:9_flip 10 4 1
Tile:8 9 3 0
Tile:7_flip 10 5 1
Tile:7_flip 3 5 0
Tile:5_flip 11 5 1
Tile:14 9 7 0
Tile:5 11 4 1
Drop 4 0 0
Tile:6_flip 12 4 1
GAMEOVER WINNER 1
# Game ended: Sat Apr 11 16:09:50 EDT 2020
