# Server version 0.08 running on 192.168.2.221:8123
# Game ID: 949
# Board class: Saboteur.SaboteurBoard
# Timeout: 2000
# First Move Timeout: 30000
# Date: Sat Apr 11 21:21:53 EDT 2020
# Player 1: Player-0, '260729564', running on 127.0.0.1
# Player 2: Player-1, 'RandomPlayer', running on 127.0.0.1
START Player-0 260729564
START Player-1 RandomPlayer
BoardInit:Tile:0,Malus,Tile:0,Tile:9,Tile:13,Tile:11,Tile:8,Malus,Tile:7,Map,Tile:5,Map,Tile:8,Map,Tile:5,Map,Tile:3,Tile:5,Tile:7,Tile:12,Tile:6,Tile:8,Tile:9,Tile:7,Tile:6,Tile:7,Tile:1,Tile:6,Tile:9,Bonus,Tile:9,Tile:4,Map,Tile:0,Destroy,Tile:15,Tile:9,Bonus,Tile:10,Tile:10,Tile:2-Bonus,Map,Bonus,Tile:5,Tile:8,Destroy,Tile:8-Tile:14,Tile:0,Tile:6,Tile:10,Tile:6,Tile:7,Destroy-Tile:hidden1,Tile:nugget,Tile:hidden2
Tile:8 5 6 1
Tile:6 6 6 0
Tile:0 4 6 1
Malus 0 0 0
Destroy 4 6 1
Tile:6 7 6 0
Map 12 3 1
Tile:7 8 6 0
Drop 0 0 1
Malus 0 0 0
Bonus 0 0 1
Map 12 3 0
Drop 0 0 1
Map 12 5 0
Drop 0 0 1
Tile:10 8 7 0
Drop 5 0 1
Tile:9 8 8 0
Drop 3 0 1
Tile:0 9 8 0
Drop 2 0 1
Tile:5_flip 10 8 0
Drop 0 0 1
Tile:8 10 7 0
Drop 2 0 1
Tile:7 11 7 0
Drop 0 0 1
Tile:7_flip 11 8 0
Drop 5 0 1
Tile:6 12 8 0
Drop 0 0 1
Destroy 11 7 0
Drop 6 0 1
Drop 0 0 0
Drop 4 0 1
Drop 0 0 0
Destroy 8 6 1
Drop 0 0 0
Map 12 3 1
Drop 0 0 0
Drop 2 0 1
Tile:10 7 5 0
Drop 0 0 1
Drop 0 0 0
Drop 4 0 1
Drop 1 0 0
Drop 2 0 1
Drop 2 0 0
Drop 0 0 1
Drop 2 0 0
Drop 0 0 1
Drop 0 0 0
Drop 1 0 1
Tile:0 4 5 0
Drop 0 0 1
GAMEOVER DRAW
# Game ended: Sat Apr 11 21:21:53 EDT 2020
