# Server version 0.08 running on 192.168.2.221:8123
# Game ID: 1372
# Board class: Saboteur.SaboteurBoard
# Timeout: 2000
# First Move Timeout: 30000
# Date: Sat Apr 11 22:03:28 EDT 2020
# Player 1: Player-0, 'RandomPlayer', running on 127.0.0.1
# Player 2: Player-1, '260729564', running on 127.0.0.1
START Player-0 RandomPlayer
START Player-1 260729564
BoardInit:Destroy,Tile:8,Tile:2,Tile:7,Map,Tile:5,Tile:4,Tile:5,Tile:9,Tile:14,Tile:9,Tile:6,Tile:0,Tile:0,Tile:6,Tile:1,Tile:9,Tile:10,Tile:6,Tile:5,Bonus,Tile:13,Destroy,Malus,Tile:8,Tile:7,Tile:10,Tile:7,Tile:12,Map,Map,Tile:9,Tile:11,Tile:9,Tile:15,Destroy,Tile:6,Tile:8,Tile:5,Bonus,Malus-Tile:10,Tile:8,Map,Map,Tile:6,Tile:7,Tile:8-Bonus,Tile:3,Tile:7,Tile:0,Tile:0,Map,Bonus-Tile:hidden1,Tile:nugget,Tile:hidden2
Map 12 3 1
Tile:0 6 5 0
Map 12 5 1
Drop 1 0 0
Tile:8 7 5 1
Tile:7_flip 7 6 0
Tile:8 8 6 1
Drop 2 0 0
Tile:6 9 6 1
Tile:5 4 5 0
Tile:7 10 6 1
Tile:7 5 4 0
Tile:10 10 7 1
Tile:5 9 5 0
Tile:0 10 5 1
Tile:0 11 5 0
GAMEOVER WINNER 0
# Game ended: Sat Apr 11 22:03:28 EDT 2020
