# Server version 0.08 running on 192.168.2.221:8123
# Game ID: 610
# Board class: Saboteur.SaboteurBoard
# Timeout: 2000
# First Move Timeout: 30000
# Date: Sat Apr 11 20:58:44 EDT 2020
# Player 1: Player-0, 'RandomPlayer', running on 127.0.0.1
# Player 2: Player-1, '260729564', running on 127.0.0.1
START Player-0 RandomPlayer
START Player-1 260729564
BoardInit:Destroy,Map,Tile:12,Tile:2,Tile:5,Tile:6,Map,Tile:5,Tile:9,Tile:8,Map,Tile:5,Tile:7,Tile:6,Tile:0,Tile:4,Map,Tile:3,Tile:9,Tile:10,Destroy,Tile:8,Tile:8,Tile:7,Tile:0,Tile:9,Tile:10,Tile:7,Tile:13,Tile:15,Tile:11,Tile:1,Tile:10,Tile:9,Tile:0,Tile:8,Tile:7,Tile:6,Tile:6,Malus,Destroy-Malus,Bonus,Bonus,Tile:14,Tile:7,Tile:5,Map-Bonus,Tile:8,Tile:6,Tile:0,Map,Tile:9,Bonus-Tile:nugget,Tile:hidden1,Tile:hidden2
Map 12 3 1
Drop 3 0 0
Malus 0 0 1
Bonus 0 0 0
Tile:5 5 4 1
Map 12 3 0
Tile:5_flip 6 4 1
Tile:6_flip 6 5 0
Tile:7 7 5 1
Tile:6_flip 6 3 0
Tile:9_flip 7 3 1
Tile:2 7 2 0
Drop 1 0 1
Map 12 3 0
Tile:7_flip 7 4 1
Tile:6 5 6 0
Tile:0 8 4 1
Tile:8 8 2 0
Drop 1 0 1
Drop 1 0 0
Tile:9_flip 9 4 1
Tile:9_flip 6 6 0
Drop 2 0 1
Tile:3_flip 4 5 0
Tile:8 9 3 1
Tile:5 8 1 0
Tile:0 10 3 1
Tile:4_flip 6 7 0
Tile:10 9 5 1
Tile:7 9 1 0
Drop 2 0 1
Tile:8 9 2 0
Drop 2 0 1
Tile:9_flip 9 6 0
Tile:10 7 6 1
Tile:7_flip 8 3 0
Tile:0 11 3 1
GAMEOVER WINNER 1
# Game ended: Sat Apr 11 20:58:44 EDT 2020
