# Server version 0.08 running on 192.168.2.221:8123
# Game ID: 1055
# Board class: Saboteur.SaboteurBoard
# Timeout: 2000
# First Move Timeout: 30000
# Date: Sat Apr 11 21:30:36 EDT 2020
# Player 1: Player-0, '260729564', running on 127.0.0.1
# Player 2: Player-1, 'RandomPlayer', running on 127.0.0.1
START Player-0 260729564
START Player-1 RandomPlayer
BoardInit:Tile:9,Tile:0,Tile:9,Tile:13,Tile:9,Tile:6,Tile:7,Malus,Tile:6,Tile:5,Destroy,Map,Bonus,Tile:12,Destroy,Tile:6,Tile:1,Tile:7,Tile:5,Map,Tile:6,Map,Tile:7,Tile:3,Tile:8,Map,Destroy,Map,Tile:8,Tile:0,Tile:7,Tile:6,Tile:5,Tile:10,Tile:0,Tile:15,Tile:5,Tile:8,Bonus,Tile:9,Tile:14-Malus,Tile:10,Map,Tile:0,Tile:2,Tile:8,Bonus-Tile:4,Tile:10,Tile:9,Tile:11,Tile:8,Tile:7,Bonus-Tile:hidden2,Tile:hidden1,Tile:nugget
Drop 2 0 1
Tile:8 6 5 0
Tile:8 6 4 1
Tile:0 7 4 0
Tile:0 8 4 1
Tile:9_flip 9 4 0
Drop 5 0 1
Tile:6 9 5 0
Tile:9 4 5 1
Malus 0 0 0
Drop 4 0 1
Tile:7 10 5 0
Malus 0 0 1
Bonus 0 0 0
Drop 3 0 1
Map 12 3 0
Destroy 6 5 1
Tile:6 6 5 0
Destroy 4 5 1
Tile:10 10 6 0
Drop 4 0 1
Map 12 5 0
Drop 3 0 1
Tile:7_flip 10 7 0
Drop 5 0 1
Tile:5_flip 11 7 0
Drop 0 0 1
Drop 0 0 0
Drop 2 0 1
Drop 0 0 0
Destroy 9 5 1
Tile:0 7 5 0
Drop 4 0 1
Tile:6_flip 8 5 0
Drop 0 0 1
Tile:10 8 6 0
Drop 4 0 1
Drop 0 0 0
Drop 0 0 1
Tile:8 9 5 0
Drop 4 0 1
Tile:9 11 6 0
Drop 5 0 1
Drop 0 0 0
Drop 4 0 1
Drop 0 0 0
Drop 2 0 1
Drop 0 0 0
Drop 0 0 1
Drop 0 0 0
Drop 0 0 1
Drop 0 0 0
Drop 1 0 1
Drop 0 0 0
Drop 0 0 1
GAMEOVER DRAW
# Game ended: Sat Apr 11 21:30:37 EDT 2020
