# Server version 0.08 running on 192.168.2.221:8123
# Game ID: 1107
# Board class: Saboteur.SaboteurBoard
# Timeout: 2000
# First Move Timeout: 30000
# Date: Sat Apr 11 21:33:27 EDT 2020
# Player 1: Player-0, '260729564', running on 127.0.0.1
# Player 2: Player-1, 'RandomPlayer', running on 127.0.0.1
START Player-0 260729564
START Player-1 RandomPlayer
BoardInit:Malus,Tile:8,Tile:1,Tile:2,Tile:6,Tile:10,Destroy,Tile:5,Tile:5,Tile:7,Tile:9,Tile:5,Map,Map,Tile:9,Destroy,Tile:6,Tile:8,Bonus,Tile:0,Tile:10,Tile:13,Tile:4,Malus,Tile:7,Map,Tile:6,Tile:10,Tile:6,Tile:0,Tile:6,Tile:9,Tile:8,Bonus,Tile:9,Tile:7,Map,Tile:7,Bonus,Tile:15,Tile:0-Destroy,Map,Tile:8,Bonus,Tile:3,Tile:8,Map-Tile:12,Tile:9,Tile:0,Tile:14,Tile:7,Tile:5,Tile:11-Tile:nugget,Tile:hidden1,Tile:hidden2
Drop 2 0 1
Tile:0 6 5 0
Tile:3 5 4 1
Tile:8 7 5 0
Tile:8 5 6 1
Tile:9_flip 8 5 0
Tile:6_flip 8 4 1
Tile:10 8 6 0
Map 12 5 1
Tile:5_flip 9 4 0
Destroy 5 6 1
Tile:5 9 3 0
Drop 0 0 1
Tile:5_flip 10 3 0
Drop 5 0 1
Map 12 3 0
Tile:9_flip 5 6 1
Drop 0 0 0
Drop 5 0 1
Tile:8 10 2 0
Tile:5 7 4 1
Tile:0 11 2 0
Tile:1 12 2 1
Tile:7_flip 9 2 0
Destroy 11 2 1
Malus 0 0 0
Bonus 0 0 1
Destroy 12 2 0
Tile:7_flip 4 5 1
Tile:7 11 2 0
Drop 2 0 1
Tile:10 10 1 0
Tile:6_flip 4 4 1
Tile:9 11 3 0
GAMEOVER WINNER 0
# Game ended: Sat Apr 11 21:33:27 EDT 2020
