# Server version 0.08 running on 192.168.2.221:8123
# Game ID: 912
# Board class: Saboteur.SaboteurBoard
# Timeout: 2000
# First Move Timeout: 30000
# Date: Sat Apr 11 21:19:50 EDT 2020
# Player 1: Player-0, 'RandomPlayer', running on 127.0.0.1
# Player 2: Player-1, '260729564', running on 127.0.0.1
START Player-0 RandomPlayer
START Player-1 260729564
BoardInit:Tile:12,Tile:8,Tile:9,Tile:8,Malus,Tile:7,Tile:10,Bonus,Map,Destroy,Tile:5,Tile:0,Tile:1,Map,Tile:5,Tile:6,Tile:9,Tile:5,Map,Tile:7,Tile:0,Tile:9,Tile:8,Tile:10,Tile:13,Tile:6,Tile:7,Destroy,Tile:0,Tile:11,Map,Tile:9,Tile:8,Map,Tile:15,Malus,Bonus,Tile:6,Tile:3,Bonus,Map-Bonus,Tile:14,Destroy,Tile:8,Tile:4,Tile:2,Tile:6-Tile:7,Tile:5,Tile:7,Tile:6,Tile:9,Tile:10,Tile:0-Tile:nugget,Tile:hidden2,Tile:hidden1
Tile:8 6 5 1
Tile:6_flip 6 4 0
Tile:6 7 4 1
Tile:0 4 5 0
Tile:9_flip 8 4 1
Tile:7_flip 3 5 0
Malus 0 0 1
Drop 5 0 0
Tile:10 8 5 1
Drop 5 0 0
Map 12 3 1
Drop 1 0 0
Tile:5 8 3 1
Bonus 0 0 0
Drop 1 0 1
Tile:9 5 4 0
Tile:5_flip 9 3 1
Tile:6 6 6 0
Tile:9 9 2 1
Destroy 7 4 0
Drop 2 0 1
Tile:0 7 4 0
Tile:0 10 2 1
Tile:8 3 4 0
Tile:8 11 2 1
Tile:7_flip 11 3 0
GAMEOVER WINNER 0
# Game ended: Sat Apr 11 21:19:50 EDT 2020
