# Server version 0.08 running on 192.168.2.221:8123
# Game ID: 836
# Board class: Saboteur.SaboteurBoard
# Timeout: 2000
# First Move Timeout: 30000
# Date: Sat Apr 11 21:14:06 EDT 2020
# Player 1: Player-0, 'RandomPlayer', running on 127.0.0.1
# Player 2: Player-1, '260729564', running on 127.0.0.1
START Player-0 RandomPlayer
START Player-1 260729564
BoardInit:Tile:10,Map,Tile:0,Tile:0,Tile:6,Tile:4,Tile:5,Tile:10,Map,Bonus,Tile:3,Tile:6,Map,Tile:6,Malus,Tile:5,Tile:11,Tile:5,Tile:1,Bonus,Tile:9,Tile:15,Malus,Tile:0,Destroy,Bonus,Tile:8,Map,Tile:7,Tile:7,Tile:7,Tile:8,Tile:2,Map,Tile:9,Tile:14,Tile:9,Bonus,Tile:8,Tile:9,Tile:7-Destroy,Tile:10,Tile:5,Tile:8,Map,Tile:7,Tile:13-Tile:8,Tile:0,Tile:9,Destroy,Tile:6,Tile:12,Tile:6-Tile:nugget,Tile:hidden1,Tile:hidden2
Map 12 3 1
Tile:12_flip 4 5 0
Tile:8 5 4 1
Drop 1 0 0
Tile:0 6 4 1
Tile:6 4 4 0
Tile:6 7 4 1
Tile:8 8 4 0
Tile:5_flip 9 4 1
Tile:9_flip 7 3 0
Tile:10 9 3 1
Tile:0 3 4 0
Tile:10 9 2 1
Tile:6 6 3 0
Tile:5 9 1 1
Tile:6 8 5 0
Malus 0 0 1
Destroy 9 3 0
Tile:7 9 5 1
Bonus 0 0 0
Drop 1 0 1
Drop 3 0 0
Tile:9 9 3 1
Tile:5 6 2 0
Malus 0 0 1
Drop 5 0 0
Drop 1 0 1
Bonus 0 0 0
Tile:8 10 3 1
Drop 2 0 0
Tile:7 11 3 1
Tile:7_flip 5 6 0
Tile:7_flip 11 4 1
Tile:4 8 3 0
Destroy 11 3 1
Tile:8 12 4 0
Tile:9 10 2 1
Map 12 5 0
Tile:9_flip 11 2 1
Tile:0 6 5 0
Tile:8 11 3 1
GAMEOVER WINNER 1
# Game ended: Sat Apr 11 21:14:08 EDT 2020
