# Server version 0.08 running on 192.168.2.221:8123
# Game ID: 915
# Board class: Saboteur.SaboteurBoard
# Timeout: 2000
# First Move Timeout: 30000
# Date: Sat Apr 11 21:19:55 EDT 2020
# Player 1: Player-0, '260729564', running on 127.0.0.1
# Player 2: Player-1, 'RandomPlayer', running on 127.0.0.1
START Player-0 260729564
START Player-1 RandomPlayer
BoardInit:Malus,Tile:8,Tile:12,Tile:10,Tile:5,Map,Tile:11,Tile:10,Destroy,Tile:6,Bonus,Destroy,Tile:9,Bonus,Tile:1,Map,Map,Map,Tile:9,Tile:3,Tile:4,Tile:8,Tile:10,Tile:5,Map,Tile:9,Tile:8,Tile:7,Tile:7,Tile:7,Tile:8,Tile:6,Tile:13,Bonus,Tile:7,Tile:8,Bonus,Destroy,Tile:15,Tile:7,Tile:0-Tile:14,Tile:0,Tile:9,Tile:0,Tile:6,Tile:9,Map-Tile:6,Tile:5,Tile:5,Tile:2,Malus,Tile:6,Tile:0-Tile:hidden2,Tile:nugget,Tile:hidden1
Tile:6 4 5 1
Malus 0 0 0
Drop 5 0 1
Tile:8 6 5 0
Drop 4 0 1
Tile:6 7 5 0
Drop 3 0 1
Map 12 3 0
Drop 5 0 1
Tile:6 8 5 0
Malus 0 0 1
Drop 2 0 0
Drop 0 0 1
Drop 0 0 0
Bonus 0 0 1
Bonus 0 0 0
Tile:11_flip 6 6 1
Map 12 5 0
Tile:9 4 4 1
Tile:6 9 5 0
Tile:12 10 5 1
Tile:10 9 4 0
Drop 5 0 1
Tile:8 9 3 0
Tile:9_flip 5 4 1
Tile:10 8 4 0
Map 12 3 1
Tile:9_flip 10 3 0
Tile:8 8 3 1
Tile:7_flip 10 4 0
Tile:4 4 3 1
Tile:0 11 4 0
Tile:0 3 5 1
Tile:6 12 4 0
Tile:13 9 2 1
Tile:7_flip 11 3 0
Tile:7 9 1 1
Tile:8 13 4 0
Tile:7 10 2 1
Tile:5 6 4 0
Tile:8 5 6 1
Tile:7_flip 13 5 0
Tile:10 11 2 1
Tile:5 12 2 0
Destroy 5 4 1
Destroy 11 3 0
Tile:0 7 3 1
Destroy 12 4 0
Tile:1 2 5 1
Drop 0 0 0
Tile:15 6 7 1
Drop 0 0 0
Drop 0 0 1
Drop 0 0 0
Drop 0 0 1
GAMEOVER DRAW
# Game ended: Sat Apr 11 21:20:01 EDT 2020
