# Server version 0.08 running on 192.168.2.221:8123
# Game ID: 1140
# Board class: Saboteur.SaboteurBoard
# Timeout: 2000
# First Move Timeout: 30000
# Date: Sat Apr 11 21:35:20 EDT 2020
# Player 1: Player-0, 'RandomPlayer', running on 127.0.0.1
# Player 2: Player-1, '260729564', running on 127.0.0.1
START Player-0 RandomPlayer
START Player-1 260729564
BoardInit:Destroy,Tile:2,Tile:6,Tile:5,Map,Destroy,Map,Tile:1,Tile:10,Tile:0,Tile:10,Malus,Tile:14,Map,Bonus,Tile:5,Tile:7,Tile:7,Tile:5,Tile:9,Malus,Tile:0,Map,Tile:6,Bonus,Tile:6,Bonus,Tile:8,Tile:9,Tile:5,Tile:0,Map,Tile:8,Tile:11,Tile:7,Tile:0,Map,Bonus,Destroy,Tile:12,Tile:8-Tile:13,Tile:9,Tile:6,Tile:7,Tile:7,Tile:3,Tile:9-Tile:8,Tile:9,Tile:6,Tile:8,Tile:10,Tile:15,Tile:4-Tile:hidden2,Tile:hidden1,Tile:nugget
Tile:6 6 5 1
Tile:8 7 5 0
Tile:9_flip 8 5 1
Tile:8 6 4 0
Tile:6 8 6 1
Tile:9_flip 7 4 0
Map 12 3 1
Tile:5 5 4 0
Map 12 5 1
Tile:4 8 4 0
Tile:9_flip 9 6 1
Tile:0 4 5 0
Tile:10 9 7 1
Tile:6_flip 3 5 0
Tile:10 9 8 1
Tile:2 7 3 0
Tile:7_flip 9 9 1
Destroy 3 5 0
Tile:7 10 9 1
Tile:5_flip 8 3 0
Tile:5 9 5 1
Tile:10 5 6 0
Malus 0 0 1
Map 12 3 0
Tile:7 10 5 1
Drop 5 0 0
Drop 0 0 1
Drop 0 0 0
Drop 0 0 1
Drop 6 0 0
Tile:9 10 6 1
Drop 1 0 0
Tile:0 11 6 1
Map 12 3 0
Tile:8 12 6 1
GAMEOVER WINNER 1
# Game ended: Sat Apr 11 21:35:21 EDT 2020
