# Server version 0.08 running on 192.168.2.221:8123
# Game ID: 821
# Board class: Saboteur.SaboteurBoard
# Timeout: 2000
# First Move Timeout: 30000
# Date: Sat Apr 11 21:13:30 EDT 2020
# Player 1: Player-0, '260729564', running on 127.0.0.1
# Player 2: Player-1, 'RandomPlayer', running on 127.0.0.1
START Player-0 260729564
START Player-1 RandomPlayer
BoardInit:Tile:8,Map,Tile:7,Tile:4,Tile:5,Tile:9,Tile:12,Tile:0,Tile:0,Tile:6,Tile:6,Map,Destroy,Tile:6,Tile:9,Tile:3,Bonus,Map,Map,Tile:10,Bonus,Tile:8,Tile:14,Malus,Tile:8,Tile:7,Tile:0,Tile:7,Tile:9,Tile:5,Tile:5,Malus,Tile:2,Tile:7,Tile:13,Bonus,Destroy,Tile:15,Tile:0,Tile:9,Tile:8-Map,Tile:11,Tile:9,Tile:10,Tile:7,Map,Destroy-Bonus,Tile:6,Tile:6,Tile:10,Tile:8,Tile:1,Tile:5-Tile:hidden2,Tile:nugget,Tile:hidden1
Tile:7_flip 4 5 1
Tile:8 6 5 0
Tile:9 6 6 1
Map 12 3 0
Tile:11_flip 4 4 1
Tile:5_flip 7 6 0
Destroy 6 6 1
Tile:9_flip 7 5 0
Tile:5 3 4 1
Tile:10 7 4 0
Drop 1 0 1
Tile:6_flip 7 3 0
Tile:8 6 6 1
Map 12 5 0
Destroy 4 5 1
Tile:6 8 3 0
Tile:9_flip 3 5 1
Tile:6 9 3 0
Tile:6_flip 6 3 1
Tile:6 10 3 0
Map 12 3 1
Tile:0 11 3 0
Tile:7_flip 2 5 1
Tile:10 12 4 0
GAMEOVER WINNER 0
# Game ended: Sat Apr 11 21:13:30 EDT 2020
