# Server version 0.08 running on 192.168.2.221:8123
# Game ID: 1438
# Board class: Saboteur.SaboteurBoard
# Timeout: 2000
# First Move Timeout: 30000
# Date: Sat Apr 11 22:06:27 EDT 2020
# Player 1: Player-0, 'RandomPlayer', running on 127.0.0.1
# Player 2: Player-1, '260729564', running on 127.0.0.1
START Player-0 RandomPlayer
START Player-1 260729564
BoardInit:Tile:9,Tile:0,Tile:3,Tile:0,Bonus,Tile:14,Tile:5,Tile:9,Destroy,Tile:7,Tile:9,Tile:15,Tile:7,Tile:5,Tile:12,Tile:8,Tile:6,Tile:8,Tile:2,Malus,Tile:11,Map,Tile:7,Malus,Bonus,Tile:6,Tile:7,Tile:6,Tile:10,Tile:4,Map,Destroy,Tile:13,Destroy,Tile:9,Tile:9,Tile:1,Map,Tile:6,Tile:0,Tile:5-Tile:10,Map,Bonus,Tile:8,Tile:10,Tile:8,Bonus-Map,Tile:5,Tile:8,Tile:7,Map,Tile:0,Tile:6-Tile:hidden1,Tile:nugget,Tile:hidden2
Map 12 3 1
Tile:0 4 5 0
Tile:8 6 5 1
Tile:6_flip 5 4 0
Tile:8 7 5 1
Tile:7 8 5 0
Tile:10 8 6 1
Tile:0 3 5 0
Tile:5 7 4 1
Tile:9 2 5 0
Tile:10 8 7 1
Tile:7 6 4 0
Tile:9_flip 7 6 1
Tile:15 2 4 0
Tile:9 8 8 1
Tile:5_flip 8 4 0
Tile:7 9 8 1
Tile:8 5 6 0
Tile:6_flip 8 3 1
Tile:8 5 7 0
Drop 1 0 1
Tile:8 5 8 0
Drop 1 0 1
Tile:0 7 3 0
Tile:7 9 3 1
Tile:14 6 8 0
Drop 1 0 1
Tile:5_flip 7 7 0
Tile:7_flip 9 4 1
Drop 0 0 0
Tile:10 9 9 1
Tile:6 6 3 0
Map 12 5 1
Tile:6 2 6 0
Drop 2 0 1
Destroy 6 4 0
Tile:9_flip 10 4 1
Tile:4 2 3 0
Drop 2 0 1
Map 12 5 0
Tile:6 10 5 1
Tile:0 1 6 0
Tile:5_flip 11 5 1
Destroy 4 5 0
Destroy 11 5 1
Drop 3 0 0
Drop 1 0 1
Drop 2 0 0
Drop 1 0 1
Drop 1 0 0
Drop 1 0 1
Malus 0 0 0
Bonus 0 0 1
Map 12 7 0
Drop 0 0 1
GAMEOVER DRAW
# Game ended: Sat Apr 11 22:06:28 EDT 2020
