# Server version 0.08 running on 192.168.2.221:8123
# Game ID: 721
# Board class: Saboteur.SaboteurBoard
# Timeout: 2000
# First Move Timeout: 30000
# Date: Sat Apr 11 21:07:40 EDT 2020
# Player 1: Player-0, '260729564', running on 127.0.0.1
# Player 2: Player-1, 'RandomPlayer', running on 127.0.0.1
START Player-0 260729564
START Player-1 RandomPlayer
BoardInit:Bonus,Tile:6,Tile:13,Tile:8,Tile:0,Tile:15,Tile:8,Tile:9,Tile:5,Map,Tile:7,Tile:10,Tile:1,Tile:9,Tile:0,Destroy,Tile:10,Map,Tile:7,Tile:9,Map,Tile:6,Tile:8,Tile:9,Tile:6,Tile:0,Tile:14,Malus,Tile:6,Destroy,Tile:5,Map,Map,Bonus,Tile:6,Bonus,Tile:0,Tile:7,Tile:8,Tile:3,Tile:10-Tile:7,Map,Tile:5,Tile:9,Tile:2,Bonus,Tile:7-Tile:4,Malus,Tile:5,Tile:8,Destroy,Tile:12,Tile:11-Tile:hidden1,Tile:hidden2,Tile:nugget
Tile:2_flip 4 5 1
Malus 0 0 0
Drop 1 0 1
Tile:8 6 5 0
Drop 0 0 1
Tile:8 7 5 0
Drop 5 0 1
Tile:6 8 5 0
Drop 0 0 1
Tile:9_flip 9 5 0
Drop 4 0 1
Map 12 3 0
Drop 3 0 1
Tile:10 9 4 0
Drop 5 0 1
Tile:9 9 6 0
Drop 1 0 1
Tile:5_flip 10 6 0
Drop 3 0 1
Map 12 5 0
Drop 2 0 1
Tile:9 10 5 0
Map 12 7 1
Tile:6 11 5 0
Drop 2 0 1
Tile:9 12 6 0
GAMEOVER WINNER 0
# Game ended: Sat Apr 11 21:07:40 EDT 2020
