# Server version 0.08 running on 192.168.2.221:8123
# Game ID: 220
# Board class: Saboteur.SaboteurBoard
# Timeout: 2000
# First Move Timeout: 30000
# Date: Sat Apr 11 20:09:51 EDT 2020
# Player 1: Player-0, 'RandomPlayer', running on 127.0.0.1
# Player 2: Player-1, '260729564', running on 127.0.0.1
START Player-0 RandomPlayer
START Player-1 260729564
BoardInit:Tile:9,Tile:8,Tile:6,Bonus,Tile:2,Tile:15,Tile:8,Tile:9,Tile:7,Tile:0,Tile:9,Map,Tile:9,Tile:7,Tile:0,Bonus,Tile:7,Tile:5,Tile:13,Tile:0,Tile:0,Tile:8,Tile:5,Tile:4,Tile:6,Tile:10,Tile:12,Tile:8,Tile:1,Destroy,Map,Malus,Tile:14,Tile:5,Tile:7,Tile:10,Malus,Bonus,Destroy,Map,Tile:3-Map,Tile:6,Tile:5,Tile:6,Tile:7,Bonus,Tile:8-Tile:11,Tile:6,Destroy,Map,Tile:9,Map,Tile:10-Tile:hidden2,Tile:nugget,Tile:hidden1
Map 12 3 1
Tile:9_flip 5 6 0
Tile:8 6 5 1
Tile:11 4 6 0
Tile:9_flip 7 5 1
Drop 1 0 0
Tile:6 7 6 1
Tile:8 4 7 0
Tile:8 8 6 1
Tile:6_flip 5 4 0
Tile:6 9 6 1
Tile:9_flip 5 7 0
Tile:9_flip 10 6 1
Map 12 7 0
Tile:9 10 5 1
Tile:15 10 7 0
Tile:6 11 5 1
GAMEOVER WINNER 1
# Game ended: Sat Apr 11 20:09:52 EDT 2020
