# Server version 0.08 running on 192.168.2.221:8123
# Game ID: 904
# Board class: Saboteur.SaboteurBoard
# Timeout: 2000
# First Move Timeout: 30000
# Date: Sat Apr 11 21:19:36 EDT 2020
# Player 1: Player-0, 'RandomPlayer', running on 127.0.0.1
# Player 2: Player-1, '260729564', running on 127.0.0.1
START Player-0 RandomPlayer
START Player-1 260729564
BoardInit:Tile:0,Tile:0,Tile:7,Tile:1,Tile:15,Tile:0,Tile:8,Tile:2,Tile:6,Map,Bonus,Destroy,Tile:8,Tile:14,Tile:7,Bonus,Tile:5,Tile:10,Tile:9,Tile:13,Tile:7,Tile:5,Malus,Map,Tile:7,Map,Tile:8,Tile:8,Tile:6,Bonus,Map,Tile:11,Tile:9,Tile:10,Tile:6,Tile:6,Tile:8,Tile:9,Tile:3,Tile:0,Tile:6-Malus,Tile:9,Tile:5,Map,Tile:4,Map,Tile:7-Destroy,Tile:10,Destroy,Tile:9,Tile:12,Tile:5,Bonus-Tile:hidden2,Tile:nugget,Tile:hidden1
Map 12 3 1
Tile:5 5 4 0
Map 12 5 1
Drop 1 0 0
Malus 0 0 1
Drop 2 0 0
Tile:0 6 4 1
Destroy 6 4 0
Tile:8 6 4 1
Destroy 6 4 0
Tile:6 6 4 1
Drop 1 0 0
Tile:9_flip 7 4 1
Drop 5 0 0
Tile:8 7 5 1
Destroy 7 4 0
Tile:5 6 3 1
Drop 1 0 0
Tile:7 7 3 1
Drop 3 0 0
Tile:9_flip 7 4 1
Drop 2 0 0
Tile:7 8 5 1
Drop 3 0 0
Malus 0 0 1
Drop 4 0 0
Tile:7_flip 8 6 1
Drop 0 0 0
Tile:8 9 6 1
Drop 5 0 0
Tile:6 10 6 1
Drop 3 0 0
Tile:5_flip 11 6 1
Bonus 0 0 0
Tile:9_flip 7 6 1
Drop 3 0 0
Tile:6_flip 11 5 1
GAMEOVER WINNER 1
# Game ended: Sat Apr 11 21:19:36 EDT 2020
