# Server version 0.08 running on 192.168.2.221:8123
# Game ID: 792
# Board class: Saboteur.SaboteurBoard
# Timeout: 2000
# First Move Timeout: 30000
# Date: Sat Apr 11 21:11:11 EDT 2020
# Player 1: Player-0, 'RandomPlayer', running on 127.0.0.1
# Player 2: Player-1, '260729564', running on 127.0.0.1
START Player-0 RandomPlayer
START Player-1 260729564
BoardInit:Tile:7,Bonus,Map,Bonus,Tile:9,Tile:8,Tile:14,Tile:6,Destroy,Tile:3,Tile:4,Tile:8,Tile:1,Tile:2,Tile:15,Tile:7,Tile:6,Tile:13,Tile:5,Destroy,Tile:7,Tile:6,Tile:8,Tile:10,Tile:6,Destroy,Map,Tile:11,Tile:10,Tile:8,Map,Tile:9,Tile:12,Tile:0,Tile:0,Tile:5,Tile:9,Map,Tile:7,Tile:9,Tile:8-Bonus,Map,Tile:10,Tile:5,Tile:7,Bonus,Tile:0-Tile:9,Tile:5,Malus,Map,Tile:6,Malus,Tile:0-Tile:hidden1,Tile:nugget,Tile:hidden2
Map 12 3 1
Malus 0 0 0
Bonus 0 0 1
Tile:9 5 6 0
Map 12 5 1
Tile:5_flip 6 5 0
Tile:0 6 6 1
Drop 3 0 0
Tile:5_flip 7 6 1
Tile:6_flip 4 5 0
Tile:10 7 5 1
Drop 4 0 0
Tile:9 7 4 1
Tile:3_flip 5 7 0
Tile:7 8 4 1
Tile:6_flip 6 7 0
Tile:7_flip 8 5 1
Tile:7_flip 6 8 0
Tile:6 9 5 1
Tile:2 3 5 0
Tile:5_flip 10 5 1
Map 12 3 0
Tile:7 7 7 1
Tile:6 7 8 0
Tile:8 10 4 1
Tile:8 8 8 0
Tile:6_flip 11 4 1
Destroy 6 6 0
Drop 1 0 1
Destroy 8 4 0
Tile:10 6 4 1
Tile:11_flip 12 4 0
Destroy 12 4 1
Tile:13 2 5 0
Drop 1 0 1
Tile:0 6 6 0
Drop 1 0 1
Tile:10 5 4 0
Tile:9_flip 8 4 1
Tile:5_flip 12 4 0
Tile:0 13 3 1
Tile:9 8 7 0
Tile:8 12 2 1
Tile:9_flip 10 3 0
Tile:7_flip 11 5 1
GAMEOVER WINNER 1
# Game ended: Sat Apr 11 21:11:11 EDT 2020
