# Server version 0.08 running on 192.168.2.221:8123
# Game ID: 1249
# Board class: Saboteur.SaboteurBoard
# Timeout: 2000
# First Move Timeout: 30000
# Date: Sat Apr 11 21:41:31 EDT 2020
# Player 1: Player-0, '260729564', running on 127.0.0.1
# Player 2: Player-1, 'RandomPlayer', running on 127.0.0.1
START Player-0 260729564
START Player-1 RandomPlayer
BoardInit:Bonus,Tile:6,Tile:9,Map,Bonus,Map,Tile:14,Tile:8,Tile:8,Tile:5,Tile:9,Tile:9,Tile:5,Tile:11,Tile:10,Tile:0,Bonus,Map,Tile:6,Tile:0,Map,Tile:6,Tile:8,Bonus,Malus,Tile:8,Map,Tile:3,Destroy,Tile:5,Tile:7,Tile:0,Tile:6,Tile:7,Tile:10,Malus,Tile:2,Tile:9,Tile:7,Tile:10,Tile:15-Tile:1,Tile:9,Tile:6,Destroy,Tile:13,Destroy,Tile:0-Tile:4,Tile:12,Map,Tile:7,Tile:7,Tile:8,Tile:5-Tile:hidden1,Tile:nugget,Tile:hidden2
Tile:9_flip 6 5 1
Map 12 3 0
Drop 5 0 1
Tile:8 6 4 0
Destroy 6 4 1
Map 12 5 0
Tile:9 6 4 1
Tile:6 7 4 0
Drop 0 0 1
Tile:8 8 4 0
Tile:14 8 5 1
Tile:7 9 4 0
Tile:9_flip 5 4 1
Tile:9 9 5 0
Destroy 7 4 1
Tile:7_flip 7 5 0
Tile:8 6 6 1
Tile:0 7 6 0
Tile:13 4 4 1
Tile:5 6 3 0
Tile:6_flip 3 4 1
Tile:0 8 6 0
Map 12 3 1
Tile:6 9 6 0
Tile:8 5 6 1
Tile:5_flip 10 6 0
Tile:5 2 4 1
Tile:8 10 5 0
Tile:10 8 3 1
Drop 0 0 0
Tile:6 2 5 1
Tile:5_flip 11 5 0
Tile:7 4 3 1
Drop 0 0 0
Destroy 10 5 1
Tile:7 7 3 0
Tile:6 4 5 1
Malus 0 0 0
Drop 6 0 1
Tile:9 8 2 0
Drop 2 0 1
Tile:0 9 2 0
Drop 6 0 1
Tile:10 6 7 0
Drop 4 0 1
Drop 0 0 0
Map 12 3 1
Drop 0 0 0
Malus 0 0 1
Bonus 0 0 0
Drop 0 0 1
Drop 0 0 0
Bonus 0 0 1
Drop 0 0 0
Tile:7 11 4 1
GAMEOVER DRAW
# Game ended: Sat Apr 11 21:41:31 EDT 2020
