# Server version 0.08 running on 192.168.2.221:8123
# Game ID: 520
# Board class: Saboteur.SaboteurBoard
# Timeout: 2000
# First Move Timeout: 30000
# Date: Sat Apr 11 20:41:52 EDT 2020
# Player 1: Player-0, 'RandomPlayer', running on 127.0.0.1
# Player 2: Player-1, '260729564', running on 127.0.0.1
START Player-0 RandomPlayer
START Player-1 260729564
BoardInit:Destroy,Tile:8,Destroy,Tile:9,Tile:0,Tile:0,Bonus,Tile:10,Bonus,Tile:7,Tile:9,Tile:4,Malus,Bonus,Tile:1,Tile:5,Tile:7,Tile:5,Tile:7,Tile:12,Malus,Tile:8,Tile:6,Tile:13,Tile:3,Tile:9,Tile:14,Map,Tile:8,Map,Tile:7,Tile:10,Destroy,Tile:9,Tile:8,Tile:10,Tile:6,Map,Bonus,Tile:0,Tile:5-Map,Tile:15,Tile:2,Tile:6,Map,Tile:0,Map-Tile:6,Tile:8,Tile:7,Tile:5,Tile:6,Tile:11,Tile:9-Tile:nugget,Tile:hidden1,Tile:hidden2
Map 12 3 1
Drop 5 0 0
Tile:6 6 5 1
Tile:7_flip 5 6 0
Tile:0 7 5 1
Tile:6_flip 6 6 0
Tile:0 8 5 1
Drop 2 0 0
Drop 0 0 1
Tile:9 4 5 0
Drop 0 0 1
Drop 1 0 0
Tile:9_flip 9 5 1
Tile:8 9 6 0
Malus 0 0 1
Drop 5 0 0
Drop 0 0 1
Drop 1 0 0
Tile:7 10 6 1
Drop 3 0 0
Tile:7_flip 10 7 1
Drop 2 0 0
Malus 0 0 1
Drop 3 0 0
Tile:6_flip 11 7 1
Drop 5 0 0
Drop 0 0 1
Drop 0 0 0
Drop 3 0 1
Drop 4 0 0
Tile:8 12 6 1
Bonus 0 0 0
Tile:7_flip 11 5 1
Drop 6 0 0
Destroy 11 5 1
Drop 4 0 0
Tile:8 12 4 1
GAMEOVER WINNER 1
# Game ended: Sat Apr 11 20:41:52 EDT 2020
