# Server version 0.08 running on 192.168.2.221:8123
# Game ID: 429
# Board class: Saboteur.SaboteurBoard
# Timeout: 2000
# First Move Timeout: 30000
# Date: Sat Apr 11 20:35:25 EDT 2020
# Player 1: Player-0, '260729564', running on 127.0.0.1
# Player 2: Player-1, 'RandomPlayer', running on 127.0.0.1
START Player-0 260729564
START Player-1 RandomPlayer
BoardInit:Tile:0,Tile:12,Map,Tile:9,Map,Tile:1,Tile:6,Bonus,Tile:10,Tile:7,Tile:6,Malus,Malus,Tile:7,Tile:9,Tile:5,Tile:8,Tile:8,Tile:9,Tile:14,Tile:3,Tile:11,Bonus,Map,Tile:7,Tile:5,Tile:9,Tile:9,Tile:0,Tile:5,Bonus,Tile:6,Tile:7,Destroy,Tile:0,Map,Tile:15,Tile:4,Tile:2,Tile:6,Map-Tile:0,Tile:5,Tile:13,Tile:8,Tile:10,Tile:10,Destroy-Tile:6,Map,Tile:8,Bonus,Tile:8,Tile:7,Destroy-Tile:hidden2,Tile:hidden1,Tile:nugget
Drop 2 0 1
Map 12 3 0
Tile:5_flip 5 6 1
Tile:8 6 5 0
Drop 4 0 1
Tile:8 7 5 0
Drop 4 0 1
Tile:9_flip 8 5 0
Tile:10 7 4 1
Tile:6 8 6 0
Tile:6 4 6 1
Tile:7 9 6 0
Tile:6 7 6 1
Malus 0 0 0
Map 12 3 1
Tile:7_flip 9 7 0
Drop 0 0 1
Tile:5 8 4 0
Malus 0 0 1
Bonus 0 0 0
Map 12 7 1
Tile:8 9 4 0
Drop 0 0 1
Tile:7 10 4 0
Drop 5 0 1
Map 12 5 0
Drop 0 0 1
Tile:5_flip 10 7 0
Drop 6 0 1
Tile:9 10 6 0
Drop 1 0 1
Tile:5_flip 11 6 0
Drop 6 0 1
Tile:6_flip 11 5 0
Drop 0 0 1
Drop 1 0 0
Drop 4 0 1
Drop 1 0 0
Drop 0 0 1
Drop 2 0 0
Drop 4 0 1
Tile:6_flip 13 5 0
Drop 4 0 1
Drop 2 0 0
Drop 1 0 1
Drop 3 0 0
Drop 4 0 1
Drop 3 0 0
Drop 0 0 1
Destroy 9 6 0
Drop 0 0 1
Drop 1 0 0
Drop 1 0 1
Drop 0 0 0
Drop 0 0 1
GAMEOVER DRAW
# Game ended: Sat Apr 11 20:35:26 EDT 2020
