# Server version 0.08 running on 192.168.2.221:8123
# Game ID: 850
# Board class: Saboteur.SaboteurBoard
# Timeout: 2000
# First Move Timeout: 30000
# Date: Sat Apr 11 21:15:32 EDT 2020
# Player 1: Player-0, 'RandomPlayer', running on 127.0.0.1
# Player 2: Player-1, '260729564', running on 127.0.0.1
START Player-0 RandomPlayer
START Player-1 260729564
BoardInit:Map,Tile:1,Tile:5,Tile:9,Tile:15,Tile:0,Map,Tile:8,Destroy,Tile:11,Malus,Tile:5,Tile:6,Tile:9,Map,Destroy,Bonus,Tile:0,Tile:8,Tile:7,Tile:2,Tile:5,Bonus,Tile:12,Bonus,Tile:9,Tile:6,Tile:8,Tile:5,Tile:10,Map,Tile:10,Tile:6,Destroy,Tile:10,Tile:4,Tile:9,Tile:8,Tile:7,Tile:9,Tile:6-Map,Tile:13,Malus,Tile:7,Tile:7,Tile:8,Tile:6-Tile:7,Tile:0,Bonus,Map,Tile:0,Tile:3,Tile:14-Tile:hidden1,Tile:hidden2,Tile:nugget
Map 12 3 1
Tile:7_flip 5 6 0
Map 12 5 1
Tile:1 4 5 0
Malus 0 0 1
Map 12 5 0
Tile:8 6 6 1
Drop 3 0 0
Tile:6 7 6 1
Drop 5 0 0
Tile:7 8 6 1
Bonus 0 0 0
Malus 0 0 1
Drop 0 0 0
Tile:6 8 7 1
Drop 0 0 0
Tile:7 9 7 1
Drop 5 0 0
Tile:5 7 7 1
Destroy 5 6 0
Tile:8 5 6 1
Drop 2 0 0
Drop 0 0 1
Drop 0 0 0
Drop 0 0 1
Drop 2 0 0
Drop 0 0 1
Drop 0 0 0
Tile:6 9 8 1
Drop 5 0 0
Tile:5_flip 10 8 1
Drop 0 0 0
Drop 1 0 1
Drop 6 0 0
Tile:6_flip 8 8 1
Destroy 8 7 0
Tile:10 7 5 1
Drop 3 0 0
Tile:9 7 4 1
Drop 6 0 0
Tile:7 8 4 1
Drop 2 0 0
Tile:6 8 7 1
Drop 1 0 0
Drop 2 0 1
Drop 3 0 0
Drop 2 0 1
Drop 0 0 0
Drop 2 0 1
Drop 2 0 0
Drop 2 0 1
Drop 0 0 0
Destroy 8 7 1
Drop 0 0 0
Drop 0 0 1
GAMEOVER DRAW
# Game ended: Sat Apr 11 21:15:32 EDT 2020
