# Server version 0.08 running on 192.168.2.221:8123
# Game ID: 366
# Board class: Saboteur.SaboteurBoard
# Timeout: 2000
# First Move Timeout: 30000
# Date: Sat Apr 11 20:31:29 EDT 2020
# Player 1: Player-0, 'RandomPlayer', running on 127.0.0.1
# Player 2: Player-1, '260729564', running on 127.0.0.1
START Player-0 RandomPlayer
START Player-1 260729564
BoardInit:Tile:10,Tile:0,Malus,Tile:9,Tile:5,Tile:8,Tile:6,Destroy,Bonus,Malus,Map,Tile:6,Tile:6,Tile:5,Destroy,Tile:12,Tile:10,Tile:11,Tile:0,Tile:7,Tile:8,Tile:6,Map,Tile:7,Tile:8,Bonus,Tile:9,Tile:10,Map,Tile:6,Tile:9,Tile:0,Tile:1,Tile:9,Tile:14,Bonus,Tile:9,Map,Map,Tile:15,Tile:5-Tile:13,Tile:7,Tile:8,Tile:5,Tile:3,Tile:7,Tile:4-Tile:7,Tile:0,Tile:2,Map,Tile:8,Destroy,Bonus-Tile:nugget,Tile:hidden1,Tile:hidden2
Tile:8 6 5 1
Tile:8 5 4 0
Tile:7 7 5 1
Tile:2_flip 4 4 0
Malus 0 0 1
Destroy 6 5 0
Tile:5_flip 6 4 1
Drop 2 0 0
Tile:6_flip 6 5 1
Drop 1 0 0
Tile:5 6 3 1
Drop 1 0 0
Map 12 3 1
Drop 0 0 0
Tile:6 7 3 1
Malus 0 0 0
Bonus 0 0 1
Drop 5 0 0
Tile:7 8 3 1
Destroy 5 4 0
Tile:10 7 6 1
Drop 2 0 0
Tile:8 5 4 1
Drop 0 0 0
Tile:10 8 4 1
Drop 2 0 0
Tile:8 7 2 1
Drop 0 0 0
Tile:0 8 2 1
Drop 6 0 0
Tile:9_flip 9 2 1
Drop 1 0 0
Tile:9 9 3 1
Drop 4 0 0
Drop 0 0 1
Drop 3 0 0
Drop 0 0 1
Drop 4 0 0
Tile:9_flip 10 3 1
Map 12 5 0
Drop 0 0 1
Drop 4 0 0
Tile:5 10 2 1
Bonus 0 0 0
Drop 1 0 1
Drop 3 0 0
Drop 1 0 1
Tile:7 4 3 0
Drop 1 0 1
Tile:6_flip 4 5 0
Drop 1 0 1
Tile:6_flip 3 5 0
Drop 1 0 1
Tile:15 9 4 0
Destroy 7 5 1
GAMEOVER DRAW
# Game ended: Sat Apr 11 20:31:29 EDT 2020
