# Server version 0.08 running on 192.168.2.221:8123
# Game ID: 207
# Board class: Saboteur.SaboteurBoard
# Timeout: 2000
# First Move Timeout: 30000
# Date: Sat Apr 11 20:08:53 EDT 2020
# Player 1: Player-0, '260729564', running on 127.0.0.1
# Player 2: Player-1, 'RandomPlayer', running on 127.0.0.1
START Player-0 260729564
START Player-1 RandomPlayer
BoardInit:Tile:10,Tile:4,Tile:9,Bonus,Tile:1,Tile:7,Map,Bonus,Tile:10,Tile:9,Tile:8,Tile:15,Tile:3,Tile:5,Tile:0,Malus,Tile:5,Tile:8,Tile:6,Tile:7,Tile:5,Tile:14,Tile:9,Tile:0,Tile:9,Map,Tile:7,Tile:10,Destroy,Tile:6,Tile:6,Tile:7,Tile:8,Tile:0,Destroy,Map,Tile:6,Map,Bonus,Tile:8,Destroy-Tile:2,Tile:12,Tile:6,Tile:8,Map,Tile:5,Tile:0-Tile:13,Tile:7,Tile:9,Malus,Tile:11,Map,Bonus-Tile:nugget,Tile:hidden1,Tile:hidden2
Tile:5 4 5 1
Map 12 3 0
Tile:2 6 5 1
Malus 0 0 0
Drop 2 0 1
Tile:9 5 4 0
Map 12 5 1
Tile:7_flip 5 6 0
Map 12 5 1
Drop 0 0 0
Drop 4 0 1
Tile:9_flip 6 6 0
Drop 0 0 1
Tile:7_flip 6 7 0
Drop 0 0 1
Tile:5_flip 7 7 0
Drop 5 0 1
Malus 0 0 0
Drop 3 0 1
Tile:8 5 3 0
Drop 2 0 1
Tile:7 6 3 0
Drop 0 0 1
Drop 0 0 0
Drop 2 0 1
Drop 1 0 0
Drop 0 0 1
Drop 1 0 0
Drop 5 0 1
Tile:10 7 6 0
Destroy 6 7 1
Tile:6 6 4 0
Drop 6 0 1
Tile:0 7 4 0
Drop 3 0 1
Tile:0 8 4 0
Drop 6 0 1
Tile:7 9 4 0
Drop 6 0 1
Drop 1 0 0
Drop 4 0 1
Tile:8 9 5 0
Destroy 5 4 1
Drop 1 0 0
Drop 4 0 1
Drop 1 0 0
Drop 3 0 1
Drop 1 0 0
Drop 2 0 1
Drop 1 0 0
Drop 0 0 1
Drop 1 0 0
Bonus 0 0 1
Drop 0 0 0
Drop 0 0 1
GAMEOVER DRAW
# Game ended: Sat Apr 11 20:08:53 EDT 2020
