# Server version 0.08 running on 192.168.2.221:8123
# Game ID: 931
# Board class: Saboteur.SaboteurBoard
# Timeout: 2000
# First Move Timeout: 30000
# Date: Sat Apr 11 21:20:50 EDT 2020
# Player 1: Player-0, '260729564', running on 127.0.0.1
# Player 2: Player-1, 'RandomPlayer', running on 127.0.0.1
START Player-0 260729564
START Player-1 RandomPlayer
BoardInit:Bonus,Tile:9,Tile:8,Bonus,Tile:0,Tile:9,Tile:4,Tile:8,Tile:10,Tile:10,Map,Tile:8,Tile:6,Tile:2,Map,Tile:9,Tile:6,Destroy,Map,Bonus,Tile:7,Tile:13,Tile:0,Tile:7,Tile:5,Tile:7,Tile:5,Destroy,Tile:8,Tile:10,Tile:7,Tile:6,Malus,Tile:11,Tile:6,Bonus,Map,Tile:12,Malus,Tile:15,Map-Tile:0,Tile:9,Tile:6,Tile:0,Tile:5,Tile:14,Tile:9-Tile:7,Tile:5,Tile:1,Map,Destroy,Tile:8,Tile:3-Tile:hidden2,Tile:nugget,Tile:hidden1
Tile:6 6 5 1
Map 12 3 0
Tile:0 4 5 1
Tile:8 7 5 0
Tile:9 5 4 1
Tile:9_flip 8 5 0
Tile:8 5 6 1
Tile:9 8 4 0
Tile:5_flip 5 7 1
Tile:8 9 4 0
Tile:9_flip 6 4 1
Tile:7 10 4 0
Tile:4_flip 9 5 1
Tile:8 8 6 0
Map 12 5 1
Tile:10 10 5 0
Tile:10 5 3 1
Tile:9 10 6 0
Drop 3 0 1
Tile:5_flip 11 6 0
Tile:6_flip 8 3 1
Drop 0 0 0
Tile:14 8 7 1
Drop 1 0 0
Map 12 5 1
Tile:7_flip 10 7 0
Tile:6 7 7 1
Tile:7 11 7 0
Tile:5 11 5 1
GAMEOVER WINNER 1
# Game ended: Sat Apr 11 21:20:50 EDT 2020
