# Server version 0.08 running on 192.168.2.221:8123
# Game ID: 1356
# Board class: Saboteur.SaboteurBoard
# Timeout: 2000
# First Move Timeout: 30000
# Date: Sat Apr 11 22:01:26 EDT 2020
# Player 1: Player-0, 'RandomPlayer', running on 127.0.0.1
# Player 2: Player-1, '260729564', running on 127.0.0.1
START Player-0 RandomPlayer
START Player-1 260729564
BoardInit:Tile:3,Tile:9,Map,Tile:2,Destroy,Map,Tile:7,Tile:6,Tile:9,Tile:7,Tile:8,Malus,Tile:8,Bonus,Map,Tile:6,Bonus,Tile:6,Tile:5,Tile:0,Tile:10,Tile:0,Destroy,Tile:6,Map,Tile:6,Tile:8,Map,Tile:9,Tile:10,Tile:9,Tile:15,Tile:12,Bonus,Malus,Bonus,Tile:8,Tile:8,Tile:9,Tile:1,Tile:4-Tile:7,Tile:5,Map,Tile:7,Tile:0,Tile:14,Tile:10-Destroy,Tile:13,Tile:5,Tile:7,Tile:11,Tile:0,Tile:5-Tile:nugget,Tile:hidden2,Tile:hidden1
Map 12 3 1
Tile:5 5 4 0
Tile:0 6 4 1
Tile:11 5 6 0
Tile:5_flip 7 4 1
Tile:5_flip 5 7 0
Tile:10 7 3 1
Tile:0 6 5 0
Tile:7 7 5 1
Tile:2_flip 7 6 0
Tile:9 7 2 1
Tile:7_flip 4 7 0
Tile:8 8 2 1
Destroy 8 2 0
Tile:8 8 2 1
Tile:9 8 1 0
Tile:7 9 2 1
Map 12 5 0
Tile:7_flip 9 3 1
Tile:6 8 6 0
Tile:5_flip 10 3 1
Drop 4 0 0
Tile:10 10 2 1
Tile:7 8 0 0
Drop 0 0 1
Tile:6_flip 6 6 0
Drop 0 0 1
Tile:6 7 0 0
Tile:8 10 1 1
Tile:0 9 1 0
Tile:9_flip 11 1 1
Tile:13 4 5 0
Tile:9 11 2 1
Tile:15 11 0 0
Drop 0 0 1
Tile:0 12 2 0
Malus 0 0 1
Map 12 5 0
Tile:8 13 2 1
Bonus 0 0 0
Destroy 8 0 1
Tile:10 8 3 0
GAMEOVER TIMEOUT WINNER 0
# Game ended: Sat Apr 11 22:01:34 EDT 2020
