# Server version 0.08 running on 192.168.2.221:8123
# Game ID: 659
# Board class: Saboteur.SaboteurBoard
# Timeout: 2000
# First Move Timeout: 30000
# Date: Sat Apr 11 21:03:25 EDT 2020
# Player 1: Player-0, '260729564', running on 127.0.0.1
# Player 2: Player-1, 'RandomPlayer', running on 127.0.0.1
START Player-0 260729564
START Player-1 RandomPlayer
BoardInit:Tile:7,Tile:9,Tile:7,Tile:8,Map,Tile:5,Tile:8,Tile:2,Map,Tile:5,Tile:14,Tile:6,Tile:6,Map,Tile:6,Map,Destroy,Destroy,Tile:1,Tile:5,Tile:0,Tile:8,Tile:10,Tile:9,Tile:9,Tile:6,Malus,Tile:7,Bonus,Tile:7,Tile:4,Tile:3,Tile:0,Tile:5,Tile:8,Bonus,Map,Tile:0,Bonus,Bonus,Tile:6-Tile:0,Tile:10,Destroy,Tile:11,Tile:10,Tile:8,Map-Tile:13,Tile:9,Malus,Tile:12,Tile:15,Tile:7,Tile:9-Tile:hidden1,Tile:hidden2,Tile:nugget
Tile:10 5 4 1
Malus 0 0 0
Drop 5 0 1
Tile:9_flip 6 5 0
Drop 0 0 1
Tile:8 6 6 0
Drop 1 0 1
Tile:5_flip 7 6 0
Destroy 6 5 1
Tile:9_flip 6 5 0
Drop 3 0 1
Tile:9 7 5 0
Drop 5 0 1
Tile:6 8 5 0
Map 12 7 1
Map 12 3 0
Drop 5 0 1
Map 12 5 0
Drop 1 0 1
Tile:7 9 5 0
Destroy 6 6 1
Tile:5 6 4 0
Drop 0 0 1
Tile:8 6 6 0
Drop 2 0 1
Tile:9 9 6 0
Drop 0 0 1
Tile:6 10 6 0
Drop 6 0 1
Tile:5_flip 11 6 0
Drop 1 0 1
Tile:7_flip 9 7 0
Drop 4 0 1
Tile:7 10 7 0
Drop 0 0 1
Tile:5 11 5 0
Drop 4 0 1
Destroy 11 5 0
Map 12 3 1
Drop 0 0 0
Drop 4 0 1
Drop 0 0 0
Bonus 0 0 1
Drop 0 0 0
Tile:6_flip 13 5 1
Drop 0 0 0
Tile:8 12 4 1
Drop 0 0 0
Tile:1 4 5 1
Drop 2 0 0
Tile:0 3 5 1
Drop 0 0 0
Tile:10 10 5 1
Tile:0 2 5 0
Drop 0 0 1
GAMEOVER DRAW
# Game ended: Sat Apr 11 21:03:25 EDT 2020
