# Server version 0.08 running on 192.168.2.221:8123
# Game ID: 487
# Board class: Saboteur.SaboteurBoard
# Timeout: 2000
# First Move Timeout: 30000
# Date: Sat Apr 11 20:40:23 EDT 2020
# Player 1: Player-0, '260729564', running on 127.0.0.1
# Player 2: Player-1, 'RandomPlayer', running on 127.0.0.1
START Player-0 260729564
START Player-1 RandomPlayer
BoardInit:Tile:10,Tile:6,Tile:0,Tile:0,Tile:3,Tile:11,Tile:8,Bonus,Tile:9,Map,Map,Tile:12,Tile:7,Map,Tile:9,Tile:5,Tile:10,Tile:0,Tile:7,Tile:15,Tile:10,Tile:9,Tile:4,Tile:7,Tile:8,Tile:9,Tile:2,Tile:9,Tile:6,Destroy,Tile:5,Tile:6,Bonus,Destroy,Map,Malus,Tile:7,Tile:6,Tile:8,Tile:6,Tile:8-Tile:1,Destroy,Malus,Tile:0,Tile:7,Tile:14,Map-Tile:13,Bonus,Tile:5,Tile:5,Map,Bonus,Tile:8-Tile:hidden2,Tile:hidden1,Tile:nugget
Tile:14_flip 5 4 1
Map 12 3 0
Malus 0 0 1
Bonus 0 0 0
Tile:0 6 4 1
Tile:8 5 6 0
Tile:0 4 5 1
Tile:6 6 6 0
Tile:10 5 7 1
Tile:0 7 6 0
Tile:3 7 4 1
Map 12 5 0
Drop 4 0 1
Tile:5_flip 8 6 0
Drop 5 0 1
Tile:5 8 5 0
Destroy 4 5 1
Tile:5_flip 9 5 0
Tile:7_flip 4 5 1
Drop 0 0 0
Tile:7 6 5 1
Drop 1 0 0
Drop 5 0 1
Tile:9 9 4 0
Tile:9 9 3 1
Tile:0 10 4 0
Tile:1 4 6 1
Tile:9_flip 11 4 0
Tile:8 5 8 1
Tile:9_flip 6 8 0
Tile:4 4 4 1
Tile:7_flip 11 5 0
Tile:2_flip 10 3 1
Tile:6_flip 11 3 0
Tile:10 12 4 1
Destroy 11 5 0
Tile:9_flip 12 2 1
Malus 0 0 0
Bonus 0 0 1
GAMEOVER TIMEOUT WINNER 1
# Game ended: Sat Apr 11 20:40:26 EDT 2020
