# Server version 0.08 running on 192.168.2.221:8123
# Game ID: 1122
# Board class: Saboteur.SaboteurBoard
# Timeout: 2000
# First Move Timeout: 30000
# Date: Sat Apr 11 21:34:05 EDT 2020
# Player 1: Player-0, 'RandomPlayer', running on 127.0.0.1
# Player 2: Player-1, '260729564', running on 127.0.0.1
START Player-0 RandomPlayer
START Player-1 260729564
BoardInit:Destroy,Tile:14,Tile:8,Map,Tile:12,Map,Tile:5,Tile:11,Tile:7,Tile:9,Tile:10,Map,Tile:6,Tile:0,Tile:6,Bonus,Tile:7,Tile:10,Tile:2,Map,Tile:1,Tile:9,Tile:8,Tile:13,Tile:7,Tile:0,Tile:6,Destroy,Bonus,Malus,Map,Tile:9,Tile:9,Malus,Tile:8,Tile:15,Tile:6,Tile:7,Tile:4,Bonus,Tile:6-Tile:5,Destroy,Tile:0,Map,Tile:8,Tile:3,Bonus-Tile:8,Tile:10,Tile:5,Tile:9,Tile:5,Tile:0,Tile:7-Tile:hidden1,Tile:nugget,Tile:hidden2
Map 12 3 1
Tile:5_flip 6 5 0
Tile:8 6 4 1
Tile:14 7 4 0
Tile:8 5 4 1
Map 12 5 0
Tile:5 6 3 1
Drop 4 0 0
Drop 2 0 1
Tile:11_flip 5 3 0
Tile:7_flip 5 6 1
Tile:5 5 2 0
Tile:5_flip 6 2 1
Drop 0 0 0
Tile:6_flip 7 3 1
Drop 2 0 0
Tile:6 8 3 1
Map 12 7 0
Tile:7 9 3 1
Tile:9 8 2 0
Tile:10 9 4 1
Tile:10 9 5 0
Tile:0 9 2 1
Tile:9 6 1 0
Tile:8 9 6 1
Tile:0 4 5 0
Tile:7 10 6 1
Tile:9 10 7 0
GAMEOVER TIMEOUT WINNER 0
# Game ended: Sat Apr 11 21:34:08 EDT 2020
