# Server version 0.08 running on 192.168.2.221:8123
# Game ID: 646
# Board class: Saboteur.SaboteurBoard
# Timeout: 2000
# First Move Timeout: 30000
# Date: Sat Apr 11 21:01:04 EDT 2020
# Player 1: Player-0, 'RandomPlayer', running on 127.0.0.1
# Player 2: Player-1, '260729564', running on 127.0.0.1
START Player-0 RandomPlayer
START Player-1 260729564
BoardInit:Tile:9,Tile:8,Map,Map,Tile:9,Map,Malus,Tile:5,Tile:7,Tile:9,Tile:8,Map,Tile:8,Destroy,Map,Malus,Tile:3,Tile:8,Tile:9,Tile:10,Tile:1,Tile:8,Tile:7,Tile:5,Tile:7,Tile:15,Tile:7,Bonus,Tile:10,Tile:6,Tile:0,Tile:6,Tile:4,Destroy,Tile:14,Tile:5,Bonus,Tile:0,Tile:7,Tile:13,Tile:10-Tile:6,Destroy,Tile:2,Bonus,Tile:9,Tile:6,Tile:6-Tile:11,Tile:0,Tile:5,Bonus,Tile:12,Map,Tile:0-Tile:nugget,Tile:hidden1,Tile:hidden2
Tile:9_flip 6 5 1
Tile:11_flip 6 4 0
Tile:9 6 6 1
Tile:0 4 5 0
Map 12 3 1
Drop 4 0 0
Tile:9 5 4 1
Tile:5 5 3 0
Malus 0 0 1
Drop 1 0 0
Tile:6 7 6 1
Drop 1 0 0
Tile:8 8 6 1
Bonus 0 0 0
Tile:8 8 5 1
Destroy 8 6 0
Tile:6 8 6 1
Map 12 5 0
Tile:6 9 5 1
Tile:8 6 3 0
Tile:9_flip 10 5 1
Tile:8 10 6 0
Tile:7 11 6 1
Drop 5 0 0
Tile:7_flip 10 7 1
Tile:5 6 2 0
Tile:7 7 2 1
Tile:9 9 4 0
Tile:7_flip 6 7 1
Tile:8 3 5 0
Tile:10 9 3 1
Tile:6 3 6 0
Tile:0 9 6 1
Tile:15 8 4 0
Drop 1 0 1
Tile:6 7 3 0
Drop 2 0 1
Drop 3 0 0
Drop 2 0 1
Tile:5 2 5 0
Tile:7 7 7 1
Map 12 3 0
Tile:10 9 2 1
Destroy 4 5 0
Drop 2 0 1
Tile:13 11 7 0
Destroy 11 7 1
Malus 0 0 0
Bonus 0 0 1
Drop 2 0 0
Drop 0 0 1
Map 12 7 0
Drop 0 0 1
Drop 0 0 0
Drop 0 0 1
GAMEOVER DRAW
# Game ended: Sat Apr 11 21:01:04 EDT 2020
