# Server version 0.08 running on 192.168.2.221:8123
# Game ID: 167
# Board class: Saboteur.SaboteurBoard
# Timeout: 2000
# First Move Timeout: 30000
# Date: Sat Apr 11 20:05:38 EDT 2020
# Player 1: Player-0, '260729564', running on 127.0.0.1
# Player 2: Player-1, 'RandomPlayer', running on 127.0.0.1
START Player-0 260729564
START Player-1 RandomPlayer
BoardInit:Tile:8,Tile:12,Tile:6,Tile:10,Tile:9,Map,Tile:6,Tile:0,Map,Tile:10,Bonus,Malus,Tile:9,Tile:9,Map,Tile:7,Tile:5,Map,Tile:10,Tile:5,Tile:5,Tile:7,Tile:14,Destroy,Map,Tile:7,Tile:6,Tile:3,Tile:4,Destroy,Tile:0,Tile:5,Bonus,Tile:8,Bonus,Tile:8,Tile:15,Tile:7,Tile:9,Tile:8,Tile:8-Map,Bonus,Tile:1,Tile:11,Malus,Tile:0,Tile:6-Tile:6,Destroy,Tile:2,Tile:9,Tile:7,Tile:0,Tile:13-Tile:hidden2,Tile:hidden1,Tile:nugget
Tile:11 4 5 1
Tile:9_flip 6 5 0
Tile:6 4 6 1
Tile:6 6 6 0
Map 12 7 1
Tile:10 6 4 0
Tile:9_flip 5 4 1
Map 12 3 0
Tile:6_flip 4 4 1
Tile:0 7 6 0
Tile:6_flip 6 3 1
Tile:0 8 6 0
Drop 0 0 1
Malus 0 0 0
Bonus 0 0 1
Tile:9_flip 9 6 0
Drop 0 0 1
Tile:10 9 5 0
Tile:9 3 6 1
Map 12 5 0
Malus 0 0 1
Drop 1 0 0
Tile:5_flip 3 7 1
Drop 2 0 0
Tile:8 5 3 1
Drop 2 0 0
Map 12 7 1
Drop 0 0 0
Map 12 3 1
Drop 6 0 0
Map 12 7 1
Drop 0 0 0
Tile:6 3 4 1
Drop 0 0 0
Tile:4 3 5 1
Drop 0 0 0
Tile:5 2 4 1
Drop 0 0 0
Tile:10 2 5 1
Drop 0 0 0
Tile:0 4 3 1
Drop 0 0 0
Tile:8 9 7 1
Drop 0 0 0
Tile:15 2 6 1
Drop 0 0 0
Tile:9_flip 9 4 1
Drop 0 0 0
Drop 3 0 1
Drop 0 0 0
Tile:14 7 3 1
Drop 0 0 0
Tile:0 8 7 1
Drop 0 0 0
Drop 0 0 1
GAMEOVER DRAW
# Game ended: Sat Apr 11 20:05:38 EDT 2020
