# Server version 0.08 running on 192.168.2.221:8123
# Game ID: 198
# Board class: Saboteur.SaboteurBoard
# Timeout: 2000
# First Move Timeout: 30000
# Date: Sat Apr 11 20:07:30 EDT 2020
# Player 1: Player-0, 'RandomPlayer', running on 127.0.0.1
# Player 2: Player-1, '260729564', running on 127.0.0.1
START Player-0 RandomPlayer
START Player-1 260729564
BoardInit:Tile:11,Tile:14,Tile:12,Map,Tile:6,Tile:5,Tile:7,Tile:2,Tile:7,Tile:7,Map,Tile:0,Tile:0,Tile:3,Bonus,Tile:10,Tile:5,Tile:5,Bonus,Tile:8,Malus,Map,Tile:8,Bonus,Tile:6,Tile:6,Tile:6,Destroy,Tile:9,Malus,Tile:0,Tile:9,Destroy,Tile:1,Tile:10,Tile:7,Destroy,Tile:9,Tile:0,Bonus,Tile:9-Tile:9,Tile:5,Tile:6,Tile:13,Map,Tile:8,Tile:7-Tile:15,Tile:8,Tile:4,Tile:8,Map,Map,Tile:10-Tile:hidden2,Tile:nugget,Tile:hidden1
Map 12 3 1
Tile:4_flip 5 6 0
Tile:8 6 5 1
Tile:8 4 5 0
Tile:6 7 5 1
Tile:15 7 4 0
Tile:6 8 5 1
Tile:10 8 4 0
Tile:9_flip 9 5 1
Map 12 3 0
Tile:5 9 4 1
Tile:7_flip 9 6 0
Map 12 5 1
Tile:14_flip 7 3 0
Tile:0 10 4 1
Tile:5 4 4 0
Tile:7 11 4 1
Tile:10 11 5 0
Tile:7_flip 11 6 1
Drop 1 0 0
Tile:7 12 6 1
Tile:5_flip 10 6 0
Malus 0 0 1
Map 12 5 0
Tile:8 13 7 1
Drop 4 0 0
Tile:6_flip 11 7 1
Drop 3 0 0
Tile:5 3 5 1
Destroy 9 6 0
GAMEOVER TIMEOUT WINNER 0
# Game ended: Sat Apr 11 20:07:37 EDT 2020
