# Server version 0.08 running on 192.168.2.221:8123
# Game ID: 328
# Board class: Saboteur.SaboteurBoard
# Timeout: 2000
# First Move Timeout: 30000
# Date: Sat Apr 11 20:19:13 EDT 2020
# Player 1: Player-0, 'RandomPlayer', running on 127.0.0.1
# Player 2: Player-1, '260729564', running on 127.0.0.1
START Player-0 RandomPlayer
START Player-1 260729564
BoardInit:Tile:12,Tile:0,Tile:5,Tile:15,Bonus,Tile:7,Tile:7,Tile:9,Destroy,Map,Tile:14,Tile:9,Tile:1,Tile:5,Tile:8,Tile:3,Tile:2,Tile:6,Tile:0,Bonus,Bonus,Tile:8,Tile:6,Tile:0,Map,Tile:9,Tile:7,Tile:6,Map,Tile:10,Malus,Tile:13,Tile:9,Tile:6,Tile:4,Tile:11,Tile:7,Tile:8,Tile:5,Destroy,Tile:6-Map,Destroy,Tile:10,Tile:5,Tile:0,Map,Bonus-Map,Tile:7,Tile:9,Malus,Tile:8,Tile:10,Tile:8-Tile:hidden1,Tile:nugget,Tile:hidden2
Map 12 3 1
Tile:8 5 4 0
Map 12 5 1
Tile:9 4 4 0
Tile:0 6 4 1
Tile:8 4 5 0
Tile:5_flip 7 4 1
Tile:15 4 6 0
Tile:10 7 3 1
Tile:7 4 3 0
Tile:5 7 2 1
Drop 0 0 0
Tile:7 8 2 1
Tile:7_flip 5 6 0
Drop 2 0 1
Map 12 7 0
Tile:8 6 6 1
Tile:3 6 5 0
Drop 2 0 1
Tile:6 3 5 0
Tile:0 7 6 1
Tile:5_flip 4 7 0
Drop 3 0 1
Tile:9_flip 6 7 0
Tile:6 8 6 1
Tile:0 2 5 0
Drop 3 0 1
Tile:9 8 3 0
Tile:7 9 6 1
Tile:9_flip 3 4 0
Drop 3 0 1
Malus 0 0 0
Bonus 0 0 1
Tile:6 9 3 0
Malus 0 0 1
Drop 0 0 0
Tile:9_flip 10 3 1
Drop 4 0 0
Tile:7_flip 10 4 1
Drop 0 0 0
Tile:5_flip 11 4 1
Destroy 4 6 0
Tile:6_flip 10 2 1
Drop 1 0 0
Drop 3 0 1
Drop 3 0 0
Drop 3 0 1
Drop 0 0 0
Drop 3 0 1
Drop 2 0 0
Destroy 4 4 1
Drop 0 0 0
Destroy 8 6 1
Drop 0 0 0
Drop 0 0 1
GAMEOVER DRAW
# Game ended: Sat Apr 11 20:19:14 EDT 2020
