# Server version 0.08 running on 192.168.2.221:8123
# Game ID: 185
# Board class: Saboteur.SaboteurBoard
# Timeout: 2000
# First Move Timeout: 30000
# Date: Sat Apr 11 20:06:50 EDT 2020
# Player 1: Player-0, '260729564', running on 127.0.0.1
# Player 2: Player-1, 'RandomPlayer', running on 127.0.0.1
START Player-0 260729564
START Player-1 RandomPlayer
BoardInit:Map,Malus,Tile:5,Tile:5,Map,Tile:13,Tile:3,Map,Tile:6,Tile:8,Tile:9,Tile:14,Tile:4,Tile:11,Tile:12,Tile:8,Tile:6,Tile:10,Tile:7,Tile:9,Tile:8,Tile:6,Tile:9,Tile:9,Tile:9,Tile:2,Destroy,Tile:6,Tile:7,Destroy,Tile:8,Tile:7,Bonus,Tile:7,Tile:15,Bonus,Bonus,Tile:5,Tile:0,Tile:8,Map-Destroy,Tile:1,Tile:6,Map,Tile:7,Malus,Tile:10-Tile:5,Tile:10,Map,Tile:0,Tile:0,Tile:0,Bonus-Tile:hidden2,Tile:nugget,Tile:hidden1
Drop 2 0 1
Map 12 3 0
Drop 5 0 1
Malus 0 0 0
Drop 4 0 1
Tile:0 6 5 0
Drop 2 0 1
Tile:0 7 5 0
Drop 3 0 1
Map 12 5 0
Destroy 6 5 1
Tile:8 6 5 0
Drop 4 0 1
Tile:0 8 5 0
Map 12 7 1
Tile:5_flip 9 5 0
Drop 5 0 1
Tile:8 9 4 0
Drop 3 0 1
Tile:5_flip 10 4 0
Drop 2 0 1
Tile:10 10 3 0
Drop 0 0 1
Tile:6_flip 6 4 0
Drop 2 0 1
Tile:10 9 3 0
Drop 0 0 1
Tile:9 10 2 0
Destroy 9 4 1
Tile:6_flip 5 4 0
Drop 0 0 1
Tile:9 9 4 0
Drop 6 0 1
Tile:7 11 2 0
Drop 0 0 1
Tile:7_flip 11 3 0
Drop 4 0 1
Destroy 11 3 0
Bonus 0 0 1
Tile:5_flip 7 4 0
Tile:7 7 3 1
Tile:8 10 1 0
Tile:9 9 1 1
Drop 1 0 0
Tile:0 4 5 1
Drop 1 0 0
Drop 3 0 1
Drop 1 0 0
Tile:9 5 6 1
Drop 1 0 0
Tile:8 12 4 1
Drop 1 0 0
Tile:15 9 2 1
Drop 0 0 0
Drop 0 0 1
GAMEOVER DRAW
# Game ended: Sat Apr 11 20:06:50 EDT 2020
