# Server version 0.08 running on 192.168.2.221:8123
# Game ID: 1258
# Board class: Saboteur.SaboteurBoard
# Timeout: 2000
# First Move Timeout: 30000
# Date: Sat Apr 11 21:42:06 EDT 2020
# Player 1: Player-0, 'RandomPlayer', running on 127.0.0.1
# Player 2: Player-1, '260729564', running on 127.0.0.1
START Player-0 RandomPlayer
START Player-1 260729564
BoardInit:Tile:6,Tile:13,Tile:6,Tile:6,Tile:9,Tile:9,Tile:3,Map,Tile:7,Tile:11,Bonus,Map,Malus,Tile:0,Map,Tile:8,Tile:9,Tile:6,Bonus,Tile:7,Tile:9,Tile:10,Tile:1,Tile:5,Tile:8,Tile:8,Bonus,Tile:6,Tile:0,Malus,Tile:15,Tile:5,Tile:12,Tile:8,Map,Tile:2,Tile:14,Tile:7,Tile:0,Destroy,Tile:10-Tile:4,Tile:7,Destroy,Tile:8,Destroy,Bonus,Tile:5-Tile:0,Tile:7,Tile:9,Map,Map,Tile:5,Tile:10-Tile:nugget,Tile:hidden2,Tile:hidden1
Tile:8 6 5 1
Tile:7 7 5 0
Tile:6 7 6 1
Tile:9_flip 6 4 0
Tile:6 8 6 1
Tile:13 5 4 0
Tile:9_flip 9 6 1
Tile:9 9 7 0
Tile:7 10 7 1
Tile:6_flip 4 5 0
Tile:7_flip 10 8 1
Tile:11_flip 9 8 0
Tile:5_flip 11 8 1
Map 12 7 0
Malus 0 0 1
Drop 4 0 0
Map 12 3 1
Drop 0 0 0
Tile:9_flip 6 3 1
Drop 1 0 0
Drop 0 0 1
Map 12 3 0
Tile:9_flip 6 2 1
Map 12 7 0
Drop 3 0 1
Drop 2 0 0
Tile:8 9 5 1
Drop 0 0 0
Drop 3 0 1
Drop 5 0 0
Tile:0 10 5 1
Drop 1 0 0
Drop 3 0 1
Drop 4 0 0
Drop 3 0 1
Drop 0 0 0
Drop 3 0 1
Drop 4 0 0
Drop 3 0 1
Drop 0 0 0
Tile:0 11 5 1
Drop 0 0 0
Tile:10 12 4 1
GAMEOVER WINNER 1
# Game ended: Sat Apr 11 21:42:07 EDT 2020
