# Server version 0.08 running on 192.168.2.221:8123
# Game ID: 1449
# Board class: Saboteur.SaboteurBoard
# Timeout: 2000
# First Move Timeout: 30000
# Date: Sat Apr 11 22:06:49 EDT 2020
# Player 1: Player-0, '260729564', running on 127.0.0.1
# Player 2: Player-1, 'RandomPlayer', running on 127.0.0.1
START Player-0 260729564
START Player-1 RandomPlayer
BoardInit:Tile:8,Map,Malus,Tile:3,Tile:5,Tile:10,Tile:4,Tile:0,Tile:8,Bonus,Tile:9,Tile:9,Tile:8,Tile:5,Tile:8,Bonus,Bonus,Tile:11,Tile:9,Malus,Tile:5,Tile:5,Tile:15,Tile:7,Tile:6,Map,Tile:9,Tile:13,Tile:0,Tile:6,Tile:8,Tile:6,Tile:0,Tile:10,Destroy,Tile:9,Destroy,Tile:6,Tile:2,Tile:7,Tile:7-Tile:14,Tile:7,Tile:10,Tile:7,Map,Bonus,Tile:12-Tile:0,Map,Destroy,Tile:6,Map,Tile:1,Map-Tile:hidden1,Tile:hidden2,Tile:nugget
Tile:14_flip 5 4 1
Map 12 3 0
Tile:7_flip 4 5 1
Map 12 5 0
Tile:12 6 4 1
Tile:6_flip 6 5 0
Tile:7_flip 5 6 1
Tile:0 7 5 0
Malus 0 0 1
Drop 1 0 0
Tile:8 8 5 1
Bonus 0 0 0
Tile:5_flip 6 6 1
Tile:0 9 5 0
Map 12 5 1
Tile:5_flip 10 5 0
Tile:8 10 4 1
Tile:10 8 6 0
Tile:10 8 4 1
Tile:9_flip 11 4 0
Tile:4 4 4 1
Malus 0 0 0
Drop 5 0 1
Tile:5 11 3 0
Drop 0 0 1
Tile:7_flip 11 5 0
Drop 0 0 1
Destroy 11 3 0
Drop 6 0 1
Drop 0 0 0
Drop 1 0 1
Tile:6_flip 13 5 0
Drop 4 0 1
Tile:6_flip 11 3 0
Drop 0 0 1
Tile:10 13 6 0
Drop 3 0 1
Tile:9_flip 12 6 0
GAMEOVER WINNER 0
# Game ended: Sat Apr 11 22:06:49 EDT 2020
