# Server version 0.08 running on 192.168.2.221:8123
# Game ID: 98
# Board class: Saboteur.SaboteurBoard
# Timeout: 2000
# First Move Timeout: 30000
# Date: Sat Apr 11 16:19:11 EDT 2020
# Player 1: Player-0, 'RandomPlayer', running on 127.0.0.1
# Player 2: Player-1, '260729564', running on 127.0.0.1
START Player-0 RandomPlayer
START Player-1 260729564
BoardInit:Tile:14,Tile:8,Tile:7,Map,Tile:5,Destroy,Map,Tile:11,Map,Tile:6,Tile:5,Destroy,Tile:3,Tile:5,Tile:8,Map,Tile:7,Tile:8,Tile:8,Tile:13,Malus,Tile:9,Tile:7,Tile:1,Destroy,Bonus,Tile:10,Tile:10,Bonus,Tile:6,Map,Tile:7,Tile:8,Tile:6,Tile:12,Bonus,Tile:2,Tile:15,Malus,Tile:6,Tile:10-Tile:0,Tile:9,Tile:0,Tile:0,Tile:6,Tile:9,Bonus-Tile:9,Tile:5,Tile:9,Tile:7,Map,Tile:0,Tile:4-Tile:nugget,Tile:hidden1,Tile:hidden2
Tile:9_flip 6 5 1
Drop 5 0 0
Tile:9 6 4 1
Map 12 7 0
Tile:6_flip 7 4 1
Tile:7_flip 6 6 0
Tile:0 8 4 1
Destroy 6 5 0
Map 12 3 1
Tile:11_flip 5 6 0
Drop 3 0 1
Tile:8 4 6 0
Drop 5 0 1
Tile:4_flip 4 7 0
Drop 6 0 1
Tile:9 3 6 0
Tile:8 6 5 1
Map 12 7 0
Tile:0 9 4 1
Tile:9_flip 3 5 0
Tile:8 10 4 1
Tile:8 10 5 0
Malus 0 0 1
Destroy 10 4 0
Tile:0 9 5 1
Drop 4 0 0
Tile:5 8 5 1
Map 12 7 0
Tile:7 7 6 1
Drop 6 0 0
Tile:7_flip 8 6 1
Drop 1 0 0
Tile:10 6 3 1
Drop 4 0 0
Tile:8 10 4 1
Drop 3 0 0
Tile:5_flip 11 4 1
Drop 4 0 0
Tile:7 11 5 1
Drop 0 0 0
Malus 0 0 1
Drop 4 0 0
Tile:10 10 3 1
Drop 1 0 0
Destroy 11 5 1
Drop 3 0 0
Drop 1 0 1
Drop 0 0 0
Drop 1 0 1
Drop 2 0 0
Drop 1 0 1
Drop 0 0 0
Drop 1 0 1
Drop 0 0 0
Drop 0 0 1
GAMEOVER DRAW
# Game ended: Sat Apr 11 16:19:11 EDT 2020
