# Server version 0.08 running on 192.168.2.221:8123
# Game ID: 33
# Board class: Saboteur.SaboteurBoard
# Timeout: 2000
# First Move Timeout: 30000
# Date: Sat Apr 11 15:56:55 EDT 2020
# Player 1: Player-0, 'RandomPlayer', running on 127.0.0.1
# Player 2: Player-1, '260729564', running on 127.0.0.1
START Player-0 RandomPlayer
START Player-1 260729564
BoardInit:Map,Tile:9,Tile:1,Map,Tile:10,Malus,Tile:7,Tile:8,Tile:10,Tile:4,Tile:6,Tile:9,Tile:6,Bonus,Tile:5,Destroy,Tile:8,Tile:0,Map,Tile:8,Destroy,Tile:7,Tile:5,Tile:9,Bonus,Tile:3,Tile:0,Tile:5,Malus,Tile:7,Tile:5,Tile:12,Tile:7,Tile:0,Tile:6,Tile:7,Tile:13,Bonus,Tile:8,Tile:6,Map-Tile:9,Tile:9,Tile:8,Destroy,Tile:0,Map,Tile:6-Tile:10,Map,Tile:15,Bonus,Tile:2,Tile:14,Tile:11-Tile:nugget,Tile:hidden2,Tile:hidden1
Map 12 3 1
Tile:2_flip 5 6 0
Tile:6_flip 6 6 1
Tile:11 4 5 0
Tile:8 5 4 1
Map 12 3 0
Tile:0 6 4 1
Tile:10 6 7 0
Drop 3 0 1
Drop 2 0 0
Drop 3 0 1
Drop 1 0 0
Tile:6 7 4 1
Tile:8 8 4 0
Tile:6 9 4 1
Tile:9_flip 10 4 0
Destroy 10 4 1
Tile:4 8 3 0
Tile:8 4 4 1
Tile:15 6 8 0
Drop 6 0 1
Destroy 9 4 0
Tile:9_flip 9 4 1
Tile:8 8 5 0
Tile:9 9 3 1
Tile:7_flip 6 9 0
Tile:5 9 2 1
Tile:3_flip 4 6 0
Tile:0 10 2 1
Tile:5_flip 7 9 0
Drop 6 0 1
Tile:7_flip 8 6 0
Tile:10 7 3 1
Drop 6 0 0
Tile:7 7 6 1
Tile:0 7 5 0
Tile:6 11 2 1
Tile:9 7 8 0
Tile:5_flip 12 2 1
Tile:0 8 8 0
Tile:10 7 7 1
Drop 4 0 0
Tile:8 4 3 1
Tile:6 9 5 0
Drop 4 0 1
Drop 0 0 0
Drop 4 0 1
Tile:9_flip 10 5 0
Tile:5_flip 9 8 1
Malus 0 0 0
Bonus 0 0 1
Drop 0 0 0
Destroy 6 4 1
Drop 0 0 0
GAMEOVER TIMEOUT WINNER 0
# Game ended: Sat Apr 11 15:57:10 EDT 2020
