# Server version 0.08 running on 192.168.2.221:8123
# Game ID: 485
# Board class: Saboteur.SaboteurBoard
# Timeout: 2000
# First Move Timeout: 30000
# Date: Sat Apr 11 20:40:19 EDT 2020
# Player 1: Player-0, '260729564', running on 127.0.0.1
# Player 2: Player-1, 'RandomPlayer', running on 127.0.0.1
START Player-0 260729564
START Player-1 RandomPlayer
BoardInit:Destroy,Destroy,Tile:5,Tile:8,Map,Tile:6,Tile:0,Tile:9,Bonus,Tile:15,Tile:14,Tile:6,Tile:2,Tile:0,Tile:8,Tile:7,Tile:3,Bonus,Tile:5,Map,Tile:7,Bonus,Tile:7,Map,Map,Tile:9,Tile:9,Tile:10,Tile:5,Tile:0,Malus,Map,Tile:10,Tile:12,Malus,Tile:10,Tile:5,Tile:4,Tile:8,Tile:11,Map-Tile:7,Tile:8,Tile:6,Tile:9,Tile:7,Tile:8,Destroy-Tile:0,Bonus,Tile:13,Tile:6,Tile:9,Tile:6,Tile:1-Tile:hidden2,Tile:hidden1,Tile:nugget
Tile:6 4 5 1
Tile:9_flip 6 5 0
Tile:7_flip 5 6 1
Tile:6 6 6 0
Tile:8 5 4 1
Tile:8 7 6 0
Tile:9 7 5 1
Tile:0 8 6 0
Tile:0 8 5 1
Tile:9_flip 9 6 0
Tile:7 5 3 1
Tile:6_flip 9 5 0
Destroy 7 6 1
Tile:6 7 6 0
Tile:14_flip 3 5 1
Tile:6 10 5 0
Destroy 3 5 1
Tile:0 11 5 0
Tile:8 3 5 1
Tile:7 13 5 0
Tile:3 6 4 1
Map 12 3 0
Tile:5 2 5 1
Drop 1 0 0
Tile:2_flip 12 6 1
Destroy 12 6 0
Tile:7_flip 13 6 1
Tile:9_flip 12 6 0
GAMEOVER WINNER 0
# Game ended: Sat Apr 11 20:40:20 EDT 2020
