# Server version 0.08 running on 192.168.2.221:8123
# Game ID: 473
# Board class: Saboteur.SaboteurBoard
# Timeout: 2000
# First Move Timeout: 30000
# Date: Sat Apr 11 20:39:52 EDT 2020
# Player 1: Player-0, '260729564', running on 127.0.0.1
# Player 2: Player-1, 'RandomPlayer', running on 127.0.0.1
START Player-0 260729564
START Player-1 RandomPlayer
BoardInit:Tile:5,Tile:9,Tile:2,Destroy,Tile:9,Bonus,Bonus,Tile:4,Tile:11,Tile:10,Tile:9,Tile:5,Bonus,Tile:7,Map,Tile:14,Tile:9,Tile:6,Tile:6,Tile:6,Map,Tile:15,Tile:7,Tile:0,Tile:3,Tile:7,Tile:8,Tile:7,Tile:8,Tile:0,Tile:10,Malus,Tile:10,Map,Tile:12,Tile:13,Destroy,Malus,Tile:0,Tile:8,Tile:5-Tile:8,Destroy,Tile:7,Tile:6,Map,Tile:0,Tile:9-Bonus,Tile:1,Map,Map,Tile:5,Tile:6,Tile:8-Tile:nugget,Tile:hidden1,Tile:hidden2
Tile:9 5 4 1
Map 12 3 0
Tile:7_flip 4 5 1
Tile:8 6 4 0
Drop 2 0 1
Tile:9_flip 7 4 0
Tile:8 7 3 1
Tile:6 8 3 0
Tile:9_flip 8 2 1
Tile:5_flip 9 3 0
Tile:11_flip 8 1 1
Tile:10 9 2 0
Tile:2_flip 7 5 1
Tile:5 9 1 0
Map 12 3 1
Tile:7 10 1 0
Destroy 10 1 1
Drop 1 0 0
Tile:0 10 1 1
Tile:6 11 1 0
Tile:5 7 2 1
Tile:6_flip 12 1 0
Tile:9_flip 8 0 1
Drop 1 0 0
Tile:9_flip 12 2 1
GAMEOVER WINNER 1
# Game ended: Sat Apr 11 20:39:53 EDT 2020
