# Server version 0.08 running on 192.168.2.221:8123
# Game ID: 953
# Board class: Saboteur.SaboteurBoard
# Timeout: 2000
# First Move Timeout: 30000
# Date: Sat Apr 11 21:22:06 EDT 2020
# Player 1: Player-0, '260729564', running on 127.0.0.1
# Player 2: Player-1, 'RandomPlayer', running on 127.0.0.1
START Player-0 260729564
START Player-1 RandomPlayer
BoardInit:Tile:7,Map,Tile:7,Malus,Bonus,Tile:10,Tile:7,Map,Tile:7,Malus,Bonus,Tile:8,Bonus,Tile:10,Tile:9,Tile:6,Tile:0,Tile:9,Tile:5,Tile:9,Tile:8,Tile:3,Tile:14,Tile:5,Tile:10,Tile:8,Map,Tile:5,Tile:2,Tile:6,Map,Tile:8,Tile:6,Tile:11,Map,Tile:13,Destroy,Tile:8,Tile:7,Bonus,Tile:1-Tile:9,Map,Tile:0,Destroy,Tile:6,Tile:15,Tile:4-Tile:0,Tile:0,Destroy,Tile:5,Tile:9,Tile:12,Tile:6-Tile:hidden1,Tile:hidden2,Tile:nugget
Drop 3 0 1
Tile:9_flip 6 5 0
Tile:15 6 4 1
Map 12 3 0
Map 12 7 1
Malus 0 0 0
Drop 3 0 1
Tile:10 6 6 0
Drop 5 0 1
Map 12 5 0
Drop 4 0 1
Malus 0 0 0
Bonus 0 0 1
Tile:8 6 7 0
Drop 5 0 1
Tile:0 7 7 0
Drop 1 0 1
Tile:6 8 7 0
Drop 3 0 1
Tile:6 9 7 0
Drop 2 0 1
Tile:9_flip 10 7 0
Drop 3 0 1
Tile:10 10 6 0
Drop 5 0 1
Tile:9 10 8 0
Drop 0 0 1
Tile:0 11 8 0
Drop 6 0 1
Tile:8 12 8 0
GAMEOVER WINNER 0
# Game ended: Sat Apr 11 21:22:07 EDT 2020
