# Server version 0.08 running on 192.168.2.221:8123
# Game ID: 1079
# Board class: Saboteur.SaboteurBoard
# Timeout: 2000
# First Move Timeout: 30000
# Date: Sat Apr 11 21:32:33 EDT 2020
# Player 1: Player-0, '260729564', running on 127.0.0.1
# Player 2: Player-1, 'RandomPlayer', running on 127.0.0.1
START Player-0 260729564
START Player-1 RandomPlayer
BoardInit:Tile:5,Malus,Tile:8,Destroy,Tile:7,Tile:12,Tile:9,Bonus,Tile:9,Bonus,Tile:6,Tile:0,Tile:5,Tile:0,Tile:7,Map,Tile:7,Bonus,Map,Destroy,Tile:11,Tile:6,Tile:9,Tile:14,Tile:6,Tile:4,Tile:6,Map,Tile:8,Tile:9,Tile:2,Tile:10,Tile:8,Tile:15,Tile:8,Tile:0,Tile:13,Destroy,Tile:7,Map,Map-Bonus,Tile:10,Tile:9,Tile:7,Tile:5,Tile:10,Tile:5-Tile:0,Tile:1,Tile:6,Malus,Map,Tile:8,Tile:3-Tile:nugget,Tile:hidden1,Tile:hidden2
Tile:10 5 6 1
Map 12 3 0
Tile:5 4 5 1
Malus 0 0 0
Drop 4 0 1
Malus 0 0 0
Drop 3 0 1
Tile:8 5 4 0
Drop 5 0 1
Tile:0 6 4 0
Bonus 0 0 1
Tile:6 7 4 0
Drop 0 0 1
Tile:0 8 4 0
Drop 0 0 1
Tile:0 9 4 0
Drop 5 0 1
Drop 0 0 0
Drop 3 0 1
Drop 0 0 0
Map 12 7 1
Drop 1 0 0
Drop 0 0 1
Tile:6 10 4 0
Drop 2 0 1
Drop 2 0 0
Drop 0 0 1
Drop 2 0 0
Drop 5 0 1
Drop 2 0 0
Drop 0 0 1
Tile:9_flip 11 4 0
Drop 6 0 1
Tile:10 10 3 0
Drop 3 0 1
Drop 3 0 0
Drop 3 0 1
Tile:0 6 5 0
Drop 6 0 1
Drop 3 0 0
Drop 2 0 1
Drop 3 0 0
Drop 4 0 1
Drop 3 0 0
Drop 1 0 1
Drop 4 0 0
Map 12 5 1
Destroy 10 4 0
Drop 0 0 1
Destroy 6 5 0
Drop 0 0 1
Destroy 5 6 0
Drop 1 0 1
Drop 0 0 0
Drop 0 0 1
GAMEOVER DRAW
# Game ended: Sat Apr 11 21:32:33 EDT 2020
