# Server version 0.08 running on 192.168.2.221:8123
# Game ID: 687
# Board class: Saboteur.SaboteurBoard
# Timeout: 2000
# First Move Timeout: 30000
# Date: Sat Apr 11 21:06:08 EDT 2020
# Player 1: Player-0, '260729564', running on 127.0.0.1
# Player 2: Player-1, 'RandomPlayer', running on 127.0.0.1
START Player-0 260729564
START Player-1 RandomPlayer
BoardInit:Tile:5,Destroy,Tile:0,Tile:10,Map,Bonus,Tile:11,Bonus,Map,Tile:8,Tile:6,Destroy,Tile:9,Tile:7,Bonus,Tile:13,Tile:0,Tile:5,Tile:7,Tile:6,Tile:7,Tile:6,Malus,Tile:0,Tile:8,Tile:4,Tile:14,Tile:6,Malus,Tile:5,Map,Destroy,Map,Tile:12,Tile:9,Tile:5,Tile:15,Tile:1,Tile:10,Tile:9,Tile:8-Tile:0,Tile:9,Tile:2,Tile:3,Tile:8,Tile:7,Tile:10-Tile:9,Tile:8,Tile:6,Tile:7,Map,Map,Bonus-Tile:nugget,Tile:hidden2,Tile:hidden1
Tile:2 4 5 1
Map 12 3 0
Tile:3 5 4 1
Tile:8 6 5 0
Tile:7_flip 6 6 1
Tile:10 6 4 0
Tile:8 6 3 1
Tile:6 7 3 0
Tile:11_flip 6 2 1
Tile:9_flip 8 3 0
Tile:9 3 5 1
Tile:8 8 2 0
Tile:0 9 2 1
Tile:7 10 2 0
Tile:9_flip 4 6 1
Tile:7_flip 10 3 0
Tile:5_flip 7 5 1
Drop 0 0 0
Tile:0 4 4 1
Tile:5_flip 11 3 0
Tile:7_flip 5 2 1
Tile:6 8 4 0
Tile:0 5 3 1
Tile:6 9 4 0
Drop 2 0 1
Tile:0 10 4 0
Tile:6 4 3 1
Destroy 11 3 0
Tile:14 11 3 1
Tile:6_flip 11 4 0
Tile:8 6 1 1
GAMEOVER TIMEOUT WINNER 1
# Game ended: Sat Apr 11 21:06:11 EDT 2020
