# Server version 0.08 running on 192.168.2.221:8123
# Game ID: 1287
# Board class: Saboteur.SaboteurBoard
# Timeout: 2000
# First Move Timeout: 30000
# Date: Sat Apr 11 21:43:25 EDT 2020
# Player 1: Player-0, '260729564', running on 127.0.0.1
# Player 2: Player-1, 'RandomPlayer', running on 127.0.0.1
START Player-0 260729564
START Player-1 RandomPlayer
BoardInit:Tile:7,Tile:7,Tile:8,Map,Tile:8,Map,Tile:14,Tile:7,Map,Tile:9,Tile:6,Tile:9,Tile:3,Destroy,Tile:7,Tile:5,Tile:11,Tile:0,Tile:8,Tile:7,Tile:0,Destroy,Tile:8,Tile:0,Tile:10,Tile:6,Tile:10,Bonus,Tile:2,Tile:10,Tile:4,Tile:9,Destroy,Tile:1,Malus,Bonus,Tile:6,Map,Map,Tile:15,Tile:8-Tile:5,Bonus,Tile:6,Map,Tile:5,Bonus,Tile:0-Tile:9,Tile:9,Malus,Tile:5,Tile:13,Tile:6,Tile:12-Tile:nugget,Tile:hidden1,Tile:hidden2
Tile:5_flip 5 6 1
Malus 0 0 0
Drop 1 0 1
Tile:6 6 5 0
Drop 6 0 1
Map 12 3 0
Map 12 3 1
Tile:5 6 4 0
Drop 0 0 1
Tile:9_flip 7 4 0
Drop 1 0 1
Tile:9 7 3 0
Drop 4 0 1
Tile:9_flip 8 3 0
Map 12 7 1
Tile:9 8 4 0
Drop 5 0 1
Tile:5_flip 9 4 0
Drop 3 0 1
Tile:7_flip 8 5 0
Drop 2 0 1
Tile:0 9 5 0
Drop 0 0 1
Tile:7 10 5 0
Drop 2 0 1
Tile:7_flip 10 6 0
Drop 0 0 1
Tile:0 11 6 0
Drop 5 0 1
Tile:6_flip 8 2 0
Drop 0 0 1
Tile:10 9 3 0
Drop 6 0 1
Tile:9_flip 9 2 0
Destroy 6 4 1
Drop 0 0 0
Drop 4 0 1
Drop 0 0 0
Drop 0 0 1
Drop 0 0 0
Drop 2 0 1
Drop 3 0 0
Map 12 7 1
Drop 3 0 0
Drop 4 0 1
Drop 3 0 0
Drop 3 0 1
Drop 3 0 0
Drop 0 0 1
Destroy 8 2 0
Drop 0 0 1
Destroy 8 4 0
Drop 1 0 1
Drop 0 0 0
Drop 0 0 1
GAMEOVER DRAW
# Game ended: Sat Apr 11 21:43:25 EDT 2020
