# Server version 0.08 running on 192.168.2.221:8123
# Game ID: 453
# Board class: Saboteur.SaboteurBoard
# Timeout: 2000
# First Move Timeout: 30000
# Date: Sat Apr 11 20:36:17 EDT 2020
# Player 1: Player-0, '260729564', running on 127.0.0.1
# Player 2: Player-1, 'RandomPlayer', running on 127.0.0.1
START Player-0 260729564
START Player-1 RandomPlayer
BoardInit:Malus,Map,Destroy,Tile:5,Tile:12,Tile:6,Tile:8,Map,Map,Tile:10,Destroy,Tile:6,Tile:7,Tile:9,Tile:7,Tile:1,Tile:9,Tile:6,Tile:0,Tile:8,Tile:8,Tile:7,Map,Map,Tile:7,Tile:13,Bonus,Tile:5,Destroy,Tile:10,Tile:8,Tile:0,Map,Tile:5,Tile:0,Malus,Bonus,Tile:9,Tile:8,Tile:9,Tile:15-Tile:2,Tile:11,Tile:5,Tile:4,Tile:6,Tile:7,Tile:3-Bonus,Tile:6,Tile:0,Tile:14,Bonus,Tile:10,Tile:9-Tile:hidden1,Tile:hidden2,Tile:nugget
Tile:3 5 4 1
Tile:9_flip 6 5 0
Drop 1 0 1
Map 12 3 0
Tile:5_flip 6 6 1
Tile:10 6 4 0
Drop 2 0 1
Tile:6_flip 6 3 0
Tile:7_flip 5 3 1
Map 12 5 0
Tile:8 7 3 1
Tile:10 7 4 0
Destroy 7 3 1
Tile:6_flip 7 3 0
Tile:7 8 3 1
Tile:9 8 4 0
Tile:2_flip 5 6 1
Tile:6 8 5 0
Drop 5 0 1
Tile:5_flip 9 5 0
Destroy 7 4 1
Tile:8 9 4 0
Tile:0 4 6 1
Tile:6_flip 10 4 0
Tile:12 11 4 1
Tile:7_flip 10 5 0
Tile:4 5 2 1
Tile:0 11 5 0
Tile:9 7 5 1
Tile:5_flip 12 6 0
Destroy 9 5 1
Tile:10 12 4 0
Tile:8 12 2 1
Tile:0 13 5 0
Tile:7_flip 3 6 1
Tile:5 11 6 0
Drop 3 0 1
Malus 0 0 0
Map 12 7 1
Tile:9 11 7 0
GAMEOVER WINNER 0
# Game ended: Sat Apr 11 20:36:19 EDT 2020
