# Server version 0.08 running on 192.168.2.221:8123
# Game ID: 178
# Board class: Saboteur.SaboteurBoard
# Timeout: 2000
# First Move Timeout: 30000
# Date: Sat Apr 11 20:06:36 EDT 2020
# Player 1: Player-0, 'RandomPlayer', running on 127.0.0.1
# Player 2: Player-1, '260729564', running on 127.0.0.1
START Player-0 RandomPlayer
START Player-1 260729564
BoardInit:Tile:6,Tile:6,Tile:6,Malus,Tile:9,Tile:2,Tile:7,Tile:8,Destroy,Tile:13,Tile:9,Tile:7,Tile:14,Tile:1,Map,Tile:9,Tile:12,Tile:8,Tile:0,Tile:5,Destroy,Tile:10,Tile:10,Tile:11,Tile:6,Tile:5,Map,Tile:5,Bonus,Bonus,Destroy,Map,Tile:8,Tile:9,Tile:7,Tile:15,Map,Tile:0,Malus,Tile:7,Tile:8-Tile:0,Tile:5,Map,Tile:6,Tile:3,Tile:10,Tile:7-Tile:9,Tile:0,Tile:4,Tile:8,Map,Bonus,Bonus-Tile:hidden2,Tile:hidden1,Tile:nugget
Map 12 3 1
Tile:9_flip 5 6 0
Tile:7 6 5 1
Tile:8 5 7 0
Tile:10 6 6 1
Map 12 7 0
Tile:9_flip 6 7 1
Tile:2 4 6 0
Tile:6 6 8 1
Tile:6_flip 5 4 0
Tile:6_flip 7 8 1
Tile:0 4 4 0
Tile:9_flip 8 8 1
Tile:13 3 4 0
Tile:5 8 7 1
Tile:1 4 5 0
Map 12 5 1
Tile:8 5 8 0
Tile:0 9 7 1
Drop 1 0 0
Tile:6 10 7 1
Tile:7 3 3 0
Tile:0 11 7 1
GAMEOVER WINNER 1
# Game ended: Sat Apr 11 20:06:37 EDT 2020
