# Server version 0.08 running on 192.168.2.221:8123
# Game ID: 1178
# Board class: Saboteur.SaboteurBoard
# Timeout: 2000
# First Move Timeout: 30000
# Date: Sat Apr 11 21:37:15 EDT 2020
# Player 1: Player-0, 'RandomPlayer', running on 127.0.0.1
# Player 2: Player-1, '260729564', running on 127.0.0.1
START Player-0 RandomPlayer
START Player-1 260729564
BoardInit:Tile:11,Tile:8,Tile:10,Tile:9,Tile:5,Tile:10,Tile:3,Tile:6,Tile:8,Tile:4,Tile:0,Tile:2,Tile:0,Tile:0,Tile:9,Malus,Tile:5,Malus,Map,Tile:9,Tile:6,Tile:5,Tile:6,Bonus,Tile:7,Map,Destroy,Map,Tile:9,Destroy,Tile:8,Tile:7,Tile:12,Tile:0,Map,Tile:1,Bonus,Tile:5,Tile:7,Bonus,Bonus-Tile:14,Tile:8,Tile:7,Map,Tile:15,Tile:6,Tile:13-Tile:10,Tile:6,Destroy,Tile:7,Tile:9,Tile:8,Map-Tile:hidden2,Tile:hidden1,Tile:nugget
Map 12 3 1
Tile:8 5 6 0
Tile:8 6 6 1
Map 12 5 0
Tile:6 7 6 1
Tile:7_flip 5 7 0
Tile:5_flip 8 6 1
Tile:10 7 5 0
Tile:10 8 5 1
Destroy 6 6 0
Tile:8 6 6 1
Tile:6_flip 4 6 0
Drop 0 0 1
Tile:9_flip 6 5 0
Drop 1 0 1
Tile:4 5 4 0
Tile:9 8 4 1
Tile:6 4 5 0
Tile:0 9 4 1
Tile:9_flip 7 4 0
Map 12 5 1
Tile:2_flip 3 5 0
Tile:0 10 4 1
Tile:9_flip 7 3 0
Tile:6 11 4 1
Malus 0 0 0
Drop 1 0 1
Tile:5_flip 12 4 0
Destroy 12 4 1
Drop 5 0 0
Drop 1 0 1
Destroy 7 5 0
Drop 1 0 1
Tile:10 8 3 0
Drop 6 0 1
Tile:8 6 3 0
Drop 6 0 1
Tile:7 4 4 0
Bonus 0 0 1
Tile:5 11 3 0
GAMEOVER TIMEOUT WINNER 0
# Game ended: Sat Apr 11 21:37:18 EDT 2020
