# Server version 0.08 running on 192.168.2.221:8123
# Game ID: 903
# Board class: Saboteur.SaboteurBoard
# Timeout: 2000
# First Move Timeout: 30000
# Date: Sat Apr 11 21:19:34 EDT 2020
# Player 1: Player-0, '260729564', running on 127.0.0.1
# Player 2: Player-1, 'RandomPlayer', running on 127.0.0.1
START Player-0 260729564
START Player-1 RandomPlayer
BoardInit:Tile:8,Bonus,Tile:9,Tile:6,Tile:2,Malus,Tile:0,Tile:7,Tile:10,Tile:7,Map,Tile:14,Tile:5,Tile:0,Tile:6,Tile:5,Tile:6,Map,Tile:3,Malus,Bonus,Tile:8,Map,Bonus,Tile:8,Tile:12,Tile:10,Tile:5,Bonus,Tile:9,Destroy,Tile:7,Tile:10,Tile:11,Tile:9,Map,Tile:0,Tile:4,Tile:9,Tile:9,Map-Tile:13,Tile:6,Map,Destroy,Tile:5,Destroy,Tile:7-Tile:6,Tile:1,Tile:7,Tile:8,Tile:0,Tile:15,Tile:8-Tile:nugget,Tile:hidden1,Tile:hidden2
Drop 3 0 1
Tile:8 6 5 0
Tile:13 5 6 1
Tile:8 7 5 0
Tile:9 7 6 1
Tile:6 8 6 0
Tile:2_flip 5 7 1
Malus 0 0 0
Drop 3 0 1
Tile:0 9 6 0
Drop 1 0 1
Tile:6 10 6 0
Drop 4 0 1
Tile:7 11 6 0
Map 12 7 1
Tile:7_flip 11 7 0
Drop 5 0 1
Tile:0 13 7 0
Drop 3 0 1
Map 12 3 0
Drop 2 0 1
Malus 0 0 0
Drop 3 0 1
Tile:8 10 5 0
Drop 4 0 1
Tile:5_flip 11 5 0
Drop 3 0 1
Tile:7_flip 9 5 0
Drop 4 0 1
Tile:5 11 4 0
Drop 4 0 1
Tile:9_flip 12 4 0
GAMEOVER WINNER 0
# Game ended: Sat Apr 11 21:19:35 EDT 2020
