# Server version 0.08 running on 192.168.2.221:8123
# Game ID: 938
# Board class: Saboteur.SaboteurBoard
# Timeout: 2000
# First Move Timeout: 30000
# Date: Sat Apr 11 21:21:25 EDT 2020
# Player 1: Player-0, 'RandomPlayer', running on 127.0.0.1
# Player 2: Player-1, '260729564', running on 127.0.0.1
START Player-0 RandomPlayer
START Player-1 260729564
BoardInit:Tile:3,Map,Tile:1,Tile:7,Tile:13,Tile:5,Tile:9,Tile:8,Tile:5,Map,Tile:6,Tile:0,Tile:10,Bonus,Destroy,Tile:11,Tile:7,Tile:9,Tile:9,Tile:5,Tile:9,Tile:10,Bonus,Tile:6,Map,Tile:7,Tile:9,Tile:8,Map,Tile:10,Tile:12,Destroy,Tile:0,Tile:0,Tile:0,Tile:7,Tile:15,Malus,Malus,Map,Map-Tile:4,Tile:6,Tile:8,Destroy,Tile:7,Tile:2,Tile:8-Bonus,Bonus,Tile:5,Tile:6,Tile:6,Tile:14,Tile:8-Tile:nugget,Tile:hidden1,Tile:hidden2
Tile:8 6 5 1
Tile:5_flip 6 6 0
Tile:8 7 5 1
Tile:6 4 5 0
Tile:6 8 5 1
Tile:7 9 5 0
Tile:7_flip 9 6 1
Tile:14_flip 8 4 0
Tile:9_flip 10 6 1
Map 12 7 0
Tile:5 10 5 1
Drop 1 0 0
Tile:6 11 5 1
Tile:8 12 6 0
Tile:10 12 4 1
GAMEOVER WINNER 1
# Game ended: Sat Apr 11 21:21:25 EDT 2020
