# Server version 0.08 running on 192.168.2.221:8123
# Game ID: 878
# Board class: Saboteur.SaboteurBoard
# Timeout: 2000
# First Move Timeout: 30000
# Date: Sat Apr 11 21:18:32 EDT 2020
# Player 1: Player-0, 'RandomPlayer', running on 127.0.0.1
# Player 2: Player-1, '260729564', running on 127.0.0.1
START Player-0 RandomPlayer
START Player-1 260729564
BoardInit:Tile:6,Tile:7,Tile:8,Tile:3,Malus,Tile:12,Destroy,Tile:10,Tile:0,Map,Tile:0,Tile:6,Tile:9,Tile:8,Destroy,Tile:7,Tile:8,Tile:9,Tile:6,Map,Tile:15,Bonus,Map,Tile:9,Tile:9,Tile:2,Tile:5,Tile:13,Tile:1,Tile:10,Bonus,Destroy,Map,Tile:5,Tile:5,Tile:8,Map,Tile:0,Tile:11,Malus,Tile:10-Tile:7,Tile:7,Tile:6,Tile:4,Map,Bonus,Tile:5-Tile:9,Bonus,Tile:0,Tile:8,Tile:6,Tile:7,Tile:14-Tile:hidden2,Tile:hidden1,Tile:nugget
Map 12 3 1
Tile:7 6 5 0
Tile:6 6 6 1
Tile:6 7 6 0
Tile:8 8 6 1
Tile:14_flip 7 5 0
Malus 0 0 1
Drop 3 0 0
Tile:6 9 6 1
Drop 5 0 0
Tile:0 10 6 1
Drop 1 0 0
Tile:0 11 6 1
Drop 4 0 0
Tile:9_flip 12 6 1
GAMEOVER WINNER 1
# Game ended: Sat Apr 11 21:18:32 EDT 2020
