# Server version 0.08 running on 192.168.2.221:8123
# Game ID: 738
# Board class: Saboteur.SaboteurBoard
# Timeout: 2000
# First Move Timeout: 30000
# Date: Sat Apr 11 21:08:13 EDT 2020
# Player 1: Player-0, 'RandomPlayer', running on 127.0.0.1
# Player 2: Player-1, '260729564', running on 127.0.0.1
START Player-0 RandomPlayer
START Player-1 260729564
BoardInit:Tile:8,Tile:8,Bonus,Tile:10,Map,Malus,Tile:4,Map,Tile:15,Destroy,Tile:10,Tile:2,Tile:5,Tile:8,Tile:7,Tile:13,Tile:7,Tile:6,Destroy,Tile:0,Tile:9,Tile:6,Tile:14,Tile:0,Malus,Tile:5,Map,Tile:7,Map,Tile:6,Map,Tile:7,Tile:9,Tile:6,Tile:0,Bonus,Tile:9,Bonus,Tile:1,Tile:8,Tile:5-Tile:9,Destroy,Tile:10,Tile:6,Tile:0,Tile:7,Tile:9-Tile:5,Bonus,Tile:11,Map,Tile:3,Tile:12,Tile:8-Tile:nugget,Tile:hidden1,Tile:hidden2
Tile:6 6 5 1
Tile:11_flip 5 6 0
Tile:8 7 5 1
Tile:5 5 4 0
Tile:0 8 5 1
Drop 2 0 0
Map 12 3 1
Drop 2 0 0
Tile:9_flip 9 5 1
Drop 2 0 0
Tile:10 9 4 1
Tile:8 4 5 0
Tile:9 9 3 1
Destroy 7 5 0
Drop 3 0 1
Tile:2_flip 4 6 0
Drop 3 0 1
Drop 0 0 0
Destroy 9 4 1
Tile:6_flip 3 6 0
Tile:7 9 2 1
Tile:0 7 5 0
Tile:9 9 4 1
Drop 1 0 0
Tile:5_flip 10 4 1
Drop 2 0 0
Malus 0 0 1
Map 12 7 0
Tile:7_flip 8 2 1
Drop 6 0 0
Tile:10 9 6 1
Drop 1 0 0
Tile:7_flip 9 7 1
Drop 4 0 0
Tile:9_flip 10 3 1
Drop 0 0 0
Tile:0 10 7 1
Drop 4 0 0
Tile:9 10 2 1
Bonus 0 0 0
Drop 2 0 1
Tile:6_flip 6 4 0
Tile:5_flip 11 2 1
Tile:0 3 5 0
Drop 2 0 1
Tile:8 10 1 0
Drop 2 0 1
Tile:6 7 4 0
Drop 2 0 1
Tile:13 3 7 0
Drop 2 0 1
Drop 0 0 0
Destroy 3 7 1
Drop 0 0 0
Drop 0 0 1
GAMEOVER DRAW
# Game ended: Sat Apr 11 21:08:14 EDT 2020
