# Server version 0.08 running on 192.168.2.221:8123
# Game ID: 1116
# Board class: Saboteur.SaboteurBoard
# Timeout: 2000
# First Move Timeout: 30000
# Date: Sat Apr 11 21:33:49 EDT 2020
# Player 1: Player-0, 'RandomPlayer', running on 127.0.0.1
# Player 2: Player-1, '260729564', running on 127.0.0.1
START Player-0 RandomPlayer
START Player-1 260729564
BoardInit:Tile:6,Tile:7,Tile:7,Bonus,Tile:9,Tile:2,Tile:0,Tile:10,Tile:7,Bonus,Map,Tile:8,Tile:5,Map,Map,Tile:15,Tile:9,Tile:3,Tile:7,Bonus,Tile:9,Tile:0,Map,Tile:14,Map,Destroy,Tile:11,Bonus,Tile:12,Tile:4,Destroy,Tile:7,Tile:5,Tile:8,Tile:10,Tile:9,Tile:8,Tile:6,Tile:0,Map,Malus-Tile:8,Tile:6,Tile:13,Tile:9,Tile:8,Malus,Tile:5-Tile:0,Tile:5,Tile:10,Tile:6,Tile:1,Destroy,Tile:6-Tile:hidden2,Tile:hidden1,Tile:nugget
Malus 0 0 1
Drop 3 0 0
Tile:8 6 5 1
Drop 1 0 0
Tile:8 7 5 1
Drop 2 0 0
Tile:9_flip 8 5 1
Drop 2 0 0
Tile:9 8 4 1
Drop 5 0 0
Tile:6 9 4 1
Drop 4 0 0
Map 12 3 1
Bonus 0 0 0
Tile:6 10 4 1
Tile:6_flip 4 5 0
Map 12 5 1
Tile:15 7 4 0
Tile:9_flip 11 4 1
Tile:10 11 3 0
Tile:7_flip 11 5 1
Tile:3 11 2 0
Tile:9 12 6 1
GAMEOVER WINNER 1
# Game ended: Sat Apr 11 21:33:50 EDT 2020
