# Server version 0.08 running on 192.168.2.221:8123
# Game ID: 80
# Board class: Saboteur.SaboteurBoard
# Timeout: 2000
# First Move Timeout: 30000
# Date: Sat Apr 11 16:15:10 EDT 2020
# Player 1: Player-0, 'RandomPlayer', running on 127.0.0.1
# Player 2: Player-1, '260729564', running on 127.0.0.1
START Player-0 RandomPlayer
START Player-1 260729564
BoardInit:Tile:8,Bonus,Bonus,Map,Map,Tile:7,Tile:6,Tile:5,Map,Tile:10,Bonus,Tile:11,Tile:14,Tile:10,Tile:12,Destroy,Tile:9,Map,Tile:0,Tile:8,Tile:7,Tile:3,Tile:7,Destroy,Tile:9,Tile:13,Map,Tile:15,Tile:2,Tile:6,Tile:5,Destroy,Tile:10,Malus,Bonus,Tile:9,Tile:5,Tile:9,Malus,Tile:5,Tile:7-Tile:0,Tile:8,Tile:8,Tile:8,Tile:7,Map,Tile:1-Tile:6,Tile:6,Tile:9,Tile:0,Tile:6,Tile:0,Tile:4-Tile:hidden1,Tile:hidden2,Tile:nugget
Map 12 3 1
Tile:6_flip 5 4 0
Tile:8 6 4 1
Drop 5 0 0
Tile:8 7 4 1
Tile:6_flip 4 4 0
Map 12 5 1
Tile:9_flip 8 4 0
Tile:8 8 5 1
Tile:7 6 3 0
Tile:8 8 6 1
Tile:0 3 4 0
Tile:0 9 6 1
Tile:6 6 5 0
Tile:6 10 6 1
Tile:0 5 3 0
Tile:7 11 6 1
Tile:5_flip 9 5 0
Tile:9 11 7 1
GAMEOVER WINNER 1
# Game ended: Sat Apr 11 16:15:10 EDT 2020
