# Server version 0.08 running on 192.168.2.221:8123
# Game ID: 1343
# Board class: Saboteur.SaboteurBoard
# Timeout: 2000
# First Move Timeout: 30000
# Date: Sat Apr 11 22:00:49 EDT 2020
# Player 1: Player-0, '260729564', running on 127.0.0.1
# Player 2: Player-1, 'RandomPlayer', running on 127.0.0.1
START Player-0 260729564
START Player-1 RandomPlayer
BoardInit:Tile:12,Tile:0,Tile:7,Tile:8,Tile:14,Tile:6,Tile:8,Tile:6,Tile:0,Tile:11,Tile:0,Map,Tile:2,Destroy,Tile:6,Tile:7,Tile:8,Tile:9,Tile:7,Tile:15,Bonus,Map,Tile:10,Tile:1,Tile:3,Tile:6,Tile:9,Malus,Tile:9,Tile:5,Tile:5,Malus,Tile:6,Bonus,Tile:5,Map,Bonus,Tile:8,Tile:5,Map,Tile:0-Tile:10,Tile:10,Tile:9,Tile:13,Tile:8,Map,Map-Tile:9,Destroy,Tile:7,Tile:7,Bonus,Tile:4,Destroy-Tile:hidden2,Tile:hidden1,Tile:nugget
Map 12 7 1
Tile:9_flip 6 5 0
Tile:13 5 6 1
Drop 4 0 0
Drop 2 0 1
Tile:8 6 6 0
Tile:12_flip 4 5 1
Tile:0 7 6 0
Tile:8 6 7 1
Tile:6 8 6 0
Tile:0 9 6 1
Tile:6 10 6 0
Tile:7 8 5 1
Map 12 3 0
Tile:2 7 7 1
Tile:7 11 6 0
Tile:6_flip 4 6 1
Tile:7_flip 11 7 0
GAMEOVER WINNER 0
# Game ended: Sat Apr 11 22:00:49 EDT 2020
