# Server version 0.08 running on 192.168.2.221:8123
# Game ID: 1354
# Board class: Saboteur.SaboteurBoard
# Timeout: 2000
# First Move Timeout: 30000
# Date: Sat Apr 11 22:01:22 EDT 2020
# Player 1: Player-0, 'RandomPlayer', running on 127.0.0.1
# Player 2: Player-1, '260729564', running on 127.0.0.1
START Player-0 RandomPlayer
START Player-1 260729564
BoardInit:Bonus,Bonus,Tile:5,Destroy,Tile:9,Tile:7,Tile:10,Tile:9,Tile:7,Tile:8,Tile:7,Tile:2,Tile:10,Tile:6,Destroy,Tile:0,Tile:0,Malus,Tile:4,Tile:0,Tile:3,Map,Tile:6,Tile:8,Map,Tile:5,Tile:14,Tile:9,Tile:1,Tile:9,Tile:6,Tile:13,Map,Map,Tile:6,Map,Tile:8,Tile:7,Tile:0,Bonus,Tile:5-Tile:11,Tile:10,Tile:8,Tile:6,Destroy,Tile:8,Map-Tile:7,Malus,Bonus,Tile:15,Tile:9,Tile:12,Tile:5-Tile:hidden1,Tile:hidden2,Tile:nugget
Map 12 3 1
Tile:7_flip 5 6 0
Tile:8 6 6 1
Drop 1 0 0
Tile:8 7 6 1
Destroy 5 6 0
Tile:6_flip 6 5 1
Tile:9 6 7 0
Tile:5_flip 8 6 1
Tile:9 5 6 0
Tile:10 8 5 1
Tile:15 5 7 0
Tile:9 8 4 1
Tile:2_flip 4 5 0
Tile:7 9 4 1
Tile:8 3 5 0
Tile:10 9 5 1
Tile:5 4 4 0
Tile:10 9 6 1
Drop 3 0 0
Tile:7_flip 9 7 1
Drop 4 0 0
Tile:0 10 7 1
Tile:6_flip 11 7 0
GAMEOVER WINNER 0
# Game ended: Sat Apr 11 22:01:22 EDT 2020
