# Server version 0.08 running on 192.168.2.221:8123
# Game ID: 1081
# Board class: Saboteur.SaboteurBoard
# Timeout: 2000
# First Move Timeout: 30000
# Date: Sat Apr 11 21:32:36 EDT 2020
# Player 1: Player-0, '260729564', running on 127.0.0.1
# Player 2: Player-1, 'RandomPlayer', running on 127.0.0.1
START Player-0 260729564
START Player-1 RandomPlayer
BoardInit:Malus,Tile:10,Bonus,Tile:5,Tile:7,Map,Tile:7,Map,Map,Tile:7,Destroy,Tile:6,Tile:11,Tile:3,Tile:0,Tile:7,Tile:8,Destroy,Tile:12,Tile:8,Bonus,Tile:5,Tile:9,Tile:6,Map,Tile:9,Tile:2,Tile:13,Tile:8,Tile:8,Tile:15,Tile:5,Bonus,Tile:6,Tile:0,Malus,Destroy,Tile:9,Tile:9,Tile:10,Tile:9-Map,Map,Bonus,Tile:6,Tile:10,Tile:14,Tile:1-Tile:7,Tile:4,Tile:6,Tile:8,Tile:5,Tile:0,Tile:0-Tile:nugget,Tile:hidden2,Tile:hidden1
Tile:6 6 5 1
Tile:8 7 5 0
Drop 1 0 1
Tile:6 8 5 0
Map 12 7 1
Tile:5_flip 9 5 0
Tile:7 6 4 1
Map 12 3 0
Tile:7_flip 7 6 1
Tile:5 9 4 0
Drop 4 0 1
Tile:7 10 4 0
Map 12 5 1
Tile:6_flip 5 4 0
Tile:11 7 4 1
Tile:10 10 5 0
Tile:0 8 6 1
Tile:7_flip 10 6 0
Drop 3 0 1
Tile:0 11 6 0
Drop 4 0 1
Tile:8 12 6 0
Tile:12_flip 4 5 1
Tile:5_flip 13 5 0
Tile:10 12 4 1
GAMEOVER WINNER 1
# Game ended: Sat Apr 11 21:32:37 EDT 2020
