# Server version 0.08 running on 192.168.2.221:8123
# Game ID: 1124
# Board class: Saboteur.SaboteurBoard
# Timeout: 2000
# First Move Timeout: 30000
# Date: Sat Apr 11 21:34:12 EDT 2020
# Player 1: Player-0, 'RandomPlayer', running on 127.0.0.1
# Player 2: Player-1, '260729564', running on 127.0.0.1
START Player-0 RandomPlayer
START Player-1 260729564
BoardInit:Tile:5,Tile:9,Tile:9,Tile:9,Bonus,Bonus,Malus,Tile:15,Malus,Map,Tile:7,Tile:6,Tile:8,Map,Tile:8,Tile:5,Map,Tile:10,Bonus,Tile:6,Tile:3,Tile:5,Tile:0,Tile:13,Tile:1,Tile:10,Tile:8,Destroy,Destroy,Tile:6,Tile:2,Tile:7,Tile:10,Map,Tile:7,Tile:5,Bonus,Tile:4,Tile:11,Map,Map-Tile:8,Tile:14,Tile:0,Tile:9,Destroy,Tile:7,Tile:8-Tile:0,Tile:12,Tile:0,Tile:6,Tile:6,Tile:7,Tile:9-Tile:hidden2,Tile:nugget,Tile:hidden1
Tile:8 6 5 1
Tile:7_flip 5 6 0
Tile:8 7 5 1
Tile:6 6 6 0
Tile:9_flip 8 5 1
Tile:9_flip 8 6 0
Tile:9 8 4 1
Tile:6_flip 4 5 0
Malus 0 0 1
Drop 5 0 0
Malus 0 0 1
Drop 1 0 0
Tile:7 9 4 1
Drop 4 0 0
Tile:8 7 6 1
Drop 2 0 0
Tile:8 8 3 1
Drop 0 0 0
Map 12 3 1
Drop 1 0 0
Tile:7_flip 9 5 1
Map 12 3 0
Tile:0 10 5 1
Map 12 7 0
Tile:0 11 5 1
GAMEOVER WINNER 1
# Game ended: Sat Apr 11 21:34:12 EDT 2020
