# Server version 0.08 running on 192.168.2.221:8123
# Game ID: 956
# Board class: Saboteur.SaboteurBoard
# Timeout: 2000
# First Move Timeout: 30000
# Date: Sat Apr 11 21:22:13 EDT 2020
# Player 1: Player-0, 'RandomPlayer', running on 127.0.0.1
# Player 2: Player-1, '260729564', running on 127.0.0.1
START Player-0 RandomPlayer
START Player-1 260729564
BoardInit:Tile:7,Tile:11,Tile:7,Tile:9,Destroy,Tile:5,Tile:4,Tile:8,Tile:6,Tile:6,Tile:0,Map,Bonus,Tile:12,Tile:1,Malus,Tile:9,Tile:15,Tile:10,Tile:9,Map,Tile:7,Tile:13,Tile:0,Tile:3,Tile:7,Tile:6,Tile:5,Bonus,Tile:10,Tile:0,Tile:8,Tile:6,Map,Map,Tile:6,Tile:9,Tile:14,Bonus,Malus,Map-Tile:8,Tile:10,Tile:8,Tile:9,Tile:0,Tile:2,Destroy-Tile:5,Tile:8,Tile:5,Destroy,Bonus,Map,Tile:7-Tile:hidden2,Tile:hidden1,Tile:nugget
Tile:8 6 5 1
Tile:8 6 6 0
Tile:8 7 6 1
Map 12 3 0
Tile:0 8 6 1
Tile:5_flip 9 6 0
Tile:10 9 5 1
Tile:9_flip 6 4 0
Tile:9 9 4 1
Drop 3 0 0
Tile:6 10 4 1
Tile:11 5 6 0
Tile:0 11 4 1
Destroy 10 4 0
Tile:7_flip 7 7 1
Tile:6 12 4 0
Tile:7 8 7 1
Tile:5_flip 6 7 0
Tile:9 9 3 1
Tile:5_flip 13 4 0
Tile:10 9 2 1
Tile:12 10 3 0
Map 12 3 1
Map 12 3 0
Destroy 12 4 1
Tile:0 10 4 0
Drop 0 0 1
Tile:7_flip 5 7 0
Tile:6 12 4 1
Tile:8 4 5 0
Destroy 12 4 1
Tile:9_flip 7 5 0
Drop 0 0 1
Drop 6 0 0
Tile:6_flip 5 4 1
Tile:5_flip 4 6 0
Map 12 5 1
Drop 3 0 0
Tile:9 8 8 1
Tile:10 7 4 0
Tile:0 9 8 1
Tile:6_flip 12 2 0
Drop 1 0 1
Tile:14 8 9 0
Drop 1 0 1
Drop 3 0 0
Drop 1 0 1
Malus 0 0 0
Bonus 0 0 1
Tile:15 9 1 0
Drop 1 0 1
Malus 0 0 0
Bonus 0 0 1
Drop 0 0 0
Drop 0 0 1
GAMEOVER DRAW
# Game ended: Sat Apr 11 21:22:14 EDT 2020
