# Server version 0.08 running on 192.168.2.221:8123
# Game ID: 895
# Board class: Saboteur.SaboteurBoard
# Timeout: 2000
# First Move Timeout: 30000
# Date: Sat Apr 11 21:19:08 EDT 2020
# Player 1: Player-0, '260729564', running on 127.0.0.1
# Player 2: Player-1, 'RandomPlayer', running on 127.0.0.1
START Player-0 260729564
START Player-1 RandomPlayer
BoardInit:Tile:13,Tile:0,Tile:0,Tile:9,Tile:0,Destroy,Tile:10,Map,Tile:11,Tile:15,Bonus,Tile:5,Tile:7,Tile:6,Map,Tile:6,Malus,Tile:1,Malus,Tile:9,Tile:8,Tile:14,Tile:10,Map,Tile:6,Tile:3,Tile:5,Bonus,Bonus,Bonus,Map,Map,Destroy,Tile:6,Tile:7,Tile:2,Tile:4,Tile:5,Tile:7,Tile:7,Tile:9-Tile:8,Tile:8,Tile:10,Map,Destroy,Tile:8,Tile:7-Tile:9,Tile:12,Tile:8,Tile:5,Tile:6,Tile:0,Tile:9-Tile:hidden2,Tile:hidden1,Tile:nugget
Drop 3 0 1
Tile:8 6 5 0
Drop 1 0 1
Tile:6 7 5 0
Tile:0 4 5 1
Tile:0 8 5 0
Drop 6 0 1
Tile:0 9 5 0
Tile:13 3 5 1
Map 12 3 0
Tile:8 5 6 1
Tile:9_flip 10 5 0
Tile:10 10 6 1
Tile:9 10 4 0
Tile:10 5 7 1
Tile:6 11 4 0
Tile:7_flip 5 8 1
Tile:6 12 4 0
Tile:7 7 4 1
Tile:9_flip 13 4 0
Drop 6 0 1
Tile:9_flip 6 6 0
Tile:8 12 2 1
Tile:5 11 3 0
Tile:10 10 3 1
Map 12 5 0
Destroy 3 5 1
Tile:5_flip 13 2 0
Tile:6 13 5 1
Destroy 11 3 0
Tile:11 13 1 1
Drop 0 0 0
Map 12 7 1
Drop 0 0 0
Destroy 6 5 1
Tile:6 6 8 0
Tile:5 11 3 1
Drop 0 0 0
Tile:4_flip 12 6 1
Tile:5_flip 7 8 0
Tile:8 10 2 1
Tile:2 6 5 0
Tile:7 12 1 1
Tile:14_flip 4 6 0
Tile:7_flip 10 7 1
GAMEOVER TIMEOUT WINNER 1
# Game ended: Sat Apr 11 21:19:19 EDT 2020
