# Server version 0.08 running on 192.168.2.221:8123
# Game ID: 1387
# Board class: Saboteur.SaboteurBoard
# Timeout: 2000
# First Move Timeout: 30000
# Date: Sat Apr 11 22:04:13 EDT 2020
# Player 1: Player-0, '260729564', running on 127.0.0.1
# Player 2: Player-1, 'RandomPlayer', running on 127.0.0.1
START Player-0 260729564
START Player-1 RandomPlayer
BoardInit:Map,Destroy,Tile:8,Map,Tile:11,Tile:7,Destroy,Map,Tile:6,Destroy,Tile:10,Tile:5,Tile:8,Tile:5,Tile:6,Tile:14,Tile:7,Tile:9,Tile:9,Tile:2,Map,Tile:8,Tile:5,Tile:7,Tile:7,Bonus,Tile:0,Tile:9,Bonus,Bonus,Tile:0,Map,Tile:12,Tile:10,Tile:7,Tile:4,Tile:15,Map,Tile:5,Tile:3,Tile:8-Malus,Tile:13,Tile:0,Bonus,Tile:10,Tile:8,Malus-Tile:0,Tile:6,Tile:9,Tile:1,Tile:6,Tile:6,Tile:9-Tile:nugget,Tile:hidden1,Tile:hidden2
Tile:8 5 6 1
Tile:9_flip 6 6 0
Drop 1 0 1
Tile:9_flip 6 5 0
Tile:8 5 4 1
Map 12 3 0
Tile:11 6 7 1
Tile:6_flip 6 4 0
Drop 0 0 1
Tile:0 7 4 0
Malus 0 0 1
Drop 0 0 0
Drop 0 0 1
Drop 4 0 0
Tile:6_flip 7 7 1
Drop 0 0 0
Drop 5 0 1
Drop 6 0 0
Destroy 6 4 1
Drop 0 0 0
Tile:10 5 3 1
Drop 6 0 0
Tile:6 8 4 1
Drop 0 0 0
Tile:7 8 3 1
Drop 0 0 0
Map 12 5 1
Bonus 0 0 0
Tile:7 8 7 1
Tile:8 6 4 0
Tile:5 6 3 1
Tile:9_flip 9 4 0
Tile:0 7 3 1
Tile:9 9 3 0
Tile:9 5 2 1
Tile:5_flip 10 3 0
Map 12 7 1
Tile:10 10 2 0
Tile:7_flip 6 8 1
Tile:5 10 1 0
Drop 6 0 1
Tile:7 11 1 0
Tile:0 6 2 1
Drop 2 0 0
Tile:10 5 7 1
Drop 2 0 0
Tile:15 11 2 1
Drop 2 0 0
Drop 1 0 1
Drop 2 0 0
Tile:8 4 5 1
Destroy 11 1 0
Tile:12 7 2 1
Drop 0 0 0
Drop 0 0 1
GAMEOVER DRAW
# Game ended: Sat Apr 11 22:04:13 EDT 2020
