# Server version 0.08 running on 192.168.2.221:8123
# Game ID: 274
# Board class: Saboteur.SaboteurBoard
# Timeout: 2000
# First Move Timeout: 30000
# Date: Sat Apr 11 20:15:47 EDT 2020
# Player 1: Player-0, 'RandomPlayer', running on 127.0.0.1
# Player 2: Player-1, '260729564', running on 127.0.0.1
START Player-0 RandomPlayer
START Player-1 260729564
BoardInit:Tile:5,Tile:8,Tile:13,Tile:3,Tile:9,Tile:10,Map,Tile:9,Tile:5,Destroy,Tile:6,Tile:8,Tile:7,Map,Tile:6,Tile:6,Tile:10,Tile:2,Tile:7,Malus,Bonus,Map,Bonus,Tile:4,Tile:8,Tile:15,Tile:9,Tile:0,Map,Tile:8,Tile:9,Tile:7,Bonus,Tile:8,Tile:14,Malus,Map,Bonus,Tile:0,Tile:6,Tile:1-Tile:6,Tile:10,Tile:0,Tile:9,Map,Tile:7,Tile:5-Destroy,Tile:11,Tile:12,Tile:0,Destroy,Tile:5,Tile:7-Tile:hidden1,Tile:nugget,Tile:hidden2
Map 12 3 1
Drop 2 0 0
Tile:0 6 5 1
Tile:11 5 4 0
Tile:9_flip 7 5 1
Tile:5_flip 7 6 0
Tile:10 7 4 1
Tile:10 5 6 0
Map 12 5 1
Tile:8 7 3 0
Tile:9_flip 8 3 1
Drop 5 0 0
Tile:7_flip 8 4 1
Destroy 7 3 0
Tile:6_flip 7 3 1
Tile:8 5 7 0
Tile:6 9 4 1
Tile:3 8 2 0
Tile:10 9 3 1
Tile:6 5 8 0
Tile:6 10 4 1
Tile:2_flip 7 2 0
Tile:5_flip 11 4 1
Tile:7_flip 6 3 0
Tile:5 11 3 1
Drop 4 0 0
Tile:8 13 3 1
Destroy 5 8 0
GAMEOVER TIMEOUT WINNER 0
# Game ended: Sat Apr 11 20:15:51 EDT 2020
