# Server version 0.08 running on 192.168.2.221:8123
# Game ID: 1229
# Board class: Saboteur.SaboteurBoard
# Timeout: 2000
# First Move Timeout: 30000
# Date: Sat Apr 11 21:40:05 EDT 2020
# Player 1: Player-0, '260729564', running on 127.0.0.1
# Player 2: Player-1, 'RandomPlayer', running on 127.0.0.1
START Player-0 260729564
START Player-1 RandomPlayer
BoardInit:Tile:8,Tile:10,Destroy,Malus,Map,Tile:6,Tile:8,Tile:8,Tile:10,Tile:5,Tile:0,Tile:6,Tile:9,Map,Tile:12,Tile:6,Bonus,Tile:8,Tile:14,Tile:7,Tile:9,Tile:0,Map,Tile:1,Tile:6,Map,Bonus,Tile:0,Tile:2,Tile:6,Tile:4,Tile:7,Tile:8,Destroy,Bonus,Map,Tile:15,Destroy,Map,Tile:5,Tile:13-Malus,Tile:7,Bonus,Tile:7,Tile:7,Tile:5,Tile:11-Tile:10,Tile:3,Tile:5,Tile:9,Tile:0,Tile:9,Tile:9-Tile:hidden2,Tile:hidden1,Tile:nugget
Tile:7 6 5 1
Tile:9 6 6 0
Tile:11_flip 5 4 1
Tile:0 7 6 0
Tile:8 4 4 1
Malus 0 0 0
Drop 2 0 1
Tile:6 8 6 0
Drop 0 0 1
Tile:8 9 6 0
Destroy 8 6 1
Tile:9_flip 5 6 0
Drop 6 0 1
Tile:6 8 6 0
Map 12 5 1
Map 12 3 0
Drop 1 0 1
Tile:6 10 6 0
Drop 2 0 1
Tile:8 11 6 0
Drop 4 0 1
Tile:5_flip 12 6 0
Drop 5 0 1
Tile:9 11 7 0
GAMEOVER WINNER 0
# Game ended: Sat Apr 11 21:40:05 EDT 2020
