# Server version 0.08 running on 192.168.2.221:8123
# Game ID: 1344
# Board class: Saboteur.SaboteurBoard
# Timeout: 2000
# First Move Timeout: 30000
# Date: Sat Apr 11 22:00:51 EDT 2020
# Player 1: Player-0, 'RandomPlayer', running on 127.0.0.1
# Player 2: Player-1, '260729564', running on 127.0.0.1
START Player-0 RandomPlayer
START Player-1 260729564
BoardInit:Tile:1,Tile:8,Tile:5,Map,Tile:8,Tile:5,Destroy,Bonus,Tile:2,Tile:14,Bonus,Tile:10,Tile:10,Map,Tile:5,Destroy,Tile:0,Tile:9,Tile:9,Tile:7,Map,Tile:12,Tile:9,Tile:11,Tile:7,Tile:6,Bonus,Bonus,Tile:6,Tile:9,Tile:8,Malus,Tile:8,Tile:0,Destroy,Tile:7,Tile:3,Tile:0,Map,Tile:13,Tile:15-Tile:6,Tile:6,Tile:7,Tile:0,Map,Tile:10,Tile:8-Tile:5,Tile:9,Tile:6,Map,Tile:7,Malus,Tile:4-Tile:hidden2,Tile:nugget,Tile:hidden1
Map 12 3 1
Tile:7 5 4 0
Tile:8 6 5 1
Drop 5 0 0
Tile:5_flip 7 5 1
Tile:6 6 6 0
Tile:8 7 4 1
Map 12 3 0
Tile:10 7 3 1
Tile:5 4 4 0
Tile:6 8 4 1
Tile:8 5 6 0
Tile:6_flip 9 4 1
Map 12 5 0
Tile:0 10 4 1
Tile:9_flip 9 5 0
Tile:5_flip 11 4 1
Destroy 7 4 0
Tile:0 7 6 1
Tile:9 6 4 0
Tile:9_flip 8 6 1
Tile:7 11 3 0
Map 12 5 1
Tile:5_flip 5 7 0
Tile:10 9 6 1
Tile:10 6 3 0
Tile:9 8 7 1
Tile:6_flip 6 2 0
Tile:7_flip 8 8 1
Tile:11 5 2 0
Tile:6 9 7 1
Malus 0 0 0
Bonus 0 0 1
Tile:12_flip 4 7 0
Tile:8 10 7 1
Tile:9 10 6 0
Tile:8 11 6 1
Drop 3 0 0
Tile:7 12 6 1
Tile:0 10 3 0
Destroy 11 3 1
Tile:14_flip 8 5 0
Destroy 12 6 1
Tile:13 7 4 0
Drop 0 0 1
Tile:7_flip 9 3 0
Drop 0 0 1
Drop 2 0 0
Drop 1 0 1
Drop 1 0 0
Drop 1 0 1
Drop 0 0 0
Drop 1 0 1
Tile:0 9 8 0
Drop 0 0 1
GAMEOVER DRAW
# Game ended: Sat Apr 11 22:00:52 EDT 2020
