# Server version 0.08 running on 192.168.2.221:8123
# Game ID: 1205
# Board class: Saboteur.SaboteurBoard
# Timeout: 2000
# First Move Timeout: 30000
# Date: Sat Apr 11 21:38:31 EDT 2020
# Player 1: Player-0, '260729564', running on 127.0.0.1
# Player 2: Player-1, 'RandomPlayer', running on 127.0.0.1
START Player-0 260729564
START Player-1 RandomPlayer
BoardInit:Map,Tile:13,Map,Bonus,Tile:9,Tile:6,Malus,Tile:0,Destroy,Tile:0,Tile:14,Tile:5,Tile:12,Tile:7,Tile:6,Tile:8,Bonus,Tile:10,Tile:4,Tile:6,Destroy,Tile:8,Tile:7,Tile:10,Tile:9,Tile:9,Tile:8,Map,Tile:9,Map,Tile:1,Tile:7,Malus,Bonus,Tile:2,Tile:6,Tile:5,Tile:10,Tile:15,Tile:0,Tile:6-Tile:7,Tile:7,Tile:0,Tile:3,Map,Tile:8,Tile:9-Map,Tile:8,Tile:5,Bonus,Destroy,Tile:11,Tile:5-Tile:hidden2,Tile:hidden1,Tile:nugget
Tile:9 5 6 1
Map 12 3 0
Map 12 3 1
Tile:8 6 6 0
Tile:3_flip 4 5 1
Tile:5_flip 7 6 0
Drop 6 0 1
Tile:6_flip 7 5 0
Tile:7 8 5 1
Tile:5 5 4 0
Tile:7_flip 6 7 1
Tile:0 7 7 0
Destroy 6 6 1
Tile:0 6 4 0
Drop 1 0 1
Tile:5_flip 7 4 0
Map 12 5 1
Tile:8 6 6 0
Drop 5 0 1
Tile:10 8 6 0
Tile:4 4 4 1
Tile:6 8 7 0
Drop 5 0 1
Tile:8 9 7 0
Tile:7 10 7 1
Tile:10 9 6 0
Destroy 6 6 1
Tile:9 7 3 0
Tile:9 9 5 1
Map 12 5 0
Tile:12 8 3 1
Drop 2 0 0
Tile:1 6 5 1
Drop 2 0 0
Tile:9_flip 9 4 1
Drop 2 0 0
Malus 0 0 1
Bonus 0 0 0
Tile:2_flip 10 5 1
Tile:10 7 2 0
Tile:5_flip 11 5 1
Tile:6_flip 6 6 0
Tile:15 10 4 1
Tile:7_flip 10 8 0
Tile:8 7 1 1
Tile:0 11 8 0
Tile:0 8 1 1
Tile:7 12 8 0
Malus 0 0 1
Bonus 0 0 0
Map 12 3 1
Destroy 11 5 0
Tile:14 9 8 1
Drop 0 0 0
Tile:6_flip 6 1 1
GAMEOVER DRAW
# Game ended: Sat Apr 11 21:38:33 EDT 2020
