# Server version 0.08 running on 192.168.2.221:8123
# Game ID: 113
# Board class: Saboteur.SaboteurBoard
# Timeout: 2000
# First Move Timeout: 30000
# Date: Sat Apr 11 16:19:50 EDT 2020
# Player 1: Player-0, '260729564', running on 127.0.0.1
# Player 2: Player-1, 'RandomPlayer', running on 127.0.0.1
START Player-0 260729564
START Player-1 RandomPlayer
BoardInit:Tile:7,Tile:10,Tile:5,Tile:8,Tile:9,Bonus,Tile:6,Tile:12,Tile:9,Bonus,Map,Tile:9,Destroy,Map,Tile:7,Tile:0,Tile:5,Destroy,Tile:6,Tile:7,Tile:2,Map,Bonus,Destroy,Tile:1,Tile:8,Tile:10,Bonus,Tile:5,Tile:14,Map,Tile:0,Malus,Tile:7,Tile:9,Tile:6,Tile:10,Map,Tile:0,Tile:6,Tile:8-Tile:4,Tile:8,Tile:9,Malus,Tile:3,Tile:6,Map-Tile:11,Tile:0,Tile:7,Tile:5,Tile:13,Tile:15,Tile:8-Tile:hidden2,Tile:nugget,Tile:hidden1
Tile:6 4 5 1
Tile:8 6 5 0
Tile:9 5 6 1
Tile:0 7 5 0
Map 12 5 1
Tile:8 8 5 0
Drop 2 0 1
Tile:7 9 5 0
Tile:9_flip 9 6 1
Tile:10 8 4 0
Tile:3_flip 9 7 1
Tile:5 8 3 0
Tile:8 3 5 1
Tile:9_flip 9 3 0
Tile:6_flip 2 5 1
Map 12 3 0
Drop 5 0 1
Drop 0 0 0
Tile:5 4 4 1
Drop 0 0 0
Tile:6 6 6 1
Tile:7_flip 9 4 0
Drop 5 0 1
Map 12 5 0
Drop 4 0 1
Tile:0 10 4 0
Tile:7 11 4 1
Tile:8 11 5 0
GAMEOVER WINNER 0
# Game ended: Sat Apr 11 16:19:50 EDT 2020
