# Server version 0.08 running on 192.168.2.221:8123
# Game ID: 382
# Board class: Saboteur.SaboteurBoard
# Timeout: 2000
# First Move Timeout: 30000
# Date: Sat Apr 11 20:32:15 EDT 2020
# Player 1: Player-0, 'RandomPlayer', running on 127.0.0.1
# Player 2: Player-1, '260729564', running on 127.0.0.1
START Player-0 RandomPlayer
START Player-1 260729564
BoardInit:Tile:9,Tile:13,Tile:0,Tile:7,Tile:8,Tile:5,Tile:11,Bonus,Tile:8,Tile:7,Tile:5,Map,Destroy,Tile:7,Bonus,Tile:0,Tile:0,Tile:5,Malus,Malus,Tile:6,Tile:9,Tile:1,Tile:9,Tile:8,Tile:9,Tile:8,Map,Tile:0,Bonus,Destroy,Destroy,Map,Map,Tile:9,Tile:3,Tile:6,Tile:6,Tile:10,Tile:10,Tile:12-Tile:5,Bonus,Tile:14,Tile:10,Tile:15,Tile:2,Tile:7-Tile:4,Tile:7,Map,Tile:6,Tile:8,Map,Tile:6-Tile:hidden2,Tile:hidden1,Tile:nugget
Tile:7 6 5 1
Tile:6 5 6 0
Tile:9_flip 6 6 1
Tile:8 5 4 0
Tile:0 6 4 1
Tile:6_flip 4 4 0
Tile:8 7 4 1
Tile:7_flip 3 4 0
Tile:5_flip 8 4 1
Tile:5 8 3 0
Tile:8 9 3 1
Tile:4_flip 9 4 0
Tile:5_flip 10 3 1
Map 12 7 0
Tile:10 10 2 1
Tile:7 3 3 0
Drop 1 0 1
Tile:13 6 7 0
Tile:0 5 7 1
Tile:5 2 3 0
Malus 0 0 1
Drop 4 0 0
Tile:6_flip 10 1 1
Malus 0 0 0
Bonus 0 0 1
Drop 2 0 0
Tile:8 11 1 1
Map 12 3 0
Tile:8 12 1 1
Map 12 5 0
Tile:0 13 1 1
Bonus 0 0 0
Drop 0 0 1
Tile:9_flip 7 3 0
Map 12 3 1
Tile:9_flip 5 3 0
GAMEOVER TIMEOUT WINNER 0
# Game ended: Sat Apr 11 20:32:19 EDT 2020
