# Server version 0.08 running on 192.168.2.221:8123
# Game ID: 256
# Board class: Saboteur.SaboteurBoard
# Timeout: 2000
# First Move Timeout: 30000
# Date: Sat Apr 11 20:15:05 EDT 2020
# Player 1: Player-0, 'RandomPlayer', running on 127.0.0.1
# Player 2: Player-1, '260729564', running on 127.0.0.1
START Player-0 RandomPlayer
START Player-1 260729564
BoardInit:Tile:9,Tile:0,Tile:7,Tile:8,Tile:7,Tile:10,Tile:12,Tile:5,Tile:10,Malus,Bonus,Tile:13,Tile:4,Tile:6,Tile:8,Tile:9,Tile:8,Tile:0,Bonus,Map,Malus,Tile:7,Destroy,Tile:6,Tile:11,Tile:8,Tile:0,Tile:9,Map,Tile:7,Tile:7,Map,Map,Destroy,Tile:9,Tile:6,Tile:3,Tile:9,Tile:8,Map,Tile:6-Tile:6,Tile:10,Bonus,Tile:5,Tile:5,Tile:1,Tile:5-Tile:15,Tile:2,Tile:0,Bonus,Tile:14,Map,Destroy-Tile:hidden1,Tile:nugget,Tile:hidden2
Tile:5_flip 6 5 1
Tile:2 4 5 0
Tile:10 6 4 1
Drop 1 0 0
Tile:9 6 3 1
Drop 4 0 0
Tile:6 7 3 1
Tile:10 5 6 0
Tile:5_flip 8 3 1
Tile:8 3 5 0
Tile:10 5 4 1
Tile:5 2 5 0
Tile:5 8 2 1
Tile:15 7 2 0
Tile:7 9 2 1
Tile:14 2 6 0
Tile:8 5 7 1
Tile:13 3 4 0
Tile:8 6 7 1
Tile:9_flip 7 1 0
Tile:7_flip 9 3 1
Malus 0 0 0
Bonus 0 0 1
Tile:6_flip 7 7 0
Malus 0 0 1
Drop 2 0 0
Drop 0 0 1
Bonus 0 0 0
Tile:0 10 3 1
Drop 6 0 0
Map 12 3 1
Tile:7_flip 1 6 0
Tile:7 11 3 1
Drop 6 0 0
Map 12 5 1
Tile:8 6 8 0
Tile:9 11 4 1
Tile:6_flip 3 3 0
Destroy 11 3 1
Destroy 10 3 0
Tile:8 10 3 1
Tile:6_flip 8 7 0
Tile:6_flip 11 3 1
Tile:9 10 2 0
Drop 0 0 1
Tile:7 6 2 0
Drop 1 0 1
Map 12 5 0
Drop 1 0 1
Drop 2 0 0
Drop 1 0 1
Tile:0 6 1 0
Drop 1 0 1
Map 12 5 0
Drop 0 0 1
GAMEOVER DRAW
# Game ended: Sat Apr 11 20:15:06 EDT 2020
