# Server version 0.08 running on 192.168.2.221:8123
# Game ID: 146
# Board class: Saboteur.SaboteurBoard
# Timeout: 2000
# First Move Timeout: 30000
# Date: Sat Apr 11 16:21:32 EDT 2020
# Player 1: Player-0, 'RandomPlayer', running on 127.0.0.1
# Player 2: Player-1, '260729564', running on 127.0.0.1
START Player-0 RandomPlayer
START Player-1 260729564
BoardInit:Tile:14,Destroy,Tile:15,Tile:8,Malus,Tile:6,Tile:10,Map,Map,Tile:7,Map,Tile:0,Tile:6,Bonus,Malus,Tile:6,Tile:9,Tile:12,Map,Tile:5,Tile:6,Tile:6,Destroy,Tile:2,Map,Tile:9,Tile:0,Tile:9,Tile:7,Tile:9,Tile:11,Tile:8,Destroy,Tile:10,Tile:7,Bonus,Tile:1,Tile:8,Tile:8,Tile:8,Tile:7-Map,Tile:5,Tile:4,Tile:5,Tile:13,Tile:0,Tile:7-Bonus,Tile:10,Bonus,Tile:5,Tile:9,Tile:0,Tile:3-Tile:hidden1,Tile:nugget,Tile:hidden2
Map 12 3 1
Drop 2 0 0
Tile:0 6 5 1
Tile:9 4 5 0
Tile:5_flip 7 5 1
Tile:5 4 4 0
Malus 0 0 1
Destroy 4 4 0
Tile:10 7 4 1
Map 12 5 0
Map 12 5 1
Bonus 0 0 0
Tile:5 7 3 1
Tile:6 8 3 0
Tile:6 9 3 1
Tile:10 8 2 0
Malus 0 0 1
Drop 1 0 0
Tile:9_flip 10 3 1
Drop 3 0 0
Tile:7_flip 10 4 1
Drop 2 0 0
Tile:6_flip 11 4 1
Drop 3 0 0
Drop 0 0 1
Drop 5 0 0
Drop 0 0 1
Drop 0 0 0
Tile:0 12 4 1
Drop 6 0 0
Tile:7_flip 11 5 1
GAMEOVER WINNER 1
# Game ended: Sat Apr 11 16:21:32 EDT 2020
