# Server version 0.08 running on 192.168.2.221:8123
# Game ID: 1437
# Board class: Saboteur.SaboteurBoard
# Timeout: 2000
# First Move Timeout: 30000
# Date: Sat Apr 11 22:06:25 EDT 2020
# Player 1: Player-0, '260729564', running on 127.0.0.1
# Player 2: Player-1, 'RandomPlayer', running on 127.0.0.1
START Player-0 260729564
START Player-1 RandomPlayer
BoardInit:Tile:10,Tile:10,Tile:1,Tile:4,Tile:6,Tile:5,Tile:7,Map,Tile:5,Tile:0,Tile:8,Destroy,Tile:7,Map,Tile:6,Tile:0,Map,Tile:6,Tile:8,Malus,Tile:3,Destroy,Tile:12,Tile:8,Tile:8,Bonus,Tile:2,Map,Bonus,Map,Tile:6,Tile:9,Tile:10,Tile:8,Tile:13,Destroy,Tile:7,Tile:5,Tile:11,Tile:7,Tile:9-Tile:9,Tile:14,Malus,Tile:15,Tile:5,Tile:9,Tile:6-Map,Bonus,Tile:9,Bonus,Tile:0,Tile:0,Tile:7-Tile:hidden1,Tile:hidden2,Tile:nugget
Tile:5_flip 6 5 1
Map 12 3 0
Tile:14_flip 6 4 1
Tile:9 5 6 0
Tile:1 6 6 1
Tile:10 5 4 0
Tile:6 7 4 1
Tile:7_flip 5 7 0
Tile:6 4 5 1
Map 12 5 0
Tile:10 5 3 1
Tile:0 6 7 0
Tile:5_flip 7 7 1
Tile:5 5 2 0
Tile:9 3 5 1
Tile:0 6 2 0
Tile:6 8 4 1
Tile:0 7 2 0
Tile:15 3 4 1
Tile:6_flip 7 6 0
Tile:7 9 4 1
Malus 0 0 0
Map 12 3 1
Tile:0 8 6 0
Drop 5 0 1
Tile:8 9 6 0
Drop 0 0 1
Drop 1 0 0
Drop 5 0 1
Drop 1 0 0
Drop 1 0 1
Drop 2 0 0
Drop 4 0 1
Tile:9_flip 10 6 0
Drop 0 0 1
Tile:8 10 7 0
Drop 4 0 1
Drop 3 0 0
Drop 0 0 1
Tile:5_flip 11 7 0
Drop 4 0 1
Tile:7_flip 10 8 0
Drop 5 0 1
Destroy 11 7 0
Drop 4 0 1
Drop 2 0 0
Drop 3 0 1
Drop 2 0 0
Drop 2 0 1
Destroy 10 7 0
Drop 0 0 1
Destroy 5 4 0
Drop 1 0 1
Drop 0 0 0
Drop 0 0 1
GAMEOVER DRAW
# Game ended: Sat Apr 11 22:06:26 EDT 2020
