# Server version 0.08 running on 192.168.2.221:8123
# Game ID: 362
# Board class: Saboteur.SaboteurBoard
# Timeout: 2000
# First Move Timeout: 30000
# Date: Sat Apr 11 20:31:11 EDT 2020
# Player 1: Player-0, 'RandomPlayer', running on 127.0.0.1
# Player 2: Player-1, '260729564', running on 127.0.0.1
START Player-0 RandomPlayer
START Player-1 260729564
BoardInit:Tile:11,Tile:13,Tile:8,Bonus,Tile:2,Tile:10,Map,Tile:5,Bonus,Destroy,Tile:7,Map,Tile:0,Tile:15,Tile:10,Tile:9,Tile:0,Tile:7,Tile:5,Tile:14,Tile:6,Bonus,Tile:12,Map,Tile:7,Tile:0,Destroy,Tile:6,Tile:9,Tile:0,Tile:7,Bonus,Tile:6,Tile:9,Map,Map,Tile:5,Tile:8,Tile:8,Destroy,Tile:3-Tile:9,Tile:7,Tile:6,Tile:1,Tile:10,Tile:8,Tile:5-Map,Malus,Tile:9,Malus,Tile:4,Tile:8,Tile:6-Tile:hidden2,Tile:nugget,Tile:hidden1
Tile:8 6 5 1
Tile:8 5 6 0
Tile:6 7 5 1
Tile:6_flip 4 6 0
Tile:8 8 5 1
Tile:13 6 4 0
Tile:9_flip 9 5 1
Tile:10 4 7 0
Map 12 3 1
Tile:9 5 4 0
Tile:10 9 4 1
Drop 0 0 0
Tile:7_flip 9 6 1
Tile:5_flip 6 6 0
Tile:0 10 6 1
Destroy 9 5 0
Tile:10 8 4 1
Tile:9_flip 5 3 0
Tile:5 8 3 1
Map 12 3 0
Tile:5 6 3 1
Tile:15 4 8 0
Tile:6_flip 9 3 1
Tile:7_flip 5 7 0
Tile:0 10 3 1
Tile:14 11 3 0
Tile:7 7 3 1
Tile:0 11 6 0
Tile:7 6 7 1
Tile:4_flip 6 8 0
Tile:9_flip 9 5 1
Tile:0 12 6 0
Tile:7 13 6 1
Map 12 5 0
Tile:6 13 7 1
Tile:9_flip 7 4 0
Map 12 5 1
Tile:6_flip 3 6 0
Tile:5 11 7 1
Tile:8 11 8 0
Tile:8 12 8 1
Destroy 9 3 0
Destroy 11 3 1
Drop 3 0 0
Drop 0 0 1
Drop 0 0 0
Drop 0 0 1
Drop 3 0 0
Drop 0 0 1
Malus 0 0 0
Bonus 0 0 1
Drop 0 0 0
Drop 0 0 1
Drop 0 0 0
Drop 0 0 1
GAMEOVER DRAW
# Game ended: Sat Apr 11 20:31:12 EDT 2020
