# Server version 0.08 running on 192.168.2.221:8123
# Game ID: 327
# Board class: Saboteur.SaboteurBoard
# Timeout: 2000
# First Move Timeout: 30000
# Date: Sat Apr 11 20:19:11 EDT 2020
# Player 1: Player-0, '260729564', running on 127.0.0.1
# Player 2: Player-1, 'RandomPlayer', running on 127.0.0.1
START Player-0 260729564
START Player-1 RandomPlayer
BoardInit:Map,Tile:2,Tile:0,Tile:5,Tile:3,Malus,Tile:15,Map,Tile:14,Tile:10,Tile:12,Tile:0,Bonus,Bonus,Tile:5,Tile:8,Tile:13,Tile:6,Tile:8,Tile:8,Map,Tile:0,Tile:6,Tile:6,Tile:5,Tile:7,Bonus,Tile:10,Tile:1,Malus,Tile:7,Tile:9,Tile:9,Destroy,Tile:9,Tile:9,Tile:4,Map,Tile:10,Destroy,Tile:0-Tile:6,Tile:7,Map,Tile:9,Tile:8,Tile:8,Tile:7-Tile:5,Bonus,Map,Destroy,Tile:7,Tile:11,Tile:6-Tile:hidden1,Tile:hidden2,Tile:nugget
Tile:8 4 5 1
Map 12 3 0
Map 12 5 1
Tile:6 6 5 0
Tile:8 4 6 1
Tile:5_flip 7 5 0
Tile:3 5 4 1
Malus 0 0 0
Map 12 5 1
Map 12 5 0
Drop 4 0 1
Tile:10 7 4 0
Drop 0 0 1
Tile:5 7 3 0
Drop 5 0 1
Tile:0 8 3 0
Drop 1 0 1
Tile:8 9 3 0
Drop 3 0 1
Tile:6 10 3 0
Drop 2 0 1
Tile:8 11 3 0
Map 12 7 1
Tile:7_flip 12 4 0
Drop 5 0 1
Tile:6_flip 13 4 0
Drop 0 0 1
Tile:7_flip 13 5 0
Drop 2 0 1
Tile:10 11 4 0
Drop 4 0 1
Malus 0 0 0
Drop 6 0 1
Tile:9_flip 5 6 0
Drop 4 0 1
Tile:0 13 3 0
Drop 4 0 1
Tile:9_flip 5 7 0
Drop 0 0 1
Destroy 12 4 0
Drop 4 0 1
Drop 1 0 0
Drop 5 0 1
Drop 1 0 0
Drop 4 0 1
Drop 1 0 0
Drop 3 0 1
Drop 2 0 0
Drop 2 0 1
Destroy 8 3 0
Drop 0 0 1
Destroy 4 5 0
Drop 1 0 1
Drop 0 0 0
Drop 0 0 1
GAMEOVER DRAW
# Game ended: Sat Apr 11 20:19:12 EDT 2020
