# Server version 0.08 running on 192.168.2.221:8123
# Game ID: 547
# Board class: Saboteur.SaboteurBoard
# Timeout: 2000
# First Move Timeout: 30000
# Date: Sat Apr 11 20:43:17 EDT 2020
# Player 1: Player-0, '260729564', running on 127.0.0.1
# Player 2: Player-1, 'RandomPlayer', running on 127.0.0.1
START Player-0 260729564
START Player-1 RandomPlayer
BoardInit:Tile:9,Bonus,Map,Tile:5,Tile:6,Tile:6,Tile:10,Tile:15,Tile:7,Destroy,Tile:6,Tile:8,Map,Tile:0,Tile:2,Tile:0,Map,Tile:4,Bonus,Tile:6,Tile:5,Destroy,Tile:1,Tile:8,Tile:6,Tile:5,Tile:9,Tile:3,Map,Tile:10,Tile:11,Tile:14,Tile:8,Tile:0,Tile:8,Map,Tile:7,Tile:0,Malus,Tile:13,Destroy-Tile:7,Map,Tile:5,Bonus,Bonus,Tile:7,Malus-Tile:10,Tile:8,Tile:7,Tile:12,Tile:9,Tile:9,Tile:9-Tile:hidden1,Tile:nugget,Tile:hidden2
Tile:7 5 4 1
Tile:8 6 5 0
Tile:7 7 5 1
Tile:10 7 6 0
Tile:9_flip 6 6 1
Tile:5 6 4 0
Map 12 5 1
Tile:6 7 4 0
Tile:6 5 6 1
Tile:9_flip 8 4 0
Drop 1 0 1
Tile:9 8 5 0
Tile:6_flip 4 6 1
Tile:8 9 5 0
Tile:10 6 7 1
Tile:0 10 5 0
Tile:2 11 5 1
Tile:9 9 4 0
Tile:7_flip 4 5 1
Tile:0 10 4 0
Map 12 3 1
Tile:6 11 4 0
Tile:5_flip 11 6 1
Tile:7 12 4 0
GAMEOVER WINNER 0
# Game ended: Sat Apr 11 20:43:17 EDT 2020
