# Server version 0.08 running on 192.168.2.221:8123
# Game ID: 27
# Board class: Saboteur.SaboteurBoard
# Timeout: 2000
# First Move Timeout: 30000
# Date: Sat Apr 11 15:56:25 EDT 2020
# Player 1: Player-0, 'RandomPlayer', running on 127.0.0.1
# Player 2: Player-1, '260729564', running on 127.0.0.1
START Player-0 RandomPlayer
START Player-1 260729564
BoardInit:Tile:1,Tile:5,Tile:8,Tile:7,Tile:13,Malus,Tile:14,Tile:7,Malus,Tile:8,Tile:7,Tile:5,Tile:9,Map,Tile:6,Tile:4,Tile:9,Tile:5,Tile:8,Tile:2,Tile:10,Tile:6,Destroy,Tile:10,Bonus,Tile:8,Bonus,Destroy,Map,Tile:6,Tile:8,Tile:10,Tile:0,Tile:7,Map,Tile:12,Tile:9,Tile:5,Tile:6,Tile:0,Tile:0-Tile:6,Bonus,Tile:11,Tile:9,Tile:3,Tile:15,Map-Destroy,Map,Tile:0,Tile:9,Bonus,Tile:7,Map-Tile:nugget,Tile:hidden1,Tile:hidden2
Map 12 3 1
Drop 2 0 0
Tile:11_flip 5 4 1
Map 12 5 0
Tile:8 4 5 1
Tile:5 4 4 0
Tile:9_flip 6 5 1
Tile:7_flip 3 5 0
Tile:6 6 6 1
Tile:7 3 4 0
Drop 1 0 1
Tile:7_flip 4 6 0
Drop 1 0 1
Destroy 5 4 0
Tile:9 6 4 1
Tile:8 5 6 0
Tile:6 7 4 1
Map 12 3 0
Tile:7 8 4 1
Tile:9_flip 5 4 0
Tile:8 2 4 1
Tile:5 1 4 0
Tile:9 8 5 1
Tile:2_flip 8 6 0
Tile:10 7 3 1
Tile:5 5 3 0
Drop 1 0 1
Tile:6 7 6 0
Drop 1 0 1
Tile:4_flip 2 5 0
Drop 1 0 1
Malus 0 0 0
Bonus 0 0 1
Destroy 7 4 0
Tile:8 2 3 1
Tile:10 5 7 0
Tile:0 3 3 1
Tile:10 1 5 0
Tile:9_flip 6 3 1
Tile:5_flip 9 5 0
Tile:6 7 4 1
Drop 2 0 0
Tile:0 9 6 1
Tile:6 10 6 0
Drop 0 0 1
Tile:0 1 3 0
Drop 3 0 1
Tile:12 4 3 0
Drop 3 0 1
Map 12 5 0
Destroy 4 5 1
Tile:7 2 2 0
Drop 0 0 1
Drop 0 0 0
Drop 0 0 1
GAMEOVER DRAW
# Game ended: Sat Apr 11 15:56:28 EDT 2020
