# Server version 0.08 running on 192.168.2.221:8123
# Game ID: 908
# Board class: Saboteur.SaboteurBoard
# Timeout: 2000
# First Move Timeout: 30000
# Date: Sat Apr 11 21:19:43 EDT 2020
# Player 1: Player-0, 'RandomPlayer', running on 127.0.0.1
# Player 2: Player-1, '260729564', running on 127.0.0.1
START Player-0 RandomPlayer
START Player-1 260729564
BoardInit:Bonus,Tile:0,Map,Tile:5,Tile:6,Bonus,Tile:10,Map,Map,Destroy,Tile:7,Destroy,Tile:9,Tile:8,Tile:15,Tile:5,Map,Tile:0,Tile:10,Bonus,Tile:3,Tile:5,Tile:6,Destroy,Tile:8,Malus,Tile:0,Tile:9,Tile:11,Tile:6,Tile:2,Tile:7,Tile:6,Tile:9,Map,Tile:9,Tile:8,Bonus,Tile:12,Tile:0,Tile:7-Tile:6,Tile:7,Tile:7,Tile:14,Tile:4,Tile:13,Map-Tile:8,Tile:8,Malus,Tile:10,Tile:5,Tile:9,Tile:1-Tile:hidden2,Tile:hidden1,Tile:nugget
Map 12 3 1
Tile:10 5 6 0
Tile:6 6 5 1
Tile:5_flip 7 5 0
Map 12 5 1
Tile:9_flip 7 4 0
Tile:6_flip 7 3 1
Tile:5_flip 5 7 0
Tile:10 5 4 1
Map 12 7 0
Tile:7 8 3 1
Drop 1 0 0
Tile:7_flip 8 4 1
Tile:0 4 7 0
Tile:9_flip 9 4 1
Tile:8 3 7 0
Tile:7_flip 9 5 1
Tile:8 3 8 0
Drop 0 0 1
Destroy 7 5 0
Tile:10 5 3 1
Tile:1 4 8 0
Drop 0 0 1
Tile:5 3 6 0
Tile:6 7 5 1
Destroy 7 3 0
Tile:8 7 3 1
Tile:5 7 2 0
Tile:0 10 5 1
Tile:9 9 3 0
Drop 0 0 1
Destroy 7 3 0
Drop 1 0 1
Tile:6_flip 10 3 0
Tile:6_flip 5 8 1
Tile:9 6 4 0
Drop 1 0 1
Tile:7 11 5 0
Tile:8 7 3 1
Tile:9_flip 11 6 0
Drop 1 0 1
Malus 0 0 0
Bonus 0 0 1
Tile:0 10 6 0
Tile:7_flip 11 7 1
GAMEOVER WINNER 1
# Game ended: Sat Apr 11 21:19:44 EDT 2020
