# Server version 0.08 running on 192.168.2.221:8123
# Game ID: 1200
# Board class: Saboteur.SaboteurBoard
# Timeout: 2000
# First Move Timeout: 30000
# Date: Sat Apr 11 21:38:21 EDT 2020
# Player 1: Player-0, 'RandomPlayer', running on 127.0.0.1
# Player 2: Player-1, '260729564', running on 127.0.0.1
START Player-0 RandomPlayer
START Player-1 260729564
BoardInit:Bonus,Tile:12,Destroy,Tile:10,Map,Map,Malus,Destroy,Tile:7,Tile:3,Tile:13,Tile:5,Tile:0,Destroy,Tile:9,Tile:11,Tile:6,Tile:9,Tile:10,Tile:2,Tile:0,Tile:7,Tile:8,Bonus,Tile:6,Map,Tile:10,Tile:0,Tile:9,Tile:8,Tile:5,Tile:8,Tile:8,Tile:6,Tile:0,Bonus,Tile:5,Map,Tile:9,Tile:6,Bonus-Tile:6,Tile:7,Map,Tile:7,Tile:15,Malus,Tile:9-Tile:8,Tile:14,Tile:1,Tile:4,Tile:5,Tile:7,Map-Tile:hidden1,Tile:nugget,Tile:hidden2
Map 12 3 1
Tile:4 5 4 0
Malus 0 0 1
Map 12 3 0
Tile:9_flip 6 5 1
Drop 4 0 0
Map 12 5 1
Map 12 5 0
Malus 0 0 1
Drop 0 0 0
Tile:6 6 6 1
Drop 1 0 0
Tile:7 7 6 1
Drop 6 0 0
Tile:7_flip 7 7 1
Drop 3 0 0
Tile:9_flip 8 7 1
Drop 1 0 0
Tile:6 8 8 1
Destroy 7 6 0
Tile:10 6 4 1
Destroy 6 5 0
Tile:7_flip 5 6 1
Drop 0 0 0
Tile:8 7 6 1
Drop 5 0 0
Tile:0 9 8 1
Map 12 5 0
Tile:0 10 8 1
Drop 6 0 0
Tile:9_flip 11 8 1
Drop 1 0 0
Tile:5 11 7 1
Drop 4 0 0
Tile:10 12 6 1
GAMEOVER WINNER 1
# Game ended: Sat Apr 11 21:38:22 EDT 2020
