# Server version 0.08 running on 192.168.2.221:8123
# Game ID: 560
# Board class: Saboteur.SaboteurBoard
# Timeout: 2000
# First Move Timeout: 30000
# Date: Sat Apr 11 20:44:14 EDT 2020
# Player 1: Player-0, 'RandomPlayer', running on 127.0.0.1
# Player 2: Player-1, '260729564', running on 127.0.0.1
START Player-0 RandomPlayer
START Player-1 260729564
BoardInit:Tile:11,Tile:7,Map,Malus,Tile:4,Tile:10,Bonus,Destroy,Tile:5,Map,Destroy,Tile:6,Tile:7,Bonus,Tile:0,Tile:0,Tile:8,Tile:9,Tile:7,Tile:1,Map,Map,Bonus,Tile:14,Tile:8,Tile:6,Tile:5,Tile:5,Map,Tile:9,Tile:8,Tile:7,Tile:6,Tile:5,Tile:8,Map,Tile:7,Tile:0,Bonus,Tile:10,Tile:15-Tile:12,Tile:9,Tile:0,Tile:13,Tile:8,Destroy,Tile:6-Tile:2,Malus,Tile:9,Tile:3,Tile:6,Tile:9,Tile:10-Tile:nugget,Tile:hidden2,Tile:hidden1
Tile:8 6 5 1
Tile:9 5 6 0
Tile:0 7 5 1
Tile:6 4 5 0
Map 12 3 1
Tile:2_flip 5 7 0
Tile:6 8 5 1
Tile:7_flip 3 5 0
Tile:9 8 4 1
Tile:3 9 4 0
Tile:5 8 3 1
Tile:10 4 4 0
Drop 0 0 1
Destroy 9 4 0
Tile:7 9 4 1
Map 12 7 0
Tile:0 9 3 1
Tile:10 3 4 0
Tile:8 10 3 1
Tile:9 4 7 0
Tile:7 11 3 1
Tile:6_flip 4 3 0
Destroy 11 3 1
Tile:9_flip 9 5 0
Drop 0 0 1
Drop 4 0 0
Tile:8 11 3 1
GAMEOVER WINNER 1
# Game ended: Sat Apr 11 20:44:15 EDT 2020
