# Server version 0.08 running on 192.168.2.221:8123
# Game ID: 273
# Board class: Saboteur.SaboteurBoard
# Timeout: 2000
# First Move Timeout: 30000
# Date: Sat Apr 11 20:15:45 EDT 2020
# Player 1: Player-0, '260729564', running on 127.0.0.1
# Player 2: Player-1, 'RandomPlayer', running on 127.0.0.1
START Player-0 260729564
START Player-1 RandomPlayer
BoardInit:Tile:6,Destroy,Tile:7,Tile:8,Tile:7,Tile:5,Tile:11,Tile:0,Tile:9,Tile:0,Tile:6,Tile:1,Tile:9,Destroy,Tile:15,Tile:10,Tile:5,Bonus,Tile:8,Tile:9,Tile:7,Destroy,Tile:10,Tile:9,Tile:7,Map,Tile:0,Bonus,Tile:6,Map,Malus,Tile:5,Map,Tile:12,Bonus,Tile:8,Tile:5,Tile:6,Tile:10,Tile:2,Tile:6-Tile:0,Map,Tile:9,Tile:14,Tile:4,Tile:7,Tile:13-Tile:3,Map,Map,Bonus,Tile:8,Tile:8,Malus-Tile:hidden2,Tile:hidden1,Tile:nugget
Tile:7_flip 5 6 1
Map 12 3 0
Tile:13 4 5 1
Map 12 5 0
Tile:9 3 5 1
Malus 0 0 0
Map 12 5 1
Tile:8 6 6 0
Drop 1 0 1
Tile:8 7 6 0
Drop 4 0 1
Tile:8 8 6 0
Drop 0 0 1
Tile:0 9 6 0
Drop 0 0 1
Tile:0 10 6 0
Drop 5 0 1
Tile:5_flip 11 6 0
Drop 3 0 1
Tile:10 8 7 0
Drop 2 0 1
Tile:9_flip 8 8 0
Drop 0 0 1
Drop 0 0 0
Drop 2 0 1
Tile:9_flip 7 7 0
Drop 0 0 1
Drop 2 0 0
Drop 5 0 1
Drop 3 0 0
Drop 0 0 1
Drop 4 0 0
Drop 4 0 1
Tile:5 11 5 0
Drop 3 0 1
Destroy 11 5 0
Bonus 0 0 1
Tile:8 11 5 0
Tile:6_flip 13 5 1
Tile:6_flip 12 4 0
Tile:8 6 7 1
Destroy 12 4 0
Tile:10 3 6 1
Drop 2 0 0
Tile:6 3 7 1
Drop 2 0 0
Tile:7 8 5 1
Drop 2 0 0
Tile:5_flip 13 6 1
Drop 2 0 0
Map 12 7 1
Destroy 8 6 0
Tile:5_flip 8 9 1
Drop 0 0 0
Malus 0 0 1
GAMEOVER DRAW
# Game ended: Sat Apr 11 20:15:45 EDT 2020
