# Server version 0.08 running on 192.168.2.221:8123
# Game ID: 316
# Board class: Saboteur.SaboteurBoard
# Timeout: 2000
# First Move Timeout: 30000
# Date: Sat Apr 11 20:18:20 EDT 2020
# Player 1: Player-0, 'RandomPlayer', running on 127.0.0.1
# Player 2: Player-1, '260729564', running on 127.0.0.1
START Player-0 RandomPlayer
START Player-1 260729564
BoardInit:Tile:8,Tile:0,Tile:5,Tile:10,Tile:8,Malus,Tile:5,Tile:6,Tile:5,Tile:9,Map,Tile:10,Tile:15,Tile:0,Tile:3,Tile:0,Tile:4,Tile:8,Tile:9,Tile:2,Map,Tile:8,Map,Destroy,Bonus,Bonus,Bonus,Tile:6,Tile:7,Malus,Destroy,Tile:6,Tile:6,Tile:8,Tile:0,Map,Map,Bonus,Map,Destroy,Tile:7-Tile:9,Tile:7,Tile:14,Tile:6,Tile:13,Tile:11,Tile:7-Tile:7,Tile:9,Tile:12,Tile:1,Tile:10,Tile:5,Tile:9-Tile:nugget,Tile:hidden2,Tile:hidden1
Tile:6 6 5 1
Tile:5 5 4 0
Tile:8 7 5 1
Tile:7 6 4 0
Tile:9_flip 8 5 1
Tile:10 8 4 0
Tile:8 8 6 1
Tile:9_flip 8 3 0
Tile:5_flip 9 6 1
Tile:10 7 4 0
Tile:5 9 5 1
Tile:6_flip 4 5 0
Map 12 3 1
Tile:9 7 6 0
Tile:7 10 5 1
Drop 3 0 0
Tile:7_flip 10 6 1
Tile:9 5 6 0
Tile:5_flip 11 6 1
Tile:10 7 7 0
Tile:9_flip 8 2 1
Tile:1 7 2 0
Drop 0 0 1
Tile:0 6 2 0
Drop 0 0 1
Destroy 4 5 0
Drop 0 0 1
Tile:2 7 3 0
Drop 0 0 1
Tile:8 5 7 0
Tile:7 6 6 1
Drop 3 0 0
Drop 0 0 1
Tile:6_flip 8 1 0
Tile:6_flip 9 1 1
Drop 5 0 0
Tile:0 10 1 1
Tile:0 7 1 0
Drop 0 0 1
Tile:12_flip 6 3 0
Drop 0 0 1
Drop 4 0 0
Drop 3 0 1
Destroy 6 4 0
Tile:7 11 1 1
Tile:8 5 2 0
Drop 0 0 1
Tile:0 4 7 0
Drop 1 0 1
Malus 0 0 0
Bonus 0 0 1
Drop 0 0 0
Drop 0 0 1
Drop 0 0 0
Drop 0 0 1
GAMEOVER DRAW
# Game ended: Sat Apr 11 20:18:24 EDT 2020
