# Server version 0.08 running on 192.168.2.221:8123
# Game ID: 187
# Board class: Saboteur.SaboteurBoard
# Timeout: 2000
# First Move Timeout: 30000
# Date: Sat Apr 11 20:06:53 EDT 2020
# Player 1: Player-0, '260729564', running on 127.0.0.1
# Player 2: Player-1, 'RandomPlayer', running on 127.0.0.1
START Player-0 260729564
START Player-1 RandomPlayer
BoardInit:Tile:15,Bonus,Tile:1,Tile:5,Map,Map,Destroy,Tile:4,Malus,Tile:10,Tile:8,Destroy,Tile:13,Tile:11,Bonus,Tile:6,Tile:0,Tile:8,Map,Tile:7,Tile:7,Tile:6,Tile:7,Tile:8,Tile:3,Bonus,Tile:2,Tile:6,Tile:12,Tile:9,Tile:9,Tile:0,Tile:8,Tile:6,Map,Bonus,Tile:0,Tile:7,Destroy,Tile:10,Tile:6-Tile:9,Tile:5,Map,Tile:5,Tile:9,Tile:10,Tile:7-Tile:5,Malus,Tile:9,Tile:8,Tile:14,Map,Tile:0-Tile:hidden2,Tile:nugget,Tile:hidden1
Tile:5_flip 6 5 1
Map 12 3 0
Tile:9_flip 5 4 1
Malus 0 0 0
Drop 2 0 1
Tile:8 5 6 0
Drop 1 0 1
Map 12 5 0
Drop 3 0 1
Tile:0 6 6 0
Destroy 5 4 1
Tile:9_flip 7 6 0
Drop 0 0 1
Tile:10 7 5 0
Map 12 7 1
Tile:5 7 4 0
Drop 6 0 1
Tile:6 8 4 0
Drop 3 0 1
Tile:8 9 4 0
Map 12 7 1
Tile:5_flip 10 4 0
Drop 0 0 1
Tile:6_flip 10 3 0
Drop 2 0 1
Tile:8 11 3 0
Drop 0 0 1
Tile:7_flip 12 4 0
Drop 5 0 1
Tile:6_flip 13 4 0
Drop 0 0 1
Tile:9_flip 6 4 0
Drop 6 0 1
Tile:0 13 3 0
Drop 3 0 1
Tile:6_flip 12 2 0
Drop 3 0 1
Destroy 12 4 0
Map 12 5 1
Tile:7_flip 12 4 0
Drop 6 0 1
Tile:10 13 5 0
Drop 0 0 1
Drop 0 0 0
Drop 4 0 1
Drop 1 0 0
Drop 2 0 1
Drop 1 0 0
Drop 0 0 1
Drop 1 0 0
Drop 0 0 1
Drop 1 0 0
Drop 1 0 1
Drop 0 0 0
Drop 0 0 1
GAMEOVER DRAW
# Game ended: Sat Apr 11 20:06:56 EDT 2020
