# Server version 0.08 running on 192.168.2.221:8123
# Game ID: 289
# Board class: Saboteur.SaboteurBoard
# Timeout: 2000
# First Move Timeout: 30000
# Date: Sat Apr 11 20:16:33 EDT 2020
# Player 1: Player-0, '260729564', running on 127.0.0.1
# Player 2: Player-1, 'RandomPlayer', running on 127.0.0.1
START Player-0 260729564
START Player-1 RandomPlayer
BoardInit:Tile:10,Tile:13,Tile:10,Malus,Bonus,Tile:8,Tile:9,Tile:4,Tile:5,Tile:7,Tile:6,Tile:9,Map,Destroy,Tile:9,Tile:0,Tile:0,Tile:7,Tile:8,Bonus,Tile:6,Tile:8,Tile:12,Tile:3,Map,Tile:7,Tile:6,Tile:10,Tile:15,Tile:6,Map,Map,Tile:5,Tile:14,Bonus,Tile:5,Malus,Tile:11,Tile:6,Tile:5,Map-Tile:7,Destroy,Tile:1,Tile:8,Tile:8,Tile:0,Destroy-Tile:9,Map,Tile:2,Tile:0,Tile:7,Bonus,Tile:9-Tile:hidden2,Tile:nugget,Tile:hidden1
Tile:8 5 6 1
Map 12 3 0
Tile:0 6 5 1
Tile:0 7 5 0
Tile:8 8 5 1
Malus 0 0 0
Drop 0 0 1
Tile:8 9 5 0
Drop 0 0 1
Tile:9_flip 10 5 0
Destroy 9 5 1
Tile:9 8 4 0
Bonus 0 0 1
Tile:9_flip 9 4 0
Tile:9 5 4 1
Tile:7_flip 8 6 0
Tile:5_flip 10 6 1
Tile:0 9 6 0
Tile:9 4 6 1
Tile:7 6 6 0
Tile:8 6 7 1
Tile:7 7 7 0
Drop 5 0 1
Tile:8 9 3 0
Drop 4 0 1
Drop 0 0 0
Tile:12 6 4 1
Tile:7 10 3 0
Tile:6_flip 8 3 1
Tile:10 10 4 0
Tile:1 7 3 1
Tile:6 9 5 0
Tile:6 7 8 1
Map 12 5 0
Drop 0 0 1
Drop 1 0 0
Drop 6 0 1
Tile:5 9 2 0
Tile:6_flip 8 8 1
Drop 1 0 0
Tile:6 6 3 1
Tile:5_flip 10 2 0
Drop 0 0 1
Drop 2 0 0
Tile:5 10 1 1
Drop 2 0 0
Tile:15 6 2 1
Drop 2 0 0
Map 12 7 1
Drop 2 0 0
Map 12 7 1
Destroy 9 4 0
Map 12 7 1
Drop 0 0 0
Malus 0 0 1
GAMEOVER DRAW
# Game ended: Sat Apr 11 20:16:34 EDT 2020
