# Server version 0.08 running on 192.168.2.221:8123
# Game ID: 930
# Board class: Saboteur.SaboteurBoard
# Timeout: 2000
# First Move Timeout: 30000
# Date: Sat Apr 11 21:20:48 EDT 2020
# Player 1: Player-0, 'RandomPlayer', running on 127.0.0.1
# Player 2: Player-1, '260729564', running on 127.0.0.1
START Player-0 RandomPlayer
START Player-1 260729564
BoardInit:Tile:12,Tile:6,Tile:7,Tile:10,Tile:11,Malus,Destroy,Tile:7,Tile:8,Tile:5,Bonus,Tile:9,Tile:4,Tile:0,Tile:1,Tile:5,Tile:13,Tile:14,Tile:3,Map,Map,Tile:0,Malus,Tile:8,Bonus,Tile:0,Tile:8,Tile:9,Tile:15,Tile:7,Tile:9,Tile:5,Map,Tile:6,Tile:6,Tile:10,Map,Tile:8,Tile:10,Tile:9,Tile:7-Tile:7,Tile:8,Bonus,Tile:6,Tile:2,Tile:0,Map-Destroy,Map,Destroy,Tile:6,Tile:9,Tile:5,Bonus-Tile:nugget,Tile:hidden2,Tile:hidden1
Map 12 3 1
Map 12 7 0
Tile:8 5 4 1
Destroy 5 4 0
Tile:6 6 5 1
Tile:9_flip 7 5 0
Tile:7_flip 7 6 1
Malus 0 0 0
Bonus 0 0 1
Tile:7 5 4 0
Tile:8 7 4 1
Drop 3 0 0
Tile:0 8 4 1
Destroy 7 5 0
Tile:7_flip 5 6 1
Tile:9_flip 7 3 0
Drop 0 0 1
Tile:6 4 4 0
Drop 0 0 1
Tile:5_flip 9 4 0
Drop 0 0 1
Tile:14_flip 4 5 0
Drop 2 0 1
Drop 1 0 0
Malus 0 0 1
Drop 4 0 0
Drop 2 0 1
Drop 0 0 0
Tile:8 7 5 1
Drop 5 0 0
Drop 2 0 1
Drop 0 0 0
Tile:9 9 3 1
Drop 6 0 0
Drop 2 0 1
Drop 3 0 0
Tile:6 10 3 1
Drop 3 0 0
Drop 2 0 1
Drop 6 0 0
Tile:10 10 2 1
Drop 2 0 0
Tile:7 11 3 1
Drop 1 0 0
Destroy 11 3 1
Drop 3 0 0
Drop 1 0 1
Drop 0 0 0
Drop 1 0 1
Drop 2 0 0
Drop 1 0 1
Drop 0 0 0
Drop 1 0 1
Drop 0 0 0
Drop 0 0 1
GAMEOVER DRAW
# Game ended: Sat Apr 11 21:20:48 EDT 2020
