# Server version 0.08 running on 192.168.2.221:8123
# Game ID: 1028
# Board class: Saboteur.SaboteurBoard
# Timeout: 2000
# First Move Timeout: 30000
# Date: Sat Apr 11 21:29:05 EDT 2020
# Player 1: Player-0, 'RandomPlayer', running on 127.0.0.1
# Player 2: Player-1, '260729564', running on 127.0.0.1
START Player-0 RandomPlayer
START Player-1 260729564
BoardInit:Destroy,Tile:6,Tile:0,Tile:13,Tile:0,Tile:11,Tile:4,Tile:6,Destroy,Map,Bonus,Tile:15,Tile:9,Tile:0,Bonus,Tile:5,Map,Tile:10,Tile:2,Tile:5,Tile:9,Tile:7,Tile:7,Bonus,Tile:9,Tile:0,Tile:8,Tile:9,Tile:6,Tile:3,Map,Tile:8,Map,Tile:6,Tile:14,Tile:8,Tile:7,Map,Tile:5,Tile:7,Tile:5-Tile:8,Bonus,Malus,Tile:8,Map,Tile:1,Malus-Tile:10,Tile:9,Tile:7,Destroy,Tile:10,Tile:12,Tile:6-Tile:nugget,Tile:hidden1,Tile:hidden2
Map 12 3 1
Tile:10 5 6 0
Malus 0 0 1
Drop 1 0 0
Malus 0 0 1
Drop 4 0 0
Tile:8 5 4 1
Drop 5 0 0
Tile:8 6 4 1
Destroy 5 6 0
Tile:0 7 4 1
Drop 1 0 0
Tile:0 8 4 1
Drop 4 0 0
Tile:9_flip 9 4 1
Map 12 7 0
Drop 1 0 1
Drop 5 0 0
Drop 2 0 1
Drop 3 0 0
Drop 3 0 1
Drop 2 0 0
Tile:9 9 3 1
Drop 0 0 0
Tile:7 10 3 1
Drop 5 0 0
Tile:9 10 4 1
Drop 0 0 0
Tile:8 11 4 1
Drop 6 0 0
Tile:6 12 4 1
GAMEOVER WINNER 1
# Game ended: Sat Apr 11 21:29:05 EDT 2020
