# Server version 0.08 running on 192.168.2.221:8123
# Game ID: 945
# Board class: Saboteur.SaboteurBoard
# Timeout: 2000
# First Move Timeout: 30000
# Date: Sat Apr 11 21:21:39 EDT 2020
# Player 1: Player-0, '260729564', running on 127.0.0.1
# Player 2: Player-1, 'RandomPlayer', running on 127.0.0.1
START Player-0 260729564
START Player-1 RandomPlayer
BoardInit:Destroy,Tile:10,Tile:6,Tile:0,Tile:6,Tile:7,Map,Tile:7,Malus,Map,Tile:4,Destroy,Tile:11,Tile:2,Tile:3,Destroy,Bonus,Map,Tile:9,Tile:13,Tile:9,Tile:6,Tile:7,Tile:7,Tile:0,Tile:0,Tile:5,Tile:7,Tile:5,Tile:8,Tile:12,Map,Tile:5,Map,Tile:10,Tile:10,Tile:14,Bonus,Tile:9,Map,Bonus-Tile:6,Tile:9,Tile:6,Tile:8,Tile:15,Tile:8,Tile:1-Tile:9,Bonus,Tile:0,Malus,Tile:8,Tile:5,Tile:8-Tile:hidden1,Tile:nugget,Tile:hidden2
Tile:9_flip 5 4 1
Malus 0 0 0
Drop 1 0 1
Tile:8 6 5 0
Drop 0 0 1
Tile:8 7 5 0
Destroy 6 5 1
Tile:0 6 5 0
Map 12 5 1
Tile:0 8 5 0
Malus 0 0 1
Bonus 0 0 0
Drop 0 0 1
Map 12 3 0
Drop 0 0 1
Tile:9_flip 9 5 0
Drop 5 0 1
Tile:10 9 4 0
Drop 3 0 1
Map 12 5 0
Drop 2 0 1
Tile:7_flip 9 6 0
Drop 3 0 1
Tile:6 10 6 0
Drop 5 0 1
Tile:5_flip 11 6 0
Drop 0 0 1
Tile:7_flip 7 6 0
Drop 6 0 1
Tile:7 8 6 0
Drop 1 0 1
Tile:8 11 5 0
GAMEOVER WINNER 0
# Game ended: Sat Apr 11 21:21:39 EDT 2020
