# Server version 0.08 running on 192.168.2.221:8123
# Game ID: 420
# Board class: Saboteur.SaboteurBoard
# Timeout: 2000
# First Move Timeout: 30000
# Date: Sat Apr 11 20:35:02 EDT 2020
# Player 1: Player-0, 'RandomPlayer', running on 127.0.0.1
# Player 2: Player-1, '260729564', running on 127.0.0.1
START Player-0 RandomPlayer
START Player-1 260729564
BoardInit:Tile:8,Tile:13,Malus,Tile:7,Tile:0,Tile:5,Destroy,Tile:8,Tile:2,Tile:9,Map,Bonus,Tile:8,Tile:7,Bonus,Bonus,Tile:7,Map,Tile:0,Tile:10,Tile:5,Tile:5,Tile:6,Tile:5,Tile:6,Tile:7,Map,Tile:6,Tile:0,Tile:7,Map,Map,Tile:11,Tile:0,Tile:8,Tile:3,Tile:6,Tile:14,Tile:9,Tile:9,Malus-Tile:10,Bonus,Tile:4,Map,Tile:9,Destroy,Tile:15-Tile:9,Tile:12,Destroy,Tile:6,Tile:1,Tile:8,Tile:10-Tile:nugget,Tile:hidden1,Tile:hidden2
Map 12 3 1
Tile:9 5 6 0
Tile:8 5 4 1
Tile:6 5 7 0
Malus 0 0 1
Drop 2 0 0
Tile:0 6 4 1
Drop 2 0 0
Tile:9_flip 7 4 1
Drop 6 0 0
Tile:10 7 3 1
Drop 3 0 0
Drop 1 0 1
Drop 0 0 0
Tile:8 7 2 1
Bonus 0 0 0
Drop 2 0 1
Tile:7 8 2 0
Tile:7_flip 8 3 1
Destroy 5 6 0
Tile:0 9 3 1
Tile:7 5 3 0
Tile:5_flip 10 3 1
Tile:10 5 6 0
Tile:6_flip 10 2 1
Tile:9_flip 7 1 0
Tile:6_flip 11 2 1
Tile:7_flip 11 3 0
GAMEOVER WINNER 0
# Game ended: Sat Apr 11 20:35:02 EDT 2020
