# Server version 0.08 running on 192.168.2.221:8123
# Game ID: 123
# Board class: Saboteur.SaboteurBoard
# Timeout: 2000
# First Move Timeout: 30000
# Date: Sat Apr 11 16:20:09 EDT 2020
# Player 1: Player-0, '260729564', running on 127.0.0.1
# Player 2: Player-1, 'RandomPlayer', running on 127.0.0.1
START Player-0 260729564
START Player-1 RandomPlayer
BoardInit:Tile:6,Malus,Tile:7,Tile:8,Tile:2,Tile:11,Destroy,Tile:14,Map,Destroy,Tile:5,Map,Tile:10,Tile:6,Destroy,Tile:5,Bonus,Map,Tile:6,Bonus,Tile:9,Tile:10,Tile:0,Bonus,Map,Tile:9,Tile:7,Map,Tile:0,Tile:8,Tile:8,Tile:6,Malus,Tile:10,Tile:3,Tile:12,Tile:9,Tile:0,Tile:9,Tile:4,Bonus-Tile:8,Tile:1,Tile:0,Tile:15,Tile:13,Tile:7,Map-Tile:5,Tile:5,Tile:6,Tile:8,Tile:7,Tile:9,Tile:7-Tile:hidden2,Tile:nugget,Tile:hidden1
Drop 3 0 1
Tile:8 6 5 0
Tile:13 5 4 1
Malus 0 0 0
Drop 2 0 1
Tile:8 7 5 0
Map 12 5 1
Tile:9_flip 8 5 0
Destroy 7 5 1
Tile:6 7 5 0
Drop 1 0 1
Tile:5 8 4 0
Drop 4 0 1
Map 12 3 0
Map 12 7 1
Tile:6 9 4 0
Drop 0 0 1
Tile:5_flip 10 4 0
Destroy 6 5 1
Map 12 5 0
Drop 2 0 1
Tile:7_flip 5 6 0
Drop 3 0 1
Tile:5_flip 6 6 0
Drop 5 0 1
Drop 1 0 0
Map 12 5 1
Drop 1 0 0
Drop 6 0 1
Drop 4 0 0
Drop 1 0 1
Tile:8 6 5 0
Drop 4 0 1
Tile:6 8 6 0
Drop 4 0 1
Tile:9_flip 9 6 0
Drop 3 0 1
Tile:10 7 4 0
Bonus 0 0 1
Tile:10 10 3 0
Tile:9 9 7 1
Tile:0 10 7 0
Tile:9 9 8 1
Tile:7 11 7 0
Drop 4 0 1
Destroy 11 7 0
Malus 0 0 1
Bonus 0 0 0
Tile:5 10 2 1
Drop 0 0 0
Tile:7 5 3 1
Drop 0 0 0
Tile:8 11 2 1
Drop 0 0 0
Drop 0 0 1
GAMEOVER DRAW
# Game ended: Sat Apr 11 16:20:10 EDT 2020
