# Server version 0.08 running on 192.168.2.221:8123
# Game ID: 762
# Board class: Saboteur.SaboteurBoard
# Timeout: 2000
# First Move Timeout: 30000
# Date: Sat Apr 11 21:09:37 EDT 2020
# Player 1: Player-0, 'RandomPlayer', running on 127.0.0.1
# Player 2: Player-1, '260729564', running on 127.0.0.1
START Player-0 RandomPlayer
START Player-1 260729564
BoardInit:Tile:4,Tile:7,Tile:6,Tile:8,Tile:6,Tile:6,Map,Tile:8,Map,Bonus,Tile:6,Tile:7,Tile:5,Tile:1,Destroy,Bonus,Destroy,Tile:13,Tile:9,Tile:9,Tile:8,Map,Tile:15,Tile:9,Tile:2,Tile:7,Tile:9,Bonus,Map,Tile:11,Tile:12,Tile:0,Tile:14,Tile:7,Tile:0,Tile:8,Malus,Tile:6,Tile:5,Malus,Tile:5-Tile:10,Tile:0,Tile:3,Tile:8,Map,Tile:10,Map-Destroy,Bonus,Tile:7,Tile:0,Tile:10,Tile:5,Tile:9-Tile:hidden1,Tile:nugget,Tile:hidden2
Map 12 3 1
Drop 2 0 0
Map 12 5 1
Tile:5 4 5 0
Tile:8 6 5 1
Tile:9_flip 5 6 0
Tile:0 7 5 1
Drop 4 0 0
Tile:6 8 5 1
Tile:8 5 4 0
Tile:6 9 5 1
Tile:6 4 4 0
Tile:6 10 5 1
Tile:8 11 5 0
GAMEOVER WINNER 0
# Game ended: Sat Apr 11 21:09:37 EDT 2020
