# Server version 0.08 running on 192.168.2.221:8123
# Game ID: 423
# Board class: Saboteur.SaboteurBoard
# Timeout: 2000
# First Move Timeout: 30000
# Date: Sat Apr 11 20:35:15 EDT 2020
# Player 1: Player-0, '260729564', running on 127.0.0.1
# Player 2: Player-1, 'RandomPlayer', running on 127.0.0.1
START Player-0 260729564
START Player-1 RandomPlayer
BoardInit:Tile:5,Map,Tile:8,Tile:5,Tile:0,Malus,Tile:2,Map,Tile:9,Tile:0,Tile:8,Map,Tile:5,Bonus,Bonus,Tile:7,Tile:1,Tile:6,Tile:14,Tile:9,Tile:6,Tile:10,Tile:8,Tile:9,Destroy,Bonus,Map,Destroy,Tile:0,Map,Bonus,Map,Tile:7,Tile:6,Destroy,Tile:13,Tile:6,Tile:9,Malus,Tile:4,Tile:5-Tile:7,Tile:10,Tile:8,Tile:6,Tile:12,Tile:7,Tile:0-Tile:9,Tile:7,Tile:15,Tile:10,Tile:8,Tile:3,Tile:11-Tile:hidden2,Tile:nugget,Tile:hidden1
Tile:7_flip 5 6 1
Tile:8 6 6 0
Tile:6 7 6 1
Map 12 3 0
Drop 2 0 1
Tile:9_flip 8 6 0
Tile:7 8 5 1
Malus 0 0 0
Drop 1 0 1
Map 12 5 0
Drop 4 0 1
Tile:10 8 7 0
Drop 0 0 1
Tile:7_flip 8 8 0
Drop 0 0 1
Tile:0 9 8 0
Drop 1 0 1
Tile:5_flip 10 8 0
Drop 3 0 1
Tile:6_flip 10 7 0
Drop 2 0 1
Tile:7 11 7 0
Drop 3 0 1
Tile:9_flip 5 4 0
Drop 2 0 1
Tile:9_flip 6 5 0
Drop 3 0 1
Tile:10 11 8 0
Destroy 8 7 1
Destroy 11 7 0
Map 12 3 1
Drop 0 0 0
Drop 4 0 1
Drop 0 0 0
Drop 0 0 1
Tile:6 6 7 0
Drop 3 0 1
Drop 0 0 0
Destroy 7 6 1
Tile:9 7 5 0
Drop 4 0 1
Drop 0 0 0
Malus 0 0 1
Bonus 0 0 0
Drop 4 0 1
Drop 1 0 0
Drop 3 0 1
Drop 1 0 0
Drop 0 0 1
Drop 1 0 0
Drop 0 0 1
Drop 1 0 0
Drop 1 0 1
Drop 0 0 0
Drop 0 0 1
GAMEOVER DRAW
# Game ended: Sat Apr 11 20:35:15 EDT 2020
