# Server version 0.08 running on 192.168.2.221:8123
# Game ID: 232
# Board class: Saboteur.SaboteurBoard
# Timeout: 2000
# First Move Timeout: 30000
# Date: Sat Apr 11 20:11:04 EDT 2020
# Player 1: Player-0, 'RandomPlayer', running on 127.0.0.1
# Player 2: Player-1, '260729564', running on 127.0.0.1
START Player-0 RandomPlayer
START Player-1 260729564
BoardInit:Destroy,Tile:7,Malus,Tile:0,Bonus,Map,Tile:7,Tile:1,Tile:12,Tile:9,Map,Tile:9,Tile:0,Tile:8,Tile:8,Tile:8,Tile:5,Tile:7,Tile:6,Tile:6,Bonus,Malus,Tile:14,Tile:15,Map,Map,Tile:9,Tile:10,Tile:6,Bonus,Bonus,Tile:8,Tile:11,Tile:7,Destroy,Tile:6,Tile:10,Tile:5,Tile:3,Tile:5,Tile:0-Tile:7,Tile:6,Tile:4,Tile:8,Tile:0,Tile:2,Tile:13-Destroy,Tile:9,Map,Map,Tile:9,Tile:5,Tile:10-Tile:hidden2,Tile:hidden1,Tile:nugget
Tile:8 6 5 1
Tile:9_flip 6 4 0
Tile:6 7 5 1
Tile:9 4 5 0
Malus 0 0 1
Destroy 6 5 0
Tile:7_flip 5 6 1
Drop 0 0 0
Tile:0 6 6 1
Drop 1 0 0
Tile:7 7 6 1
Drop 3 0 0
Map 12 3 1
Drop 5 0 0
Drop 0 0 1
Drop 2 0 0
Tile:8 7 7 1
Drop 0 0 0
Tile:5_flip 8 7 1
Drop 3 0 0
Tile:6 7 8 1
Map 12 7 0
Tile:0 8 8 1
Drop 3 0 0
Drop 0 0 1
Drop 5 0 0
Map 12 5 1
Drop 3 0 0
Tile:9_flip 9 8 1
Drop 4 0 0
Tile:6 9 9 1
Drop 3 0 0
Drop 0 0 1
Bonus 0 0 0
Drop 2 0 1
Map 12 3 0
Drop 2 0 1
Tile:1 10 9 0
Tile:10 9 7 1
Tile:8 5 4 0
Drop 2 0 1
Tile:5 7 4 0
Tile:0 8 9 1
Tile:6_flip 8 4 0
Drop 2 0 1
Tile:5_flip 8 5 0
Drop 2 0 1
Tile:10 5 3 0
Drop 3 0 1
Tile:10 6 3 0
Destroy 6 3 1
Drop 0 0 0
Drop 0 0 1
Tile:7 11 9 0
Destroy 8 7 1
GAMEOVER DRAW
# Game ended: Sat Apr 11 20:11:04 EDT 2020
