# Server version 0.08 running on 192.168.2.221:8123
# Game ID: 766
# Board class: Saboteur.SaboteurBoard
# Timeout: 2000
# First Move Timeout: 30000
# Date: Sat Apr 11 21:09:45 EDT 2020
# Player 1: Player-0, 'RandomPlayer', running on 127.0.0.1
# Player 2: Player-1, '260729564', running on 127.0.0.1
START Player-0 RandomPlayer
START Player-1 260729564
BoardInit:Bonus,Tile:15,Malus,Tile:10,Tile:13,Map,Tile:5,Tile:7,Destroy,Tile:10,Tile:6,Tile:0,Tile:8,Tile:8,Tile:7,Tile:7,Map,Tile:7,Tile:0,Tile:14,Tile:5,Bonus,Tile:5,Tile:9,Tile:9,Tile:11,Destroy,Tile:0,Map,Tile:12,Tile:0,Malus,Tile:4,Tile:8,Tile:5,Tile:6,Tile:9,Tile:10,Destroy,Map,Bonus-Map,Tile:8,Tile:6,Bonus,Tile:9,Tile:6,Tile:1-Map,Tile:9,Tile:6,Tile:7,Tile:8,Tile:3,Tile:2-Tile:hidden2,Tile:hidden1,Tile:nugget
Map 12 3 1
Tile:8 5 6 0
Tile:8 6 6 1
Tile:2_flip 5 7 0
Malus 0 0 1
Drop 2 0 0
Tile:9_flip 7 6 1
Drop 1 0 0
Tile:6_flip 7 5 1
Drop 1 0 0
Tile:6 8 5 1
Drop 3 0 0
Tile:6 9 5 1
Drop 5 0 0
Tile:8 10 5 1
Drop 2 0 0
Tile:5_flip 11 5 1
Drop 0 0 0
Map 12 5 1
Drop 3 0 0
Tile:7_flip 10 6 1
Map 12 7 0
Tile:5 11 4 1
Drop 3 0 0
Tile:0 12 4 1
Drop 5 0 0
Tile:9_flip 13 4 1
Drop 0 0 0
Tile:5 13 3 1
Drop 5 0 0
Destroy 11 5 1
Drop 0 0 0
Tile:0 11 6 1
Drop 4 0 0
Destroy 12 4 1
Drop 0 0 0
Tile:5_flip 12 6 1
Drop 4 0 0
Tile:9_flip 13 5 1
Drop 6 0 0
Destroy 12 6 1
Drop 4 0 0
Drop 1 0 1
Drop 4 0 0
Drop 1 0 1
Drop 3 0 0
Drop 1 0 1
Drop 2 0 0
Drop 1 0 1
Drop 1 0 0
Drop 1 0 1
Map 12 7 0
Drop 1 0 1
Drop 0 0 0
Drop 0 0 1
GAMEOVER DRAW
# Game ended: Sat Apr 11 21:09:46 EDT 2020
