# Server version 0.08 running on 192.168.2.221:8123
# Game ID: 1211
# Board class: Saboteur.SaboteurBoard
# Timeout: 2000
# First Move Timeout: 30000
# Date: Sat Apr 11 21:38:55 EDT 2020
# Player 1: Player-0, '260729564', running on 127.0.0.1
# Player 2: Player-1, 'RandomPlayer', running on 127.0.0.1
START Player-0 260729564
START Player-1 RandomPlayer
BoardInit:Tile:3,Tile:6,Map,Map,Tile:2,Tile:8,Tile:5,Tile:11,Tile:0,Destroy,Tile:10,Map,Tile:5,Bonus,Map,Tile:0,Tile:8,Tile:7,Tile:0,Tile:7,Tile:6,Tile:0,Tile:9,Tile:14,Tile:12,Malus,Tile:13,Tile:9,Tile:9,Tile:9,Tile:6,Tile:5,Bonus,Tile:10,Tile:15,Map,Tile:10,Tile:1,Map,Destroy,Tile:7-Bonus,Tile:8,Destroy,Tile:8,Tile:4,Tile:5,Malus-Tile:7,Bonus,Tile:6,Tile:7,Tile:9,Tile:6,Tile:8-Tile:hidden2,Tile:hidden1,Tile:nugget
Tile:4 5 4 1
Tile:8 6 5 0
Drop 1 0 1
Tile:9_flip 7 5 0
Drop 4 0 1
Map 12 3 0
Tile:2_flip 5 6 1
Tile:8 7 4 0
Tile:5_flip 7 6 1
Tile:6 8 4 0
Drop 0 0 1
Tile:6 9 4 0
Destroy 7 6 1
Map 12 5 0
Tile:10 7 3 1
Tile:6 10 4 0
Tile:5_flip 11 4 1
Tile:7_flip 7 6 0
Map 12 3 1
Tile:0 8 6 0
Tile:5 11 3 1
Tile:7 9 6 0
Tile:3 10 3 1
Tile:0 13 3 0
Tile:9 6 4 1
Tile:7_flip 12 4 0
Tile:8 4 5 1
Malus 0 0 0
Drop 2 0 1
Tile:9_flip 6 6 0
Drop 4 0 1
Tile:9_flip 9 7 0
Drop 6 0 1
Tile:7 13 4 0
Drop 3 0 1
Tile:10 13 5 0
Drop 2 0 1
Tile:5 12 2 0
Map 12 7 1
Destroy 11 3 0
Drop 6 0 1
Destroy 12 4 0
Drop 5 0 1
Drop 1 0 0
Drop 4 0 1
Drop 1 0 0
Drop 3 0 1
Drop 1 0 0
Drop 0 0 1
Drop 1 0 0
Drop 0 0 1
Drop 1 0 0
Drop 1 0 1
Drop 0 0 0
Drop 0 0 1
GAMEOVER DRAW
# Game ended: Sat Apr 11 21:39:00 EDT 2020
