# Server version 0.08 running on 192.168.2.221:8123
# Game ID: 1111
# Board class: Saboteur.SaboteurBoard
# Timeout: 2000
# First Move Timeout: 30000
# Date: Sat Apr 11 21:33:33 EDT 2020
# Player 1: Player-0, '260729564', running on 127.0.0.1
# Player 2: Player-1, 'RandomPlayer', running on 127.0.0.1
START Player-0 260729564
START Player-1 RandomPlayer
BoardInit:Map,Tile:7,Tile:6,Tile:14,Map,Tile:7,Bonus,Tile:10,Tile:9,Tile:0,Bonus,Tile:9,Tile:5,Tile:8,Tile:6,Tile:6,Destroy,Tile:10,Map,Bonus,Tile:8,Tile:5,Tile:1,Bonus,Malus,Tile:15,Tile:8,Malus,Tile:11,Tile:7,Tile:10,Map,Tile:9,Tile:6,Tile:3,Tile:5,Destroy,Tile:13,Tile:5,Tile:9,Tile:7-Tile:12,Tile:0,Tile:9,Map,Tile:0,Tile:8,Map-Tile:6,Tile:8,Tile:4,Tile:0,Tile:7,Tile:2,Destroy-Tile:nugget,Tile:hidden2,Tile:hidden1
Tile:12_flip 4 5 1
Tile:8 6 5 0
Map 12 3 1
Tile:6 7 5 0
Map 12 5 1
Tile:0 8 5 0
Tile:9_flip 5 6 1
Tile:7 9 5 0
Map 12 7 1
Tile:10 9 6 0
Tile:0 4 6 1
Tile:7_flip 9 7 0
Tile:6_flip 6 4 1
Tile:9_flip 10 7 0
Drop 3 0 1
Tile:8 10 8 0
Tile:5_flip 5 7 1
Tile:6 11 8 0
Drop 3 0 1
Tile:10 10 6 0
Destroy 9 6 1
Tile:7_flip 6 6 0
Tile:8 5 4 1
Tile:5 10 5 0
Tile:6_flip 12 8 1
Tile:0 7 6 0
Tile:0 8 6 1
Destroy 12 8 0
Tile:8 3 6 1
Malus 0 0 0
Map 12 3 1
Drop 0 0 0
Drop 3 0 1
Map 12 3 0
Drop 4 0 1
Tile:6_flip 7 4 0
Map 12 7 1
Tile:5_flip 8 4 0
Destroy 10 8 1
Drop 0 0 0
Drop 4 0 1
Tile:9_flip 9 6 0
Drop 5 0 1
Tile:7 11 5 0
Drop 4 0 1
Drop 0 0 0
Drop 3 0 1
Drop 1 0 0
Drop 2 0 1
Drop 1 0 0
Drop 0 0 1
Drop 1 0 0
Drop 1 0 1
Drop 0 0 0
Drop 0 0 1
GAMEOVER DRAW
# Game ended: Sat Apr 11 21:33:34 EDT 2020
