# Server version 0.08 running on 192.168.2.221:8123
# Game ID: 1245
# Board class: Saboteur.SaboteurBoard
# Timeout: 2000
# First Move Timeout: 30000
# Date: Sat Apr 11 21:41:18 EDT 2020
# Player 1: Player-0, '260729564', running on 127.0.0.1
# Player 2: Player-1, 'RandomPlayer', running on 127.0.0.1
START Player-0 260729564
START Player-1 RandomPlayer
BoardInit:Destroy,Tile:0,Tile:9,Map,Tile:9,Tile:6,Tile:2,Tile:6,Tile:8,Map,Map,Tile:6,Tile:10,Tile:5,Tile:0,Bonus,Tile:8,Tile:6,Tile:6,Tile:15,Map,Tile:8,Tile:7,Tile:7,Tile:10,Tile:9,Bonus,Tile:8,Map,Tile:12,Map,Tile:7,Tile:7,Bonus,Tile:5,Tile:7,Bonus,Destroy,Destroy,Tile:13,Tile:4-Tile:1,Tile:0,Tile:5,Tile:5,Tile:8,Tile:9,Tile:14-Malus,Tile:3,Tile:0,Tile:9,Tile:10,Malus,Tile:11-Tile:hidden2,Tile:nugget,Tile:hidden1
Tile:9_flip 5 4 1
Malus 0 0 0
Drop 1 0 1
Malus 0 0 0
Drop 4 0 1
Map 12 3 0
Drop 3 0 1
Tile:9_flip 6 5 0
Drop 0 0 1
Tile:6 6 6 0
Drop 1 0 1
Map 12 5 0
Drop 5 0 1
Tile:6 7 6 0
Destroy 5 4 1
Tile:0 8 6 0
Map 12 7 1
Tile:0 9 6 0
Drop 3 0 1
Tile:6 10 6 0
Drop 2 0 1
Tile:6 11 6 0
Map 12 7 1
Tile:5_flip 12 6 0
GAMEOVER WINNER 0
# Game ended: Sat Apr 11 21:41:18 EDT 2020
