# Server version 0.08 running on 192.168.2.221:8123
# Game ID: 1288
# Board class: Saboteur.SaboteurBoard
# Timeout: 2000
# First Move Timeout: 30000
# Date: Sat Apr 11 21:43:27 EDT 2020
# Player 1: Player-0, 'RandomPlayer', running on 127.0.0.1
# Player 2: Player-1, '260729564', running on 127.0.0.1
START Player-0 RandomPlayer
START Player-1 260729564
BoardInit:Tile:6,Tile:0,Tile:10,Tile:9,Tile:9,Tile:0,Bonus,Map,Tile:9,Tile:7,Tile:0,Tile:8,Tile:6,Map,Tile:5,Tile:15,Tile:7,Tile:8,Tile:7,Tile:9,Tile:12,Destroy,Tile:5,Tile:7,Bonus,Tile:13,Map,Tile:8,Tile:5,Destroy,Tile:4,Malus,Tile:7,Tile:6,Tile:6,Tile:10,Tile:3,Malus,Tile:11,Tile:0,Map-Tile:8,Tile:8,Destroy,Map,Tile:2,Tile:9,Tile:5-Bonus,Map,Tile:14,Tile:6,Tile:10,Bonus,Tile:1-Tile:hidden2,Tile:nugget,Tile:hidden1
Map 12 3 1
Tile:14 6 5 0
Tile:8 5 4 1
Drop 1 0 0
Tile:8 6 4 1
Tile:9 4 4 0
Tile:6 7 4 1
Tile:10 7 3 0
Tile:5_flip 8 4 1
Drop 3 0 0
Tile:9 8 3 1
Drop 2 0 0
Tile:0 9 3 1
Map 12 3 0
Tile:6 10 3 1
Tile:7 4 3 0
Tile:5_flip 11 3 1
Drop 1 0 0
Tile:9_flip 5 6 1
Drop 1 0 0
Tile:7_flip 5 7 1
Tile:8 10 2 0
Tile:7_flip 9 2 1
Map 12 3 0
Tile:5_flip 6 7 1
Tile:8 10 1 0
Tile:9_flip 11 2 1
Tile:7 7 2 0
Map 12 5 1
Tile:15 5 3 0
Tile:5 6 6 1
Tile:8 7 6 0
Tile:10 7 7 1
Destroy 7 7 0
Tile:7 8 6 1
Tile:6_flip 11 1 0
Destroy 10 2 1
Tile:9 7 7 0
Tile:6 8 7 1
Destroy 7 2 0
Drop 0 0 1
Tile:13 7 2 0
Drop 1 0 1
Tile:10 6 3 0
Drop 1 0 1
Drop 3 0 0
Drop 1 0 1
Malus 0 0 0
Bonus 0 0 1
Tile:0 3 3 0
Drop 0 0 1
Tile:0 2 3 0
Drop 0 0 1
Drop 0 0 0
Drop 0 0 1
GAMEOVER DRAW
# Game ended: Sat Apr 11 21:43:32 EDT 2020
