# Server version 0.08 running on 192.168.2.221:8123
# Game ID: 630
# Board class: Saboteur.SaboteurBoard
# Timeout: 2000
# First Move Timeout: 30000
# Date: Sat Apr 11 21:00:10 EDT 2020
# Player 1: Player-0, 'RandomPlayer', running on 127.0.0.1
# Player 2: Player-1, '260729564', running on 127.0.0.1
START Player-0 RandomPlayer
START Player-1 260729564
BoardInit:Map,Tile:0,Tile:8,Bonus,Tile:6,Tile:6,Map,Map,Bonus,Tile:7,Tile:7,Tile:6,Tile:5,Tile:9,Tile:12,Tile:0,Tile:5,Tile:8,Tile:1,Tile:7,Tile:6,Tile:9,Tile:10,Tile:9,Tile:0,Bonus,Tile:4,Map,Tile:8,Map,Malus,Destroy,Tile:6,Tile:15,Tile:8,Tile:3,Tile:7,Tile:5,Tile:10,Tile:2,Tile:9-Destroy,Destroy,Map,Tile:7,Tile:0,Tile:10,Tile:14-Tile:5,Tile:11,Tile:13,Malus,Tile:8,Bonus,Tile:9-Tile:nugget,Tile:hidden2,Tile:hidden1
Map 12 3 1
Tile:9 5 4 0
Tile:0 6 4 1
Tile:5 5 3 0
Tile:8 7 4 1
Tile:0 4 5 0
Tile:6 8 4 1
Tile:8 7 3 0
Tile:7 9 4 1
Tile:6_flip 7 2 0
Tile:10 9 5 1
Tile:7 6 5 0
Tile:7_flip 9 6 1
Tile:6 8 2 0
Tile:5_flip 9 2 1
Tile:9 3 5 0
Drop 2 0 1
Tile:0 10 6 0
Tile:5 6 2 1
Tile:11 8 1 0
Drop 2 0 1
Tile:7 8 0 0
Tile:6 11 6 1
Malus 0 0 0
Bonus 0 0 1
Tile:9 7 0 0
Tile:0 12 6 1
Tile:8 9 1 0
Tile:10 7 5 1
Tile:13 11 5 0
Tile:8 13 6 1
Tile:9_flip 3 4 0
Malus 0 0 1
Destroy 8 1 0
Tile:6_flip 13 5 1
Map 12 7 0
Tile:8 12 4 1
GAMEOVER WINNER 1
# Game ended: Sat Apr 11 21:00:14 EDT 2020
