# Server version 0.08 running on 192.168.2.221:8123
# Game ID: 1165
# Board class: Saboteur.SaboteurBoard
# Timeout: 2000
# First Move Timeout: 30000
# Date: Sat Apr 11 21:36:43 EDT 2020
# Player 1: Player-0, '260729564', running on 127.0.0.1
# Player 2: Player-1, 'RandomPlayer', running on 127.0.0.1
START Player-0 260729564
START Player-1 RandomPlayer
BoardInit:Map,Tile:8,Malus,Tile:6,Tile:7,Map,Tile:0,Tile:6,Tile:0,Tile:5,Tile:8,Tile:2,Tile:5,Tile:7,Tile:0,Tile:10,Bonus,Bonus,Tile:9,Tile:15,Map,Tile:12,Destroy,Map,Bonus,Destroy,Tile:6,Tile:6,Bonus,Tile:5,Tile:10,Destroy,Tile:13,Tile:8,Tile:8,Tile:6,Tile:9,Tile:1,Tile:3,Tile:8,Tile:9-Tile:4,Tile:10,Map,Malus,Map,Tile:14,Tile:9-Tile:11,Tile:5,Tile:7,Tile:7,Tile:9,Tile:0,Tile:7-Tile:hidden1,Tile:nugget,Tile:hidden2
Drop 3 0 1
Tile:0 6 5 0
Tile:4 5 4 1
Tile:8 7 5 0
Tile:10 7 6 1
Tile:6 8 5 0
Tile:14 7 7 1
Map 12 3 0
Map 12 5 1
Tile:6 9 5 0
Map 12 3 1
Tile:9_flip 10 5 0
Tile:8 7 4 1
Tile:5 10 4 0
Tile:0 11 4 1
Tile:7 12 4 0
GAMEOVER WINNER 0
# Game ended: Sat Apr 11 21:36:43 EDT 2020
