# Server version 0.08 running on 192.168.2.221:8123
# Game ID: 807
# Board class: Saboteur.SaboteurBoard
# Timeout: 2000
# First Move Timeout: 30000
# Date: Sat Apr 11 21:13:06 EDT 2020
# Player 1: Player-0, '260729564', running on 127.0.0.1
# Player 2: Player-1, 'RandomPlayer', running on 127.0.0.1
START Player-0 260729564
START Player-1 RandomPlayer
BoardInit:Tile:3,Tile:5,Map,Tile:6,Destroy,Tile:8,Tile:0,Tile:7,Tile:6,Tile:0,Tile:8,Tile:9,Tile:1,Tile:2,Bonus,Tile:4,Tile:15,Tile:10,Tile:9,Tile:7,Map,Tile:6,Tile:8,Tile:10,Map,Bonus,Tile:0,Tile:8,Tile:6,Tile:8,Bonus,Tile:7,Tile:9,Malus,Tile:6,Map,Map,Destroy,Tile:12,Destroy,Tile:13-Tile:10,Map,Tile:9,Tile:7,Tile:9,Tile:5,Tile:5-Bonus,Tile:0,Malus,Tile:11,Tile:5,Tile:7,Tile:14-Tile:hidden1,Tile:nugget,Tile:hidden2
Tile:9 5 6 1
Malus 0 0 0
Map 12 3 1
Tile:0 6 6 0
Drop 2 0 1
Tile:6 7 6 0
Drop 1 0 1
Tile:8 8 6 0
Map 12 5 1
Tile:5_flip 9 6 0
Destroy 5 6 1
Tile:0 6 5 0
Drop 0 0 1
Tile:9_flip 7 5 0
Drop 0 0 1
Tile:5 9 5 0
Drop 1 0 1
Tile:7 10 5 0
Drop 3 0 1
Tile:10 10 6 0
Drop 2 0 1
Tile:7_flip 10 7 0
Map 12 3 1
Tile:6 11 7 0
Drop 5 0 1
Tile:10 12 6 0
GAMEOVER WINNER 0
# Game ended: Sat Apr 11 21:13:06 EDT 2020
