# Server version 0.08 running on 192.168.2.221:8123
# Game ID: 704
# Board class: Saboteur.SaboteurBoard
# Timeout: 2000
# First Move Timeout: 30000
# Date: Sat Apr 11 21:07:04 EDT 2020
# Player 1: Player-0, 'RandomPlayer', running on 127.0.0.1
# Player 2: Player-1, '260729564', running on 127.0.0.1
START Player-0 RandomPlayer
START Player-1 260729564
BoardInit:Tile:5,Malus,Tile:3,Tile:6,Tile:7,Tile:9,Bonus,Tile:8,Tile:5,Tile:5,Tile:7,Map,Tile:6,Tile:4,Tile:15,Malus,Tile:2,Tile:10,Map,Bonus,Tile:8,Bonus,Map,Tile:0,Destroy,Tile:0,Tile:10,Tile:0,Tile:5,Map,Tile:9,Tile:6,Tile:8,Tile:8,Tile:12,Tile:0,Tile:7,Tile:7,Bonus,Tile:14,Tile:9-Tile:6,Tile:6,Tile:13,Map,Tile:1,Map,Tile:9-Tile:8,Tile:10,Destroy,Destroy,Tile:11,Tile:7,Tile:9-Tile:hidden2,Tile:nugget,Tile:hidden1
Map 12 3 1
Tile:8 5 6 0
Map 12 5 1
Tile:9 5 4 0
Tile:9_flip 6 4 1
Tile:7 5 3 0
Tile:6 6 6 1
Tile:6_flip 7 6 0
Tile:6 8 6 1
Destroy 5 6 0
Tile:5 6 3 1
Tile:9 5 6 0
Tile:7 9 6 1
Tile:8 7 3 0
Tile:6 9 7 1
Tile:11_flip 5 7 0
Tile:5_flip 10 7 1
Malus 0 0 0
Bonus 0 0 1
Tile:10 7 4 0
Tile:7 8 3 1
Destroy 5 3 0
Tile:8 8 5 1
Tile:5_flip 5 8 0
Drop 0 0 1
Tile:0 4 7 0
Drop 0 0 1
Tile:0 4 8 0
Tile:10 10 6 1
Tile:10 8 4 0
Tile:5 10 5 1
Map 12 3 0
Tile:9 7 7 1
Tile:4 5 3 0
Tile:8 11 5 1
GAMEOVER WINNER 1
# Game ended: Sat Apr 11 21:07:04 EDT 2020
