# Server version 0.08 running on 192.168.2.221:8123
# Game ID: 303
# Board class: Saboteur.SaboteurBoard
# Timeout: 2000
# First Move Timeout: 30000
# Date: Sat Apr 11 20:17:47 EDT 2020
# Player 1: Player-0, '260729564', running on 127.0.0.1
# Player 2: Player-1, 'RandomPlayer', running on 127.0.0.1
START Player-0 260729564
START Player-1 RandomPlayer
BoardInit:Tile:7,Tile:8,Map,Tile:0,Tile:9,Tile:7,Tile:12,Bonus,Tile:10,Tile:6,Tile:0,Destroy,Tile:8,Tile:0,Tile:7,Bonus,Tile:9,Malus,Tile:6,Tile:9,Tile:15,Tile:11,Tile:0,Tile:4,Tile:7,Tile:5,Destroy,Tile:5,Tile:7,Tile:5,Map,Tile:2,Tile:9,Tile:13,Tile:8,Map,Tile:9,Map,Bonus,Malus,Tile:14-Tile:3,Tile:6,Tile:8,Tile:10,Bonus,Tile:5,Tile:1-Tile:10,Map,Destroy,Tile:6,Map,Tile:6,Tile:8-Tile:hidden1,Tile:hidden2,Tile:nugget
Tile:3 6 5 1
Map 12 3 0
Drop 1 0 1
Map 12 5 0
Tile:6 6 6 1
Tile:8 5 6 0
Tile:9 5 4 1
Tile:8 7 6 0
Map 12 7 1
Tile:6 8 6 0
Tile:12 6 4 1
Tile:6 9 6 0
Tile:10 7 7 1
Tile:0 10 6 0
Drop 5 0 1
Tile:6 11 6 0
Tile:8 12 6 1
GAMEOVER WINNER 1
# Game ended: Sat Apr 11 20:17:47 EDT 2020
