# Server version 0.08 running on 192.168.2.221:8123
# Game ID: 995
# Board class: Saboteur.SaboteurBoard
# Timeout: 2000
# First Move Timeout: 30000
# Date: Sat Apr 11 21:23:54 EDT 2020
# Player 1: Player-0, '260729564', running on 127.0.0.1
# Player 2: Player-1, 'RandomPlayer', running on 127.0.0.1
START Player-0 260729564
START Player-1 RandomPlayer
BoardInit:Tile:6,Tile:11,Tile:4,Tile:7,Tile:1,Malus,Tile:9,Tile:6,Tile:9,Map,Tile:5,Tile:7,Tile:14,Tile:3,Tile:9,Map,Tile:8,Tile:8,Tile:10,Tile:10,Tile:13,Tile:0,Tile:5,Bonus,Tile:10,Destroy,Destroy,Tile:7,Bonus,Bonus,Tile:9,Map,Tile:8,Tile:7,Tile:8,Malus,Tile:8,Map,Tile:6,Tile:9,Map-Tile:5,Tile:7,Tile:2,Tile:0,Tile:15,Tile:6,Tile:6-Tile:12,Map,Tile:5,Tile:0,Destroy,Bonus,Tile:0-Tile:hidden1,Tile:hidden2,Tile:nugget
Tile:2 6 5 1
Map 12 3 0
Tile:5 4 5 1
Tile:5 5 4 0
Drop 1 0 1
Tile:0 6 4 0
Tile:6_flip 7 5 1
Malus 0 0 0
Drop 1 0 1
Tile:0 7 4 0
Drop 4 0 1
Map 12 5 0
Drop 0 0 1
Tile:6 8 4 0
Drop 0 0 1
Tile:7 8 5 0
Drop 5 0 1
Tile:7 9 4 0
Drop 3 0 1
Tile:8 5 6 0
Drop 2 0 1
Tile:10 9 5 0
Drop 0 0 1
Drop 0 0 0
Drop 2 0 1
Drop 2 0 0
Drop 0 0 1
Drop 2 0 0
Drop 2 0 1
Tile:7_flip 9 6 0
Destroy 4 5 1
Tile:0 10 6 0
Drop 4 0 1
Drop 2 0 0
Drop 0 0 1
Tile:7 11 6 0
Drop 4 0 1
Malus 0 0 0
Drop 0 0 1
Drop 2 0 0
Drop 4 0 1
Tile:9_flip 8 6 0
Map 12 7 1
Drop 3 0 0
Drop 4 0 1
Drop 3 0 0
Drop 3 0 1
Drop 3 0 0
Drop 2 0 1
Destroy 8 4 0
Drop 0 0 1
Destroy 5 4 0
Drop 1 0 1
Drop 0 0 0
Drop 0 0 1
GAMEOVER DRAW
# Game ended: Sat Apr 11 21:23:54 EDT 2020
