# Server version 0.08 running on 192.168.2.221:8123
# Game ID: 148
# Board class: Saboteur.SaboteurBoard
# Timeout: 2000
# First Move Timeout: 30000
# Date: Sat Apr 11 16:21:37 EDT 2020
# Player 1: Player-0, 'RandomPlayer', running on 127.0.0.1
# Player 2: Player-1, '260729564', running on 127.0.0.1
START Player-0 RandomPlayer
START Player-1 260729564
BoardInit:Tile:5,Tile:6,Tile:9,Tile:15,Tile:7,Tile:10,Tile:8,Map,Tile:13,Tile:10,Tile:0,Tile:8,Tile:7,Tile:5,Map,Tile:2,Tile:14,Tile:6,Bonus,Tile:11,Malus,Tile:6,Tile:0,Tile:9,Bonus,Tile:9,Tile:7,Tile:0,Tile:5,Tile:6,Tile:4,Tile:8,Tile:1,Bonus,Tile:8,Tile:5,Tile:7,Tile:9,Tile:0,Map,Map-Tile:7,Bonus,Destroy,Map,Tile:6,Tile:12,Map-Malus,Tile:3,Destroy,Tile:8,Tile:10,Tile:9,Destroy-Tile:nugget,Tile:hidden1,Tile:hidden2
Map 12 3 1
Tile:3_flip 4 5 0
Tile:6 6 5 1
Tile:9_flip 5 6 0
Tile:9 6 4 1
Drop 2 0 0
Tile:7 7 4 1
Tile:6_flip 4 6 0
Tile:8 7 5 1
Destroy 6 5 0
Tile:7_flip 5 7 1
Tile:10 7 6 0
Tile:0 6 7 1
Tile:8 7 7 0
Tile:5_flip 8 5 1
Tile:5 4 4 0
Tile:7 8 7 1
Tile:2_flip 8 8 0
Drop 2 0 1
Map 12 5 0
Drop 2 0 1
Tile:11 8 4 0
Malus 0 0 1
Destroy 7 7 0
Drop 2 0 1
Drop 5 0 0
Drop 2 0 1
Drop 0 0 0
Drop 2 0 1
Drop 5 0 0
Drop 2 0 1
Drop 0 0 0
Drop 3 0 1
Drop 6 0 0
Drop 5 0 1
Drop 0 0 0
Tile:8 6 5 1
Drop 4 0 0
Tile:5 6 3 1
Drop 0 0 0
Tile:0 7 3 1
Drop 2 0 0
Drop 3 0 1
Drop 3 0 0
Drop 5 0 1
Drop 0 0 0
Destroy 6 7 1
Map 12 3 0
Tile:0 6 7 1
Bonus 0 0 0
Tile:7 9 8 1
Tile:9 3 6 0
Tile:7 9 4 1
Tile:9_flip 8 3 0
Drop 0 0 1
GAMEOVER DRAW
# Game ended: Sat Apr 11 16:21:37 EDT 2020
