# Server version 0.08 running on 192.168.2.221:8123
# Game ID: 1100
# Board class: Saboteur.SaboteurBoard
# Timeout: 2000
# First Move Timeout: 30000
# Date: Sat Apr 11 21:33:15 EDT 2020
# Player 1: Player-0, 'RandomPlayer', running on 127.0.0.1
# Player 2: Player-1, '260729564', running on 127.0.0.1
START Player-0 RandomPlayer
START Player-1 260729564
BoardInit:Bonus,Tile:7,Tile:6,Tile:15,Tile:1,Bonus,Bonus,Tile:9,Tile:12,Tile:14,Tile:7,Tile:7,Tile:9,Tile:4,Tile:0,Map,Tile:13,Tile:10,Tile:10,Tile:6,Destroy,Tile:5,Tile:9,Tile:7,Map,Map,Destroy,Tile:8,Tile:8,Tile:6,Tile:6,Map,Tile:8,Tile:8,Map,Tile:7,Bonus,Tile:10,Tile:6,Tile:8,Tile:3-Malus,Tile:9,Tile:5,Malus,Tile:9,Tile:0,Map-Tile:11,Tile:0,Tile:5,Destroy,Tile:5,Tile:0,Tile:2-Tile:nugget,Tile:hidden2,Tile:hidden1
Map 12 3 1
Tile:2 4 5 0
Malus 0 0 1
Drop 1 0 0
Malus 0 0 1
Drop 4 0 0
Tile:6_flip 5 4 1
Destroy 5 4 0
Tile:0 6 5 1
Drop 5 0 0
Tile:5 5 4 1
Drop 4 0 0
Tile:9_flip 7 5 1
Drop 0 0 0
Tile:9 7 4 1
Drop 0 0 0
Tile:0 8 4 1
Map 12 7 0
Tile:9_flip 9 4 1
Drop 3 0 0
Tile:10 9 3 1
Drop 2 0 0
Tile:7_flip 9 5 1
Drop 0 0 0
Tile:9_flip 10 5 1
Drop 2 0 0
Drop 1 0 1
Drop 3 0 0
Drop 1 0 1
Drop 4 0 0
Tile:8 9 2 1
Map 12 3 0
Tile:6 10 2 1
Map 12 3 0
Tile:8 11 2 1
Drop 3 0 0
Drop 1 0 1
Drop 3 0 0
Drop 1 0 1
Drop 6 0 0
Tile:6 12 2 1
Drop 2 0 0
Destroy 12 2 1
Drop 1 0 0
Drop 1 0 1
Drop 3 0 0
Drop 2 0 1
Drop 0 0 0
Drop 2 0 1
Drop 2 0 0
Drop 2 0 1
Drop 0 0 0
Destroy 10 2 1
Drop 0 0 0
Drop 0 0 1
GAMEOVER DRAW
# Game ended: Sat Apr 11 21:33:15 EDT 2020
