# Server version 0.08 running on 192.168.2.221:8123
# Game ID: 755
# Board class: Saboteur.SaboteurBoard
# Timeout: 2000
# First Move Timeout: 30000
# Date: Sat Apr 11 21:09:24 EDT 2020
# Player 1: Player-0, '260729564', running on 127.0.0.1
# Player 2: Player-1, 'RandomPlayer', running on 127.0.0.1
START Player-0 260729564
START Player-1 RandomPlayer
BoardInit:Malus,Tile:9,Tile:9,Map,Map,Tile:5,Tile:5,Bonus,Tile:7,Bonus,Map,Tile:4,Tile:6,Tile:6,Map,Tile:0,Map,Tile:12,Tile:9,Tile:8,Tile:7,Destroy,Tile:8,Tile:6,Malus,Tile:14,Bonus,Destroy,Tile:5,Tile:8,Tile:1,Tile:0,Tile:11,Tile:6,Tile:15,Tile:0,Tile:13,Tile:9,Destroy,Bonus,Tile:10-Tile:9,Tile:8,Tile:0,Tile:10,Tile:8,Tile:10,Tile:7-Tile:2,Tile:3,Tile:6,Tile:7,Tile:7,Tile:5,Map-Tile:hidden1,Tile:nugget,Tile:hidden2
Tile:7 5 4 1
Map 12 3 0
Tile:8 4 5 1
Tile:9_flip 6 5 0
Tile:9 6 4 1
Map 12 5 0
Tile:10 4 6 1
Tile:6_flip 7 4 0
Tile:5 3 5 1
Tile:7 8 4 0
Drop 1 0 1
Tile:7_flip 8 5 0
Tile:9_flip 3 6 1
Tile:5_flip 9 5 0
Map 12 3 1
Tile:6 6 6 0
Tile:7_flip 5 6 1
Tile:0 7 6 0
Tile:0 8 6 1
Tile:5 9 4 0
Tile:6_flip 10 4 1
Tile:8 11 4 0
Tile:10 11 3 1
Destroy 11 3 0
Tile:7_flip 4 7 1
Tile:6 12 4 0
Tile:9 11 3 1
Drop 0 0 0
Tile:8 11 5 1
GAMEOVER WINNER 1
# Game ended: Sat Apr 11 21:09:25 EDT 2020
