# Server version 0.08 running on 192.168.2.221:8123
# Game ID: 347
# Board class: Saboteur.SaboteurBoard
# Timeout: 2000
# First Move Timeout: 30000
# Date: Sat Apr 11 20:20:19 EDT 2020
# Player 1: Player-0, '260729564', running on 127.0.0.1
# Player 2: Player-1, 'RandomPlayer', running on 127.0.0.1
START Player-0 260729564
START Player-1 RandomPlayer
BoardInit:Tile:8,Tile:9,Tile:6,Tile:9,Tile:12,Tile:3,Tile:11,Map,Tile:8,Tile:5,Tile:0,Tile:13,Tile:2,Tile:0,Malus,Tile:0,Tile:8,Malus,Tile:6,Destroy,Tile:6,Map,Tile:5,Tile:0,Map,Tile:10,Tile:4,Tile:8,Tile:9,Tile:15,Tile:7,Tile:7,Destroy,Tile:5,Tile:8,Tile:14,Bonus,Destroy,Tile:6,Bonus,Tile:6-Tile:7,Tile:10,Bonus,Bonus,Map,Map,Tile:7-Tile:5,Tile:1,Tile:9,Tile:9,Tile:7,Tile:10,Map-Tile:nugget,Tile:hidden1,Tile:hidden2
Map 12 7 1
Map 12 3 0
Drop 1 0 1
Tile:9 5 4 0
Tile:7 6 5 1
Tile:5_flip 6 4 0
Tile:6_flip 5 3 1
Tile:9_flip 6 3 0
Tile:8 6 2 1
Tile:9_flip 7 2 0
Tile:11 5 6 1
Tile:10 7 3 0
Tile:8 4 5 1
Tile:9 7 4 0
Tile:0 4 3 1
Tile:0 8 4 0
Tile:2_flip 3 3 1
Tile:0 9 4 0
Tile:7 6 1 1
Malus 0 0 0
Map 12 5 1
Tile:5_flip 10 4 0
Malus 0 0 1
Drop 0 0 0
Drop 0 0 1
Drop 1 0 0
Map 12 5 1
Drop 1 0 0
Drop 6 0 1
Drop 1 0 0
Drop 1 0 1
Drop 2 0 0
Drop 4 0 1
Drop 5 0 0
Destroy 9 4 1
Drop 0 0 0
Drop 4 0 1
Drop 6 0 0
Bonus 0 0 1
Drop 0 0 0
Tile:8 2 3 1
Bonus 0 0 0
Tile:7_flip 5 2 1
Tile:8 9 4 0
Tile:6_flip 5 1 1
Tile:10 10 3 0
Tile:6_flip 1 3 1
Tile:5 10 2 0
Tile:6 4 1 1
Tile:0 11 2 0
Tile:6 3 5 1
Tile:7 12 2 0
GAMEOVER WINNER 0
# Game ended: Sat Apr 11 20:20:20 EDT 2020
