# Server version 0.08 running on 192.168.2.221:8123
# Game ID: 534
# Board class: Saboteur.SaboteurBoard
# Timeout: 2000
# First Move Timeout: 30000
# Date: Sat Apr 11 20:42:32 EDT 2020
# Player 1: Player-0, 'RandomPlayer', running on 127.0.0.1
# Player 2: Player-1, '260729564', running on 127.0.0.1
START Player-0 RandomPlayer
START Player-1 260729564
BoardInit:Tile:0,Tile:2,Bonus,Tile:7,Map,Bonus,Tile:4,Tile:7,Tile:11,Tile:0,Tile:8,Destroy,Tile:6,Tile:1,Tile:0,Tile:7,Tile:6,Tile:7,Map,Tile:10,Map,Tile:8,Malus,Destroy,Tile:6,Tile:9,Tile:8,Tile:9,Tile:9,Tile:0,Map,Tile:15,Malus,Bonus,Tile:8,Tile:10,Tile:8,Destroy,Tile:9,Tile:13,Tile:5-Tile:14,Tile:9,Map,Tile:10,Map,Tile:6,Tile:7-Tile:12,Tile:6,Tile:5,Tile:5,Tile:3,Tile:5,Bonus-Tile:hidden2,Tile:hidden1,Tile:nugget
Map 12 3 1
Tile:5 5 4 0
Map 12 5 1
Tile:5 4 5 0
Tile:6_flip 6 5 1
Tile:5_flip 6 4 0
Tile:0 7 5 1
Tile:6 4 6 0
Tile:7 8 5 1
Drop 0 0 0
Tile:9 8 6 1
Drop 1 0 0
Tile:8 9 6 1
Tile:0 10 6 0
Tile:6 11 6 1
Drop 3 0 0
Tile:0 12 6 1
Tile:7_flip 3 6 0
Tile:6_flip 13 6 1
Destroy 6 5 0
Tile:10 6 3 1
Tile:10 9 5 0
Drop 0 0 1
Tile:7_flip 8 7 0
Malus 0 0 1
Drop 2 0 0
Tile:6_flip 6 5 1
Destroy 13 6 0
Tile:8 13 6 1
Drop 5 0 0
Tile:9 13 7 1
Drop 0 0 0
Drop 1 0 1
Drop 6 0 0
Malus 0 0 1
Drop 0 0 0
Tile:8 13 8 1
Drop 4 0 0
Tile:8 13 5 1
Drop 6 0 0
Tile:9 12 8 1
GAMEOVER WINNER 1
# Game ended: Sat Apr 11 20:42:36 EDT 2020
