# Server version 0.08 running on 192.168.2.221:8123
# Game ID: 655
# Board class: Saboteur.SaboteurBoard
# Timeout: 2000
# First Move Timeout: 30000
# Date: Sat Apr 11 21:03:16 EDT 2020
# Player 1: Player-0, '260729564', running on 127.0.0.1
# Player 2: Player-1, 'RandomPlayer', running on 127.0.0.1
START Player-0 260729564
START Player-1 RandomPlayer
BoardInit:Tile:8,Tile:6,Tile:8,Tile:7,Tile:11,Map,Tile:6,Tile:7,Tile:5,Tile:6,Tile:9,Tile:13,Tile:9,Tile:9,Tile:7,Map,Tile:0,Malus,Tile:0,Malus,Tile:9,Tile:9,Tile:8,Tile:6,Tile:7,Tile:5,Tile:0,Tile:5,Tile:0,Tile:6,Map,Bonus,Tile:10,Tile:12,Map,Tile:8,Tile:10,Destroy,Tile:1,Map,Destroy-Map,Tile:10,Tile:8,Bonus,Destroy,Tile:4,Tile:7-Tile:14,Tile:2,Tile:3,Bonus,Tile:15,Tile:5,Bonus-Tile:hidden2,Tile:nugget,Tile:hidden1
Tile:8 4 5 1
Tile:5_flip 6 5 0
Tile:7_flip 4 6 1
Tile:6_flip 6 4 0
Destroy 4 6 1
Tile:7 7 4 0
Tile:11 4 4 1
Map 12 3 0
Tile:6 5 6 1
Tile:7_flip 7 5 0
Drop 2 0 1
Tile:6 8 5 0
Tile:9 3 5 1
Drop 0 0 0
Tile:8 9 5 1
Tile:9_flip 10 5 0
Tile:4 10 4 1
Map 12 5 0
Tile:7 3 4 1
Malus 0 0 0
Map 12 7 1
Malus 0 0 0
Drop 0 0 1
Tile:9 10 6 0
Drop 2 0 1
Tile:6_flip 11 6 0
Drop 0 0 1
Tile:5_flip 12 6 0
GAMEOVER WINNER 0
# Game ended: Sat Apr 11 21:03:16 EDT 2020
