# Server version 0.08 running on 192.168.2.221:8123
# Game ID: 1292
# Board class: Saboteur.SaboteurBoard
# Timeout: 2000
# First Move Timeout: 30000
# Date: Sat Apr 11 21:45:01 EDT 2020
# Player 1: Player-0, 'RandomPlayer', running on 127.0.0.1
# Player 2: Player-1, '260729564', running on 127.0.0.1
START Player-0 RandomPlayer
START Player-1 260729564
BoardInit:Map,Bonus,Tile:9,Tile:8,Tile:4,Tile:15,Map,Tile:0,Tile:2,Tile:6,Tile:11,Tile:9,Tile:9,Bonus,Tile:9,Tile:0,Tile:8,Tile:8,Tile:9,Tile:10,Tile:12,Tile:8,Map,Tile:6,Tile:5,Tile:7,Tile:6,Tile:0,Tile:7,Destroy,Bonus,Malus,Tile:7,Tile:5,Tile:13,Malus,Tile:7,Tile:10,Tile:6,Tile:1,Tile:7-Bonus,Destroy,Destroy,Tile:6,Map,Tile:0,Tile:14-Map,Tile:3,Tile:5,Tile:8,Map,Tile:5,Tile:10-Tile:hidden2,Tile:hidden1,Tile:nugget
Map 12 3 1
Tile:5_flip 5 6 0
Map 12 5 1
Tile:8 6 5 0
Tile:9_flip 7 5 1
Tile:10 5 4 0
Tile:6_flip 7 4 1
Tile:15 7 6 0
Tile:0 8 4 1
Tile:5 5 3 0
Drop 3 0 1
Tile:6 9 4 0
Drop 3 0 1
Drop 4 0 0
Tile:9_flip 10 4 1
Tile:9 9 3 0
Tile:9 10 5 1
Drop 0 0 0
Tile:8 10 6 1
Drop 5 0 0
Tile:9_flip 11 6 1
Tile:3 10 3 0
Drop 3 0 1
Tile:8 9 6 0
Drop 3 0 1
Drop 2 0 0
Tile:5 8 6 1
Tile:10 6 6 0
Tile:6 11 7 1
GAMEOVER WINNER 1
# Game ended: Sat Apr 11 21:45:02 EDT 2020
