# Server version 0.08 running on 192.168.2.221:8123
# Game ID: 1052
# Board class: Saboteur.SaboteurBoard
# Timeout: 2000
# First Move Timeout: 30000
# Date: Sat Apr 11 21:30:31 EDT 2020
# Player 1: Player-0, 'RandomPlayer', running on 127.0.0.1
# Player 2: Player-1, '260729564', running on 127.0.0.1
START Player-0 RandomPlayer
START Player-1 260729564
BoardInit:Tile:15,Tile:5,Tile:8,Tile:9,Tile:5,Tile:6,Tile:9,Destroy,Tile:8,Destroy,Tile:3,Tile:7,Bonus,Tile:6,Tile:4,Destroy,Tile:9,Tile:2,Bonus,Map,Tile:10,Tile:9,Tile:10,Tile:6,Tile:0,Tile:5,Tile:6,Tile:7,Bonus,Tile:13,Tile:8,Map,Tile:5,Map,Tile:7,Tile:9,Tile:12,Tile:8,Tile:7,Tile:8,Map-Tile:0,Tile:10,Bonus,Tile:6,Tile:0,Tile:14,Tile:0-Malus,Map,Tile:1,Map,Tile:11,Tile:7,Malus-Tile:hidden1,Tile:nugget,Tile:hidden2
Tile:6 6 5 1
Tile:11 5 6 0
Tile:0 7 5 1
Tile:7_flip 5 7 0
Tile:8 8 5 1
Tile:5 6 4 0
Tile:0 9 5 1
Tile:6 6 7 0
Tile:0 10 5 1
Map 12 5 0
Tile:8 11 5 1
GAMEOVER WINNER 1
# Game ended: Sat Apr 11 21:30:31 EDT 2020
