# Server version 0.08 running on 192.168.2.221:8123
# Game ID: 217
# Board class: Saboteur.SaboteurBoard
# Timeout: 2000
# First Move Timeout: 30000
# Date: Sat Apr 11 20:09:41 EDT 2020
# Player 1: Player-0, '260729564', running on 127.0.0.1
# Player 2: Player-1, 'RandomPlayer', running on 127.0.0.1
START Player-0 260729564
START Player-1 RandomPlayer
BoardInit:Tile:7,Tile:6,Tile:5,Tile:8,Tile:5,Map,Malus,Tile:8,Destroy,Tile:0,Tile:11,Tile:0,Tile:7,Tile:5,Tile:12,Tile:7,Tile:0,Map,Tile:14,Tile:5,Tile:4,Destroy,Map,Tile:9,Tile:10,Bonus,Tile:1,Tile:8,Map,Tile:9,Tile:10,Destroy,Tile:6,Tile:9,Tile:9,Tile:0,Tile:2,Tile:10,Bonus,Tile:7,Tile:8-Tile:3,Map,Tile:13,Tile:6,Tile:7,Bonus,Map-Malus,Tile:6,Tile:8,Bonus,Tile:15,Tile:9,Tile:6-Tile:nugget,Tile:hidden1,Tile:hidden2
Tile:7_flip 4 5 1
Malus 0 0 0
Drop 1 0 1
Tile:8 6 5 0
Map 12 5 1
Tile:8 7 5 0
Drop 3 0 1
Map 12 3 0
Drop 5 0 1
Tile:8 7 4 0
Malus 0 0 1
Bonus 0 0 0
Drop 6 0 1
Tile:9_flip 8 4 0
Destroy 8 4 1
Tile:6 8 4 0
Drop 5 0 1
Tile:6 9 4 0
Drop 3 0 1
Tile:6 10 4 0
Drop 2 0 1
Tile:0 11 4 0
Drop 0 0 1
Tile:0 12 4 0
Drop 4 0 1
Tile:9_flip 13 4 0
Drop 3 0 1
Tile:5 13 3 0
Drop 4 0 1
Tile:8 13 5 0
Drop 4 0 1
Tile:9_flip 5 4 0
Drop 6 0 1
Tile:5 11 5 0
Drop 4 0 1
Tile:9_flip 10 3 0
Drop 3 0 1
Tile:0 8 5 0
Map 12 3 1
Tile:10 10 2 0
Drop 4 0 1
Tile:7 9 5 0
Drop 5 0 1
Tile:7_flip 13 6 0
Drop 4 0 1
Destroy 11 5 0
Drop 2 0 1
Destroy 12 4 0
Drop 0 0 1
Drop 0 0 0
Drop 0 0 1
Drop 0 0 0
Drop 1 0 1
Drop 0 0 0
Drop 0 0 1
GAMEOVER DRAW
# Game ended: Sat Apr 11 20:09:45 EDT 2020
