# Server version 0.08 running on 192.168.2.221:8123
# Game ID: 1441
# Board class: Saboteur.SaboteurBoard
# Timeout: 2000
# First Move Timeout: 30000
# Date: Sat Apr 11 22:06:32 EDT 2020
# Player 1: Player-0, '260729564', running on 127.0.0.1
# Player 2: Player-1, 'RandomPlayer', running on 127.0.0.1
START Player-0 260729564
START Player-1 RandomPlayer
BoardInit:Tile:10,Tile:8,Destroy,Tile:8,Map,Tile:6,Tile:0,Tile:2,Tile:0,Tile:5,Tile:11,Tile:9,Destroy,Tile:6,Tile:6,Tile:7,Malus,Tile:5,Bonus,Map,Bonus,Tile:9,Map,Tile:0,Tile:7,Destroy,Tile:5,Tile:4,Tile:0,Tile:8,Map,Tile:9,Bonus,Tile:14,Map,Tile:3,Tile:9,Malus,Tile:7,Tile:15,Tile:7-Tile:9,Tile:8,Tile:12,Tile:6,Tile:7,Tile:10,Bonus-Map,Tile:6,Tile:5,Tile:10,Tile:8,Tile:13,Tile:1-Tile:hidden1,Tile:nugget,Tile:hidden2
Tile:7_flip 5 6 1
Map 12 3 0
Drop 1 0 1
Tile:8 6 6 0
Drop 4 0 1
Tile:8 7 6 0
Tile:6 7 7 1
Tile:8 8 6 0
Tile:10 7 5 1
Tile:6 9 6 0
Destroy 5 6 1
Tile:6 5 6 0
Tile:9_flip 10 6 1
Tile:10 10 5 0
Tile:11 8 5 1
Tile:6_flip 10 4 0
Tile:6_flip 9 4 1
Tile:9_flip 11 4 0
Destroy 7 6 1
Tile:7_flip 6 7 0
Tile:10 5 4 1
Map 12 5 0
Drop 0 0 1
Tile:9_flip 8 7 0
Drop 0 0 1
Tile:5 11 3 0
Tile:7 6 5 1
Tile:0 13 3 0
Tile:0 4 6 1
Tile:5 8 4 0
Tile:0 4 5 1
Tile:8 12 2 0
Map 12 7 1
Tile:9 12 4 0
GAMEOVER WINNER 0
# Game ended: Sat Apr 11 22:06:34 EDT 2020
