# Server version 0.08 running on 192.168.2.221:8123
# Game ID: 163
# Board class: Saboteur.SaboteurBoard
# Timeout: 2000
# First Move Timeout: 30000
# Date: Sat Apr 11 20:05:30 EDT 2020
# Player 1: Player-0, '260729564', running on 127.0.0.1
# Player 2: Player-1, 'RandomPlayer', running on 127.0.0.1
START Player-0 260729564
START Player-1 RandomPlayer
BoardInit:Bonus,Tile:8,Tile:9,Tile:5,Tile:10,Tile:7,Tile:6,Map,Tile:8,Tile:2,Malus,Tile:3,Tile:8,Tile:12,Tile:5,Tile:7,Tile:6,Map,Tile:7,Map,Bonus,Tile:8,Tile:14,Malus,Tile:6,Tile:15,Tile:0,Tile:6,Tile:0,Tile:7,Tile:0,Tile:10,Bonus,Destroy,Tile:9,Tile:7,Tile:5,Tile:13,Tile:9,Tile:10,Destroy-Tile:0,Tile:4,Tile:11,Tile:6,Tile:1,Destroy,Tile:9-Tile:5,Bonus,Map,Tile:8,Tile:9,Map,Map-Tile:nugget,Tile:hidden1,Tile:hidden2
Tile:9 4 5 1
Map 12 3 0
Tile:4 4 4 1
Tile:8 6 5 0
Drop 2 0 1
Tile:8 6 4 0
Tile:1 7 5 1
Tile:5_flip 7 4 0
Drop 0 0 1
Tile:9 7 3 0
Tile:11 7 2 1
Tile:5_flip 8 3 0
Destroy 7 3 1
Tile:7_flip 6 6 0
Tile:8 7 3 1
Drop 1 0 0
Tile:5_flip 8 5 1
Tile:7 7 6 0
Tile:9_flip 5 6 1
Drop 1 0 0
Drop 4 0 1
Drop 1 0 0
Drop 5 0 1
Tile:8 8 2 0
Tile:10 7 7 1
Malus 0 0 0
Drop 3 0 1
Drop 1 0 0
Drop 4 0 1
Tile:6 9 2 0
Bonus 0 0 1
Tile:7 10 2 0
Tile:6_flip 9 1 1
Tile:10 10 3 0
Tile:6_flip 6 3 1
Drop 1 0 0
Tile:9 4 6 1
Tile:7_flip 10 4 0
Tile:5_flip 10 1 1
Drop 1 0 0
Tile:9 5 4 1
Tile:10 10 0 0
Tile:0 11 4 1
Drop 1 0 0
Destroy 6 4 1
Drop 1 0 0
Drop 3 0 1
Drop 1 0 0
Malus 0 0 1
Bonus 0 0 0
Tile:0 12 4 1
Destroy 12 4 0
Drop 1 0 1
Drop 0 0 0
Drop 0 0 1
GAMEOVER DRAW
# Game ended: Sat Apr 11 20:05:31 EDT 2020
