# Server version 0.08 running on 192.168.2.221:8123
# Game ID: 492
# Board class: Saboteur.SaboteurBoard
# Timeout: 2000
# First Move Timeout: 30000
# Date: Sat Apr 11 20:40:44 EDT 2020
# Player 1: Player-0, 'RandomPlayer', running on 127.0.0.1
# Player 2: Player-1, '260729564', running on 127.0.0.1
START Player-0 RandomPlayer
START Player-1 260729564
BoardInit:Tile:9,Tile:7,Tile:5,Tile:2,Destroy,Bonus,Tile:10,Bonus,Tile:7,Tile:9,Tile:5,Tile:15,Tile:13,Map,Tile:0,Tile:6,Tile:6,Tile:9,Tile:8,Tile:10,Tile:7,Tile:8,Tile:1,Tile:7,Tile:0,Map,Tile:9,Tile:6,Tile:11,Tile:4,Tile:14,Bonus,Malus,Map,Tile:6,Tile:9,Tile:8,Tile:5,Bonus,Tile:5,Map-Tile:3,Tile:12,Tile:7,Destroy,Map,Tile:0,Malus-Tile:0,Tile:10,Map,Tile:8,Tile:8,Destroy,Tile:6-Tile:hidden1,Tile:nugget,Tile:hidden2
Map 12 3 1
Drop 3 0 0
Malus 0 0 1
Map 12 3 0
Tile:9_flip 6 5 1
Drop 4 0 0
Tile:7_flip 6 6 1
Destroy 6 6 0
Tile:10 6 4 1
Drop 0 0 0
Tile:7_flip 6 6 1
Drop 4 0 0
Tile:5_flip 7 6 1
Bonus 0 0 0
Tile:5 7 5 1
Tile:2 4 5 0
Tile:0 8 5 1
Tile:8 6 3 0
Tile:0 9 5 1
Map 12 3 0
Tile:8 10 5 1
Tile:15 10 4 0
Tile:6 11 5 1
GAMEOVER WINNER 1
# Game ended: Sat Apr 11 20:40:44 EDT 2020
