# Server version 0.08 running on 192.168.2.221:8123
# Game ID: 699
# Board class: Saboteur.SaboteurBoard
# Timeout: 2000
# First Move Timeout: 30000
# Date: Sat Apr 11 21:06:46 EDT 2020
# Player 1: Player-0, '260729564', running on 127.0.0.1
# Player 2: Player-1, 'RandomPlayer', running on 127.0.0.1
START Player-0 260729564
START Player-1 RandomPlayer
BoardInit:Tile:5,Tile:8,Tile:1,Map,Tile:4,Tile:6,Tile:0,Tile:7,Tile:8,Tile:7,Tile:2,Tile:8,Tile:10,Tile:5,Tile:9,Tile:12,Tile:8,Bonus,Tile:3,Tile:6,Tile:9,Destroy,Bonus,Tile:0,Tile:10,Bonus,Tile:0,Tile:11,Bonus,Tile:15,Tile:9,Tile:7,Tile:5,Tile:10,Malus,Tile:8,Tile:6,Map,Tile:14,Malus,Tile:6-Destroy,Tile:9,Tile:9,Tile:0,Tile:13,Tile:6,Tile:7-Destroy,Map,Map,Tile:5,Tile:7,Map,Map-Tile:nugget,Tile:hidden2,Tile:hidden1
Tile:9_flip 5 6 1
Map 12 3 0
Tile:5 5 4 1
Tile:8 6 4 0
Tile:9 6 3 1
Tile:5_flip 7 4 0
Tile:6 6 5 1
Tile:6_flip 7 3 0
Tile:7 8 3 1
Tile:7_flip 8 4 0
Tile:13 4 5 1
Tile:7 9 4 0
Tile:2_flip 3 5 1
Tile:8 9 5 0
Tile:8 6 2 1
Tile:5_flip 7 2 0
Tile:9_flip 4 4 1
Tile:7 10 5 0
Tile:8 10 6 1
Drop 1 0 0
Destroy 4 5 1
Tile:6 11 6 0
Tile:0 12 6 1
Destroy 12 6 0
Tile:4 6 1 1
Tile:0 12 6 0
Tile:9 10 7 1
Destroy 12 6 0
Tile:3 11 7 1
Drop 0 0 0
Tile:0 5 2 1
Drop 0 0 0
Tile:9_flip 12 6 1
GAMEOVER TIMEOUT WINNER 1
# Game ended: Sat Apr 11 21:06:49 EDT 2020
