# Server version 0.08 running on 192.168.2.221:8123
# Game ID: 889
# Board class: Saboteur.SaboteurBoard
# Timeout: 2000
# First Move Timeout: 30000
# Date: Sat Apr 11 21:18:57 EDT 2020
# Player 1: Player-0, '260729564', running on 127.0.0.1
# Player 2: Player-1, 'RandomPlayer', running on 127.0.0.1
START Player-0 260729564
START Player-1 RandomPlayer
BoardInit:Map,Destroy,Tile:7,Destroy,Tile:9,Tile:6,Map,Tile:0,Bonus,Tile:9,Tile:6,Map,Tile:10,Tile:2,Tile:6,Map,Tile:8,Tile:10,Tile:7,Tile:3,Tile:5,Tile:0,Malus,Bonus,Tile:6,Tile:10,Tile:9,Tile:7,Tile:0,Tile:5,Tile:9,Tile:9,Bonus,Tile:7,Tile:15,Tile:14,Tile:11,Map,Malus,Map,Destroy-Tile:8,Tile:13,Tile:1,Tile:12,Tile:0,Bonus,Tile:4-Tile:8,Tile:5,Tile:6,Tile:5,Tile:7,Tile:8,Tile:8-Tile:hidden1,Tile:hidden2,Tile:nugget
Tile:12_flip 4 5 1
Tile:8 6 5 0
Tile:13 6 6 1
Tile:8 7 5 0
Tile:7 8 5 1
Tile:8 8 6 0
Tile:4 6 4 1
Tile:6 9 6 0
Map 12 5 1
Tile:6 10 6 0
Tile:9_flip 10 5 1
Tile:9_flip 11 6 0
Tile:6 7 6 1
Map 12 3 0
Tile:10 6 7 1
Tile:5 10 4 0
Drop 6 0 1
Map 12 5 0
Drop 1 0 1
Tile:0 11 4 0
Tile:7_flip 5 6 1
Tile:10 8 7 0
Tile:0 12 4 1
Tile:0 13 4 0
Drop 0 0 1
Tile:7_flip 11 7 0
GAMEOVER WINNER 0
# Game ended: Sat Apr 11 21:18:58 EDT 2020
