# Server version 0.08 running on 192.168.2.221:8123
# Game ID: 78
# Board class: Saboteur.SaboteurBoard
# Timeout: 2000
# First Move Timeout: 30000
# Date: Sat Apr 11 16:15:06 EDT 2020
# Player 1: Player-0, 'RandomPlayer', running on 127.0.0.1
# Player 2: Player-1, '260729564', running on 127.0.0.1
START Player-0 RandomPlayer
START Player-1 260729564
BoardInit:Tile:8,Map,Tile:0,Tile:6,Tile:1,Tile:8,Tile:12,Tile:8,Tile:5,Tile:3,Tile:7,Tile:10,Tile:0,Bonus,Map,Tile:5,Tile:2,Tile:9,Bonus,Map,Tile:0,Tile:6,Map,Tile:8,Malus,Destroy,Map,Bonus,Malus,Map,Tile:13,Tile:9,Destroy,Tile:9,Tile:10,Tile:0,Tile:7,Tile:15,Tile:7,Tile:5,Tile:9-Destroy,Tile:7,Tile:7,Tile:11,Tile:4,Tile:6,Tile:6-Bonus,Tile:10,Tile:5,Tile:8,Tile:9,Tile:6,Tile:14-Tile:nugget,Tile:hidden1,Tile:hidden2
Tile:6 6 5 1
Tile:9_flip 7 5 0
Tile:8 7 4 1
Tile:8 6 4 0
Tile:6 8 4 1
Map 12 5 0
Tile:0 9 4 1
Tile:10 8 3 0
Tile:7 10 4 1
Tile:8 5 4 0
Tile:7_flip 10 5 1
Drop 5 0 0
Tile:5_flip 11 5 1
Tile:14_flip 4 5 0
Tile:7_flip 7 6 1
Tile:6 4 4 0
Map 12 3 1
Tile:10 5 3 0
Tile:0 8 6 1
Tile:5 6 3 0
Destroy 11 5 1
Tile:9_flip 5 6 0
Tile:0 11 5 1
Tile:5 8 2 0
Drop 0 0 1
Tile:6 5 7 0
Malus 0 0 1
Drop 0 0 0
Drop 0 0 1
Destroy 8 2 0
Malus 0 0 1
Map 12 7 0
Drop 0 0 1
Map 12 7 0
Drop 0 0 1
Drop 4 0 0
Tile:10 12 4 1
GAMEOVER WINNER 1
# Game ended: Sat Apr 11 16:15:07 EDT 2020
