# Server version 0.08 running on 192.168.2.221:8123
# Game ID: 572
# Board class: Saboteur.SaboteurBoard
# Timeout: 2000
# First Move Timeout: 30000
# Date: Sat Apr 11 20:44:43 EDT 2020
# Player 1: Player-0, 'RandomPlayer', running on 127.0.0.1
# Player 2: Player-1, '260729564', running on 127.0.0.1
START Player-0 RandomPlayer
START Player-1 260729564
BoardInit:Tile:0,Tile:8,Bonus,Malus,Tile:10,Tile:14,Tile:6,Tile:8,Tile:5,Tile:7,Tile:9,Destroy,Map,Tile:13,Tile:4,Tile:7,Tile:5,Tile:9,Map,Bonus,Tile:7,Tile:8,Tile:6,Tile:0,Tile:9,Tile:11,Tile:3,Map,Tile:8,Tile:6,Tile:0,Malus,Tile:7,Tile:10,Tile:15,Tile:0,Tile:8,Tile:7,Tile:12,Tile:10,Tile:6-Tile:9,Tile:6,Destroy,Tile:2,Bonus,Map,Tile:5-Tile:9,Tile:5,Bonus,Tile:1,Map,Destroy,Map-Tile:hidden2,Tile:hidden1,Tile:nugget
Map 12 3 1
Drop 2 0 0
Tile:6 6 5 1
Destroy 6 5 0
Tile:0 6 5 1
Tile:9_flip 7 5 0
Tile:5 7 4 1
Tile:5 4 5 0
Tile:6_flip 8 4 1
Tile:8 9 4 0
Tile:9_flip 10 4 1
Tile:7 9 3 0
Tile:10 10 5 1
Tile:14 7 6 0
Map 12 5 1
Map 12 3 0
Tile:9 10 6 1
Tile:7_flip 8 5 0
Tile:5_flip 11 6 1
Drop 1 0 0
Tile:5 11 5 1
Tile:9_flip 5 4 0
Tile:7 13 5 1
Tile:8 10 7 0
Tile:6_flip 12 4 1
Tile:1 13 4 0
Tile:9 13 6 1
Tile:11_flip 5 6 0
Destroy 11 5 1
Drop 2 0 0
Tile:8 10 8 1
Drop 1 0 0
Tile:0 11 8 1
Map 12 3 0
Tile:7_flip 9 8 1
Tile:6_flip 9 7 0
Drop 0 0 1
Tile:0 8 3 0
Tile:8 12 8 1
GAMEOVER WINNER 1
# Game ended: Sat Apr 11 20:44:46 EDT 2020
