# Server version 0.08 running on 192.168.2.221:8123
# Game ID: 457
# Board class: Saboteur.SaboteurBoard
# Timeout: 2000
# First Move Timeout: 30000
# Date: Sat Apr 11 20:39:06 EDT 2020
# Player 1: Player-0, '260729564', running on 127.0.0.1
# Player 2: Player-1, 'RandomPlayer', running on 127.0.0.1
START Player-0 260729564
START Player-1 RandomPlayer
BoardInit:Tile:0,Tile:5,Tile:6,Map,Tile:6,Tile:5,Tile:8,Tile:10,Tile:7,Tile:4,Tile:12,Tile:10,Tile:15,Map,Tile:9,Tile:10,Malus,Tile:0,Bonus,Tile:5,Tile:9,Tile:7,Tile:9,Tile:8,Tile:2,Map,Tile:11,Bonus,Tile:0,Tile:8,Tile:8,Bonus,Map,Map,Tile:14,Tile:13,Map,Tile:6,Tile:3,Tile:5,Destroy-Destroy,Tile:7,Tile:9,Malus,Tile:9,Tile:7,Destroy-Tile:7,Tile:8,Tile:6,Tile:0,Tile:6,Bonus,Tile:1-Tile:hidden2,Tile:hidden1,Tile:nugget
Drop 3 0 1
Tile:8 6 5 0
Tile:7 5 4 1
Tile:6 7 5 0
Tile:9 6 4 1
Map 12 3 0
Tile:6_flip 8 5 1
Tile:0 9 5 0
Tile:6_flip 7 4 1
Tile:6 10 5 0
Destroy 7 5 1
Tile:10 6 6 0
Tile:7 11 5 1
Tile:10 5 6 0
Tile:15 6 3 1
Map 12 5 0
Tile:9 8 6 1
Tile:5_flip 8 4 0
Destroy 6 3 1
Tile:10 8 3 0
Tile:9 4 5 1
Tile:5 8 2 0
Drop 1 0 1
Tile:0 9 2 0
Tile:9_flip 8 7 1
Tile:8 7 5 0
Drop 3 0 1
Tile:7_flip 11 6 0
Tile:11 6 3 1
Tile:5_flip 12 6 0
Tile:0 9 6 1
Tile:8 13 5 0
Tile:9_flip 10 2 1
Tile:7_flip 13 6 0
Tile:8 4 4 1
Drop 1 0 0
Tile:12 7 3 1
Drop 1 0 0
Drop 6 0 1
Tile:6_flip 13 4 0
Drop 0 0 1
Tile:5 12 4 0
Map 12 3 1
Drop 1 0 0
Tile:2 6 2 1
Drop 1 0 0
Destroy 13 4 1
Drop 1 0 0
Tile:14_flip 5 2 1
Drop 1 0 0
Tile:3 10 6 1
Drop 1 0 0
Drop 0 0 1
Drop 0 0 0
Drop 0 0 1
GAMEOVER DRAW
# Game ended: Sat Apr 11 20:39:07 EDT 2020
