# Server version 0.08 running on 192.168.2.221:8123
# Game ID: 625
# Board class: Saboteur.SaboteurBoard
# Timeout: 2000
# First Move Timeout: 30000
# Date: Sat Apr 11 20:59:49 EDT 2020
# Player 1: Player-0, '260729564', running on 127.0.0.1
# Player 2: Player-1, 'RandomPlayer', running on 127.0.0.1
START Player-0 260729564
START Player-1 RandomPlayer
BoardInit:Tile:6,Map,Tile:8,Bonus,Tile:9,Tile:8,Tile:9,Destroy,Tile:0,Tile:6,Map,Tile:7,Map,Tile:7,Tile:6,Map,Tile:9,Tile:15,Tile:5,Tile:13,Tile:4,Tile:0,Tile:5,Malus,Bonus,Tile:3,Tile:12,Tile:7,Tile:8,Tile:7,Tile:2,Tile:8,Bonus,Map,Tile:10,Tile:5,Destroy,Malus,Bonus,Tile:9,Tile:6-Tile:0,Tile:8,Tile:1,Destroy,Tile:11,Tile:9,Tile:10-Tile:14,Tile:0,Tile:5,Map,Tile:7,Tile:10,Tile:6-Tile:hidden2,Tile:nugget,Tile:hidden1
Tile:0 4 5 1
Map 12 3 0
Tile:9_flip 6 5 1
Map 12 5 0
Tile:10 6 6 1
Tile:6_flip 6 4 0
Drop 6 0 1
Tile:8 7 4 0
Tile:11_flip 6 7 1
Tile:0 8 4 0
Tile:8 3 5 1
Tile:6 9 4 0
Tile:1 2 5 1
Tile:7 10 4 0
Drop 3 0 1
Tile:10 10 5 0
Tile:8 10 6 1
Tile:5_flip 11 6 0
Drop 1 0 1
Tile:7_flip 10 7 0
Tile:6_flip 11 7 1
Tile:7_flip 12 8 0
Tile:5 5 7 1
Tile:0 13 7 0
Destroy 12 8 1
Malus 0 0 0
Bonus 0 0 1
Drop 0 0 0
Tile:12_flip 9 6 1
Tile:7_flip 12 8 0
Tile:5 1 5 1
Tile:7 13 8 0
Map 12 3 1
GAMEOVER TIMEOUT WINNER 1
# Game ended: Sat Apr 11 20:59:54 EDT 2020
