# Server version 0.08 running on 192.168.2.221:8123
# Game ID: 493
# Board class: Saboteur.SaboteurBoard
# Timeout: 2000
# First Move Timeout: 30000
# Date: Sat Apr 11 20:40:45 EDT 2020
# Player 1: Player-0, '260729564', running on 127.0.0.1
# Player 2: Player-1, 'RandomPlayer', running on 127.0.0.1
START Player-0 260729564
START Player-1 RandomPlayer
BoardInit:Map,Tile:10,Tile:9,Map,Tile:15,Tile:0,Tile:8,Tile:9,Tile:9,Tile:5,Tile:6,Tile:0,Tile:9,Map,Malus,Map,Bonus,Tile:8,Tile:4,Tile:7,Tile:6,Tile:14,Tile:8,Tile:6,Tile:11,Bonus,Tile:3,Tile:1,Tile:7,Tile:7,Tile:6,Tile:6,Tile:12,Tile:10,Tile:8,Tile:8,Tile:9,Destroy,Tile:2,Tile:7,Destroy-Tile:5,Bonus,Destroy,Malus,Tile:5,Tile:0,Map-Tile:13,Tile:7,Map,Bonus,Tile:10,Tile:0,Tile:5-Tile:hidden1,Tile:nugget,Tile:hidden2
Tile:0 4 5 1
Map 12 3 0
Destroy 4 5 1
Tile:0 6 5 0
Map 12 7 1
Map 12 5 0
Tile:9_flip 5 6 1
Tile:0 7 5 0
Tile:15 5 7 1
Tile:5_flip 8 5 0
Drop 1 0 1
Tile:10 8 4 0
Drop 2 0 1
Tile:10 8 3 0
Tile:6 5 8 1
Tile:9 5 4 0
Tile:9 5 3 1
Tile:0 6 4 0
Tile:8 4 5 1
Tile:8 8 2 0
Tile:9 4 6 1
Tile:5_flip 7 4 0
Tile:5_flip 4 7 1
Tile:7 9 2 0
Drop 4 0 1
Tile:6 6 3 0
Tile:6_flip 4 8 1
Tile:7_flip 9 3 0
Tile:3_flip 3 8 1
Drop 0 0 0
Tile:7 7 3 1
Tile:7 10 3 0
Tile:6 3 5 1
Tile:6 10 4 0
Tile:11_flip 4 4 1
Tile:10 8 1 0
Tile:12 11 4 1
Tile:8 6 2 0
Tile:8 4 9 1
Drop 1 0 0
Tile:8 3 7 1
Drop 1 0 0
Tile:2 5 9 1
Drop 1 0 0
Tile:9_flip 5 10 1
Drop 1 0 0
Destroy 11 4 1
Tile:7 11 4 0
Drop 3 0 1
Drop 1 0 0
Map 12 7 1
Destroy 5 4 0
Drop 0 0 1
Drop 0 0 0
Malus 0 0 1
GAMEOVER DRAW
# Game ended: Sat Apr 11 20:40:46 EDT 2020
