# Server version 0.08 running on 192.168.2.221:8123
# Game ID: 599
# Board class: Saboteur.SaboteurBoard
# Timeout: 2000
# First Move Timeout: 30000
# Date: Sat Apr 11 20:57:52 EDT 2020
# Player 1: Player-0, '260729564', running on 127.0.0.1
# Player 2: Player-1, 'RandomPlayer', running on 127.0.0.1
START Player-0 260729564
START Player-1 RandomPlayer
BoardInit:Tile:9,Tile:8,Tile:0,Tile:0,Tile:11,Map,Tile:9,Destroy,Tile:12,Tile:0,Tile:5,Malus,Tile:9,Tile:10,Tile:8,Tile:9,Tile:1,Tile:5,Map,Bonus,Malus,Tile:7,Tile:6,Tile:6,Tile:15,Tile:7,Tile:5,Tile:6,Tile:6,Tile:8,Bonus,Tile:10,Bonus,Tile:6,Tile:3,Map,Tile:7,Tile:7,Map,Tile:10,Bonus-Map,Tile:13,Tile:7,Destroy,Tile:9,Destroy,Tile:2-Tile:4,Tile:14,Tile:8,Tile:5,Map,Tile:0,Tile:8-Tile:hidden1,Tile:hidden2,Tile:nugget
Tile:7_flip 4 5 1
Map 12 3 0
Destroy 4 5 1
Tile:8 6 5 0
Tile:13 6 4 1
Tile:8 7 5 0
Tile:2 6 3 1
Map 12 5 0
Drop 2 0 1
Tile:8 7 6 0
Tile:9 7 7 1
Tile:0 8 6 0
Tile:9_flip 5 6 1
Malus 0 0 0
Map 12 7 1
Tile:0 9 6 0
Drop 5 0 1
Tile:9_flip 10 6 0
Drop 3 0 1
Tile:10 10 7 0
Map 12 7 1
Tile:5 10 5 0
Drop 3 0 1
Tile:0 11 5 0
Drop 5 0 1
Tile:6 13 5 0
Drop 0 0 1
Tile:5_flip 12 6 0
Drop 5 0 1
Tile:6_flip 13 4 0
Drop 0 0 1
Tile:8 10 8 0
Drop 4 0 1
Tile:10 10 9 0
Drop 4 0 1
Tile:6_flip 12 4 0
Drop 3 0 1
Tile:7 11 8 0
Bonus 0 0 1
Tile:7_flip 9 8 0
Tile:3_flip 11 4 1
Tile:10 7 8 0
Tile:1 8 7 1
Drop 1 0 0
Tile:7_flip 6 6 1
GAMEOVER TIMEOUT WINNER 1
# Game ended: Sat Apr 11 20:58:00 EDT 2020
