# Server version 0.08 running on 192.168.2.221:8123
# Game ID: 1195
# Board class: Saboteur.SaboteurBoard
# Timeout: 2000
# First Move Timeout: 30000
# Date: Sat Apr 11 21:38:01 EDT 2020
# Player 1: Player-0, '260729564', running on 127.0.0.1
# Player 2: Player-1, 'RandomPlayer', running on 127.0.0.1
START Player-0 260729564
START Player-1 RandomPlayer
BoardInit:Map,Tile:0,Tile:5,Bonus,Tile:10,Tile:5,Tile:6,Tile:8,Tile:5,Destroy,Tile:2,Tile:8,Malus,Destroy,Tile:6,Tile:7,Tile:9,Tile:10,Tile:7,Tile:8,Map,Map,Tile:9,Destroy,Tile:5,Tile:8,Tile:12,Tile:9,Tile:10,Tile:7,Malus,Tile:0,Tile:4,Tile:11,Bonus,Tile:3,Tile:9,Map,Tile:6,Tile:7,Map-Tile:14,Bonus,Tile:0,Tile:13,Tile:6,Tile:9,Tile:7-Tile:15,Tile:8,Tile:1,Tile:6,Tile:0,Bonus,Map-Tile:hidden2,Tile:hidden1,Tile:nugget
Tile:9_flip 5 4 1
Map 12 3 0
Tile:6_flip 4 4 1
Tile:8 6 5 0
Drop 2 0 1
Tile:6 7 5 0
Tile:13 6 6 1
Tile:0 8 5 0
Tile:6_flip 3 4 1
Tile:8 9 5 0
Map 12 7 1
Tile:0 10 5 0
Tile:5_flip 3 5 1
Tile:8 11 5 0
Tile:2 9 4 1
Tile:5_flip 12 6 0
Tile:7_flip 11 6 1
Tile:7 13 5 0
Tile:10 7 4 1
Tile:10 13 6 0
Tile:7_flip 8 4 1
Tile:8 13 7 0
GAMEOVER WINNER 0
# Game ended: Sat Apr 11 21:38:01 EDT 2020
