# Server version 0.08 running on 192.168.2.221:8123
# Game ID: 1336
# Board class: Saboteur.SaboteurBoard
# Timeout: 2000
# First Move Timeout: 30000
# Date: Sat Apr 11 22:00:36 EDT 2020
# Player 1: Player-0, 'RandomPlayer', running on 127.0.0.1
# Player 2: Player-1, '260729564', running on 127.0.0.1
START Player-0 RandomPlayer
START Player-1 260729564
BoardInit:Destroy,Bonus,Tile:8,Map,Tile:5,Tile:10,Bonus,Tile:13,Tile:6,Destroy,Map,Destroy,Tile:15,Map,Tile:1,Tile:7,Tile:8,Bonus,Tile:5,Tile:7,Malus,Map,Bonus,Map,Tile:6,Tile:14,Tile:5,Tile:0,Tile:7,Tile:3,Map,Tile:8,Tile:10,Tile:6,Tile:8,Tile:0,Tile:7,Tile:4,Tile:7,Tile:0,Tile:9-Malus,Tile:6,Tile:8,Tile:9,Tile:0,Tile:9,Tile:6-Tile:2,Tile:5,Tile:10,Tile:11,Tile:9,Tile:9,Tile:12-Tile:hidden2,Tile:nugget,Tile:hidden1
Malus 0 0 1
Drop 3 0 0
Tile:8 6 5 1
Drop 1 0 0
Tile:8 7 5 1
Map 12 5 0
Tile:9_flip 8 5 1
Drop 3 0 0
Tile:9 8 4 1
Drop 5 0 0
Tile:6 9 4 1
Drop 3 0 0
Map 12 3 1
Destroy 9 4 0
Tile:6_flip 9 4 1
Drop 4 0 0
Tile:5_flip 10 4 1
Map 12 7 0
Tile:8 10 3 1
Bonus 0 0 0
Tile:6 11 3 1
Tile:7_flip 9 5 0
Malus 0 0 1
Map 12 5 0
Tile:5_flip 13 3 1
Drop 4 0 0
Tile:6_flip 13 2 1
Drop 3 0 0
Tile:5_flip 12 4 1
Drop 2 0 0
Tile:7_flip 9 3 1
Drop 4 0 0
Map 12 5 1
Drop 6 0 0
Tile:10 11 2 1
Drop 4 0 0
Tile:8 8 6 1
Drop 3 0 0
Tile:7_flip 8 7 1
Drop 6 0 0
Tile:7_flip 7 6 1
Drop 2 0 0
Tile:9_flip 7 4 1
Drop 1 0 0
Tile:0 10 5 1
Drop 3 0 0
Destroy 12 4 1
Drop 0 0 0
Drop 1 0 1
Drop 2 0 0
Drop 1 0 1
Drop 0 0 0
Drop 1 0 1
Drop 0 0 0
Drop 0 0 1
GAMEOVER DRAW
# Game ended: Sat Apr 11 22:00:38 EDT 2020
