# Server version 0.08 running on 192.168.2.221:8123
# Game ID: 486
# Board class: Saboteur.SaboteurBoard
# Timeout: 2000
# First Move Timeout: 30000
# Date: Sat Apr 11 20:40:21 EDT 2020
# Player 1: Player-0, 'RandomPlayer', running on 127.0.0.1
# Player 2: Player-1, '260729564', running on 127.0.0.1
START Player-0 RandomPlayer
START Player-1 260729564
BoardInit:Tile:7,Bonus,Tile:8,Tile:8,Tile:0,Destroy,Tile:3,Tile:5,Tile:15,Tile:0,Tile:1,Tile:6,Map,Tile:9,Bonus,Tile:10,Tile:8,Tile:9,Tile:14,Tile:11,Tile:0,Tile:2,Bonus,Tile:8,Tile:9,Destroy,Map,Tile:7,Tile:5,Tile:6,Malus,Destroy,Malus,Map,Bonus,Map,Tile:6,Tile:5,Tile:7,Map,Tile:8-Tile:10,Tile:13,Map,Tile:9,Tile:4,Tile:7,Tile:10-Tile:7,Tile:0,Tile:9,Tile:5,Tile:6,Tile:12,Tile:6-Tile:nugget,Tile:hidden2,Tile:hidden1
Map 12 3 1
Tile:9_flip 5 4 0
Tile:9_flip 6 5 1
Tile:5 4 5 0
Tile:8 5 3 1
Tile:12_flip 4 4 0
Tile:0 6 3 1
Tile:6_flip 7 3 0
Tile:7 8 3 1
Tile:5 6 4 0
Tile:7_flip 8 4 1
Tile:6 6 6 0
Tile:10 5 2 1
Tile:8 9 4 0
Tile:10 9 3 1
Tile:9 5 6 0
Drop 0 0 1
Destroy 9 4 0
Tile:8 9 4 1
Tile:9_flip 7 4 0
Drop 0 0 1
Tile:7 5 1 0
Tile:0 10 4 1
Tile:6 5 7 0
Drop 0 0 1
Drop 5 0 0
Tile:9_flip 11 4 1
Tile:11_flip 4 6 0
Drop 0 0 1
Destroy 5 2 0
Tile:5 11 3 1
GAMEOVER WINNER 1
# Game ended: Sat Apr 11 20:40:21 EDT 2020
