# Server version 0.08 running on 192.168.2.221:8123
# Game ID: 414
# Board class: Saboteur.SaboteurBoard
# Timeout: 2000
# First Move Timeout: 30000
# Date: Sat Apr 11 20:34:50 EDT 2020
# Player 1: Player-0, 'RandomPlayer', running on 127.0.0.1
# Player 2: Player-1, '260729564', running on 127.0.0.1
START Player-0 RandomPlayer
START Player-1 260729564
BoardInit:Tile:7,Tile:3,Map,Tile:8,Bonus,Tile:10,Tile:8,Tile:5,Map,Tile:0,Destroy,Bonus,Map,Map,Tile:9,Destroy,Tile:4,Tile:0,Tile:7,Tile:6,Tile:1,Tile:10,Tile:8,Map,Tile:7,Tile:9,Tile:15,Tile:0,Tile:11,Bonus,Tile:10,Tile:8,Tile:7,Tile:7,Tile:9,Tile:9,Tile:9,Tile:6,Tile:2,Tile:6,Tile:13-Tile:6,Tile:5,Tile:6,Tile:8,Map,Tile:5,Destroy-Malus,Tile:5,Bonus,Malus,Tile:14,Tile:12,Tile:0-Tile:nugget,Tile:hidden2,Tile:hidden1
Map 12 3 1
Tile:12 6 5 0
Tile:8 5 4 1
Tile:5 5 3 0
Tile:6 6 4 1
Tile:3 7 4 0
Tile:6_flip 6 3 1
Tile:8 4 5 0
Tile:8 5 6 1
Tile:5_flip 7 3 0
Tile:5 7 2 1
Tile:0 6 6 0
Tile:7 8 2 1
Drop 0 0 0
Tile:5_flip 7 6 1
Tile:14_flip 4 4 0
Tile:9 8 3 1
Destroy 8 3 0
Drop 1 0 1
Tile:10 5 7 0
Tile:7_flip 8 3 1
Tile:6 4 6 0
Drop 2 0 1
Tile:0 3 5 0
Tile:8 9 3 1
Map 12 7 0
Tile:7 10 3 1
Tile:9 9 4 0
Drop 3 0 1
Tile:10 7 5 0
Drop 3 0 1
Tile:0 3 6 0
Tile:10 9 2 1
Malus 0 0 0
Bonus 0 0 1
Map 12 3 0
Tile:9_flip 10 4 1
Tile:7_flip 9 5 0
Tile:9_flip 10 5 1
Tile:8 2 5 0
Tile:7_flip 10 6 1
Tile:9_flip 11 6 0
Drop 2 0 1
Tile:6_flip 2 4 0
Drop 2 0 1
Tile:6_flip 1 4 0
Drop 2 0 1
Drop 1 0 0
Drop 2 0 1
Tile:0 0 4 0
Drop 2 0 1
Drop 0 0 0
Destroy 8 3 1
Drop 0 0 0
Destroy 5 3 1
GAMEOVER DRAW
# Game ended: Sat Apr 11 20:34:51 EDT 2020
