# Server version 0.08 running on 192.168.2.221:8123
# Game ID: 612
# Board class: Saboteur.SaboteurBoard
# Timeout: 2000
# First Move Timeout: 30000
# Date: Sat Apr 11 20:58:47 EDT 2020
# Player 1: Player-0, 'RandomPlayer', running on 127.0.0.1
# Player 2: Player-1, '260729564', running on 127.0.0.1
START Player-0 RandomPlayer
START Player-1 260729564
BoardInit:Tile:7,Bonus,Tile:10,Tile:12,Tile:15,Malus,Tile:0,Tile:14,Tile:9,Tile:9,Tile:7,Tile:3,Tile:6,Tile:0,Tile:4,Map,Tile:8,Map,Tile:10,Map,Tile:6,Tile:7,Malus,Tile:8,Tile:9,Bonus,Tile:8,Tile:8,Tile:2,Tile:7,Destroy,Map,Tile:1,Tile:7,Tile:0,Map,Map,Tile:11,Tile:5,Tile:10,Tile:6-Tile:0,Tile:6,Bonus,Tile:6,Bonus,Tile:9,Tile:13-Destroy,Destroy,Tile:9,Tile:5,Tile:8,Tile:5,Tile:5-Tile:hidden2,Tile:nugget,Tile:hidden1
Tile:9_flip 6 5 1
Tile:5 5 4 0
Tile:6 6 6 1
Destroy 6 5 0
Tile:0 6 4 1
Tile:8 5 6 0
Tile:6 7 4 1
Malus 0 0 0
Bonus 0 0 1
Tile:14 5 7 0
Tile:0 8 4 1
Tile:5_flip 7 6 0
Tile:9_flip 9 4 1
Tile:5 7 3 0
Tile:6 9 5 1
Destroy 5 4 0
Drop 1 0 1
Tile:3_flip 4 6 0
Tile:8 5 4 1
Tile:0 8 5 0
Tile:7 10 5 1
Tile:9 4 5 0
Tile:6 10 6 1
Drop 5 0 0
Malus 0 0 1
Drop 2 0 0
Tile:7 11 6 1
Map 12 3 0
Tile:8 11 7 1
Drop 6 0 0
Tile:2 4 7 1
Drop 3 0 0
Tile:10 12 6 1
GAMEOVER WINNER 1
# Game ended: Sat Apr 11 20:58:52 EDT 2020
