# Server version 0.08 running on 192.168.2.221:8123
# Game ID: 1279
# Board class: Saboteur.SaboteurBoard
# Timeout: 2000
# First Move Timeout: 30000
# Date: Sat Apr 11 21:43:10 EDT 2020
# Player 1: Player-0, '260729564', running on 127.0.0.1
# Player 2: Player-1, 'RandomPlayer', running on 127.0.0.1
START Player-0 260729564
START Player-1 RandomPlayer
BoardInit:Tile:0,Tile:4,Tile:9,Tile:8,Map,Tile:9,Tile:5,Tile:8,Malus,Tile:9,Map,Tile:5,Tile:15,Tile:3,Tile:6,Tile:5,Tile:5,Tile:14,Tile:6,Tile:1,Tile:13,Tile:10,Tile:7,Tile:6,Tile:7,Tile:10,Tile:7,Tile:6,Tile:0,Tile:8,Destroy,Tile:11,Tile:8,Tile:2,Bonus,Map,Tile:7,Map,Tile:7,Tile:6,Tile:10-Bonus,Map,Malus,Tile:0,Destroy,Tile:0,Map-Destroy,Bonus,Tile:9,Tile:9,Bonus,Tile:12,Tile:8-Tile:hidden2,Tile:nugget,Tile:hidden1
Drop 5 0 1
Tile:8 6 5 0
Drop 6 0 1
Tile:9_flip 7 5 0
Destroy 6 5 1
Tile:8 6 5 0
Map 12 5 1
Tile:9 7 4 0
Drop 2 0 1
Tile:8 8 4 0
Drop 0 0 1
Tile:9_flip 9 4 0
Tile:9 5 6 1
Tile:9 9 5 0
Tile:5_flip 6 6 1
Tile:5_flip 10 5 0
Tile:15 7 6 1
Tile:5 10 4 0
Tile:6_flip 9 3 1
Drop 2 0 0
Tile:6_flip 4 5 1
Drop 2 0 0
Tile:5_flip 10 3 1
Tile:10 9 6 0
Tile:7_flip 7 7 1
Tile:6_flip 11 4 0
Tile:13 8 3 1
Tile:10 9 7 0
Tile:7_flip 3 5 1
Tile:6_flip 12 4 0
GAMEOVER WINNER 0
# Game ended: Sat Apr 11 21:43:11 EDT 2020
