# Server version 0.08 running on 192.168.2.221:8123
# Game ID: 886
# Board class: Saboteur.SaboteurBoard
# Timeout: 2000
# First Move Timeout: 30000
# Date: Sat Apr 11 21:18:51 EDT 2020
# Player 1: Player-0, 'RandomPlayer', running on 127.0.0.1
# Player 2: Player-1, '260729564', running on 127.0.0.1
START Player-0 RandomPlayer
START Player-1 260729564
BoardInit:Destroy,Tile:6,Map,Tile:10,Tile:11,Tile:7,Tile:13,Tile:7,Tile:6,Tile:0,Tile:0,Tile:10,Destroy,Tile:7,Tile:14,Bonus,Bonus,Tile:4,Tile:6,Tile:8,Tile:3,Map,Tile:5,Map,Tile:7,Tile:8,Tile:1,Tile:5,Map,Tile:7,Destroy,Tile:6,Tile:5,Tile:8,Tile:0,Tile:8,Tile:9,Tile:9,Tile:2,Tile:6,Bonus-Tile:9,Tile:15,Malus,Tile:10,Malus,Bonus,Tile:12-Tile:5,Tile:9,Map,Tile:9,Map,Tile:0,Tile:8-Tile:hidden1,Tile:hidden2,Tile:nugget
Malus 0 0 1
Map 12 7 0
Malus 0 0 1
Map 12 3 0
Map 12 3 1
Drop 4 0 0
Tile:9_flip 6 5 1
Drop 5 0 0
Tile:10 6 4 1
Drop 1 0 0
Tile:6 6 6 1
Drop 4 0 0
Tile:0 7 6 1
Drop 0 0 0
Drop 0 0 1
Drop 0 0 0
Drop 1 0 1
Drop 1 0 0
Drop 2 0 1
Drop 3 0 0
Tile:6 8 6 1
Drop 2 0 0
Drop 2 0 1
Map 12 3 0
Tile:5_flip 9 6 1
Drop 5 0 0
Tile:7_flip 5 6 1
Map 12 5 0
Drop 3 0 1
Drop 6 0 0
Map 12 5 1
Drop 1 0 0
Drop 3 0 1
Drop 4 0 0
Tile:5 9 5 1
Drop 0 0 0
Tile:0 10 5 1
Drop 4 0 0
Tile:9_flip 8 5 1
Drop 0 0 0
Drop 3 0 1
Drop 4 0 0
Drop 3 0 1
Bonus 0 0 0
Drop 4 0 1
Drop 3 0 0
Drop 4 0 1
Drop 0 0 0
Destroy 6 5 1
Drop 2 0 0
Destroy 9 5 1
Drop 0 0 0
Destroy 8 6 1
Drop 0 0 0
Drop 0 0 1
GAMEOVER DRAW
# Game ended: Sat Apr 11 21:18:52 EDT 2020
