# Server version 0.08 running on 192.168.2.221:8123
# Game ID: 852
# Board class: Saboteur.SaboteurBoard
# Timeout: 2000
# First Move Timeout: 30000
# Date: Sat Apr 11 21:15:35 EDT 2020
# Player 1: Player-0, 'RandomPlayer', running on 127.0.0.1
# Player 2: Player-1, '260729564', running on 127.0.0.1
START Player-0 RandomPlayer
START Player-1 260729564
BoardInit:Tile:1,Tile:7,Tile:6,Tile:7,Tile:4,Tile:6,Tile:0,Destroy,Tile:11,Tile:8,Destroy,Tile:10,Tile:13,Map,Tile:0,Tile:10,Map,Bonus,Map,Tile:9,Tile:12,Tile:2,Tile:3,Tile:14,Bonus,Map,Tile:8,Tile:6,Tile:7,Tile:9,Tile:8,Tile:5,Tile:8,Tile:10,Tile:5,Tile:9,Malus,Tile:0,Tile:6,Tile:7,Bonus-Tile:8,Tile:5,Tile:15,Malus,Tile:9,Bonus,Tile:5-Tile:9,Map,Tile:7,Destroy,Map,Tile:0,Tile:6-Tile:hidden1,Tile:hidden2,Tile:nugget
Malus 0 0 1
Map 12 7 0
Tile:8 6 5 1
Drop 5 0 0
Tile:6 7 5 1
Drop 6 0 0
Tile:9_flip 8 5 1
Drop 1 0 0
Tile:5 8 4 1
Drop 0 0 0
Tile:0 9 4 1
Destroy 9 4 0
Tile:5_flip 9 4 1
Map 12 7 0
Drop 0 0 1
Map 12 7 0
Drop 1 0 1
Drop 3 0 0
Map 12 3 1
Drop 3 0 0
Map 12 5 1
Drop 2 0 0
Drop 1 0 1
Drop 3 0 0
Drop 1 0 1
Drop 5 0 0
Drop 2 0 1
Map 12 5 0
Tile:8 8 6 1
Drop 6 0 0
Tile:0 9 6 1
Drop 1 0 0
Tile:8 10 6 1
Drop 4 0 0
Tile:8 11 6 1
Drop 0 0 0
Tile:5_flip 12 6 1
Drop 4 0 0
Malus 0 0 1
Drop 0 0 0
Tile:6 13 5 1
Drop 4 0 0
Tile:7_flip 11 7 1
GAMEOVER WINNER 1
# Game ended: Sat Apr 11 21:15:36 EDT 2020
