# Server version 0.08 running on 192.168.2.221:8123
# Game ID: 427
# Board class: Saboteur.SaboteurBoard
# Timeout: 2000
# First Move Timeout: 30000
# Date: Sat Apr 11 20:35:22 EDT 2020
# Player 1: Player-0, '260729564', running on 127.0.0.1
# Player 2: Player-1, 'RandomPlayer', running on 127.0.0.1
START Player-0 260729564
START Player-1 RandomPlayer
BoardInit:Tile:5,Bonus,Tile:10,Tile:14,Destroy,Tile:4,Tile:7,Map,Tile:5,Tile:6,Tile:2,Tile:0,Tile:1,Tile:9,Map,Tile:10,Tile:0,Bonus,Tile:5,Tile:0,Tile:6,Bonus,Tile:6,Tile:9,Tile:9,Tile:5,Map,Tile:8,Tile:10,Map,Malus,Map,Tile:8,Destroy,Tile:8,Tile:9,Tile:7,Malus,Tile:9,Tile:3,Tile:8-Tile:6,Tile:7,Tile:13,Tile:6,Bonus,Tile:15,Tile:8-Destroy,Tile:11,Map,Tile:7,Tile:12,Tile:7,Tile:0-Tile:hidden2,Tile:hidden1,Tile:nugget
Tile:6_flip 4 5 1
Map 12 3 0
Tile:6 4 6 1
Tile:0 6 5 0
Drop 4 0 1
Tile:7 7 5 0
Tile:7_flip 3 5 1
Tile:7_flip 7 6 0
Drop 0 0 1
Map 12 5 0
Drop 1 0 1
Tile:6_flip 8 6 0
Tile:5_flip 9 6 1
Drop 1 0 0
Tile:7 5 4 1
Tile:9 9 5 0
Destroy 4 6 1
Tile:0 10 5 0
Drop 1 0 1
Tile:10 9 4 0
Tile:5_flip 5 6 1
Tile:0 11 5 0
Tile:5_flip 12 6 1
Destroy 12 6 0
Tile:2_flip 13 5 1
Tile:9 12 6 0
GAMEOVER WINNER 0
# Game ended: Sat Apr 11 20:35:22 EDT 2020
