# Server version 0.08 running on 192.168.2.221:8123
# Game ID: 1436
# Board class: Saboteur.SaboteurBoard
# Timeout: 2000
# First Move Timeout: 30000
# Date: Sat Apr 11 22:06:24 EDT 2020
# Player 1: Player-0, 'RandomPlayer', running on 127.0.0.1
# Player 2: Player-1, '260729564', running on 127.0.0.1
START Player-0 RandomPlayer
START Player-1 260729564
BoardInit:Tile:6,Tile:7,Tile:12,Tile:7,Tile:13,Tile:5,Tile:3,Bonus,Tile:0,Tile:8,Tile:11,Tile:2,Tile:8,Tile:10,Tile:5,Tile:7,Destroy,Tile:9,Map,Destroy,Tile:0,Malus,Tile:8,Tile:7,Map,Tile:10,Tile:8,Tile:9,Bonus,Tile:5,Map,Malus,Tile:9,Tile:9,Bonus,Tile:6,Tile:15,Tile:9,Tile:6,Tile:0,Tile:4-Map,Map,Destroy,Tile:0,Tile:6,Tile:10,Tile:14-Tile:1,Bonus,Tile:8,Tile:7,Map,Tile:6,Tile:5-Tile:hidden1,Tile:hidden2,Tile:nugget
Map 12 3 1
Map 12 3 0
Map 12 5 1
Tile:5 4 5 0
Tile:6 6 5 1
Tile:7 7 5 0
Tile:6_flip 6 4 1
Drop 2 0 0
Tile:10 7 6 1
Tile:5_flip 7 7 0
Tile:0 7 4 1
Drop 2 0 0
Tile:0 8 4 1
Tile:2 6 7 0
Tile:8 9 4 1
Tile:8 9 3 0
Tile:5_flip 10 4 1
Tile:7_flip 5 6 0
Drop 1 0 1
Tile:7_flip 9 5 0
Drop 1 0 1
Tile:9_flip 4 6 0
Tile:0 10 5 1
Destroy 10 4 0
Tile:8 11 5 1
Tile:10 9 2 0
Drop 1 0 1
Tile:7_flip 3 6 0
Tile:8 12 6 1
GAMEOVER WINNER 1
# Game ended: Sat Apr 11 22:06:24 EDT 2020
