# Server version 0.08 running on 192.168.2.221:8123
# Game ID: 559
# Board class: Saboteur.SaboteurBoard
# Timeout: 2000
# First Move Timeout: 30000
# Date: Sat Apr 11 20:44:12 EDT 2020
# Player 1: Player-0, '260729564', running on 127.0.0.1
# Player 2: Player-1, 'RandomPlayer', running on 127.0.0.1
START Player-0 260729564
START Player-1 RandomPlayer
BoardInit:Tile:13,Tile:10,Tile:11,Tile:4,Tile:1,Tile:6,Destroy,Tile:14,Map,Tile:10,Tile:9,Map,Tile:8,Tile:5,Tile:0,Tile:15,Tile:7,Bonus,Tile:2,Tile:6,Tile:7,Tile:5,Tile:9,Tile:7,Tile:9,Tile:9,Tile:0,Destroy,Tile:7,Tile:0,Tile:10,Tile:7,Tile:6,Tile:9,Map,Map,Tile:8,Bonus,Map,Tile:8,Tile:12-Tile:5,Tile:8,Tile:6,Bonus,Tile:5,Bonus,Tile:6-Malus,Tile:8,Map,Destroy,Malus,Tile:3,Tile:0-Tile:nugget,Tile:hidden1,Tile:hidden2
Tile:6 4 5 1
Map 12 3 0
Tile:6_flip 4 4 1
Malus 0 0 0
Drop 0 0 1
Malus 0 0 0
Drop 5 0 1
Tile:8 5 4 0
Drop 6 0 1
Tile:6 6 4 0
Bonus 0 0 1
Tile:0 7 4 0
Drop 6 0 1
Tile:10 6 3 0
Map 12 5 1
Tile:5_flip 8 4 0
Drop 1 0 1
Tile:10 8 3 0
Drop 3 0 1
Drop 1 0 0
Drop 2 0 1
Tile:6_flip 8 2 0
Drop 3 0 1
Tile:5_flip 9 2 0
Drop 5 0 1
Tile:7_flip 7 2 0
Drop 0 0 1
Tile:9 9 1 0
Drop 6 0 1
Drop 1 0 0
Drop 1 0 1
Tile:0 10 1 0
Drop 4 0 1
Tile:7 11 1 0
Drop 0 0 1
Tile:9 11 2 0
Drop 2 0 1
Drop 1 0 0
Map 12 5 1
Drop 1 0 0
Drop 6 0 1
Tile:8 12 2 0
GAMEOVER WINNER 0
# Game ended: Sat Apr 11 20:44:13 EDT 2020
