# Server version 0.08 running on 192.168.2.221:8123
# Game ID: 1340
# Board class: Saboteur.SaboteurBoard
# Timeout: 2000
# First Move Timeout: 30000
# Date: Sat Apr 11 22:00:44 EDT 2020
# Player 1: Player-0, 'RandomPlayer', running on 127.0.0.1
# Player 2: Player-1, '260729564', running on 127.0.0.1
START Player-0 RandomPlayer
START Player-1 260729564
BoardInit:Tile:13,Tile:6,Tile:9,Tile:5,Tile:5,Tile:10,Bonus,Map,Tile:2,Bonus,Tile:9,Tile:8,Tile:6,Tile:0,Tile:8,Malus,Destroy,Map,Tile:8,Tile:7,Bonus,Tile:11,Tile:9,Map,Map,Tile:15,Tile:7,Tile:0,Tile:8,Tile:12,Tile:14,Tile:6,Bonus,Tile:9,Tile:9,Tile:10,Tile:5,Tile:5,Tile:7,Tile:6,Tile:8-Destroy,Destroy,Tile:7,Map,Tile:7,Map,Tile:1-Tile:0,Tile:0,Tile:10,Tile:3,Malus,Tile:6,Tile:4-Tile:hidden1,Tile:hidden2,Tile:nugget
Map 12 3 1
Tile:0 6 5 0
Map 12 5 1
Tile:0 4 5 0
Tile:9_flip 7 5 1
Tile:6_flip 7 4 0
Tile:7_flip 7 6 1
Tile:5_flip 8 4 0
Tile:7 8 6 1
Tile:6 6 4 0
Tile:5 8 3 1
Tile:4 6 3 0
Tile:9 8 7 1
Tile:3_flip 5 6 0
Tile:6 9 7 1
Map 12 5 0
Tile:8 10 7 1
Tile:10 9 6 0
Drop 2 0 1
Tile:0 9 3 0
Tile:8 11 7 1
GAMEOVER WINNER 1
# Game ended: Sat Apr 11 22:00:45 EDT 2020
