# Server version 0.08 running on 192.168.2.221:8123
# Game ID: 216
# Board class: Saboteur.SaboteurBoard
# Timeout: 2000
# First Move Timeout: 30000
# Date: Sat Apr 11 20:09:40 EDT 2020
# Player 1: Player-0, 'RandomPlayer', running on 127.0.0.1
# Player 2: Player-1, '260729564', running on 127.0.0.1
START Player-0 RandomPlayer
START Player-1 260729564
BoardInit:Tile:8,Bonus,Malus,Tile:9,Tile:10,Tile:5,Malus,Destroy,Tile:9,Tile:7,Tile:7,Destroy,Tile:10,Bonus,Map,Tile:3,Tile:12,Tile:0,Tile:2,Tile:14,Tile:0,Map,Tile:9,Map,Bonus,Tile:6,Tile:8,Tile:0,Bonus,Tile:7,Tile:0,Destroy,Tile:7,Tile:8,Tile:6,Tile:6,Tile:8,Tile:13,Tile:5,Map,Tile:7-Map,Tile:9,Tile:1,Tile:6,Tile:9,Tile:5,Tile:5-Tile:10,Tile:6,Tile:15,Map,Tile:11,Tile:4,Tile:8-Tile:hidden1,Tile:nugget,Tile:hidden2
Map 12 3 1
Tile:4 5 4 0
Tile:8 6 5 1
Tile:11 5 6 0
Malus 0 0 1
Map 12 7 0
Tile:6 7 5 1
Drop 3 0 0
Malus 0 0 1
Drop 6 0 0
Tile:9_flip 8 5 1
Bonus 0 0 0
Tile:5 8 4 1
Drop 5 0 0
Tile:5_flip 9 4 1
Bonus 0 0 0
Map 12 5 1
Tile:10 6 4 0
Tile:9 9 3 1
Tile:3_flip 4 5 0
Tile:7_flip 8 6 1
Tile:14 6 6 0
Tile:0 10 3 1
Tile:9_flip 5 7 0
Tile:9_flip 9 6 1
Tile:15 9 2 0
Tile:10 7 4 1
Map 12 5 0
Tile:8 11 3 1
Destroy 8 5 0
Tile:9_flip 8 5 1
Tile:6 5 8 0
Tile:10 12 4 1
GAMEOVER WINNER 1
# Game ended: Sat Apr 11 20:09:40 EDT 2020
