# Server version 0.08 running on 192.168.2.221:8123
# Game ID: 284
# Board class: Saboteur.SaboteurBoard
# Timeout: 2000
# First Move Timeout: 30000
# Date: Sat Apr 11 20:16:14 EDT 2020
# Player 1: Player-0, 'RandomPlayer', running on 127.0.0.1
# Player 2: Player-1, '260729564', running on 127.0.0.1
START Player-0 RandomPlayer
START Player-1 260729564
BoardInit:Tile:10,Tile:0,Map,Map,Tile:7,Tile:3,Map,Map,Tile:4,Tile:6,Malus,Tile:7,Tile:8,Tile:13,Tile:5,Destroy,Tile:9,Tile:8,Tile:8,Tile:15,Tile:7,Tile:10,Tile:9,Tile:2,Bonus,Map,Tile:12,Tile:0,Tile:9,Map,Tile:0,Tile:6,Tile:6,Tile:6,Tile:9,Tile:5,Bonus,Tile:8,Destroy,Tile:7,Bonus-Tile:1,Tile:5,Malus,Tile:14,Tile:9,Bonus,Tile:6-Tile:7,Tile:11,Tile:5,Destroy,Tile:0,Tile:10,Tile:8-Tile:hidden1,Tile:nugget,Tile:hidden2
Malus 0 0 1
Drop 3 0 0
Tile:6 6 5 1
Drop 1 0 0
Map 12 3 1
Drop 2 0 0
Tile:9_flip 7 5 1
Map 12 5 0
Map 12 5 1
Map 12 5 0
Tile:10 7 4 1
Drop 4 0 0
Malus 0 0 1
Drop 0 0 0
Tile:8 7 6 1
Drop 0 0 0
Tile:5_flip 8 6 1
Drop 3 0 0
Tile:9 8 5 1
Drop 1 0 0
Tile:8 9 5 1
Destroy 7 5 0
Tile:5 6 6 1
Drop 0 0 0
Tile:9_flip 7 5 1
Drop 2 0 0
Tile:7 10 5 1
Drop 3 0 0
Tile:7_flip 10 6 1
Drop 4 0 0
Tile:9_flip 11 6 1
Map 12 7 0
Drop 0 0 1
Map 12 3 0
Tile:6 11 7 1
Drop 3 0 0
Tile:9 12 6 1
GAMEOVER WINNER 1
# Game ended: Sat Apr 11 20:16:14 EDT 2020
