# Server version 0.08 running on 192.168.2.221:8123
# Game ID: 267
# Board class: Saboteur.SaboteurBoard
# Timeout: 2000
# First Move Timeout: 30000
# Date: Sat Apr 11 20:15:28 EDT 2020
# Player 1: Player-0, '260729564', running on 127.0.0.1
# Player 2: Player-1, 'RandomPlayer', running on 127.0.0.1
START Player-0 260729564
START Player-1 RandomPlayer
BoardInit:Bonus,Map,Tile:9,Tile:6,Destroy,Tile:14,Tile:10,Tile:6,Tile:4,Tile:7,Tile:8,Tile:10,Tile:7,Malus,Map,Bonus,Tile:8,Destroy,Tile:9,Tile:7,Map,Map,Tile:11,Tile:5,Tile:7,Tile:12,Tile:0,Tile:0,Tile:5,Tile:15,Tile:8,Bonus,Tile:7,Tile:5,Tile:0,Tile:13,Tile:9,Tile:8,Destroy,Tile:3,Tile:2-Tile:9,Tile:6,Tile:9,Bonus,Map,Tile:6,Tile:10-Tile:6,Tile:0,Tile:5,Tile:1,Malus,Map,Tile:8-Tile:hidden2,Tile:hidden1,Tile:nugget
Tile:9_flip 5 6 1
Map 12 3 0
Map 12 3 1
Map 12 5 0
Tile:6_flip 6 5 1
Malus 0 0 0
Drop 2 0 1
Tile:8 7 5 0
Drop 6 0 1
Tile:6 8 5 0
Drop 3 0 1
Tile:0 9 5 0
Drop 5 0 1
Tile:6 10 5 0
Bonus 0 0 1
Malus 0 0 0
Destroy 9 5 1
Tile:6 9 5 0
Drop 3 0 1
Tile:10 10 4 0
Map 12 7 1
Tile:5_flip 11 5 0
Map 12 7 1
Tile:7_flip 7 6 0
Drop 2 0 1
Tile:5 11 4 0
Drop 0 0 1
Tile:7 12 4 0
Drop 5 0 1
Tile:0 13 5 0
Drop 0 0 1
Destroy 11 5 0
Drop 6 0 1
Drop 0 0 0
Drop 3 0 1
Tile:5 10 3 0
Drop 3 0 1
Drop 0 0 0
Drop 6 0 1
Tile:8 11 5 0
Drop 6 0 1
Drop 1 0 0
Drop 0 0 1
Drop 1 0 0
Drop 4 0 1
Drop 1 0 0
Drop 2 0 1
Drop 1 0 0
Drop 0 0 1
Drop 1 0 0
Drop 0 0 1
Drop 1 0 0
Drop 1 0 1
Drop 0 0 0
Drop 0 0 1
GAMEOVER DRAW
# Game ended: Sat Apr 11 20:15:28 EDT 2020
