# Server version 0.08 running on 192.168.2.221:8123
# Game ID: 120
# Board class: Saboteur.SaboteurBoard
# Timeout: 2000
# First Move Timeout: 30000
# Date: Sat Apr 11 16:20:02 EDT 2020
# Player 1: Player-0, 'RandomPlayer', running on 127.0.0.1
# Player 2: Player-1, '260729564', running on 127.0.0.1
START Player-0 RandomPlayer
START Player-1 260729564
BoardInit:Tile:5,Tile:7,Tile:8,Tile:2,Tile:3,Tile:14,Tile:9,Map,Tile:12,Tile:11,Tile:7,Tile:0,Tile:9,Tile:15,Tile:8,Tile:0,Tile:8,Tile:0,Bonus,Tile:9,Tile:5,Tile:6,Malus,Tile:6,Tile:7,Tile:5,Tile:6,Map,Tile:9,Tile:10,Map,Bonus,Tile:6,Tile:9,Tile:1,Bonus,Malus,Tile:8,Destroy,Map,Tile:5-Tile:10,Tile:7,Tile:10,Tile:13,Map,Bonus,Tile:7-Tile:0,Destroy,Map,Destroy,Tile:6,Tile:4,Tile:8-Tile:nugget,Tile:hidden2,Tile:hidden1
Map 12 3 1
Map 12 7 0
Tile:5 5 4 1
Drop 1 0 0
Tile:8 6 4 1
Tile:7 6 3 0
Tile:7 7 4 1
Tile:8 4 5 0
Tile:10 7 5 1
Tile:6 5 3 0
Tile:9 5 2 1
Destroy 5 3 0
Tile:10 7 6 1
Map 12 7 0
Tile:7_flip 7 7 1
Tile:15 5 6 0
Tile:8 8 7 1
Tile:11_flip 4 4 0
Tile:8 9 7 1
Tile:2_flip 3 5 0
Tile:7 10 7 1
Tile:14 6 5 0
Tile:5_flip 6 2 1
Tile:9_flip 10 8 0
Malus 0 0 1
Drop 2 0 0
Tile:9 9 6 1
Drop 0 0 0
Tile:6 10 6 1
Drop 4 0 0
Tile:9 10 5 1
Map 12 3 0
Tile:7 11 5 1
Drop 4 0 0
Tile:6 11 6 1
Drop 0 0 0
Drop 0 0 1
Drop 3 0 0
Malus 0 0 1
Bonus 0 0 0
Destroy 11 5 1
Drop 2 0 0
Tile:5 10 4 1
Drop 3 0 0
Drop 1 0 1
Drop 2 0 0
Drop 1 0 1
Drop 3 0 0
Drop 1 0 1
Drop 2 0 0
Drop 1 0 1
Drop 0 0 0
Drop 1 0 1
Drop 0 0 0
Drop 0 0 1
GAMEOVER DRAW
# Game ended: Sat Apr 11 16:20:03 EDT 2020
