# Server version 0.08 running on 192.168.2.221:8123
# Game ID: 650
# Board class: Saboteur.SaboteurBoard
# Timeout: 2000
# First Move Timeout: 30000
# Date: Sat Apr 11 21:03:07 EDT 2020
# Player 1: Player-0, 'RandomPlayer', running on 127.0.0.1
# Player 2: Player-1, '260729564', running on 127.0.0.1
START Player-0 RandomPlayer
START Player-1 260729564
BoardInit:Tile:8,Tile:8,Tile:15,Tile:7,Bonus,Bonus,Tile:7,Tile:0,Map,Tile:3,Tile:8,Map,Malus,Map,Tile:6,Tile:7,Tile:10,Tile:9,Tile:6,Tile:7,Tile:6,Tile:0,Destroy,Tile:2,Tile:5,Destroy,Tile:5,Tile:1,Tile:8,Tile:10,Malus,Tile:9,Tile:11,Bonus,Tile:0,Map,Tile:13,Tile:0,Tile:7,Tile:5,Destroy-Bonus,Tile:5,Tile:8,Tile:14,Tile:12,Tile:9,Tile:10-Tile:4,Tile:9,Map,Tile:6,Tile:6,Map,Tile:9-Tile:nugget,Tile:hidden2,Tile:hidden1
Tile:8 6 5 1
Tile:6 6 6 0
Tile:8 7 6 1
Map 12 5 0
Tile:9_flip 8 6 1
Tile:9_flip 7 5 0
Tile:10 8 5 1
Tile:8 7 7 0
Tile:5 8 4 1
Tile:0 6 7 0
Map 12 3 1
Drop 4 0 0
Tile:8 9 4 1
Tile:4 5 4 0
Malus 0 0 1
Drop 3 0 0
Tile:6 10 4 1
Map 12 5 0
Tile:7 11 4 1
Drop 1 0 0
Tile:6 11 5 1
Drop 6 0 0
Tile:10 12 4 1
GAMEOVER WINNER 1
# Game ended: Sat Apr 11 21:03:08 EDT 2020
