# Server version 0.08 running on 192.168.2.221:8123
# Game ID: 1274
# Board class: Saboteur.SaboteurBoard
# Timeout: 2000
# First Move Timeout: 30000
# Date: Sat Apr 11 21:42:51 EDT 2020
# Player 1: Player-0, 'RandomPlayer', running on 127.0.0.1
# Player 2: Player-1, '260729564', running on 127.0.0.1
START Player-0 RandomPlayer
START Player-1 260729564
BoardInit:Tile:9,Tile:7,Bonus,Tile:6,Tile:6,Tile:9,Tile:6,Tile:7,Tile:10,Tile:13,Map,Tile:5,Bonus,Tile:9,Bonus,Malus,Tile:12,Tile:0,Tile:10,Tile:0,Tile:8,Map,Map,Map,Tile:3,Destroy,Tile:6,Tile:5,Tile:5,Map,Tile:6,Malus,Tile:10,Tile:9,Tile:0,Tile:8,Tile:9,Tile:5,Tile:8,Tile:8,Tile:8-Destroy,Map,Tile:4,Tile:15,Tile:1,Tile:14,Tile:7-Tile:0,Bonus,Destroy,Tile:7,Tile:7,Tile:11,Tile:2-Tile:nugget,Tile:hidden1,Tile:hidden2
Map 12 3 1
Tile:0 4 5 0
Tile:9_flip 6 5 1
Tile:2 3 5 0
Tile:7_flip 6 6 1
Tile:11_flip 5 6 0
Tile:6_flip 6 4 1
Destroy 6 6 0
Tile:6 7 4 1
Tile:6 3 6 0
Tile:10 7 3 1
Tile:13 8 4 0
Drop 1 0 1
Tile:7_flip 2 6 0
Drop 1 0 1
Tile:9 6 6 0
Drop 1 0 1
Tile:5_flip 6 7 0
Drop 1 0 1
Tile:9_flip 9 4 0
Tile:10 8 3 1
Tile:7 7 6 0
Tile:8 7 2 1
Tile:7_flip 7 7 0
Drop 2 0 1
Map 12 3 0
Drop 2 0 1
Tile:7_flip 6 2 0
Tile:6_flip 8 2 1
Map 12 3 0
Tile:5_flip 9 2 1
Destroy 9 4 0
Tile:6_flip 9 1 1
Tile:5 6 1 0
Drop 2 0 1
Drop 0 0 0
Tile:0 10 1 1
Tile:9_flip 11 1 0
Tile:9 11 2 1
Tile:8 8 7 0
Tile:8 12 2 1
GAMEOVER WINNER 1
# Game ended: Sat Apr 11 21:42:53 EDT 2020
