# Server version 0.08 running on 192.168.2.221:8123
# Game ID: 393
# Board class: Saboteur.SaboteurBoard
# Timeout: 2000
# First Move Timeout: 30000
# Date: Sat Apr 11 20:32:52 EDT 2020
# Player 1: Player-0, '260729564', running on 127.0.0.1
# Player 2: Player-1, 'RandomPlayer', running on 127.0.0.1
START Player-0 260729564
START Player-1 RandomPlayer
BoardInit:Tile:5,Tile:0,Tile:12,Tile:0,Malus,Tile:3,Destroy,Tile:7,Tile:5,Map,Tile:6,Tile:4,Tile:5,Tile:7,Tile:10,Tile:8,Tile:9,Tile:6,Tile:14,Bonus,Tile:0,Tile:9,Tile:9,Map,Map,Bonus,Map,Tile:10,Tile:1,Tile:6,Tile:8,Map,Tile:13,Malus,Tile:7,Tile:8,Tile:2,Tile:0,Tile:9,Tile:5,Tile:11-Tile:8,Tile:8,Destroy,Tile:10,Destroy,Tile:6,Tile:9-Bonus,Tile:6,Tile:7,Bonus,Map,Tile:7,Tile:15-Tile:hidden2,Tile:hidden1,Tile:nugget
Tile:8 5 6 1
Map 12 3 0
Tile:5 4 5 1
Tile:6 6 6 0
Drop 2 0 1
Tile:0 7 6 0
Destroy 7 6 1
Tile:0 7 6 0
Tile:12 8 6 1
Tile:7_flip 5 7 0
Destroy 7 6 1
Map 12 5 0
Tile:6_flip 5 4 1
Tile:7 6 7 0
Tile:9 4 6 1
Tile:7_flip 6 8 0
Tile:5_flip 6 4 1
Tile:8 7 6 0
Tile:6_flip 6 3 1
Tile:6 7 8 0
Tile:10 4 7 1
Tile:7 8 8 0
Tile:9_flip 7 5 1
Tile:9 8 9 0
Destroy 8 9 1
Drop 1 0 0
Tile:9 4 8 1
Drop 1 0 0
Drop 3 0 1
Tile:10 8 9 0
Tile:0 5 3 1
Tile:6_flip 6 5 0
Tile:8 4 3 1
Drop 1 0 0
Drop 4 0 1
Malus 0 0 0
Map 12 7 1
Tile:8 8 10 0
Map 12 5 1
Tile:0 9 10 0
Drop 4 0 1
Tile:5_flip 10 10 0
Drop 5 0 1
Drop 1 0 0
Drop 4 0 1
Drop 1 0 0
Drop 3 0 1
Drop 1 0 0
Drop 2 0 1
Drop 1 0 0
Drop 0 0 1
Drop 1 0 0
Drop 1 0 1
Drop 0 0 0
Drop 0 0 1
GAMEOVER DRAW
# Game ended: Sat Apr 11 20:32:53 EDT 2020
