# Server version 0.08 running on 192.168.2.221:8123
# Game ID: 1214
# Board class: Saboteur.SaboteurBoard
# Timeout: 2000
# First Move Timeout: 30000
# Date: Sat Apr 11 21:39:14 EDT 2020
# Player 1: Player-0, 'RandomPlayer', running on 127.0.0.1
# Player 2: Player-1, '260729564', running on 127.0.0.1
START Player-0 RandomPlayer
START Player-1 260729564
BoardInit:Tile:10,Tile:15,Tile:2,Map,Tile:6,Map,Tile:5,Tile:5,Destroy,Tile:9,Tile:9,Tile:0,Tile:8,Tile:8,Tile:1,Tile:10,Tile:10,Tile:6,Tile:9,Destroy,Tile:8,Map,Tile:0,Tile:6,Tile:9,Bonus,Tile:6,Map,Malus,Bonus,Tile:5,Tile:3,Tile:7,Tile:9,Tile:4,Tile:7,Tile:0,Tile:0,Tile:8,Bonus,Tile:7-Tile:7,Tile:12,Tile:7,Map,Tile:11,Tile:8,Malus-Tile:14,Map,Tile:6,Bonus,Destroy,Tile:5,Tile:13-Tile:hidden1,Tile:nugget,Tile:hidden2
Map 12 3 1
Drop 3 0 0
Malus 0 0 1
Map 12 3 0
Tile:8 6 5 1
Map 12 5 0
Tile:6 7 5 1
Destroy 7 5 0
Tile:5_flip 7 5 1
Map 12 5 0
Tile:10 7 4 1
Drop 4 0 0
Tile:9 6 6 1
Drop 0 0 0
Tile:8 7 3 1
Drop 0 0 0
Tile:7 7 6 1
Drop 5 0 0
Tile:10 6 4 1
Drop 3 0 0
Tile:9_flip 8 3 1
Drop 4 0 0
Tile:8 7 7 1
Map 12 5 0
Tile:0 8 7 1
Drop 4 0 0
Tile:9 8 4 1
Destroy 8 7 0
Tile:6 9 4 1
Drop 6 0 0
Malus 0 0 1
Drop 4 0 0
Tile:7 10 4 1
Drop 6 0 0
Tile:7_flip 10 5 1
Drop 4 0 0
Tile:5_flip 11 5 1
Drop 4 0 0
Tile:0 8 7 1
Drop 6 0 0
Tile:8 9 7 1
Drop 4 0 0
Tile:7 10 7 1
Bonus 0 0 0
Destroy 11 5 1
Drop 3 0 0
Drop 0 0 1
Drop 0 0 0
Drop 0 0 1
Drop 2 0 0
Drop 0 0 1
Drop 0 0 0
Drop 0 0 1
Drop 0 0 0
Drop 0 0 1
GAMEOVER DRAW
# Game ended: Sat Apr 11 21:39:14 EDT 2020
