# Server version 0.08 running on 192.168.2.221:8123
# Game ID: 170
# Board class: Saboteur.SaboteurBoard
# Timeout: 2000
# First Move Timeout: 30000
# Date: Sat Apr 11 20:05:43 EDT 2020
# Player 1: Player-0, 'RandomPlayer', running on 127.0.0.1
# Player 2: Player-1, '260729564', running on 127.0.0.1
START Player-0 RandomPlayer
START Player-1 260729564
BoardInit:Map,Destroy,Map,Tile:9,Tile:0,Tile:6,Tile:13,Map,Tile:8,Tile:10,Tile:7,Tile:10,Bonus,Tile:8,Map,Tile:7,Tile:7,Tile:11,Tile:6,Tile:7,Tile:9,Tile:9,Tile:6,Tile:5,Tile:0,Tile:5,Tile:4,Tile:3,Malus,Map,Tile:9,Tile:0,Tile:12,Tile:6,Tile:2,Tile:14,Tile:10,Bonus,Tile:5,Destroy,Bonus-Tile:8,Tile:6,Tile:1,Tile:8,Tile:7,Tile:8,Tile:9-Tile:0,Map,Tile:15,Malus,Destroy,Bonus,Tile:5-Tile:hidden2,Tile:nugget,Tile:hidden1
Tile:8 6 5 1
Map 12 7 0
Map 12 3 1
Drop 5 0 0
Map 12 5 1
Destroy 6 5 0
Tile:8 6 5 1
Drop 2 0 0
Tile:8 7 5 1
Map 12 5 0
Tile:8 8 5 1
Tile:10 8 6 0
Tile:9_flip 9 5 1
Destroy 9 5 0
Tile:6 9 5 1
Tile:9 9 4 0
Tile:0 10 4 1
Tile:7_flip 8 7 0
Tile:7 11 4 1
Tile:11_flip 8 4 0
Tile:6 11 5 1
GAMEOVER WINNER 1
# Game ended: Sat Apr 11 20:05:44 EDT 2020
