# Server version 0.08 running on 192.168.2.221:8123
# Game ID: 1131
# Board class: Saboteur.SaboteurBoard
# Timeout: 2000
# First Move Timeout: 30000
# Date: Sat Apr 11 21:34:24 EDT 2020
# Player 1: Player-0, '260729564', running on 127.0.0.1
# Player 2: Player-1, 'RandomPlayer', running on 127.0.0.1
START Player-0 260729564
START Player-1 RandomPlayer
BoardInit:Tile:2,Tile:9,Destroy,Tile:6,Tile:8,Tile:0,Tile:7,Map,Map,Tile:7,Bonus,Tile:6,Bonus,Tile:9,Tile:5,Tile:1,Bonus,Tile:3,Tile:6,Tile:0,Tile:8,Tile:11,Tile:4,Tile:12,Tile:5,Tile:9,Tile:6,Tile:8,Malus,Tile:0,Tile:9,Tile:5,Tile:0,Tile:5,Tile:14,Tile:15,Tile:10,Tile:9,Tile:7,Tile:10,Destroy-Tile:13,Tile:6,Map,Bonus,Map,Tile:8,Tile:8-Tile:7,Malus,Tile:7,Tile:10,Destroy,Map,Map-Tile:hidden2,Tile:nugget,Tile:hidden1
Tile:8 5 4 1
Map 12 3 0
Tile:13 5 3 1
Map 12 5 0
Tile:6 6 4 1
Malus 0 0 0
Drop 2 0 1
Tile:6 7 4 0
Drop 3 0 1
Tile:0 8 4 0
Map 12 3 1
Tile:9_flip 9 4 0
Destroy 8 4 1
Tile:6 8 4 0
Drop 2 0 1
Tile:10 9 5 0
Drop 0 0 1
Tile:9 9 6 0
Drop 1 0 1
Tile:7 10 6 0
Bonus 0 0 1
Tile:0 6 5 0
Tile:6_flip 7 3 1
Tile:7_flip 10 7 0
Map 12 5 1
Tile:7 11 7 0
Tile:5_flip 9 7 1
Tile:9_flip 5 6 0
Tile:6_flip 6 3 1
Tile:8 11 8 0
Tile:8 12 8 1
GAMEOVER TIMEOUT WINNER 1
# Game ended: Sat Apr 11 21:34:27 EDT 2020
