# Server version 0.08 running on 192.168.2.221:8123
# Game ID: 626
# Board class: Saboteur.SaboteurBoard
# Timeout: 2000
# First Move Timeout: 30000
# Date: Sat Apr 11 21:00:03 EDT 2020
# Player 1: Player-0, 'RandomPlayer', running on 127.0.0.1
# Player 2: Player-1, '260729564', running on 127.0.0.1
START Player-0 RandomPlayer
START Player-1 260729564
BoardInit:Tile:11,Tile:6,Tile:1,Tile:13,Bonus,Tile:9,Tile:3,Tile:8,Tile:8,Map,Tile:14,Map,Bonus,Tile:5,Tile:6,Malus,Map,Tile:9,Tile:8,Tile:15,Tile:5,Tile:9,Map,Tile:5,Tile:10,Tile:6,Destroy,Tile:7,Destroy,Malus,Tile:0,Tile:8,Tile:7,Tile:7,Tile:10,Map,Map,Tile:8,Tile:2,Bonus,Tile:4-Tile:0,Tile:7,Tile:10,Tile:9,Tile:9,Tile:0,Tile:6-Tile:5,Bonus,Tile:0,Tile:6,Destroy,Tile:12,Tile:7-Tile:hidden1,Tile:nugget,Tile:hidden2
Tile:9_flip 6 5 1
Tile:5 6 4 0
Tile:9_flip 7 4 1
Tile:0 4 5 0
Tile:6_flip 7 3 1
Tile:6_flip 8 3 0
Tile:0 9 3 1
Tile:9_flip 5 6 0
Tile:0 10 3 1
Tile:13 11 3 0
Tile:8 5 7 1
Drop 4 0 0
Tile:10 8 4 1
Destroy 7 3 0
Tile:7_flip 7 5 1
Tile:7_flip 4 7 0
Tile:6 8 5 1
Tile:8 9 5 0
Map 12 3 1
Tile:5 3 5 0
Tile:8 10 5 1
Tile:9_flip 11 5 0
Tile:5 10 4 1
Tile:9_flip 11 4 0
Map 12 5 1
Tile:15 11 2 0
Tile:10 11 6 1
Tile:6_flip 4 6 0
Destroy 11 3 1
Map 12 5 0
Destroy 11 5 1
Tile:12 6 7 0
Drop 0 0 1
Tile:8 7 3 0
Tile:7_flip 9 6 1
Tile:7_flip 11 7 0
Tile:10 7 2 1
Tile:7 11 1 0
Tile:0 6 3 1
Tile:8 11 3 0
Drop 0 0 1
Drop 6 0 0
Drop 1 0 1
Tile:5 5 3 0
Drop 1 0 1
Drop 3 0 0
Drop 1 0 1
Map 12 7 0
Drop 1 0 1
Map 12 7 0
Drop 1 0 1
Malus 0 0 0
Bonus 0 0 1
Drop 0 0 0
Drop 0 0 1
GAMEOVER DRAW
# Game ended: Sat Apr 11 21:00:04 EDT 2020
