# Server version 0.08 running on 192.168.2.221:8123
# Game ID: 354
# Board class: Saboteur.SaboteurBoard
# Timeout: 2000
# First Move Timeout: 30000
# Date: Sat Apr 11 20:20:37 EDT 2020
# Player 1: Player-0, 'RandomPlayer', running on 127.0.0.1
# Player 2: Player-1, '260729564', running on 127.0.0.1
START Player-0 RandomPlayer
START Player-1 260729564
BoardInit:Tile:7,Tile:10,Malus,Tile:3,Tile:8,Tile:8,Tile:0,Tile:13,Tile:11,Tile:6,Destroy,Tile:0,Tile:4,Tile:12,Map,Tile:7,Tile:15,Tile:9,Tile:9,Tile:5,Tile:5,Tile:6,Tile:5,Tile:7,Bonus,Tile:5,Tile:6,Tile:1,Tile:10,Tile:6,Malus,Bonus,Tile:8,Destroy,Destroy,Tile:9,Map,Tile:8,Tile:10,Tile:9,Tile:14-Map,Bonus,Bonus,Tile:2,Tile:9,Tile:8,Map-Map,Tile:0,Tile:6,Map,Tile:7,Tile:7,Tile:0-Tile:hidden2,Tile:nugget,Tile:hidden1
Map 12 3 1
Tile:7_flip 5 6 0
Map 12 5 1
Tile:7 6 5 0
Malus 0 0 1
Drop 1 0 0
Tile:8 6 6 1
Drop 1 0 0
Tile:8 7 6 1
Drop 1 0 0
Tile:0 8 6 1
Drop 1 0 0
Tile:9_flip 9 6 1
Drop 4 0 0
Tile:7_flip 9 7 1
Map 12 7 0
Drop 1 0 1
Drop 5 0 0
Drop 1 0 1
Drop 3 0 0
Tile:9_flip 10 7 1
Drop 2 0 0
Tile:5 10 6 1
Drop 0 0 0
Tile:5_flip 11 6 1
Drop 2 0 0
Drop 1 0 1
Drop 0 0 0
Tile:6_flip 11 5 1
GAMEOVER WINNER 1
# Game ended: Sat Apr 11 20:20:37 EDT 2020
