# Server version 0.08 running on 192.168.2.221:8123
# Game ID: 389
# Board class: Saboteur.SaboteurBoard
# Timeout: 2000
# First Move Timeout: 30000
# Date: Sat Apr 11 20:32:40 EDT 2020
# Player 1: Player-0, '260729564', running on 127.0.0.1
# Player 2: Player-1, 'RandomPlayer', running on 127.0.0.1
START Player-0 260729564
START Player-1 RandomPlayer
BoardInit:Malus,Destroy,Tile:7,Tile:10,Bonus,Tile:7,Tile:10,Map,Tile:1,Tile:5,Tile:14,Tile:7,Bonus,Tile:6,Bonus,Tile:6,Tile:9,Tile:3,Tile:9,Tile:13,Tile:7,Tile:8,Tile:12,Tile:4,Tile:2,Tile:8,Tile:0,Tile:8,Map,Tile:9,Tile:6,Tile:10,Tile:5,Bonus,Tile:6,Tile:0,Tile:5,Tile:6,Tile:8,Map,Tile:0-Tile:7,Tile:15,Map,Tile:9,Tile:0,Map,Map-Destroy,Malus,Tile:5,Tile:11,Tile:9,Tile:8,Destroy-Tile:hidden1,Tile:nugget,Tile:hidden2
Tile:9 5 6 1
Malus 0 0 0
Map 12 5 1
Tile:8 6 6 0
Drop 4 0 1
Tile:9_flip 7 6 0
Map 12 5 1
Tile:10 7 5 0
Drop 0 0 1
Map 12 3 0
Drop 4 0 1
Tile:5 7 4 0
Malus 0 0 1
Drop 1 0 0
Drop 5 0 1
Drop 0 0 0
Drop 6 0 1
Drop 0 0 0
Drop 3 0 1
Drop 6 0 0
Drop 2 0 1
Drop 6 0 0
Drop 3 0 1
Drop 0 0 0
Drop 2 0 1
Drop 6 0 0
Drop 0 0 1
Drop 0 0 0
Drop 5 0 1
Drop 0 0 0
Map 12 3 1
Drop 0 0 0
Drop 6 0 1
Drop 0 0 0
Drop 3 0 1
Bonus 0 0 0
Drop 3 0 1
Tile:8 8 4 0
Drop 6 0 1
Tile:8 9 4 0
Drop 2 0 1
Map 12 5 0
Drop 0 0 1
Tile:8 10 4 0
Drop 4 0 1
Tile:9_flip 11 4 0
Drop 2 0 1
Tile:6 11 5 0
GAMEOVER WINNER 0
# Game ended: Sat Apr 11 20:32:40 EDT 2020
