# Server version 0.08 running on 192.168.2.221:8123
# Game ID: 1125
# Board class: Saboteur.SaboteurBoard
# Timeout: 2000
# First Move Timeout: 30000
# Date: Sat Apr 11 21:34:13 EDT 2020
# Player 1: Player-0, '260729564', running on 127.0.0.1
# Player 2: Player-1, 'RandomPlayer', running on 127.0.0.1
START Player-0 260729564
START Player-1 RandomPlayer
BoardInit:Tile:11,Tile:14,Tile:7,Tile:8,Tile:8,Tile:6,Bonus,Tile:5,Tile:0,Tile:7,Tile:5,Tile:9,Tile:7,Tile:9,Tile:8,Tile:6,Tile:4,Tile:0,Malus,Bonus,Map,Tile:6,Tile:9,Tile:7,Tile:12,Tile:9,Tile:10,Map,Tile:0,Tile:9,Tile:2,Map,Tile:6,Destroy,Tile:7,Bonus,Destroy,Tile:15,Tile:0,Destroy,Map-Tile:8,Tile:8,Tile:3,Tile:13,Tile:1,Malus,Tile:10-Bonus,Tile:5,Tile:10,Tile:5,Tile:6,Map,Map-Tile:hidden1,Tile:nugget,Tile:hidden2
Drop 3 0 1
Map 12 3 0
Tile:8 5 4 1
Map 12 5 0
Drop 2 0 1
Tile:8 6 4 0
Tile:11 4 5 1
Tile:6 7 4 0
Tile:3 6 3 1
Tile:6 8 4 0
Tile:8 4 4 1
Tile:5_flip 9 4 0
Tile:8 6 5 1
Tile:10 9 3 0
Tile:7 7 5 1
Tile:9 7 6 0
Tile:7_flip 3 4 1
Tile:6 8 6 0
Tile:4_flip 4 6 1
Tile:0 9 6 0
Tile:10 5 6 1
Tile:9_flip 10 6 0
Tile:5 8 5 1
Tile:6_flip 10 5 0
Tile:0 9 5 1
Tile:5_flip 11 5 0
Malus 0 0 1
Bonus 0 0 0
Drop 2 0 1
Tile:9 11 4 0
Tile:9_flip 5 7 1
Tile:9_flip 12 4 0
GAMEOVER WINNER 0
# Game ended: Sat Apr 11 21:34:14 EDT 2020
