# Server version 0.08 running on 192.168.2.221:8123
# Game ID: 252
# Board class: Saboteur.SaboteurBoard
# Timeout: 2000
# First Move Timeout: 30000
# Date: Sat Apr 11 20:12:50 EDT 2020
# Player 1: Player-0, 'RandomPlayer', running on 127.0.0.1
# Player 2: Player-1, '260729564', running on 127.0.0.1
START Player-0 RandomPlayer
START Player-1 260729564
BoardInit:Tile:9,Tile:9,Map,Tile:3,Tile:5,Tile:9,Tile:13,Tile:10,Malus,Bonus,Map,Tile:8,Tile:10,Map,Tile:1,Destroy,Bonus,Tile:8,Tile:4,Tile:8,Bonus,Map,Tile:7,Tile:8,Tile:6,Tile:12,Tile:14,Destroy,Tile:0,Tile:6,Tile:6,Malus,Tile:7,Tile:0,Tile:7,Tile:0,Tile:8,Tile:5,Tile:10,Map,Tile:5-Tile:6,Map,Tile:15,Tile:5,Bonus,Tile:0,Tile:2-Tile:9,Tile:9,Tile:11,Destroy,Tile:7,Tile:6,Tile:7-Tile:hidden1,Tile:hidden2,Tile:nugget
Map 12 3 1
Tile:7 5 4 0
Tile:9_flip 6 5 1
Tile:11 5 6 0
Map 12 5 1
Tile:9_flip 6 6 0
Tile:6 6 7 1
Drop 2 0 0
Tile:0 7 7 1
Tile:9 4 4 0
Malus 0 0 1
Drop 1 0 0
Tile:5_flip 8 7 1
Destroy 4 4 0
Tile:10 8 6 1
Map 12 5 0
Tile:5 8 5 1
Destroy 8 7 0
Drop 0 0 1
Drop 3 0 0
Drop 1 0 1
Drop 2 0 0
Drop 1 0 1
Map 12 3 0
Tile:7_flip 5 7 1
Drop 5 0 0
Tile:6 8 7 1
Drop 0 0 0
Drop 1 0 1
Drop 2 0 0
Tile:0 9 7 1
Drop 0 0 0
Tile:6 10 7 1
Drop 6 0 0
Tile:7 11 7 1
Destroy 5 7 0
Tile:7_flip 11 8 1
Drop 4 0 0
Tile:8 12 8 1
GAMEOVER WINNER 1
# Game ended: Sat Apr 11 20:12:51 EDT 2020
