# Server version 0.08 running on 192.168.2.221:8123
# Game ID: 85
# Board class: Saboteur.SaboteurBoard
# Timeout: 2000
# First Move Timeout: 30000
# Date: Sat Apr 11 16:17:02 EDT 2020
# Player 1: Player-0, '260729564', running on 127.0.0.1
# Player 2: Player-1, 'RandomPlayer', running on 127.0.0.1
START Player-0 260729564
START Player-1 RandomPlayer
BoardInit:Bonus,Tile:8,Tile:13,Tile:9,Tile:7,Tile:5,Tile:7,Tile:0,Tile:14,Tile:10,Tile:7,Bonus,Tile:7,Destroy,Tile:6,Tile:9,Tile:0,Tile:10,Tile:6,Tile:7,Tile:5,Tile:2,Tile:5,Malus,Map,Tile:4,Tile:0,Tile:11,Tile:9,Tile:6,Map,Map,Destroy,Tile:3,Tile:9,Bonus,Tile:12,Map,Malus,Tile:5,Tile:0-Tile:6,Tile:8,Tile:15,Tile:6,Bonus,Tile:8,Tile:8-Map,Map,Tile:10,Tile:8,Tile:9,Tile:1,Destroy-Tile:hidden1,Tile:hidden2,Tile:nugget
Tile:8 5 6 1
Map 12 3 0
Tile:8 6 5 1
Map 12 5 0
Tile:13 5 7 1
Tile:8 6 6 0
Tile:7 7 5 1
Tile:8 7 6 0
Tile:8 6 4 1
Tile:0 8 6 0
Tile:6 6 7 1
Tile:9_flip 9 6 0
Tile:6 4 6 1
Tile:10 9 7 0
Tile:14 7 7 1
Tile:10 9 8 0
Tile:6_flip 9 5 1
Tile:5_flip 10 5 0
Tile:7_flip 3 6 1
Tile:9 9 9 0
Tile:15 6 3 1
Tile:9_flip 10 9 0
Tile:7_flip 8 5 1
Tile:10 10 8 0
Tile:5_flip 10 10 1
Malus 0 0 0
Map 12 7 1
Tile:7_flip 9 10 0
Drop 2 0 1
Drop 0 0 0
Drop 4 0 1
Tile:6_flip 10 4 0
Drop 3 0 1
Drop 3 0 0
Destroy 10 4 1
Drop 3 0 0
Drop 0 0 1
Drop 3 0 0
Map 12 5 1
Drop 3 0 0
Drop 4 0 1
Tile:5 10 7 0
Malus 0 0 1
Bonus 0 0 0
Drop 4 0 1
Drop 2 0 0
Drop 3 0 1
Drop 3 0 0
Drop 2 0 1
Destroy 9 10 0
Drop 0 0 1
Destroy 6 7 0
Drop 1 0 1
Drop 0 0 0
Drop 0 0 1
GAMEOVER DRAW
# Game ended: Sat Apr 11 16:17:02 EDT 2020
