# Server version 0.08 running on 192.168.2.221:8123
# Game ID: 829
# Board class: Saboteur.SaboteurBoard
# Timeout: 2000
# First Move Timeout: 30000
# Date: Sat Apr 11 21:13:52 EDT 2020
# Player 1: Player-0, '260729564', running on 127.0.0.1
# Player 2: Player-1, 'RandomPlayer', running on 127.0.0.1
START Player-0 260729564
START Player-1 RandomPlayer
BoardInit:Tile:7,Tile:3,Tile:10,Tile:0,Tile:5,Tile:1,Tile:7,Malus,Map,Map,Tile:9,Tile:6,Malus,Tile:4,Tile:5,Tile:0,Map,Destroy,Tile:10,Tile:8,Tile:10,Tile:6,Tile:14,Tile:2,Destroy,Tile:8,Tile:0,Tile:6,Tile:15,Bonus,Destroy,Map,Tile:11,Tile:7,Tile:6,Tile:8,Bonus,Tile:8,Bonus,Tile:9,Tile:6-Tile:9,Tile:12,Tile:5,Bonus,Tile:0,Tile:9,Tile:9-Map,Tile:7,Map,Tile:8,Tile:13,Tile:7,Tile:5-Tile:hidden1,Tile:hidden2,Tile:nugget
Tile:9_flip 6 5 1
Map 12 3 0
Tile:9 6 4 1
Map 12 5 0
Tile:9_flip 6 3 1
Tile:8 6 6 0
Tile:7 5 4 1
Tile:0 7 6 0
Tile:10 6 7 1
Malus 0 0 0
Drop 1 0 1
Tile:7 8 6 0
Drop 6 0 1
Tile:6 8 7 0
Malus 0 0 1
Drop 0 0 0
Drop 0 0 1
Drop 2 0 0
Drop 3 0 1
Drop 2 0 0
Map 12 5 1
Drop 2 0 0
Map 12 3 1
Drop 2 0 0
Drop 5 0 1
Drop 6 0 0
Destroy 6 6 1
Drop 0 0 0
Drop 6 0 1
Drop 0 0 0
Drop 1 0 1
Bonus 0 0 0
Drop 2 0 1
Tile:8 6 6 0
Destroy 7 6 1
Tile:8 7 6 0
Drop 4 0 1
Tile:8 9 7 0
Bonus 0 0 1
Tile:8 10 7 0
Tile:5 4 4 1
Tile:6 11 7 0
GAMEOVER WINNER 0
# Game ended: Sat Apr 11 21:13:52 EDT 2020
