# Server version 0.08 running on 192.168.2.221:8123
# Game ID: 182
# Board class: Saboteur.SaboteurBoard
# Timeout: 2000
# First Move Timeout: 30000
# Date: Sat Apr 11 20:06:44 EDT 2020
# Player 1: Player-0, 'RandomPlayer', running on 127.0.0.1
# Player 2: Player-1, '260729564', running on 127.0.0.1
START Player-0 RandomPlayer
START Player-1 260729564
BoardInit:Destroy,Tile:8,Bonus,Destroy,Tile:10,Tile:10,Tile:4,Tile:5,Map,Tile:9,Map,Map,Tile:0,Tile:0,Tile:8,Tile:1,Bonus,Tile:8,Tile:6,Tile:6,Tile:3,Tile:6,Tile:0,Bonus,Tile:7,Tile:0,Tile:7,Malus,Tile:7,Tile:12,Tile:6,Tile:5,Malus,Tile:5,Tile:13,Tile:7,Tile:7,Tile:9,Tile:8,Tile:15,Map-Tile:2,Tile:14,Tile:9,Destroy,Tile:10,Tile:8,Bonus-Map,Tile:9,Map,Tile:6,Tile:5,Tile:11,Tile:9-Tile:nugget,Tile:hidden1,Tile:hidden2
Tile:8 6 5 1
Tile:9 6 6 0
Tile:9_flip 7 6 1
Tile:5 5 4 0
Tile:10 7 7 1
Tile:6 7 8 0
Tile:10 6 7 1
Tile:9_flip 6 4 0
Drop 0 0 1
Tile:8 6 8 0
Map 12 3 1
Drop 1 0 0
Drop 0 0 1
Tile:5_flip 6 9 0
Tile:0 8 8 1
Destroy 5 4 0
Tile:8 7 5 1
Tile:9 5 8 0
Drop 3 0 1
Tile:11 7 4 0
Tile:6 9 8 1
Tile:8 6 3 0
Drop 3 0 1
Tile:10 5 7 0
Tile:0 10 8 1
Tile:6_flip 4 5 0
Tile:7 11 8 1
Tile:1 8 4 0
Tile:7 8 5 1
Drop 2 0 0
Tile:7_flip 8 6 1
Map 12 3 0
Tile:6 11 9 1
Map 12 3 0
Malus 0 0 1
Drop 4 0 0
Drop 3 0 1
Drop 3 0 0
Tile:7 12 9 1
Drop 0 0 0
Tile:8 9 6 1
Drop 4 0 0
Drop 3 0 1
Bonus 0 0 0
Drop 3 0 1
Tile:15 5 6 0
Drop 3 0 1
Tile:5 6 2 0
Drop 3 0 1
Tile:5 5 4 0
Destroy 6 6 1
Tile:9 9 5 0
Destroy 4 5 1
Tile:0 10 9 0
Drop 0 0 1
GAMEOVER DRAW
# Game ended: Sat Apr 11 20:06:45 EDT 2020
