# Server version 0.08 running on 192.168.2.221:8123
# Game ID: 853
# Board class: Saboteur.SaboteurBoard
# Timeout: 2000
# First Move Timeout: 30000
# Date: Sat Apr 11 21:15:37 EDT 2020
# Player 1: Player-0, '260729564', running on 127.0.0.1
# Player 2: Player-1, 'RandomPlayer', running on 127.0.0.1
START Player-0 260729564
START Player-1 RandomPlayer
BoardInit:Map,Tile:6,Bonus,Tile:7,Tile:6,Tile:2,Tile:10,Tile:8,Tile:5,Tile:13,Tile:8,Tile:0,Tile:9,Tile:0,Tile:6,Tile:15,Destroy,Tile:6,Tile:7,Tile:9,Map,Map,Tile:6,Tile:9,Map,Tile:8,Tile:7,Tile:0,Bonus,Map,Tile:5,Destroy,Tile:12,Tile:7,Bonus,Tile:10,Bonus,Malus,Tile:3,Tile:10,Tile:5-Tile:7,Tile:14,Destroy,Tile:8,Malus,Tile:8,Tile:5-Tile:1,Tile:0,Map,Tile:9,Tile:4,Tile:11,Tile:9-Tile:hidden1,Tile:hidden2,Tile:nugget
Drop 3 0 1
Map 12 3 0
Map 12 5 1
Tile:9_flip 6 5 0
Tile:14_flip 4 5 1
Tile:6_flip 6 4 0
Drop 2 0 1
Tile:7 7 4 0
Tile:8 5 6 1
Tile:8 6 6 0
Tile:6 4 6 1
Tile:9_flip 7 6 0
Tile:10 5 7 1
Drop 0 0 0
Tile:5 5 4 1
Drop 1 0 0
Tile:9 7 5 1
Tile:0 8 5 0
Tile:5_flip 5 8 1
Tile:0 9 5 0
Destroy 7 6 1
Tile:9_flip 10 5 0
Destroy 9 5 1
Map 12 5 0
Tile:8 10 4 1
Tile:0 9 5 0
Map 12 5 1
Tile:9_flip 11 4 0
Tile:7_flip 6 7 1
Tile:6_flip 11 3 0
Tile:6 3 6 1
Tile:8 10 6 0
Tile:6 7 7 1
Tile:0 13 3 0
Tile:5 12 2 1
Tile:7_flip 10 7 0
Tile:7_flip 11 5 1
Tile:10 12 6 0
GAMEOVER WINNER 0
# Game ended: Sat Apr 11 21:15:38 EDT 2020
