# Server version 0.08 running on 192.168.2.221:8123
# Game ID: 175
# Board class: Saboteur.SaboteurBoard
# Timeout: 2000
# First Move Timeout: 30000
# Date: Sat Apr 11 20:05:58 EDT 2020
# Player 1: Player-0, '260729564', running on 127.0.0.1
# Player 2: Player-1, 'RandomPlayer', running on 127.0.0.1
START Player-0 260729564
START Player-1 RandomPlayer
BoardInit:Tile:0,Tile:12,Destroy,Tile:7,Tile:9,Tile:5,Tile:6,Tile:7,Malus,Tile:5,Tile:5,Tile:6,Tile:7,Tile:5,Tile:1,Tile:2,Map,Tile:3,Map,Tile:9,Tile:9,Tile:10,Tile:4,Tile:7,Malus,Map,Tile:0,Tile:0,Tile:7,Tile:6,Tile:0,Tile:11,Bonus,Destroy,Tile:8,Tile:8,Bonus,Bonus,Tile:15,Bonus,Tile:8-Tile:13,Tile:8,Tile:10,Map,Tile:14,Tile:9,Tile:8-Tile:9,Map,Tile:10,Tile:6,Map,Destroy,Tile:6-Tile:hidden1,Tile:nugget,Tile:hidden2
Tile:9_flip 6 5 1
Map 12 3 0
Map 12 5 1
Map 12 5 0
Tile:13 4 5 1
Tile:6_flip 6 4 0
Tile:9 4 4 1
Tile:6 7 4 0
Tile:14_flip 7 3 1
Tile:5_flip 8 4 0
Drop 1 0 1
Tile:9_flip 8 3 0
Tile:8 8 2 1
Tile:6 6 6 0
Tile:5_flip 4 6 1
Tile:5_flip 7 6 0
Tile:6_flip 3 6 1
Tile:7 9 2 0
Tile:7_flip 7 2 1
Tile:10 9 3 0
Tile:0 3 5 1
Tile:9 9 4 0
Drop 5 0 1
Tile:7 10 4 0
Tile:9 5 6 1
Tile:10 10 5 0
Tile:8 10 6 1
Tile:5_flip 11 6 0
Tile:4 7 1 1
Tile:0 9 6 0
Map 12 3 1
Tile:6 10 7 0
Destroy 8 2 1
Tile:7_flip 8 6 0
Tile:7 4 3 1
Drop 1 0 0
Tile:0 11 7 1
Tile:8 8 2 0
Tile:1 2 5 1
Drop 1 0 0
Tile:8 5 4 1
Drop 1 0 0
Tile:0 9 7 1
Drop 1 0 0
Tile:15 5 3 1
Drop 1 0 0
Tile:8 5 7 1
Drop 3 0 0
Drop 0 0 1
Destroy 5 6 0
Drop 0 0 1
Destroy 7 3 0
Drop 1 0 1
Drop 0 0 0
Drop 0 0 1
GAMEOVER DRAW
# Game ended: Sat Apr 11 20:05:59 EDT 2020
