# Server version 0.08 running on 192.168.2.221:8123
# Game ID: 590
# Board class: Saboteur.SaboteurBoard
# Timeout: 2000
# First Move Timeout: 30000
# Date: Sat Apr 11 20:57:21 EDT 2020
# Player 1: Player-0, 'RandomPlayer', running on 127.0.0.1
# Player 2: Player-1, '260729564', running on 127.0.0.1
START Player-0 RandomPlayer
START Player-1 260729564
BoardInit:Malus,Tile:0,Bonus,Tile:15,Tile:8,Tile:5,Tile:5,Tile:10,Bonus,Map,Tile:6,Tile:12,Tile:8,Tile:3,Tile:1,Tile:0,Map,Tile:6,Destroy,Tile:7,Tile:7,Tile:7,Tile:11,Tile:5,Tile:14,Tile:7,Tile:5,Tile:9,Tile:9,Tile:6,Tile:2,Tile:7,Tile:8,Tile:6,Tile:9,Malus,Tile:4,Destroy,Tile:0,Tile:13,Tile:8-Tile:10,Destroy,Tile:10,Tile:9,Map,Bonus,Map-Tile:9,Tile:6,Tile:0,Bonus,Tile:8,Map,Map-Tile:nugget,Tile:hidden2,Tile:hidden1
Map 12 3 1
Map 12 7 0
Malus 0 0 1
Drop 5 0 0
Tile:9_flip 6 5 1
Drop 4 0 0
Tile:8 6 4 1
Drop 3 0 0
Tile:5_flip 7 4 1
Drop 1 0 0
Tile:10 7 3 1
Drop 1 0 0
Tile:6_flip 7 2 1
Drop 4 0 0
Tile:8 8 2 1
Map 12 7 0
Tile:10 8 3 1
Drop 5 0 0
Drop 2 0 1
Drop 3 0 0
Drop 2 0 1
Drop 2 0 0
Tile:7 9 2 1
Drop 0 0 0
Drop 2 0 1
Drop 2 0 0
Drop 2 0 1
Drop 0 0 0
Tile:5 8 1 1
Drop 5 0 0
Tile:9 9 3 1
Drop 0 0 0
Drop 2 0 1
Drop 6 0 0
Tile:8 10 3 1
Drop 3 0 0
Tile:9 10 2 1
Drop 4 0 0
Drop 3 0 1
Destroy 10 2 0
Tile:0 11 3 1
GAMEOVER WINNER 1
# Game ended: Sat Apr 11 20:57:21 EDT 2020
