# Server version 0.08 running on 192.168.2.221:8123
# Game ID: 60
# Board class: Saboteur.SaboteurBoard
# Timeout: 2000
# First Move Timeout: 30000
# Date: Sat Apr 11 16:13:18 EDT 2020
# Player 1: Player-0, 'RandomPlayer', running on 127.0.0.1
# Player 2: Player-1, '260729564', running on 127.0.0.1
START Player-0 RandomPlayer
START Player-1 260729564
BoardInit:Tile:5,Tile:13,Bonus,Destroy,Tile:6,Tile:8,Malus,Destroy,Map,Map,Tile:8,Tile:0,Tile:7,Tile:10,Tile:9,Tile:5,Map,Tile:15,Tile:5,Tile:6,Map,Tile:8,Tile:8,Tile:8,Bonus,Tile:0,Tile:3,Tile:9,Tile:11,Bonus,Tile:1,Map,Tile:9,Tile:7,Destroy,Map,Tile:0,Tile:6,Tile:7,Tile:9,Tile:10-Tile:0,Malus,Bonus,Tile:5,Tile:6,Tile:6,Tile:2-Tile:12,Tile:9,Tile:14,Tile:7,Tile:4,Tile:7,Tile:10-Tile:hidden2,Tile:nugget,Tile:hidden1
Malus 0 0 1
Drop 3 0 0
Tile:0 6 5 1
Drop 1 0 0
Tile:6 7 5 1
Drop 0 0 0
Tile:6 8 5 1
Destroy 7 5 0
Malus 0 0 1
Drop 0 0 0
Map 12 3 1
Destroy 6 5 0
Tile:8 6 5 1
Drop 4 0 0
Tile:6 7 5 1
Map 12 7 0
Tile:9_flip 9 5 1
Drop 5 0 0
Map 12 5 1
Drop 3 0 0
Tile:5 9 4 1
Drop 2 0 0
Tile:5_flip 10 4 1
Drop 0 0 0
Tile:8 9 6 1
Drop 2 0 0
Tile:7 10 6 1
Drop 0 0 0
Tile:5 8 6 1
Drop 5 0 0
Drop 1 0 1
Drop 1 0 0
Drop 1 0 1
Map 12 7 0
Tile:9 10 3 1
Drop 0 0 0
Drop 1 0 1
Map 12 7 0
Tile:0 11 3 1
Drop 0 0 0
Tile:7_flip 12 4 1
Drop 4 0 0
Tile:10 12 2 1
Bonus 0 0 0
Destroy 12 2 1
Drop 3 0 0
Drop 1 0 1
Drop 0 0 0
Drop 1 0 1
Drop 2 0 0
Drop 1 0 1
Drop 0 0 0
Drop 1 0 1
Drop 0 0 0
Drop 0 0 1
GAMEOVER DRAW
# Game ended: Sat Apr 11 16:13:19 EDT 2020
