# Server version 0.08 running on 192.168.2.221:8123
# Game ID: 795
# Board class: Saboteur.SaboteurBoard
# Timeout: 2000
# First Move Timeout: 30000
# Date: Sat Apr 11 21:12:30 EDT 2020
# Player 1: Player-0, '260729564', running on 127.0.0.1
# Player 2: Player-1, 'RandomPlayer', running on 127.0.0.1
START Player-0 260729564
START Player-1 RandomPlayer
BoardInit:Malus,Tile:7,Tile:5,Map,Bonus,Malus,Tile:6,Tile:13,Tile:7,Map,Tile:0,Tile:15,Tile:8,Tile:0,Tile:9,Tile:14,Tile:2,Tile:9,Tile:8,Bonus,Tile:8,Tile:0,Map,Tile:8,Tile:9,Tile:6,Tile:1,Tile:5,Tile:7,Tile:12,Tile:10,Tile:8,Tile:10,Tile:7,Tile:5,Tile:11,Tile:6,Tile:7,Tile:4,Tile:3,Bonus-Tile:0,Map,Tile:5,Tile:9,Destroy,Tile:6,Tile:10-Map,Tile:6,Map,Destroy,Destroy,Bonus,Tile:9-Tile:nugget,Tile:hidden2,Tile:hidden1
Tile:9 5 6 1
Map 12 3 0
Tile:0 6 5 1
Tile:9_flip 7 5 0
Tile:6 4 5 1
Tile:6_flip 7 4 0
Malus 0 0 1
Bonus 0 0 0
Tile:5 3 5 1
Malus 0 0 0
Drop 1 0 1
Tile:7 8 4 0
Drop 6 0 1
Drop 0 0 0
Map 12 7 1
Tile:0 6 4 0
Drop 1 0 1
Drop 2 0 0
Drop 3 0 1
Tile:9 8 5 0
Drop 2 0 1
Drop 2 0 0
Drop 3 0 1
Tile:0 9 5 0
Drop 5 0 1
Tile:8 10 5 0
Map 12 5 1
Tile:6_flip 11 5 0
Drop 6 0 1
Tile:5 12 4 0
Drop 1 0 1
Destroy 12 4 0
Drop 6 0 1
Tile:8 12 4 0
GAMEOVER WINNER 0
# Game ended: Sat Apr 11 21:12:30 EDT 2020
