# Server version 0.08 running on 192.168.2.221:8123
# Game ID: 1040
# Board class: Saboteur.SaboteurBoard
# Timeout: 2000
# First Move Timeout: 30000
# Date: Sat Apr 11 21:30:07 EDT 2020
# Player 1: Player-0, 'RandomPlayer', running on 127.0.0.1
# Player 2: Player-1, '260729564', running on 127.0.0.1
START Player-0 RandomPlayer
START Player-1 260729564
BoardInit:Tile:5,Tile:4,Destroy,Tile:9,Tile:13,Tile:8,Tile:8,Map,Tile:0,Destroy,Tile:7,Tile:10,Tile:1,Tile:9,Bonus,Bonus,Tile:6,Malus,Map,Tile:11,Map,Tile:6,Tile:12,Tile:9,Tile:7,Tile:5,Map,Tile:9,Tile:0,Tile:8,Tile:9,Tile:14,Tile:6,Tile:0,Map,Tile:8,Tile:2,Bonus,Tile:5,Tile:3,Tile:10-Bonus,Tile:5,Tile:7,Tile:7,Malus,Tile:7,Tile:6-Tile:15,Tile:6,Tile:0,Tile:10,Destroy,Tile:8,Map-Tile:hidden2,Tile:nugget,Tile:hidden1
Malus 0 0 1
Map 12 3 0
Tile:6 6 5 1
Drop 1 0 0
Tile:5_flip 7 5 1
Drop 0 0 0
Tile:5 7 4 1
Destroy 7 4 0
Tile:8 7 4 1
Map 12 5 0
Tile:0 8 4 1
Drop 1 0 0
Tile:7 9 4 1
Drop 0 0 0
Tile:7_flip 9 5 1
Drop 2 0 0
Tile:7 10 5 1
Destroy 7 5 0
Tile:6 7 5 1
Drop 2 0 0
Map 12 3 1
Drop 4 0 0
Map 12 5 1
Drop 3 0 0
Tile:7_flip 10 6 1
Drop 5 0 0
Tile:7 11 6 1
Drop 0 0 0
Drop 2 0 1
Drop 6 0 0
Drop 2 0 1
Drop 1 0 0
Tile:9_flip 5 4 1
Drop 4 0 0
Tile:6 11 7 1
Drop 0 0 0
Tile:0 13 7 1
Drop 4 0 0
Drop 2 0 1
Malus 0 0 0
Bonus 0 0 1
Drop 4 0 0
Tile:10 12 6 1
GAMEOVER WINNER 1
# Game ended: Sat Apr 11 21:30:07 EDT 2020
