# Server version 0.08 running on 192.168.2.221:8123
# Game ID: 491
# Board class: Saboteur.SaboteurBoard
# Timeout: 2000
# First Move Timeout: 30000
# Date: Sat Apr 11 20:40:41 EDT 2020
# Player 1: Player-0, '260729564', running on 127.0.0.1
# Player 2: Player-1, 'RandomPlayer', running on 127.0.0.1
START Player-0 260729564
START Player-1 RandomPlayer
BoardInit:Map,Tile:10,Tile:0,Tile:5,Map,Tile:8,Tile:4,Tile:5,Map,Tile:7,Tile:14,Tile:7,Tile:7,Tile:3,Tile:6,Tile:13,Tile:8,Tile:9,Tile:8,Tile:7,Tile:5,Bonus,Tile:8,Tile:6,Map,Tile:0,Tile:1,Tile:8,Destroy,Tile:15,Malus,Tile:7,Tile:10,Tile:5,Tile:2,Tile:11,Tile:9,Bonus,Map,Tile:6,Destroy-Tile:6,Map,Tile:9,Tile:9,Tile:6,Tile:12,Bonus-Bonus,Destroy,Tile:10,Tile:0,Malus,Tile:0,Tile:9-Tile:nugget,Tile:hidden2,Tile:hidden1
Tile:9 5 6 1
Malus 0 0 0
Drop 1 0 1
Tile:0 6 6 0
Map 12 5 1
Tile:0 7 6 0
Drop 2 0 1
Tile:8 8 6 0
Map 12 5 1
Tile:9_flip 9 6 0
Drop 1 0 1
Tile:10 9 5 0
Drop 6 0 1
Tile:10 9 4 0
Map 12 5 1
Tile:5 9 3 0
Drop 1 0 1
Tile:5_flip 10 3 0
Drop 3 0 1
Tile:9 10 2 0
Drop 2 0 1
Tile:7 11 2 0
Drop 3 0 1
Tile:7_flip 11 3 0
GAMEOVER WINNER 0
# Game ended: Sat Apr 11 20:40:42 EDT 2020
