# Server version 0.08 running on 192.168.2.221:8123
# Game ID: 1304
# Board class: Saboteur.SaboteurBoard
# Timeout: 2000
# First Move Timeout: 30000
# Date: Sat Apr 11 21:47:20 EDT 2020
# Player 1: Player-0, 'RandomPlayer', running on 127.0.0.1
# Player 2: Player-1, '260729564', running on 127.0.0.1
START Player-0 RandomPlayer
START Player-1 260729564
BoardInit:Tile:0,Tile:5,Tile:0,Tile:15,Bonus,Tile:4,Tile:7,Tile:7,Tile:1,Tile:8,Tile:5,Destroy,Bonus,Tile:6,Map,Tile:9,Tile:7,Tile:14,Destroy,Tile:9,Tile:8,Tile:5,Map,Tile:10,Tile:9,Map,Tile:9,Map,Tile:0,Bonus,Tile:7,Tile:5,Tile:12,Map,Tile:8,Tile:6,Tile:6,Tile:13,Tile:11,Bonus,Tile:6-Tile:7,Tile:2,Malus,Tile:10,Malus,Tile:10,Tile:3-Tile:6,Tile:8,Tile:8,Map,Tile:9,Destroy,Tile:0-Tile:nugget,Tile:hidden2,Tile:hidden1
Malus 0 0 1
Map 12 3 0
Malus 0 0 1
Drop 1 0 0
Tile:0 6 5 1
Drop 4 0 0
Tile:0 7 5 1
Drop 5 0 0
Tile:7 8 5 1
Destroy 7 5 0
Tile:7_flip 5 6 1
Drop 4 0 0
Tile:5 5 4 1
Drop 6 0 0
Drop 0 0 1
Drop 0 0 0
Map 12 3 1
Drop 5 0 0
Tile:7 6 6 1
Drop 3 0 0
Tile:10 6 7 1
Drop 2 0 0
Tile:8 7 5 1
Drop 0 0 0
Tile:10 7 4 1
Drop 2 0 0
Tile:9 8 6 1
Drop 3 0 0
Tile:9_flip 9 6 1
Drop 5 0 0
Drop 0 0 1
Drop 3 0 0
Tile:7_flip 9 7 1
Bonus 0 0 0
Tile:0 10 7 1
Drop 4 0 0
Tile:8 11 7 1
Drop 3 0 0
Tile:6 13 7 1
Map 12 3 0
Drop 1 0 1
Drop 4 0 0
Tile:6_flip 13 6 1
Bonus 0 0 0
Drop 1 0 1
Tile:9 12 6 0
Destroy 12 6 1
Tile:14 6 4 0
Drop 1 0 1
Tile:8 12 6 0
Drop 1 0 1
Tile:5_flip 8 7 0
Drop 1 0 1
Tile:13 7 3 0
Drop 0 0 1
GAMEOVER DRAW
# Game ended: Sat Apr 11 21:47:21 EDT 2020
