# Server version 0.08 running on 192.168.2.221:8123
# Game ID: 357
# Board class: Saboteur.SaboteurBoard
# Timeout: 2000
# First Move Timeout: 30000
# Date: Sat Apr 11 20:30:53 EDT 2020
# Player 1: Player-0, '260729564', running on 127.0.0.1
# Player 2: Player-1, 'RandomPlayer', running on 127.0.0.1
START Player-0 260729564
START Player-1 RandomPlayer
BoardInit:Tile:11,Malus,Tile:3,Bonus,Bonus,Tile:6,Destroy,Tile:5,Tile:8,Tile:7,Tile:8,Tile:9,Tile:8,Map,Tile:9,Tile:7,Map,Tile:12,Tile:2,Tile:6,Destroy,Tile:13,Tile:9,Tile:7,Tile:8,Tile:10,Tile:14,Tile:0,Tile:6,Map,Bonus,Tile:0,Malus,Tile:15,Tile:7,Tile:6,Tile:1,Tile:10,Tile:5,Tile:0,Tile:5-Destroy,Tile:9,Tile:8,Bonus,Tile:0,Tile:9,Tile:10-Map,Tile:6,Tile:4,Tile:5,Map,Tile:7,Map-Tile:nugget,Tile:hidden1,Tile:hidden2
Tile:8 5 6 1
Map 12 3 0
Tile:9_flip 6 5 1
Malus 0 0 0
Drop 2 0 1
Tile:6_flip 6 4 0
Destroy 6 4 1
Tile:6_flip 6 4 0
Drop 6 0 1
Tile:5_flip 7 4 0
Drop 4 0 1
Tile:5 7 3 0
Drop 3 0 1
Tile:9_flip 8 3 0
Drop 2 0 1
Tile:7_flip 8 4 0
Drop 6 0 1
Tile:7 9 4 0
Drop 5 0 1
Tile:7_flip 9 5 0
Drop 1 0 1
Tile:6 10 5 0
Destroy 9 4 1
Drop 0 0 0
Drop 0 0 1
Tile:7_flip 5 7 0
Map 12 5 1
Tile:10 8 2 0
Drop 6 0 1
Tile:0 6 7 0
Drop 1 0 1
Drop 0 0 0
Drop 6 0 1
Tile:0 7 7 0
Drop 4 0 1
Drop 0 0 0
Drop 3 0 1
Tile:6_flip 9 4 0
Bonus 0 0 1
Tile:10 8 1 0
Tile:6_flip 11 5 1
Tile:0 13 5 0
Tile:5 8 0 1
Drop 1 0 0
Drop 1 0 1
Drop 1 0 0
Drop 3 0 1
Drop 1 0 0
Tile:7 12 4 1
Drop 1 0 0
Tile:8 5 4 1
Drop 1 0 0
Malus 0 0 1
Bonus 0 0 0
Tile:5 4 6 1
GAMEOVER DRAW
# Game ended: Sat Apr 11 20:30:53 EDT 2020
