# Server version 0.08 running on 192.168.2.221:8123
# Game ID: 1442
# Board class: Saboteur.SaboteurBoard
# Timeout: 2000
# First Move Timeout: 30000
# Date: Sat Apr 11 22:06:36 EDT 2020
# Player 1: Player-0, 'RandomPlayer', running on 127.0.0.1
# Player 2: Player-1, '260729564', running on 127.0.0.1
START Player-0 RandomPlayer
START Player-1 260729564
BoardInit:Tile:9,Tile:10,Tile:8,Map,Tile:9,Tile:6,Tile:7,Tile:5,Map,Tile:8,Tile:0,Tile:7,Map,Tile:0,Tile:0,Tile:14,Tile:10,Tile:8,Tile:7,Tile:6,Tile:3,Tile:6,Destroy,Map,Tile:4,Tile:12,Map,Tile:10,Tile:8,Tile:1,Tile:9,Tile:9,Tile:11,Tile:0,Bonus,Tile:9,Tile:6,Tile:8,Destroy,Bonus,Bonus-Tile:7,Map,Destroy,Malus,Tile:5,Tile:5,Tile:6-Bonus,Tile:7,Tile:5,Tile:13,Tile:15,Tile:2,Malus-Tile:nugget,Tile:hidden1,Tile:hidden2
Map 12 3 1
Drop 3 0 0
Malus 0 0 1
Bonus 0 0 0
Tile:8 5 4 1
Map 12 7 0
Tile:9_flip 6 4 1
Tile:2 4 5 0
Tile:9 6 3 1
Tile:7_flip 4 4 0
Tile:6 7 3 1
Tile:6 4 6 0
Tile:0 8 3 1
Tile:5 4 3 0
Tile:7 9 3 1
Tile:7 5 3 0
Tile:7_flip 9 4 1
Tile:14 5 6 0
Tile:10 7 2 1
Drop 3 0 0
Tile:0 10 4 1
Tile:15 6 2 0
Tile:5_flip 11 4 1
Tile:6_flip 11 3 0
GAMEOVER WINNER 0
# Game ended: Sat Apr 11 22:06:36 EDT 2020
