# Server version 0.08 running on 192.168.2.221:8123
# Game ID: 749
# Board class: Saboteur.SaboteurBoard
# Timeout: 2000
# First Move Timeout: 30000
# Date: Sat Apr 11 21:08:51 EDT 2020
# Player 1: Player-0, '260729564', running on 127.0.0.1
# Player 2: Player-1, 'RandomPlayer', running on 127.0.0.1
START Player-0 260729564
START Player-1 RandomPlayer
BoardInit:Map,Tile:6,Tile:9,Tile:10,Tile:6,Tile:0,Map,Tile:10,Destroy,Tile:12,Tile:14,Tile:8,Tile:5,Tile:9,Tile:7,Tile:9,Map,Tile:10,Tile:7,Malus,Tile:8,Map,Tile:8,Tile:15,Tile:3,Tile:2,Bonus,Tile:8,Tile:6,Tile:7,Tile:5,Tile:9,Map,Destroy,Tile:9,Tile:0,Tile:6,Tile:5,Tile:8,Bonus,Map-Tile:0,Tile:4,Tile:7,Tile:6,Tile:5,Tile:0,Malus-Tile:13,Tile:1,Tile:7,Bonus,Destroy,Tile:11,Bonus-Tile:nugget,Tile:hidden2,Tile:hidden1
Drop 3 0 1
Tile:7 6 5 0
Drop 1 0 1
Tile:6 6 6 0
Tile:5 4 5 1
Tile:10 5 4 0
Tile:7 5 3 1
Tile:0 7 6 0
Tile:6 4 6 1
Drop 0 0 0
Drop 1 0 1
Drop 0 0 0
Destroy 6 5 1
Tile:8 6 5 0
Drop 3 0 1
Tile:9_flip 8 6 0
Drop 1 0 1
Tile:10 8 5 0
Map 12 5 1
Tile:9 8 4 0
Tile:14 9 4 1
Malus 0 0 0
Drop 1 0 1
Map 12 3 0
Drop 4 0 1
Tile:10 8 3 0
Drop 3 0 1
Drop 2 0 0
Drop 6 0 1
Tile:8 8 2 0
Drop 0 0 1
Tile:7 9 2 0
Drop 6 0 1
Tile:9 9 3 0
Drop 3 0 1
Drop 2 0 0
Drop 2 0 1
Tile:0 10 3 0
Map 12 5 1
Tile:5_flip 11 3 0
Drop 2 0 1
Destroy 11 3 0
Drop 4 0 1
Drop 1 0 0
Drop 1 0 1
Drop 1 0 0
Map 12 5 1
Drop 1 0 0
Drop 0 0 1
Drop 2 0 0
Drop 0 0 1
Drop 0 0 0
Drop 1 0 1
Destroy 4 6 0
Drop 0 0 1
GAMEOVER DRAW
# Game ended: Sat Apr 11 21:08:51 EDT 2020
