# Server version 0.08 running on 192.168.2.221:8123
# Game ID: 86
# Board class: Saboteur.SaboteurBoard
# Timeout: 2000
# First Move Timeout: 30000
# Date: Sat Apr 11 16:17:04 EDT 2020
# Player 1: Player-0, 'RandomPlayer', running on 127.0.0.1
# Player 2: Player-1, '260729564', running on 127.0.0.1
START Player-0 RandomPlayer
START Player-1 260729564
BoardInit:Tile:12,Tile:6,Tile:11,Tile:5,Bonus,Map,Map,Tile:8,Bonus,Tile:9,Tile:8,Tile:0,Tile:14,Tile:5,Tile:5,Tile:6,Tile:6,Tile:9,Map,Map,Tile:9,Tile:15,Tile:7,Tile:7,Tile:6,Tile:3,Tile:0,Tile:6,Tile:10,Tile:1,Tile:8,Tile:10,Tile:2,Bonus,Destroy,Malus,Destroy,Tile:7,Tile:5,Tile:7,Tile:0-Tile:10,Map,Tile:9,Bonus,Tile:9,Tile:8,Tile:0-Destroy,Tile:13,Map,Tile:7,Tile:4,Tile:8,Malus-Tile:hidden1,Tile:nugget,Tile:hidden2
Map 12 3 1
Drop 2 0 0
Tile:8 6 5 1
Tile:8 6 6 0
Tile:0 7 6 1
Tile:13 6 7 0
Tile:9_flip 8 6 1
Tile:7 5 4 0
Map 12 5 1
Tile:8 8 5 0
Tile:9_flip 9 5 1
Destroy 7 6 0
Tile:8 7 6 1
Tile:5 6 4 0
Tile:10 9 6 1
Drop 5 0 0
Tile:5 9 4 1
Drop 4 0 0
Tile:6 10 4 1
Tile:6 9 7 0
Drop 1 0 1
Tile:9_flip 8 4 0
Tile:9_flip 11 4 1
Tile:6 8 7 0
Tile:7_flip 11 5 1
GAMEOVER WINNER 1
# Game ended: Sat Apr 11 16:17:04 EDT 2020
