# Server version 0.08 running on 192.168.2.221:8123
# Game ID: 536
# Board class: Saboteur.SaboteurBoard
# Timeout: 2000
# First Move Timeout: 30000
# Date: Sat Apr 11 20:42:39 EDT 2020
# Player 1: Player-0, 'RandomPlayer', running on 127.0.0.1
# Player 2: Player-1, '260729564', running on 127.0.0.1
START Player-0 RandomPlayer
START Player-1 260729564
BoardInit:Destroy,Tile:10,Destroy,Tile:7,Tile:9,Tile:0,Tile:11,Tile:6,Tile:8,Tile:3,Tile:7,Tile:7,Bonus,Tile:9,Tile:15,Tile:0,Map,Tile:4,Tile:1,Map,Tile:5,Tile:9,Destroy,Map,Tile:2,Tile:10,Tile:9,Tile:6,Malus,Map,Tile:7,Tile:0,Map,Tile:8,Tile:5,Tile:0,Map,Tile:8,Tile:8,Tile:12,Tile:6-Tile:8,Tile:7,Tile:5,Tile:6,Tile:13,Tile:6,Tile:9-Bonus,Tile:10,Bonus,Malus,Bonus,Tile:14,Tile:5-Tile:hidden1,Tile:hidden2,Tile:nugget
Tile:8 6 5 1
Malus 0 0 0
Drop 3 0 1
Tile:10 6 4 0
Drop 0 0 1
Tile:5_flip 6 6 0
Drop 0 0 1
Drop 2 0 0
Drop 6 0 1
Tile:6_flip 7 5 0
Drop 0 0 1
Tile:10 6 3 0
Drop 0 0 1
Tile:7_flip 7 6 0
Bonus 0 0 1
Drop 2 0 0
Tile:8 8 6 1
Tile:0 4 5 0
Map 12 3 1
Tile:9_flip 9 6 0
Tile:9 9 5 1
Tile:3_flip 5 6 0
Tile:9_flip 10 5 1
Tile:7_flip 9 7 0
Tile:7_flip 10 6 1
Tile:0 10 7 0
Tile:5_flip 11 6 1
Tile:9 10 4 0
Tile:9_flip 11 4 1
Tile:4 9 4 0
Malus 0 0 1
Map 12 5 0
Tile:7 11 7 1
Map 12 3 0
Map 12 5 1
Bonus 0 0 0
Tile:5 11 3 1
Tile:10 12 4 0
Destroy 11 3 1
Tile:8 11 3 0
GAMEOVER TIMEOUT WINNER 0
# Game ended: Sat Apr 11 20:42:43 EDT 2020
