# Server version 0.08 running on 192.168.2.221:8123
# Game ID: 1112
# Board class: Saboteur.SaboteurBoard
# Timeout: 2000
# First Move Timeout: 30000
# Date: Sat Apr 11 21:33:35 EDT 2020
# Player 1: Player-0, 'RandomPlayer', running on 127.0.0.1
# Player 2: Player-1, '260729564', running on 127.0.0.1
START Player-0 RandomPlayer
START Player-1 260729564
BoardInit:Tile:9,Tile:9,Tile:0,Tile:7,Tile:8,Tile:6,Map,Map,Bonus,Tile:5,Tile:0,Tile:15,Tile:8,Tile:5,Map,Map,Tile:10,Tile:0,Tile:0,Tile:7,Destroy,Tile:6,Bonus,Tile:4,Tile:6,Tile:8,Tile:6,Map,Tile:5,Tile:7,Tile:13,Malus,Tile:6,Tile:9,Tile:11,Tile:7,Tile:8,Tile:5,Tile:10,Tile:1,Map-Tile:14,Tile:9,Tile:8,Tile:9,Tile:2,Bonus,Tile:7-Destroy,Tile:12,Tile:3,Bonus,Malus,Tile:10,Destroy-Tile:hidden1,Tile:nugget,Tile:hidden2
Tile:8 6 5 1
Tile:3_flip 6 6 0
Tile:9_flip 7 5 1
Tile:9_flip 5 4 0
Tile:9 7 4 1
Destroy 6 6 0
Tile:8 8 4 1
Tile:7 7 3 0
Map 12 3 1
Map 12 5 0
Tile:0 9 4 1
Drop 3 0 0
Tile:0 10 4 1
Tile:6 6 3 0
Tile:8 11 4 1
Drop 5 0 0
Map 12 5 1
Tile:5_flip 11 5 0
Tile:9_flip 12 4 1
GAMEOVER WINNER 1
# Game ended: Sat Apr 11 21:33:36 EDT 2020
