# Server version 0.08 running on 192.168.2.221:8123
# Game ID: 651
# Board class: Saboteur.SaboteurBoard
# Timeout: 2000
# First Move Timeout: 30000
# Date: Sat Apr 11 21:03:09 EDT 2020
# Player 1: Player-0, '260729564', running on 127.0.0.1
# Player 2: Player-1, 'RandomPlayer', running on 127.0.0.1
START Player-0 260729564
START Player-1 RandomPlayer
BoardInit:Tile:5,Map,Tile:13,Tile:6,Tile:12,Tile:9,Tile:0,Tile:14,Tile:7,Tile:6,Map,Tile:4,Tile:7,Map,Destroy,Tile:9,Tile:6,Bonus,Tile:2,Tile:0,Tile:8,Tile:6,Tile:11,Malus,Tile:5,Map,Tile:5,Bonus,Tile:1,Tile:8,Destroy,Tile:10,Tile:9,Destroy,Tile:10,Tile:5,Tile:8,Tile:8,Bonus,Tile:7,Map-Tile:9,Tile:0,Tile:9,Malus,Tile:8,Tile:10,Map-Tile:7,Tile:6,Tile:0,Tile:3,Tile:7,Tile:15,Bonus-Tile:hidden2,Tile:hidden1,Tile:nugget
Tile:10 5 6 1
Tile:6 6 5 0
Tile:8 5 7 1
Map 12 3 0
Map 12 3 1
Tile:0 7 5 0
Tile:9_flip 6 7 1
Tile:9_flip 8 5 0
Tile:5 6 4 1
Tile:6 8 6 0
Tile:13 9 6 1
Tile:6_flip 8 4 0
Tile:9 9 7 1
Tile:7 9 4 0
Map 12 3 1
Map 12 5 0
Tile:0 4 5 1
Tile:9 9 5 0
Tile:12 10 7 1
Tile:7 10 5 0
Destroy 6 7 1
Tile:0 7 6 0
Tile:2_flip 3 5 1
Tile:6 10 6 0
Tile:11_flip 5 4 1
Malus 0 0 0
Drop 0 0 1
Drop 0 0 0
Drop 5 0 1
Drop 0 0 0
Drop 0 0 1
Tile:8 11 6 0
Destroy 10 6 1
Tile:10 5 8 0
Drop 3 0 1
Drop 1 0 0
Drop 3 0 1
Tile:5 11 5 0
Drop 6 0 1
Tile:8 6 7 0
Drop 4 0 1
Tile:7 7 7 0
Map 12 7 1
Destroy 11 5 0
Drop 4 0 1
Drop 1 0 0
Drop 3 0 1
Drop 1 0 0
Drop 2 0 1
Drop 1 0 0
Drop 0 0 1
Drop 1 0 0
Bonus 0 0 1
Drop 0 0 0
Tile:7_flip 11 7 1
GAMEOVER DRAW
# Game ended: Sat Apr 11 21:03:09 EDT 2020
