# Server version 0.08 running on 192.168.2.221:8123
# Game ID: 419
# Board class: Saboteur.SaboteurBoard
# Timeout: 2000
# First Move Timeout: 30000
# Date: Sat Apr 11 20:35:00 EDT 2020
# Player 1: Player-0, '260729564', running on 127.0.0.1
# Player 2: Player-1, 'RandomPlayer', running on 127.0.0.1
START Player-0 260729564
START Player-1 RandomPlayer
BoardInit:Destroy,Tile:8,Destroy,Bonus,Tile:10,Tile:9,Tile:6,Tile:0,Tile:5,Tile:9,Tile:3,Tile:12,Tile:7,Bonus,Tile:6,Tile:8,Tile:14,Tile:13,Tile:4,Tile:7,Bonus,Tile:0,Tile:7,Tile:6,Tile:9,Map,Tile:5,Bonus,Tile:5,Tile:7,Malus,Map,Map,Tile:2,Tile:9,Tile:11,Tile:10,Tile:8,Tile:0,Malus,Tile:5-Tile:6,Map,Tile:8,Map,Tile:0,Tile:1,Tile:9-Tile:10,Map,Tile:6,Tile:7,Tile:8,Destroy,Tile:15-Tile:nugget,Tile:hidden2,Tile:hidden1
Tile:1 4 5 1
Map 12 3 0
Tile:8 5 4 1
Tile:8 6 4 0
Destroy 5 4 1
Tile:8 5 4 0
Tile:0 4 4 1
Tile:6 7 4 0
Tile:6_flip 7 3 1
Tile:0 8 4 0
Tile:5_flip 9 4 1
Tile:10 9 3 0
Tile:9_flip 9 2 1
Tile:9 9 1 0
Map 12 3 1
Tile:9_flip 10 1 0
Tile:6_flip 3 5 1
Tile:8 8 2 0
Tile:14 8 3 1
Tile:7_flip 10 2 0
Tile:7 8 1 1
Tile:7 11 2 0
Destroy 8 1 1
Tile:0 7 2 0
Drop 3 0 1
Tile:6 11 3 0
GAMEOVER WINNER 0
# Game ended: Sat Apr 11 20:35:01 EDT 2020
