# Server version 0.08 running on 192.168.2.221:8123
# Game ID: 36
# Board class: Saboteur.SaboteurBoard
# Timeout: 2000
# First Move Timeout: 30000
# Date: Sat Apr 11 16:04:33 EDT 2020
# Player 1: Player-0, 'RandomPlayer', running on 127.0.0.1
# Player 2: Player-1, '260729564', running on 127.0.0.1
START Player-0 RandomPlayer
START Player-1 260729564
BoardInit:Tile:14,Tile:7,Tile:5,Tile:7,Tile:6,Tile:11,Tile:0,Tile:8,Tile:7,Tile:9,Tile:0,Tile:2,Tile:0,Map,Tile:6,Map,Tile:12,Bonus,Bonus,Tile:5,Tile:0,Destroy,Map,Tile:7,Destroy,Tile:3,Tile:6,Map,Tile:10,Tile:9,Tile:13,Malus,Bonus,Map,Tile:8,Tile:7,Tile:10,Tile:8,Tile:4,Tile:5,Tile:6-Tile:15,Tile:5,Tile:1,Bonus,Tile:8,Tile:9,Tile:10-Map,Tile:9,Destroy,Tile:9,Malus,Tile:6,Tile:8-Tile:nugget,Tile:hidden2,Tile:hidden1
Tile:1 4 5 1
Tile:6_flip 6 5 0
Drop 0 0 1
Malus 0 0 0
Bonus 0 0 1
Tile:9_flip 7 5 0
Tile:6 7 6 1
Destroy 7 6 0
Tile:9 7 4 1
Tile:11_flip 7 3 0
Tile:0 8 4 1
Tile:7_flip 5 6 0
Tile:0 9 4 1
Tile:9 5 4 0
Tile:0 10 4 1
Tile:9_flip 7 6 0
Tile:6 11 4 1
Tile:8 12 4 0
GAMEOVER WINNER 0
# Game ended: Sat Apr 11 16:04:34 EDT 2020
