# Server version 0.08 running on 192.168.2.221:8123
# Game ID: 752
# Board class: Saboteur.SaboteurBoard
# Timeout: 2000
# First Move Timeout: 30000
# Date: Sat Apr 11 21:08:57 EDT 2020
# Player 1: Player-0, 'RandomPlayer', running on 127.0.0.1
# Player 2: Player-1, '260729564', running on 127.0.0.1
START Player-0 RandomPlayer
START Player-1 260729564
BoardInit:Tile:5,Tile:8,Tile:13,Tile:10,Tile:7,Tile:7,Tile:9,Tile:14,Tile:3,Bonus,Bonus,Tile:5,Tile:7,Tile:6,Tile:7,Tile:1,Destroy,Tile:0,Malus,Bonus,Tile:12,Tile:9,Map,Tile:8,Destroy,Tile:4,Tile:9,Tile:6,Tile:11,Map,Destroy,Tile:6,Tile:9,Tile:2,Tile:5,Tile:5,Bonus,Tile:7,Map,Tile:10,Tile:6-Tile:8,Map,Tile:10,Tile:9,Tile:0,Tile:6,Tile:0-Malus,Tile:8,Tile:8,Tile:0,Map,Map,Tile:15-Tile:hidden2,Tile:hidden1,Tile:nugget
Map 12 3 1
Tile:8 5 6 0
Tile:8 6 6 1
Tile:15 5 4 0
Tile:0 7 6 1
Tile:0 8 6 0
Tile:6 9 6 1
Tile:8 5 3 0
Tile:0 10 6 1
Tile:7 5 2 0
Tile:9_flip 11 6 1
Tile:14 5 7 0
Tile:5 11 5 1
Tile:8 4 2 0
Tile:7_flip 12 6 1
Tile:6 13 5 0
Tile:7 13 6 1
Tile:5_flip 11 7 0
Tile:10 13 7 1
Map 12 7 0
Malus 0 0 1
Drop 1 0 0
Tile:9 13 8 1
Bonus 0 0 0
Tile:7_flip 13 9 1
Tile:8 4 6 0
Destroy 11 5 1
Tile:1 6 3 0
Tile:9 11 5 1
Tile:4 4 1 0
Destroy 11 5 1
Tile:9 4 5 0
Destroy 11 7 1
Drop 6 0 0
Tile:9 11 7 1
GAMEOVER WINNER 1
# Game ended: Sat Apr 11 21:08:59 EDT 2020
