# Server version 0.08 running on 192.168.2.221:8123
# Game ID: 1271
# Board class: Saboteur.SaboteurBoard
# Timeout: 2000
# First Move Timeout: 30000
# Date: Sat Apr 11 21:42:33 EDT 2020
# Player 1: Player-0, '260729564', running on 127.0.0.1
# Player 2: Player-1, 'RandomPlayer', running on 127.0.0.1
START Player-0 260729564
START Player-1 RandomPlayer
BoardInit:Tile:2,Tile:0,Tile:8,Map,Bonus,Tile:6,Map,Destroy,Tile:5,Map,Tile:6,Tile:6,Tile:7,Destroy,Bonus,Tile:8,Malus,Tile:9,Tile:10,Tile:9,Tile:9,Tile:11,Tile:5,Tile:7,Tile:8,Tile:12,Tile:8,Tile:7,Tile:10,Tile:14,Tile:0,Tile:5,Tile:6,Tile:6,Map,Map,Tile:5,Tile:7,Tile:13,Tile:0,Tile:7-Tile:10,Tile:8,Tile:9,Bonus,Tile:1,Malus,Tile:15-Bonus,Tile:0,Tile:4,Destroy,Tile:3,Map,Tile:9-Tile:hidden2,Tile:hidden1,Tile:nugget
Tile:8 6 5 1
Map 12 3 0
Tile:15 5 6 1
Tile:9_flip 7 5 0
Tile:9 6 4 1
Map 12 5 0
Tile:8 4 5 1
Tile:6_flip 7 4 0
Tile:2 3 5 1
Tile:0 8 4 0
Drop 1 0 1
Tile:0 9 4 0
Drop 0 0 1
Tile:6_flip 10 4 0
Tile:6_flip 2 5 1
Drop 1 0 0
Tile:7_flip 1 5 1
Tile:8 10 5 0
Tile:5_flip 4 6 1
Tile:9 10 6 0
Tile:10 4 4 1
Tile:9_flip 11 6 0
Map 12 7 1
Drop 2 0 0
Tile:9 11 7 1
GAMEOVER WINNER 1
# Game ended: Sat Apr 11 21:42:34 EDT 2020
