# Server version 0.08 running on 192.168.2.221:8123
# Game ID: 469
# Board class: Saboteur.SaboteurBoard
# Timeout: 2000
# First Move Timeout: 30000
# Date: Sat Apr 11 20:39:32 EDT 2020
# Player 1: Player-0, '260729564', running on 127.0.0.1
# Player 2: Player-1, 'RandomPlayer', running on 127.0.0.1
START Player-0 260729564
START Player-1 RandomPlayer
BoardInit:Tile:5,Destroy,Tile:6,Tile:12,Tile:7,Map,Tile:6,Tile:11,Tile:10,Tile:8,Map,Tile:0,Bonus,Tile:7,Tile:8,Tile:9,Tile:15,Tile:6,Tile:7,Tile:9,Map,Tile:0,Tile:3,Tile:0,Tile:5,Tile:8,Bonus,Bonus,Tile:4,Tile:10,Tile:2,Tile:9,Tile:1,Destroy,Tile:14,Tile:6,Destroy,Tile:8,Tile:10,Tile:13,Tile:6-Tile:9,Tile:7,Tile:5,Tile:0,Malus,Tile:7,Bonus-Tile:8,Map,Tile:5,Malus,Map,Tile:9,Map-Tile:hidden2,Tile:hidden1,Tile:nugget
Drop 3 0 1
Map 12 3 0
Tile:9 5 4 1
Map 12 5 0
Tile:7 5 3 1
Malus 0 0 0
Drop 5 0 1
Tile:8 5 6 0
Drop 0 0 1
Tile:9_flip 6 6 0
Drop 4 0 1
Tile:8 6 7 0
Drop 0 0 1
Tile:0 7 7 0
Bonus 0 0 1
Tile:5_flip 8 7 0
Map 12 3 1
Tile:9 8 6 0
Tile:8 6 5 1
Tile:6 9 6 0
Tile:7 8 5 1
Tile:9_flip 10 6 0
Tile:6 7 5 1
Tile:7_flip 10 7 0
Tile:10 7 4 1
Tile:0 11 7 0
GAMEOVER WINNER 0
# Game ended: Sat Apr 11 20:39:32 EDT 2020
