# Server version 0.08 running on 192.168.2.221:8123
# Game ID: 652
# Board class: Saboteur.SaboteurBoard
# Timeout: 2000
# First Move Timeout: 30000
# Date: Sat Apr 11 21:03:11 EDT 2020
# Player 1: Player-0, 'RandomPlayer', running on 127.0.0.1
# Player 2: Player-1, '260729564', running on 127.0.0.1
START Player-0 RandomPlayer
START Player-1 260729564
BoardInit:Tile:9,Tile:5,Map,Tile:15,Map,Tile:8,Tile:5,Tile:11,Tile:5,Destroy,Bonus,Tile:0,Tile:2,Bonus,Tile:4,Tile:7,Tile:7,Tile:0,Tile:1,Tile:6,Tile:9,Tile:12,Tile:5,Tile:7,Tile:8,Malus,Tile:6,Bonus,Map,Tile:14,Tile:13,Tile:10,Tile:0,Map,Tile:7,Tile:7,Tile:9,Malus,Tile:3,Tile:10,Tile:6-Destroy,Tile:8,Tile:0,Tile:9,Map,Tile:8,Destroy-Bonus,Tile:9,Tile:6,Map,Tile:6,Tile:8,Tile:10-Tile:hidden1,Tile:nugget,Tile:hidden2
Map 12 3 1
Tile:8 5 6 0
Tile:8 6 6 1
Tile:6_flip 6 5 0
Map 12 5 1
Tile:15 5 7 0
Tile:8 7 6 1
Tile:9_flip 7 7 0
Tile:9_flip 8 6 1
Tile:11 6 7 0
Tile:9 8 5 1
Destroy 8 6 0
Tile:5 5 4 1
Tile:10 5 8 0
Tile:0 6 4 1
Tile:5_flip 7 8 0
Tile:5_flip 7 4 1
Tile:7 7 5 0
Tile:7_flip 6 8 1
Tile:0 9 5 0
Drop 2 0 1
Tile:0 10 5 0
Tile:9 8 4 1
Tile:6_flip 4 5 0
Tile:5 7 3 1
Tile:8 4 6 0
Tile:8 8 6 1
Tile:6_flip 11 5 0
GAMEOVER WINNER 0
# Game ended: Sat Apr 11 21:03:11 EDT 2020
