# Server version 0.08 running on 192.168.2.221:8123
# Game ID: 1206
# Board class: Saboteur.SaboteurBoard
# Timeout: 2000
# First Move Timeout: 30000
# Date: Sat Apr 11 21:38:34 EDT 2020
# Player 1: Player-0, 'RandomPlayer', running on 127.0.0.1
# Player 2: Player-1, '260729564', running on 127.0.0.1
START Player-0 RandomPlayer
START Player-1 260729564
BoardInit:Tile:6,Destroy,Tile:9,Malus,Tile:8,Tile:12,Tile:4,Map,Tile:8,Tile:10,Tile:5,Tile:8,Tile:9,Tile:13,Map,Destroy,Tile:14,Bonus,Tile:0,Tile:7,Tile:10,Tile:10,Bonus,Tile:9,Tile:0,Tile:7,Tile:5,Tile:1,Tile:8,Bonus,Tile:6,Tile:5,Tile:0,Tile:6,Tile:3,Tile:7,Tile:11,Tile:7,Destroy,Tile:7,Tile:9-Map,Tile:6,Tile:15,Tile:5,Tile:0,Tile:8,Map-Map,Tile:2,Malus,Map,Tile:6,Bonus,Tile:9-Tile:hidden2,Tile:nugget,Tile:hidden1
Map 12 3 1
Tile:9 5 4 0
Map 12 5 1
Tile:6 6 5 0
Tile:8 7 5 1
Tile:2_flip 7 6 0
Tile:8 8 5 1
Tile:12 9 5 0
Tile:9 8 4 1
Map 12 7 0
Tile:8 8 6 1
Tile:10 8 7 0
Tile:6 9 4 1
Map 12 7 0
Tile:9_flip 10 4 1
Map 12 3 0
Tile:0 9 6 1
Destroy 10 4 0
Tile:6 10 4 1
Tile:13 8 3 0
Tile:0 11 4 1
Tile:7 6 4 0
Tile:10 7 4 1
Tile:10 8 2 0
Tile:5_flip 12 4 1
Destroy 8 5 0
Tile:0 6 6 1
Tile:8 10 6 0
Tile:5 7 3 1
Tile:9 8 8 0
Tile:8 8 5 1
Drop 2 0 0
Tile:6 13 3 1
Tile:1 11 3 0
Tile:14_flip 13 2 1
Tile:5_flip 10 7 0
Tile:0 11 6 1
Tile:6_flip 8 1 0
Tile:5_flip 12 6 1
GAMEOVER WINNER 1
# Game ended: Sat Apr 11 21:38:39 EDT 2020
