# Server version 0.08 running on 192.168.2.221:8123
# Game ID: 535
# Board class: Saboteur.SaboteurBoard
# Timeout: 2000
# First Move Timeout: 30000
# Date: Sat Apr 11 20:42:37 EDT 2020
# Player 1: Player-0, '260729564', running on 127.0.0.1
# Player 2: Player-1, 'RandomPlayer', running on 127.0.0.1
START Player-0 260729564
START Player-1 RandomPlayer
BoardInit:Map,Tile:10,Map,Tile:12,Tile:5,Tile:9,Bonus,Tile:1,Tile:8,Malus,Tile:7,Map,Tile:14,Tile:6,Malus,Bonus,Tile:5,Map,Tile:10,Tile:9,Tile:3,Tile:6,Tile:6,Tile:9,Tile:13,Tile:8,Map,Bonus,Tile:5,Tile:7,Tile:0,Tile:9,Tile:0,Tile:4,Tile:8,Destroy,Tile:10,Tile:0,Tile:8,Tile:6,Tile:8-Tile:15,Destroy,Tile:7,Tile:6,Bonus,Destroy,Tile:2-Tile:0,Tile:7,Map,Tile:5,Tile:9,Tile:11,Tile:7-Tile:nugget,Tile:hidden2,Tile:hidden1
Drop 2 0 1
Map 12 3 0
Drop 1 0 1
Tile:9 5 4 0
Map 12 7 1
Tile:0 6 4 0
Drop 2 0 1
Tile:9_flip 7 4 0
Tile:2 7 3 1
Tile:10 7 5 0
Destroy 7 3 1
Malus 0 0 0
Drop 6 0 1
Tile:5 7 3 0
Map 12 7 1
Tile:6 8 3 0
Drop 6 0 1
Tile:7 9 3 0
Drop 3 0 1
Tile:7_flip 9 4 0
Drop 2 0 1
Tile:9_flip 10 4 0
Drop 0 0 1
Tile:6 10 5 0
Drop 2 0 1
Tile:9 10 3 0
Drop 0 0 1
Tile:8 11 3 0
GAMEOVER WINNER 0
# Game ended: Sat Apr 11 20:42:38 EDT 2020
