# Server version 0.08 running on 192.168.2.221:8123
# Game ID: 664
# Board class: Saboteur.SaboteurBoard
# Timeout: 2000
# First Move Timeout: 30000
# Date: Sat Apr 11 21:04:40 EDT 2020
# Player 1: Player-0, 'RandomPlayer', running on 127.0.0.1
# Player 2: Player-1, '260729564', running on 127.0.0.1
START Player-0 RandomPlayer
START Player-1 260729564
BoardInit:Tile:1,Malus,Tile:7,Tile:12,Tile:9,Tile:7,Tile:8,Tile:0,Tile:3,Destroy,Tile:7,Tile:6,Tile:5,Tile:15,Tile:7,Tile:9,Tile:8,Bonus,Map,Tile:9,Tile:11,Tile:7,Tile:8,Bonus,Tile:0,Tile:14,Map,Destroy,Tile:10,Tile:8,Tile:10,Tile:9,Tile:13,Tile:8,Tile:5,Tile:6,Tile:4,Map,Tile:6,Malus,Map-Tile:5,Map,Map,Tile:2,Bonus,Tile:0,Tile:5-Destroy,Tile:0,Tile:6,Tile:9,Tile:6,Tile:10,Bonus-Tile:nugget,Tile:hidden1,Tile:hidden2
Map 12 3 1
Tile:0 4 5 0
Tile:0 6 5 1
Destroy 4 5 0
Tile:5_flip 7 5 1
Tile:9 7 4 0
Tile:9_flip 8 4 1
Drop 2 0 0
Tile:8 8 3 1
Drop 2 0 0
Tile:5_flip 9 3 1
Tile:6 4 5 0
Tile:7_flip 8 5 1
Tile:6_flip 3 5 0
Tile:5 9 2 1
Tile:0 2 5 0
Tile:7 10 2 1
Tile:6 3 6 0
Tile:8 9 5 1
Destroy 10 2 0
Tile:7 10 2 1
Tile:9_flip 5 6 0
Drop 0 0 1
Tile:7_flip 10 3 0
Tile:8 11 3 1
GAMEOVER WINNER 1
# Game ended: Sat Apr 11 21:04:41 EDT 2020
