# Server version 0.08 running on 192.168.2.221:8123
# Game ID: 364
# Board class: Saboteur.SaboteurBoard
# Timeout: 2000
# First Move Timeout: 30000
# Date: Sat Apr 11 20:31:16 EDT 2020
# Player 1: Player-0, 'RandomPlayer', running on 127.0.0.1
# Player 2: Player-1, '260729564', running on 127.0.0.1
START Player-0 RandomPlayer
START Player-1 260729564
BoardInit:Tile:6,Tile:8,Tile:6,Tile:8,Tile:10,Tile:13,Bonus,Map,Tile:5,Tile:1,Tile:9,Tile:14,Tile:6,Destroy,Map,Tile:15,Bonus,Tile:7,Tile:8,Tile:10,Tile:7,Tile:9,Tile:3,Tile:5,Tile:6,Tile:10,Bonus,Tile:9,Map,Tile:11,Tile:8,Tile:7,Map,Destroy,Tile:0,Map,Tile:7,Destroy,Tile:0,Tile:5,Tile:7-Tile:6,Tile:0,Tile:9,Tile:12,Map,Tile:4,Tile:8-Tile:0,Tile:9,Tile:2,Tile:5,Malus,Malus,Bonus-Tile:hidden1,Tile:hidden2,Tile:nugget
Map 12 3 1
Tile:9_flip 6 5 0
Tile:8 6 4 1
Malus 0 0 0
Drop 3 0 1
Drop 2 0 0
Drop 3 0 1
Tile:8 4 5 0
Bonus 0 0 1
Tile:13 7 4 0
Tile:9 7 5 1
Tile:2_flip 7 6 0
Tile:9 6 6 1
Map 12 7 0
Tile:10 6 3 1
Tile:1 8 4 0
Map 12 5 1
Destroy 6 6 0
Tile:6 6 6 1
Drop 5 0 0
Tile:8 5 6 1
Tile:7 8 5 0
Tile:5 7 3 1
Tile:8 4 6 0
Tile:6_flip 6 2 1
Tile:0 7 2 0
Tile:0 8 2 1
Tile:9_flip 8 6 0
Tile:6 9 2 1
Drop 4 0 0
Tile:6 10 2 1
Drop 1 0 0
Tile:6 11 2 1
Tile:10 5 7 0
Tile:8 12 2 1
Tile:10 5 8 0
Tile:3_flip 12 4 1
Tile:14 8 7 0
Tile:0 3 6 1
Tile:7 13 2 0
Tile:0 11 3 1
Tile:9_flip 12 1 0
Tile:7_flip 5 9 1
Destroy 8 7 0
Tile:7 6 9 1
Tile:5 4 4 0
Tile:7_flip 6 10 1
Destroy 11 2 0
Drop 1 0 1
Tile:11_flip 4 7 0
Drop 1 0 1
Map 12 7 0
Drop 1 0 1
Drop 0 0 0
Drop 0 0 1
GAMEOVER DRAW
# Game ended: Sat Apr 11 20:31:26 EDT 2020
