# Server version 0.08 running on 192.168.2.221:8123
# Game ID: 776
# Board class: Saboteur.SaboteurBoard
# Timeout: 2000
# First Move Timeout: 30000
# Date: Sat Apr 11 21:10:07 EDT 2020
# Player 1: Player-0, 'RandomPlayer', running on 127.0.0.1
# Player 2: Player-1, '260729564', running on 127.0.0.1
START Player-0 RandomPlayer
START Player-1 260729564
BoardInit:Malus,Bonus,Tile:10,Tile:4,Tile:8,Tile:7,Map,Map,Map,Tile:5,Tile:10,Tile:5,Tile:12,Tile:0,Tile:6,Tile:6,Tile:6,Tile:9,Tile:9,Tile:7,Tile:11,Tile:8,Tile:9,Tile:8,Tile:5,Destroy,Malus,Tile:3,Tile:5,Tile:8,Bonus,Tile:9,Tile:15,Tile:13,Tile:0,Destroy,Map,Tile:7,Tile:7,Tile:9,Map-Tile:14,Tile:6,Tile:8,Tile:7,Tile:0,Tile:1,Tile:6-Tile:0,Tile:2,Bonus,Map,Tile:10,Bonus,Destroy-Tile:nugget,Tile:hidden1,Tile:hidden2
Tile:8 6 5 1
Drop 2 0 0
Malus 0 0 1
Drop 2 0 0
Tile:6 7 5 1
Destroy 7 5 0
Tile:8 7 5 1
Drop 5 0 0
Map 12 3 1
Drop 6 0 0
Tile:10 7 4 1
Drop 4 0 0
Tile:0 8 5 1
Bonus 0 0 0
Tile:6 9 5 1
Tile:2 5 4 0
Tile:6 10 5 1
Tile:6_flip 11 5 0
Tile:6_flip 12 4 1
Tile:7_flip 11 4 0
Tile:9_flip 13 4 1
Tile:9_flip 7 3 0
Tile:10 13 3 1
Drop 5 0 0
Tile:9 13 2 1
Tile:5_flip 13 5 0
Tile:5_flip 6 6 1
Destroy 7 3 0
Malus 0 0 1
Drop 5 0 0
GAMEOVER TIMEOUT WINNER 0
# Game ended: Sat Apr 11 21:10:14 EDT 2020
