# Server version 0.08 running on 192.168.2.221:8123
# Game ID: 106
# Board class: Saboteur.SaboteurBoard
# Timeout: 2000
# First Move Timeout: 30000
# Date: Sat Apr 11 16:19:33 EDT 2020
# Player 1: Player-0, 'RandomPlayer', running on 127.0.0.1
# Player 2: Player-1, '260729564', running on 127.0.0.1
START Player-0 RandomPlayer
START Player-1 260729564
BoardInit:Destroy,Tile:5,Tile:5,Map,Tile:7,Malus,Tile:9,Tile:3,Tile:11,Map,Tile:8,Tile:9,Map,Tile:10,Destroy,Tile:0,Tile:0,Tile:6,Bonus,Bonus,Tile:6,Tile:7,Tile:9,Tile:4,Tile:7,Tile:10,Bonus,Tile:15,Tile:5,Tile:0,Tile:5,Tile:0,Map,Tile:14,Tile:13,Destroy,Tile:8,Tile:9,Tile:9,Map,Map-Bonus,Tile:12,Tile:6,Tile:7,Tile:10,Tile:8,Tile:6-Tile:8,Tile:6,Tile:2,Malus,Tile:8,Tile:7,Tile:1-Tile:nugget,Tile:hidden1,Tile:hidden2
Tile:8 6 5 1
Tile:6 6 6 0
Tile:6 7 6 1
Malus 0 0 0
Bonus 0 0 1
Tile:2_flip 4 5 0
Tile:6 8 6 1
Tile:8 7 5 0
Tile:5_flip 9 6 1
Tile:3 8 5 0
Tile:10 9 5 1
Tile:7_flip 5 6 0
Tile:8 9 4 1
Malus 0 0 0
Drop 0 0 1
Tile:5 9 3 0
Drop 4 0 1
Map 12 7 0
Drop 4 0 1
Tile:6_flip 4 4 0
Bonus 0 0 1
Tile:0 3 5 0
Tile:0 10 4 1
Tile:7_flip 3 4 0
Tile:6 11 4 1
Tile:10 11 3 0
Tile:9_flip 12 4 1
GAMEOVER WINNER 1
# Game ended: Sat Apr 11 16:19:33 EDT 2020
