# Server version 0.08 running on 192.168.2.221:8123
# Game ID: 1256
# Board class: Saboteur.SaboteurBoard
# Timeout: 2000
# First Move Timeout: 30000
# Date: Sat Apr 11 21:42:03 EDT 2020
# Player 1: Player-0, 'RandomPlayer', running on 127.0.0.1
# Player 2: Player-1, '260729564', running on 127.0.0.1
START Player-0 RandomPlayer
START Player-1 260729564
BoardInit:Bonus,Tile:9,Tile:6,Tile:10,Tile:15,Bonus,Tile:12,Tile:3,Tile:5,Tile:6,Tile:14,Tile:0,Tile:9,Bonus,Tile:1,Map,Map,Tile:5,Tile:7,Tile:8,Tile:9,Malus,Tile:5,Bonus,Malus,Tile:7,Tile:5,Tile:0,Map,Tile:7,Tile:8,Tile:2,Tile:7,Map,Tile:0,Tile:4,Tile:10,Map,Tile:8,Tile:6,Tile:0-Tile:8,Tile:10,Tile:11,Destroy,Tile:13,Map,Destroy-Tile:6,Tile:8,Tile:6,Tile:9,Destroy,Tile:7,Tile:9-Tile:nugget,Tile:hidden2,Tile:hidden1
Map 12 3 1
Tile:9 4 5 0
Tile:8 5 4 1
Tile:6_flip 6 4 0
Tile:6 7 4 1
Destroy 5 4 0
Tile:10 5 6 1
Tile:9_flip 4 6 0
Drop 0 0 1
Tile:6 4 7 0
Tile:5 5 4 1
Drop 3 0 0
Drop 1 0 1
Tile:6 8 4 0
Tile:9_flip 9 4 1
Tile:7 8 3 0
Drop 3 0 1
Map 12 7 0
Drop 3 0 1
Drop 5 0 0
Tile:7_flip 9 5 1
Tile:8 3 6 0
Tile:9_flip 10 5 1
Tile:5 10 4 0
Tile:5_flip 11 4 1
Tile:8 10 6 0
Malus 0 0 1
Drop 3 0 0
Tile:5 11 3 1
GAMEOVER WINNER 1
# Game ended: Sat Apr 11 21:42:03 EDT 2020
