# Server version 0.08 running on 192.168.2.221:8123
# Game ID: 1074
# Board class: Saboteur.SaboteurBoard
# Timeout: 2000
# First Move Timeout: 30000
# Date: Sat Apr 11 21:32:24 EDT 2020
# Player 1: Player-0, 'RandomPlayer', running on 127.0.0.1
# Player 2: Player-1, '260729564', running on 127.0.0.1
START Player-0 RandomPlayer
START Player-1 260729564
BoardInit:Tile:10,Tile:0,Bonus,Destroy,Tile:8,Map,Bonus,Tile:3,Tile:9,Destroy,Tile:7,Tile:0,Tile:7,Tile:6,Map,Tile:14,Tile:8,Tile:4,Map,Tile:5,Tile:5,Tile:9,Tile:13,Tile:9,Malus,Bonus,Malus,Tile:9,Tile:8,Tile:7,Tile:0,Tile:0,Tile:7,Map,Map,Tile:12,Tile:10,Tile:7,Tile:6,Tile:10,Tile:5-Tile:11,Tile:8,Bonus,Destroy,Tile:9,Tile:2,Map-Tile:6,Tile:15,Tile:5,Tile:8,Tile:6,Tile:6,Tile:1-Tile:nugget,Tile:hidden2,Tile:hidden1
Map 12 3 1
Tile:5 4 5 0
Tile:8 5 4 1
Tile:6 5 6 0
Tile:9_flip 6 4 1
Tile:8 6 3 0
Tile:8 7 3 1
Tile:6 4 6 0
Tile:10 7 4 1
Drop 0 0 0
Tile:9_flip 8 3 1
Destroy 5 4 0
Tile:7 6 6 1
Tile:6 6 7 0
Tile:7 7 7 1
Tile:6_flip 3 6 0
Drop 0 0 1
Tile:14_flip 5 7 0
Tile:8 5 4 1
Tile:4 8 2 0
Drop 2 0 1
Tile:1 2 6 0
Tile:5 6 2 1
Tile:5_flip 3 7 0
Drop 2 0 1
Tile:3 7 2 0
Malus 0 0 1
Destroy 7 2 0
Malus 0 0 1
Drop 6 0 0
Tile:8 7 5 1
Drop 3 0 0
Tile:0 8 5 1
Bonus 0 0 0
Tile:7_flip 8 4 1
Drop 4 0 0
Drop 2 0 1
Drop 5 0 0
Drop 2 0 1
Map 12 5 0
Tile:6 9 4 1
Drop 2 0 0
Tile:5_flip 10 4 1
Drop 1 0 0
Tile:10 10 3 1
Drop 3 0 0
Drop 2 0 1
Drop 0 0 0
Drop 2 0 1
Drop 2 0 0
Drop 2 0 1
Drop 0 0 0
Destroy 3 7 1
Drop 0 0 0
Drop 0 0 1
GAMEOVER DRAW
# Game ended: Sat Apr 11 21:32:25 EDT 2020
