# Server version 0.08 running on 192.168.2.221:8123
# Game ID: 1390
# Board class: Saboteur.SaboteurBoard
# Timeout: 2000
# First Move Timeout: 30000
# Date: Sat Apr 11 22:04:24 EDT 2020
# Player 1: Player-0, 'RandomPlayer', running on 127.0.0.1
# Player 2: Player-1, '260729564', running on 127.0.0.1
START Player-0 RandomPlayer
START Player-1 260729564
BoardInit:Bonus,Tile:8,Tile:8,Tile:5,Tile:4,Tile:7,Tile:7,Tile:9,Tile:8,Tile:7,Tile:8,Tile:0,Tile:8,Tile:7,Tile:1,Map,Tile:5,Tile:10,Tile:5,Bonus,Tile:9,Bonus,Tile:13,Tile:9,Tile:0,Map,Tile:0,Map,Tile:7,Tile:0,Malus,Tile:14,Tile:15,Map,Tile:10,Bonus,Map,Tile:3,Tile:12,Tile:6,Malus-Map,Tile:5,Tile:9,Tile:10,Destroy,Tile:6,Tile:11-Destroy,Tile:9,Tile:2,Destroy,Tile:6,Tile:6,Tile:6-Tile:nugget,Tile:hidden2,Tile:hidden1
Map 12 3 1
Tile:2_flip 5 6 0
Tile:6_flip 5 4 1
Tile:6 6 4 0
Tile:8 7 4 1
Tile:9_flip 6 3 0
Tile:9_flip 8 4 1
Tile:7_flip 4 6 0
Tile:10 8 3 1
Destroy 6 4 0
Tile:8 6 4 1
Drop 1 0 0
Tile:8 8 2 1
Tile:0 5 3 0
Tile:8 9 2 1
Destroy 5 4 0
Tile:5 5 4 1
Tile:5 4 5 0
Tile:7 10 2 1
Tile:10 8 1 0
Tile:5 9 1 1
Tile:6 8 5 0
Tile:9 10 3 1
Tile:7_flip 7 5 0
Tile:5_flip 11 3 1
Tile:9 11 2 0
Tile:0 12 2 1
Tile:8 10 4 0
Tile:0 13 2 1
Tile:9 11 1 0
Tile:7 11 4 1
Tile:0 9 5 0
Malus 0 0 1
Map 12 3 0
Destroy 11 3 1
Map 12 5 0
Tile:10 9 3 1
Drop 2 0 0
Drop 0 0 1
Map 12 7 0
Drop 1 0 1
Map 12 7 0
Malus 0 0 1
Drop 4 0 0
Drop 1 0 1
Drop 3 0 0
Drop 1 0 1
Drop 1 0 0
Drop 1 0 1
Drop 2 0 0
Drop 1 0 1
Drop 0 0 0
Drop 1 0 1
Drop 0 0 0
Drop 0 0 1
GAMEOVER DRAW
# Game ended: Sat Apr 11 22:04:26 EDT 2020
