# Server version 0.08 running on 192.168.2.221:8123
# Game ID: 549
# Board class: Saboteur.SaboteurBoard
# Timeout: 2000
# First Move Timeout: 30000
# Date: Sat Apr 11 20:43:20 EDT 2020
# Player 1: Player-0, '260729564', running on 127.0.0.1
# Player 2: Player-1, 'RandomPlayer', running on 127.0.0.1
START Player-0 260729564
START Player-1 RandomPlayer
BoardInit:Tile:6,Map,Bonus,Tile:4,Tile:6,Tile:12,Tile:7,Tile:5,Tile:5,Tile:8,Tile:1,Tile:6,Tile:7,Malus,Tile:7,Tile:3,Tile:0,Tile:8,Tile:0,Bonus,Tile:10,Tile:9,Bonus,Tile:0,Tile:0,Tile:9,Tile:2,Tile:5,Map,Tile:9,Tile:7,Tile:14,Tile:8,Destroy,Map,Tile:11,Destroy,Tile:8,Tile:13,Bonus,Tile:10-Malus,Map,Tile:9,Tile:6,Map,Tile:7,Tile:5-Tile:8,Destroy,Tile:15,Tile:9,Tile:6,Map,Tile:10-Tile:hidden2,Tile:hidden1,Tile:nugget
Tile:7_flip 4 5 1
Map 12 3 0
Tile:6_flip 6 5 1
Map 12 5 0
Tile:5_flip 6 6 1
Tile:8 7 5 0
Tile:9 7 6 1
Tile:6 8 6 0
Tile:6 7 7 1
Tile:9_flip 9 6 0
Tile:7 8 7 1
Tile:8 8 8 0
Tile:6_flip 9 5 1
Tile:6 10 5 0
Tile:1 9 8 1
Malus 0 0 0
Map 12 5 1
Tile:5_flip 11 5 0
Drop 5 0 1
Tile:8 11 4 0
Drop 1 0 1
Tile:10 8 9 0
Drop 5 0 1
Tile:9_flip 12 4 0
Drop 4 0 1
Tile:0 13 5 0
Drop 3 0 1
GAMEOVER TIMEOUT WINNER 1
# Game ended: Sat Apr 11 20:43:25 EDT 2020
