# Server version 0.08 running on 192.168.2.221:8123
# Game ID: 797
# Board class: Saboteur.SaboteurBoard
# Timeout: 2000
# First Move Timeout: 30000
# Date: Sat Apr 11 21:12:33 EDT 2020
# Player 1: Player-0, '260729564', running on 127.0.0.1
# Player 2: Player-1, 'RandomPlayer', running on 127.0.0.1
START Player-0 260729564
START Player-1 RandomPlayer
BoardInit:Tile:4,Tile:0,Tile:0,Tile:0,Malus,Malus,Bonus,Tile:10,Tile:5,Tile:7,Tile:8,Tile:7,Bonus,Map,Tile:6,Destroy,Tile:5,Tile:5,Tile:8,Destroy,Map,Tile:6,Tile:2,Tile:7,Map,Tile:12,Tile:6,Tile:7,Tile:1,Map,Tile:9,Tile:8,Tile:6,Tile:5,Tile:6,Tile:0,Bonus,Tile:15,Tile:9,Tile:9,Tile:11-Tile:13,Tile:8,Tile:14,Tile:8,Tile:3,Destroy,Tile:9-Tile:7,Map,Tile:9,Tile:10,Map,Bonus,Tile:10-Tile:hidden2,Tile:nugget,Tile:hidden1
Tile:3_flip 4 5 1
Map 12 3 0
Tile:9 5 4 1
Map 12 5 0
Drop 4 0 1
Tile:0 6 4 0
Tile:0 6 5 1
Malus 0 0 0
Drop 0 0 1
Tile:0 7 4 0
Drop 4 0 1
Tile:9_flip 8 4 0
Bonus 0 0 1
Tile:10 8 5 0
Tile:4 5 3 1
Tile:10 8 6 0
Tile:8 5 6 1
Tile:10 8 3 0
Drop 3 0 1
Tile:7_flip 8 7 0
Tile:8 8 2 1
Tile:7 9 7 0
Tile:8 9 2 1
Tile:6 10 2 0
Tile:14 11 2 1
Tile:5 10 1 0
Tile:6 5 7 1
Tile:7_flip 9 3 0
Drop 4 0 1
Tile:7 10 3 0
Tile:6 7 2 1
Tile:7_flip 10 4 0
Tile:1 6 6 1
Tile:8 11 4 0
Tile:9_flip 11 1 1
Tile:5_flip 12 4 0
Tile:6_flip 6 7 1
Tile:0 13 3 0
Tile:6_flip 8 1 1
Destroy 12 4 0
Tile:5 4 6 1
Map 12 7 0
Tile:9_flip 4 4 1
Destroy 13 3 0
Tile:11_flip 7 7 1
Tile:9_flip 6 8 0
Map 12 7 1
Drop 1 0 0
Tile:5_flip 12 4 1
Drop 1 0 0
Drop 0 0 1
Drop 1 0 0
Drop 0 0 1
Drop 0 0 0
Drop 0 0 1
GAMEOVER DRAW
# Game ended: Sat Apr 11 21:12:44 EDT 2020
