# Server version 0.08 running on 192.168.2.221:8123
# Game ID: 656
# Board class: Saboteur.SaboteurBoard
# Timeout: 2000
# First Move Timeout: 30000
# Date: Sat Apr 11 21:03:18 EDT 2020
# Player 1: Player-0, 'RandomPlayer', running on 127.0.0.1
# Player 2: Player-1, '260729564', running on 127.0.0.1
START Player-0 RandomPlayer
START Player-1 260729564
BoardInit:Tile:7,Tile:9,Tile:0,Tile:5,Destroy,Tile:2,Tile:15,Tile:9,Tile:8,Destroy,Tile:9,Map,Tile:5,Tile:0,Bonus,Tile:7,Tile:6,Tile:5,Tile:7,Tile:8,Tile:8,Bonus,Tile:8,Map,Tile:0,Tile:9,Map,Tile:11,Tile:12,Map,Tile:7,Tile:6,Tile:3,Tile:6,Tile:6,Tile:8,Tile:14,Tile:13,Tile:10,Tile:7,Tile:0-Map,Tile:6,Map,Bonus,Destroy,Malus,Malus-Tile:10,Bonus,Tile:4,Tile:1,Tile:9,Tile:5,Tile:10-Tile:nugget,Tile:hidden2,Tile:hidden1
Map 12 3 1
Drop 2 0 0
Malus 0 0 1
Drop 1 0 0
Malus 0 0 1
Drop 4 0 0
Tile:6 6 5 1
Drop 5 0 0
Tile:0 7 5 1
Drop 1 0 0
Tile:8 8 5 1
Drop 1 0 0
Tile:9 8 4 1
Drop 0 0 0
Tile:7 9 4 1
Map 12 7 0
Tile:5 8 3 1
Drop 0 0 0
Tile:6 9 3 1
Drop 3 0 0
Tile:7 10 3 1
Drop 2 0 0
Tile:8 9 2 1
Drop 3 0 0
Tile:8 9 5 1
Drop 5 0 0
Tile:0 10 2 1
Drop 3 0 0
Drop 0 0 1
Drop 4 0 0
Drop 3 0 1
Map 12 3 0
Tile:7 11 2 1
Drop 6 0 0
Drop 3 0 1
Drop 3 0 0
Tile:6_flip 10 5 1
Drop 3 0 0
Drop 3 0 1
Drop 6 0 0
Tile:10 9 1 1
Drop 2 0 0
Tile:0 11 5 1
Drop 1 0 0
Drop 3 0 1
Drop 3 0 0
Drop 3 0 1
Drop 0 0 0
Drop 3 0 1
Drop 2 0 0
Destroy 8 5 1
Drop 0 0 0
Destroy 9 2 1
Drop 0 0 0
Drop 0 0 1
GAMEOVER DRAW
# Game ended: Sat Apr 11 21:03:18 EDT 2020
