# Server version 0.08 running on 192.168.2.221:8123
# Game ID: 1072
# Board class: Saboteur.SaboteurBoard
# Timeout: 2000
# First Move Timeout: 30000
# Date: Sat Apr 11 21:32:17 EDT 2020
# Player 1: Player-0, 'RandomPlayer', running on 127.0.0.1
# Player 2: Player-1, '260729564', running on 127.0.0.1
START Player-0 RandomPlayer
START Player-1 260729564
BoardInit:Tile:1,Map,Tile:6,Tile:9,Tile:8,Tile:8,Tile:10,Tile:9,Tile:5,Tile:3,Tile:8,Tile:0,Tile:11,Tile:9,Tile:5,Malus,Tile:5,Tile:7,Destroy,Tile:6,Map,Tile:6,Tile:7,Tile:10,Tile:6,Tile:9,Tile:12,Tile:7,Tile:7,Tile:8,Tile:10,Map,Map,Bonus,Tile:15,Tile:7,Tile:0,Tile:6,Tile:0,Tile:4,Malus-Tile:2,Tile:14,Bonus,Tile:8,Bonus,Tile:5,Destroy-Tile:13,Map,Tile:9,Tile:0,Bonus,Destroy,Map-Tile:hidden1,Tile:nugget,Tile:hidden2
Tile:8 6 5 1
Tile:0 4 5 0
Tile:5_flip 7 5 1
Tile:9_flip 6 6 0
Tile:6_flip 7 4 1
Map 12 5 0
Tile:8 8 4 1
Drop 2 0 0
Tile:10 8 5 1
Tile:13 9 4 0
Tile:5 8 3 1
Tile:9 6 4 0
Tile:8 9 3 1
Tile:3 5 4 0
Drop 0 0 1
Tile:0 10 4 0
Tile:5_flip 10 3 1
Tile:9 9 5 0
Tile:5 10 2 1
Map 12 7 0
Drop 0 0 1
Tile:6_flip 6 3 0
Map 12 3 1
Tile:8 8 6 0
Tile:7 11 2 1
Tile:10 8 7 0
Tile:6 9 6 1
Drop 3 0 0
Drop 1 0 1
Tile:7 10 6 0
Tile:7_flip 11 3 1
Tile:9 5 6 0
Tile:10 12 4 1
GAMEOVER WINNER 1
# Game ended: Sat Apr 11 21:32:21 EDT 2020
