# Server version 0.08 running on 192.168.2.221:8123
# Game ID: 815
# Board class: Saboteur.SaboteurBoard
# Timeout: 2000
# First Move Timeout: 30000
# Date: Sat Apr 11 21:13:19 EDT 2020
# Player 1: Player-0, '260729564', running on 127.0.0.1
# Player 2: Player-1, 'RandomPlayer', running on 127.0.0.1
START Player-0 260729564
START Player-1 RandomPlayer
BoardInit:Tile:6,Tile:9,Tile:7,Map,Tile:6,Tile:7,Bonus,Tile:1,Tile:2,Tile:14,Tile:5,Tile:9,Tile:11,Destroy,Tile:4,Tile:8,Map,Tile:12,Tile:8,Tile:13,Tile:5,Bonus,Tile:5,Tile:5,Tile:6,Tile:8,Malus,Tile:6,Tile:10,Tile:9,Bonus,Tile:10,Map,Destroy,Tile:0,Tile:8,Tile:0,Malus,Map,Map,Tile:7-Tile:8,Tile:7,Bonus,Tile:15,Tile:9,Tile:10,Tile:7-Tile:9,Tile:0,Destroy,Map,Tile:6,Tile:0,Tile:3-Tile:nugget,Tile:hidden1,Tile:hidden2
Tile:8 5 6 1
Map 12 3 0
Tile:6_flip 5 4 1
Tile:6 6 4 0
Tile:7_flip 4 5 1
Tile:0 7 4 0
Tile:6 6 6 1
Tile:0 8 4 0
Tile:9 4 4 1
Tile:9_flip 9 4 0
Tile:2 4 6 1
Tile:9 9 3 0
Tile:5 3 6 1
Tile:9_flip 10 3 0
Tile:7 6 3 1
Tile:7_flip 10 4 0
Tile:11_flip 4 3 1
Tile:8 11 4 0
Map 12 7 1
Drop 1 0 0
Tile:8 11 5 1
Drop 1 0 0
Tile:4 11 3 1
Destroy 11 3 0
Tile:15 4 7 1
Tile:5 11 3 0
GAMEOVER WINNER 0
# Game ended: Sat Apr 11 21:13:19 EDT 2020
