# Server version 0.08 running on 192.168.2.221:8123
# Game ID: 959
# Board class: Saboteur.SaboteurBoard
# Timeout: 2000
# First Move Timeout: 30000
# Date: Sat Apr 11 21:22:19 EDT 2020
# Player 1: Player-0, '260729564', running on 127.0.0.1
# Player 2: Player-1, 'RandomPlayer', running on 127.0.0.1
START Player-0 260729564
START Player-1 RandomPlayer
BoardInit:Tile:12,Tile:9,Tile:6,Tile:6,Tile:10,Tile:15,Tile:7,Destroy,Tile:9,Bonus,Bonus,Map,Map,Tile:3,Malus,Tile:14,Tile:10,Tile:2,Tile:6,Tile:9,Tile:6,Bonus,Tile:5,Tile:5,Tile:13,Tile:7,Tile:4,Destroy,Tile:1,Map,Map,Tile:5,Tile:11,Tile:0,Map,Tile:10,Tile:0,Tile:9,Malus,Tile:0,Tile:9-Tile:7,Map,Tile:7,Tile:5,Tile:8,Tile:0,Tile:8-Bonus,Tile:8,Tile:8,Tile:8,Tile:7,Destroy,Tile:6-Tile:hidden1,Tile:nugget,Tile:hidden2
Tile:0 6 5 1
Tile:8 7 5 0
Drop 1 0 1
Tile:8 8 5 0
Drop 4 0 1
Tile:8 9 5 0
Tile:5 7 4 1
Tile:9_flip 10 5 0
Tile:7 5 4 1
Tile:6 10 6 0
Drop 3 0 1
Tile:6 11 6 0
Drop 0 0 1
Map 12 3 0
Tile:10 11 5 1
Tile:7 12 6 0
Tile:12_flip 4 5 1
Destroy 11 5 0
Tile:9 9 6 1
Destroy 12 6 0
Malus 0 0 1
Bonus 0 0 0
Tile:7_flip 5 6 1
Tile:9_flip 12 6 0
GAMEOVER WINNER 0
# Game ended: Sat Apr 11 21:22:19 EDT 2020
