# Server version 0.08 running on 192.168.2.221:8123
# Game ID: 95
# Board class: Saboteur.SaboteurBoard
# Timeout: 2000
# First Move Timeout: 30000
# Date: Sat Apr 11 16:18:30 EDT 2020
# Player 1: Player-0, '260729564', running on 127.0.0.1
# Player 2: Player-1, 'RandomPlayer', running on 127.0.0.1
START Player-0 260729564
START Player-1 RandomPlayer
BoardInit:Tile:9,Malus,Tile:0,Map,Bonus,Tile:6,Tile:4,Tile:8,Tile:13,Malus,Destroy,Tile:9,Bonus,Map,Tile:7,Tile:9,Tile:10,Tile:3,Tile:7,Tile:14,Map,Tile:6,Tile:2,Tile:10,Tile:5,Tile:1,Tile:15,Tile:8,Destroy,Tile:6,Tile:12,Tile:7,Map,Map,Tile:7,Tile:6,Tile:5,Tile:6,Bonus,Bonus,Map-Tile:8,Tile:8,Tile:11,Tile:0,Tile:0,Tile:0,Tile:9-Tile:8,Tile:5,Destroy,Tile:10,Tile:7,Tile:5,Tile:9-Tile:nugget,Tile:hidden2,Tile:hidden1
Tile:0 4 5 1
Tile:8 6 5 0
Tile:9 3 5 1
Malus 0 0 0
Drop 4 0 1
Map 12 3 0
Drop 3 0 1
Tile:6_flip 6 4 0
Drop 5 0 1
Tile:8 7 4 0
Drop 4 0 1
Malus 0 0 0
Drop 0 0 1
Tile:7 8 4 0
Destroy 3 5 1
Tile:10 8 5 0
Drop 1 0 1
Tile:9 8 6 0
Drop 3 0 1
Tile:5_flip 9 6 0
Drop 2 0 1
Tile:9 9 5 0
Map 12 3 1
Tile:6 10 5 0
Drop 5 0 1
Tile:9 10 4 0
Drop 0 0 1
Tile:5_flip 11 4 0
Drop 6 0 1
Tile:8 11 3 0
GAMEOVER WINNER 0
# Game ended: Sat Apr 11 16:18:30 EDT 2020
