# Server version 0.08 running on 192.168.2.221:8123
# Game ID: 72
# Board class: Saboteur.SaboteurBoard
# Timeout: 2000
# First Move Timeout: 30000
# Date: Sat Apr 11 16:14:43 EDT 2020
# Player 1: Player-0, 'RandomPlayer', running on 127.0.0.1
# Player 2: Player-1, '260729564', running on 127.0.0.1
START Player-0 RandomPlayer
START Player-1 260729564
BoardInit:Map,Tile:5,Tile:0,Tile:9,Tile:8,Tile:12,Tile:6,Tile:5,Tile:5,Tile:7,Tile:8,Map,Tile:9,Bonus,Tile:10,Bonus,Tile:6,Tile:8,Tile:6,Tile:7,Map,Tile:7,Tile:15,Map,Tile:13,Tile:7,Tile:10,Tile:8,Tile:6,Tile:1,Destroy,Tile:0,Map,Malus,Tile:0,Tile:4,Tile:3,Malus,Tile:9,Tile:8,Tile:11-Tile:10,Tile:14,Tile:5,Tile:9,Tile:9,Destroy,Bonus-Bonus,Tile:2,Tile:6,Map,Tile:7,Tile:0,Destroy-Tile:hidden2,Tile:hidden1,Tile:nugget
Tile:5_flip 6 5 1
Tile:2 6 4 0
Map 12 3 1
Tile:6 4 5 0
Tile:10 5 6 1
Tile:9 4 4 0
Tile:8 5 4 1
Map 12 5 0
Tile:6_flip 5 3 1
Tile:5_flip 7 4 0
Tile:5_flip 6 3 1
Drop 2 0 0
Tile:8 5 7 1
Drop 0 0 0
Tile:9 7 3 1
Destroy 7 3 0
Tile:9 7 3 1
Tile:7 8 3 0
Tile:6 6 7 1
Tile:5 6 6 0
Tile:6 7 6 1
Tile:12_flip 3 5 0
Map 12 5 1
Tile:7_flip 4 7 0
Tile:9_flip 8 6 1
Tile:8 8 7 0
Tile:0 9 7 1
Map 12 3 0
Tile:10 8 8 1
Map 12 3 0
Tile:6 10 7 1
Tile:1 11 7 0
Tile:10 10 6 1
Tile:7 7 2 0
Destroy 11 7 1
Tile:7 11 7 0
Tile:0 7 7 1
Tile:7_flip 5 8 0
Destroy 11 7 1
Tile:4_flip 8 9 0
Tile:9 10 5 1
Tile:8 11 7 0
GAMEOVER WINNER 0
# Game ended: Sat Apr 11 16:14:44 EDT 2020
