# Server version 0.08 running on 192.168.2.221:8123
# Game ID: 971
# Board class: Saboteur.SaboteurBoard
# Timeout: 2000
# First Move Timeout: 30000
# Date: Sat Apr 11 21:22:41 EDT 2020
# Player 1: Player-0, '260729564', running on 127.0.0.1
# Player 2: Player-1, 'RandomPlayer', running on 127.0.0.1
START Player-0 260729564
START Player-1 RandomPlayer
BoardInit:Bonus,Map,Tile:0,Tile:15,Tile:9,Tile:8,Tile:1,Tile:9,Tile:7,Tile:10,Bonus,Tile:14,Tile:9,Tile:6,Tile:8,Malus,Tile:2,Tile:12,Tile:10,Tile:5,Tile:5,Bonus,Tile:6,Bonus,Destroy,Tile:13,Tile:5,Tile:6,Tile:11,Tile:0,Tile:7,Tile:7,Malus,Tile:7,Tile:5,Map,Destroy,Tile:9,Map,Tile:10,Tile:6-Tile:6,Tile:7,Tile:0,Tile:8,Map,Tile:4,Destroy-Tile:0,Map,Tile:8,Tile:8,Tile:3,Map,Tile:9-Tile:hidden2,Tile:nugget,Tile:hidden1
Drop 3 0 1
Map 12 3 0
Drop 1 0 1
Map 12 5 0
Tile:0 6 5 1
Tile:8 7 5 0
Tile:9_flip 5 6 1
Tile:8 8 5 0
Tile:4_flip 7 6 1
Tile:8 9 5 0
Tile:1 4 5 1
Tile:9_flip 10 5 0
Destroy 9 5 1
Tile:0 9 5 0
Tile:6_flip 8 4 1
Tile:6_flip 10 4 0
Map 12 3 1
Malus 0 0 0
Drop 2 0 1
Tile:9_flip 11 4 0
Drop 4 0 1
Tile:5 11 3 0
Drop 5 0 1
Tile:10 12 4 0
GAMEOVER WINNER 0
# Game ended: Sat Apr 11 21:22:41 EDT 2020
