# Server version 0.08 running on 192.168.2.221:8123
# Game ID: 1422
# Board class: Saboteur.SaboteurBoard
# Timeout: 2000
# First Move Timeout: 30000
# Date: Sat Apr 11 22:05:59 EDT 2020
# Player 1: Player-0, 'RandomPlayer', running on 127.0.0.1
# Player 2: Player-1, '260729564', running on 127.0.0.1
START Player-0 RandomPlayer
START Player-1 260729564
BoardInit:Bonus,Tile:7,Tile:5,Tile:6,Tile:9,Tile:10,Map,Tile:1,Tile:9,Tile:2,Tile:0,Tile:0,Tile:5,Tile:7,Tile:6,Destroy,Map,Bonus,Tile:13,Tile:12,Destroy,Malus,Tile:5,Tile:3,Map,Tile:4,Map,Bonus,Tile:9,Tile:8,Map,Tile:0,Tile:7,Tile:7,Tile:10,Destroy,Tile:14,Map,Tile:5,Tile:8,Tile:9-Tile:8,Tile:8,Malus,Tile:10,Tile:8,Tile:6,Tile:6-Tile:0,Tile:15,Bonus,Tile:7,Tile:11,Tile:6,Tile:9-Tile:hidden1,Tile:nugget,Tile:hidden2
Malus 0 0 1
Drop 3 0 0
Tile:8 6 5 1
Drop 1 0 0
Tile:8 7 5 1
Drop 4 0 0
Tile:8 8 5 1
Drop 3 0 0
Map 12 3 1
Drop 5 0 0
Tile:6 9 5 1
Bonus 0 0 0
Tile:6 10 5 1
Drop 0 0 0
Tile:0 11 5 1
GAMEOVER WINNER 1
# Game ended: Sat Apr 11 22:05:59 EDT 2020
