# Server version 0.08 running on 192.168.2.221:8123
# Game ID: 575
# Board class: Saboteur.SaboteurBoard
# Timeout: 2000
# First Move Timeout: 30000
# Date: Sat Apr 11 20:44:51 EDT 2020
# Player 1: Player-0, '260729564', running on 127.0.0.1
# Player 2: Player-1, 'RandomPlayer', running on 127.0.0.1
START Player-0 260729564
START Player-1 RandomPlayer
BoardInit:Tile:6,Tile:8,Tile:5,Tile:8,Tile:6,Tile:13,Tile:7,Tile:5,Tile:6,Bonus,Tile:10,Tile:8,Tile:0,Map,Tile:4,Bonus,Destroy,Tile:11,Map,Tile:8,Tile:7,Tile:0,Malus,Tile:9,Tile:1,Malus,Tile:9,Tile:6,Tile:9,Tile:7,Tile:12,Tile:0,Tile:6,Tile:8,Tile:15,Tile:0,Map,Tile:10,Bonus,Map,Destroy-Tile:5,Tile:7,Tile:10,Map,Tile:2,Tile:3,Bonus-Tile:9,Tile:5,Map,Tile:14,Tile:7,Tile:9,Destroy-Tile:hidden2,Tile:nugget,Tile:hidden1
Map 12 3 1
Map 12 3 0
Tile:10 5 6 1
Tile:8 6 5 0
Tile:3 6 4 1
Tile:8 7 5 0
Tile:7_flip 6 6 1
Tile:9_flip 8 5 0
Tile:6 7 6 1
Tile:9 8 4 0
Tile:5 5 4 1
Tile:5_flip 9 4 0
Tile:7 9 3 1
Tile:8 8 6 0
Tile:6 8 7 1
Map 12 5 0
Tile:5 7 7 1
Tile:5_flip 9 6 0
Destroy 8 4 1
Tile:7 9 7 0
Tile:2 8 4 1
Tile:8 9 8 0
Tile:6_flip 10 8 1
Tile:0 11 8 0
Tile:7_flip 10 9 1
Tile:9_flip 12 8 0
Tile:10 12 9 1
Malus 0 0 0
Drop 6 0 1
GAMEOVER TIMEOUT WINNER 1
# Game ended: Sat Apr 11 20:44:55 EDT 2020
