# Server version 0.08 running on 192.168.2.221:8123
# Game ID: 902
# Board class: Saboteur.SaboteurBoard
# Timeout: 2000
# First Move Timeout: 30000
# Date: Sat Apr 11 21:19:32 EDT 2020
# Player 1: Player-0, 'RandomPlayer', running on 127.0.0.1
# Player 2: Player-1, '260729564', running on 127.0.0.1
START Player-0 RandomPlayer
START Player-1 260729564
BoardInit:Tile:1,Tile:10,Tile:7,Tile:5,Tile:0,Tile:9,Destroy,Tile:4,Destroy,Tile:0,Tile:14,Tile:12,Tile:13,Tile:8,Tile:8,Map,Tile:7,Tile:5,Tile:9,Map,Map,Bonus,Tile:7,Tile:6,Tile:6,Tile:9,Tile:2,Tile:8,Tile:6,Tile:6,Tile:8,Destroy,Bonus,Map,Tile:15,Tile:5,Tile:3,Tile:11,Tile:9,Tile:7,Tile:0-Tile:10,Map,Tile:10,Tile:7,Map,Malus,Tile:5-Bonus,Tile:0,Bonus,Tile:6,Malus,Tile:9,Tile:8-Tile:hidden2,Tile:nugget,Tile:hidden1
Map 12 3 1
Tile:6 5 6 0
Map 12 5 1
Drop 1 0 0
Malus 0 0 1
Drop 2 0 0
Tile:0 6 6 1
Drop 5 0 0
Tile:7 7 6 1
Drop 0 0 0
Tile:10 7 7 1
Bonus 0 0 0
Tile:10 7 8 1
Tile:8 4 5 0
Tile:7_flip 7 9 1
Tile:9 5 4 0
Tile:8 6 4 1
Tile:8 3 5 0
Tile:5_flip 8 9 1
Tile:10 3 6 0
Tile:9_flip 7 4 1
Tile:9 3 4 0
Tile:7_flip 7 5 1
Tile:12_flip 2 5 0
Tile:7 8 5 1
Tile:6_flip 6 3 0
Tile:6_flip 7 3 1
Tile:5_flip 6 5 0
Drop 0 0 1
Tile:9 5 3 0
Tile:6_flip 8 3 1
Tile:8 3 7 0
Tile:8 9 3 1
Drop 6 0 0
Drop 2 0 1
Tile:6 9 4 0
Drop 2 0 1
Drop 6 0 0
Drop 2 0 1
Tile:11 3 3 0
Tile:9_flip 10 4 1
Map 12 7 0
Drop 2 0 1
Tile:7 9 2 0
Tile:0 8 2 1
Drop 0 0 0
Drop 3 0 1
Map 12 7 0
Drop 3 0 1
Drop 1 0 0
Destroy 3 7 1
Drop 0 0 0
Destroy 2 5 1
Map 12 7 0
Drop 0 0 1
GAMEOVER DRAW
# Game ended: Sat Apr 11 21:19:32 EDT 2020
