# Server version 0.08 running on 192.168.2.221:8123
# Game ID: 756
# Board class: Saboteur.SaboteurBoard
# Timeout: 2000
# First Move Timeout: 30000
# Date: Sat Apr 11 21:09:26 EDT 2020
# Player 1: Player-0, 'RandomPlayer', running on 127.0.0.1
# Player 2: Player-1, '260729564', running on 127.0.0.1
START Player-0 RandomPlayer
START Player-1 260729564
BoardInit:Tile:6,Tile:6,Tile:0,Tile:7,Tile:9,Destroy,Malus,Tile:10,Tile:7,Tile:5,Tile:7,Tile:0,Tile:8,Map,Tile:8,Tile:5,Tile:7,Map,Tile:4,Map,Bonus,Tile:6,Tile:6,Tile:0,Map,Tile:12,Tile:9,Bonus,Map,Tile:8,Tile:14,Tile:10,Tile:11,Destroy,Map,Tile:2,Tile:9,Tile:3,Tile:9,Bonus,Tile:0-Tile:15,Tile:1,Tile:10,Destroy,Tile:8,Bonus,Tile:13-Tile:6,Tile:7,Tile:5,Tile:9,Tile:8,Tile:5,Malus-Tile:nugget,Tile:hidden2,Tile:hidden1
Tile:8 6 5 1
Tile:9 5 4 0
Tile:6 7 5 1
Drop 1 0 0
Tile:0 8 5 1
Tile:5 4 5 0
Tile:9_flip 9 5 1
Tile:8 9 4 0
Malus 0 0 1
Drop 3 0 0
Tile:7 10 4 1
Destroy 4 5 0
Tile:10 10 5 1
Malus 0 0 0
Bonus 0 0 1
Map 12 7 0
Tile:8 10 6 1
Drop 5 0 0
Tile:8 11 6 1
Drop 3 0 0
Tile:7_flip 11 7 1
Drop 6 0 0
Tile:7 12 6 1
Drop 5 0 0
Tile:6 13 7 1
Drop 2 0 0
Map 12 3 1
Drop 0 0 0
Tile:9_flip 7 4 1
Drop 6 0 0
Destroy 11 7 1
Drop 0 0 0
Drop 0 0 1
Drop 6 0 0
Drop 0 0 1
Drop 3 0 0
Drop 0 0 1
Destroy 9 4 0
Tile:9 9 4 1
Drop 6 0 0
Tile:9_flip 9 3 1
Drop 4 0 0
Tile:0 8 3 1
Bonus 0 0 0
Drop 0 0 1
Tile:5_flip 10 7 0
Drop 1 0 1
Tile:12_flip 4 5 0
Drop 1 0 1
Tile:5 5 3 0
Drop 1 0 1
Tile:2 6 3 0
Drop 1 0 1
Tile:6 9 6 0
Drop 0 0 1
GAMEOVER DRAW
# Game ended: Sat Apr 11 21:09:27 EDT 2020
