# Server version 0.08 running on 192.168.2.221:8123
# Game ID: 1291
# Board class: Saboteur.SaboteurBoard
# Timeout: 2000
# First Move Timeout: 30000
# Date: Sat Apr 11 21:44:52 EDT 2020
# Player 1: Player-0, '260729564', running on 127.0.0.1
# Player 2: Player-1, 'RandomPlayer', running on 127.0.0.1
START Player-0 260729564
START Player-1 RandomPlayer
BoardInit:Map,Tile:8,Tile:7,Map,Tile:9,Tile:10,Tile:7,Map,Malus,Tile:14,Destroy,Tile:9,Tile:8,Tile:0,Tile:0,Bonus,Tile:6,Map,Tile:0,Bonus,Tile:7,Tile:5,Tile:8,Tile:11,Map,Tile:9,Tile:10,Tile:9,Bonus,Tile:6,Tile:15,Destroy,Tile:7,Tile:10,Tile:8,Tile:9,Tile:8,Tile:13,Tile:2,Tile:5,Tile:7-Tile:0,Tile:6,Malus,Map,Tile:5,Tile:6,Tile:4-Destroy,Tile:3,Tile:6,Tile:5,Tile:12,Bonus,Tile:1-Tile:hidden2,Tile:nugget,Tile:hidden1
Tile:6_flip 6 5 1
Tile:6 7 5 0
Tile:6_flip 7 4 1
Tile:8 8 4 0
Tile:5_flip 9 4 1
Map 12 3 0
Tile:9 4 5 1
Tile:10 9 3 0
Tile:7_flip 6 6 1
Map 12 5 0
Tile:4_flip 5 6 1
Tile:5 9 2 0
Map 12 7 1
Tile:9_flip 10 2 0
Tile:8 4 4 1
Tile:0 7 6 0
Tile:7_flip 6 4 1
Drop 1 0 0
Destroy 4 4 1
Drop 1 0 0
Tile:6_flip 4 4 1
Drop 2 0 0
Map 12 7 1
Tile:5 10 1 0
Tile:0 11 1 1
Drop 2 0 0
Tile:8 8 5 1
Tile:9_flip 12 1 0
Tile:7_flip 10 3 1
GAMEOVER TIMEOUT WINNER 1
# Game ended: Sat Apr 11 21:44:55 EDT 2020
