# Server version 0.08 running on 192.168.2.221:8123
# Game ID: 483
# Board class: Saboteur.SaboteurBoard
# Timeout: 2000
# First Move Timeout: 30000
# Date: Sat Apr 11 20:40:15 EDT 2020
# Player 1: Player-0, '260729564', running on 127.0.0.1
# Player 2: Player-1, 'RandomPlayer', running on 127.0.0.1
START Player-0 260729564
START Player-1 RandomPlayer
BoardInit:Tile:8,Map,Bonus,Tile:7,Tile:9,Destroy,Bonus,Tile:8,Map,Tile:4,Tile:9,Map,Tile:2,Malus,Tile:1,Tile:3,Tile:9,Tile:5,Tile:0,Tile:13,Tile:5,Tile:6,Destroy,Tile:0,Tile:10,Bonus,Tile:7,Tile:0,Tile:12,Map,Tile:5,Tile:7,Tile:8,Tile:0,Tile:14,Tile:11,Tile:10,Tile:9,Tile:15,Map,Tile:6-Tile:7,Tile:7,Tile:8,Tile:8,Map,Destroy,Bonus-Tile:9,Tile:6,Tile:6,Malus,Tile:6,Tile:5,Tile:10-Tile:hidden1,Tile:hidden2,Tile:nugget
Tile:7_flip 5 6 1
Malus 0 0 0
Drop 1 0 1
Map 12 3 0
Drop 1 0 1
Tile:6 6 6 0
Bonus 0 0 1
Tile:6 7 6 0
Tile:7 6 5 1
Tile:8 8 6 0
Drop 1 0 1
Tile:6 9 6 0
Tile:9_flip 8 7 1
Map 12 5 0
Tile:9 4 5 1
Malus 0 0 0
Map 12 7 1
Tile:9_flip 10 6 0
Drop 5 0 1
Tile:10 10 7 0
Drop 1 0 1
Tile:7_flip 10 8 0
Map 12 3 1
Tile:6 11 8 0
Drop 4 0 1
Tile:0 12 8 0
Destroy 8 7 1
Tile:5_flip 13 8 0
Drop 6 0 1
Tile:5 13 7 0
Drop 1 0 1
Destroy 12 8 0
Drop 6 0 1
Tile:0 12 8 0
Drop 3 0 1
Tile:7_flip 8 7 0
Drop 3 0 1
Drop 0 0 0
Drop 6 0 1
Tile:9 11 7 0
GAMEOVER WINNER 0
# Game ended: Sat Apr 11 20:40:16 EDT 2020
