# Server version 0.08 running on 192.168.2.221:8123
# Game ID: 350
# Board class: Saboteur.SaboteurBoard
# Timeout: 2000
# First Move Timeout: 30000
# Date: Sat Apr 11 20:20:25 EDT 2020
# Player 1: Player-0, 'RandomPlayer', running on 127.0.0.1
# Player 2: Player-1, '260729564', running on 127.0.0.1
START Player-0 RandomPlayer
START Player-1 260729564
BoardInit:Tile:0,Malus,Tile:8,Tile:8,Map,Tile:13,Tile:5,Destroy,Map,Tile:0,Destroy,Tile:9,Tile:0,Tile:9,Tile:11,Tile:7,Tile:7,Tile:8,Tile:9,Tile:6,Tile:10,Bonus,Tile:7,Tile:5,Malus,Tile:6,Tile:0,Map,Tile:6,Bonus,Tile:5,Tile:6,Tile:3,Tile:4,Map,Tile:14,Destroy,Tile:8,Bonus,Tile:10,Map-Tile:2,Tile:15,Tile:12,Tile:10,Tile:8,Tile:7,Tile:5-Tile:7,Tile:6,Tile:9,Tile:1,Map,Bonus,Tile:9-Tile:hidden1,Tile:nugget,Tile:hidden2
Tile:8 6 5 1
Tile:9_flip 5 4 0
Tile:0 7 5 1
Tile:6 8 5 0
Tile:8 9 5 1
Tile:9_flip 5 3 0
Map 12 3 1
Map 12 7 0
Tile:7 10 5 1
Destroy 5 4 0
Map 12 5 1
Tile:0 4 5 0
Tile:5 9 4 1
Tile:9_flip 6 4 0
Tile:0 10 4 1
Tile:9_flip 5 6 0
Tile:5_flip 11 4 1
Tile:13 10 6 0
Tile:7_flip 9 6 1
Drop 1 0 0
Tile:9_flip 8 4 1
Malus 0 0 0
Drop 0 0 1
Tile:6 3 5 0
Drop 0 0 1
Tile:7_flip 6 6 0
Malus 0 0 1
Drop 5 0 0
Drop 0 0 1
Drop 2 0 0
Drop 2 0 1
Map 12 3 0
Drop 0 0 1
Bonus 0 0 0
Drop 6 0 1
Tile:8 11 3 0
Drop 6 0 1
Tile:8 5 4 0
Drop 0 0 1
Tile:8 13 3 0
Bonus 0 0 1
Tile:6 5 7 0
Tile:6_flip 11 2 1
Tile:14_flip 4 6 0
Tile:0 7 6 1
Tile:10 12 4 0
GAMEOVER WINNER 0
# Game ended: Sat Apr 11 20:20:29 EDT 2020
