# Server version 0.08 running on 192.168.2.221:8123
# Game ID: 270
# Board class: Saboteur.SaboteurBoard
# Timeout: 2000
# First Move Timeout: 30000
# Date: Sat Apr 11 20:15:38 EDT 2020
# Player 1: Player-0, 'RandomPlayer', running on 127.0.0.1
# Player 2: Player-1, '260729564', running on 127.0.0.1
START Player-0 RandomPlayer
START Player-1 260729564
BoardInit:Tile:9,Tile:6,Tile:14,Tile:8,Tile:0,Tile:8,Destroy,Tile:7,Tile:15,Tile:5,Tile:9,Tile:12,Tile:4,Tile:9,Bonus,Map,Bonus,Tile:0,Tile:5,Tile:9,Malus,Map,Tile:0,Tile:8,Tile:10,Tile:6,Tile:10,Tile:13,Tile:7,Tile:11,Tile:7,Tile:8,Map,Map,Tile:8,Tile:9,Destroy,Tile:7,Malus,Tile:7,Bonus-Tile:5,Tile:6,Tile:5,Tile:6,Tile:0,Tile:2,Destroy-Map,Tile:10,Tile:6,Tile:1,Tile:3,Map,Bonus-Tile:nugget,Tile:hidden1,Tile:hidden2
Tile:6 6 5 1
Tile:6_flip 4 5 0
Tile:9_flip 7 5 1
Tile:3_flip 5 6 0
Tile:6 7 6 1
Map 12 7 0
Tile:0 8 6 1
Tile:6_flip 6 6 0
Tile:0 9 6 1
Tile:8 3 5 0
Tile:5_flip 10 6 1
Tile:5_flip 6 7 0
Tile:9 10 5 1
Tile:7 10 4 0
Tile:5_flip 11 5 1
Tile:1 9 4 0
Destroy 11 5 1
Tile:9 3 6 0
Drop 0 0 1
Map 12 7 0
Tile:5_flip 11 5 1
Tile:0 5 7 0
Malus 0 0 1
Bonus 0 0 0
Destroy 11 5 1
Drop 5 0 0
Tile:0 11 5 1
Tile:8 8 4 0
Tile:10 12 4 1
GAMEOVER WINNER 1
# Game ended: Sat Apr 11 20:15:38 EDT 2020
