# Server version 0.08 running on 192.168.2.221:8123
# Game ID: 1319
# Board class: Saboteur.SaboteurBoard
# Timeout: 2000
# First Move Timeout: 30000
# Date: Sat Apr 11 21:57:24 EDT 2020
# Player 1: Player-0, '260729564', running on 127.0.0.1
# Player 2: Player-1, 'RandomPlayer', running on 127.0.0.1
START Player-0 260729564
START Player-1 RandomPlayer
BoardInit:Tile:12,Tile:7,Map,Tile:9,Tile:6,Tile:10,Tile:7,Tile:8,Tile:10,Tile:2,Tile:9,Tile:7,Map,Tile:6,Tile:13,Tile:0,Malus,Tile:9,Tile:9,Destroy,Tile:3,Tile:8,Bonus,Destroy,Bonus,Destroy,Tile:6,Map,Tile:0,Tile:14,Tile:6,Tile:7,Malus,Tile:5,Tile:5,Tile:6,Tile:5,Tile:10,Tile:8,Tile:0,Tile:7-Tile:4,Map,Bonus,Map,Tile:8,Tile:11,Tile:5-Tile:8,Tile:1,Map,Tile:0,Tile:15,Tile:9,Bonus-Tile:hidden2,Tile:hidden1,Tile:nugget
Tile:4_flip 5 6 1
Map 12 3 0
Map 12 7 1
Tile:8 6 5 0
Drop 4 0 1
Tile:9_flip 7 5 0
Tile:6_flip 5 4 1
Tile:9 7 4 0
Tile:11_flip 7 6 1
Tile:8 8 4 0
Drop 0 0 1
Tile:0 9 4 0
Tile:7 6 4 1
Tile:7 10 4 0
Tile:9 6 6 1
Tile:6 10 5 0
Tile:8 4 5 1
Tile:0 11 5 0
Tile:10 6 7 1
Tile:10 12 6 0
GAMEOVER WINNER 0
# Game ended: Sat Apr 11 21:57:24 EDT 2020
