# Server version 0.08 running on 192.168.2.221:8123
# Game ID: 1243
# Board class: Saboteur.SaboteurBoard
# Timeout: 2000
# First Move Timeout: 30000
# Date: Sat Apr 11 21:41:14 EDT 2020
# Player 1: Player-0, '260729564', running on 127.0.0.1
# Player 2: Player-1, 'RandomPlayer', running on 127.0.0.1
START Player-0 260729564
START Player-1 RandomPlayer
BoardInit:Tile:5,Tile:12,Tile:6,Map,Bonus,Tile:0,Tile:5,Bonus,Destroy,Tile:4,Tile:6,Tile:9,Tile:7,Tile:6,Tile:8,Tile:6,Tile:8,Tile:10,Tile:8,Tile:15,Tile:0,Tile:7,Malus,Tile:0,Tile:5,Tile:0,Bonus,Tile:8,Map,Tile:7,Tile:10,Tile:2,Map,Bonus,Map,Tile:9,Map,Tile:14,Destroy,Map,Tile:7-Tile:9,Tile:9,Tile:13,Tile:8,Tile:1,Tile:9,Tile:10-Tile:3,Malus,Tile:11,Tile:7,Tile:5,Tile:6,Destroy-Tile:hidden1,Tile:nugget,Tile:hidden2
Tile:9_flip 5 4 1
Malus 0 0 0
Drop 1 0 1
Tile:6 6 5 0
Drop 4 0 1
Map 12 3 0
Drop 3 0 1
Tile:0 7 5 0
Drop 5 0 1
Tile:7 8 5 0
Drop 1 0 1
Tile:5 6 4 0
Drop 0 0 1
Tile:9 8 6 0
Drop 2 0 1
Tile:6 9 6 0
Drop 5 0 1
Tile:6 10 6 0
Destroy 6 4 1
Tile:10 10 5 0
Drop 2 0 1
Drop 0 0 0
Drop 0 0 1
Tile:7 11 6 0
Drop 5 0 1
Drop 0 0 0
Drop 0 0 1
Drop 1 0 0
Drop 2 0 1
Tile:8 10 4 0
Malus 0 0 1
Bonus 0 0 0
Map 12 7 1
Tile:7_flip 11 7 0
Drop 3 0 1
Tile:0 13 7 0
Drop 0 0 1
Tile:9 12 6 0
GAMEOVER WINNER 0
# Game ended: Sat Apr 11 21:41:15 EDT 2020
