# Server version 0.08 running on 192.168.2.221:8123
# Game ID: 14
# Board class: Saboteur.SaboteurBoard
# Timeout: 20000
# First Move Timeout: 30000
# Date: Sat Apr 11 14:25:08 EDT 2020
# Player 1: Player-0, 'RandomPlayer', running on 127.0.0.1
# Player 2: Player-1, '260729564', running on 127.0.0.1
START Player-0 RandomPlayer
START Player-1 260729564
BoardInit:Tile:13,Bonus,Tile:15,Tile:5,Tile:4,Tile:10,Tile:2,Map,Destroy,Tile:8,Map,Tile:6,Malus,Tile:0,Tile:6,Tile:9,Tile:1,Tile:5,Bonus,Tile:9,Map,Tile:5,Map,Tile:9,Tile:8,Tile:10,Tile:6,Tile:12,Bonus,Tile:7,Destroy,Tile:14,Tile:10,Malus,Tile:7,Map,Tile:0,Tile:6,Tile:8,Map,Tile:0-Tile:8,Tile:7,Tile:6,Tile:5,Destroy,Tile:8,Tile:9-Tile:7,Tile:0,Bonus,Tile:9,Tile:7,Tile:3,Tile:11-Tile:hidden2,Tile:hidden1,Tile:nugget
Tile:6 4 5 1
Tile:3 4 4 0
Tile:7 6 5 1
Tile:9 5 4 0
Tile:8 3 5 1
Drop 2 0 0
Tile:8 3 4 1
Drop 2 0 0
Drop 3 0 1
Tile:11_flip 5 6 0
Drop 3 0 1
Tile:8 5 7 0
Map 12 3 1
Tile:6_flip 2 5 0
Tile:5_flip 6 4 1
Tile:7 3 3 0
Tile:6_flip 6 3 1
Tile:0 2 4 0
Tile:9_flip 7 3 1
Tile:5 4 6 0
Drop 1 0 1
Tile:10 6 6 0
Map 12 5 1
Drop 5 0 0
Drop 1 0 1
Tile:5 7 2 0
Tile:8 1 4 1
Tile:9 5 3 0
Tile:6 8 2 1
Tile:5 1 3 0
Drop 2 0 1
Tile:9 4 7 0
Drop 2 0 1
Tile:14 3 6 0
Tile:10 7 4 1
Tile:7_flip 4 8 0
Tile:7 9 2 1
Tile:0 2 3 0
Drop 3 0 1
Tile:6_flip 5 2 0
Tile:8 1 5 1
Drop 2 0 0
Tile:0 4 2 1
Map 12 7 0
Tile:0 3 2 1
Tile:12_flip 0 4 0
Destroy 5 7 1
Map 12 7 0
Destroy 4 4 1
Map 12 5 0
Destroy 4 2 1
Malus 0 0 0
Bonus 0 0 1
Drop 0 0 0
Drop 0 0 1
GAMEOVER DRAW
# Game ended: Sat Apr 11 14:25:11 EDT 2020
