# Server version 0.08 running on 192.168.2.221:8123
# Game ID: 1455
# Board class: Saboteur.SaboteurBoard
# Timeout: 2000
# First Move Timeout: 30000
# Date: Sat Apr 11 22:07:11 EDT 2020
# Player 1: Player-0, '260729564', running on 127.0.0.1
# Player 2: Player-1, 'RandomPlayer', running on 127.0.0.1
START Player-0 260729564
START Player-1 RandomPlayer
BoardInit:Destroy,Tile:8,Tile:8,Tile:15,Tile:7,Tile:7,Map,Tile:1,Tile:9,Tile:5,Tile:6,Tile:9,Tile:12,Bonus,Tile:10,Tile:6,Tile:4,Tile:8,Tile:0,Tile:7,Malus,Tile:13,Tile:0,Tile:10,Tile:9,Tile:7,Tile:0,Tile:7,Map,Destroy,Map,Bonus,Tile:6,Tile:10,Tile:8,Tile:9,Tile:14,Tile:3,Tile:9,Bonus,Tile:5-Map,Tile:5,Map,Map,Tile:2,Tile:5,Tile:6-Malus,Tile:6,Bonus,Tile:0,Tile:8,Destroy,Tile:11-Tile:hidden1,Tile:nugget,Tile:hidden2
Tile:2_flip 5 6 1
Malus 0 0 0
Map 12 5 1
Tile:8 6 5 0
Map 12 7 1
Tile:8 7 5 0
Drop 1 0 1
Tile:6 8 5 0
Destroy 6 5 1
Tile:0 6 5 0
Drop 1 0 1
Tile:7 9 5 0
Drop 4 0 1
Tile:9 9 6 0
Drop 0 0 1
Tile:5_flip 10 6 0
Drop 5 0 1
Tile:6 9 7 0
Drop 3 0 1
Tile:8 8 4 0
Drop 2 0 1
Tile:7 10 7 0
Drop 3 0 1
Drop 2 0 0
Drop 5 0 1
Tile:10 10 5 0
Drop 0 0 1
Tile:7_flip 7 6 0
Drop 5 0 1
Tile:7 8 6 0
Map 12 3 1
Drop 2 0 0
Map 12 3 1
Drop 2 0 0
Drop 3 0 1
Tile:10 10 4 0
Drop 3 0 1
Tile:9 10 3 0
Drop 6 0 1
Drop 2 0 0
Drop 2 0 1
Drop 2 0 0
Drop 0 0 1
Drop 3 0 0
Drop 4 0 1
Drop 3 0 0
Drop 2 0 1
Drop 3 0 0
Drop 0 0 1
Destroy 8 4 0
Drop 0 0 1
Destroy 8 6 0
Drop 1 0 1
Drop 0 0 0
Drop 0 0 1
GAMEOVER DRAW
# Game ended: Sat Apr 11 22:07:11 EDT 2020
