# Server version 0.08 running on 192.168.2.221:8123
# Game ID: 1120
# Board class: Saboteur.SaboteurBoard
# Timeout: 2000
# First Move Timeout: 30000
# Date: Sat Apr 11 21:34:01 EDT 2020
# Player 1: Player-0, 'RandomPlayer', running on 127.0.0.1
# Player 2: Player-1, '260729564', running on 127.0.0.1
START Player-0 RandomPlayer
START Player-1 260729564
BoardInit:Destroy,Malus,Tile:0,Tile:5,Tile:5,Tile:8,Tile:2,Map,Tile:6,Tile:7,Destroy,Tile:0,Tile:7,Map,Map,Tile:6,Tile:9,Tile:0,Bonus,Tile:10,Tile:11,Tile:12,Map,Tile:0,Tile:4,Map,Tile:9,Bonus,Tile:6,Tile:9,Map,Tile:14,Tile:9,Tile:7,Bonus,Destroy,Tile:13,Tile:8,Tile:7,Tile:5,Tile:10-Tile:10,Malus,Tile:8,Bonus,Tile:8,Tile:6,Tile:5-Tile:9,Tile:8,Tile:6,Tile:3,Tile:15,Tile:7,Tile:1-Tile:hidden1,Tile:hidden2,Tile:nugget
Malus 0 0 1
Drop 3 0 0
Tile:8 6 5 1
Drop 1 0 0
Tile:8 7 5 1
Drop 4 0 0
Tile:6 8 5 1
Drop 3 0 0
Tile:0 9 5 1
Map 12 5 0
Tile:6 10 5 1
Malus 0 0 0
Bonus 0 0 1
Drop 0 0 0
Tile:5_flip 11 5 1
Map 12 7 0
Map 12 3 1
Drop 5 0 0
Tile:5 11 4 1
Drop 3 0 0
Tile:7 12 4 1
Drop 2 0 0
Tile:10 12 6 1
GAMEOVER WINNER 1
# Game ended: Sat Apr 11 21:34:01 EDT 2020
