# Server version 0.08 running on 192.168.2.221:8123
# Game ID: 155
# Board class: Saboteur.SaboteurBoard
# Timeout: 2000
# First Move Timeout: 30000
# Date: Sat Apr 11 16:21:59 EDT 2020
# Player 1: Player-0, '260729564', running on 127.0.0.1
# Player 2: Player-1, 'RandomPlayer', running on 127.0.0.1
START Player-0 260729564
START Player-1 RandomPlayer
BoardInit:Map,Tile:8,Bonus,Tile:9,Tile:5,Tile:11,Tile:7,Destroy,Destroy,Destroy,Tile:1,Malus,Tile:8,Tile:9,Map,Map,Tile:7,Tile:9,Malus,Tile:5,Tile:0,Bonus,Tile:7,Map,Tile:10,Tile:7,Tile:6,Tile:3,Tile:4,Tile:6,Tile:8,Tile:13,Tile:7,Map,Tile:9,Bonus,Tile:6,Tile:8,Tile:10,Tile:5,Map-Tile:0,Tile:5,Tile:6,Tile:0,Bonus,Tile:9,Tile:8-Tile:10,Tile:6,Tile:12,Tile:0,Tile:14,Tile:15,Tile:2-Tile:hidden2,Tile:nugget,Tile:hidden1
Tile:8 5 4 1
Tile:6 6 4 0
Tile:0 7 4 1
Tile:8 8 4 0
Tile:0 9 4 1
Tile:0 10 4 0
Tile:9_flip 11 4 1
Tile:9 11 5 0
GAMEOVER WINNER 0
# Game ended: Sat Apr 11 16:21:59 EDT 2020
