# Server version 0.08 running on 192.168.2.221:8123
# Game ID: 1097
# Board class: Saboteur.SaboteurBoard
# Timeout: 2000
# First Move Timeout: 30000
# Date: Sat Apr 11 21:33:09 EDT 2020
# Player 1: Player-0, '260729564', running on 127.0.0.1
# Player 2: Player-1, 'RandomPlayer', running on 127.0.0.1
START Player-0 260729564
START Player-1 RandomPlayer
BoardInit:Tile:13,Tile:8,Tile:8,Bonus,Map,Tile:1,Destroy,Tile:3,Tile:10,Tile:9,Tile:7,Tile:6,Bonus,Map,Tile:6,Tile:7,Destroy,Tile:7,Tile:5,Malus,Tile:8,Tile:9,Tile:7,Destroy,Map,Tile:6,Tile:0,Bonus,Tile:11,Tile:14,Tile:10,Tile:12,Tile:15,Tile:2,Tile:9,Bonus,Tile:5,Tile:4,Tile:8,Tile:10,Tile:0-Tile:0,Tile:5,Tile:0,Tile:9,Malus,Map,Tile:8-Tile:7,Map,Tile:6,Tile:5,Map,Tile:9,Tile:6-Tile:nugget,Tile:hidden2,Tile:hidden1
Tile:0 4 5 1
Map 12 3 0
Tile:8 5 4 1
Tile:8 6 4 0
Tile:0 4 4 1
Tile:9_flip 7 4 0
Tile:5_flip 6 5 1
Tile:6_flip 7 3 0
Tile:13 6 3 1
Tile:6 8 3 0
Map 12 3 1
Tile:9_flip 9 3 0
Tile:7_flip 3 4 1
Tile:6 9 4 0
Destroy 7 3 1
Tile:5 8 4 0
Tile:8 7 3 1
Tile:7 10 4 0
Drop 0 0 1
Tile:7_flip 10 5 0
Tile:5 9 2 1
Malus 0 0 0
Destroy 8 3 1
Tile:9 7 2 0
Drop 0 0 1
Tile:7 8 2 0
Map 12 3 1
Tile:6 8 3 0
Drop 6 0 1
Drop 0 0 0
Drop 3 0 1
Drop 1 0 0
Map 12 7 1
Drop 1 0 0
Drop 0 0 1
Drop 1 0 0
Drop 4 0 1
Drop 2 0 0
Drop 0 0 1
Drop 2 0 0
Drop 2 0 1
Tile:10 8 5 0
Drop 0 0 1
Drop 2 0 0
Drop 4 0 1
Drop 2 0 0
Drop 2 0 1
Drop 2 0 0
Drop 0 0 1
Drop 2 0 0
Drop 0 0 1
Destroy 8 2 0
Drop 1 0 1
Drop 0 0 0
Drop 0 0 1
GAMEOVER DRAW
# Game ended: Sat Apr 11 21:33:10 EDT 2020
