# Server version 0.08 running on 192.168.2.221:8123
# Game ID: 1415
# Board class: Saboteur.SaboteurBoard
# Timeout: 2000
# First Move Timeout: 30000
# Date: Sat Apr 11 22:05:34 EDT 2020
# Player 1: Player-0, '260729564', running on 127.0.0.1
# Player 2: Player-1, 'RandomPlayer', running on 127.0.0.1
START Player-0 260729564
START Player-1 RandomPlayer
BoardInit:Tile:7,Tile:6,Tile:9,Tile:3,Tile:10,Bonus,Tile:13,Tile:0,Tile:9,Tile:10,Tile:11,Map,Map,Tile:12,Tile:7,Tile:7,Tile:0,Tile:4,Tile:2,Tile:6,Malus,Tile:8,Tile:9,Tile:6,Tile:10,Map,Tile:5,Bonus,Bonus,Malus,Tile:0,Tile:5,Tile:14,Map,Tile:9,Tile:8,Tile:5,Tile:6,Map,Tile:1,Bonus-Destroy,Tile:5,Tile:8,Map,Tile:7,Tile:8,Tile:8-Tile:15,Destroy,Tile:7,Tile:6,Destroy,Tile:9,Tile:0-Tile:nugget,Tile:hidden2,Tile:hidden1
Map 12 7 1
Tile:9_flip 6 5 0
Tile:8 4 5 1
Tile:6 6 6 0
Tile:7 6 4 1
Tile:6 7 6 0
Tile:9_flip 4 6 1
Tile:0 8 6 0
Tile:13 3 5 1
Tile:0 9 6 0
Tile:5 3 4 1
Tile:7 10 6 0
Drop 2 0 1
Map 12 3 0
Drop 3 0 1
Tile:10 7 5 0
Drop 4 0 1
Tile:7_flip 10 7 0
Tile:8 4 4 1
Drop 0 0 0
Tile:7 4 3 1
Tile:6_flip 11 7 0
Destroy 3 5 1
Tile:8 12 6 0
Tile:2_flip 3 6 1
Tile:6_flip 12 4 0
Tile:7_flip 11 6 1
Destroy 12 4 0
Tile:5_flip 13 7 1
Drop 1 0 0
Map 12 3 1
Malus 0 0 0
Drop 6 0 1
Tile:5 12 4 0
Drop 4 0 1
Destroy 12 4 0
Drop 3 0 1
Tile:8 12 4 0
GAMEOVER WINNER 0
# Game ended: Sat Apr 11 22:05:35 EDT 2020
