# Server version 0.08 running on 192.168.2.221:8123
# Game ID: 539
# Board class: Saboteur.SaboteurBoard
# Timeout: 2000
# First Move Timeout: 30000
# Date: Sat Apr 11 20:43:01 EDT 2020
# Player 1: Player-0, '260729564', running on 127.0.0.1
# Player 2: Player-1, 'RandomPlayer', running on 127.0.0.1
START Player-0 260729564
START Player-1 RandomPlayer
BoardInit:Tile:8,Tile:9,Tile:0,Tile:2,Tile:6,Tile:5,Map,Tile:0,Tile:9,Tile:11,Tile:12,Tile:10,Tile:9,Tile:5,Bonus,Tile:7,Tile:13,Tile:3,Map,Tile:1,Tile:4,Tile:10,Tile:8,Tile:7,Tile:5,Tile:7,Map,Tile:7,Bonus,Bonus,Map,Tile:10,Tile:8,Tile:0,Tile:9,Tile:0,Tile:8,Tile:6,Map,Tile:6,Malus-Tile:5,Tile:15,Destroy,Tile:6,Tile:8,Tile:14,Map-Tile:9,Bonus,Tile:7,Tile:6,Destroy,Destroy,Malus-Tile:hidden2,Tile:hidden1,Tile:nugget
Tile:6_flip 6 5 1
Malus 0 0 0
Drop 5 0 1
Tile:6 7 5 0
Drop 0 0 1
Tile:9_flip 8 5 0
Destroy 7 5 1
Tile:9 6 6 0
Map 12 5 1
Tile:0 7 6 0
Drop 4 0 1
Tile:5 5 4 0
Drop 0 0 1
Tile:10 6 7 0
Drop 0 0 1
Tile:5_flip 6 4 0
Drop 1 0 1
Tile:7_flip 6 8 0
Drop 3 0 1
Tile:7 7 8 0
Drop 6 0 1
Drop 3 0 0
Drop 3 0 1
Tile:10 7 9 0
Drop 5 0 1
Tile:7_flip 7 10 0
Drop 0 0 1
Tile:7 8 10 0
Drop 6 0 1
Tile:7_flip 8 11 0
Drop 4 0 1
Drop 3 0 0
Drop 3 0 1
Tile:10 6 3 0
Bonus 0 0 1
Tile:0 9 11 0
Tile:5_flip 5 6 1
Tile:0 10 11 0
Tile:8 8 6 1
Tile:6 11 11 0
Tile:9_flip 9 6 1
Tile:6_flip 12 11 0
Malus 0 0 1
Bonus 0 0 0
Map 12 3 1
Drop 2 0 0
Tile:6_flip 11 10 1
Drop 2 0 0
Tile:9 12 12 1
Destroy 5 6 0
Drop 1 0 1
Destroy 11 10 0
Map 12 3 1
Drop 0 0 0
Drop 0 0 1
GAMEOVER DRAW
# Game ended: Sat Apr 11 20:43:03 EDT 2020
