# Server version 0.08 running on 192.168.2.221:8123
# Game ID: 210
# Board class: Saboteur.SaboteurBoard
# Timeout: 2000
# First Move Timeout: 30000
# Date: Sat Apr 11 20:09:18 EDT 2020
# Player 1: Player-0, 'RandomPlayer', running on 127.0.0.1
# Player 2: Player-1, '260729564', running on 127.0.0.1
START Player-0 RandomPlayer
START Player-1 260729564
BoardInit:Tile:6,Tile:0,Tile:10,Destroy,Map,Tile:8,Tile:9,Tile:11,Tile:7,Tile:9,Tile:0,Tile:6,Tile:10,Tile:5,Tile:6,Tile:9,Tile:5,Bonus,Tile:9,Tile:6,Bonus,Bonus,Tile:3,Tile:8,Tile:7,Tile:6,Tile:8,Tile:10,Destroy,Tile:7,Tile:7,Destroy,Tile:12,Tile:0,Map,Malus,Tile:7,Tile:4,Tile:14,Map,Malus-Tile:9,Tile:8,Tile:1,Bonus,Map,Map,Tile:8-Tile:0,Tile:2,Tile:5,Map,Tile:15,Tile:5,Tile:13-Tile:nugget,Tile:hidden1,Tile:hidden2
Map 12 3 1
Tile:5_flip 5 6 0
Tile:8 5 4 1
Drop 5 0 0
Tile:8 6 4 1
Tile:15 6 3 0
Tile:6 7 4 1
Tile:5 6 2 0
Tile:9_flip 8 4 1
Tile:2_flip 6 5 0
Tile:10 8 3 1
Tile:0 4 4 0
Tile:0 7 5 1
Tile:8 8 5 0
Tile:9_flip 9 5 1
Tile:9 9 4 0
Tile:6 10 4 1
Tile:11_flip 5 3 0
Tile:5_flip 11 4 1
Drop 1 0 0
Tile:9_flip 8 2 1
Tile:6 7 2 0
Tile:10 10 3 1
Drop 5 0 0
Tile:7_flip 9 6 1
Tile:8 3 4 0
Tile:7 10 6 1
Tile:5 11 3 0
GAMEOVER WINNER 0
# Game ended: Sat Apr 11 20:09:18 EDT 2020
