# Server version 0.08 running on 192.168.2.221:8123
# Game ID: 803
# Board class: Saboteur.SaboteurBoard
# Timeout: 2000
# First Move Timeout: 30000
# Date: Sat Apr 11 21:12:59 EDT 2020
# Player 1: Player-0, '260729564', running on 127.0.0.1
# Player 2: Player-1, 'RandomPlayer', running on 127.0.0.1
START Player-0 260729564
START Player-1 RandomPlayer
BoardInit:Map,Malus,Tile:4,Destroy,Tile:15,Map,Tile:8,Map,Tile:9,Tile:1,Tile:7,Tile:10,Tile:6,Tile:13,Tile:12,Tile:11,Destroy,Map,Destroy,Tile:6,Tile:0,Tile:14,Malus,Tile:2,Tile:9,Tile:10,Bonus,Map,Tile:5,Bonus,Tile:6,Tile:5,Tile:7,Tile:5,Tile:8,Tile:3,Tile:5,Tile:10,Bonus,Tile:9,Tile:7-Bonus,Tile:0,Tile:0,Map,Tile:8,Tile:7,Tile:9-Tile:6,Tile:6,Tile:8,Tile:7,Tile:8,Tile:9,Tile:0-Tile:nugget,Tile:hidden1,Tile:hidden2
Drop 3 0 1
Tile:8 6 5 0
Tile:9 4 5 1
Malus 0 0 0
Map 12 5 1
Tile:8 7 5 0
Drop 3 0 1
Map 12 3 0
Drop 5 0 1
Tile:9 7 4 0
Bonus 0 0 1
Tile:6 8 4 0
Tile:4 6 4 1
Tile:6 9 4 0
Tile:6_flip 9 3 1
Tile:0 10 4 0
Tile:7 5 4 1
Tile:7 11 4 0
Tile:0 10 3 1
Drop 1 0 0
Tile:8 4 6 1
Tile:6 11 3 0
GAMEOVER WINNER 0
# Game ended: Sat Apr 11 21:13:00 EDT 2020
