# Server version 0.08 running on 192.168.2.221:8123
# Game ID: 196
# Board class: Saboteur.SaboteurBoard
# Timeout: 2000
# First Move Timeout: 30000
# Date: Sat Apr 11 20:07:25 EDT 2020
# Player 1: Player-0, 'RandomPlayer', running on 127.0.0.1
# Player 2: Player-1, '260729564', running on 127.0.0.1
START Player-0 RandomPlayer
START Player-1 260729564
BoardInit:Tile:0,Tile:0,Tile:9,Bonus,Bonus,Destroy,Bonus,Destroy,Tile:13,Tile:6,Tile:11,Tile:6,Tile:9,Tile:1,Map,Tile:0,Malus,Map,Tile:8,Tile:0,Tile:12,Map,Destroy,Tile:9,Tile:5,Tile:4,Tile:6,Tile:6,Bonus,Tile:15,Map,Tile:8,Tile:7,Tile:9,Tile:3,Tile:10,Malus,Tile:5,Tile:10,Tile:7,Map-Map,Tile:7,Tile:7,Tile:8,Tile:7,Tile:5,Tile:8-Tile:14,Tile:8,Tile:2,Tile:6,Tile:5,Tile:9,Tile:10-Tile:hidden1,Tile:hidden2,Tile:nugget
Map 12 3 1
Tile:9_flip 5 6 0
Tile:8 6 5 1
Tile:2_flip 5 7 0
Tile:8 7 5 1
Drop 4 0 0
Tile:9_flip 8 5 1
Tile:14 7 6 0
Tile:7_flip 8 6 1
Tile:6_flip 8 4 0
Tile:0 9 4 1
Tile:5 4 6 0
Tile:7 10 4 1
Destroy 7 5 0
Tile:9 6 6 1
Tile:6_flip 9 6 0
Map 12 5 1
Tile:6 4 7 0
Malus 0 0 1
Drop 5 0 0
Tile:8 7 5 1
Destroy 4 7 0
Tile:7 10 6 1
Bonus 0 0 0
Tile:5 7 4 1
Tile:9_flip 9 7 0
Tile:5 8 7 1
Tile:4 6 4 0
Tile:6 10 5 1
Tile:0 11 5 0
Drop 1 0 1
Tile:6 9 8 0
Drop 1 0 1
Tile:15 10 7 0
Tile:7 13 5 1
Tile:8 12 4 0
Drop 1 0 1
Drop 3 0 0
Malus 0 0 1
Drop 0 0 0
Tile:10 13 6 1
Drop 4 0 0
Drop 1 0 1
Map 12 7 0
Drop 2 0 1
Drop 3 0 0
Drop 2 0 1
Drop 0 0 0
Drop 2 0 1
Drop 2 0 0
Drop 2 0 1
Drop 0 0 0
Destroy 7 5 1
Drop 0 0 0
Drop 0 0 1
GAMEOVER DRAW
# Game ended: Sat Apr 11 20:07:27 EDT 2020
