# Server version 0.08 running on 192.168.2.221:8123
# Game ID: 331
# Board class: Saboteur.SaboteurBoard
# Timeout: 2000
# First Move Timeout: 30000
# Date: Sat Apr 11 20:19:20 EDT 2020
# Player 1: Player-0, '260729564', running on 127.0.0.1
# Player 2: Player-1, 'RandomPlayer', running on 127.0.0.1
START Player-0 260729564
START Player-1 RandomPlayer
BoardInit:Tile:11,Tile:6,Tile:4,Tile:7,Map,Tile:9,Tile:8,Tile:9,Tile:15,Tile:8,Tile:6,Tile:0,Destroy,Tile:1,Tile:0,Tile:9,Bonus,Tile:9,Tile:0,Bonus,Bonus,Tile:12,Tile:5,Tile:5,Map,Tile:6,Tile:5,Tile:7,Tile:2,Map,Tile:8,Destroy,Tile:6,Tile:7,Tile:13,Tile:10,Tile:7,Tile:14,Map,Tile:6,Destroy-Malus,Map,Map,Tile:3,Tile:7,Tile:9,Tile:8-Tile:0,Tile:10,Bonus,Tile:10,Tile:8,Tile:5,Malus-Tile:nugget,Tile:hidden1,Tile:hidden2
Tile:9_flip 5 6 1
Malus 0 0 0
Drop 1 0 1
Tile:8 6 5 0
Map 12 5 1
Tile:5_flip 7 5 0
Drop 2 0 1
Tile:6_flip 7 4 0
Map 12 5 1
Tile:7 8 4 0
Malus 0 0 1
Bonus 0 0 0
Drop 0 0 1
Tile:8 6 4 0
Drop 2 0 1
Tile:10 8 5 0
Drop 5 0 1
Tile:10 8 6 0
Drop 3 0 1
Tile:9 8 7 0
Drop 2 0 1
Tile:9_flip 9 7 0
Drop 5 0 1
Tile:9 9 6 0
Drop 0 0 1
Tile:9_flip 10 6 0
Map 12 7 1
Tile:6_flip 10 5 0
Drop 2 0 1
Tile:0 11 5 0
Drop 4 0 1
Map 12 3 0
Drop 6 0 1
Tile:0 13 5 0
Drop 4 0 1
Tile:5 12 4 0
Drop 3 0 1
Tile:7_flip 12 6 0
Drop 0 0 1
Tile:7 13 6 0
Drop 6 0 1
Tile:6 5 7 0
Destroy 13 6 1
Tile:10 10 7 0
Drop 4 0 1
Destroy 12 4 0
Drop 3 0 1
Drop 0 0 0
Drop 2 0 1
Drop 1 0 0
Drop 0 0 1
Drop 1 0 0
Bonus 0 0 1
Drop 0 0 0
Tile:7 12 4 1
GAMEOVER DRAW
# Game ended: Sat Apr 11 20:19:24 EDT 2020
