# Server version 0.08 running on 192.168.2.221:8123
# Game ID: 1048
# Board class: Saboteur.SaboteurBoard
# Timeout: 2000
# First Move Timeout: 30000
# Date: Sat Apr 11 21:30:24 EDT 2020
# Player 1: Player-0, 'RandomPlayer', running on 127.0.0.1
# Player 2: Player-1, '260729564', running on 127.0.0.1
START Player-0 RandomPlayer
START Player-1 260729564
BoardInit:Tile:6,Tile:7,Tile:0,Map,Tile:5,Tile:8,Tile:10,Tile:8,Tile:7,Malus,Map,Map,Tile:9,Tile:8,Tile:8,Tile:7,Tile:8,Tile:9,Tile:0,Tile:6,Tile:10,Destroy,Malus,Tile:5,Tile:5,Bonus,Tile:7,Tile:6,Tile:3,Map,Tile:6,Tile:11,Map,Tile:0,Tile:5,Tile:9,Tile:7,Tile:9,Tile:9,Destroy,Tile:0-Tile:10,Tile:2,Bonus,Tile:12,Tile:14,Tile:13,Tile:15-Bonus,Destroy,Map,Tile:6,Bonus,Tile:1,Tile:4-Tile:hidden1,Tile:hidden2,Tile:nugget
Tile:10 5 4 1
Tile:1 6 5 0
Tile:6 5 6 1
Destroy 5 6 0
Drop 0 0 1
Map 12 3 0
Tile:5 5 3 1
Tile:4_flip 5 6 0
Tile:0 6 3 1
Tile:7 7 3 0
Tile:10 7 4 1
Drop 4 0 0
Map 12 3 1
Drop 0 0 0
Tile:9_flip 7 5 1
Tile:8 7 6 0
Tile:8 8 6 1
Map 12 7 0
Tile:8 9 6 1
Tile:7 9 5 0
Tile:0 10 6 1
Tile:9 4 5 0
Tile:10 9 7 1
Tile:8 11 6 0
Malus 0 0 1
Destroy 6 3 0
Drop 1 0 1
Drop 0 0 0
Drop 1 0 1
Drop 5 0 0
Drop 1 0 1
Bonus 0 0 0
Tile:6_flip 6 3 1
Tile:6_flip 12 6 0
GAMEOVER WINNER 0
# Game ended: Sat Apr 11 21:30:24 EDT 2020
