# Server version 0.08 running on 192.168.2.221:8123
# Game ID: 720
# Board class: Saboteur.SaboteurBoard
# Timeout: 2000
# First Move Timeout: 30000
# Date: Sat Apr 11 21:07:38 EDT 2020
# Player 1: Player-0, 'RandomPlayer', running on 127.0.0.1
# Player 2: Player-1, '260729564', running on 127.0.0.1
START Player-0 RandomPlayer
START Player-1 260729564
BoardInit:Map,Tile:5,Bonus,Tile:5,Tile:6,Tile:7,Bonus,Tile:9,Tile:8,Map,Destroy,Tile:10,Tile:7,Malus,Tile:6,Tile:5,Tile:14,Tile:0,Tile:9,Bonus,Tile:2,Bonus,Tile:11,Destroy,Destroy,Tile:0,Tile:8,Tile:7,Tile:10,Map,Tile:10,Tile:7,Tile:6,Tile:8,Map,Tile:8,Tile:9,Tile:1,Malus,Map,Tile:12-Tile:15,Tile:0,Tile:6,Tile:6,Tile:7,Tile:5,Tile:0-Tile:9,Tile:8,Tile:3,Map,Tile:4,Tile:9,Tile:13-Tile:hidden2,Tile:nugget,Tile:hidden1
Tile:0 6 5 1
Map 12 7 0
Map 12 3 1
Tile:3 5 4 0
Tile:6 7 5 1
Tile:9_flip 8 5 0
Tile:6 8 6 1
Tile:9 4 5 0
Tile:0 9 6 1
Tile:4_flip 5 6 0
Tile:8 10 6 1
Tile:8 11 6 0
Tile:6 12 6 1
GAMEOVER WINNER 1
# Game ended: Sat Apr 11 21:07:38 EDT 2020
