# Server version 0.08 running on 192.168.2.221:8123
# Game ID: 593
# Board class: Saboteur.SaboteurBoard
# Timeout: 2000
# First Move Timeout: 30000
# Date: Sat Apr 11 20:57:26 EDT 2020
# Player 1: Player-0, '260729564', running on 127.0.0.1
# Player 2: Player-1, 'RandomPlayer', running on 127.0.0.1
START Player-0 260729564
START Player-1 RandomPlayer
BoardInit:Map,Tile:4,Tile:10,Tile:9,Map,Tile:0,Tile:14,Tile:8,Map,Destroy,Tile:0,Tile:7,Tile:1,Bonus,Tile:13,Tile:3,Bonus,Tile:11,Tile:6,Tile:7,Malus,Tile:5,Tile:7,Tile:8,Tile:5,Tile:6,Tile:9,Tile:0,Map,Map,Destroy,Map,Tile:8,Tile:9,Tile:7,Tile:6,Bonus,Tile:2,Tile:8,Tile:10,Tile:9-Tile:12,Malus,Tile:5,Bonus,Tile:6,Tile:15,Tile:5-Tile:7,Tile:0,Tile:9,Tile:6,Tile:10,Tile:8,Destroy-Tile:hidden1,Tile:nugget,Tile:hidden2
Malus 0 0 1
Drop 0 0 0
Drop 1 0 1
Drop 6 0 0
Tile:6_flip 4 5 1
Drop 0 0 0
Tile:5_flip 4 6 1
Drop 0 0 0
Map 12 5 1
Drop 0 0 0
Drop 3 0 1
Drop 0 0 0
Tile:14_flip 3 6 1
Drop 0 0 0
Map 12 5 1
Bonus 0 0 0
Tile:15 5 6 1
Tile:8 6 5 0
Drop 5 0 1
Tile:0 7 5 0
Drop 4 0 1
Tile:9_flip 8 5 0
Tile:6 8 6 1
Tile:7 9 6 0
Tile:7_flip 9 7 1
Tile:8 10 7 0
Tile:5 10 6 1
Tile:6 11 6 0
Map 12 5 1
Tile:0 12 6 0
Tile:9_flip 6 4 1
Map 12 3 0
Destroy 3 6 1
Map 12 5 0
Tile:8 6 3 1
Tile:9_flip 13 6 0
Tile:7 11 5 1
Tile:6_flip 13 5 0
GAMEOVER WINNER 0
# Game ended: Sat Apr 11 20:57:27 EDT 2020
