# Server version 0.08 running on 192.168.2.221:8123
# Game ID: 177
# Board class: Saboteur.SaboteurBoard
# Timeout: 2000
# First Move Timeout: 30000
# Date: Sat Apr 11 20:06:35 EDT 2020
# Player 1: Player-0, '260729564', running on 127.0.0.1
# Player 2: Player-1, 'RandomPlayer', running on 127.0.0.1
START Player-0 260729564
START Player-1 RandomPlayer
BoardInit:Tile:7,Bonus,Tile:9,Map,Tile:11,Tile:4,Tile:5,Tile:13,Destroy,Tile:2,Tile:6,Tile:0,Map,Tile:7,Tile:8,Tile:8,Bonus,Destroy,Tile:8,Tile:0,Map,Tile:1,Tile:14,Tile:0,Tile:5,Tile:7,Map,Tile:15,Tile:9,Tile:9,Tile:6,Tile:0,Tile:6,Tile:8,Tile:6,Destroy,Tile:9,Tile:10,Tile:12,Map,Tile:7-Bonus,Tile:6,Bonus,Tile:3,Map,Tile:5,Tile:9-Tile:10,Malus,Tile:8,Malus,Tile:7,Tile:5,Tile:10-Tile:hidden2,Tile:nugget,Tile:hidden1
Map 12 3 1
Malus 0 0 0
Bonus 0 0 1
Malus 0 0 0
Drop 4 0 1
Map 12 3 0
Drop 3 0 1
Tile:8 6 5 0
Drop 5 0 1
Tile:7 7 5 0
Drop 1 0 1
Tile:10 7 6 0
Drop 4 0 1
Tile:10 6 4 0
Destroy 6 4 1
Tile:7_flip 7 7 0
Map 12 7 1
Tile:8 8 7 0
Drop 3 0 1
Tile:0 9 7 0
Drop 2 0 1
Tile:0 10 7 0
Map 12 3 1
Tile:5_flip 11 7 0
Drop 5 0 1
Destroy 11 7 0
Drop 0 0 1
Tile:7 11 7 0
Drop 6 0 1
Drop 1 0 0
Drop 1 0 1
Tile:9_flip 6 4 0
Drop 4 0 1
Drop 1 0 0
Drop 0 0 1
Tile:8 11 8 0
Drop 4 0 1
Tile:0 12 8 0
Drop 0 0 1
Tile:10 11 9 0
Drop 4 0 1
Map 12 5 0
Drop 5 0 1
Tile:0 13 8 0
Drop 4 0 1
Destroy 11 7 0
Drop 3 0 1
Drop 1 0 0
Drop 2 0 1
Drop 1 0 0
Drop 0 0 1
Drop 1 0 0
Drop 1 0 1
Drop 0 0 0
Drop 0 0 1
GAMEOVER DRAW
# Game ended: Sat Apr 11 20:06:35 EDT 2020
