# Server version 0.08 running on 192.168.2.221:8123
# Game ID: 161
# Board class: Saboteur.SaboteurBoard
# Timeout: 2000
# First Move Timeout: 30000
# Date: Sat Apr 11 20:05:27 EDT 2020
# Player 1: Player-0, '260729564', running on 127.0.0.1
# Player 2: Player-1, 'RandomPlayer', running on 127.0.0.1
START Player-0 260729564
START Player-1 RandomPlayer
BoardInit:Tile:10,Tile:0,Tile:3,Tile:8,Bonus,Tile:0,Tile:4,Tile:5,Tile:6,Tile:9,Tile:8,Tile:0,Tile:15,Map,Tile:7,Destroy,Tile:6,Destroy,Tile:12,Tile:7,Tile:8,Tile:5,Malus,Map,Tile:8,Bonus,Tile:0,Tile:7,Tile:2,Tile:6,Tile:8,Tile:6,Tile:10,Map,Tile:11,Tile:9,Tile:6,Tile:9,Tile:5,Destroy,Tile:9-Map,Tile:7,Map,Tile:13,Bonus,Tile:9,Tile:14-Tile:7,Tile:10,Malus,Tile:5,Bonus,Tile:1,Map-Tile:nugget,Tile:hidden2,Tile:hidden1
Tile:14 5 6 1
Map 12 3 0
Tile:9_flip 6 5 1
Malus 0 0 0
Drop 4 0 1
Tile:8 6 4 0
Map 12 7 1
Tile:0 7 4 0
Map 12 7 1
Tile:0 8 4 0
Bonus 0 0 1
Tile:5_flip 9 4 0
Tile:8 4 6 1
Tile:10 9 3 0
Tile:13 9 2 1
Tile:9 6 3 0
Tile:6_flip 3 6 1
Tile:0 7 3 0
Tile:6_flip 8 2 1
Tile:7_flip 7 2 0
Tile:7_flip 4 7 1
Tile:7_flip 6 6 0
Tile:3 7 1 1
Tile:5_flip 7 6 0
Tile:15 6 2 1
Tile:5 7 5 0
Tile:12 8 5 1
Drop 1 0 0
Tile:8 5 4 1
Drop 1 0 0
Tile:0 5 7 1
Tile:6_flip 6 7 0
Tile:4 9 1 1
Tile:6_flip 7 7 0
Tile:2 4 5 1
Drop 3 0 0
Tile:8 6 1 1
Tile:9_flip 5 3 0
Drop 2 0 1
Tile:9_flip 5 2 0
Tile:5 5 1 1
Drop 3 0 0
Tile:8 2 6 1
Drop 4 0 0
Tile:9_flip 2 7 1
Tile:7_flip 3 5 0
Tile:6_flip 6 0 1
Destroy 8 5 0
Tile:7_flip 1 6 1
Drop 0 0 0
Tile:10 1 5 1
Destroy 7 7 0
Tile:10 1 4 1
Destroy 9 1 0
Tile:11 9 1 1
GAMEOVER DRAW
# Game ended: Sat Apr 11 20:05:27 EDT 2020
