# Server version 0.08 running on 192.168.2.221:8123
# Game ID: 1026
# Board class: Saboteur.SaboteurBoard
# Timeout: 2000
# First Move Timeout: 30000
# Date: Sat Apr 11 21:29:00 EDT 2020
# Player 1: Player-0, 'RandomPlayer', running on 127.0.0.1
# Player 2: Player-1, '260729564', running on 127.0.0.1
START Player-0 RandomPlayer
START Player-1 260729564
BoardInit:Tile:5,Tile:8,Tile:9,Tile:1,Tile:9,Bonus,Tile:7,Tile:3,Tile:6,Tile:7,Bonus,Map,Tile:11,Tile:12,Tile:5,Tile:5,Malus,Tile:7,Map,Tile:10,Tile:0,Map,Destroy,Tile:0,Tile:0,Map,Bonus,Tile:6,Malus,Tile:6,Tile:6,Tile:9,Tile:9,Tile:9,Tile:4,Bonus,Destroy,Tile:2,Tile:7,Map,Tile:14-Map,Tile:10,Destroy,Tile:0,Tile:10,Tile:8,Tile:7-Tile:13,Tile:8,Tile:15,Tile:8,Tile:8,Tile:6,Tile:5-Tile:hidden2,Tile:nugget,Tile:hidden1
Map 12 3 1
Tile:8 5 4 0
Tile:8 6 4 1
Tile:8 6 5 0
Tile:0 7 4 1
Tile:8 5 3 0
Tile:7 8 4 1
Tile:13 6 3 0
Tile:10 8 5 1
Tile:6 6 6 0
Tile:6 8 6 1
Tile:15 5 2 0
Tile:9_flip 9 6 1
Tile:3_flip 4 4 0
Tile:10 9 5 1
Tile:8 4 3 0
Tile:9 9 4 1
Map 12 7 0
Malus 0 0 1
Drop 3 0 0
Map 12 5 1
Drop 2 0 0
Tile:0 10 4 1
Map 12 7 0
Tile:5_flip 11 4 1
Drop 2 0 0
Tile:0 7 6 1
Drop 3 0 0
Tile:5 11 3 1
Drop 2 0 0
Malus 0 0 1
Drop 4 0 0
Tile:6 13 3 1
Drop 6 0 0
Tile:9 12 4 1
GAMEOVER WINNER 1
# Game ended: Sat Apr 11 21:29:02 EDT 2020
