# Server version 0.08 running on 192.168.2.221:8123
# Game ID: 79
# Board class: Saboteur.SaboteurBoard
# Timeout: 2000
# First Move Timeout: 30000
# Date: Sat Apr 11 16:15:08 EDT 2020
# Player 1: Player-0, '260729564', running on 127.0.0.1
# Player 2: Player-1, 'RandomPlayer', running on 127.0.0.1
START Player-0 260729564
START Player-1 RandomPlayer
BoardInit:Tile:7,Tile:5,Tile:10,Tile:7,Bonus,Tile:9,Map,Tile:6,Tile:7,Destroy,Tile:9,Tile:5,Tile:9,Tile:6,Tile:15,Tile:11,Destroy,Tile:8,Tile:2,Tile:14,Malus,Bonus,Tile:6,Tile:7,Tile:9,Tile:12,Destroy,Tile:5,Tile:1,Map,Map,Tile:0,Tile:6,Tile:8,Tile:3,Tile:7,Bonus,Map,Tile:8,Malus,Tile:0-Tile:8,Map,Tile:6,Tile:0,Tile:10,Tile:13,Tile:9-Tile:4,Bonus,Tile:8,Tile:10,Tile:5,Tile:0,Map-Tile:hidden2,Tile:hidden1,Tile:nugget
Tile:9 5 6 1
Map 12 3 0
Tile:0 6 6 1
Tile:8 7 6 0
Map 12 5 1
Tile:0 8 6 0
Tile:13 9 6 1
Tile:10 7 5 0
Tile:10 7 7 1
Tile:6_flip 7 4 0
Drop 1 0 1
Tile:9_flip 8 4 0
Tile:8 6 4 1
Tile:7_flip 8 5 0
Tile:9 7 8 1
Tile:6_flip 9 5 0
Tile:9 5 4 1
Tile:5_flip 10 5 0
Destroy 8 5 1
Tile:8 8 3 0
Tile:2_flip 7 9 1
Tile:5_flip 9 3 0
Tile:7 10 4 1
Tile:5 9 2 0
Tile:7 10 6 1
Tile:7 10 2 0
Tile:10 5 3 1
Drop 0 0 0
Tile:9 4 5 1
Tile:5_flip 8 8 0
Destroy 4 5 1
Map 12 5 0
Map 12 3 1
Tile:0 8 9 0
Tile:1 7 3 1
Tile:8 5 7 0
Drop 3 0 1
Tile:7_flip 10 3 0
Tile:3 9 9 1
Drop 2 0 0
Tile:6_flip 6 9 1
Malus 0 0 0
Drop 6 0 1
Drop 2 0 0
Drop 4 0 1
Drop 2 0 0
Map 12 3 1
Drop 2 0 0
Drop 0 0 1
Drop 2 0 0
Drop 0 0 1
Destroy 9 3 0
Malus 0 0 1
Bonus 0 0 0
Drop 0 0 1
GAMEOVER DRAW
# Game ended: Sat Apr 11 16:15:09 EDT 2020
