# Server version 0.08 running on 192.168.2.221:8123
# Game ID: 706
# Board class: Saboteur.SaboteurBoard
# Timeout: 2000
# First Move Timeout: 30000
# Date: Sat Apr 11 21:07:07 EDT 2020
# Player 1: Player-0, 'RandomPlayer', running on 127.0.0.1
# Player 2: Player-1, '260729564', running on 127.0.0.1
START Player-0 RandomPlayer
START Player-1 260729564
BoardInit:Bonus,Tile:15,Tile:10,Tile:7,Tile:0,Tile:1,Tile:8,Tile:0,Tile:8,Tile:6,Bonus,Tile:9,Tile:5,Malus,Tile:10,Tile:6,Map,Tile:7,Tile:7,Tile:5,Destroy,Tile:0,Tile:9,Tile:6,Map,Tile:8,Map,Malus,Tile:12,Tile:2,Tile:14,Tile:10,Map,Tile:6,Tile:7,Tile:3,Tile:5,Destroy,Tile:5,Tile:8,Tile:11-Tile:9,Map,Tile:9,Tile:4,Tile:8,Tile:9,Bonus-Destroy,Tile:0,Tile:7,Bonus,Tile:13,Tile:6,Map-Tile:hidden2,Tile:hidden1,Tile:nugget
Map 12 3 1
Tile:7 5 4 0
Tile:8 6 5 1
Tile:6 4 4 0
Tile:9_flip 7 5 1
Tile:13 7 4 0
Tile:9 7 6 1
Tile:0 3 4 0
Tile:8 8 6 1
Tile:15 4 3 0
Tile:8 9 6 1
Drop 1 0 0
Tile:0 10 6 1
Tile:6 7 7 0
Tile:9_flip 11 6 1
Drop 3 0 0
Tile:5 11 5 1
Tile:9_flip 9 7 0
Tile:10 12 6 1
GAMEOVER WINNER 1
# Game ended: Sat Apr 11 21:07:08 EDT 2020
