# Server version 0.08 running on 192.168.2.221:8123
# Game ID: 1266
# Board class: Saboteur.SaboteurBoard
# Timeout: 2000
# First Move Timeout: 30000
# Date: Sat Apr 11 21:42:24 EDT 2020
# Player 1: Player-0, 'RandomPlayer', running on 127.0.0.1
# Player 2: Player-1, '260729564', running on 127.0.0.1
START Player-0 RandomPlayer
START Player-1 260729564
BoardInit:Tile:8,Tile:3,Tile:7,Tile:7,Tile:9,Tile:5,Map,Bonus,Tile:7,Bonus,Malus,Map,Tile:12,Destroy,Tile:6,Bonus,Tile:6,Tile:9,Tile:14,Tile:9,Tile:6,Tile:10,Destroy,Tile:5,Tile:10,Map,Bonus,Map,Tile:0,Tile:8,Tile:0,Malus,Tile:15,Tile:4,Tile:5,Destroy,Map,Tile:9,Tile:2,Tile:6,Tile:11-Tile:5,Tile:1,Tile:8,Tile:9,Map,Tile:13,Tile:8-Tile:7,Tile:8,Tile:0,Tile:0,Tile:6,Tile:7,Tile:10-Tile:hidden2,Tile:nugget,Tile:hidden1
Map 12 3 1
Tile:7_flip 5 6 0
Tile:8 6 6 1
Tile:7 7 6 0
Tile:8 7 7 1
Tile:8 8 7 0
Tile:8 9 7 1
Tile:0 10 7 0
Map 12 5 1
Tile:3_flip 8 8 0
Tile:7 11 7 1
Tile:10 7 8 0
Malus 0 0 1
Drop 0 0 0
Tile:9_flip 9 6 1
Drop 5 0 0
Tile:6 11 8 1
Destroy 7 6 0
Tile:6_flip 7 6 1
Drop 3 0 0
Tile:7_flip 6 7 1
Drop 4 0 0
Tile:6_flip 8 6 1
Drop 3 0 0
Tile:9_flip 12 8 1
Drop 2 0 0
Tile:10 12 6 1
GAMEOVER WINNER 1
# Game ended: Sat Apr 11 21:42:26 EDT 2020
