# Server version 0.08 running on 192.168.2.221:8123
# Game ID: 757
# Board class: Saboteur.SaboteurBoard
# Timeout: 2000
# First Move Timeout: 30000
# Date: Sat Apr 11 21:09:29 EDT 2020
# Player 1: Player-0, '260729564', running on 127.0.0.1
# Player 2: Player-1, 'RandomPlayer', running on 127.0.0.1
START Player-0 260729564
START Player-1 RandomPlayer
BoardInit:Tile:8,Map,Tile:4,Tile:9,Tile:7,Tile:10,Bonus,Map,Tile:12,Map,Tile:8,Tile:9,Tile:6,Tile:0,Tile:5,Tile:3,Tile:5,Map,Tile:0,Bonus,Tile:10,Tile:8,Tile:8,Tile:14,Tile:9,Tile:1,Tile:7,Bonus,Tile:7,Tile:9,Tile:6,Tile:5,Tile:9,Tile:0,Map,Map,Malus,Destroy,Malus,Destroy,Tile:10-Tile:11,Destroy,Tile:13,Bonus,Tile:6,Tile:5,Tile:15-Tile:7,Tile:6,Tile:0,Tile:8,Tile:2,Tile:6,Tile:7-Tile:hidden1,Tile:nugget,Tile:hidden2
Tile:11 5 6 1
Tile:8 6 5 0
Drop 1 0 1
Map 12 3 0
Tile:5_flip 6 6 1
Tile:9_flip 7 5 0
Tile:15 7 4 1
Tile:10 7 6 0
Drop 2 0 1
Map 12 5 0
Destroy 7 4 1
Tile:6_flip 7 4 0
Tile:8 4 5 1
Tile:9_flip 8 4 0
Tile:6 7 7 1
Tile:7_flip 8 5 0
Tile:4_flip 4 6 1
Tile:0 9 5 0
Tile:5 6 4 1
Tile:6 10 5 0
Tile:5 6 7 1
Tile:0 11 5 0
GAMEOVER WINNER 0
# Game ended: Sat Apr 11 21:09:29 EDT 2020
