# Server version 0.08 running on 192.168.2.221:8123
# Game ID: 109
# Board class: Saboteur.SaboteurBoard
# Timeout: 2000
# First Move Timeout: 30000
# Date: Sat Apr 11 16:19:39 EDT 2020
# Player 1: Player-0, '260729564', running on 127.0.0.1
# Player 2: Player-1, 'RandomPlayer', running on 127.0.0.1
START Player-0 260729564
START Player-1 RandomPlayer
BoardInit:Map,Tile:6,Tile:3,Map,Tile:1,Tile:5,Tile:5,Tile:8,Tile:5,Tile:9,Destroy,Tile:8,Tile:12,Tile:0,Tile:8,Tile:0,Tile:7,Tile:4,Tile:6,Tile:10,Tile:9,Tile:8,Map,Bonus,Malus,Tile:10,Map,Bonus,Map,Tile:15,Tile:6,Tile:0,Tile:9,Map,Tile:8,Tile:2,Bonus,Tile:11,Tile:7,Tile:7,Tile:14-Tile:6,Destroy,Tile:10,Malus,Tile:6,Tile:13,Tile:7-Bonus,Tile:0,Tile:9,Tile:9,Tile:5,Tile:7,Destroy-Tile:hidden1,Tile:hidden2,Tile:nugget
Tile:6 6 5 1
Tile:9_flip 7 5 0
Tile:6 7 6 1
Tile:5_flip 8 6 0
Tile:13 5 4 1
Map 12 3 0
Tile:10 7 4 1
Tile:9 8 5 0
Tile:7 7 3 1
Tile:8 9 5 0
Tile:3_flip 9 6 1
Tile:9_flip 10 5 0
Destroy 7 4 1
Tile:8 10 6 0
Destroy 9 6 1
Tile:6 11 6 0
Tile:5_flip 12 6 1
Tile:5_flip 13 5 0
Drop 3 0 1
Tile:7 12 4 0
Tile:6_flip 6 4 1
Tile:10 13 4 0
Tile:1 6 6 1
Tile:0 11 4 0
Tile:9 5 3 1
Tile:8 13 3 0
Tile:8 10 4 1
Tile:10 13 2 0
Drop 3 0 1
Tile:0 11 3 0
Malus 0 0 1
Bonus 0 0 0
Tile:6_flip 9 4 1
Tile:0 6 3 0
Tile:9_flip 7 4 1
Destroy 12 4 0
Tile:8 4 4 1
Drop 0 0 0
Map 12 7 1
Drop 1 0 0
Tile:7_flip 5 6 1
Tile:7_flip 10 7 0
Tile:14_flip 13 1 1
Tile:0 11 7 0
GAMEOVER WINNER 0
# Game ended: Sat Apr 11 16:19:43 EDT 2020
