# Server version 0.08 running on 192.168.2.221:8123
# Game ID: 1444
# Board class: Saboteur.SaboteurBoard
# Timeout: 2000
# First Move Timeout: 30000
# Date: Sat Apr 11 22:06:39 EDT 2020
# Player 1: Player-0, 'RandomPlayer', running on 127.0.0.1
# Player 2: Player-1, '260729564', running on 127.0.0.1
START Player-0 RandomPlayer
START Player-1 260729564
BoardInit:Tile:6,Tile:0,Map,Tile:1,Tile:9,Map,Tile:4,Bonus,Destroy,Tile:5,Tile:5,Tile:10,Bonus,Tile:10,Destroy,Map,Tile:7,Tile:7,Tile:9,Map,Tile:12,Tile:9,Tile:6,Tile:8,Tile:6,Tile:0,Map,Tile:0,Tile:9,Tile:10,Tile:7,Tile:15,Tile:7,Malus,Tile:5,Tile:0,Destroy,Tile:3,Tile:8,Bonus,Tile:6-Tile:8,Malus,Tile:9,Tile:13,Tile:6,Tile:2,Tile:5-Map,Tile:7,Bonus,Tile:11,Tile:8,Tile:14,Tile:8-Tile:hidden1,Tile:hidden2,Tile:nugget
Malus 0 0 1
Drop 4 0 0
Tile:8 6 5 1
Drop 5 0 0
Map 12 3 1
Map 12 7 0
Tile:6 7 5 1
Drop 2 0 0
Tile:6 8 5 1
Drop 6 0 0
Tile:9_flip 9 5 1
Drop 1 0 0
Tile:9 9 4 1
Drop 4 0 0
Tile:5_flip 10 4 1
Drop 0 0 0
Tile:5 10 3 1
Map 12 7 0
Tile:7_flip 9 6 1
Drop 3 0 0
Tile:9_flip 10 6 1
Map 12 7 0
Drop 0 0 1
Drop 0 0 0
Tile:6_flip 11 3 1
Drop 2 0 0
Tile:6 12 4 1
Drop 0 0 0
Map 12 5 1
Drop 5 0 0
Tile:9_flip 6 6 1
Drop 0 0 0
Tile:7_flip 10 7 1
Drop 6 0 0
Tile:7_flip 11 4 1
Drop 0 0 0
Tile:5_flip 13 4 1
Drop 4 0 0
Destroy 12 4 1
Drop 0 0 0
Tile:8 11 7 1
GAMEOVER WINNER 1
# Game ended: Sat Apr 11 22:06:40 EDT 2020
