# Server version 0.08 running on 192.168.2.221:8123
# Game ID: 42
# Board class: Saboteur.SaboteurBoard
# Timeout: 2000
# First Move Timeout: 30000
# Date: Sat Apr 11 16:04:54 EDT 2020
# Player 1: Player-0, 'RandomPlayer', running on 127.0.0.1
# Player 2: Player-1, '260729564', running on 127.0.0.1
START Player-0 RandomPlayer
START Player-1 260729564
BoardInit:Map,Tile:12,Tile:7,Tile:9,Tile:8,Tile:8,Tile:10,Tile:11,Tile:7,Map,Destroy,Map,Tile:7,Tile:10,Tile:1,Bonus,Tile:6,Tile:0,Bonus,Tile:8,Tile:9,Tile:4,Tile:8,Malus,Tile:0,Tile:5,Tile:5,Tile:6,Map,Tile:5,Tile:3,Tile:9,Tile:7,Tile:14,Tile:8,Tile:7,Tile:0,Tile:15,Bonus,Tile:6,Tile:2-Tile:6,Destroy,Tile:13,Tile:10,Bonus,Destroy,Tile:5-Tile:9,Tile:6,Map,Map,Tile:0,Malus,Tile:9-Tile:nugget,Tile:hidden1,Tile:hidden2
Tile:10 5 6 1
Tile:9 4 5 0
Map 12 3 1
Tile:6 6 5 0
Tile:6 7 5 1
Tile:9 6 4 0
Tile:8 4 4 1
Tile:9_flip 6 3 0
Drop 1 0 1
Tile:11_flip 7 4 0
Tile:7_flip 5 3 1
Drop 3 0 0
Destroy 6 4 1
Map 12 3 0
Tile:7 4 3 1
Drop 3 0 0
Tile:5_flip 8 5 1
Map 12 3 0
Tile:6 5 7 1
Tile:0 4 7 0
Tile:10 8 4 1
Map 12 7 0
Tile:9 8 3 1
Tile:4 8 2 0
Tile:8 3 3 1
Tile:0 9 3 0
Tile:0 10 3 1
Tile:12 6 7 0
Drop 4 0 1
Tile:6 3 4 0
Drop 6 0 1
Map 12 3 0
Drop 6 0 1
Tile:8 2 4 0
Destroy 4 3 1
Tile:14_flip 3 2 0
Tile:8 2 3 1
Tile:10 5 2 0
GAMEOVER TIMEOUT WINNER 0
# Game ended: Sat Apr 11 16:04:58 EDT 2020
