# Server version 0.08 running on 192.168.2.221:8123
# Game ID: 823
# Board class: Saboteur.SaboteurBoard
# Timeout: 2000
# First Move Timeout: 30000
# Date: Sat Apr 11 21:13:33 EDT 2020
# Player 1: Player-0, '260729564', running on 127.0.0.1
# Player 2: Player-1, 'RandomPlayer', running on 127.0.0.1
START Player-0 260729564
START Player-1 RandomPlayer
BoardInit:Tile:5,Tile:7,Tile:6,Map,Tile:10,Map,Tile:0,Tile:6,Tile:8,Tile:6,Tile:7,Tile:10,Tile:8,Tile:4,Destroy,Tile:8,Tile:9,Tile:6,Bonus,Tile:9,Map,Map,Tile:0,Tile:10,Tile:7,Tile:8,Tile:5,Tile:7,Tile:8,Tile:15,Tile:5,Tile:1,Malus,Tile:3,Bonus,Destroy,Malus,Bonus,Tile:12,Map,Tile:2-Destroy,Tile:0,Tile:6,Tile:9,Tile:7,Tile:0,Map-Tile:11,Bonus,Tile:14,Tile:13,Tile:9,Tile:9,Tile:5-Tile:hidden1,Tile:hidden2,Tile:nugget
Tile:9 4 5 1
Tile:9_flip 6 5 0
Destroy 4 5 1
Tile:5 6 4 0
Tile:7_flip 5 6 1
Map 12 3 0
Tile:6 6 6 1
Map 12 5 0
Tile:5_flip 7 6 1
Tile:6 7 4 0
Drop 4 0 1
Tile:6 8 4 0
Tile:0 9 4 1
Tile:7 10 4 0
Tile:6 10 5 1
Tile:9_flip 5 4 0
Tile:7 11 5 1
Tile:8 11 6 0
Tile:9 8 3 1
Tile:6 12 6 0
Tile:8 12 4 1
Tile:9_flip 13 6 0
Drop 5 0 1
Tile:10 13 7 0
Tile:0 4 5 1
GAMEOVER TIMEOUT WINNER 1
# Game ended: Sat Apr 11 21:13:38 EDT 2020
