# Server version 0.08 running on 192.168.2.221:8123
# Game ID: 523
# Board class: Saboteur.SaboteurBoard
# Timeout: 2000
# First Move Timeout: 30000
# Date: Sat Apr 11 20:41:56 EDT 2020
# Player 1: Player-0, '260729564', running on 127.0.0.1
# Player 2: Player-1, 'RandomPlayer', running on 127.0.0.1
START Player-0 260729564
START Player-1 RandomPlayer
BoardInit:Tile:8,Tile:3,Tile:9,Tile:14,Tile:6,Tile:7,Tile:4,Malus,Tile:6,Map,Tile:0,Tile:6,Map,Destroy,Tile:13,Tile:8,Tile:9,Tile:9,Tile:7,Tile:6,Tile:8,Tile:2,Tile:5,Tile:0,Tile:12,Tile:0,Map,Tile:10,Tile:5,Map,Malus,Destroy,Tile:5,Tile:6,Tile:10,Tile:9,Bonus,Bonus,Map,Tile:7,Tile:8-Tile:15,Destroy,Bonus,Tile:9,Tile:11,Bonus,Tile:1-Map,Tile:8,Tile:7,Tile:0,Tile:7,Tile:10,Tile:5-Tile:hidden1,Tile:nugget,Tile:hidden2
Tile:11_flip 5 4 1
Map 12 3 0
Tile:9 5 6 1
Tile:8 6 6 0
Tile:9_flip 6 5 1
Tile:5_flip 7 6 0
Drop 2 0 1
Tile:10 7 5 0
Tile:4 5 3 1
Malus 0 0 0
Drop 1 0 1
Map 12 5 0
Bonus 0 0 1
Tile:6_flip 7 4 0
Drop 2 0 1
Tile:0 8 4 0
Drop 0 0 1
Tile:8 9 4 0
Tile:1 4 5 1
Tile:9_flip 10 4 0
Tile:9 10 5 1
Tile:6 11 5 0
GAMEOVER WINNER 0
# Game ended: Sat Apr 11 20:41:57 EDT 2020
