# Server version 0.08 running on 192.168.2.221:8123
# Game ID: 977
# Board class: Saboteur.SaboteurBoard
# Timeout: 2000
# First Move Timeout: 30000
# Date: Sat Apr 11 21:22:51 EDT 2020
# Player 1: Player-0, '260729564', running on 127.0.0.1
# Player 2: Player-1, 'RandomPlayer', running on 127.0.0.1
START Player-0 260729564
START Player-1 RandomPlayer
BoardInit:Tile:11,Malus,Map,Map,Tile:13,Tile:10,Tile:0,Map,Map,Tile:7,Bonus,Tile:5,Destroy,Tile:7,Tile:8,Tile:9,Tile:12,Tile:8,Tile:15,Tile:1,Malus,Bonus,Tile:9,Map,Tile:8,Tile:6,Tile:9,Tile:9,Tile:10,Tile:10,Tile:6,Tile:6,Tile:5,Tile:0,Tile:6,Tile:2,Tile:5,Tile:6,Bonus,Destroy,Tile:9-Tile:0,Tile:0,Tile:4,Tile:7,Tile:14,Tile:7,Map-Bonus,Tile:7,Destroy,Tile:5,Tile:3,Tile:8,Tile:8-Tile:nugget,Tile:hidden2,Tile:hidden1
Drop 3 0 1
Tile:8 6 5 0
Tile:14 7 5 1
Malus 0 0 0
Drop 1 0 1
Map 12 3 0
Drop 1 0 1
Tile:8 6 4 0
Drop 1 0 1
Tile:10 6 3 0
Map 12 5 1
Tile:5 6 2 0
Drop 0 0 1
Tile:7 7 2 0
Destroy 7 5 1
Tile:7 7 4 0
Drop 5 0 1
Tile:9_flip 7 5 0
Drop 1 0 1
Tile:8 5 4 0
Map 12 7 1
Tile:7_flip 7 3 0
Drop 3 0 1
Tile:5_flip 8 3 0
Drop 5 0 1
Drop 2 0 0
Drop 0 0 1
Tile:6 7 6 0
Drop 5 0 1
Tile:9 8 2 0
Drop 0 0 1
Tile:10 8 1 0
Drop 6 0 1
Tile:6_flip 9 2 0
Drop 3 0 1
Tile:0 10 2 0
Drop 3 0 1
Drop 2 0 0
Drop 6 0 1
Tile:6_flip 11 2 0
Drop 4 0 1
Drop 2 0 0
Drop 5 0 1
Drop 2 0 0
Drop 4 0 1
Drop 2 0 0
Drop 2 0 1
Drop 2 0 0
Drop 0 0 1
Destroy 8 1 0
Drop 0 0 1
Destroy 6 2 0
Drop 1 0 1
Drop 0 0 0
Drop 0 0 1
GAMEOVER DRAW
# Game ended: Sat Apr 11 21:22:51 EDT 2020
