# Server version 0.08 running on 192.168.2.221:8123
# Game ID: 83
# Board class: Saboteur.SaboteurBoard
# Timeout: 2000
# First Move Timeout: 30000
# Date: Sat Apr 11 16:16:51 EDT 2020
# Player 1: Player-0, '260729564', running on 127.0.0.1
# Player 2: Player-1, 'RandomPlayer', running on 127.0.0.1
START Player-0 260729564
START Player-1 RandomPlayer
BoardInit:Tile:5,Tile:9,Destroy,Bonus,Tile:5,Tile:0,Tile:12,Tile:0,Tile:0,Tile:6,Tile:9,Tile:0,Malus,Map,Tile:14,Tile:3,Tile:9,Destroy,Map,Tile:6,Tile:8,Tile:15,Map,Bonus,Tile:1,Map,Tile:9,Tile:7,Tile:13,Tile:6,Tile:5,Tile:4,Tile:6,Tile:7,Tile:10,Tile:7,Tile:7,Tile:8,Destroy,Tile:8,Malus-Tile:8,Tile:8,Tile:5,Tile:10,Tile:11,Tile:2,Tile:7-Tile:6,Bonus,Map,Map,Tile:9,Bonus,Tile:10-Tile:nugget,Tile:hidden2,Tile:hidden1
Tile:5 4 5 1
Map 12 3 0
Tile:2 5 4 1
Tile:9_flip 6 5 0
Drop 1 0 1
Tile:9_flip 6 4 0
Tile:11_flip 6 3 1
Tile:6 6 6 0
Tile:7_flip 5 3 1
Tile:0 7 6 0
Tile:8 4 6 1
Tile:0 8 6 0
Tile:0 4 4 1
Tile:6 9 6 0
Tile:5 9 5 1
Tile:0 10 5 0
Tile:9_flip 6 2 1
Drop 1 0 0
Tile:10 6 1 1
Drop 1 0 0
Destroy 4 6 1
Tile:6_flip 11 5 0
Tile:9 11 6 1
Tile:10 12 4 0
GAMEOVER WINNER 0
# Game ended: Sat Apr 11 16:16:51 EDT 2020
