# Server version 0.08 running on 192.168.2.221:8123
# Game ID: 1198
# Board class: Saboteur.SaboteurBoard
# Timeout: 2000
# First Move Timeout: 30000
# Date: Sat Apr 11 21:38:07 EDT 2020
# Player 1: Player-0, 'RandomPlayer', running on 127.0.0.1
# Player 2: Player-1, '260729564', running on 127.0.0.1
START Player-0 RandomPlayer
START Player-1 260729564
BoardInit:Tile:0,Tile:6,Tile:8,Tile:9,Tile:7,Map,Tile:7,Tile:4,Tile:5,Tile:5,Tile:7,Tile:3,Tile:5,Bonus,Bonus,Map,Tile:0,Tile:7,Tile:0,Tile:7,Malus,Destroy,Tile:12,Tile:9,Tile:9,Tile:10,Destroy,Destroy,Tile:9,Bonus,Tile:2,Tile:6,Tile:14,Map,Tile:13,Tile:9,Tile:10,Tile:10,Tile:6,Tile:0,Map-Malus,Tile:15,Tile:8,Bonus,Tile:8,Tile:6,Tile:8-Map,Tile:8,Map,Tile:6,Tile:11,Tile:1,Tile:5-Tile:hidden1,Tile:hidden2,Tile:nugget
Malus 0 0 1
Map 12 7 0
Tile:8 6 5 1
Map 12 3 0
Tile:8 7 5 1
Drop 4 0 0
Tile:8 8 5 1
Map 12 5 0
Tile:8 9 5 1
Drop 1 0 0
Tile:6 10 5 1
Drop 4 0 0
Tile:0 11 5 1
Drop 0 0 0
Tile:7 13 5 1
Drop 5 0 0
Tile:7_flip 13 6 1
Map 12 7 0
Tile:5 12 4 1
Drop 3 0 0
Tile:0 13 4 1
Drop 2 0 0
Malus 0 0 1
Drop 5 0 0
Tile:5_flip 12 6 1
Destroy 13 5 0
Tile:0 11 6 1
Drop 0 0 0
Tile:9 10 4 1
Destroy 11 5 0
Tile:9_flip 11 4 1
Drop 4 0 0
Tile:7_flip 9 6 1
Drop 6 0 0
Destroy 12 4 1
Drop 4 0 0
Drop 0 0 1
Map 12 7 0
Tile:10 9 4 1
Bonus 0 0 0
Tile:6 11 5 1
Drop 4 0 0
Map 12 3 1
Bonus 0 0 0
Drop 1 0 1
Drop 3 0 0
Drop 1 0 1
Tile:7 6 4 0
Drop 1 0 1
Tile:1 4 5 0
Drop 1 0 1
Tile:5 10 3 0
Drop 1 0 1
Tile:0 3 5 0
Drop 0 0 1
GAMEOVER DRAW
# Game ended: Sat Apr 11 21:38:08 EDT 2020
