# Server version 0.08 running on 192.168.2.221:8123
# Game ID: 1059
# Board class: Saboteur.SaboteurBoard
# Timeout: 2000
# First Move Timeout: 30000
# Date: Sat Apr 11 21:30:43 EDT 2020
# Player 1: Player-0, '260729564', running on 127.0.0.1
# Player 2: Player-1, 'RandomPlayer', running on 127.0.0.1
START Player-0 260729564
START Player-1 RandomPlayer
BoardInit:Tile:13,Bonus,Tile:3,Tile:7,Tile:7,Tile:9,Tile:5,Tile:11,Tile:5,Destroy,Tile:8,Tile:7,Map,Tile:0,Tile:6,Tile:0,Tile:9,Tile:2,Tile:6,Tile:5,Tile:10,Tile:9,Tile:8,Tile:12,Tile:8,Destroy,Tile:6,Tile:10,Tile:14,Tile:10,Bonus,Tile:7,Tile:8,Destroy,Tile:5,Malus,Tile:15,Map,Malus,Tile:7,Bonus-Tile:9,Tile:0,Tile:4,Tile:6,Tile:8,Map,Tile:0-Map,Map,Tile:9,Tile:6,Bonus,Tile:1,Map-Tile:nugget,Tile:hidden2,Tile:hidden1
Tile:8 4 5 1
Map 12 3 0
Drop 1 0 1
Tile:6_flip 5 4 0
Tile:9_flip 5 6 1
Tile:9_flip 6 4 0
Tile:13 4 4 1
Tile:9 6 3 0
Tile:5 3 5 1
Tile:7 7 3 0
Tile:3_flip 3 6 1
Drop 0 0 0
Tile:8 5 7 1
Tile:7_flip 7 4 0
Tile:7_flip 4 7 1
Tile:0 8 4 0
Drop 5 0 1
Tile:0 9 4 0
Tile:6_flip 10 4 1
Drop 1 0 0
Tile:6 5 8 1
Tile:5_flip 11 4 0
Tile:9_flip 6 2 1
Tile:9 11 3 0
GAMEOVER WINNER 0
# Game ended: Sat Apr 11 21:30:43 EDT 2020
