# Server version 0.08 running on 192.168.2.221:8123
# Game ID: 30
# Board class: Saboteur.SaboteurBoard
# Timeout: 2000
# First Move Timeout: 30000
# Date: Sat Apr 11 15:56:41 EDT 2020
# Player 1: Player-0, '260729564', running on 127.0.0.1
# Player 2: Player-1, 'RandomPlayer', running on 127.0.0.1
START Player-0 260729564
START Player-1 RandomPlayer
BoardInit:Tile:0,Tile:10,Tile:8,Tile:2,Tile:5,Tile:6,Map,Tile:6,Tile:9,Tile:9,Tile:7,Map,Tile:13,Tile:5,Tile:9,Tile:8,Tile:8,Bonus,Map,Tile:5,Tile:3,Malus,Tile:9,Tile:4,Tile:5,Tile:10,Bonus,Bonus,Tile:7,Tile:14,Tile:10,Tile:12,Map,Tile:9,Malus,Tile:0,Map,Tile:8,Destroy,Tile:8,Tile:6-Tile:7,Tile:6,Destroy,Bonus,Tile:0,Tile:1,Map-Destroy,Tile:0,Tile:15,Tile:7,Tile:7,Tile:6,Tile:11-Tile:hidden1,Tile:hidden2,Tile:nugget
Tile:6 5 6 1
Tile:0 6 6 0
Map 12 5 1
Tile:6 7 6 0
Tile:8 4 6 1
Drop 1 0 0
Tile:5_flip 8 6 1
Tile:6_flip 8 5 0
Drop 0 0 1
Tile:6 9 5 0
Drop 0 0 1
Drop 3 0 0
Tile:0 10 5 1
Map 12 3 0
Tile:13 5 4 1
Drop 4 0 0
Tile:1 3 6 1
Tile:8 4 5 0
Tile:8 11 5 1
Tile:9 11 6 0
Tile:7_flip 3 5 1
Tile:10 11 7 0
Tile:0 6 4 1
Drop 6 0 0
Tile:9_flip 5 3 1
Drop 6 0 0
Tile:9_flip 11 8 1
Tile:10 12 4 0
Tile:9_flip 3 4 1
Tile:5 4 4 0
Tile:7_flip 11 3 1
Drop 6 0 0
Tile:5 10 8 1
Drop 6 0 0
Tile:10 10 9 1
GAMEOVER TIMEOUT WINNER 1
# Game ended: Sat Apr 11 15:56:49 EDT 2020
