# Server version 0.08 running on 192.168.2.221:8123
# Game ID: 127
# Board class: Saboteur.SaboteurBoard
# Timeout: 2000
# First Move Timeout: 30000
# Date: Sat Apr 11 16:20:17 EDT 2020
# Player 1: Player-0, '260729564', running on 127.0.0.1
# Player 2: Player-1, 'RandomPlayer', running on 127.0.0.1
START Player-0 260729564
START Player-1 RandomPlayer
BoardInit:Tile:3,Tile:5,Tile:15,Tile:13,Destroy,Map,Destroy,Tile:5,Tile:7,Tile:0,Tile:4,Tile:9,Tile:9,Tile:9,Tile:0,Tile:8,Bonus,Bonus,Tile:9,Tile:6,Tile:5,Tile:0,Tile:6,Tile:6,Malus,Tile:6,Tile:10,Tile:8,Tile:0,Map,Tile:10,Tile:1,Tile:7,Tile:8,Map,Tile:8,Tile:14,Tile:7,Bonus,Map,Tile:10-Tile:8,Tile:7,Tile:9,Tile:6,Tile:12,Map,Malus-Bonus,Tile:7,Tile:5,Tile:11,Destroy,Map,Tile:2-Tile:hidden1,Tile:nugget,Tile:hidden2
Tile:6_flip 4 5 1
Map 12 3 0
Tile:12 6 5 1
Tile:7_flip 5 6 0
Tile:9_flip 4 6 1
Tile:5 5 4 0
Tile:8 4 7 1
Map 12 5 0
Malus 0 0 1
Bonus 0 0 0
Destroy 5 4 1
Tile:0 6 6 0
Destroy 4 5 1
Tile:9_flip 7 6 0
Tile:9 4 5 1
Tile:9 7 5 0
Tile:7_flip 7 7 1
Tile:8 8 5 0
Tile:4 7 4 1
Tile:5_flip 9 5 0
Tile:9 5 4 1
Tile:6_flip 9 4 0
Tile:0 5 7 1
Tile:0 10 4 0
Tile:6 8 7 1
Tile:6 11 4 0
Tile:5 8 4 1
Tile:6 12 4 0
Tile:3 13 4 1
Tile:8 11 3 0
Tile:10 13 5 1
Tile:5 11 2 0
Tile:0 13 3 1
Destroy 12 4 0
Tile:7_flip 13 6 1
GAMEOVER TIMEOUT WINNER 1
# Game ended: Sat Apr 11 16:20:21 EDT 2020
