# Server version 0.08 running on 192.168.2.221:8123
# Game ID: 1022
# Board class: Saboteur.SaboteurBoard
# Timeout: 2000
# First Move Timeout: 30000
# Date: Sat Apr 11 21:28:35 EDT 2020
# Player 1: Player-0, 'RandomPlayer', running on 127.0.0.1
# Player 2: Player-1, '260729564', running on 127.0.0.1
START Player-0 RandomPlayer
START Player-1 260729564
BoardInit:Tile:1,Malus,Tile:10,Tile:7,Tile:6,Tile:5,Tile:5,Map,Bonus,Tile:0,Tile:10,Tile:9,Bonus,Tile:4,Map,Tile:0,Malus,Tile:9,Tile:5,Tile:9,Tile:6,Tile:12,Tile:9,Tile:3,Tile:0,Tile:8,Tile:7,Tile:8,Destroy,Map,Tile:8,Tile:8,Tile:14,Tile:6,Tile:10,Bonus,Tile:8,Map,Tile:11,Tile:7,Tile:5-Tile:0,Tile:7,Tile:9,Map,Tile:6,Destroy,Map-Tile:15,Tile:7,Destroy,Bonus,Tile:2,Tile:6,Tile:13-Tile:hidden2,Tile:hidden1,Tile:nugget
Map 12 3 1
Tile:15 5 6 0
Map 12 5 1
Tile:7 6 5 0
Tile:10 6 6 1
Tile:6 4 5 0
Tile:6 6 7 1
Tile:5_flip 7 7 0
Tile:5 7 6 1
Tile:13 5 7 0
Tile:9_flip 8 6 1
Destroy 4 5 0
Tile:10 8 7 1
Tile:7 5 4 0
Tile:6 8 8 1
Drop 2 0 0
Tile:0 9 8 1
Tile:2 8 5 0
Malus 0 0 1
Map 12 7 0
Tile:5_flip 10 8 1
Drop 2 0 0
Tile:6_flip 10 7 1
Drop 3 0 0
Tile:7 11 7 1
Drop 5 0 0
Tile:0 7 8 1
Drop 0 0 0
Tile:9 11 8 1
Drop 5 0 0
GAMEOVER TIMEOUT WINNER 0
# Game ended: Sat Apr 11 21:28:40 EDT 2020
