# Server version 0.08 running on 192.168.2.221:8123
# Game ID: 925
# Board class: Saboteur.SaboteurBoard
# Timeout: 2000
# First Move Timeout: 30000
# Date: Sat Apr 11 21:20:28 EDT 2020
# Player 1: Player-0, '260729564', running on 127.0.0.1
# Player 2: Player-1, 'RandomPlayer', running on 127.0.0.1
START Player-0 260729564
START Player-1 RandomPlayer
BoardInit:Tile:2,Map,Tile:0,Tile:7,Tile:10,Tile:8,Tile:6,Tile:11,Tile:6,Tile:6,Map,Tile:8,Tile:9,Bonus,Tile:15,Tile:0,Tile:9,Malus,Tile:12,Map,Tile:7,Bonus,Tile:9,Bonus,Tile:7,Tile:3,Destroy,Map,Destroy,Tile:5,Tile:9,Map,Tile:7,Tile:0,Tile:14,Tile:6,Malus,Tile:8,Tile:5,Tile:1,Tile:5-Tile:0,Map,Tile:4,Tile:9,Tile:10,Tile:6,Tile:13-Tile:5,Tile:10,Tile:7,Destroy,Tile:8,Bonus,Tile:8-Tile:nugget,Tile:hidden2,Tile:hidden1
Tile:6_flip 6 5 1
Tile:8 7 5 0
Tile:13 6 6 1
Map 12 3 0
Tile:10 5 4 1
Tile:8 7 4 0
Tile:9 5 6 1
Tile:8 8 4 0
Tile:6 5 7 1
Tile:7 9 4 0
Tile:6 7 6 1
Tile:6 9 5 0
Tile:2_flip 6 7 1
Tile:8 10 5 0
Tile:0 11 5 1
Tile:10 12 4 0
GAMEOVER WINNER 0
# Game ended: Sat Apr 11 21:20:29 EDT 2020
