# Server version 0.08 running on 192.168.2.221:8123
# Game ID: 191
# Board class: Saboteur.SaboteurBoard
# Timeout: 2000
# First Move Timeout: 30000
# Date: Sat Apr 11 20:07:03 EDT 2020
# Player 1: Player-0, '260729564', running on 127.0.0.1
# Player 2: Player-1, 'RandomPlayer', running on 127.0.0.1
START Player-0 260729564
START Player-1 RandomPlayer
BoardInit:Malus,Tile:5,Map,Tile:7,Tile:2,Map,Map,Bonus,Tile:9,Tile:4,Map,Tile:11,Tile:5,Tile:5,Tile:14,Tile:0,Destroy,Malus,Tile:6,Tile:0,Tile:15,Tile:9,Tile:10,Bonus,Tile:10,Tile:13,Tile:7,Tile:6,Bonus,Tile:0,Tile:3,Tile:8,Tile:12,Bonus,Tile:0,Tile:9,Map,Destroy,Tile:7,Tile:8,Tile:1-Tile:7,Tile:7,Tile:5,Tile:6,Tile:9,Tile:8,Tile:9-Tile:6,Tile:6,Destroy,Tile:8,Tile:10,Tile:8,Map-Tile:nugget,Tile:hidden2,Tile:hidden1
Tile:7 5 4 1
Map 12 3 0
Tile:6 6 5 1
Tile:8 7 5 0
Tile:5 4 4 1
Tile:8 7 4 0
Tile:7 8 4 1
Tile:6 8 5 0
Tile:9_flip 9 5 1
Tile:10 9 4 0
Tile:9_flip 9 6 1
Tile:6_flip 9 3 0
Tile:9 6 4 1
Tile:5_flip 10 3 0
Tile:2_flip 8 3 1
Tile:5 10 2 0
Tile:8 7 6 1
Tile:0 11 2 0
Destroy 7 6 1
Malus 0 0 0
Map 12 3 1
Tile:0 12 2 0
Malus 0 0 1
Bonus 0 0 0
Map 12 7 1
Tile:9_flip 13 2 0
Drop 3 0 1
GAMEOVER TIMEOUT WINNER 1
# Game ended: Sat Apr 11 20:07:07 EDT 2020
