# Server version 0.08 running on 192.168.2.221:8123
# Game ID: 1267
# Board class: Saboteur.SaboteurBoard
# Timeout: 2000
# First Move Timeout: 30000
# Date: Sat Apr 11 21:42:27 EDT 2020
# Player 1: Player-0, '260729564', running on 127.0.0.1
# Player 2: Player-1, 'RandomPlayer', running on 127.0.0.1
START Player-0 260729564
START Player-1 RandomPlayer
BoardInit:Tile:7,Tile:7,Tile:8,Tile:6,Tile:6,Tile:9,Map,Tile:9,Map,Bonus,Tile:8,Tile:0,Tile:11,Tile:10,Destroy,Tile:2,Tile:5,Tile:0,Malus,Tile:7,Tile:8,Bonus,Tile:4,Tile:3,Tile:7,Tile:8,Tile:7,Tile:10,Tile:14,Destroy,Map,Tile:6,Map,Tile:9,Tile:1,Tile:6,Tile:5,Tile:5,Tile:9,Tile:10,Malus-Tile:9,Tile:13,Tile:8,Map,Map,Bonus,Destroy-Tile:0,Tile:5,Bonus,Tile:12,Tile:6,Tile:0,Tile:15-Tile:hidden1,Tile:nugget,Tile:hidden2
Tile:13 5 6 1
Tile:0 6 5 0
Destroy 5 6 1
Tile:6 7 5 0
Tile:8 7 4 1
Tile:0 8 4 0
Drop 6 0 1
Tile:9_flip 9 4 0
Tile:7 8 5 1
Tile:9 9 5 0
Drop 0 0 1
Tile:6 10 5 0
Tile:8 7 3 1
Tile:0 11 5 0
GAMEOVER WINNER 0
# Game ended: Sat Apr 11 21:42:27 EDT 2020
