# Server version 0.08 running on 192.168.2.221:8123
# Game ID: 1019
# Board class: Saboteur.SaboteurBoard
# Timeout: 2000
# First Move Timeout: 30000
# Date: Sat Apr 11 21:28:30 EDT 2020
# Player 1: Player-0, '260729564', running on 127.0.0.1
# Player 2: Player-1, 'RandomPlayer', running on 127.0.0.1
START Player-0 260729564
START Player-1 RandomPlayer
BoardInit:Tile:15,Tile:2,Tile:5,Bonus,Tile:7,Tile:5,Malus,Tile:0,Tile:5,Tile:5,Tile:6,Tile:8,Malus,Bonus,Destroy,Map,Tile:3,Tile:13,Tile:14,Map,Bonus,Tile:10,Tile:12,Map,Tile:7,Tile:6,Tile:0,Tile:6,Map,Map,Tile:10,Tile:8,Destroy,Tile:4,Tile:9,Tile:0,Tile:6,Tile:7,Tile:0,Map,Tile:1-Tile:6,Tile:9,Tile:8,Tile:11,Tile:7,Tile:9,Tile:10-Tile:9,Bonus,Tile:8,Tile:7,Tile:9,Destroy,Tile:8-Tile:hidden1,Tile:nugget,Tile:hidden2
Tile:6_flip 6 5 1
Tile:8 7 5 0
Tile:7_flip 7 6 1
Tile:8 8 6 0
Tile:9_flip 6 6 1
Tile:9_flip 9 6 0
Tile:15 9 5 1
Tile:9 9 7 0
Tile:11 9 8 1
Tile:0 10 7 0
Tile:9_flip 9 4 1
Tile:7 11 7 0
Tile:8 4 5 1
Tile:8 11 8 0
Tile:5 8 4 1
Tile:5_flip 12 8 0
Destroy 9 4 1
Map 12 3 0
Tile:10 12 6 1
GAMEOVER WINNER 1
# Game ended: Sat Apr 11 21:28:30 EDT 2020
