# Server version 0.08 running on 192.168.2.221:8123
# Game ID: 32
# Board class: Saboteur.SaboteurBoard
# Timeout: 2000
# First Move Timeout: 30000
# Date: Sat Apr 11 15:56:53 EDT 2020
# Player 1: Player-0, '260729564', running on 127.0.0.1
# Player 2: Player-1, 'RandomPlayer', running on 127.0.0.1
START Player-0 260729564
START Player-1 RandomPlayer
BoardInit:Tile:6,Bonus,Tile:15,Tile:9,Tile:5,Map,Tile:8,Bonus,Destroy,Tile:14,Tile:6,Tile:3,Tile:6,Tile:7,Tile:7,Tile:8,Tile:6,Tile:5,Tile:12,Tile:9,Tile:1,Tile:0,Bonus,Tile:9,Tile:2,Tile:10,Tile:11,Tile:0,Map,Malus,Tile:0,Bonus,Destroy,Destroy,Tile:0,Tile:7,Tile:5,Tile:6,Tile:8,Tile:8,Malus-Tile:7,Tile:5,Tile:10,Tile:10,Map,Tile:9,Tile:7-Tile:9,Map,Tile:4,Tile:13,Map,Map,Tile:8-Tile:hidden1,Tile:hidden2,Tile:nugget
Tile:9_flip 5 6 1
Map 12 3 0
Tile:10 5 4 1
Map 12 5 0
Tile:15 5 7 1
Tile:9_flip 6 5 0
Drop 6 0 1
Tile:9 6 6 0
Tile:6 4 6 1
Tile:8 4 5 0
Drop 1 0 1
Drop 0 0 0
Tile:7 5 3 1
Drop 0 0 0
Tile:6 4 3 1
Tile:7 7 6 0
Tile:7_flip 3 6 1
Tile:8 3 5 0
Tile:6 5 8 1
Tile:5 6 4 0
Destroy 4 3 1
Tile:9 7 7 0
Tile:6_flip 6 8 1
Tile:0 8 7 0
Tile:7_flip 4 8 1
Tile:9_flip 9 7 0
Tile:8 7 4 1
Tile:10 9 6 0
Tile:11_flip 7 8 1
Tile:0 8 4 0
Tile:1 4 3 1
Drop 0 0 0
Tile:2_flip 9 4 1
Drop 1 0 0
Destroy 5 3 1
Drop 2 0 0
Tile:0 10 4 1
Tile:7_flip 9 8 0
Tile:12 11 4 1
Tile:6 10 8 0
Tile:5 10 7 1
Tile:8 3 4 0
Tile:10 7 3 1
Drop 2 0 0
Drop 2 0 1
Drop 2 0 0
Tile:8 5 3 1
Drop 2 0 0
Map 12 5 1
Destroy 6 6 0
Tile:0 2 4 1
Drop 0 0 0
Malus 0 0 1
Bonus 0 0 0
Drop 0 0 1
GAMEOVER DRAW
# Game ended: Sat Apr 11 15:56:53 EDT 2020
