# Server version 0.08 running on 192.168.2.221:8123
# Game ID: 386
# Board class: Saboteur.SaboteurBoard
# Timeout: 2000
# First Move Timeout: 30000
# Date: Sat Apr 11 20:32:27 EDT 2020
# Player 1: Player-0, 'RandomPlayer', running on 127.0.0.1
# Player 2: Player-1, '260729564', running on 127.0.0.1
START Player-0 RandomPlayer
START Player-1 260729564
BoardInit:Tile:5,Destroy,Tile:8,Tile:7,Tile:8,Map,Malus,Tile:3,Tile:2,Destroy,Map,Tile:5,Tile:8,Tile:14,Tile:9,Tile:7,Tile:7,Tile:10,Tile:8,Tile:6,Tile:0,Map,Tile:0,Tile:9,Tile:10,Tile:5,Tile:1,Malus,Tile:9,Tile:6,Tile:8,Tile:15,Tile:6,Tile:12,Tile:4,Tile:6,Tile:10,Bonus,Map,Tile:11,Bonus-Tile:7,Bonus,Tile:9,Destroy,Tile:7,Bonus,Tile:13-Tile:5,Tile:0,Tile:6,Tile:0,Tile:9,Map,Map-Tile:nugget,Tile:hidden1,Tile:hidden2
Tile:9_flip 6 5 1
Tile:6_flip 4 5 0
Tile:7_flip 6 6 1
Tile:0 7 6 0
Tile:8 8 6 1
Tile:9 8 5 0
Tile:8 9 6 1
Map 12 5 0
Malus 0 0 1
Map 12 5 0
Tile:7 10 6 1
Drop 3 0 0
Map 12 3 1
Destroy 4 5 0
Tile:8 8 4 1
Destroy 6 6 0
Tile:9 6 4 1
Map 12 7 0
Tile:5 6 3 1
Drop 3 0 0
Tile:8 7 4 1
Drop 2 0 0
Tile:0 9 4 1
Map 12 7 0
Tile:0 10 4 1
Drop 2 0 0
Tile:7 11 4 1
Drop 0 0 0
Tile:10 8 3 1
Drop 6 0 0
Tile:9_flip 8 2 1
Drop 0 0 0
Tile:8 11 5 1
Drop 6 0 0
Tile:6_flip 13 5 1
Drop 3 0 0
Drop 2 0 1
Drop 3 0 0
Tile:10 12 4 1
GAMEOVER WINNER 1
# Game ended: Sat Apr 11 20:32:27 EDT 2020
