# Server version 0.08 running on 192.168.2.221:8123
# Game ID: 1132
# Board class: Saboteur.SaboteurBoard
# Timeout: 2000
# First Move Timeout: 30000
# Date: Sat Apr 11 21:34:40 EDT 2020
# Player 1: Player-0, 'RandomPlayer', running on 127.0.0.1
# Player 2: Player-1, '260729564', running on 127.0.0.1
START Player-0 RandomPlayer
START Player-1 260729564
BoardInit:Tile:8,Malus,Tile:9,Bonus,Bonus,Map,Destroy,Tile:9,Tile:0,Tile:3,Map,Tile:5,Tile:8,Tile:10,Tile:12,Tile:0,Tile:7,Tile:8,Tile:6,Tile:6,Tile:8,Tile:7,Tile:6,Map,Tile:15,Tile:0,Tile:10,Tile:8,Destroy,Tile:9,Tile:6,Tile:9,Tile:10,Tile:14,Tile:0,Tile:4,Tile:7,Map,Map,Map,Bonus-Tile:9,Tile:13,Destroy,Bonus,Tile:7,Tile:5,Tile:6-Malus,Tile:1,Tile:11,Tile:2,Tile:5,Tile:7,Tile:5-Tile:hidden2,Tile:nugget,Tile:hidden1
Tile:6 6 5 1
Tile:5 6 4 0
Tile:8 7 4 1
Tile:5_flip 5 6 0
Tile:9_flip 8 4 1
Tile:2_flip 4 6 0
Tile:9 8 5 1
Malus 0 0 0
Bonus 0 0 1
Tile:9 7 3 0
Tile:0 9 5 1
Tile:11_flip 10 5 0
Map 12 3 1
Drop 4 0 0
Tile:8 8 6 1
Tile:5 10 4 0
Tile:7 9 6 1
Tile:3 5 4 0
Tile:7_flip 10 6 1
Tile:10 9 7 0
Tile:6 9 8 1
Tile:6_flip 7 6 0
Tile:8 10 8 1
Tile:7_flip 3 6 0
Tile:6 11 8 1
Map 12 5 0
Tile:5 11 7 1
Tile:8 4 5 0
GAMEOVER TIMEOUT WINNER 0
# Game ended: Sat Apr 11 21:34:46 EDT 2020
