# Server version 0.08 running on 192.168.2.221:8123
# Game ID: 665
# Board class: Saboteur.SaboteurBoard
# Timeout: 2000
# First Move Timeout: 30000
# Date: Sat Apr 11 21:04:42 EDT 2020
# Player 1: Player-0, '260729564', running on 127.0.0.1
# Player 2: Player-1, 'RandomPlayer', running on 127.0.0.1
START Player-0 260729564
START Player-1 RandomPlayer
BoardInit:Map,Destroy,Tile:9,Bonus,Tile:9,Tile:0,Tile:15,Destroy,Tile:7,Tile:11,Tile:3,Tile:6,Tile:6,Tile:0,Tile:0,Tile:13,Tile:8,Destroy,Tile:9,Tile:8,Map,Tile:6,Tile:10,Tile:6,Malus,Tile:9,Bonus,Tile:5,Tile:7,Tile:8,Bonus,Tile:12,Tile:5,Tile:14,Tile:7,Map,Map,Malus,Map,Tile:10,Tile:8-Tile:7,Tile:10,Tile:0,Tile:2,Tile:9,Tile:8,Tile:5-Tile:5,Map,Tile:1,Tile:7,Bonus,Tile:6,Tile:4-Tile:hidden1,Tile:hidden2,Tile:nugget
Tile:2 4 5 1
Map 12 3 0
Tile:8 4 6 1
Tile:6 6 5 0
Tile:10 5 4 1
Tile:5_flip 7 5 0
Tile:7 7 4 1
Drop 0 0 0
Tile:9_flip 4 7 1
Drop 2 0 0
Tile:9_flip 5 6 1
Tile:7_flip 5 7 0
Tile:5 3 6 1
Tile:6 6 7 0
Tile:9 3 7 1
Tile:0 7 7 0
Drop 1 0 1
Tile:0 8 7 0
Tile:7 9 7 1
Drop 2 0 0
Tile:9 9 8 1
Tile:8 10 8 0
Tile:8 10 9 1
Tile:6_flip 11 8 0
Tile:3 12 8 1
Tile:6 11 9 0
Tile:6 12 9 1
Tile:9 10 7 0
Tile:15 10 10 1
Tile:5 5 3 0
Map 12 5 1
Destroy 4 5 0
Tile:7_flip 9 9 1
Destroy 7 5 0
Drop 0 0 1
Destroy 10 9 0
Tile:5 6 4 1
Map 12 5 0
Tile:0 13 9 1
Malus 0 0 0
Drop 1 0 1
Tile:8 10 6 0
Map 12 7 1
Tile:10 10 5 0
Drop 4 0 1
Drop 1 0 0
Drop 4 0 1
Drop 1 0 0
Drop 0 0 1
Drop 1 0 0
Drop 0 0 1
Drop 1 0 0
Bonus 0 0 1
Drop 0 0 0
Tile:7_flip 3 8 1
GAMEOVER DRAW
# Game ended: Sat Apr 11 21:04:53 EDT 2020
