# Server version 0.08 running on 192.168.2.221:8123
# Game ID: 349
# Board class: Saboteur.SaboteurBoard
# Timeout: 2000
# First Move Timeout: 30000
# Date: Sat Apr 11 20:20:23 EDT 2020
# Player 1: Player-0, '260729564', running on 127.0.0.1
# Player 2: Player-1, 'RandomPlayer', running on 127.0.0.1
START Player-0 260729564
START Player-1 RandomPlayer
BoardInit:Tile:12,Tile:3,Tile:13,Tile:10,Tile:8,Tile:5,Map,Tile:7,Tile:9,Malus,Tile:8,Tile:5,Tile:15,Tile:0,Tile:6,Map,Map,Tile:14,Tile:9,Map,Tile:9,Tile:8,Tile:9,Bonus,Tile:10,Tile:6,Tile:8,Tile:11,Tile:9,Tile:7,Tile:0,Destroy,Tile:0,Bonus,Tile:1,Tile:7,Tile:7,Destroy,Map,Tile:6,Map-Tile:8,Tile:0,Tile:6,Tile:2,Destroy,Tile:7,Bonus-Tile:6,Tile:4,Tile:5,Tile:10,Malus,Tile:5,Bonus-Tile:hidden2,Tile:hidden1,Tile:nugget
Tile:8 5 6 1
Malus 0 0 0
Destroy 5 6 1
Tile:5_flip 6 5 0
Drop 4 0 1
Tile:10 6 4 0
Drop 5 0 1
Tile:10 6 3 0
Map 12 5 1
Tile:6_flip 6 2 0
Drop 4 0 1
Malus 0 0 0
Drop 0 0 1
Tile:5_flip 7 2 0
Drop 0 0 1
Tile:0 5 2 0
Drop 5 0 1
Map 12 3 0
Drop 3 0 1
Tile:7_flip 5 6 0
Map 12 7 1
Map 12 5 0
Drop 0 0 1
Tile:8 7 1 0
Drop 2 0 1
Tile:5_flip 8 1 0
Drop 0 0 1
Tile:6_flip 6 6 0
Drop 5 0 1
Tile:5 8 0 0
Drop 0 0 1
Tile:7 9 0 0
Drop 6 0 1
Drop 0 0 0
Drop 3 0 1
Drop 1 0 0
Drop 3 0 1
Tile:7_flip 9 1 0
Drop 6 0 1
Drop 1 0 0
Drop 6 0 1
Tile:6 10 1 0
Drop 4 0 1
Drop 1 0 0
Drop 1 0 1
Drop 1 0 0
Map 12 5 1
Drop 2 0 0
Drop 0 0 1
Destroy 6 6 0
Drop 0 0 1
Destroy 5 2 0
Drop 1 0 1
Drop 0 0 0
Drop 0 0 1
GAMEOVER DRAW
# Game ended: Sat Apr 11 20:20:24 EDT 2020
