# Server version 0.08 running on 192.168.2.221:8123
# Game ID: 1013
# Board class: Saboteur.SaboteurBoard
# Timeout: 2000
# First Move Timeout: 30000
# Date: Sat Apr 11 21:28:11 EDT 2020
# Player 1: Player-0, '260729564', running on 127.0.0.1
# Player 2: Player-1, 'RandomPlayer', running on 127.0.0.1
START Player-0 260729564
START Player-1 RandomPlayer
BoardInit:Tile:8,Tile:6,Tile:7,Tile:8,Malus,Map,Tile:7,Tile:12,Tile:8,Tile:5,Tile:9,Tile:0,Tile:10,Map,Tile:9,Tile:6,Tile:2,Tile:6,Tile:7,Destroy,Map,Tile:4,Tile:0,Tile:5,Tile:5,Malus,Tile:5,Map,Tile:10,Tile:11,Tile:13,Bonus,Bonus,Tile:9,Tile:0,Tile:7,Tile:15,Tile:1,Tile:8,Tile:3,Tile:14-Tile:9,Tile:6,Map,Destroy,Tile:8,Tile:10,Bonus-Tile:7,Destroy,Bonus,Map,Tile:9,Tile:6,Tile:0-Tile:hidden1,Tile:hidden2,Tile:nugget
Drop 3 0 1
Map 12 3 0
Tile:6_flip 6 5 1
Tile:6 7 5 0
Map 12 5 1
Tile:8 8 5 0
Tile:8 8 4 1
Map 12 5 0
Drop 0 0 1
Tile:6 8 6 0
Tile:7 8 3 1
Tile:0 9 6 0
Tile:8 4 5 1
Tile:0 10 6 0
Tile:8 7 3 1
Tile:9_flip 11 6 0
Tile:9 3 5 1
Tile:6 11 7 0
GAMEOVER WINNER 0
# Game ended: Sat Apr 11 21:28:12 EDT 2020
