# Server version 0.08 running on 192.168.2.221:8123
# Game ID: 733
# Board class: Saboteur.SaboteurBoard
# Timeout: 2000
# First Move Timeout: 30000
# Date: Sat Apr 11 21:08:04 EDT 2020
# Player 1: Player-0, '260729564', running on 127.0.0.1
# Player 2: Player-1, 'RandomPlayer', running on 127.0.0.1
START Player-0 260729564
START Player-1 RandomPlayer
BoardInit:Tile:13,Map,Tile:6,Tile:7,Map,Tile:12,Tile:9,Map,Tile:14,Tile:7,Map,Tile:5,Map,Tile:2,Destroy,Tile:10,Tile:4,Tile:0,Tile:5,Tile:10,Tile:6,Bonus,Tile:5,Tile:8,Tile:6,Tile:8,Bonus,Tile:3,Tile:7,Tile:6,Tile:9,Tile:0,Tile:7,Tile:1,Bonus,Tile:9,Tile:10,Tile:7,Tile:0,Destroy,Tile:9-Tile:8,Tile:8,Tile:0,Tile:8,Malus,Malus,Map-Tile:11,Destroy,Tile:5,Bonus,Tile:6,Tile:15,Tile:9-Tile:nugget,Tile:hidden2,Tile:hidden1
Tile:8 6 5 1
Tile:9_flip 7 5 0
Map 12 5 1
Map 12 3 0
Tile:13 6 4 1
Tile:6_flip 7 4 0
Tile:6 4 5 1
Tile:5_flip 8 4 0
Malus 0 0 1
Bonus 0 0 0
Tile:9 3 5 1
Tile:7_flip 7 6 0
Map 12 5 1
Tile:5 8 3 0
Tile:14 5 6 1
Tile:7 9 3 0
Destroy 5 6 1
Tile:10 9 4 0
Drop 1 0 1
Tile:0 8 6 0
Malus 0 0 1
Drop 0 0 0
Map 12 5 1
Bonus 0 0 0
Drop 4 0 1
Tile:8 9 5 0
Tile:5 5 4 1
Tile:8 10 5 0
Tile:6 11 5 1
Tile:10 12 4 0
GAMEOVER WINNER 0
# Game ended: Sat Apr 11 21:08:05 EDT 2020
