# Server version 0.08 running on 192.168.2.221:8123
# Game ID: 588
# Board class: Saboteur.SaboteurBoard
# Timeout: 2000
# First Move Timeout: 30000
# Date: Sat Apr 11 20:56:36 EDT 2020
# Player 1: Player-0, 'RandomPlayer', running on 127.0.0.1
# Player 2: Player-1, '260729564', running on 127.0.0.1
START Player-0 RandomPlayer
START Player-1 260729564
BoardInit:Tile:12,Destroy,Tile:8,Malus,Tile:9,Tile:8,Tile:5,Map,Tile:0,Tile:0,Malus,Tile:11,Destroy,Tile:6,Bonus,Tile:10,Bonus,Tile:9,Tile:1,Tile:0,Tile:7,Tile:5,Tile:9,Tile:2,Tile:5,Map,Map,Tile:6,Tile:14,Tile:10,Tile:6,Tile:10,Tile:7,Tile:15,Map,Tile:7,Tile:5,Tile:13,Tile:7,Tile:0,Tile:9-Tile:8,Map,Map,Tile:8,Tile:3,Tile:6,Tile:7-Tile:9,Destroy,Tile:8,Tile:4,Bonus,Bonus,Tile:6-Tile:nugget,Tile:hidden2,Tile:hidden1
Map 12 3 1
Drop 2 0 0
Tile:8 5 4 1
Tile:9 4 4 0
Tile:8 6 4 1
Tile:6 6 5 0
Tile:8 7 4 1
Drop 2 0 0
Tile:9_flip 8 4 1
Tile:8 7 5 0
Tile:6_flip 8 3 1
Drop 1 0 0
Malus 0 0 1
Drop 0 0 0
Tile:0 9 3 1
Destroy 8 3 0
Tile:5 8 3 1
Drop 3 0 0
Tile:7 10 3 1
Drop 5 0 0
Drop 0 0 1
Drop 1 0 0
Tile:7_flip 10 4 1
Map 12 3 0
Tile:9_flip 11 4 1
Drop 5 0 0
Tile:5 11 3 1
GAMEOVER WINNER 1
# Game ended: Sat Apr 11 20:56:36 EDT 2020
