# Server version 0.08 running on 192.168.2.221:8123
# Game ID: 108
# Board class: Saboteur.SaboteurBoard
# Timeout: 2000
# First Move Timeout: 30000
# Date: Sat Apr 11 16:19:37 EDT 2020
# Player 1: Player-0, 'RandomPlayer', running on 127.0.0.1
# Player 2: Player-1, '260729564', running on 127.0.0.1
START Player-0 RandomPlayer
START Player-1 260729564
BoardInit:Map,Tile:0,Tile:9,Tile:9,Tile:6,Tile:5,Map,Tile:7,Tile:6,Destroy,Tile:10,Tile:12,Tile:0,Tile:9,Destroy,Tile:8,Tile:5,Tile:13,Tile:8,Tile:8,Tile:1,Tile:11,Bonus,Tile:5,Tile:6,Bonus,Tile:9,Tile:7,Map,Map,Bonus,Tile:7,Tile:0,Tile:0,Tile:3,Bonus,Tile:6,Malus,Tile:8,Tile:10,Malus-Map,Tile:9,Destroy,Tile:8,Tile:15,Tile:7,Tile:4-Tile:14,Tile:5,Tile:10,Tile:2,Map,Tile:7,Tile:6-Tile:nugget,Tile:hidden2,Tile:hidden1
Map 12 3 1
Map 12 3 0
Tile:8 5 4 1
Tile:2 4 5 0
Tile:9_flip 6 4 1
Tile:5_flip 5 6 0
Tile:6_flip 6 3 1
Tile:14_flip 5 3 0
Tile:9_flip 7 3 1
Tile:6 4 4 0
Tile:6_flip 7 2 1
Drop 4 0 0
Tile:10 7 4 1
Tile:9 7 5 0
Tile:0 8 2 1
Drop 5 0 0
Tile:7 9 2 1
Tile:7_flip 4 6 0
Tile:5_flip 8 5 1
Tile:8 9 3 0
Tile:8 10 3 1
Destroy 10 3 0
Drop 1 0 1
Tile:0 3 5 0
Drop 1 0 1
Tile:11 9 4 0
Tile:6 10 3 1
Tile:10 10 2 0
Tile:9 10 1 1
Tile:8 2 5 0
Drop 1 0 1
Tile:5_flip 2 6 0
Drop 1 0 1
Tile:7_flip 7 6 0
Tile:0 11 3 1
GAMEOVER WINNER 1
# Game ended: Sat Apr 11 16:19:38 EDT 2020
