# Server version 0.08 running on 192.168.2.221:8123
# Game ID: 1088
# Board class: Saboteur.SaboteurBoard
# Timeout: 2000
# First Move Timeout: 30000
# Date: Sat Apr 11 21:32:51 EDT 2020
# Player 1: Player-0, 'RandomPlayer', running on 127.0.0.1
# Player 2: Player-1, '260729564', running on 127.0.0.1
START Player-0 RandomPlayer
START Player-1 260729564
BoardInit:Tile:5,Tile:14,Map,Bonus,Tile:9,Bonus,Tile:1,Malus,Map,Tile:5,Tile:13,Tile:9,Tile:0,Tile:10,Tile:6,Tile:6,Tile:3,Tile:8,Tile:12,Map,Tile:8,Tile:7,Destroy,Tile:10,Tile:8,Tile:2,Tile:9,Tile:5,Tile:11,Tile:9,Destroy,Tile:5,Destroy,Tile:6,Tile:9,Map,Tile:7,Tile:6,Malus,Tile:8,Tile:7-Tile:0,Map,Tile:10,Tile:8,Tile:7,Tile:15,Tile:0-Tile:0,Tile:6,Tile:7,Map,Tile:4,Bonus,Bonus-Tile:nugget,Tile:hidden2,Tile:hidden1
Map 12 3 1
Tile:6 4 5 0
Tile:8 5 4 1
Tile:14_flip 5 3 0
Tile:5_flip 6 4 1
Drop 2 0 0
Tile:9_flip 6 3 1
Drop 2 0 0
Tile:7 6 5 1
Drop 1 0 0
Tile:10 6 2 1
Drop 1 0 0
Drop 1 0 1
Tile:5 6 1 0
Tile:0 7 1 1
Tile:10 6 6 0
Tile:6_flip 8 1 1
Tile:9_flip 9 1 0
Drop 1 0 1
Drop 5 0 0
Drop 1 0 1
Tile:0 3 5 0
Tile:8 9 2 1
Tile:8 9 3 0
Tile:0 10 2 1
Tile:10 6 7 0
Tile:0 11 2 1
Tile:2 10 3 0
Tile:8 12 2 1
GAMEOVER WINNER 1
# Game ended: Sat Apr 11 21:32:52 EDT 2020
