# Server version 0.08 running on 192.168.2.221:8123
# Game ID: 1087
# Board class: Saboteur.SaboteurBoard
# Timeout: 2000
# First Move Timeout: 30000
# Date: Sat Apr 11 21:32:49 EDT 2020
# Player 1: Player-0, '260729564', running on 127.0.0.1
# Player 2: Player-1, 'RandomPlayer', running on 127.0.0.1
START Player-0 260729564
START Player-1 RandomPlayer
BoardInit:Tile:6,Tile:7,Tile:9,Tile:10,Tile:6,Malus,Malus,Tile:6,Tile:7,Bonus,Tile:15,Tile:2,Tile:6,Tile:0,Tile:7,Bonus,Tile:8,Map,Tile:7,Tile:9,Tile:14,Tile:0,Bonus,Tile:1,Tile:8,Tile:8,Tile:4,Tile:0,Destroy,Tile:9,Tile:5,Tile:10,Map,Tile:9,Tile:11,Tile:9,Tile:5,Tile:5,Map,Map,Tile:0-Tile:6,Map,Tile:3,Map,Tile:7,Tile:8,Tile:5-Destroy,Tile:13,Tile:12,Tile:10,Tile:8,Bonus,Destroy-Tile:hidden1,Tile:nugget,Tile:hidden2
Tile:3 6 5 1
Tile:8 5 4 0
Tile:7_flip 4 5 1
Tile:10 5 6 0
Tile:5_flip 5 7 1
Tile:10 6 6 0
Tile:8 4 7 1
Malus 0 0 0
Map 12 5 1
Tile:6 6 4 0
Drop 1 0 1
Tile:7 7 4 0
Malus 0 0 1
Bonus 0 0 0
Drop 0 0 1
Drop 1 0 0
Drop 5 0 1
Drop 1 0 0
Drop 3 0 1
Map 12 3 0
Drop 2 0 1
Tile:9 7 5 0
Drop 0 0 1
Tile:0 8 5 0
Drop 5 0 1
Tile:0 9 5 0
Drop 0 0 1
Tile:8 10 5 0
Drop 6 0 1
Tile:0 11 5 0
GAMEOVER WINNER 0
# Game ended: Sat Apr 11 21:32:50 EDT 2020
