# Server version 0.08 running on 192.168.2.221:8123
# Game ID: 462
# Board class: Saboteur.SaboteurBoard
# Timeout: 2000
# First Move Timeout: 30000
# Date: Sat Apr 11 20:39:16 EDT 2020
# Player 1: Player-0, 'RandomPlayer', running on 127.0.0.1
# Player 2: Player-1, '260729564', running on 127.0.0.1
START Player-0 RandomPlayer
START Player-1 260729564
BoardInit:Bonus,Tile:9,Tile:12,Tile:8,Tile:8,Tile:0,Tile:6,Malus,Tile:9,Tile:7,Malus,Tile:10,Tile:10,Tile:1,Tile:5,Tile:7,Tile:0,Tile:6,Map,Tile:0,Tile:6,Destroy,Tile:5,Map,Destroy,Map,Tile:11,Bonus,Tile:10,Tile:9,Tile:14,Destroy,Map,Tile:9,Tile:0,Tile:8,Tile:8,Map,Tile:13,Bonus,Tile:5-Tile:15,Map,Tile:2,Bonus,Tile:6,Tile:5,Tile:7-Tile:3,Tile:6,Tile:8,Tile:7,Tile:9,Tile:4,Tile:7-Tile:nugget,Tile:hidden1,Tile:hidden2
Map 12 3 1
Tile:6_flip 4 5 0
Tile:6 6 5 1
Tile:9 5 4 0
Tile:5_flip 7 5 1
Drop 3 0 0
Tile:8 7 4 1
Tile:8 4 6 0
Tile:6 8 4 1
Tile:8 5 3 0
Tile:9_flip 9 4 1
Tile:3 9 3 0
Malus 0 0 1
Malus 0 0 0
Bonus 0 0 1
Drop 0 0 0
Tile:10 9 5 1
Drop 5 0 0
Tile:0 6 3 1
Drop 3 0 0
Tile:7_flip 9 6 1
Drop 2 0 0
Tile:6 10 6 1
Destroy 7 5 0
Tile:5 5 2 1
Drop 4 0 0
Tile:5_flip 6 2 1
Drop 0 0 0
Drop 0 0 1
Map 12 7 0
Tile:10 6 1 1
Drop 3 0 0
Drop 0 0 1
Destroy 9 5 0
Drop 1 0 1
Drop 4 0 0
Drop 1 0 1
Drop 2 0 0
Tile:8 7 3 1
Map 12 7 0
Drop 2 0 1
Drop 2 0 0
Tile:5 7 2 1
Drop 3 0 0
Tile:0 8 2 1
Drop 0 0 0
Drop 2 0 1
Map 12 5 0
Drop 2 0 1
Bonus 0 0 0
Drop 2 0 1
Tile:9 10 5 0
Destroy 7 3 1
Tile:10 10 4 0
Drop 0 0 1
GAMEOVER DRAW
# Game ended: Sat Apr 11 20:39:16 EDT 2020
