# Server version 0.08 running on 192.168.2.221:8123
# Game ID: 470
# Board class: Saboteur.SaboteurBoard
# Timeout: 2000
# First Move Timeout: 30000
# Date: Sat Apr 11 20:39:34 EDT 2020
# Player 1: Player-0, 'RandomPlayer', running on 127.0.0.1
# Player 2: Player-1, '260729564', running on 127.0.0.1
START Player-0 RandomPlayer
START Player-1 260729564
BoardInit:Map,Tile:11,Tile:6,Tile:9,Tile:7,Map,Bonus,Tile:13,Tile:6,Tile:4,Tile:8,Malus,Map,Tile:6,Tile:0,Tile:1,Tile:10,Tile:15,Tile:9,Tile:2,Bonus,Tile:5,Tile:10,Tile:5,Tile:0,Tile:9,Destroy,Tile:8,Tile:0,Tile:5,Tile:7,Tile:0,Tile:10,Tile:3,Tile:7,Tile:8,Tile:9,Destroy,Map,Tile:7,Tile:6-Malus,Tile:5,Tile:8,Tile:8,Map,Tile:9,Bonus-Bonus,Tile:12,Tile:14,Tile:7,Destroy,Tile:6,Map-Tile:hidden1,Tile:nugget,Tile:hidden2
Map 12 3 1
Tile:14 5 6 0
Map 12 5 1
Tile:12 6 5 0
Malus 0 0 1
Drop 1 0 0
Tile:8 5 4 1
Drop 2 0 0
Tile:8 5 3 1
Drop 0 0 0
Tile:6 6 4 1
Map 12 5 0
Tile:8 7 4 1
Destroy 5 3 0
Tile:6 8 4 1
Map 12 7 0
Tile:0 9 4 1
Drop 1 0 0
Tile:9_flip 10 4 1
Drop 3 0 0
Tile:10 10 5 1
Drop 2 0 0
Tile:9 10 6 1
Drop 0 0 0
Tile:10 10 3 1
Drop 2 0 0
Tile:0 11 6 1
Drop 0 0 0
Tile:5_flip 12 6 1
GAMEOVER WINNER 1
# Game ended: Sat Apr 11 20:39:34 EDT 2020
