# Server version 0.08 running on 192.168.2.221:8123
# Game ID: 663
# Board class: Saboteur.SaboteurBoard
# Timeout: 2000
# First Move Timeout: 30000
# Date: Sat Apr 11 21:04:39 EDT 2020
# Player 1: Player-0, '260729564', running on 127.0.0.1
# Player 2: Player-1, 'RandomPlayer', running on 127.0.0.1
START Player-0 260729564
START Player-1 RandomPlayer
BoardInit:Destroy,Map,Tile:10,Tile:6,Tile:0,Tile:7,Malus,Tile:7,Tile:12,Map,Tile:8,Destroy,Tile:0,Bonus,Tile:10,Tile:14,Tile:3,Tile:7,Tile:4,Map,Tile:6,Tile:5,Bonus,Bonus,Tile:7,Bonus,Tile:8,Tile:0,Tile:9,Tile:8,Tile:5,Tile:5,Tile:7,Destroy,Tile:10,Tile:6,Tile:8,Tile:9,Tile:9,Tile:6,Tile:6-Tile:5,Tile:13,Tile:15,Map,Tile:11,Tile:9,Tile:9-Tile:0,Map,Tile:1,Tile:8,Map,Tile:2,Malus-Tile:nugget,Tile:hidden2,Tile:hidden1
Tile:9 5 6 1
Map 12 3 0
Tile:15 5 4 1
Malus 0 0 0
Drop 6 0 1
Tile:8 6 5 0
Drop 1 0 1
Tile:6 7 5 0
Drop 3 0 1
Tile:0 8 5 0
Map 12 5 1
Tile:7 9 5 0
Drop 0 0 1
Tile:7_flip 9 6 0
Malus 0 0 1
Bonus 0 0 0
Drop 5 0 1
Drop 0 0 0
Drop 3 0 1
Tile:7 10 6 0
Drop 4 0 1
Drop 0 0 0
Destroy 10 6 1
Tile:5 7 4 0
Drop 5 0 1
Drop 0 0 0
Drop 0 0 1
Drop 0 0 0
Drop 6 0 1
Tile:0 10 6 0
Drop 1 0 1
Tile:8 11 6 0
Drop 4 0 1
Tile:5 11 5 0
Drop 0 0 1
Destroy 11 5 0
Drop 4 0 1
Tile:6_flip 11 5 0
Drop 0 0 1
Tile:9 12 4 0
GAMEOVER WINNER 0
# Game ended: Sat Apr 11 21:04:39 EDT 2020
