# Server version 0.08 running on 192.168.2.221:8123
# Game ID: 567
# Board class: Saboteur.SaboteurBoard
# Timeout: 2000
# First Move Timeout: 30000
# Date: Sat Apr 11 20:44:32 EDT 2020
# Player 1: Player-0, '260729564', running on 127.0.0.1
# Player 2: Player-1, 'RandomPlayer', running on 127.0.0.1
START Player-0 260729564
START Player-1 RandomPlayer
BoardInit:Tile:5,Tile:0,Tile:7,Tile:10,Tile:8,Destroy,Tile:7,Tile:7,Tile:4,Tile:6,Map,Tile:9,Tile:13,Tile:14,Tile:5,Tile:7,Malus,Tile:6,Tile:7,Tile:8,Tile:8,Tile:6,Tile:8,Tile:3,Map,Tile:11,Tile:8,Tile:10,Tile:5,Map,Map,Map,Tile:9,Bonus,Tile:6,Bonus,Tile:0,Tile:9,Tile:9,Map,Tile:12-Tile:6,Tile:10,Tile:2,Tile:0,Tile:1,Malus,Bonus-Destroy,Tile:15,Bonus,Tile:9,Tile:5,Destroy,Tile:0-Tile:hidden2,Tile:hidden1,Tile:nugget
Tile:6 4 5 1
Tile:0 6 5 0
Tile:5_flip 5 6 1
Tile:0 7 5 0
Tile:2 5 4 1
Tile:9_flip 8 5 0
Tile:0 4 6 1
Tile:10 8 4 0
Tile:8 8 3 1
Tile:7_flip 8 6 0
Tile:4 8 2 1
Tile:6 9 6 0
Tile:7_flip 3 5 1
Tile:9_flip 10 6 0
Drop 3 0 1
Tile:5 10 5 0
Tile:1 11 5 1
Tile:7_flip 10 7 0
Tile:7 11 7 1
Tile:6 11 8 0
Tile:5 3 6 1
Tile:8 12 8 0
GAMEOVER WINNER 0
# Game ended: Sat Apr 11 20:44:32 EDT 2020
