# Server version 0.08 running on 192.168.2.221:8123
# Game ID: 1410
# Board class: Saboteur.SaboteurBoard
# Timeout: 2000
# First Move Timeout: 30000
# Date: Sat Apr 11 22:05:18 EDT 2020
# Player 1: Player-0, 'RandomPlayer', running on 127.0.0.1
# Player 2: Player-1, '260729564', running on 127.0.0.1
START Player-0 RandomPlayer
START Player-1 260729564
BoardInit:Tile:8,Tile:2,Tile:14,Tile:8,Tile:11,Bonus,Tile:13,Map,Tile:0,Tile:1,Tile:6,Map,Tile:8,Map,Map,Tile:0,Tile:0,Destroy,Tile:7,Tile:5,Tile:7,Bonus,Map,Tile:10,Bonus,Malus,Tile:10,Tile:8,Tile:6,Tile:4,Tile:10,Tile:5,Tile:7,Tile:3,Tile:15,Map,Tile:9,Tile:9,Tile:9,Bonus,Tile:9-Tile:6,Tile:8,Destroy,Tile:6,Tile:12,Tile:0,Tile:5-Malus,Tile:7,Destroy,Tile:7,Tile:9,Tile:5,Tile:6-Tile:hidden1,Tile:hidden2,Tile:nugget
Tile:8 6 5 1
Tile:5 4 5 0
Tile:8 7 5 1
Tile:9_flip 6 4 0
Tile:6 8 5 1
Destroy 7 5 0
Tile:6 7 5 1
Drop 6 0 0
Tile:0 9 5 1
Tile:2 5 4 0
Tile:0 10 5 1
Drop 1 0 0
Tile:6 11 5 1
Tile:6 5 6 0
Tile:8 13 5 1
Map 12 7 0
Map 12 3 1
Tile:8 13 6 0
Tile:5 13 4 1
Tile:7_flip 13 7 0
Tile:7_flip 12 6 1
Malus 0 0 0
Destroy 12 6 1
Drop 5 0 0
Drop 0 0 1
Destroy 10 5 0
Bonus 0 0 1
Tile:1 4 4 0
Tile:10 8 4 1
Map 12 3 0
Tile:6 10 5 1
Tile:4 7 4 0
Tile:10 12 4 1
Tile:8 12 2 0
Tile:7_flip 12 6 1
Tile:0 13 3 0
Tile:7_flip 11 3 1
Tile:5 11 2 0
Tile:9_flip 6 6 1
Map 12 7 0
Tile:9_flip 6 7 1
Drop 2 0 0
Tile:9_flip 6 8 1
Map 12 7 0
Tile:0 13 2 1
Tile:9 5 8 0
Drop 0 0 1
Tile:3_flip 4 6 0
Drop 0 0 1
Drop 2 0 0
Drop 0 0 1
Tile:10 8 3 0
Drop 0 0 1
Drop 0 0 0
Drop 0 0 1
GAMEOVER DRAW
# Game ended: Sat Apr 11 22:05:23 EDT 2020
