# Server version 0.08 running on 192.168.2.221:8123
# Game ID: 984
# Board class: Saboteur.SaboteurBoard
# Timeout: 2000
# First Move Timeout: 30000
# Date: Sat Apr 11 21:23:20 EDT 2020
# Player 1: Player-0, 'RandomPlayer', running on 127.0.0.1
# Player 2: Player-1, '260729564', running on 127.0.0.1
START Player-0 RandomPlayer
START Player-1 260729564
BoardInit:Destroy,Tile:9,Tile:7,Tile:5,Malus,Tile:0,Tile:10,Tile:0,Bonus,Tile:9,Tile:4,Bonus,Bonus,Tile:9,Destroy,Tile:0,Map,Malus,Map,Tile:9,Map,Tile:6,Tile:6,Map,Tile:8,Tile:5,Tile:9,Tile:8,Destroy,Bonus,Tile:6,Tile:13,Tile:7,Map,Tile:0,Tile:5,Tile:2,Tile:10,Tile:5,Tile:1,Map-Tile:7,Tile:8,Tile:6,Tile:3,Tile:7,Tile:11,Tile:14-Tile:6,Tile:8,Tile:12,Tile:15,Tile:8,Tile:7,Tile:10-Tile:nugget,Tile:hidden2,Tile:hidden1
Tile:8 6 5 1
Drop 5 0 0
Tile:6 7 5 1
Tile:15 5 4 0
Tile:7 8 5 1
Tile:9_flip 5 3 0
Malus 0 0 1
Drop 5 0 0
Tile:10 8 6 1
Drop 1 0 0
Tile:7_flip 8 7 1
Drop 4 0 0
Tile:7 9 7 1
Bonus 0 0 0
Drop 0 0 1
Tile:9_flip 5 2 0
Drop 0 0 1
Tile:9 5 1 0
Map 12 3 1
Tile:6_flip 4 3 0
Drop 0 0 1
Tile:12 6 1 0
Drop 2 0 1
Tile:10 6 6 0
Tile:6_flip 7 4 1
Tile:0 4 2 0
Tile:8 9 8 1
Map 12 3 0
Tile:9 6 4 1
Tile:6 8 4 0
Drop 2 0 1
Tile:9_flip 6 7 0
Tile:6 10 8 1
Tile:0 9 4 0
Tile:7 10 4 1
Tile:5_flip 11 8 0
Tile:0 8 8 1
Tile:8 4 5 0
Drop 3 0 1
Tile:13 4 6 0
Tile:5 10 7 1
Tile:10 5 0 0
Drop 3 0 1
Tile:5 8 3 0
Drop 4 0 1
Drop 3 0 0
Drop 4 0 1
Tile:8 4 7 0
Destroy 9 7 1
Tile:1 3 3 0
Destroy 5 0 1
Malus 0 0 0
Bonus 0 0 1
Drop 0 0 0
Destroy 4 7 1
GAMEOVER DRAW
# Game ended: Sat Apr 11 21:23:20 EDT 2020
