# Server version 0.08 running on 192.168.2.221:8123
# Game ID: 790
# Board class: Saboteur.SaboteurBoard
# Timeout: 2000
# First Move Timeout: 30000
# Date: Sat Apr 11 21:11:05 EDT 2020
# Player 1: Player-0, 'RandomPlayer', running on 127.0.0.1
# Player 2: Player-1, '260729564', running on 127.0.0.1
START Player-0 RandomPlayer
START Player-1 260729564
BoardInit:Tile:7,Tile:10,Tile:8,Malus,Tile:7,Bonus,Tile:0,Bonus,Tile:8,Tile:7,Tile:9,Tile:6,Tile:9,Tile:11,Tile:0,Tile:1,Map,Tile:13,Tile:15,Destroy,Map,Bonus,Tile:5,Tile:10,Tile:12,Destroy,Map,Tile:14,Tile:9,Tile:6,Tile:7,Destroy,Tile:3,Bonus,Tile:4,Tile:8,Tile:5,Tile:6,Tile:0,Map,Map-Tile:9,Tile:5,Tile:5,Tile:6,Tile:9,Malus,Tile:10-Tile:7,Tile:8,Map,Tile:6,Tile:8,Tile:0,Tile:2-Tile:nugget,Tile:hidden2,Tile:hidden1
Malus 0 0 1
Map 12 3 0
Tile:6 6 5 1
Drop 1 0 0
Tile:8 7 5 1
Drop 4 0 0
Tile:9_flip 8 5 1
Drop 5 0 0
Tile:9 8 4 1
Drop 0 0 0
Tile:8 9 4 1
Drop 4 0 0
Tile:0 10 4 1
Bonus 0 0 0
Tile:7 11 4 1
Tile:10 5 4 0
Tile:9 8 6 1
Tile:8 11 5 0
Map 12 3 1
Tile:7_flip 8 7 0
Tile:9 12 4 1
GAMEOVER WINNER 1
# Game ended: Sat Apr 11 21:11:06 EDT 2020
