# Server version 0.08 running on 192.168.2.221:8123
# Game ID: 810
# Board class: Saboteur.SaboteurBoard
# Timeout: 2000
# First Move Timeout: 30000
# Date: Sat Apr 11 21:13:11 EDT 2020
# Player 1: Player-0, 'RandomPlayer', running on 127.0.0.1
# Player 2: Player-1, '260729564', running on 127.0.0.1
START Player-0 RandomPlayer
START Player-1 260729564
BoardInit:Tile:14,Tile:7,Tile:13,Tile:0,Tile:6,Tile:5,Tile:10,Map,Map,Tile:15,Tile:6,Map,Tile:10,Map,Tile:0,Tile:7,Tile:9,Tile:4,Map,Destroy,Bonus,Malus,Tile:0,Tile:8,Map,Tile:12,Tile:1,Tile:8,Tile:8,Tile:2,Destroy,Tile:0,Tile:7,Tile:5,Tile:7,Tile:7,Tile:3,Tile:6,Tile:9,Tile:8,Malus-Bonus,Tile:8,Bonus,Tile:6,Bonus,Tile:5,Tile:5-Tile:6,Tile:11,Tile:10,Tile:9,Destroy,Tile:9,Tile:9-Tile:hidden1,Tile:nugget,Tile:hidden2
Tile:8 6 5 1
Tile:9_flip 6 4 0
Tile:6 7 5 1
Drop 2 0 0
Tile:5_flip 8 5 1
Tile:9 7 4 0
Tile:6_flip 8 4 1
Drop 5 0 0
Tile:10 6 6 1
Tile:5_flip 6 7 0
Map 12 3 1
Tile:6_flip 9 4 0
Tile:6 10 4 1
Destroy 6 6 0
Tile:10 10 3 1
Tile:9 5 6 0
Tile:0 11 4 1
Tile:11 5 4 0
Tile:9_flip 12 4 1
GAMEOVER WINNER 1
# Game ended: Sat Apr 11 21:13:12 EDT 2020
