# Server version 0.08 running on 192.168.2.221:8123
# Game ID: 1010
# Board class: Saboteur.SaboteurBoard
# Timeout: 2000
# First Move Timeout: 30000
# Date: Sat Apr 11 21:24:50 EDT 2020
# Player 1: Player-0, 'RandomPlayer', running on 127.0.0.1
# Player 2: Player-1, '260729564', running on 127.0.0.1
START Player-0 RandomPlayer
START Player-1 260729564
BoardInit:Tile:13,Tile:8,Bonus,Tile:6,Tile:9,Map,Tile:10,Tile:2,Tile:9,Map,Destroy,Tile:11,Destroy,Tile:4,Tile:5,Map,Tile:15,Tile:7,Tile:5,Tile:0,Tile:12,Tile:8,Tile:8,Tile:0,Tile:7,Tile:7,Malus,Tile:9,Bonus,Tile:1,Tile:5,Tile:6,Map,Tile:7,Tile:6,Tile:6,Tile:10,Tile:5,Tile:8,Tile:9,Tile:8-Map,Map,Tile:3,Tile:9,Malus,Tile:0,Tile:7-Tile:10,Tile:6,Bonus,Tile:14,Tile:0,Destroy,Bonus-Tile:hidden1,Tile:nugget,Tile:hidden2
Map 12 3 1
Tile:14_flip 5 4 0
Map 12 5 1
Tile:6 4 5 0
Malus 0 0 1
Destroy 5 4 0
Tile:0 6 5 1
Bonus 0 0 0
Tile:9_flip 7 5 1
Tile:8 7 6 0
Tile:9_flip 8 6 1
Tile:6_flip 3 5 0
Tile:10 8 5 1
Tile:2 6 6 0
Tile:9 8 4 1
Tile:11_flip 9 4 0
Tile:7_flip 9 5 1
Drop 1 0 0
Tile:5 8 3 1
Tile:10 3 6 0
Tile:5 5 4 1
Tile:7_flip 8 7 0
Drop 0 0 1
Tile:4_flip 3 7 0
Tile:8 9 3 1
Drop 0 0 0
Tile:7 10 3 1
Map 12 3 0
Malus 0 0 1
Drop 5 0 0
Drop 0 0 1
Map 12 7 0
Tile:5_flip 9 7 1
Map 12 3 0
Drop 3 0 1
Drop 3 0 0
Tile:6_flip 9 2 1
Drop 3 0 0
Tile:10 10 4 1
Drop 6 0 0
Tile:8 10 5 1
Drop 2 0 0
Tile:8 11 5 1
GAMEOVER WINNER 1
# Game ended: Sat Apr 11 21:24:51 EDT 2020
