# Server version 0.08 running on 192.168.2.221:8123
# Game ID: 717
# Board class: Saboteur.SaboteurBoard
# Timeout: 2000
# First Move Timeout: 30000
# Date: Sat Apr 11 21:07:32 EDT 2020
# Player 1: Player-0, '260729564', running on 127.0.0.1
# Player 2: Player-1, 'RandomPlayer', running on 127.0.0.1
START Player-0 260729564
START Player-1 RandomPlayer
BoardInit:Tile:0,Map,Map,Map,Tile:4,Malus,Map,Tile:11,Tile:10,Tile:6,Tile:6,Tile:2,Tile:5,Destroy,Tile:7,Tile:6,Destroy,Tile:7,Tile:10,Tile:7,Tile:9,Tile:7,Map,Tile:8,Tile:8,Tile:15,Tile:6,Tile:13,Tile:10,Tile:7,Bonus,Tile:9,Tile:0,Tile:9,Map,Tile:8,Tile:8,Tile:1,Bonus,Bonus,Tile:0-Destroy,Tile:9,Tile:9,Malus,Tile:14,Tile:12,Bonus-Tile:6,Tile:3,Tile:5,Tile:5,Tile:8,Tile:5,Tile:0-Tile:nugget,Tile:hidden1,Tile:hidden2
Tile:9 4 5 1
Tile:8 6 5 0
Tile:9_flip 5 4 1
Map 12 3 0
Map 12 3 1
Tile:6 7 5 0
Destroy 5 4 1
Malus 0 0 0
Drop 6 0 1
Tile:0 8 5 0
Drop 4 0 1
Tile:6 9 5 0
Drop 3 0 1
Tile:5 9 4 0
Drop 5 0 1
Tile:5_flip 10 4 0
Drop 1 0 1
Tile:6_flip 10 3 0
Destroy 10 4 1
Tile:5_flip 10 5 0
Drop 2 0 1
Tile:7_flip 9 3 0
Drop 3 0 1
Tile:7_flip 6 6 0
Drop 5 0 1
Tile:8 10 4 0
Map 12 5 1
Tile:7 11 4 0
Drop 6 0 1
Drop 0 0 0
Drop 1 0 1
Tile:7_flip 11 5 0
Drop 6 0 1
Tile:9 12 4 0
GAMEOVER WINNER 0
# Game ended: Sat Apr 11 21:07:33 EDT 2020
