# Server version 0.08 running on 192.168.2.221:8123
# Game ID: 307
# Board class: Saboteur.SaboteurBoard
# Timeout: 2000
# First Move Timeout: 30000
# Date: Sat Apr 11 20:17:55 EDT 2020
# Player 1: Player-0, '260729564', running on 127.0.0.1
# Player 2: Player-1, 'RandomPlayer', running on 127.0.0.1
START Player-0 260729564
START Player-1 RandomPlayer
BoardInit:Tile:4,Map,Destroy,Tile:13,Tile:6,Bonus,Tile:9,Tile:7,Tile:9,Tile:6,Tile:7,Tile:10,Map,Destroy,Map,Tile:8,Tile:10,Bonus,Tile:15,Tile:2,Tile:0,Tile:8,Tile:7,Bonus,Malus,Tile:6,Tile:12,Map,Tile:5,Tile:11,Tile:0,Tile:7,Tile:0,Malus,Tile:8,Tile:0,Tile:5,Map,Tile:5,Tile:3,Bonus-Tile:9,Tile:7,Tile:1,Tile:14,Tile:6,Tile:9,Destroy-Map,Tile:8,Tile:6,Tile:8,Tile:10,Tile:5,Tile:9-Tile:hidden1,Tile:nugget,Tile:hidden2
Tile:1 6 5 1
Map 12 3 0
Tile:6_flip 4 5 1
Map 12 5 0
Drop 2 0 1
Tile:8 5 4 0
Tile:9_flip 5 6 1
Tile:8 5 3 0
Tile:6_flip 4 3 1
Tile:5_flip 6 4 0
Destroy 6 4 1
Tile:6 6 4 0
Tile:7_flip 5 7 1
Tile:6 7 4 0
Tile:9 7 3 1
Tile:9_flip 8 4 0
Tile:9_flip 8 3 1
Tile:8 8 5 0
Drop 0 0 1
Tile:7 9 5 0
Drop 6 0 1
Tile:10 9 6 0
Map 12 5 1
Tile:8 9 7 0
Destroy 9 7 1
Tile:10 9 7 0
Tile:0 7 5 1
Tile:6 9 8 0
Tile:7_flip 4 4 1
Drop 0 0 0
Tile:7 5 2 1
Drop 2 0 0
Tile:0 6 7 1
Tile:7 7 7 0
Tile:0 3 3 1
Malus 0 0 0
Malus 0 0 1
Bonus 0 0 0
Map 12 5 1
Tile:0 10 8 0
Drop 2 0 1
Drop 1 0 0
Drop 5 0 1
Drop 2 0 0
Drop 4 0 1
Drop 2 0 0
Drop 3 0 1
Drop 2 0 0
Drop 2 0 1
Drop 2 0 0
Drop 0 0 1
Destroy 4 4 0
Bonus 0 0 1
Drop 0 0 0
Tile:10 8 2 1
GAMEOVER DRAW
# Game ended: Sat Apr 11 20:17:56 EDT 2020
