# Server version 0.08 running on 192.168.2.221:8123
# Game ID: 838
# Board class: Saboteur.SaboteurBoard
# Timeout: 2000
# First Move Timeout: 30000
# Date: Sat Apr 11 21:14:11 EDT 2020
# Player 1: Player-0, 'RandomPlayer', running on 127.0.0.1
# Player 2: Player-1, '260729564', running on 127.0.0.1
START Player-0 RandomPlayer
START Player-1 260729564
BoardInit:Tile:10,Destroy,Tile:12,Map,Map,Map,Tile:9,Map,Tile:6,Tile:0,Malus,Tile:8,Tile:7,Tile:14,Tile:6,Tile:11,Bonus,Tile:5,Tile:8,Tile:6,Tile:6,Tile:10,Tile:9,Tile:8,Tile:7,Tile:8,Bonus,Tile:5,Malus,Tile:13,Tile:2,Destroy,Tile:0,Tile:15,Tile:6,Tile:5,Tile:7,Tile:3,Tile:5,Tile:4,Tile:7-Tile:9,Tile:8,Tile:7,Map,Bonus,Tile:10,Tile:0-Destroy,Tile:0,Tile:9,Tile:9,Map,Bonus,Tile:1-Tile:hidden2,Tile:hidden1,Tile:nugget
Map 12 3 1
Tile:9 5 4 0
Tile:8 6 4 1
Drop 1 0 0
Tile:0 7 4 1
Drop 4 0 0
Map 12 5 1
Destroy 7 4 0
Tile:7_flip 5 6 1
Destroy 6 4 0
Tile:6_flip 6 6 1
Drop 2 0 0
Malus 0 0 1
Drop 1 0 0
Tile:9_flip 7 6 1
Drop 4 0 0
Tile:6 7 7 1
Map 12 5 0
Tile:9_flip 8 7 1
Drop 1 0 0
Tile:8 8 8 1
Map 12 7 0
Tile:6 9 8 1
Drop 0 0 0
Tile:7 10 8 1
Drop 2 0 0
Tile:10 10 9 1
Drop 0 0 0
Tile:10 10 10 1
Drop 5 0 0
Malus 0 0 1
Drop 0 0 0
Tile:9 9 7 1
Destroy 5 6 0
Tile:0 6 5 1
Drop 3 0 0
Tile:6_flip 7 5 1
Drop 3 0 0
Tile:7_flip 10 11 1
Drop 6 0 0
Tile:5_flip 10 7 1
Drop 2 0 0
Tile:7 11 11 1
Drop 1 0 0
Tile:2_flip 6 7 1
Drop 3 0 0
GAMEOVER TIMEOUT WINNER 0
# Game ended: Sat Apr 11 21:14:19 EDT 2020
