# Server version 0.08 running on 192.168.2.221:8123
# Game ID: 1313
# Board class: Saboteur.SaboteurBoard
# Timeout: 2000
# First Move Timeout: 30000
# Date: Sat Apr 11 21:47:40 EDT 2020
# Player 1: Player-0, '260729564', running on 127.0.0.1
# Player 2: Player-1, 'RandomPlayer', running on 127.0.0.1
START Player-0 260729564
START Player-1 RandomPlayer
BoardInit:Destroy,Tile:9,Tile:8,Tile:1,Tile:14,Tile:11,Tile:7,Tile:5,Tile:6,Map,Tile:0,Tile:0,Tile:9,Tile:6,Tile:5,Tile:7,Bonus,Tile:8,Bonus,Tile:9,Map,Map,Tile:4,Tile:6,Tile:0,Malus,Tile:9,Tile:8,Tile:13,Malus,Tile:0,Destroy,Tile:6,Tile:7,Tile:2,Tile:5,Map,Tile:8,Bonus,Bonus,Tile:10-Tile:3,Destroy,Tile:8,Map,Tile:5,Tile:9,Tile:15-Tile:10,Tile:7,Tile:7,Map,Tile:6,Tile:12,Tile:10-Tile:hidden1,Tile:nugget,Tile:hidden2
Map 12 7 1
Map 12 3 0
Tile:15 5 4 1
Tile:6 6 5 0
Tile:8 7 5 1
Tile:7 8 5 0
Tile:3_flip 8 6 1
Tile:10 7 4 0
Tile:14_flip 7 3 1
Tile:10 7 6 0
Tile:5 4 5 1
Map 12 5 0
Tile:8 7 7 1
Tile:0 8 7 0
Tile:7 8 3 1
Tile:6 9 7 0
Tile:5 5 3 1
Tile:7_flip 8 4 0
Destroy 6 5 1
Tile:8 6 5 0
Tile:9_flip 7 8 1
Tile:9_flip 9 6 0
Tile:9 6 7 1
Tile:9_flip 10 7 0
Drop 2 0 1
Tile:6 10 8 0
Tile:0 11 8 1
Malus 0 0 0
Destroy 7 8 1
Tile:8 12 8 0
Drop 3 0 1
Malus 0 0 0
Drop 6 0 1
GAMEOVER TIMEOUT WINNER 1
# Game ended: Sat Apr 11 21:47:44 EDT 2020
