# Server version 0.08 running on 192.168.2.221:8123
# Game ID: 358
# Board class: Saboteur.SaboteurBoard
# Timeout: 2000
# First Move Timeout: 30000
# Date: Sat Apr 11 20:30:54 EDT 2020
# Player 1: Player-0, 'RandomPlayer', running on 127.0.0.1
# Player 2: Player-1, '260729564', running on 127.0.0.1
START Player-0 RandomPlayer
START Player-1 260729564
BoardInit:Tile:5,Destroy,Map,Tile:9,Tile:5,Tile:15,Bonus,Tile:7,Map,Tile:8,Tile:9,Tile:3,Tile:0,Tile:7,Tile:8,Tile:0,Tile:7,Tile:7,Tile:10,Tile:6,Destroy,Tile:10,Bonus,Tile:13,Tile:6,Tile:5,Destroy,Bonus,Tile:4,Tile:6,Map,Tile:14,Tile:10,Tile:8,Tile:5,Tile:9,Tile:6,Tile:9,Malus,Tile:2,Map-Tile:8,Tile:7,Tile:0,Malus,Map,Tile:8,Bonus-Tile:6,Tile:0,Tile:11,Tile:12,Tile:1,Map,Tile:9-Tile:nugget,Tile:hidden2,Tile:hidden1
Map 12 3 1
Tile:9 5 6 0
Malus 0 0 1
Drop 5 0 0
Tile:8 5 4 1
Drop 0 0 0
Tile:8 6 4 1
Destroy 5 6 0
Tile:0 7 4 1
Drop 1 0 0
Tile:7 8 4 1
Drop 4 0 0
Tile:9 8 5 1
Drop 0 0 0
Tile:0 9 5 1
Drop 0 0 0
Tile:8 10 5 1
Drop 5 0 0
Tile:5_flip 11 5 1
Drop 3 0 0
Tile:10 11 4 1
Drop 2 0 0
Tile:5 11 3 1
GAMEOVER WINNER 1
# Game ended: Sat Apr 11 20:30:55 EDT 2020
