# Server version 0.08 running on 192.168.2.221:8123
# Game ID: 924
# Board class: Saboteur.SaboteurBoard
# Timeout: 2000
# First Move Timeout: 30000
# Date: Sat Apr 11 21:20:26 EDT 2020
# Player 1: Player-0, 'RandomPlayer', running on 127.0.0.1
# Player 2: Player-1, '260729564', running on 127.0.0.1
START Player-0 RandomPlayer
START Player-1 260729564
BoardInit:Tile:7,Tile:8,Map,Tile:2,Tile:5,Tile:9,Tile:9,Tile:5,Tile:8,Tile:5,Tile:3,Map,Tile:5,Tile:0,Bonus,Tile:10,Tile:4,Tile:10,Malus,Tile:6,Map,Tile:7,Tile:8,Tile:7,Tile:11,Tile:12,Destroy,Tile:8,Tile:15,Bonus,Tile:13,Bonus,Destroy,Tile:7,Map,Tile:6,Tile:1,Tile:0,Tile:6,Tile:10,Malus-Tile:14,Map,Tile:6,Tile:9,Tile:0,Bonus,Tile:8-Tile:0,Tile:9,Tile:6,Map,Tile:9,Tile:7,Destroy-Tile:nugget,Tile:hidden2,Tile:hidden1
Map 12 3 1
Tile:9_flip 6 5 0
Tile:8 6 4 1
Tile:0 4 5 0
Tile:9_flip 7 4 1
Drop 3 0 0
Tile:6_flip 7 3 1
Tile:2_flip 8 3 0
Tile:9 7 5 1
Map 12 7 0
Tile:8 8 5 1
Tile:5_flip 9 5 0
Tile:5 9 4 1
Tile:9_flip 6 6 0
Tile:0 10 4 1
Tile:0 9 3 0
Tile:7 11 4 1
Tile:8 6 7 0
Tile:5_flip 10 3 1
Tile:9 8 6 0
Malus 0 0 1
Drop 4 0 0
Drop 0 0 1
Destroy 7 5 0
Tile:8 6 3 1
Drop 4 0 0
Drop 1 0 1
Drop 3 0 0
Drop 1 0 1
Drop 4 0 0
Drop 1 0 1
Drop 3 0 0
Drop 1 0 1
Drop 3 0 0
Drop 1 0 1
Map 12 3 0
Drop 1 0 1
Drop 3 0 0
Drop 2 0 1
Drop 0 0 0
Tile:6 7 7 1
Drop 4 0 0
Malus 0 0 1
Bonus 0 0 0
Drop 2 0 1
Drop 3 0 0
Drop 3 0 1
Drop 0 0 0
Drop 3 0 1
Drop 2 0 0
Destroy 8 5 1
Drop 0 0 0
Drop 1 0 1
Drop 0 0 0
Drop 0 0 1
GAMEOVER DRAW
# Game ended: Sat Apr 11 21:20:27 EDT 2020
