# Server version 0.08 running on 192.168.2.221:8123
# Game ID: 372
# Board class: Saboteur.SaboteurBoard
# Timeout: 2000
# First Move Timeout: 30000
# Date: Sat Apr 11 20:31:44 EDT 2020
# Player 1: Player-0, 'RandomPlayer', running on 127.0.0.1
# Player 2: Player-1, '260729564', running on 127.0.0.1
START Player-0 RandomPlayer
START Player-1 260729564
BoardInit:Tile:15,Tile:10,Tile:0,Tile:0,Tile:5,Tile:7,Malus,Tile:8,Map,Tile:11,Tile:8,Map,Tile:5,Tile:13,Tile:7,Bonus,Tile:10,Tile:9,Tile:8,Tile:6,Tile:0,Malus,Tile:7,Map,Tile:4,Tile:7,Tile:3,Map,Tile:8,Tile:10,Bonus,Map,Tile:6,Tile:9,Tile:2,Tile:9,Destroy,Tile:1,Tile:6,Bonus,Tile:5-Tile:6,Tile:12,Tile:7,Tile:8,Tile:5,Destroy,Tile:6-Tile:0,Tile:9,Tile:14,Map,Destroy,Bonus,Tile:9-Tile:hidden1,Tile:nugget,Tile:hidden2
Tile:8 6 5 1
Tile:9_flip 5 6 0
Tile:6 7 5 1
Drop 1 0 0
Tile:6 8 5 1
Tile:9 4 5 0
Tile:0 9 5 1
Tile:7_flip 6 6 0
Malus 0 0 1
Drop 0 0 0
Map 12 3 1
Destroy 6 6 0
Tile:8 10 5 1
Drop 0 0 0
Tile:7 11 5 1
Map 12 5 0
Tile:7_flip 11 6 1
Drop 6 0 0
Tile:10 10 4 1
Drop 3 0 0
Tile:8 12 6 1
GAMEOVER WINNER 1
# Game ended: Sat Apr 11 20:31:45 EDT 2020
