# Server version 0.08 running on 192.168.2.221:8123
# Game ID: 843
# Board class: Saboteur.SaboteurBoard
# Timeout: 2000
# First Move Timeout: 30000
# Date: Sat Apr 11 21:14:36 EDT 2020
# Player 1: Player-0, '260729564', running on 127.0.0.1
# Player 2: Player-1, 'RandomPlayer', running on 127.0.0.1
START Player-0 260729564
START Player-1 RandomPlayer
BoardInit:Map,Tile:8,Map,Tile:7,Tile:5,Tile:9,Tile:9,Tile:11,Tile:6,Tile:5,Tile:15,Destroy,Tile:4,Tile:9,Tile:0,Tile:0,Bonus,Tile:6,Tile:2,Tile:6,Tile:8,Tile:7,Tile:7,Map,Tile:9,Destroy,Tile:6,Tile:3,Bonus,Tile:5,Tile:12,Bonus,Malus,Destroy,Tile:6,Tile:5,Tile:9,Tile:8,Malus,Tile:0,Tile:0-Bonus,Map,Tile:8,Map,Tile:14,Tile:8,Tile:10-Tile:13,Tile:7,Tile:1,Map,Tile:7,Tile:10,Tile:10-Tile:hidden1,Tile:nugget,Tile:hidden2
Map 12 3 1
Map 12 3 0
Map 12 5 1
Tile:8 6 5 0
Map 12 3 1
Tile:7 7 5 0
Tile:14 6 6 1
Tile:10 7 6 0
Tile:5 4 5 1
Tile:10 6 4 0
Tile:9_flip 5 4 1
Tile:5 6 3 0
Tile:8 4 6 1
Tile:9 7 7 0
Tile:15 7 8 1
Tile:9_flip 8 7 0
Tile:10 5 3 1
Tile:0 7 3 0
Drop 1 0 1
Tile:6 8 3 0
Tile:2 8 2 1
Tile:6 9 3 0
Tile:0 4 4 1
Tile:7 10 3 0
Tile:7 5 2 1
Map 12 5 0
Tile:9_flip 7 9 1
Tile:7_flip 10 4 0
Tile:6 3 6 1
Tile:7 11 4 0
Tile:6 4 7 1
Tile:5 8 6 0
Map 12 5 1
Drop 0 0 0
Drop 4 0 1
Drop 0 0 0
Drop 3 0 1
Tile:5_flip 9 6 0
Tile:9 7 10 1
Tile:8 11 5 0
GAMEOVER WINNER 0
# Game ended: Sat Apr 11 21:14:36 EDT 2020
