# Server version 0.08 running on 192.168.2.221:8123
# Game ID: 761
# Board class: Saboteur.SaboteurBoard
# Timeout: 2000
# First Move Timeout: 30000
# Date: Sat Apr 11 21:09:36 EDT 2020
# Player 1: Player-0, '260729564', running on 127.0.0.1
# Player 2: Player-1, 'RandomPlayer', running on 127.0.0.1
START Player-0 260729564
START Player-1 RandomPlayer
BoardInit:Tile:5,Tile:2,Bonus,Tile:0,Bonus,Tile:6,Destroy,Tile:5,Tile:8,Tile:0,Tile:5,Tile:10,Tile:3,Map,Destroy,Tile:7,Tile:13,Tile:6,Tile:0,Tile:7,Bonus,Tile:7,Tile:0,Tile:7,Malus,Tile:11,Malus,Tile:7,Tile:9,Tile:6,Tile:12,Map,Tile:6,Tile:9,Bonus,Tile:5,Tile:8,Map,Tile:4,Tile:9,Map-Map,Tile:9,Tile:1,Destroy,Tile:8,Tile:8,Tile:8-Tile:15,Tile:10,Map,Tile:6,Tile:9,Tile:10,Tile:14-Tile:hidden2,Tile:nugget,Tile:hidden1
Tile:1 4 5 1
Map 12 3 0
Destroy 4 5 1
Tile:6 6 5 0
Tile:8 7 5 1
Tile:0 8 5 0
Tile:8 6 4 1
Tile:6 9 5 0
Tile:8 7 4 1
Tile:9_flip 10 5 0
Destroy 6 4 1
Tile:0 8 4 0
Tile:5 4 5 1
Tile:5 10 4 0
Map 12 3 1
Map 12 5 0
Tile:9 4 6 1
Tile:7 11 4 0
Destroy 10 5 1
Tile:6 10 5 0
Tile:3_flip 4 7 1
Tile:7_flip 7 6 0
Tile:13 5 4 1
Tile:7 8 6 0
Drop 4 0 1
Tile:7_flip 8 7 0
Tile:5 7 3 1
Drop 0 0 0
Tile:0 4 4 1
Tile:7 9 7 0
Tile:8 3 4 1
Tile:6 11 5 0
GAMEOVER WINNER 0
# Game ended: Sat Apr 11 21:09:36 EDT 2020
