# Server version 0.08 running on 192.168.2.221:8123
# Game ID: 288
# Board class: Saboteur.SaboteurBoard
# Timeout: 2000
# First Move Timeout: 30000
# Date: Sat Apr 11 20:16:22 EDT 2020
# Player 1: Player-0, 'RandomPlayer', running on 127.0.0.1
# Player 2: Player-1, '260729564', running on 127.0.0.1
START Player-0 RandomPlayer
START Player-1 260729564
BoardInit:Tile:8,Bonus,Bonus,Tile:4,Tile:6,Bonus,Tile:8,Tile:6,Tile:9,Tile:9,Malus,Tile:6,Tile:7,Tile:3,Map,Tile:2,Map,Map,Tile:7,Tile:11,Tile:7,Destroy,Tile:0,Tile:0,Map,Tile:0,Tile:9,Tile:6,Tile:8,Map,Tile:0,Destroy,Tile:5,Tile:7,Tile:14,Bonus,Tile:9,Tile:6,Tile:5,Tile:9,Tile:5-Tile:12,Tile:10,Tile:10,Tile:15,Tile:7,Tile:10,Tile:5-Malus,Tile:8,Tile:13,Tile:1,Destroy,Map,Tile:8-Tile:nugget,Tile:hidden2,Tile:hidden1
Tile:7 6 5 1
Drop 2 0 0
Tile:8 6 6 1
Tile:8 7 6 0
Tile:5_flip 8 6 1
Map 12 7 0
Tile:6_flip 8 5 1
Drop 3 0 0
Tile:8 9 5 1
Drop 0 0 0
Tile:9_flip 10 5 1
Tile:9_flip 10 6 0
Malus 0 0 1
Destroy 6 5 0
Tile:10 5 4 1
Drop 2 0 0
Map 12 3 1
Drop 6 0 0
Tile:10 5 3 1
Drop 5 0 0
Tile:10 5 2 1
Drop 1 0 0
Tile:7_flip 5 6 1
Destroy 9 5 0
Tile:0 9 5 1
Drop 5 0 0
Tile:7_flip 10 7 1
Map 12 5 0
Tile:9 10 4 1
Drop 6 0 0
Tile:8 11 4 1
Drop 3 0 0
Tile:0 12 4 1
Map 12 5 0
Tile:5_flip 13 4 1
Bonus 0 0 0
Tile:7_flip 11 5 1
Tile:6 11 7 0
Tile:9 13 3 1
Tile:7_flip 4 5 0
GAMEOVER TIMEOUT WINNER 0
# Game ended: Sat Apr 11 20:16:27 EDT 2020
