# Server version 0.08 running on 192.168.2.221:8123
# Game ID: 9
# Board class: Saboteur.SaboteurBoard
# Timeout: 20000
# First Move Timeout: 30000
# Date: Sat Apr 11 14:12:09 EDT 2020
# Player 1: Player-0, '260729564', running on 192.168.2.221
# Player 2: Player-1, 'RandomPlayer', running on 192.168.2.221
START Player-0 260729564
START Player-1 RandomPlayer
BoardInit:Tile:6,Tile:7,Tile:5,Tile:9,Tile:1,Tile:0,Tile:7,Tile:10,Tile:9,Tile:15,Map,Tile:5,Tile:9,Bonus,Tile:6,Tile:5,Map,Destroy,Tile:6,Tile:2,Tile:5,Map,Tile:10,Tile:8,Tile:8,Bonus,Tile:7,Map,Tile:11,Tile:12,Tile:6,Tile:3,Tile:0,Tile:8,Tile:0,Tile:10,Tile:8,Tile:4,Tile:8,Tile:14,Malus-Tile:6,Tile:9,Tile:7,Tile:7,Map,Bonus,Tile:9-Destroy,Map,Tile:13,Destroy,Malus,Bonus,Tile:0-Tile:nugget,Tile:hidden2,Tile:hidden1
Tile:7 5 4 1
Map 12 3 0
Map 12 7 1
Tile:0 6 5 0
Tile:9_flip 7 5 1
Tile:9 7 4 0
Tile:6_flip 4 4 1
Tile:0 8 4 0
Tile:6 7 6 1
Drop 1 0 0
Drop 1 0 1
Drop 2 0 0
Tile:7_flip 5 6 1
Drop 5 0 0
Tile:5 7 3 1
Destroy 7 6 0
Tile:9_flip 7 6 1
Destroy 8 4 0
Map 12 3 1
Tile:7 8 3 0
Tile:6_flip 6 6 1
Tile:5 3 4 0
Tile:6 8 4 1
Tile:5_flip 9 4 0
Tile:7_flip 4 5 1
Tile:8 6 7 0
Tile:9_flip 7 7 1
Tile:10 9 3 0
Tile:1 5 7 1
Drop 3 0 0
Tile:5_flip 7 8 1
Drop 3 0 0
Tile:9 4 7 1
Drop 3 0 0
Tile:11_flip 9 2 1
Tile:8 6 8 0
Tile:8 6 9 1
Tile:10 3 5 0
Tile:0 7 9 1
Drop 3 0 0
Tile:8 5 9 1
Drop 3 0 0
Tile:7 8 9 1
Drop 3 0 0
Tile:6 6 10 1
Drop 3 0 0
Tile:0 4 9 1
Drop 3 0 0
Drop 1 0 1
Destroy 3 4 0
Drop 0 0 1
Drop 0 0 0
Tile:8 3 4 1
Drop 0 0 0
Malus 0 0 1
GAMEOVER DRAW
# Game ended: Sat Apr 11 14:12:09 EDT 2020
