# Server version 0.08 running on 192.168.2.221:8123
# Game ID: 992
# Board class: Saboteur.SaboteurBoard
# Timeout: 2000
# First Move Timeout: 30000
# Date: Sat Apr 11 21:23:48 EDT 2020
# Player 1: Player-0, 'RandomPlayer', running on 127.0.0.1
# Player 2: Player-1, '260729564', running on 127.0.0.1
START Player-0 RandomPlayer
START Player-1 260729564
BoardInit:Malus,Tile:8,Map,Tile:10,Bonus,Tile:8,Tile:5,Map,Tile:6,Tile:0,Tile:2,Tile:4,Tile:7,Tile:5,Tile:15,Tile:14,Tile:13,Tile:7,Tile:3,Tile:7,Destroy,Tile:5,Destroy,Tile:7,Bonus,Tile:10,Tile:5,Tile:6,Tile:10,Tile:7,Malus,Bonus,Tile:8,Tile:6,Tile:6,Tile:1,Destroy,Tile:9,Tile:0,Map,Tile:11-Map,Tile:9,Tile:0,Tile:9,Tile:9,Map,Tile:9-Tile:6,Tile:12,Bonus,Tile:8,Tile:8,Map,Tile:0-Tile:hidden2,Tile:hidden1,Tile:nugget
Map 12 3 1
Drop 3 0 0
Map 12 5 1
Drop 1 0 0
Malus 0 0 1
Map 12 5 0
Tile:0 6 5 1
Drop 3 0 0
Tile:5_flip 7 5 1
Map 12 5 0
Tile:6_flip 7 4 1
Bonus 0 0 0
Tile:9_flip 8 4 1
Tile:8 5 4 0
Tile:7_flip 8 5 1
Tile:4_flip 5 6 0
Tile:9_flip 9 5 1
Tile:0 4 4 0
Tile:9 9 6 1
Tile:6 6 4 0
Tile:9_flip 10 6 1
Tile:5 9 4 0
Drop 0 0 1
Tile:7 5 3 0
Drop 1 0 1
Tile:14 10 4 0
Drop 1 0 1
Tile:10 10 3 0
Tile:5 10 5 1
Tile:10 10 2 0
Tile:10 10 7 1
Tile:5 6 3 0
Malus 0 0 1
Drop 4 0 0
Tile:8 11 5 1
Drop 0 0 0
Tile:6 12 6 1
Drop 4 0 0
Destroy 12 6 1
Drop 6 0 0
Tile:0 13 5 1
Drop 4 0 0
Drop 1 0 1
Drop 4 0 0
Drop 1 0 1
Drop 3 0 0
Drop 2 0 1
Drop 2 0 0
Drop 3 0 1
Drop 1 0 0
Destroy 10 3 1
Map 12 7 0
Destroy 6 3 1
Drop 0 0 0
Drop 0 0 1
GAMEOVER DRAW
# Game ended: Sat Apr 11 21:23:49 EDT 2020
