# Server version 0.08 running on 192.168.2.221:8123
# Game ID: 157
# Board class: Saboteur.SaboteurBoard
# Timeout: 2000
# First Move Timeout: 30000
# Date: Sat Apr 11 20:05:17 EDT 2020
# Player 1: Player-0, '260729564', running on 127.0.0.1
# Player 2: Player-1, 'RandomPlayer', running on 127.0.0.1
START Player-0 260729564
START Player-1 RandomPlayer
BoardInit:Tile:3,Map,Map,Destroy,Tile:5,Bonus,Tile:7,Tile:1,Tile:9,Tile:7,Tile:0,Tile:6,Tile:8,Bonus,Tile:10,Destroy,Map,Tile:10,Tile:8,Tile:9,Tile:11,Map,Bonus,Destroy,Map,Malus,Tile:15,Bonus,Tile:8,Tile:0,Tile:7,Tile:6,Map,Tile:8,Tile:0,Tile:2,Tile:6,Tile:12,Tile:9,Tile:8,Tile:9-Tile:13,Tile:4,Tile:7,Tile:6,Tile:5,Tile:6,Malus-Tile:9,Tile:14,Tile:5,Tile:7,Tile:10,Tile:0,Tile:5-Tile:hidden2,Tile:hidden1,Tile:nugget
Tile:6 4 5 1
Tile:0 6 5 0
Tile:6 3 5 1
Map 12 3 0
Tile:5_flip 5 6 1
Tile:9_flip 7 5 0
Tile:3 4 4 1
Tile:10 7 4 0
Tile:13 2 5 1
Tile:7_flip 7 6 0
Tile:7 2 4 1
Tile:5_flip 8 6 0
Tile:5 5 4 1
Tile:6_flip 7 3 0
Tile:9 1 4 1
Tile:5 8 5 0
Tile:10 2 6 1
Tile:7 9 5 0
Tile:8 1 5 1
Tile:10 9 6 0
Map 12 3 1
Tile:9 9 7 0
Tile:7_flip 2 7 1
Map 12 5 0
Tile:0 4 6 1
Drop 0 0 0
Tile:11 3 4 1
Malus 0 0 0
Map 12 7 1
Drop 2 0 0
Malus 0 0 1
Bonus 0 0 0
Map 12 7 1
Tile:0 10 7 0
Drop 4 0 1
Tile:6 11 7 0
GAMEOVER WINNER 0
# Game ended: Sat Apr 11 20:05:18 EDT 2020
