# Server version 0.08 running on 192.168.2.221:8123
# Game ID: 467
# Board class: Saboteur.SaboteurBoard
# Timeout: 2000
# First Move Timeout: 30000
# Date: Sat Apr 11 20:39:28 EDT 2020
# Player 1: Player-0, '260729564', running on 127.0.0.1
# Player 2: Player-1, 'RandomPlayer', running on 127.0.0.1
START Player-0 260729564
START Player-1 RandomPlayer
BoardInit:Tile:14,Malus,Destroy,Tile:0,Tile:9,Bonus,Malus,Tile:6,Destroy,Map,Bonus,Tile:8,Tile:6,Tile:2,Destroy,Tile:0,Tile:9,Tile:7,Tile:5,Tile:8,Tile:13,Tile:5,Tile:10,Tile:7,Tile:7,Tile:9,Tile:8,Tile:1,Tile:4,Tile:3,Bonus,Bonus,Map,Tile:7,Tile:12,Tile:6,Map,Tile:15,Tile:9,Tile:7,Tile:11-Tile:6,Tile:8,Tile:5,Map,Tile:8,Tile:6,Tile:5-Map,Tile:9,Tile:10,Tile:0,Tile:0,Tile:10,Map-Tile:nugget,Tile:hidden2,Tile:hidden1
Tile:6_flip 4 5 1
Map 12 3 0
Drop 1 0 1
Malus 0 0 0
Map 12 7 1
Tile:0 6 5 0
Drop 5 0 1
Tile:0 7 5 0
Drop 5 0 1
Tile:6 8 5 0
Malus 0 0 1
Bonus 0 0 0
Drop 0 0 1
Tile:8 8 4 0
Drop 2 0 1
Tile:0 9 4 0
Destroy 9 4 1
Tile:0 9 4 0
Drop 3 0 1
Tile:9_flip 10 4 0
Destroy 7 5 1
Tile:8 7 5 0
Drop 0 0 1
Tile:10 10 3 0
Drop 2 0 1
Tile:10 10 2 0
Drop 0 0 1
Tile:9 10 1 0
Drop 5 0 1
Tile:7 11 1 0
Drop 0 0 1
Tile:7_flip 11 2 0
Drop 4 0 1
Tile:5_flip 12 2 0
Drop 4 0 1
Tile:7_flip 10 5 0
Map 12 7 1
Tile:6 11 5 0
Map 12 3 1
Drop 0 0 0
Drop 4 0 1
Tile:7 13 5 0
Drop 0 0 1
Drop 0 0 0
Drop 4 0 1
Drop 0 0 0
Drop 2 0 1
Drop 0 0 0
Drop 0 0 1
Drop 0 0 0
Drop 0 0 1
Drop 1 0 0
Drop 1 0 1
Drop 0 0 0
Drop 0 0 1
GAMEOVER DRAW
# Game ended: Sat Apr 11 20:39:28 EDT 2020
