# Server version 0.08 running on 192.168.2.221:8123
# Game ID: 562
# Board class: Saboteur.SaboteurBoard
# Timeout: 2000
# First Move Timeout: 30000
# Date: Sat Apr 11 20:44:22 EDT 2020
# Player 1: Player-0, 'RandomPlayer', running on 127.0.0.1
# Player 2: Player-1, '260729564', running on 127.0.0.1
START Player-0 RandomPlayer
START Player-1 260729564
BoardInit:Tile:10,Bonus,Malus,Bonus,Tile:7,Tile:10,Tile:8,Tile:1,Tile:13,Tile:7,Tile:9,Tile:6,Tile:4,Tile:9,Tile:9,Tile:5,Tile:8,Bonus,Map,Tile:0,Tile:15,Map,Tile:0,Map,Tile:6,Tile:5,Map,Destroy,Tile:12,Destroy,Tile:5,Tile:9,Map,Tile:10,Tile:8,Tile:9,Bonus,Tile:6,Tile:3,Tile:2,Tile:5-Tile:7,Tile:8,Malus,Tile:8,Tile:6,Tile:0,Tile:14-Tile:7,Tile:0,Map,Destroy,Tile:11,Tile:7,Tile:6-Tile:hidden1,Tile:hidden2,Tile:nugget
Malus 0 0 1
Map 12 3 0
Tile:8 6 5 1
Destroy 6 5 0
Malus 0 0 1
Drop 0 0 0
Tile:8 6 5 1
Drop 5 0 0
Tile:8 7 5 1
Drop 5 0 0
Tile:7 8 5 1
Bonus 0 0 0
Tile:10 8 6 1
Drop 0 0 0
Tile:9 7 4 1
Drop 0 0 0
Tile:9_flip 7 6 1
Drop 5 0 0
Tile:8 8 7 1
Drop 3 0 0
Map 12 3 1
Drop 2 0 0
Tile:6 9 7 1
Map 12 3 0
Tile:7 10 7 1
Drop 5 0 0
Tile:6_flip 7 3 1
Map 12 5 0
Map 12 5 1
Drop 2 0 0
Tile:0 8 4 1
Bonus 0 0 0
Tile:5 9 6 1
Tile:5_flip 9 4 0
Tile:0 10 6 1
Tile:6 11 6 0
Tile:8 12 6 1
GAMEOVER WINNER 1
# Game ended: Sat Apr 11 20:44:22 EDT 2020
