# Server version 0.08 running on 192.168.2.221:8123
# Game ID: 891
# Board class: Saboteur.SaboteurBoard
# Timeout: 2000
# First Move Timeout: 30000
# Date: Sat Apr 11 21:19:01 EDT 2020
# Player 1: Player-0, '260729564', running on 127.0.0.1
# Player 2: Player-1, 'RandomPlayer', running on 127.0.0.1
START Player-0 260729564
START Player-1 RandomPlayer
BoardInit:Tile:6,Tile:9,Bonus,Tile:8,Tile:8,Tile:9,Destroy,Destroy,Tile:10,Map,Tile:3,Malus,Tile:15,Tile:6,Tile:5,Tile:9,Tile:8,Bonus,Tile:0,Malus,Bonus,Tile:14,Tile:7,Tile:6,Tile:0,Tile:9,Tile:7,Map,Tile:8,Tile:7,Map,Tile:5,Tile:6,Destroy,Tile:8,Tile:0,Tile:1,Map,Map,Tile:2,Tile:10-Tile:5,Tile:12,Bonus,Map,Tile:13,Tile:9,Tile:0-Tile:5,Tile:11,Tile:4,Tile:10,Tile:7,Tile:7,Tile:6-Tile:nugget,Tile:hidden2,Tile:hidden1
Drop 3 0 1
Tile:6 6 5 0
Tile:9_flip 6 4 1
Tile:7 7 5 0
Tile:13 5 4 1
Tile:8 7 6 0
Tile:0 6 6 1
Tile:7 8 6 0
Tile:6 5 6 1
Tile:10 8 7 0
Tile:5 5 3 1
Map 12 3 0
Tile:8 6 3 1
Malus 0 0 0
Destroy 8 7 1
Tile:6 8 7 0
Drop 6 0 1
Tile:5_flip 9 7 0
Drop 2 0 1
Tile:9 9 6 0
Drop 2 0 1
Malus 0 0 0
Drop 5 0 1
Tile:9_flip 10 6 0
Drop 0 0 1
Tile:6_flip 10 5 0
Drop 5 0 1
Tile:9 9 5 0
Drop 2 0 1
Tile:9 9 4 0
Drop 4 0 1
Tile:7 11 5 0
Drop 3 0 1
Tile:5_flip 10 4 0
Drop 4 0 1
Destroy 11 5 0
Map 12 7 1
Tile:0 11 5 0
Drop 0 0 1
Drop 0 0 0
Drop 4 0 1
Drop 0 0 0
Map 12 7 1
Drop 1 0 0
Drop 4 0 1
Drop 1 0 0
Drop 2 0 1
Drop 2 0 0
Drop 0 0 1
Drop 2 0 0
Drop 0 0 1
Destroy 8 7 0
Drop 1 0 1
Drop 0 0 0
Drop 0 0 1
GAMEOVER DRAW
# Game ended: Sat Apr 11 21:19:02 EDT 2020
