# Server version 0.08 running on 192.168.2.221:8123
# Game ID: 1325
# Board class: Saboteur.SaboteurBoard
# Timeout: 2000
# First Move Timeout: 30000
# Date: Sat Apr 11 21:57:36 EDT 2020
# Player 1: Player-0, '260729564', running on 127.0.0.1
# Player 2: Player-1, 'RandomPlayer', running on 127.0.0.1
START Player-0 260729564
START Player-1 RandomPlayer
BoardInit:Destroy,Tile:9,Tile:4,Tile:9,Tile:8,Tile:0,Malus,Tile:7,Tile:9,Tile:0,Tile:3,Tile:14,Bonus,Tile:11,Tile:5,Map,Destroy,Destroy,Tile:9,Tile:8,Tile:8,Tile:12,Tile:15,Tile:0,Tile:10,Tile:6,Tile:10,Map,Tile:6,Tile:7,Tile:10,Tile:5,Tile:6,Tile:7,Tile:6,Tile:7,Tile:0,Bonus,Tile:1,Tile:9,Map-Tile:5,Tile:8,Tile:13,Map,Tile:2,Tile:8,Bonus-Bonus,Tile:5,Tile:6,Map,Tile:7,Map,Malus-Tile:hidden1,Tile:hidden2,Tile:nugget
Tile:2_flip 6 5 1
Map 12 3 0
Map 12 7 1
Map 12 5 0
Drop 4 0 1
Malus 0 0 0
Drop 3 0 1
Tile:9 5 6 0
Destroy 6 5 1
Tile:9_flip 6 6 0
Malus 0 0 1
Bonus 0 0 0
Drop 0 0 1
Tile:6 6 7 0
Drop 5 0 1
Tile:0 7 7 0
Drop 1 0 1
Tile:0 8 7 0
Drop 1 0 1
Tile:5_flip 9 7 0
Destroy 6 6 1
Tile:8 6 6 0
Drop 3 0 1
Tile:7_flip 5 7 0
Drop 2 0 1
Tile:0 7 6 0
Drop 0 0 1
Tile:6_flip 9 6 0
Drop 5 0 1
Tile:7 10 6 0
Drop 0 0 1
Tile:7_flip 10 7 0
Drop 6 0 1
Tile:5_flip 11 7 0
Drop 3 0 1
Destroy 11 7 0
Drop 3 0 1
Tile:7 11 7 0
Drop 6 0 1
Tile:7_flip 11 8 0
Drop 2 0 1
Tile:9_flip 12 8 0
GAMEOVER WINNER 0
# Game ended: Sat Apr 11 21:57:37 EDT 2020
