# Server version 0.08 running on 192.168.2.221:8123
# Game ID: 583
# Board class: Saboteur.SaboteurBoard
# Timeout: 2000
# First Move Timeout: 30000
# Date: Sat Apr 11 20:56:21 EDT 2020
# Player 1: Player-0, '260729564', running on 127.0.0.1
# Player 2: Player-1, 'RandomPlayer', running on 127.0.0.1
START Player-0 260729564
START Player-1 RandomPlayer
BoardInit:Tile:3,Tile:7,Map,Tile:6,Tile:7,Tile:15,Destroy,Tile:9,Tile:8,Malus,Tile:6,Tile:11,Tile:5,Tile:9,Bonus,Tile:7,Tile:0,Map,Tile:9,Tile:7,Tile:8,Malus,Tile:12,Bonus,Destroy,Tile:6,Tile:1,Tile:10,Tile:10,Tile:0,Tile:10,Tile:8,Tile:0,Tile:9,Bonus,Bonus,Tile:8,Tile:5,Map,Destroy,Tile:6-Tile:5,Tile:13,Tile:6,Tile:5,Tile:14,Tile:4,Tile:2-Tile:7,Map,Map,Tile:9,Tile:0,Map,Tile:8-Tile:nugget,Tile:hidden1,Tile:hidden2
Tile:6 6 5 1
Map 12 3 0
Drop 1 0 1
Tile:8 6 4 0
Tile:3 7 5 1
Tile:0 7 4 0
Tile:5_flip 7 6 1
Tile:6 8 4 0
Destroy 6 4 1
Tile:9 6 4 0
Tile:7 8 3 1
Malus 0 0 0
Drop 4 0 1
Tile:9_flip 9 4 0
Drop 0 0 1
Tile:9 9 3 0
Drop 1 0 1
Tile:7 10 3 0
Drop 3 0 1
Tile:7_flip 10 4 0
Drop 2 0 1
Tile:7 11 4 0
Drop 3 0 1
Malus 0 0 0
Drop 2 0 1
Tile:7_flip 11 5 0
Drop 3 0 1
Tile:6 13 5 0
Drop 5 0 1
Tile:10 13 4 0
Drop 0 0 1
Tile:0 7 3 0
Drop 6 0 1
Tile:8 13 3 0
GAMEOVER WINNER 0
# Game ended: Sat Apr 11 20:56:22 EDT 2020
