# Server version 0.08 running on 192.168.2.221:8123
# Game ID: 787
# Board class: Saboteur.SaboteurBoard
# Timeout: 2000
# First Move Timeout: 30000
# Date: Sat Apr 11 21:10:53 EDT 2020
# Player 1: Player-0, '260729564', running on 127.0.0.1
# Player 2: Player-1, 'RandomPlayer', running on 127.0.0.1
START Player-0 260729564
START Player-1 RandomPlayer
BoardInit:Tile:11,Destroy,Tile:7,Malus,Bonus,Tile:13,Tile:6,Tile:7,Tile:6,Destroy,Tile:6,Tile:8,Tile:9,Map,Tile:8,Malus,Tile:5,Tile:9,Tile:9,Destroy,Tile:0,Tile:7,Tile:8,Tile:7,Map,Tile:12,Tile:5,Bonus,Map,Tile:9,Bonus,Tile:8,Tile:8,Tile:6,Bonus,Tile:1,Tile:0,Tile:4,Tile:3,Tile:6,Tile:0-Tile:5,Tile:2,Tile:15,Map,Tile:10,Map,Tile:10-Map,Tile:14,Tile:10,Tile:0,Tile:7,Tile:9,Tile:5-Tile:hidden1,Tile:nugget,Tile:hidden2
Tile:5 4 5 1
Map 12 3 0
Tile:10 5 4 1
Tile:0 6 5 0
Tile:7 7 5 1
Malus 0 0 0
Map 12 7 1
Tile:5 5 3 0
Map 12 7 1
Tile:10 7 6 0
Bonus 0 0 1
Tile:9 7 7 0
Tile:6 4 6 1
Tile:8 8 7 0
Tile:2 6 3 1
Map 12 5 0
Tile:11_flip 7 8 1
Malus 0 0 0
Drop 3 0 1
Tile:9 8 6 0
Drop 2 0 1
Tile:7 9 6 0
Drop 0 0 1
Tile:7_flip 8 8 0
Drop 2 0 1
Tile:7_flip 6 4 0
Drop 3 0 1
Tile:7 9 8 0
Drop 4 0 1
Drop 0 0 0
Map 12 7 1
Tile:9 8 5 0
Bonus 0 0 1
Tile:8 8 4 0
Tile:5 8 3 1
Tile:6 9 4 0
Tile:5 6 8 1
Drop 1 0 0
Tile:8 6 9 1
Drop 3 0 0
Tile:9_flip 10 4 1
Tile:6 10 5 0
Drop 5 0 1
Drop 4 0 0
Tile:0 11 5 1
GAMEOVER WINNER 1
# Game ended: Sat Apr 11 21:10:53 EDT 2020
