# Server version 0.08 running on 192.168.2.221:8123
# Game ID: 1199
# Board class: Saboteur.SaboteurBoard
# Timeout: 2000
# First Move Timeout: 30000
# Date: Sat Apr 11 21:38:09 EDT 2020
# Player 1: Player-0, '260729564', running on 127.0.0.1
# Player 2: Player-1, 'RandomPlayer', running on 127.0.0.1
START Player-0 260729564
START Player-1 RandomPlayer
BoardInit:Malus,Tile:0,Map,Tile:8,Tile:6,Tile:13,Tile:9,Tile:9,Tile:9,Tile:12,Bonus,Tile:5,Tile:7,Tile:8,Tile:5,Tile:6,Tile:11,Map,Tile:6,Tile:15,Tile:4,Tile:5,Malus,Destroy,Tile:0,Map,Tile:10,Bonus,Tile:9,Tile:2,Bonus,Bonus,Tile:14,Tile:10,Tile:5,Tile:0,Map,Tile:7,Tile:7,Tile:1,Tile:9-Tile:3,Tile:8,Tile:10,Destroy,Tile:0,Tile:8,Tile:6-Tile:6,Destroy,Tile:7,Map,Tile:7,Tile:8,Map-Tile:nugget,Tile:hidden1,Tile:hidden2
Tile:3 6 5 1
Map 12 3 0
Tile:0 4 5 1
Tile:8 5 4 0
Tile:6 6 4 1
Tile:8 7 4 0
Tile:10 7 5 1
Tile:6 8 4 0
Tile:9 6 6 1
Tile:9_flip 9 4 0
Tile:8 7 3 1
Tile:7_flip 9 5 0
Tile:8 8 3 1
Tile:0 10 5 0
Tile:9 6 3 1
Tile:8 11 5 0
Tile:6 3 5 1
Tile:6 13 5 0
Tile:5 12 4 1
Tile:5 8 2 0
Tile:11_flip 7 2 1
Tile:7_flip 12 6 0
Tile:6 7 6 1
Tile:5_flip 9 2 0
Destroy 5 4 1
Destroy 12 4 0
Tile:4_flip 11 6 1
Destroy 12 6 0
Malus 0 0 1
Bonus 0 0 0
Tile:10 5 6 1
Drop 0 0 0
Tile:9_flip 13 4 1
Drop 0 0 0
Tile:7 9 1 1
Tile:10 5 7 0
Tile:5 6 2 1
Drop 0 0 0
Malus 0 0 1
Bonus 0 0 0
Drop 6 0 1
Tile:7_flip 12 6 0
Tile:14_flip 3 4 1
Drop 0 0 0
Tile:0 4 4 1
Tile:0 13 6 0
Tile:9 2 5 1
Drop 0 0 0
Map 12 3 1
Drop 0 0 0
Drop 0 0 1
Drop 0 0 0
Drop 0 0 1
Drop 0 0 0
Drop 0 0 1
GAMEOVER DRAW
# Game ended: Sat Apr 11 21:38:20 EDT 2020
