# Server version 0.08 running on 192.168.2.221:8123
# Game ID: 972
# Board class: Saboteur.SaboteurBoard
# Timeout: 2000
# First Move Timeout: 30000
# Date: Sat Apr 11 21:22:42 EDT 2020
# Player 1: Player-0, 'RandomPlayer', running on 127.0.0.1
# Player 2: Player-1, '260729564', running on 127.0.0.1
START Player-0 RandomPlayer
START Player-1 260729564
BoardInit:Tile:0,Tile:6,Tile:6,Tile:7,Tile:7,Tile:9,Tile:8,Destroy,Tile:5,Tile:12,Tile:2,Tile:8,Tile:9,Tile:9,Tile:0,Destroy,Map,Bonus,Destroy,Malus,Tile:0,Tile:1,Map,Tile:10,Tile:8,Tile:9,Tile:7,Tile:6,Tile:11,Bonus,Tile:10,Tile:7,Map,Tile:13,Tile:7,Tile:8,Tile:9,Tile:0,Tile:10,Tile:4,Tile:6-Tile:5,Tile:14,Map,Tile:3,Map,Tile:8,Tile:6-Tile:5,Map,Bonus,Tile:5,Malus,Tile:15,Bonus-Tile:hidden1,Tile:hidden2,Tile:nugget
Map 12 3 1
Tile:5_flip 6 5 0
Map 12 5 1
Tile:5 4 5 0
Tile:8 5 6 1
Tile:6_flip 6 6 0
Tile:6 7 6 1
Tile:9_flip 8 6 0
Tile:8 8 7 1
Map 12 5 0
Tile:0 9 7 1
Destroy 8 7 0
Tile:6 8 7 1
Tile:12_flip 7 7 0
Tile:9_flip 10 7 1
Tile:15 8 5 0
Tile:5 10 6 1
Tile:9_flip 6 4 0
Tile:0 11 6 1
Tile:8 4 6 0
Tile:7 12 6 1
GAMEOVER WINNER 1
# Game ended: Sat Apr 11 21:22:43 EDT 2020
