# Server version 0.08 running on 192.168.2.221:8123
# Game ID: 1223
# Board class: Saboteur.SaboteurBoard
# Timeout: 2000
# First Move Timeout: 30000
# Date: Sat Apr 11 21:39:46 EDT 2020
# Player 1: Player-0, '260729564', running on 127.0.0.1
# Player 2: Player-1, 'RandomPlayer', running on 127.0.0.1
START Player-0 260729564
START Player-1 RandomPlayer
BoardInit:Tile:0,Tile:0,Tile:8,Tile:7,Malus,Tile:12,Tile:5,Map,Tile:6,Tile:14,Tile:6,Tile:4,Map,Destroy,Tile:6,Tile:8,Tile:5,Tile:7,Map,Tile:6,Tile:7,Tile:8,Tile:7,Tile:9,Tile:0,Malus,Bonus,Tile:8,Bonus,Tile:11,Destroy,Tile:9,Tile:1,Destroy,Bonus,Tile:6,Tile:5,Tile:9,Tile:5,Map,Tile:2-Tile:0,Tile:13,Tile:15,Map,Tile:7,Tile:9,Tile:10-Map,Tile:8,Tile:10,Tile:9,Bonus,Tile:10,Tile:3-Tile:hidden1,Tile:nugget,Tile:hidden2
Map 12 7 1
Map 12 3 0
Tile:0 4 5 1
Tile:8 6 5 0
Tile:9 6 6 1
Tile:0 7 6 0
Malus 0 0 1
Bonus 0 0 0
Tile:7 6 4 1
Map 12 5 0
Tile:5_flip 7 5 1
Tile:9_flip 8 6 0
Tile:6 8 7 1
Tile:7 9 7 0
Tile:15 5 6 1
Tile:10 9 8 0
Tile:10 9 9 1
Tile:8 5 4 0
Tile:5 3 5 1
Tile:10 8 5 0
Tile:6_flip 7 7 1
Tile:6_flip 8 4 0
Map 12 3 1
Tile:8 9 4 0
Tile:7_flip 4 4 1
Tile:9_flip 10 4 0
Tile:13 3 6 1
Malus 0 0 0
Drop 6 0 1
Tile:8 10 5 0
Drop 3 0 1
Tile:7 11 5 0
Destroy 10 4 1
Tile:9_flip 10 4 0
Drop 0 0 1
Destroy 11 5 0
Drop 3 0 1
Tile:6 11 5 0
GAMEOVER WINNER 0
# Game ended: Sat Apr 11 21:39:47 EDT 2020
