# Server version 0.08 running on 192.168.2.221:8123
# Game ID: 1030
# Board class: Saboteur.SaboteurBoard
# Timeout: 2000
# First Move Timeout: 30000
# Date: Sat Apr 11 21:29:08 EDT 2020
# Player 1: Player-0, 'RandomPlayer', running on 127.0.0.1
# Player 2: Player-1, '260729564', running on 127.0.0.1
START Player-0 RandomPlayer
START Player-1 260729564
BoardInit:Tile:6,Map,Tile:5,Map,Tile:0,Tile:8,Tile:1,Destroy,Map,Tile:0,Tile:6,Tile:6,Bonus,Tile:9,Tile:9,Tile:5,Bonus,Malus,Destroy,Tile:4,Tile:9,Bonus,Tile:7,Tile:13,Tile:0,Tile:3,Tile:11,Tile:10,Tile:6,Tile:8,Tile:5,Bonus,Tile:7,Tile:7,Tile:15,Tile:7,Tile:5,Map,Tile:14,Tile:10,Tile:0-Destroy,Tile:10,Tile:9,Tile:8,Tile:7,Tile:6,Tile:8-Tile:9,Tile:8,Map,Tile:12,Tile:2,Map,Malus-Tile:hidden2,Tile:nugget,Tile:hidden1
Tile:8 6 5 1
Tile:12_flip 4 5 0
Tile:8 7 5 1
Tile:9 5 4 0
Tile:6 8 5 1
Tile:2_flip 7 6 0
Tile:6 9 5 1
Map 12 5 0
Tile:0 10 5 1
Tile:8 5 3 0
Map 12 3 1
Destroy 5 3 0
Tile:6 11 5 1
GAMEOVER WINNER 1
# Game ended: Sat Apr 11 21:29:09 EDT 2020
