# Server version 0.08 running on 192.168.2.221:8123
# Game ID: 1093
# Board class: Saboteur.SaboteurBoard
# Timeout: 2000
# First Move Timeout: 30000
# Date: Sat Apr 11 21:33:02 EDT 2020
# Player 1: Player-0, '260729564', running on 127.0.0.1
# Player 2: Player-1, 'RandomPlayer', running on 127.0.0.1
START Player-0 260729564
START Player-1 RandomPlayer
BoardInit:Tile:7,Tile:13,Destroy,Tile:7,Tile:14,Tile:10,Map,Tile:5,Tile:12,Tile:5,Tile:5,Map,Malus,Tile:10,Tile:9,Tile:0,Tile:0,Tile:9,Tile:8,Bonus,Tile:1,Bonus,Destroy,Tile:9,Tile:5,Tile:7,Tile:3,Tile:9,Tile:7,Tile:2,Tile:6,Tile:8,Tile:10,Tile:8,Tile:8,Tile:11,Destroy,Map,Tile:0,Map,Bonus-Tile:7,Tile:15,Tile:9,Map,Tile:6,Tile:4,Tile:6-Tile:8,Tile:6,Tile:6,Map,Malus,Bonus,Tile:0-Tile:nugget,Tile:hidden1,Tile:hidden2
Tile:6 6 5 1
Map 12 3 0
Tile:7 5 4 1
Malus 0 0 0
Drop 6 0 1
Tile:8 7 5 0
Map 12 5 1
Tile:10 7 4 0
Map 12 5 1
Tile:6 8 5 0
Drop 4 0 1
Tile:6 9 5 0
Drop 0 0 1
Tile:0 10 5 0
Drop 5 0 1
Tile:7 11 5 0
Drop 1 0 1
Tile:10 9 4 0
Drop 3 0 1
Tile:9_flip 9 3 0
Drop 2 0 1
Tile:0 8 3 0
Drop 3 0 1
Tile:5 9 2 0
Drop 4 0 1
Tile:9_flip 10 2 0
Destroy 9 2 1
Tile:7_flip 11 6 0
Drop 6 0 1
Tile:9 9 2 0
Drop 1 0 1
Tile:5_flip 12 6 0
Drop 4 0 1
Tile:8 12 4 0
GAMEOVER WINNER 0
# Game ended: Sat Apr 11 21:33:02 EDT 2020
